2000
0	1.000000e-01	2.693773e-01	2.659990e+00
1	1.004002e-01	2.262027e-01	1.927211e+00
2	1.008004e-01	4.008547e-01	2.242794e+00
3	1.012006e-01	8.482296e-01	1.306790e+00
4	1.016008e-01	8.915995e-01	2.219345e+00
5	1.020010e-01	3.651038e-01	2.259404e+00
6	1.024012e-01	4.305495e-01	2.766488e+00
7	1.028014e-01	7.214408e-01	2.782120e+00
8	1.032016e-01	3.412699e-01	1.925256e+00
9	1.036018e-01	2.693773e-01	1.231558e+00
10	1.040020e-01	2.010012e-01	1.283341e+00
11	1.044022e-01	7.067888e-01	1.494382e+00
12	1.048024e-01	3.555311e-01	2.602345e+00
13	1.052026e-01	4.725519e-01	1.902785e+00
14	1.056028e-01	2.955556e-01	2.148021e+00
15	1.060030e-01	3.500611e-01	2.825110e+00
16	1.064032e-01	2.613675e-01	2.881778e+00
17	1.068034e-01	2.504274e-01	1.311676e+00
18	1.072036e-01	3.248596e-01	1.492428e+00
19	1.076038e-01	2.236630e-01	2.081583e+00
20	1.080040e-01	4.424664e-01	2.944309e+00
21	1.084042e-01	5.680830e-01	2.364924e+00
22	1.088044e-01	8.419780e-01	2.446996e+00
23	1.092046e-01	3.291575e-01	1.915486e+00
24	1.096048e-01	1.742369e-01	2.993161e+00
25	1.100050e-01	7.294506e-01	1.876404e+00
26	1.104052e-01	5.551893e-01	1.180752e+00
27	1.108054e-01	7.743834e-01	2.553493e+00
28	1.112056e-01	4.565324e-01	2.234001e+00
29	1.116058e-01	1.910379e-01	1.761114e+00
30	1.120060e-01	5.762882e-01	2.705911e+00
31	1.124062e-01	2.170208e-01	2.189057e+00
32	1.128064e-01	8.175580e-01	2.337567e+00
33	1.132066e-01	4.000733e-01	1.711285e+00
34	1.136068e-01	4.661050e-01	1.118222e+00
35	1.140070e-01	4.584860e-01	2.542745e+00
36	1.144072e-01	1.123077e-01	1.131900e+00
37	1.148074e-01	6.813920e-01	2.771373e+00
38	1.152076e-01	4.157021e-01	1.051783e+00
39	1.156078e-01	2.371429e-01	2.950171e+00
40	1.160080e-01	5.088889e-01	2.833903e+00
41	1.164082e-01	6.651771e-01	1.319492e+00
42	1.168084e-01	5.028327e-01	1.196385e+00
43	1.172086e-01	8.746032e-01	2.796776e+00
44	1.176088e-01	7.861050e-01	1.327308e+00
45	1.180090e-01	6.114530e-01	2.812408e+00
46	1.184092e-01	5.065446e-01	2.143136e+00
47	1.188094e-01	3.000489e-01	2.619932e+00
48	1.192096e-01	1.959219e-01	1.500244e+00
49	1.196098e-01	5.661294e-01	1.309722e+00
50	1.200100e-01	2.236630e-01	1.122130e+00
51	1.204102e-01	4.704029e-01	1.680020e+00
52	1.208104e-01	1.507937e-01	1.758183e+00
53	1.212106e-01	1.900611e-01	2.832926e+00
54	1.216108e-01	2.619536e-01	2.136297e+00
55	1.220110e-01	8.564347e-01	1.853933e+00
56	1.224112e-01	2.937973e-01	1.607719e+00
57	1.228114e-01	7.347253e-01	1.982902e+00
58	1.232116e-01	2.607814e-01	2.045432e+00
59	1.236118e-01	6.559951e-01	1.234489e+00
60	1.240120e-01	7.745788e-01	2.336590e+00
61	1.244122e-01	5.092796e-01	2.405960e+00
62	1.248124e-01	1.957265e-01	2.046409e+00
63	1.252126e-01	7.050305e-01	1.959453e+00
64	1.256128e-01	4.092552e-01	2.356131e+00
65	1.260130e-01	7.538706e-01	1.164143e+00
66	1.264132e-01	3.955800e-01	2.121641e+00
67	1.268134e-01	6.688889e-01	2.733268e+00
68	1.272136e-01	4.758730e-01	2.294577e+00
69	1.276138e-01	8.130647e-01	1.689790e+00
70	1.280140e-01	1.859585e-01	2.347338e+00
71	1.284142e-01	4.086691e-01	2.400098e+00
72	1.288144e-01	4.909158e-01	1.717147e+00
73	1.292146e-01	1.763858e-01	1.758183e+00
74	1.296148e-01	8.525275e-01	2.161700e+00
75	1.300150e-01	6.985837e-01	2.135320e+00
76	1.304152e-01	1.996337e-01	2.038593e+00
77	1.308154e-01	2.080342e-01	1.977040e+00
78	1.312156e-01	1.168010e-01	2.565217e+00
79	1.316158e-01	4.872039e-01	2.630679e+00
80	1.320160e-01	2.840293e-01	2.205667e+00
81	1.324162e-01	8.589744e-01	1.398632e+00
82	1.328164e-01	5.653480e-01	1.638007e+00
83	1.332166e-01	1.261783e-01	1.205178e+00
84	1.336168e-01	4.864225e-01	2.696141e+00
85	1.340170e-01	6.790476e-01	1.362482e+00
86	1.344172e-01	7.085470e-01	1.438691e+00
87	1.348174e-01	8.525275e-01	1.996580e+00
88	1.352176e-01	3.311111e-01	1.143625e+00
89	1.356178e-01	8.511600e-01	1.917440e+00
90	1.360180e-01	7.612943e-01	1.747435e+00
91	1.364182e-01	1.103541e-01	2.804592e+00
92	1.368184e-01	8.574115e-01	1.592086e+00
93	1.372186e-01	2.560928e-01	2.871031e+00
94	1.376188e-01	1.314530e-01	1.717147e+00
95	1.380190e-01	4.002686e-01	2.077675e+00
96	1.384192e-01	8.845665e-01	2.295554e+00
97	1.388194e-01	7.952869e-01	1.248168e+00
98	1.392196e-01	8.869109e-01	2.607230e+00
99	1.396198e-01	5.907448e-01	2.866146e+00
100	1.400200e-01	7.607082e-01	2.349292e+00
101	1.404202e-01	1.455189e-01	1.344895e+00
102	1.408204e-01	4.575092e-01	2.990230e+00
103	1.412206e-01	7.685226e-01	1.942843e+00
104	1.416208e-01	1.267643e-01	2.097215e+00
105	1.420210e-01	8.720635e-01	2.440156e+00
106	1.424212e-01	4.688401e-01	2.913043e+00
107	1.428214e-01	7.487912e-01	2.630679e+00
108	1.432216e-01	2.008059e-01	1.023449e+00
109	1.436218e-01	4.002686e-01	1.661456e+00
110	1.440220e-01	6.481807e-01	2.002443e+00
111	1.444222e-01	4.479365e-01	1.662433e+00
112	1.448224e-01	1.593895e-01	2.215437e+00
113	1.452226e-01	2.820757e-01	1.230581e+00
114	1.456228e-01	2.644933e-01	2.364924e+00
115	1.460230e-01	5.194384e-01	1.125061e+00
116	1.464232e-01	2.426129e-01	1.324377e+00
117	1.468234e-01	5.940660e-01	1.500244e+00
118	1.472236e-01	5.630037e-01	2.812408e+00
119	1.476238e-01	3.885470e-01	1.448461e+00
120	1.480240e-01	2.816850e-01	2.302394e+00
121	1.484242e-01	4.776313e-01	1.753298e+00
122	1.488244e-01	3.428327e-01	2.131412e+00
123	1.492246e-01	1.765812e-01	2.719590e+00
124	1.496248e-01	3.309158e-01	2.884709e+00
125	1.500250e-01	5.760928e-01	2.896434e+00
126	1.504252e-01	2.771917e-01	1.119199e+00
127	1.508254e-01	6.116484e-01	2.184172e+00
128	1.512256e-01	3.670574e-01	2.469468e+00
129	1.516258e-01	3.828816e-01	1.157303e+00
130	1.520260e-01	6.667399e-01	2.511480e+00
131	1.524262e-01	5.565568e-01	2.546654e+00
132	1.528264e-01	4.672772e-01	1.752320e+00
133	1.532266e-01	5.092796e-01	1.150464e+00
134	1.536268e-01	6.130159e-01	2.489008e+00
135	1.540270e-01	6.198535e-01	2.473376e+00
136	1.544272e-01	2.580464e-01	1.486566e+00
137	1.548274e-01	5.452259e-01	1.004885e+00
138	1.552276e-01	4.235165e-01	1.609673e+00
139	1.556278e-01	8.449084e-01	1.771861e+00
140	1.560280e-01	1.986569e-01	1.103566e+00
141	1.564282e-01	6.335287e-01	2.380557e+00
142	1.568284e-01	5.448352e-01	2.226185e+00
143	1.572286e-01	6.128205e-01	2.559355e+00
144	1.576288e-01	2.389011e-01	2.978505e+00
145	1.580290e-01	4.432479e-01	2.528090e+00
146	1.584292e-01	7.980220e-01	2.999023e+00
147	1.588294e-01	7.147985e-01	2.325843e+00
148	1.592296e-01	2.500366e-01	2.119687e+00
149	1.596298e-01	3.951893e-01	2.315095e+00
150	1.600300e-01	2.215140e-01	1.074255e+00
151	1.604302e-01	6.577534e-01	2.398144e+00
152	1.608304e-01	2.121368e-01	2.014167e+00
153	1.612306e-01	7.806349e-01	1.177821e+00
154	1.616308e-01	8.247863e-01	2.126527e+00
155	1.620310e-01	2.898901e-01	1.117245e+00
156	1.624312e-01	3.461539e-01	2.617978e+00
157	1.628314e-01	3.994872e-01	2.454812e+00
158	1.632316e-01	2.685959e-01	1.060576e+00
159	1.636318e-01	7.026862e-01	2.537860e+00
160	1.640320e-01	1.076190e-01	1.728872e+00
161	1.644322e-01	3.129426e-01	2.528090e+00
162	1.648324e-01	2.453480e-01	1.137763e+00
163	1.652326e-01	2.705495e-01	2.477284e+00
164	1.656328e-01	3.514286e-01	1.328285e+00
165	1.660330e-01	2.584371e-01	2.865169e+00
166	1.664332e-01	5.805861e-01	2.580850e+00
167	1.668334e-01	7.525031e-01	1.963361e+00
168	1.672336e-01	2.187790e-01	1.665364e+00
169	1.676338e-01	3.281807e-01	1.217880e+00
170	1.680340e-01	4.582906e-01	1.090865e+00
171	1.684342e-01	1.670085e-01	2.021983e+00
172	1.688344e-01	4.416850e-01	2.832926e+00
173	1.692346e-01	5.952381e-01	1.551050e+00
174	1.696348e-01	4.786081e-01	2.489008e+00
175	1.700350e-01	1.175824e-01	2.931607e+00
176	1.704352e-01	5.434677e-01	2.152907e+00
177	1.708354e-01	3.918681e-01	1.943820e+00
178	1.712356e-01	3.580708e-01	1.311676e+00
179	1.716358e-01	1.842002e-01	1.547142e+00
180	1.720360e-01	2.281563e-01	2.213483e+00
181	1.724362e-01	1.822466e-01	2.043478e+00
182	1.728364e-01	2.586325e-01	2.673669e+00
183	1.732366e-01	5.014652e-01	2.387396e+00
184	1.736368e-01	5.676923e-01	2.148021e+00
185	1.740370e-01	4.209768e-01	1.129946e+00
186	1.744372e-01	3.477167e-01	2.940401e+00
187	1.748374e-01	7.304274e-01	1.946751e+00
188	1.752376e-01	8.544811e-01	2.628725e+00
189	1.756378e-01	3.994872e-01	2.664875e+00
190	1.760380e-01	7.233944e-01	2.585735e+00
191	1.764382e-01	8.193162e-01	2.334636e+00
192	1.768384e-01	6.475946e-01	2.055203e+00
193	1.772386e-01	1.554823e-01	1.027357e+00
194	1.776388e-01	7.734066e-01	1.698583e+00
195	1.780390e-01	6.149695e-01	1.006839e+00
196	1.784392e-01	4.823199e-01	1.985833e+00
197	1.788394e-01	7.103053e-01	1.704446e+00
198	1.792396e-01	6.319658e-01	2.058134e+00
199	1.796398e-01	1.183639e-01	1.997557e+00
200	1.800400e-01	1.410256e-01	2.697118e+00
201	1.804402e-01	3.254457e-01	2.445042e+00
202	1.808404e-01	8.275214e-01	1.279433e+00
203	1.812406e-01	1.781441e-01	2.408891e+00
204	1.816408e-01	4.815385e-01	2.889595e+00
205	1.820410e-01	3.147009e-01	2.023937e+00
206	1.824412e-01	7.948962e-01	1.669272e+00
207	1.828414e-01	5.715995e-01	1.212018e+00
208	1.832416e-01	4.448107e-01	1.636053e+00
209	1.836418e-01	5.479609e-01	2.090376e+00
210	1.840420e-01	7.669597e-01	1.814851e+00
211	1.844422e-01	3.195849e-01	2.246702e+00
212	1.848424e-01	8.601465e-01	1.148510e+00
213	1.852426e-01	8.902320e-01	1.459209e+00
214	1.856428e-01	3.412699e-01	1.042013e+00
215	1.860430e-01	7.915751e-01	2.411822e+00
216	1.864432e-01	4.479365e-01	1.584270e+00
217	1.868434e-01	6.712332e-01	2.376649e+00
218	1.872436e-01	2.726984e-01	2.247680e+00
219	1.876438e-01	2.568742e-01	1.770884e+00
220	1.880440e-01	3.272039e-01	2.858329e+00
221	1.884442e-01	8.591697e-01	1.609673e+00
222	1.888444e-01	6.053968e-01	1.152418e+00
223	1.892446e-01	6.643956e-01	1.250122e+00
224	1.896448e-01	2.576557e-01	2.062042e+00
225	1.900450e-01	3.682296e-01	1.123107e+00
226	1.904452e-01	4.752869e-01	1.438691e+00
227	1.908454e-01	3.738950e-01	2.676600e+00
228	1.912456e-01	6.175092e-01	2.319980e+00
229	1.916458e-01	1.271551e-01	2.793845e+00
230	1.920460e-01	3.725275e-01	2.593552e+00
231	1.924462e-01	3.408791e-01	2.102101e+00
232	1.928464e-01	1.353602e-01	1.060576e+00
233	1.932466e-01	1.955311e-01	2.041524e+00
234	1.936468e-01	7.616850e-01	2.262335e+00
235	1.940470e-01	8.624908e-01	1.443576e+00
236	1.944472e-01	7.241758e-01	2.607230e+00
237	1.948474e-01	3.105983e-01	2.647289e+00
238	1.952476e-01	4.520391e-01	2.875916e+00
239	1.956478e-01	4.795849e-01	1.548119e+00
240	1.960480e-01	2.873504e-01	2.238886e+00
241	1.964482e-01	6.343102e-01	1.812897e+00
242	1.968484e-01	4.354335e-01	1.040059e+00
243	1.972486e-01	1.976801e-01	1.263801e+00
244	1.976488e-01	3.721368e-01	1.624328e+00
245	1.980490e-01	1.113309e-01	1.723009e+00
246	1.984492e-01	1.433700e-01	2.261358e+00
247	1.988494e-01	4.649328e-01	1.394724e+00
248	1.992496e-01	3.643224e-01	1.301905e+00
249	1.996498e-01	3.871795e-01	1.629213e+00
250	2.000500e-01	8.128694e-01	2.247680e+00
251	2.004502e-01	3.145055e-01	1.683928e+00
252	2.008504e-01	2.709402e-01	1.126038e+00
253	2.012506e-01	1.662271e-01	1.614558e+00
254	2.016508e-01	5.002931e-01	1.228627e+00
255	2.020510e-01	3.324786e-01	1.937958e+00
256	2.024512e-01	3.934310e-01	2.834880e+00
257	2.028514e-01	4.500855e-01	2.144113e+00
258	2.032516e-01	8.749939e-01	1.238398e+00
259	2.036518e-01	7.816117e-01	2.234978e+00
260	2.040520e-01	6.727961e-01	2.464582e+00
261	2.044522e-01	8.915995e-01	2.080606e+00
262	2.048524e-01	2.449573e-01	2.782120e+00
263	2.052526e-01	7.950916e-01	1.046898e+00
264	2.056528e-01	1.166056e-01	1.910601e+00
265	2.060530e-01	6.352870e-01	2.648266e+00
266	2.064532e-01	5.317461e-01	2.749878e+00
267	2.068534e-01	5.663248e-01	2.013190e+00
268	2.072536e-01	4.750916e-01	1.662433e+00
269	2.076538e-01	4.254701e-01	2.876893e+00
270	2.080540e-01	2.781685e-01	1.789448e+00
271	2.084542e-01	6.628327e-01	1.357596e+00
272	2.088544e-01	6.247375e-01	1.563752e+00
273	2.092546e-01	4.002686e-01	1.498290e+00
274	2.096548e-01	6.604884e-01	1.908647e+00
275	2.100550e-01	8.466667e-01	2.665852e+00
276	2.104552e-01	1.744322e-01	2.691255e+00
277	2.108554e-01	2.492552e-01	2.098192e+00
278	2.112556e-01	3.944078e-01	1.220811e+00
279	2.116558e-01	7.290598e-01	2.556424e+00
280	2.120560e-01	3.264225e-01	2.821202e+00
281	2.124562e-01	3.406838e-01	2.290669e+00
282	2.128564e-01	4.139438e-01	2.534929e+00
283	2.132566e-01	5.606594e-01	2.445042e+00
284	2.136568e-01	5.395605e-01	2.930630e+00
285	2.140570e-01	7.642247e-01	2.088422e+00
286	2.144572e-01	6.438828e-01	1.133854e+00
287	2.148574e-01	3.893285e-01	2.343429e+00
288	2.152576e-01	6.395849e-01	1.947728e+00
289	2.156578e-01	8.683517e-01	2.500733e+00
290	2.160580e-01	8.714774e-01	2.574011e+00
291	2.164582e-01	7.331624e-01	1.228627e+00
292	2.168584e-01	7.528938e-01	2.912066e+00
293	2.172586e-01	3.652992e-01	1.736688e+00
294	2.176588e-01	1.265690e-01	1.470933e+00
295	2.180590e-01	5.585104e-01	2.265266e+00
296	2.184592e-01	5.585104e-01	2.495848e+00
297	2.188594e-01	2.109646e-01	2.862237e+00
298	2.192596e-01	7.060073e-01	1.857841e+00
299	2.196598e-01	7.614896e-01	2.227162e+00
300	2.200600e-01	6.575580e-01	1.627259e+00
301	2.204602e-01	1.631013e-01	2.506595e+00
302	2.208604e-01	2.523810e-01	2.762579e+00
303	2.212606e-01	6.698657e-01	2.459697e+00
304	2.216608e-01	2.418315e-01	1.689790e+00
305	2.220610e-01	2.918437e-01	1.565706e+00
306	2.224612e-01	5.528450e-01	1.125061e+00
307	2.228614e-01	2.590232e-01	2.528090e+00
308	2.232616e-01	1.072283e-01	1.121153e+00
309	2.236618e-01	5.528450e-01	1.169028e+00
310	2.240620e-01	6.186813e-01	1.555936e+00
311	2.244622e-01	3.867888e-01	1.885198e+00
312	2.248624e-01	1.101587e-01	2.989253e+00
313	2.252626e-01	2.492552e-01	2.081583e+00
314	2.256628e-01	2.691819e-01	1.052760e+00
315	2.260630e-01	1.615385e-01	2.633610e+00
316	2.264632e-01	6.362638e-01	1.623351e+00
317	2.268634e-01	3.279854e-01	2.443087e+00
318	2.272636e-01	5.770696e-01	2.989253e+00
319	2.276638e-01	6.804152e-01	2.095261e+00
320	2.280640e-01	6.358730e-01	2.862237e+00
321	2.284642e-01	8.322100e-01	1.942843e+00
322	2.288644e-01	8.974603e-01	1.455300e+00
323	2.292646e-01	5.940660e-01	1.022472e+00
324	2.296648e-01	6.155556e-01	1.734734e+00
325	2.300650e-01	1.384860e-01	2.170493e+00
326	2.304652e-01	3.580708e-01	2.626771e+00
327	2.308654e-01	5.110379e-01	2.342452e+00
328	2.312656e-01	8.232234e-01	1.801172e+00
329	2.316658e-01	1.845910e-01	1.461163e+00
330	2.320660e-01	6.710379e-01	1.730826e+00
331	2.324662e-01	1.189499e-01	2.535906e+00
332	2.328664e-01	3.709646e-01	2.234978e+00
333	2.332666e-01	2.955556e-01	2.740107e+00
334	2.336668e-01	3.445910e-01	2.879824e+00
335	2.340670e-01	6.669353e-01	2.902296e+00
336	2.344672e-01	8.482296e-01	1.495359e+00
337	2.348674e-01	2.687912e-01	2.727406e+00
338	2.352676e-01	6.901832e-01	2.315095e+00
339	2.356678e-01	8.501832e-01	2.528090e+00
340	2.360680e-01	1.097680e-01	2.943332e+00
341	2.364682e-01	6.395849e-01	2.339521e+00
342	2.368684e-01	4.137485e-01	1.752320e+00
343	2.372686e-01	6.362638e-01	2.184172e+00
344	2.376688e-01	8.109158e-01	2.104055e+00
345	2.380690e-01	4.291819e-01	1.408403e+00
346	2.384692e-01	8.671795e-01	2.741085e+00
347	2.388694e-01	8.888645e-01	2.190034e+00
348	2.392696e-01	6.950672e-01	1.921348e+00
349	2.396698e-01	2.857875e-01	1.197362e+00
350	2.400700e-01	2.600000e-01	2.764533e+00
351	2.404702e-01	1.199267e-01	1.541280e+00
352	2.408704e-01	5.518682e-01	1.943820e+00
353	2.412706e-01	1.535287e-01	2.209575e+00
354	2.416708e-01	1.515751e-01	1.017587e+00
355	2.420710e-01	6.475946e-01	1.306790e+00
356	2.424712e-01	8.921856e-01	2.435271e+00
357	2.428714e-01	4.293773e-01	2.530044e+00
358	2.432716e-01	5.376069e-01	1.327308e+00
359	2.436718e-01	6.427106e-01	2.742062e+00
360	2.440720e-01	7.864957e-01	1.358574e+00
361	2.444722e-01	1.298901e-01	2.267220e+00
362	2.448724e-01	5.198291e-01	1.092819e+00
363	2.452726e-01	1.912332e-01	2.073766e+00
364	2.456728e-01	3.027839e-01	2.385442e+00
365	2.460730e-01	3.543590e-01	2.814362e+00
366	2.464732e-01	3.297436e-01	2.371764e+00
367	2.468734e-01	5.710135e-01	2.407914e+00
368	2.472736e-01	5.630037e-01	1.623351e+00
369	2.476738e-01	2.234676e-01	1.573522e+00
370	2.480740e-01	6.282540e-01	2.355154e+00
371	2.484742e-01	6.761172e-01	1.601856e+00
372	2.488744e-01	2.578510e-01	1.526624e+00
373	2.492746e-01	1.261783e-01	1.977040e+00
374	2.496748e-01	2.709402e-01	1.844162e+00
375	2.500750e-01	2.435897e-01	1.286273e+00
376	2.504752e-01	7.407815e-01	1.867611e+00
377	2.508754e-01	8.107204e-01	2.302394e+00
378	2.512756e-01	2.920391e-01	1.008793e+00
379	2.516758e-01	5.753114e-01	2.974597e+00
380	2.520760e-01	3.787790e-01	2.648266e+00
381	2.524762e-01	8.578022e-01	1.543234e+00
382	2.528764e-01	3.037607e-01	1.142648e+00
383	2.532766e-01	4.901343e-01	2.333659e+00
384	2.536768e-01	2.531624e-01	1.567660e+00
385	2.540770e-01	4.813431e-01	2.407914e+00
386	2.544772e-01	4.844689e-01	1.787494e+00
387	2.548774e-01	5.018559e-01	1.712262e+00
388	2.552776e-01	3.627595e-01	1.139717e+00
389	2.556778e-01	4.377778e-01	1.168051e+00
390	2.560780e-01	2.967277e-01	1.407426e+00
391	2.564782e-01	5.909402e-01	1.186615e+00
392	2.568784e-01	7.550427e-01	1.006839e+00
393	2.572786e-01	3.979243e-01	1.235467e+00
394	2.576788e-01	5.032235e-01	2.866146e+00
395	2.580790e-01	5.419048e-01	2.410845e+00
396	2.584792e-01	8.027106e-01	2.998046e+00
397	2.588794e-01	4.907204e-01	1.531510e+00
398	2.592796e-01	1.281319e-01	2.904250e+00
399	2.596798e-01	8.730403e-01	1.906693e+00
400	2.600800e-01	5.944567e-01	2.772350e+00
401	2.604802e-01	1.627106e-01	1.393747e+00
402	2.608804e-01	6.118437e-01	1.322423e+00
403	2.612806e-01	7.212454e-01	2.872985e+00
404	2.616808e-01	1.924054e-01	1.795310e+00
405	2.620810e-01	5.083028e-01	2.446996e+00
406	2.624812e-01	7.405861e-01	1.495359e+00
407	2.628814e-01	4.266423e-01	1.476795e+00
408	2.632816e-01	6.007082e-01	2.122618e+00
409	2.636818e-01	6.425153e-01	1.518808e+00
410	2.640820e-01	6.976068e-01	1.922325e+00
411	2.644822e-01	8.859341e-01	1.500244e+00
412	2.648824e-01	6.839316e-01	2.882755e+00
413	2.652826e-01	7.063981e-01	2.060088e+00
414	2.656828e-01	4.573138e-01	1.896922e+00
415	2.660830e-01	8.935531e-01	1.257938e+00
416	2.664832e-01	2.336264e-01	1.280410e+00
417	2.668834e-01	2.303053e-01	2.227162e+00
418	2.672836e-01	6.208303e-01	2.758671e+00
419	2.676838e-01	7.198779e-01	2.065950e+00
420	2.680840e-01	2.105739e-01	2.140205e+00
421	2.684842e-01	2.023687e-01	2.755740e+00
422	2.688844e-01	4.272283e-01	1.145579e+00
423	2.692846e-01	5.463981e-01	1.138740e+00
424	2.696848e-01	3.535775e-01	1.944797e+00
425	2.700850e-01	2.314774e-01	1.255984e+00
426	2.704852e-01	4.733333e-01	1.587201e+00
427	2.708854e-01	6.513065e-01	1.785540e+00
428	2.712856e-01	5.938706e-01	2.788959e+00
429	2.716858e-01	8.693285e-01	1.255007e+00
430	2.720860e-01	2.369475e-01	2.813385e+00
431	2.724862e-01	2.025641e-01	2.353200e+00
432	2.728864e-01	1.185592e-01	2.165608e+00
433	2.732866e-01	2.158486e-01	1.696629e+00
434	2.736868e-01	2.846154e-01	2.678554e+00
435	2.740870e-01	4.526252e-01	2.476307e+00
436	2.744872e-01	2.637118e-01	1.274548e+00
437	2.748874e-01	3.461539e-01	1.454323e+00
438	2.752876e-01	1.840049e-01	2.462628e+00
439	2.756878e-01	6.186813e-01	2.689301e+00
440	2.760880e-01	1.812698e-01	2.250611e+00
441	2.764882e-01	4.889621e-01	1.272594e+00
442	2.768884e-01	8.675702e-01	1.700537e+00
443	2.772886e-01	7.118681e-01	1.306790e+00
444	2.776888e-01	5.977778e-01	1.904739e+00
445	2.780890e-01	6.124298e-01	2.173425e+00
446	2.784892e-01	6.434921e-01	2.075721e+00
447	2.788894e-01	2.051038e-01	1.809966e+00
448	2.792896e-01	1.480586e-01	2.105032e+00
449	2.796898e-01	4.014408e-01	2.163654e+00
450	2.800900e-01	2.566789e-01	2.270151e+00
451	2.804902e-01	6.278633e-01	2.602345e+00
452	2.808904e-01	4.088645e-01	2.870054e+00
453	2.812907e-01	1.111355e-01	2.965804e+00
454	2.816908e-01	7.663736e-01	1.648754e+00
455	2.820910e-01	8.308425e-01	2.739130e+00
456	2.824912e-01	4.797802e-01	2.598437e+00
457	2.828914e-01	5.022467e-01	2.737176e+00
458	2.832916e-01	5.596826e-01	2.069858e+00
459	2.836918e-01	1.085958e-01	1.787494e+00
460	2.840920e-01	8.949206e-01	1.604787e+00
461	2.844922e-01	8.921856e-01	1.690767e+00
462	2.848925e-01	4.360195e-01	1.486566e+00
463	2.852926e-01	4.002686e-01	2.920860e+00
464	2.856928e-01	4.182418e-01	2.008305e+00
465	2.860930e-01	7.167521e-01	1.374206e+00
466	2.864932e-01	5.555800e-01	2.722521e+00
467	2.868935e-01	8.953114e-01	2.822179e+00
468	2.872936e-01	4.182418e-01	1.031265e+00
469	2.876938e-01	4.573138e-01	1.923302e+00
470	2.880940e-01	6.360684e-01	2.440156e+00
471	2.884942e-01	2.322589e-01	1.579384e+00
472	2.888945e-01	7.075702e-01	1.672203e+00
473	2.892946e-01	5.631990e-01	2.336590e+00
474	2.896948e-01	8.486203e-01	1.358574e+00
475	2.900950e-01	5.247131e-01	2.716659e+00
476	2.904953e-01	2.926252e-01	1.083048e+00
477	2.908955e-01	5.815629e-01	1.643869e+00
478	2.912956e-01	6.139927e-01	2.909135e+00
479	2.916958e-01	2.127228e-01	1.161212e+00
480	2.920960e-01	6.833456e-01	2.648266e+00
481	2.924963e-01	6.071551e-01	2.193942e+00
482	2.928964e-01	3.738950e-01	1.511969e+00
483	2.932966e-01	3.029793e-01	1.961407e+00
484	2.936968e-01	6.087180e-01	1.802149e+00
485	2.940971e-01	8.769475e-01	2.224231e+00
486	2.944973e-01	1.482540e-01	1.545188e+00
487	2.948974e-01	4.606349e-01	2.279922e+00
488	2.952976e-01	7.435165e-01	1.118222e+00
489	2.956978e-01	2.230769e-01	1.959453e+00
490	2.960981e-01	5.954335e-01	1.738642e+00
491	2.964983e-01	6.352870e-01	2.440156e+00
492	2.968984e-01	2.642979e-01	2.083537e+00
493	2.972986e-01	5.167033e-01	2.392281e+00
494	2.976988e-01	2.982906e-01	1.647777e+00
495	2.980991e-01	8.107204e-01	2.908158e+00
496	2.984993e-01	5.590965e-01	1.087934e+00
497	2.988994e-01	3.201710e-01	2.664875e+00
498	2.992996e-01	2.199512e-01	1.115291e+00
499	2.996999e-01	6.251282e-01	2.144113e+00
500	3.001000e-01	2.834432e-01	1.509038e+00
501	3.005002e-01	1.734554e-01	2.159746e+00
502	3.009005e-01	7.108913e-01	1.170005e+00
503	3.013006e-01	1.877167e-01	1.271617e+00
504	3.017009e-01	5.577290e-01	2.054226e+00
505	3.021010e-01	3.461539e-01	1.765022e+00
506	3.025012e-01	8.585836e-01	2.907181e+00
507	3.029015e-01	1.408303e-01	1.613581e+00
508	3.033016e-01	2.978999e-01	1.288227e+00
509	3.037019e-01	1.009768e-01	2.981436e+00
510	3.041020e-01	2.871551e-01	2.558378e+00
511	3.045022e-01	4.776313e-01	2.231070e+00
512	3.049025e-01	4.293773e-01	1.988764e+00
513	3.053026e-01	6.790476e-01	1.246214e+00
514	3.057029e-01	3.209524e-01	2.521251e+00
515	3.061031e-01	3.779976e-01	1.021495e+00
516	3.065032e-01	1.058608e-01	2.757694e+00
517	3.069035e-01	7.362882e-01	2.084514e+00
518	3.073036e-01	8.855433e-01	2.619932e+00
519	3.077039e-01	3.711600e-01	1.214949e+00
520	3.081041e-01	2.346032e-01	1.586224e+00
521	3.085042e-01	6.960440e-01	1.465071e+00
522	3.089045e-01	5.987546e-01	2.185149e+00
523	3.093046e-01	3.158730e-01	2.483146e+00
524	3.097049e-01	3.946032e-01	2.084514e+00
525	3.101051e-01	3.928449e-01	1.408403e+00
526	3.105052e-01	2.285470e-01	2.352223e+00
527	3.109055e-01	4.278144e-01	1.289204e+00
528	3.113056e-01	5.682784e-01	1.533464e+00
529	3.117059e-01	2.070574e-01	2.446019e+00
530	3.121061e-01	5.108425e-01	2.926722e+00
531	3.125062e-01	3.934310e-01	1.084025e+00
532	3.129065e-01	8.367033e-01	1.648754e+00
533	3.133066e-01	3.336508e-01	2.611138e+00
534	3.137069e-01	1.535287e-01	1.523693e+00
535	3.141071e-01	4.651282e-01	1.941866e+00
536	3.145072e-01	3.219292e-01	1.806058e+00
537	3.149075e-01	3.813187e-01	2.603322e+00
538	3.153077e-01	8.982418e-01	1.485589e+00
539	3.157079e-01	7.173382e-01	2.463605e+00
540	3.161081e-01	8.142369e-01	1.550073e+00
541	3.165082e-01	8.744078e-01	1.212995e+00
542	3.169085e-01	8.804640e-01	2.510503e+00
543	3.173087e-01	6.005128e-01	1.242306e+00
544	3.177088e-01	5.086936e-01	2.037616e+00
545	3.181091e-01	4.375824e-01	1.097704e+00
546	3.185092e-01	2.926252e-01	2.155838e+00
547	3.189095e-01	5.364347e-01	1.646800e+00
548	3.193097e-01	8.609280e-01	2.350269e+00
549	3.197098e-01	1.513797e-01	1.071324e+00
550	3.201101e-01	4.747009e-01	1.082071e+00
551	3.205102e-01	3.025885e-01	1.982902e+00
552	3.209105e-01	6.776801e-01	1.420127e+00
553	3.213107e-01	6.173138e-01	1.878359e+00
554	3.217108e-01	2.810989e-01	2.672692e+00
555	3.221111e-01	1.681807e-01	1.475818e+00
556	3.225112e-01	5.444445e-01	1.212018e+00
557	3.229115e-01	2.377289e-01	1.123107e+00
558	3.233117e-01	4.444200e-01	2.191011e+00
559	3.237118e-01	1.732601e-01	2.766488e+00
560	3.241121e-01	5.458120e-01	1.053737e+00
561	3.245123e-01	8.728449e-01	2.191988e+00
562	3.249125e-01	3.418559e-01	1.044944e+00
563	3.253127e-01	8.677656e-01	2.013190e+00
564	3.257128e-01	3.789744e-01	1.094773e+00
565	3.261131e-01	3.170452e-01	2.268197e+00
566	3.265133e-01	5.356533e-01	1.097704e+00
567	3.269135e-01	5.501099e-01	2.065950e+00
568	3.273137e-01	2.035409e-01	1.836346e+00
569	3.277138e-01	8.890598e-01	2.424524e+00
570	3.281141e-01	6.016850e-01	1.285296e+00
571	3.285143e-01	4.799756e-01	1.729849e+00
572	3.289145e-01	1.996337e-01	1.589155e+00
573	3.293147e-01	6.708425e-01	1.219834e+00
574	3.297148e-01	4.559463e-01	2.220322e+00
575	3.301151e-01	4.971673e-01	1.007816e+00
576	3.305153e-01	3.547497e-01	2.849536e+00
577	3.309155e-01	7.401954e-01	1.483635e+00
578	3.313157e-01	8.789011e-01	2.038593e+00
579	3.317158e-01	7.993895e-01	2.288715e+00
580	3.321161e-01	7.269109e-01	1.581339e+00
581	3.325163e-01	2.111600e-01	2.312164e+00
582	3.329165e-01	6.360684e-01	1.807035e+00
583	3.333167e-01	5.755067e-01	2.197851e+00
584	3.337169e-01	8.286935e-01	1.321446e+00
585	3.341171e-01	2.242491e-01	1.151441e+00
586	3.345173e-01	6.216117e-01	1.521739e+00
587	3.349174e-01	6.763126e-01	2.106009e+00
588	3.353177e-01	3.221246e-01	2.735222e+00
589	3.357179e-01	3.651038e-01	1.890083e+00
590	3.361181e-01	2.908669e-01	2.312164e+00
591	3.365183e-01	6.798291e-01	1.228627e+00
592	3.369184e-01	3.320879e-01	1.098681e+00
593	3.373187e-01	2.424176e-01	2.055203e+00
594	3.377189e-01	3.273993e-01	1.208109e+00
595	3.381191e-01	5.686691e-01	1.270640e+00
596	3.385193e-01	2.580464e-01	1.899853e+00
597	3.389194e-01	4.164835e-01	2.470445e+00
598	3.393197e-01	4.412943e-01	2.960918e+00
599	3.397199e-01	6.335287e-01	2.349292e+00
600	3.401201e-01	5.563614e-01	2.289692e+00
601	3.405203e-01	8.001709e-01	1.889106e+00
602	3.409205e-01	4.621978e-01	1.382022e+00
603	3.413207e-01	8.990232e-01	1.921348e+00
604	3.417209e-01	1.232479e-01	2.320957e+00
605	3.421211e-01	4.621978e-01	2.071812e+00
606	3.425213e-01	2.263981e-01	1.709331e+00
607	3.429215e-01	7.601221e-01	2.792868e+00
608	3.433217e-01	6.616606e-01	1.011724e+00
609	3.437219e-01	6.694750e-01	2.946263e+00
610	3.441221e-01	1.439560e-01	2.191011e+00
611	3.445223e-01	1.431746e-01	2.010259e+00
612	3.449225e-01	1.179731e-01	2.799707e+00
613	3.453227e-01	1.959219e-01	2.796776e+00
614	3.457229e-01	4.518437e-01	2.148021e+00
615	3.461231e-01	7.290598e-01	1.040059e+00
616	3.465233e-01	5.874237e-01	1.645823e+00
617	3.469235e-01	2.859829e-01	1.247191e+00
618	3.473237e-01	3.055189e-01	1.924279e+00
619	3.477239e-01	7.337485e-01	2.144113e+00
620	3.481241e-01	5.489377e-01	1.978994e+00
621	3.485243e-01	5.430769e-01	1.876404e+00
622	3.489245e-01	4.377778e-01	2.515388e+00
623	3.493247e-01	2.338217e-01	1.496336e+00
624	3.497249e-01	4.053480e-01	2.516365e+00
625	3.501251e-01	1.883028e-01	2.747924e+00
626	3.505253e-01	2.412454e-01	1.658525e+00
627	3.509255e-01	6.515018e-01	1.796287e+00
628	3.513257e-01	5.915263e-01	2.237909e+00
629	3.517259e-01	6.184860e-01	1.215926e+00
630	3.521261e-01	5.770696e-01	2.738153e+00
631	3.525263e-01	1.511844e-01	1.821690e+00
632	3.529265e-01	1.765812e-01	2.186126e+00
633	3.533267e-01	3.137241e-01	2.410845e+00
634	3.537269e-01	5.221734e-01	1.236444e+00
635	3.541271e-01	6.108669e-01	1.354665e+00
636	3.545273e-01	3.430281e-01	1.769907e+00
637	3.549275e-01	7.464469e-01	1.903762e+00
638	3.553277e-01	5.569475e-01	2.901319e+00
639	3.557279e-01	7.802442e-01	2.812408e+00
640	3.561281e-01	7.833700e-01	2.842697e+00
641	3.565283e-01	4.117949e-01	1.123107e+00
642	3.569285e-01	2.000244e-01	1.315584e+00
643	3.573287e-01	2.838339e-01	1.957499e+00
644	3.577289e-01	8.107204e-01	2.512457e+00
645	3.581291e-01	7.347253e-01	2.938447e+00
646	3.585293e-01	3.498657e-01	2.430386e+00
647	3.589295e-01	6.518926e-01	2.632633e+00
648	3.593297e-01	2.230769e-01	2.828041e+00
649	3.597299e-01	7.085470e-01	1.725940e+00
650	3.601301e-01	1.126984e-01	2.596483e+00
651	3.605303e-01	7.163614e-01	2.279922e+00
652	3.609305e-01	5.731624e-01	1.312653e+00
653	3.613307e-01	1.365324e-01	1.650708e+00
654	3.617309e-01	5.426862e-01	2.583781e+00
655	3.621311e-01	1.924054e-01	2.629702e+00
656	3.625313e-01	7.853236e-01	1.020518e+00
657	3.629315e-01	4.504762e-01	2.926722e+00
658	3.633317e-01	5.673016e-01	1.672203e+00
659	3.637319e-01	6.768987e-01	2.890572e+00
660	3.641321e-01	5.368254e-01	1.056668e+00
661	3.645323e-01	8.656166e-01	2.433317e+00
662	3.649325e-01	3.973382e-01	1.587201e+00
663	3.653327e-01	3.129426e-01	1.102589e+00
664	3.657329e-01	5.829304e-01	1.106497e+00
665	3.661331e-01	2.656654e-01	1.478749e+00
666	3.665333e-01	4.405128e-01	2.910112e+00
667	3.669335e-01	8.517460e-01	1.068393e+00
668	3.673337e-01	5.444445e-01	2.941378e+00
669	3.677339e-01	2.437851e-01	1.434783e+00
670	3.681341e-01	8.050550e-01	2.181241e+00
671	3.685343e-01	5.129915e-01	1.950660e+00
672	3.689345e-01	7.403907e-01	2.817294e+00
673	3.693347e-01	6.753358e-01	2.537860e+00
674	3.697349e-01	5.977778e-01	2.760625e+00
675	3.701351e-01	7.855189e-01	1.672203e+00
676	3.705353e-01	8.636630e-01	2.255496e+00
677	3.709355e-01	1.209035e-01	2.304348e+00
678	3.713357e-01	4.684493e-01	2.169516e+00
679	3.717359e-01	7.814164e-01	1.255984e+00
680	3.721361e-01	3.551404e-01	1.235467e+00
681	3.725363e-01	6.470086e-01	1.978994e+00
682	3.729365e-01	1.289133e-01	1.492428e+00
683	3.733367e-01	7.095238e-01	1.367367e+00
684	3.737369e-01	5.868376e-01	2.766488e+00
685	3.741371e-01	6.604884e-01	2.958964e+00
686	3.745373e-01	2.893040e-01	1.866634e+00
687	3.749375e-01	2.816850e-01	1.147533e+00
688	3.753377e-01	2.367521e-01	2.785051e+00
689	3.757379e-01	4.369963e-01	2.172447e+00
690	3.761381e-01	4.090598e-01	2.112848e+00
691	3.765383e-01	8.691331e-01	2.362970e+00
692	3.769385e-01	1.734554e-01	2.950171e+00
693	3.773387e-01	6.333333e-01	1.209086e+00
694	3.777389e-01	3.238828e-01	1.073278e+00
695	3.781391e-01	5.930892e-01	1.394724e+00
696	3.785393e-01	5.618315e-01	2.200782e+00
697	3.789395e-01	3.746764e-01	1.453346e+00
698	3.793397e-01	8.386569e-01	1.420127e+00
699	3.797399e-01	2.641026e-01	1.126038e+00
700	3.801401e-01	1.371184e-01	2.623840e+00
701	3.805403e-01	1.168010e-01	2.132389e+00
702	3.809405e-01	1.978755e-01	1.992672e+00
703	3.813407e-01	3.559219e-01	2.173425e+00
704	3.817409e-01	2.555067e-01	1.965315e+00
705	3.821411e-01	1.691575e-01	1.322423e+00
706	3.825413e-01	1.154335e-01	1.190523e+00
707	3.829415e-01	8.370940e-01	1.444553e+00
708	3.833417e-01	1.279365e-01	1.350757e+00
709	3.837419e-01	6.307937e-01	2.259404e+00
710	3.841421e-01	1.847863e-01	2.118710e+00
711	3.845423e-01	8.310379e-01	1.732780e+00
712	3.849425e-01	5.637851e-01	2.027846e+00
713	3.853427e-01	3.373626e-01	1.011724e+00
714	3.857429e-01	3.897192e-01	1.006839e+00
715	3.861431e-01	1.275458e-01	2.634587e+00
716	3.865433e-01	4.260562e-01	1.222765e+00
717	3.869435e-01	6.534554e-01	1.120176e+00
718	3.873437e-01	3.430281e-01	1.045921e+00
719	3.877439e-01	7.587546e-01	2.993161e+00
720	3.881441e-01	7.022955e-01	2.639472e+00
721	3.885443e-01	1.629060e-01	2.088422e+00
722	3.889445e-01	8.660073e-01	3.000000e+00
723	3.893447e-01	8.066178e-01	2.970689e+00
724	3.897449e-01	5.702320e-01	1.185638e+00
725	3.901451e-01	3.457631e-01	1.774792e+00
726	3.905453e-01	7.610989e-01	1.883244e+00
727	3.909455e-01	4.016361e-01	2.623840e+00
728	3.913457e-01	4.823199e-01	1.694675e+00
729	3.917459e-01	8.271307e-01	2.360039e+00
730	3.921461e-01	2.402686e-01	2.774304e+00
731	3.925463e-01	2.986813e-01	1.332193e+00
732	3.929465e-01	8.994139e-01	2.760625e+00
733	3.933467e-01	1.904518e-01	2.211529e+00
734	3.937469e-01	8.615140e-01	2.745970e+00
735	3.941471e-01	7.409768e-01	1.817782e+00
736	3.945473e-01	7.771184e-01	2.519297e+00
737	3.949475e-01	4.813431e-01	2.214460e+00
738	3.953477e-01	8.038828e-01	2.439179e+00
739	3.957479e-01	7.368742e-01	2.870054e+00
740	3.961481e-01	8.251770e-01	1.413288e+00
741	3.965483e-01	2.287424e-01	1.930142e+00
742	3.969485e-01	3.592430e-01	1.151441e+00
743	3.973487e-01	2.105739e-01	2.207621e+00
744	3.977489e-01	2.691819e-01	1.188569e+00
745	3.981491e-01	6.134066e-01	2.548608e+00
746	3.985493e-01	8.925763e-01	2.561309e+00
747	3.989495e-01	8.761661e-01	2.958964e+00
748	3.993497e-01	7.642247e-01	1.332193e+00
749	3.997499e-01	3.338462e-01	2.127504e+00
750	4.001501e-01	1.154335e-01	1.373229e+00
751	4.005503e-01	4.891575e-01	2.462628e+00
752	4.009505e-01	8.787057e-01	2.852467e+00
753	4.013507e-01	6.354823e-01	2.411822e+00
754	4.017509e-01	3.580708e-01	2.861260e+00
755	4.021511e-01	3.561172e-01	1.915486e+00
756	4.025513e-01	5.547986e-01	2.924768e+00
757	4.029515e-01	8.691331e-01	2.571080e+00
758	4.033517e-01	1.152381e-01	1.398632e+00
759	4.037519e-01	6.556044e-01	1.922325e+00
760	4.041521e-01	2.174115e-01	2.345383e+00
761	4.045523e-01	5.940660e-01	1.549096e+00
762	4.049525e-01	2.810989e-01	1.349780e+00
763	4.053527e-01	2.013919e-01	1.225696e+00
764	4.057529e-01	6.364591e-01	2.676600e+00
765	4.061531e-01	7.708669e-01	1.760137e+00
766	4.065533e-01	5.100611e-01	2.299463e+00
767	4.069535e-01	5.444445e-01	2.943332e+00
768	4.073537e-01	3.301343e-01	1.898876e+00
769	4.077539e-01	3.707692e-01	1.440645e+00
770	4.081541e-01	6.520879e-01	1.634099e+00
771	4.085543e-01	7.714530e-01	2.033708e+00
772	4.089545e-01	2.115507e-01	2.201759e+00
773	4.093547e-01	2.207326e-01	1.634099e+00
774	4.097549e-01	8.200977e-01	2.382511e+00
775	4.101551e-01	4.114042e-01	1.186615e+00
776	4.105553e-01	2.453480e-01	1.026380e+00
777	4.109555e-01	2.471062e-01	2.632633e+00
778	4.113557e-01	5.755067e-01	2.242794e+00
779	4.117559e-01	4.715751e-01	2.059111e+00
780	4.121561e-01	6.839316e-01	2.211529e+00
781	4.125563e-01	8.638584e-01	1.969223e+00
782	4.129565e-01	6.020757e-01	1.041036e+00
783	4.133567e-01	6.823688e-01	2.660967e+00
784	4.137569e-01	6.880342e-01	1.264778e+00
785	4.141571e-01	5.204152e-01	2.700049e+00
786	4.145573e-01	6.798291e-01	2.458720e+00
787	4.149575e-01	6.468132e-01	2.456766e+00
788	4.153577e-01	2.318681e-01	2.337567e+00
789	4.157579e-01	1.181685e-01	1.259893e+00
790	4.161581e-01	6.438828e-01	2.648266e+00
791	4.165583e-01	1.892796e-01	2.446019e+00
792	4.169585e-01	4.348474e-01	2.183195e+00
793	4.173587e-01	3.154823e-01	1.050806e+00
794	4.177589e-01	5.850794e-01	1.936004e+00
795	4.181591e-01	3.221246e-01	2.344406e+00
796	4.185593e-01	1.293040e-01	1.929165e+00
797	4.189595e-01	5.626130e-01	1.657548e+00
798	4.193597e-01	6.940904e-01	2.224231e+00
799	4.197599e-01	5.635898e-01	2.911089e+00
800	4.201601e-01	3.977289e-01	1.419150e+00
801	4.205603e-01	8.220513e-01	1.386908e+00
802	4.209605e-01	4.754823e-01	1.342941e+00
803	4.213607e-01	8.689377e-01	1.537372e+00
804	4.217609e-01	4.362149e-01	2.935515e+00
805	4.221611e-01	6.595116e-01	1.399609e+00
806	4.225613e-01	4.164835e-01	2.243771e+00
807	4.229615e-01	8.693285e-01	2.256473e+00
808	4.233617e-01	1.851770e-01	1.923302e+00
809	4.237619e-01	7.616850e-01	1.851979e+00
810	4.241621e-01	8.718681e-01	1.418173e+00
811	4.245623e-01	1.390720e-01	1.005862e+00
812	4.249625e-01	3.694017e-01	1.509038e+00
813	4.253627e-01	6.327473e-01	1.317538e+00
814	4.257629e-01	8.466667e-01	1.980948e+00
815	4.261631e-01	5.456166e-01	2.222277e+00
816	4.265633e-01	3.801465e-01	2.837811e+00
817	4.269635e-01	4.217582e-01	2.277968e+00
818	4.273637e-01	1.361416e-01	2.452858e+00
819	4.277639e-01	4.629792e-01	2.862237e+00
820	4.281641e-01	3.774115e-01	1.611627e+00
821	4.285643e-01	5.522589e-01	1.969223e+00
822	4.289645e-01	8.712821e-01	1.106497e+00
823	4.293647e-01	5.452259e-01	1.281387e+00
824	4.297649e-01	7.062027e-01	2.533952e+00
825	4.301651e-01	7.267155e-01	1.889106e+00
826	4.305653e-01	4.903297e-01	2.329751e+00
827	4.309655e-01	6.790476e-01	2.298486e+00
828	4.313657e-01	4.676679e-01	2.558378e+00
829	4.317659e-01	8.232234e-01	2.571080e+00
830	4.321661e-01	6.079365e-01	2.843674e+00
831	4.325663e-01	6.585348e-01	2.940401e+00
832	4.329665e-01	8.363126e-01	1.401563e+00
833	4.333667e-01	7.435165e-01	2.862237e+00
834	4.337669e-01	4.707937e-01	2.032731e+00
835	4.341671e-01	4.446154e-01	2.241817e+00
836	4.345673e-01	4.287912e-01	2.984367e+00
837	4.349675e-01	5.421001e-01	2.499756e+00
838	4.353677e-01	5.182662e-01	1.435760e+00
839	4.357679e-01	4.563370e-01	2.121641e+00
840	4.361681e-01	4.938462e-01	1.914509e+00
841	4.365683e-01	1.019536e-01	2.920860e+00
842	4.369685e-01	1.486447e-01	1.905716e+00
843	4.373687e-01	7.439072e-01	1.081094e+00
844	4.377689e-01	1.926007e-01	1.834392e+00
845	4.381691e-01	8.306471e-01	2.002443e+00
846	4.385693e-01	2.355800e-01	1.444553e+00
847	4.389695e-01	6.884249e-01	1.358574e+00
848	4.393697e-01	6.692796e-01	1.159257e+00
849	4.397699e-01	1.439560e-01	1.700537e+00
850	4.401701e-01	7.384371e-01	2.943332e+00
851	4.405703e-01	8.884737e-01	1.835369e+00
852	4.409705e-01	4.852503e-01	1.151441e+00
853	4.413707e-01	5.671062e-01	1.016610e+00
854	4.417709e-01	6.177045e-01	1.116268e+00
855	4.421711e-01	3.275946e-01	1.556913e+00
856	4.425713e-01	3.061050e-01	2.148999e+00
857	4.429715e-01	1.955311e-01	2.275037e+00
858	4.433717e-01	1.107448e-01	2.697118e+00
859	4.437719e-01	7.712576e-01	1.516854e+00
860	4.441721e-01	6.061783e-01	2.008305e+00
861	4.445723e-01	8.040781e-01	2.208598e+00
862	4.449725e-01	3.906960e-01	1.461163e+00
863	4.453727e-01	8.134554e-01	1.298974e+00
864	4.457729e-01	2.240537e-01	2.787005e+00
865	4.461731e-01	2.998535e-01	2.812408e+00
866	4.465733e-01	4.457875e-01	1.940889e+00
867	4.469735e-01	2.295238e-01	2.656082e+00
868	4.473737e-01	7.187057e-01	1.982902e+00
869	4.477739e-01	8.345543e-01	2.681485e+00
870	4.481741e-01	7.198779e-01	1.810943e+00
871	4.485743e-01	5.475702e-01	1.128969e+00
872	4.489745e-01	4.918926e-01	1.715193e+00
873	4.493747e-01	3.807326e-01	1.012702e+00
874	4.497749e-01	5.823443e-01	1.760137e+00
875	4.501751e-01	6.059829e-01	1.942843e+00
876	4.505753e-01	8.536996e-01	1.048852e+00
877	4.509755e-01	1.300855e-01	2.221299e+00
878	4.513757e-01	2.021734e-01	2.718613e+00
879	4.517759e-01	4.041758e-01	2.131412e+00
880	4.521761e-01	8.009524e-01	1.519785e+00
881	4.525763e-01	2.887179e-01	2.234001e+00
882	4.529765e-01	7.923565e-01	2.591597e+00
883	4.533767e-01	2.777778e-01	1.553981e+00
884	4.537769e-01	2.146764e-01	1.560821e+00
885	4.541771e-01	1.468864e-01	2.672692e+00
886	4.545773e-01	3.742857e-01	1.471910e+00
887	4.549775e-01	8.603419e-01	2.330728e+00
888	4.553777e-01	3.375580e-01	2.205667e+00
889	4.557779e-01	3.686203e-01	2.599414e+00
890	4.561781e-01	4.930647e-01	2.873962e+00
891	4.565783e-01	2.082296e-01	2.733268e+00
892	4.569785e-01	4.844689e-01	1.692721e+00
893	4.573787e-01	6.909646e-01	1.432829e+00
894	4.577789e-01	1.820513e-01	1.474841e+00
895	4.581791e-01	8.130647e-01	2.914998e+00
896	4.585793e-01	6.989744e-01	1.508061e+00
897	4.589795e-01	3.295482e-01	1.455300e+00
898	4.593797e-01	5.198291e-01	1.036150e+00
899	4.597799e-01	3.018071e-01	1.672203e+00
900	4.601801e-01	6.196581e-01	2.243771e+00
901	4.605803e-01	5.688645e-01	2.969712e+00
902	4.609805e-01	8.433455e-01	1.144602e+00
903	4.613807e-01	7.601221e-01	1.903762e+00
904	4.617809e-01	7.700855e-01	1.642892e+00
905	4.621811e-01	2.004151e-01	2.315095e+00
906	4.625813e-01	2.031502e-01	2.044455e+00
907	4.629815e-01	7.097192e-01	1.438691e+00
908	4.633817e-01	4.473504e-01	1.001954e+00
909	4.637819e-01	2.742613e-01	1.146556e+00
910	4.641821e-01	5.954335e-01	1.435760e+00
911	4.645823e-01	5.122100e-01	2.471422e+00
912	4.649825e-01	2.887179e-01	2.209575e+00
913	4.653827e-01	8.855433e-01	2.042501e+00
914	4.657829e-01	3.490843e-01	1.936004e+00
915	4.661831e-01	4.428571e-01	2.843674e+00
916	4.665833e-01	5.360440e-01	1.057645e+00
917	4.669835e-01	8.626862e-01	2.896434e+00
918	4.673837e-01	5.407326e-01	2.112848e+00
919	4.677839e-01	6.599023e-01	2.553493e+00
920	4.681841e-01	8.511600e-01	2.301417e+00
921	4.685843e-01	6.737729e-01	1.271617e+00
922	4.689845e-01	1.689622e-01	2.916952e+00
923	4.693847e-01	6.421246e-01	1.081094e+00
924	4.697849e-01	8.837851e-01	2.581827e+00
925	4.701851e-01	1.455189e-01	1.394724e+00
926	4.705853e-01	1.035165e-01	1.289204e+00
927	4.709855e-01	8.732357e-01	1.961407e+00
928	4.713857e-01	3.996825e-01	2.792868e+00
929	4.717859e-01	1.007814e-01	1.743527e+00
930	4.721861e-01	2.457387e-01	2.718613e+00
931	4.725863e-01	6.175092e-01	1.908647e+00
932	4.729865e-01	4.553602e-01	1.399609e+00
933	4.733867e-01	2.607814e-01	2.980459e+00
934	4.737869e-01	4.024176e-01	2.603322e+00
935	4.741871e-01	4.065202e-01	2.267220e+00
936	4.745873e-01	6.808059e-01	1.400586e+00
937	4.749875e-01	4.076923e-01	2.249634e+00
938	4.753877e-01	5.633944e-01	1.248168e+00
939	4.757879e-01	3.660806e-01	1.234489e+00
940	4.761881e-01	8.662027e-01	2.559355e+00
941	4.765883e-01	2.258120e-01	2.848559e+00
942	4.769885e-01	8.697192e-01	1.495359e+00
943	4.773887e-01	2.617582e-01	2.346361e+00
944	4.777889e-01	1.574359e-01	1.812897e+00
945	4.781891e-01	1.177778e-01	2.016121e+00
946	4.785893e-01	6.063736e-01	1.676111e+00
947	4.789895e-01	8.849573e-01	1.307767e+00
948	4.793897e-01	3.150916e-01	1.727894e+00
949	4.797899e-01	1.574359e-01	1.587201e+00
950	4.801901e-01	1.660317e-01	2.820225e+00
951	4.805903e-01	8.710867e-01	2.234978e+00
952	4.809905e-01	5.442491e-01	2.393258e+00
953	4.813907e-01	5.968010e-01	1.537372e+00
954	4.817909e-01	4.284005e-01	2.814362e+00
955	4.821911e-01	6.546276e-01	2.472399e+00
956	4.825913e-01	3.744811e-01	2.402052e+00
957	4.829915e-01	3.639316e-01	2.220322e+00
958	4.833917e-01	8.794872e-01	1.127992e+00
959	4.837919e-01	6.132113e-01	1.184660e+00
960	4.841921e-01	6.884249e-01	1.655594e+00
961	4.845923e-01	3.400977e-01	2.473376e+00
962	4.849925e-01	3.662760e-01	2.125550e+00
963	4.853927e-01	4.561416e-01	1.407426e+00
964	4.857929e-01	4.705983e-01	1.067416e+00
965	4.861931e-01	2.988767e-01	1.183683e+00
966	4.865933e-01	8.775336e-01	1.849047e+00
967	4.869935e-01	3.836630e-01	1.107474e+00
968	4.873937e-01	5.485470e-01	2.902296e+00
969	4.877939e-01	6.292308e-01	2.884709e+00
970	4.881941e-01	8.431502e-01	2.418661e+00
971	4.885943e-01	3.711600e-01	2.088422e+00
972	4.889945e-01	2.639072e-01	1.675134e+00
973	4.893947e-01	5.616362e-01	1.717147e+00
974	4.897949e-01	2.605861e-01	1.874450e+00
975	4.901951e-01	2.803175e-01	2.744993e+00
976	4.905953e-01	8.060318e-01	1.101612e+00
977	4.909955e-01	3.434188e-01	1.860772e+00
978	4.913957e-01	7.454701e-01	1.997557e+00
979	4.917959e-01	7.536752e-01	2.080606e+00
980	4.921961e-01	3.129426e-01	1.262824e+00
981	4.925963e-01	7.528938e-01	1.952614e+00
982	4.929965e-01	3.223199e-01	1.681974e+00
983	4.933967e-01	7.120635e-01	2.354177e+00
984	4.937969e-01	2.166300e-01	2.705911e+00
985	4.941971e-01	7.476191e-01	1.297997e+00
986	4.945973e-01	7.247619e-01	1.593063e+00
987	4.949975e-01	3.772161e-01	2.944309e+00
988	4.953977e-01	7.536752e-01	2.695164e+00
989	4.957979e-01	2.320635e-01	1.071324e+00
990	4.961981e-01	2.136996e-01	2.562286e+00
991	4.965983e-01	8.632723e-01	1.097704e+00
992	4.969985e-01	8.327961e-01	2.033708e+00
993	4.973987e-01	2.916484e-01	1.891060e+00
994	4.977989e-01	1.060562e-01	1.226673e+00
995	4.981991e-01	8.943346e-01	2.096238e+00
996	4.985993e-01	1.978755e-01	2.234978e+00
997	4.989995e-01	5.096704e-01	2.601368e+00
998	4.993997e-01	8.833944e-01	2.107963e+00
999	4.997999e-01	2.910623e-01	1.499267e+00
1000	5.002001e-01	6.628327e-01	1.192477e+00
1001	5.006003e-01	2.594139e-01	2.937469e+00
1002	5.010005e-01	2.572650e-01	1.183683e+00
1003	5.014007e-01	4.760684e-01	1.053737e+00
1004	5.018009e-01	4.756777e-01	1.540303e+00
1005	5.022011e-01	1.250061e-01	1.446507e+00
1006	5.026013e-01	1.203175e-01	2.942355e+00
1007	5.030015e-01	6.089133e-01	2.766488e+00
1008	5.034017e-01	2.949695e-01	2.502687e+00
1009	5.038019e-01	6.313797e-01	2.005374e+00
1010	5.042021e-01	8.458852e-01	1.627259e+00
1011	5.046023e-01	5.202198e-01	1.217880e+00
1012	5.050025e-01	4.723565e-01	1.148510e+00
1013	5.054027e-01	4.639560e-01	2.778212e+00
1014	5.058029e-01	3.514286e-01	1.774792e+00
1015	5.062031e-01	5.553846e-01	1.070347e+00
1016	5.066033e-01	6.935043e-01	2.073766e+00
1017	5.070035e-01	5.014652e-01	2.753786e+00
1018	5.074037e-01	3.514286e-01	2.888617e+00
1019	5.078039e-01	8.617094e-01	2.135320e+00
1020	5.082041e-01	5.856655e-01	2.933561e+00
1021	5.086043e-01	4.162882e-01	1.530532e+00
1022	5.090045e-01	8.749939e-01	1.125061e+00
1023	5.094047e-01	5.592918e-01	1.849047e+00
1024	5.098049e-01	8.257631e-01	1.952614e+00
1025	5.102051e-01	4.709890e-01	2.357108e+00
1026	5.106053e-01	8.159951e-01	2.956033e+00
1027	5.110055e-01	8.152137e-01	2.441133e+00
1028	5.114057e-01	1.209035e-01	2.395213e+00
1029	5.118059e-01	7.437119e-01	2.361993e+00
1030	5.122061e-01	1.337973e-01	2.494871e+00
1031	5.126063e-01	3.863981e-01	2.136297e+00
1032	5.130065e-01	2.135043e-01	2.439179e+00
1033	5.134067e-01	6.780708e-01	2.826087e+00
1034	5.138069e-01	7.653968e-01	1.697606e+00
1035	5.142071e-01	2.920391e-01	2.755740e+00
1036	5.146073e-01	6.261050e-01	1.542257e+00
1037	5.150075e-01	1.570452e-01	1.505129e+00
1038	5.154077e-01	6.335287e-01	1.581339e+00
1039	5.158079e-01	7.708669e-01	1.295066e+00
1040	5.162081e-01	8.068132e-01	2.208598e+00
1041	5.166083e-01	4.305495e-01	2.112848e+00
1042	5.170085e-01	3.328694e-01	2.228139e+00
1043	5.174087e-01	2.105739e-01	2.269174e+00
1044	5.178089e-01	6.245421e-01	2.771373e+00
1045	5.182091e-01	6.261050e-01	1.791402e+00
1046	5.186093e-01	3.529915e-01	1.061553e+00
1047	5.190095e-01	4.854457e-01	2.832926e+00
1048	5.194097e-01	8.001709e-01	1.816805e+00
1049	5.198099e-01	8.316239e-01	1.827553e+00
1050	5.202101e-01	8.029060e-01	1.618466e+00
1051	5.206103e-01	2.164347e-01	1.144602e+00
1052	5.210105e-01	7.321856e-01	1.867611e+00
1053	5.214107e-01	2.299145e-01	2.828041e+00
1054	5.218109e-01	7.898169e-01	1.002931e+00
1055	5.222111e-01	1.246154e-01	1.981925e+00
1056	5.226113e-01	3.424420e-01	2.776258e+00
1057	5.230115e-01	5.188523e-01	1.376160e+00
1058	5.234117e-01	7.007326e-01	1.646800e+00
1059	5.238119e-01	8.290843e-01	2.625794e+00
1060	5.242121e-01	5.835165e-01	1.274548e+00
1061	5.246123e-01	1.832234e-01	2.682462e+00
1062	5.250125e-01	5.673016e-01	1.342941e+00
1063	5.254127e-01	4.028083e-01	2.836834e+00
1064	5.258129e-01	7.321856e-01	2.172447e+00
1065	5.262131e-01	2.326496e-01	1.674157e+00
1066	5.266133e-01	4.580952e-01	2.245725e+00
1067	5.270135e-01	2.637118e-01	1.950660e+00
1068	5.274137e-01	5.225641e-01	2.468490e+00
1069	5.278139e-01	6.556044e-01	2.561309e+00
1070	5.282141e-01	3.944078e-01	1.900830e+00
1071	5.286143e-01	2.084249e-01	1.683928e+00
1072	5.290145e-01	2.351893e-01	1.636053e+00
1073	5.294147e-01	3.119658e-01	2.679531e+00
1074	5.298149e-01	3.565079e-01	1.704446e+00
1075	5.302151e-01	3.608059e-01	2.700049e+00
1076	5.306153e-01	6.958486e-01	2.720567e+00
1077	5.310155e-01	7.763370e-01	2.315095e+00
1078	5.314157e-01	1.126984e-01	1.895945e+00
1079	5.318159e-01	7.302320e-01	2.224231e+00
1080	5.322161e-01	5.135776e-01	2.815340e+00
1081	5.326163e-01	4.795849e-01	2.858329e+00
1082	5.330165e-01	3.119658e-01	1.717147e+00
1083	5.334167e-01	2.615629e-01	2.173425e+00
1084	5.338169e-01	1.369231e-01	2.585735e+00
1085	5.342171e-01	2.467155e-01	2.657059e+00
1086	5.346173e-01	5.973871e-01	2.276991e+00
1087	5.350175e-01	1.679853e-01	2.162677e+00
1088	5.354177e-01	8.826129e-01	2.400098e+00
1089	5.358179e-01	6.684982e-01	2.195896e+00
1090	5.362181e-01	5.208059e-01	1.145579e+00
1091	5.366183e-01	2.789499e-01	2.082560e+00
1092	5.370185e-01	4.733333e-01	1.276502e+00
1093	5.374187e-01	5.794139e-01	2.930630e+00
1094	5.378189e-01	3.344322e-01	2.548608e+00
1095	5.382191e-01	3.307204e-01	2.239863e+00
1096	5.386193e-01	3.725275e-01	2.051295e+00
1097	5.390195e-01	7.194872e-01	1.422081e+00
1098	5.394197e-01	4.536020e-01	2.905227e+00
1099	5.398199e-01	4.190232e-01	2.954079e+00
1100	5.402201e-01	7.980220e-01	1.329262e+00
1101	5.406203e-01	8.220513e-01	2.976551e+00
1102	5.410205e-01	8.212698e-01	2.951148e+00
1103	5.414207e-01	3.277900e-01	2.518319e+00
1104	5.418209e-01	3.699878e-01	2.981436e+00
1105	5.422211e-01	2.426129e-01	2.454812e+00
1106	5.426213e-01	1.252015e-01	2.609184e+00
1107	5.430215e-01	2.072528e-01	2.993161e+00
1108	5.434217e-01	4.770452e-01	1.934050e+00
1109	5.438219e-01	8.845665e-01	2.057157e+00
1110	5.442221e-01	1.963126e-01	2.075721e+00
1111	5.446223e-01	5.592918e-01	2.844651e+00
1112	5.450225e-01	1.253968e-01	2.393258e+00
1113	5.454227e-01	1.531380e-01	2.895457e+00
1114	5.458229e-01	3.594383e-01	2.862237e+00
1115	5.462231e-01	8.697192e-01	1.786517e+00
1116	5.466233e-01	1.380952e-01	2.458720e+00
1117	5.470235e-01	6.526740e-01	2.796776e+00
1118	5.474237e-01	7.818071e-01	2.902296e+00
1119	5.478239e-01	7.628572e-01	1.758183e+00
1120	5.482241e-01	8.765568e-01	1.027357e+00
1121	5.486243e-01	1.423932e-01	1.007816e+00
1122	5.490245e-01	4.272283e-01	1.749389e+00
1123	5.494247e-01	5.002931e-01	2.521251e+00
1124	5.498249e-01	8.367033e-01	2.923791e+00
1125	5.502251e-01	6.155556e-01	1.164143e+00
1126	5.506253e-01	6.999512e-01	1.873473e+00
1127	5.510255e-01	5.016606e-01	2.126527e+00
1128	5.514257e-01	5.532357e-01	1.273571e+00
1129	5.518259e-01	3.041514e-01	2.563263e+00
1130	5.522261e-01	1.269597e-01	1.869565e+00
1131	5.526263e-01	1.697436e-01	1.325354e+00
1132	5.530265e-01	1.654457e-01	2.111871e+00
1133	5.534267e-01	1.242247e-01	2.736199e+00
1134	5.538269e-01	7.026862e-01	2.436248e+00
1135	5.542271e-01	1.986569e-01	1.894968e+00
1136	5.546273e-01	7.927473e-01	1.706400e+00
1137	5.550275e-01	6.808059e-01	2.099170e+00
1138	5.554277e-01	3.910867e-01	1.904739e+00
1139	5.558279e-01	2.238584e-01	2.138251e+00
1140	5.562281e-01	6.655678e-01	2.196873e+00
1141	5.566283e-01	3.604151e-01	2.827064e+00
1142	5.570285e-01	1.138706e-01	2.310210e+00
1143	5.574287e-01	2.904762e-01	1.335125e+00
1144	5.578289e-01	4.166789e-01	2.974597e+00
1145	5.582291e-01	4.795849e-01	2.719590e+00
1146	5.586293e-01	6.686935e-01	1.246214e+00
1147	5.590295e-01	5.088889e-01	2.170493e+00
1148	5.594297e-01	3.717460e-01	1.166097e+00
1149	5.598299e-01	6.811966e-01	1.371275e+00
1150	5.602301e-01	4.203907e-01	2.399121e+00
1151	5.606303e-01	7.534799e-01	2.064973e+00
1152	5.610305e-01	1.209035e-01	1.170005e+00
1153	5.614307e-01	5.327229e-01	2.560332e+00
1154	5.618309e-01	7.149939e-01	1.782609e+00
1155	5.622311e-01	6.395849e-01	2.902296e+00
1156	5.626313e-01	4.957998e-01	3.000000e+00
1157	5.630315e-01	8.458852e-01	1.047875e+00
1158	5.634317e-01	7.618804e-01	1.680997e+00
1159	5.638319e-01	1.765812e-01	1.893014e+00
1160	5.642321e-01	6.309890e-01	1.280410e+00
1161	5.646323e-01	6.223932e-01	2.497802e+00
1162	5.650325e-01	2.052992e-01	1.655594e+00
1163	5.654327e-01	2.334310e-01	2.885686e+00
1164	5.658329e-01	6.643956e-01	2.573034e+00
1165	5.662331e-01	5.514774e-01	1.423058e+00
1166	5.666333e-01	6.944811e-01	2.524182e+00
1167	5.670335e-01	3.975336e-01	2.076698e+00
1168	5.674337e-01	8.388523e-01	2.651197e+00
1169	5.678339e-01	2.273749e-01	1.767953e+00
1170	5.682341e-01	5.866423e-01	2.334636e+00
1171	5.686343e-01	2.338217e-01	1.411334e+00
1172	5.690345e-01	7.669597e-01	1.397655e+00
1173	5.694347e-01	5.919170e-01	1.642892e+00
1174	5.698349e-01	3.158730e-01	1.842208e+00
1175	5.702351e-01	8.072039e-01	2.734245e+00
1176	5.706353e-01	3.244689e-01	1.146556e+00
1177	5.710355e-01	3.463492e-01	2.650220e+00
1178	5.714357e-01	6.606838e-01	2.899365e+00
1179	5.718359e-01	8.070086e-01	2.624817e+00
1180	5.722361e-01	3.944078e-01	2.791891e+00
1181	5.726363e-01	5.096704e-01	1.443576e+00
1182	5.730365e-01	7.630525e-01	2.535906e+00
1183	5.734367e-01	8.040781e-01	2.008305e+00
1184	5.738369e-01	7.374603e-01	1.156326e+00
1185	5.742371e-01	4.551648e-01	2.619932e+00
1186	5.746373e-01	7.984127e-01	1.445530e+00
1187	5.750375e-01	5.063492e-01	1.825598e+00
1188	5.754377e-01	6.686935e-01	1.490474e+00
1189	5.758379e-01	3.936264e-01	2.922814e+00
1190	5.762381e-01	7.667644e-01	2.004397e+00
1191	5.766383e-01	8.314286e-01	1.455300e+00
1192	5.770385e-01	7.302320e-01	1.888129e+00
1193	5.774387e-01	5.210012e-01	2.954079e+00
1194	5.778389e-01	6.573627e-01	2.640449e+00
1195	5.782391e-01	8.157998e-01	1.257938e+00
1196	5.786393e-01	7.863004e-01	2.626771e+00
1197	5.790395e-01	2.402686e-01	1.746458e+00
1198	5.794397e-01	3.322833e-01	1.221788e+00
1199	5.798399e-01	4.508669e-01	1.347826e+00
1200	5.802401e-01	1.756044e-01	2.531021e+00
1201	5.806403e-01	4.936508e-01	2.870054e+00
1202	5.810405e-01	4.952137e-01	3.000000e+00
1203	5.814407e-01	6.389988e-01	1.818759e+00
1204	5.818409e-01	1.978755e-01	1.163166e+00
1205	5.822411e-01	2.482784e-01	2.823156e+00
1206	5.826413e-01	3.334554e-01	1.397655e+00
1207	5.830415e-01	1.556777e-01	1.317538e+00
1208	5.834417e-01	3.570940e-01	1.383000e+00
1209	5.838419e-01	5.544078e-01	1.071324e+00
1210	5.842421e-01	1.044933e-01	2.850513e+00
1211	5.846423e-01	1.660317e-01	2.454812e+00
1212	5.850425e-01	7.952869e-01	2.031754e+00
1213	5.854427e-01	5.401465e-01	1.637030e+00
1214	5.858429e-01	3.506471e-01	2.955056e+00
1215	5.862431e-01	2.971184e-01	2.632633e+00
1216	5.866433e-01	7.970452e-01	1.953591e+00
1217	5.870435e-01	4.002686e-01	2.460674e+00
1218	5.874437e-01	6.905739e-01	1.196385e+00
1219	5.878439e-01	5.559707e-01	2.442110e+00
1220	5.882441e-01	1.718926e-01	2.021006e+00
1221	5.886443e-01	7.530891e-01	2.527113e+00
1222	5.890445e-01	7.837607e-01	2.543723e+00
1223	5.894447e-01	4.688401e-01	1.703468e+00
1224	5.898449e-01	4.852503e-01	1.115291e+00
1225	5.902451e-01	2.549206e-01	2.950171e+00
1226	5.906453e-01	4.930647e-01	2.105032e+00
1227	5.910455e-01	3.807326e-01	2.441133e+00
1228	5.914457e-01	5.274481e-01	2.604299e+00
1229	5.918459e-01	5.157265e-01	2.390327e+00
1230	5.922461e-01	8.116972e-01	2.063996e+00
1231	5.926463e-01	3.043468e-01	2.043478e+00
1232	5.930465e-01	5.034188e-01	1.523693e+00
1233	5.934467e-01	2.006105e-01	1.969223e+00
1234	5.938469e-01	6.440782e-01	1.782609e+00
1235	5.942471e-01	1.820513e-01	2.079629e+00
1236	5.946473e-01	4.606349e-01	2.675623e+00
1237	5.950475e-01	2.211233e-01	2.221299e+00
1238	5.954477e-01	7.437119e-01	1.449438e+00
1239	5.958479e-01	4.848596e-01	2.145090e+00
1240	5.962481e-01	6.132113e-01	1.699560e+00
1241	5.966483e-01	7.189011e-01	1.530532e+00
1242	5.970485e-01	8.609280e-01	1.497313e+00
1243	5.974487e-01	4.944322e-01	2.941378e+00
1244	5.978489e-01	1.201221e-01	1.049829e+00
1245	5.982491e-01	3.662760e-01	2.659013e+00
1246	5.986493e-01	7.228083e-01	1.352711e+00
1247	5.990495e-01	6.403663e-01	2.130435e+00
1248	5.994497e-01	2.752381e-01	2.205667e+00
1249	5.998499e-01	5.198291e-01	2.596483e+00
1250	6.002501e-01	4.975580e-01	1.509038e+00
1251	6.006503e-01	6.350916e-01	2.791891e+00
1252	6.010505e-01	5.370208e-01	2.280899e+00
1253	6.014507e-01	3.023932e-01	2.403029e+00
1254	6.018509e-01	4.461783e-01	1.936981e+00
1255	6.022511e-01	6.094994e-01	1.296043e+00
1256	6.026513e-01	4.272283e-01	2.641426e+00
1257	6.030515e-01	2.652747e-01	2.440156e+00
1258	6.034517e-01	5.276435e-01	1.798241e+00
1259	6.038519e-01	7.763370e-01	1.238398e+00
1260	6.042521e-01	6.696703e-01	1.712262e+00
1261	6.046523e-01	4.795849e-01	2.961895e+00
1262	6.050525e-01	7.130403e-01	1.598925e+00
1263	6.054527e-01	7.183150e-01	2.942355e+00
1264	6.058529e-01	8.609280e-01	2.190034e+00
1265	6.062531e-01	8.075946e-01	2.792868e+00
1266	6.066533e-01	8.400244e-01	1.212995e+00
1267	6.070535e-01	4.166789e-01	2.884709e+00
1268	6.074537e-01	3.987057e-01	1.595017e+00
1269	6.078539e-01	7.573871e-01	2.224231e+00
1270	6.082541e-01	4.063248e-01	2.834880e+00
1271	6.086543e-01	8.040781e-01	2.167562e+00
1272	6.090545e-01	7.950916e-01	1.346849e+00
1273	6.094547e-01	2.215140e-01	2.614069e+00
1274	6.098549e-01	7.290598e-01	2.989253e+00
1275	6.102551e-01	8.705006e-01	2.994138e+00
1276	6.106553e-01	2.400733e-01	2.749878e+00
1277	6.110555e-01	8.910134e-01	2.765511e+00
1278	6.114557e-01	5.698413e-01	2.046409e+00
1279	6.118559e-01	8.413919e-01	1.152418e+00
1280	6.122561e-01	1.470818e-01	2.244748e+00
1281	6.126563e-01	8.890598e-01	2.935515e+00
1282	6.130565e-01	3.914774e-01	2.528090e+00
1283	6.134567e-01	4.637607e-01	1.950660e+00
1284	6.138569e-01	1.246154e-01	2.106009e+00
1285	6.142571e-01	5.350672e-01	2.655105e+00
1286	6.146573e-01	6.880342e-01	2.695164e+00
1287	6.150575e-01	2.644933e-01	1.414265e+00
1288	6.154577e-01	5.083028e-01	2.430386e+00
1289	6.158579e-01	1.054701e-01	2.187103e+00
1290	6.162581e-01	3.836630e-01	2.880801e+00
1291	6.166583e-01	7.360928e-01	1.118222e+00
1292	6.170585e-01	4.258608e-01	2.134343e+00
1293	6.174587e-01	4.766545e-01	2.978505e+00
1294	6.178589e-01	5.360440e-01	2.590620e+00
1295	6.182591e-01	5.262760e-01	1.416219e+00
1296	6.186594e-01	2.668376e-01	1.075232e+00
1297	6.190595e-01	5.702320e-01	1.291158e+00
1298	6.194597e-01	8.208791e-01	1.170005e+00
1299	6.198599e-01	3.483028e-01	2.727406e+00
1300	6.202601e-01	3.551404e-01	2.416707e+00
1301	6.206604e-01	3.762393e-01	1.214949e+00
1302	6.210605e-01	3.223199e-01	1.203224e+00
1303	6.214607e-01	6.259097e-01	2.152907e+00
1304	6.218609e-01	8.267399e-01	1.657548e+00
1305	6.222611e-01	1.677900e-01	2.051295e+00
1306	6.226614e-01	6.075458e-01	2.519297e+00
1307	6.230615e-01	7.339438e-01	1.166097e+00
1308	6.234617e-01	6.307937e-01	2.053249e+00
1309	6.238619e-01	1.289133e-01	1.833415e+00
1310	6.242621e-01	6.286447e-01	1.275525e+00
1311	6.246624e-01	7.499634e-01	2.477284e+00
1312	6.250625e-01	1.701343e-01	2.601368e+00
1313	6.254627e-01	4.536020e-01	2.955056e+00
1314	6.258629e-01	4.541880e-01	2.009282e+00
1315	6.262631e-01	8.363126e-01	2.046409e+00
1316	6.266634e-01	5.852747e-01	2.063019e+00
1317	6.270635e-01	7.523077e-01	2.537860e+00
1318	6.274637e-01	7.532845e-01	2.890572e+00
1319	6.278639e-01	6.380220e-01	1.899853e+00
1320	6.282641e-01	2.094017e-01	2.029800e+00
1321	6.286644e-01	8.902320e-01	2.084514e+00
1322	6.290645e-01	6.096948e-01	2.120664e+00
1323	6.294647e-01	7.503541e-01	2.201759e+00
1324	6.298649e-01	1.345788e-01	2.396190e+00
1325	6.302651e-01	5.071307e-01	1.815828e+00
1326	6.306653e-01	4.342613e-01	2.284807e+00
1327	6.310655e-01	5.585104e-01	1.021495e+00
1328	6.314657e-01	6.770940e-01	1.059599e+00
1329	6.318659e-01	4.954090e-01	1.655594e+00
1330	6.322661e-01	7.138217e-01	2.658036e+00
1331	6.326663e-01	8.404151e-01	2.494871e+00
1332	6.330665e-01	6.440782e-01	1.962384e+00
1333	6.334667e-01	3.063004e-01	2.987298e+00
1334	6.338669e-01	2.705495e-01	2.722521e+00
1335	6.342671e-01	2.771917e-01	2.400098e+00
1336	6.346673e-01	6.503297e-01	1.836346e+00
1337	6.350675e-01	1.968987e-01	2.299463e+00
1338	6.354677e-01	8.914042e-01	2.736199e+00
1339	6.358679e-01	6.003175e-01	1.128969e+00
1340	6.362681e-01	7.263248e-01	1.536395e+00
1341	6.366683e-01	6.890110e-01	1.802149e+00
1342	6.370686e-01	4.641514e-01	2.236932e+00
1343	6.374687e-01	6.647863e-01	1.706400e+00
1344	6.378689e-01	3.592430e-01	1.800195e+00
1345	6.382691e-01	3.723321e-01	1.365413e+00
1346	6.386693e-01	5.917216e-01	2.063996e+00
1347	6.390696e-01	4.719658e-01	2.178310e+00
1348	6.394697e-01	1.050794e-01	1.892037e+00
1349	6.398699e-01	7.329670e-01	1.878359e+00
1350	6.402701e-01	6.227839e-01	1.049829e+00
1351	6.406703e-01	5.557754e-01	2.364924e+00
1352	6.410706e-01	2.773871e-01	1.763068e+00
1353	6.414707e-01	6.327473e-01	1.843185e+00
1354	6.418709e-01	5.997314e-01	2.164631e+00
1355	6.422711e-01	2.945788e-01	2.629702e+00
1356	6.426713e-01	4.401221e-01	2.917929e+00
1357	6.430716e-01	5.862515e-01	2.522228e+00
1358	6.434717e-01	3.309158e-01	2.254519e+00
1359	6.438719e-01	1.455189e-01	1.450415e+00
1360	6.442721e-01	5.110379e-01	2.589643e+00
1361	6.446723e-01	6.632235e-01	1.512946e+00
1362	6.450726e-01	6.305983e-01	1.676111e+00
1363	6.454727e-01	4.381685e-01	1.679043e+00
1364	6.458729e-01	8.136508e-01	1.855887e+00
1365	6.462731e-01	8.115018e-01	1.180752e+00
1366	6.466733e-01	2.810989e-01	2.835857e+00
1367	6.470736e-01	8.091575e-01	2.792868e+00
1368	6.474737e-01	2.195604e-01	1.208109e+00
1369	6.478739e-01	6.272772e-01	2.096238e+00
1370	6.482741e-01	7.747741e-01	2.609184e+00
1371	6.486743e-01	2.449573e-01	2.073766e+00
1372	6.490746e-01	8.052503e-01	2.155838e+00
1373	6.494747e-01	2.189744e-01	1.680020e+00
1374	6.498749e-01	1.820513e-01	1.822667e+00
1375	6.502751e-01	7.263248e-01	1.465071e+00
1376	6.506753e-01	5.825397e-01	2.947240e+00
1377	6.510756e-01	6.956532e-01	2.064973e+00
1378	6.514757e-01	6.245421e-01	1.668295e+00
1379	6.518759e-01	8.488156e-01	1.189546e+00
1380	6.522761e-01	4.047619e-01	2.301417e+00
1381	6.526763e-01	1.740415e-01	1.429897e+00
1382	6.530766e-01	3.272039e-01	2.915975e+00
1383	6.534767e-01	1.443468e-01	2.735222e+00
1384	6.538769e-01	5.249084e-01	1.857841e+00
1385	6.542771e-01	2.660562e-01	2.497802e+00
1386	6.546773e-01	5.932845e-01	2.556424e+00
1387	6.550776e-01	6.141881e-01	2.993161e+00
1388	6.554778e-01	2.422222e-01	2.166585e+00
1389	6.558779e-01	6.345055e-01	2.121641e+00
1390	6.562781e-01	8.978510e-01	2.803615e+00
1391	6.566783e-01	8.173626e-01	1.400586e+00
1392	6.570786e-01	8.501832e-01	1.563752e+00
1393	6.574788e-01	7.933333e-01	1.372252e+00
1394	6.578789e-01	7.466423e-01	2.209575e+00
1395	6.582791e-01	2.125275e-01	1.756229e+00
1396	6.586793e-01	6.020757e-01	1.933073e+00
1397	6.590796e-01	7.372650e-01	2.647289e+00
1398	6.594798e-01	2.697680e-01	2.408891e+00
1399	6.598799e-01	3.762393e-01	1.973131e+00
1400	6.602801e-01	5.532357e-01	1.211041e+00
1401	6.606803e-01	1.939683e-01	1.732780e+00
1402	6.610806e-01	8.535043e-01	2.040547e+00
1403	6.614808e-01	6.450550e-01	1.478749e+00
1404	6.618809e-01	5.413187e-01	2.397167e+00
1405	6.622811e-01	4.200000e-01	1.195408e+00
1406	6.626813e-01	7.401954e-01	2.187103e+00
1407	6.630816e-01	2.191697e-01	1.950660e+00
1408	6.634818e-01	8.501832e-01	1.061553e+00
1409	6.638819e-01	3.645177e-01	1.982902e+00
1410	6.642821e-01	7.544567e-01	2.885686e+00
1411	6.646823e-01	8.480342e-01	2.782120e+00
1412	6.650826e-01	6.638095e-01	1.925256e+00
1413	6.654828e-01	3.856166e-01	2.667807e+00
1414	6.658829e-01	5.667155e-01	1.808989e+00
1415	6.662831e-01	6.280586e-01	1.599902e+00
1416	6.666833e-01	3.041514e-01	2.109917e+00
1417	6.670835e-01	3.664713e-01	1.787494e+00
1418	6.674838e-01	5.299878e-01	1.056668e+00
1419	6.678839e-01	3.531868e-01	1.356619e+00
1420	6.682841e-01	3.906960e-01	1.866634e+00
1421	6.686843e-01	6.104762e-01	1.653639e+00
1422	6.690845e-01	1.105495e-01	2.148021e+00
1423	6.694848e-01	8.208791e-01	2.803615e+00
1424	6.698849e-01	7.421490e-01	1.927211e+00
1425	6.702851e-01	6.573627e-01	1.481681e+00
1426	6.706853e-01	6.624420e-01	1.525647e+00
1427	6.710855e-01	1.525519e-01	2.630679e+00
1428	6.714858e-01	3.901099e-01	2.692233e+00
1429	6.718859e-01	3.594383e-01	2.785051e+00
1430	6.722861e-01	2.000244e-01	2.937469e+00
1431	6.726863e-01	1.767766e-01	2.521251e+00
1432	6.730865e-01	7.093285e-01	2.716659e+00
1433	6.734868e-01	5.618315e-01	2.196873e+00
1434	6.738870e-01	4.545788e-01	2.574988e+00
1435	6.742871e-01	4.106227e-01	2.226185e+00
1436	6.746873e-01	5.882051e-01	1.104543e+00
1437	6.750875e-01	8.761661e-01	1.493405e+00
1438	6.754878e-01	7.505495e-01	2.484123e+00
1439	6.758880e-01	5.594872e-01	1.462140e+00
1440	6.762881e-01	1.820513e-01	2.083537e+00
1441	6.766883e-01	2.887179e-01	2.223254e+00
1442	6.770885e-01	8.218559e-01	2.207621e+00
1443	6.774888e-01	2.705495e-01	2.059111e+00
1444	6.778890e-01	6.798291e-01	1.150464e+00
1445	6.782891e-01	2.685959e-01	2.399121e+00
1446	6.786893e-01	5.174848e-01	2.227162e+00
1447	6.790895e-01	2.840293e-01	2.134343e+00
1448	6.794898e-01	6.886203e-01	2.229116e+00
1449	6.798900e-01	5.661294e-01	1.715193e+00
1450	6.802901e-01	6.606838e-01	2.883732e+00
1451	6.806903e-01	8.884737e-01	2.244748e+00
1452	6.810905e-01	8.976557e-01	2.822179e+00
1453	6.814908e-01	8.476435e-01	2.239863e+00
1454	6.818910e-01	7.610989e-01	1.034196e+00
1455	6.822911e-01	4.405128e-01	2.716659e+00
1456	6.826913e-01	7.235898e-01	1.645823e+00
1457	6.830915e-01	6.878388e-01	1.725940e+00
1458	6.834918e-01	8.706960e-01	2.791891e+00
1459	6.838920e-01	8.572161e-01	1.751343e+00
1460	6.842921e-01	4.883761e-01	1.628236e+00
1461	6.846923e-01	5.301832e-01	1.029311e+00
1462	6.850925e-01	4.711844e-01	2.070835e+00
1463	6.854928e-01	3.326740e-01	1.798241e+00
1464	6.858930e-01	5.598779e-01	2.493894e+00
1465	6.862931e-01	4.028083e-01	2.102101e+00
1466	6.866933e-01	7.753602e-01	2.455789e+00
1467	6.870935e-01	5.692552e-01	2.363947e+00
1468	6.874938e-01	3.553358e-01	1.084025e+00
1469	6.878940e-01	6.206349e-01	1.581339e+00
1470	6.882941e-01	1.236386e-01	1.304836e+00
1471	6.886943e-01	1.593895e-01	2.236932e+00
1472	6.890945e-01	6.903785e-01	2.235955e+00
1473	6.894948e-01	4.924786e-01	1.804104e+00
1474	6.898950e-01	7.056166e-01	2.747924e+00
1475	6.902951e-01	4.112088e-01	1.969223e+00
1476	6.906953e-01	5.753114e-01	2.706888e+00
1477	6.910955e-01	2.996581e-01	1.231558e+00
1478	6.914958e-01	6.554090e-01	1.161212e+00
1479	6.918960e-01	3.059097e-01	2.075721e+00
1480	6.922962e-01	4.309402e-01	1.543234e+00
1481	6.926963e-01	5.354579e-01	2.030777e+00
1482	6.930965e-01	8.998046e-01	1.523693e+00
1483	6.934968e-01	1.787302e-01	2.275037e+00
1484	6.938970e-01	6.216117e-01	1.997557e+00
1485	6.942972e-01	4.713797e-01	1.725940e+00
1486	6.946973e-01	7.605128e-01	1.153395e+00
1487	6.950975e-01	4.924786e-01	1.253053e+00
1488	6.954978e-01	3.779976e-01	2.925745e+00
1489	6.958980e-01	3.115751e-01	1.417196e+00
1490	6.962982e-01	4.344567e-01	1.613581e+00
1491	6.966983e-01	3.772161e-01	1.047875e+00
1492	6.970985e-01	5.639805e-01	1.384954e+00
1493	6.974988e-01	1.558730e-01	2.096238e+00
1494	6.978990e-01	2.092064e-01	2.310210e+00
1495	6.982992e-01	5.342857e-01	1.201270e+00
1496	6.986993e-01	8.706960e-01	1.347826e+00
1497	6.990995e-01	7.464469e-01	2.852467e+00
1498	6.994998e-01	2.742613e-01	2.626771e+00
1499	6.999000e-01	3.252503e-01	2.479238e+00
1500	7.003002e-01	6.247375e-01	1.982902e+00
1501	7.007003e-01	5.411233e-01	2.925745e+00
1502	7.011005e-01	3.273993e-01	1.167074e+00
1503	7.015007e-01	1.357509e-01	1.526624e+00
1504	7.019010e-01	1.183639e-01	2.236932e+00
1505	7.023012e-01	6.888156e-01	2.765511e+00
1506	7.027013e-01	8.701099e-01	1.329262e+00
1507	7.031015e-01	4.625885e-01	1.169028e+00
1508	7.035017e-01	6.429060e-01	1.092819e+00
1509	7.039020e-01	7.530891e-01	2.261358e+00
1510	7.043022e-01	7.806349e-01	2.436248e+00
1511	7.047023e-01	3.924542e-01	2.255496e+00
1512	7.051025e-01	4.567277e-01	1.693698e+00
1513	7.055027e-01	7.214408e-01	1.655594e+00
1514	7.059030e-01	1.638828e-01	1.233512e+00
1515	7.063032e-01	5.268620e-01	1.942843e+00
1516	7.067033e-01	7.433211e-01	1.339033e+00
1517	7.071035e-01	2.736752e-01	1.352711e+00
1518	7.075037e-01	2.013919e-01	2.047386e+00
1519	7.079040e-01	6.759219e-01	1.598925e+00
1520	7.083042e-01	5.567522e-01	2.823156e+00
1521	7.087043e-01	5.727717e-01	1.132877e+00
1522	7.091045e-01	5.305739e-01	1.176844e+00
1523	7.095047e-01	1.603663e-01	1.866634e+00
1524	7.099050e-01	5.540171e-01	2.567171e+00
1525	7.103052e-01	1.253968e-01	2.672692e+00
1526	7.107054e-01	3.004396e-01	2.589643e+00
1527	7.111055e-01	2.853968e-01	1.785540e+00
1528	7.115057e-01	5.567522e-01	1.034196e+00
1529	7.119060e-01	3.881563e-01	1.602833e+00
1530	7.123062e-01	1.535287e-01	2.575965e+00
1531	7.127064e-01	4.092552e-01	2.484123e+00
1532	7.131065e-01	8.830037e-01	1.414265e+00
1533	7.135067e-01	8.675702e-01	1.421104e+00
1534	7.139070e-01	7.923565e-01	1.716170e+00
1535	7.143072e-01	3.041514e-01	2.744993e+00
1536	7.147074e-01	2.078388e-01	2.384465e+00
1537	7.151075e-01	8.755800e-01	1.691744e+00
1538	7.155077e-01	8.122833e-01	1.178798e+00
1539	7.159080e-01	8.116972e-01	2.830972e+00
1540	7.163082e-01	8.492064e-01	2.686370e+00
1541	7.167084e-01	8.005617e-01	1.747435e+00
1542	7.171085e-01	3.549451e-01	1.429897e+00
1543	7.175087e-01	8.066178e-01	2.558378e+00
1544	7.179090e-01	1.927961e-01	1.974108e+00
1545	7.183092e-01	5.323321e-01	1.731803e+00
1546	7.187094e-01	2.097924e-01	2.707865e+00
1547	7.191095e-01	1.429792e-01	1.463117e+00
1548	7.195097e-01	5.243224e-01	1.051783e+00
1549	7.199100e-01	2.769963e-01	2.582804e+00
1550	7.203102e-01	6.538462e-01	2.906204e+00
1551	7.207104e-01	7.653968e-01	2.308256e+00
1552	7.211105e-01	3.578755e-01	2.203713e+00
1553	7.215107e-01	4.999023e-01	1.851001e+00
1554	7.219110e-01	7.765324e-01	2.557401e+00
1555	7.223112e-01	6.362638e-01	2.127504e+00
1556	7.227114e-01	3.484982e-01	1.183683e+00
1557	7.231115e-01	8.749939e-01	1.517831e+00
1558	7.235117e-01	6.227839e-01	2.406937e+00
1559	7.239120e-01	5.151404e-01	2.077675e+00
1560	7.243122e-01	1.759951e-01	1.236444e+00
1561	7.247124e-01	8.619048e-01	1.929165e+00
1562	7.251125e-01	8.888645e-01	1.023449e+00
1563	7.255127e-01	3.785836e-01	1.064485e+00
1564	7.259130e-01	1.152381e-01	1.277479e+00
1565	7.263132e-01	8.294750e-01	1.845139e+00
1566	7.267134e-01	1.365324e-01	1.973131e+00
1567	7.271135e-01	5.305739e-01	2.472399e+00
1568	7.275137e-01	5.352625e-01	1.151441e+00
1569	7.279140e-01	5.645666e-01	2.558378e+00
1570	7.283142e-01	4.416850e-01	2.004397e+00
1571	7.287144e-01	2.369475e-01	1.951637e+00
1572	7.291146e-01	7.376557e-01	1.558867e+00
1573	7.295147e-01	3.938217e-01	2.801661e+00
1574	7.299150e-01	8.933578e-01	2.544700e+00
1575	7.303152e-01	2.756288e-01	1.345872e+00
1576	7.307154e-01	8.564347e-01	1.686859e+00
1577	7.311156e-01	3.551404e-01	2.725452e+00
1578	7.315157e-01	2.420269e-01	1.668295e+00
1579	7.319160e-01	4.580952e-01	1.786517e+00
1580	7.323162e-01	2.891087e-01	2.437225e+00
1581	7.327164e-01	8.263492e-01	2.128481e+00
1582	7.331166e-01	1.820513e-01	2.784074e+00
1583	7.335167e-01	6.200489e-01	1.586224e+00
1584	7.339170e-01	4.870085e-01	1.923302e+00
1585	7.343172e-01	1.289133e-01	2.644358e+00
1586	7.347174e-01	4.854457e-01	1.829507e+00
1587	7.351176e-01	6.190721e-01	2.114802e+00
1588	7.355177e-01	3.778022e-01	1.063508e+00
1589	7.359179e-01	6.831502e-01	2.355154e+00
1590	7.363182e-01	8.216606e-01	2.793845e+00
1591	7.367184e-01	4.401221e-01	2.389350e+00
1592	7.371186e-01	1.959219e-01	1.976063e+00
1593	7.375187e-01	7.230037e-01	2.190034e+00
1594	7.379189e-01	4.287912e-01	1.904739e+00
1595	7.383192e-01	4.954090e-01	1.589155e+00
1596	7.387194e-01	5.682784e-01	2.608207e+00
1597	7.391196e-01	8.435409e-01	1.751343e+00
1598	7.395197e-01	7.784860e-01	1.317538e+00
1599	7.399199e-01	3.676435e-01	2.326820e+00
1600	7.403202e-01	7.482051e-01	2.483146e+00
1601	7.407204e-01	2.939927e-01	2.167562e+00
1602	7.411206e-01	5.624176e-01	2.565217e+00
1603	7.415207e-01	5.563614e-01	2.701026e+00
1604	7.419209e-01	8.257631e-01	2.196873e+00
1605	7.423212e-01	3.109890e-01	2.236932e+00
1606	7.427214e-01	2.978999e-01	1.756229e+00
1607	7.431216e-01	6.251282e-01	2.469468e+00
1608	7.435217e-01	4.463736e-01	2.740107e+00
1609	7.439219e-01	6.317705e-01	2.376649e+00
1610	7.443222e-01	6.288401e-01	1.635076e+00
1611	7.447224e-01	4.930647e-01	1.985833e+00
1612	7.451226e-01	5.487424e-01	2.683439e+00
1613	7.455228e-01	8.474481e-01	2.635564e+00
1614	7.459229e-01	1.000000e-01	2.074744e+00
1615	7.463232e-01	6.923321e-01	2.240840e+00
1616	7.467234e-01	6.114530e-01	2.932584e+00
1617	7.471236e-01	1.814652e-01	1.869565e+00
1618	7.475238e-01	7.993895e-01	1.688813e+00
1619	7.479239e-01	2.138950e-01	2.125550e+00
1620	7.483242e-01	8.771429e-01	2.625794e+00
1621	7.487244e-01	5.723810e-01	1.874450e+00
1622	7.491246e-01	1.761905e-01	1.986810e+00
1623	7.495248e-01	5.686691e-01	1.112360e+00
1624	7.499249e-01	6.454457e-01	2.001466e+00
1625	7.503252e-01	3.977289e-01	2.370787e+00
1626	7.507254e-01	4.274237e-01	2.454812e+00
1627	7.511256e-01	5.712088e-01	2.880801e+00
1628	7.515258e-01	3.273993e-01	1.092819e+00
1629	7.519259e-01	4.030037e-01	2.137274e+00
1630	7.523262e-01	7.335531e-01	1.475818e+00
1631	7.527264e-01	1.754090e-01	2.725452e+00
1632	7.531266e-01	1.814652e-01	1.784563e+00
1633	7.535268e-01	6.188767e-01	2.905227e+00
1634	7.539269e-01	7.947009e-01	2.163654e+00
1635	7.543272e-01	7.060073e-01	2.358085e+00
1636	7.547274e-01	2.576557e-01	2.391304e+00
1637	7.551276e-01	1.463004e-01	2.169516e+00
1638	7.555278e-01	5.755067e-01	1.574499e+00
1639	7.559279e-01	7.566056e-01	2.104055e+00
1640	7.563282e-01	8.152137e-01	1.770884e+00
1641	7.567284e-01	5.950428e-01	2.212506e+00
1642	7.571286e-01	1.449328e-01	1.830484e+00
1643	7.575288e-01	3.184127e-01	2.361993e+00
1644	7.579289e-01	6.847131e-01	1.606742e+00
1645	7.583292e-01	5.997314e-01	1.090865e+00
1646	7.587294e-01	7.167521e-01	1.875427e+00
1647	7.591296e-01	8.632723e-01	2.490962e+00
1648	7.595298e-01	8.320147e-01	1.409380e+00
1649	7.599299e-01	7.790720e-01	2.132389e+00
1650	7.603302e-01	4.145299e-01	1.424035e+00
1651	7.607304e-01	5.979732e-01	1.361505e+00
1652	7.611306e-01	8.630769e-01	1.721055e+00
1653	7.615308e-01	8.062271e-01	1.192477e+00
1654	7.619309e-01	3.590476e-01	1.812897e+00
1655	7.623312e-01	7.593407e-01	1.871519e+00
1656	7.627314e-01	8.169719e-01	2.771373e+00
1657	7.631316e-01	5.167033e-01	2.809477e+00
1658	7.635318e-01	6.204396e-01	2.176356e+00
1659	7.639320e-01	3.342369e-01	2.525159e+00
1660	7.643322e-01	4.565324e-01	2.669761e+00
1661	7.647324e-01	8.232234e-01	1.865657e+00
1662	7.651326e-01	6.091087e-01	2.431363e+00
1663	7.655328e-01	1.713065e-01	1.204201e+00
1664	7.659330e-01	4.680586e-01	2.751832e+00
1665	7.663332e-01	3.674481e-01	2.413776e+00
1666	7.667334e-01	5.352625e-01	2.827064e+00
1667	7.671336e-01	4.549695e-01	2.991207e+00
1668	7.675338e-01	6.096948e-01	2.305325e+00
1669	7.679340e-01	1.365324e-01	2.843674e+00
1670	7.683342e-01	1.236386e-01	2.480215e+00
1671	7.687344e-01	2.428083e-01	2.702980e+00
1672	7.691346e-01	3.500611e-01	1.798241e+00
1673	7.695348e-01	8.023199e-01	2.852467e+00
1674	7.699350e-01	4.948230e-01	1.681974e+00
1675	7.703351e-01	3.754579e-01	2.756717e+00
1676	7.707354e-01	1.703297e-01	1.992672e+00
1677	7.711356e-01	2.244444e-01	1.896922e+00
1678	7.715358e-01	1.847863e-01	1.978994e+00
1679	7.719360e-01	3.201710e-01	1.263801e+00
1680	7.723361e-01	2.459341e-01	1.437714e+00
1681	7.727364e-01	4.354335e-01	1.905716e+00
1682	7.731366e-01	5.530403e-01	2.451881e+00
1683	7.735368e-01	2.793407e-01	1.812897e+00
1684	7.739370e-01	2.514042e-01	2.079629e+00
1685	7.743371e-01	2.310867e-01	1.875427e+00
1686	7.747374e-01	2.117460e-01	2.370787e+00
1687	7.751376e-01	2.154579e-01	2.810454e+00
1688	7.755378e-01	1.336020e-01	1.087934e+00
1689	7.759380e-01	4.323077e-01	1.141671e+00
1690	7.763381e-01	2.541392e-01	2.038593e+00
1691	7.767384e-01	4.795849e-01	2.122618e+00
1692	7.771386e-01	1.062515e-01	1.519785e+00
1693	7.775388e-01	1.037118e-01	1.455300e+00
1694	7.779390e-01	7.997802e-01	2.119687e+00
1695	7.783391e-01	6.438828e-01	1.228627e+00
1696	7.787394e-01	8.116972e-01	1.396678e+00
1697	7.791396e-01	7.269109e-01	2.823156e+00
1698	7.795398e-01	8.697192e-01	1.030288e+00
1699	7.799400e-01	6.270818e-01	1.604787e+00
1700	7.803401e-01	3.221246e-01	2.290669e+00
1701	7.807404e-01	3.959707e-01	2.669761e+00
1702	7.811406e-01	2.320635e-01	1.056668e+00
1703	7.815408e-01	7.958730e-01	1.828530e+00
1704	7.819410e-01	5.292064e-01	2.141182e+00
1705	7.823412e-01	6.940904e-01	1.916463e+00
1706	7.827414e-01	1.357509e-01	1.868588e+00
1707	7.831416e-01	1.076190e-01	1.210064e+00
1708	7.835418e-01	7.777045e-01	1.056668e+00
1709	7.839420e-01	2.330403e-01	1.887152e+00
1710	7.843422e-01	3.352137e-01	2.385442e+00
1711	7.847424e-01	7.231990e-01	1.733757e+00
1712	7.851426e-01	8.564347e-01	1.249145e+00
1713	7.855428e-01	6.112576e-01	2.629702e+00
1714	7.859430e-01	5.561661e-01	2.191011e+00
1715	7.863432e-01	1.468864e-01	2.391304e+00
1716	7.867434e-01	1.963126e-01	2.714704e+00
1717	7.871436e-01	3.119658e-01	2.142159e+00
1718	7.875438e-01	8.544811e-01	1.539326e+00
1719	7.879440e-01	4.942369e-01	2.917929e+00
1720	7.883442e-01	4.360195e-01	1.940889e+00
1721	7.887444e-01	2.666422e-01	2.859306e+00
1722	7.891446e-01	4.618071e-01	1.871519e+00
1723	7.895448e-01	5.139683e-01	2.197851e+00
1724	7.899450e-01	2.855922e-01	1.734734e+00
1725	7.903452e-01	1.168010e-01	1.103566e+00
1726	7.907454e-01	5.239316e-01	2.199805e+00
1727	7.911456e-01	6.677167e-01	2.901319e+00
1728	7.915458e-01	3.897192e-01	2.394235e+00
1729	7.919460e-01	4.061294e-01	2.729360e+00
1730	7.923462e-01	6.171185e-01	2.765511e+00
1731	7.927464e-01	7.239805e-01	2.066927e+00
1732	7.931466e-01	7.958730e-01	1.179775e+00
1733	7.935468e-01	1.416117e-01	2.250611e+00
1734	7.939470e-01	2.437851e-01	1.178798e+00
1735	7.943472e-01	3.334554e-01	1.398632e+00
1736	7.947474e-01	7.241758e-01	1.000000e+00
1737	7.951476e-01	1.513797e-01	1.929165e+00
1738	7.955478e-01	6.743590e-01	1.326331e+00
1739	7.959480e-01	5.252992e-01	2.799707e+00
1740	7.963482e-01	3.123565e-01	1.210064e+00
1741	7.967484e-01	4.807570e-01	2.181241e+00
1742	7.971486e-01	3.819048e-01	1.741573e+00
1743	7.975488e-01	3.164591e-01	1.858818e+00
1744	7.979490e-01	5.270574e-01	1.612604e+00
1745	7.983492e-01	6.175092e-01	1.720078e+00
1746	7.987494e-01	1.754090e-01	2.707865e+00
1747	7.991496e-01	8.574115e-01	2.856375e+00
1748	7.995498e-01	4.774359e-01	2.996092e+00
1749	7.999500e-01	7.214408e-01	1.605765e+00
1750	8.003502e-01	5.348718e-01	1.273571e+00
1751	8.007504e-01	3.008303e-01	2.294577e+00
1752	8.011506e-01	5.549939e-01	2.261358e+00
1753	8.015508e-01	5.448352e-01	2.146067e+00
1754	8.019510e-01	8.177534e-01	1.349780e+00
1755	8.023512e-01	2.891087e-01	1.649731e+00
1756	8.027514e-01	6.122344e-01	1.849047e+00
1757	8.031516e-01	8.662027e-01	2.970689e+00
1758	8.035518e-01	8.181441e-01	1.912555e+00
1759	8.039520e-01	6.657631e-01	2.725452e+00
1760	8.043522e-01	8.050550e-01	2.416707e+00
1761	8.047524e-01	5.891819e-01	2.902296e+00
1762	8.051526e-01	7.247619e-01	1.231558e+00
1763	8.055528e-01	8.517460e-01	2.010259e+00
1764	8.059530e-01	5.454213e-01	1.864680e+00
1765	8.063532e-01	8.232234e-01	1.401563e+00
1766	8.067534e-01	7.276923e-01	1.619443e+00
1767	8.071536e-01	4.391453e-01	2.412799e+00
1768	8.075538e-01	4.760684e-01	2.919883e+00
1769	8.079540e-01	6.118437e-01	2.468490e+00
1770	8.083542e-01	1.539194e-01	2.504641e+00
1771	8.087544e-01	5.235409e-01	1.830484e+00
1772	8.091546e-01	5.706227e-01	2.949194e+00
1773	8.095548e-01	6.600977e-01	2.943332e+00
1774	8.099550e-01	6.722100e-01	2.629702e+00
1775	8.103552e-01	8.335775e-01	1.385931e+00
1776	8.107554e-01	7.091331e-01	1.112360e+00
1777	8.111556e-01	5.575336e-01	1.168051e+00
1778	8.115558e-01	1.689622e-01	1.044944e+00
1779	8.119560e-01	7.357021e-01	1.571568e+00
1780	8.123562e-01	2.818803e-01	1.793356e+00
1781	8.127564e-01	6.946764e-01	1.047875e+00
1782	8.131566e-01	7.825885e-01	1.669272e+00
1783	8.135568e-01	3.920635e-01	2.292623e+00
1784	8.139570e-01	2.176068e-01	1.018564e+00
1785	8.143572e-01	6.522833e-01	1.857841e+00
1786	8.147574e-01	8.046642e-01	1.878359e+00
1787	8.151576e-01	8.376801e-01	2.875916e+00
1788	8.155578e-01	6.653724e-01	1.488520e+00
1789	8.159580e-01	8.636630e-01	2.688324e+00
1790	8.163582e-01	1.234432e-01	2.486077e+00
1791	8.167584e-01	1.146520e-01	2.162677e+00
1792	8.171586e-01	4.196093e-01	1.360528e+00
1793	8.175588e-01	3.660806e-01	2.943332e+00
1794	8.179590e-01	1.812698e-01	1.508061e+00
1795	8.183592e-01	2.029548e-01	2.316072e+00
1796	8.187594e-01	7.603175e-01	2.488031e+00
1797	8.191596e-01	3.727228e-01	1.713239e+00
1798	8.195598e-01	1.312576e-01	1.824621e+00
1799	8.199600e-01	1.009768e-01	1.745481e+00
1800	8.203602e-01	6.686935e-01	1.765999e+00
1801	8.207604e-01	4.205861e-01	1.366390e+00
1802	8.211606e-01	8.290843e-01	2.291646e+00
1803	8.215608e-01	1.482540e-01	1.470933e+00
1804	8.219610e-01	8.560440e-01	1.059599e+00
1805	8.223612e-01	1.316484e-01	2.897411e+00
1806	8.227614e-01	8.091575e-01	1.231558e+00
1807	8.231616e-01	7.118681e-01	2.143136e+00
1808	8.235618e-01	6.186813e-01	1.388862e+00
1809	8.239620e-01	7.173382e-01	1.999511e+00
1810	8.243622e-01	2.793407e-01	2.601368e+00
1811	8.247624e-01	1.629060e-01	1.197362e+00
1812	8.251626e-01	7.177289e-01	2.679531e+00
1813	8.255628e-01	6.821734e-01	2.245725e+00
1814	8.259630e-01	2.006105e-01	1.915486e+00
1815	8.263632e-01	8.982418e-01	2.346361e+00
1816	8.267634e-01	4.364103e-01	2.593552e+00
1817	8.271636e-01	4.424664e-01	2.326820e+00
1818	8.275638e-01	6.768987e-01	2.955056e+00
1819	8.279640e-01	8.595604e-01	1.663410e+00
1820	8.283642e-01	5.028327e-01	2.957010e+00
1821	8.287644e-01	6.120391e-01	2.559355e+00
1822	8.291646e-01	1.375092e-01	2.618955e+00
1823	8.295648e-01	6.403663e-01	1.780655e+00
1824	8.299650e-01	5.014652e-01	2.787982e+00
1825	8.303652e-01	4.559463e-01	1.903762e+00
1826	8.307654e-01	3.776068e-01	1.094773e+00
1827	8.311656e-01	7.202686e-01	1.476795e+00
1828	8.315658e-01	8.548718e-01	1.010747e+00
1829	8.319660e-01	8.445177e-01	1.276502e+00
1830	8.323662e-01	2.853968e-01	2.712750e+00
1831	8.327664e-01	8.245910e-01	1.608696e+00
1832	8.331666e-01	3.610012e-01	2.335613e+00
1833	8.335668e-01	8.871062e-01	1.189546e+00
1834	8.339670e-01	7.579731e-01	2.732291e+00
1835	8.343672e-01	6.706471e-01	2.303371e+00
1836	8.347674e-01	8.376801e-01	2.413776e+00
1837	8.351676e-01	6.724054e-01	2.876893e+00
1838	8.355678e-01	7.063981e-01	2.563263e+00
1839	8.359680e-01	6.313797e-01	2.039570e+00
1840	8.363682e-01	7.702808e-01	1.436737e+00
1841	8.367684e-01	8.886691e-01	1.738642e+00
1842	8.371686e-01	6.063736e-01	2.044455e+00
1843	8.375688e-01	3.430281e-01	1.304836e+00
1844	8.379690e-01	3.109890e-01	1.936981e+00
1845	8.383692e-01	6.163370e-01	2.982413e+00
1846	8.387694e-01	2.297192e-01	1.203224e+00
1847	8.391696e-01	2.179976e-01	2.955056e+00
1848	8.395698e-01	8.077900e-01	1.524670e+00
1849	8.399700e-01	5.288157e-01	1.827553e+00
1850	8.403702e-01	1.513797e-01	1.996580e+00
1851	8.407704e-01	1.259829e-01	2.945286e+00
1852	8.411706e-01	5.819536e-01	1.991695e+00
1853	8.415708e-01	8.642491e-01	2.442110e+00
1854	8.419710e-01	2.109646e-01	1.477772e+00
1855	8.423712e-01	5.962149e-01	2.906204e+00
1856	8.427714e-01	6.829548e-01	1.423058e+00
1857	8.431716e-01	2.287424e-01	2.446019e+00
1858	8.435718e-01	3.934310e-01	2.860283e+00
1859	8.439720e-01	8.501832e-01	1.522716e+00
1860	8.443722e-01	6.593163e-01	1.331216e+00
1861	8.447724e-01	2.008059e-01	2.446019e+00
1862	8.451726e-01	2.068620e-01	2.095261e+00
1863	8.455728e-01	3.799512e-01	1.073278e+00
1864	8.459730e-01	4.239072e-01	2.543723e+00
1865	8.463732e-01	6.802198e-01	2.876893e+00
1866	8.467734e-01	2.078388e-01	2.031754e+00
1867	8.471736e-01	4.643468e-01	1.949682e+00
1868	8.475738e-01	5.045910e-01	2.642404e+00
1869	8.479740e-01	1.781441e-01	1.577430e+00
1870	8.483742e-01	1.238339e-01	1.871519e+00
1871	8.487744e-01	5.966056e-01	2.033708e+00
1872	8.491746e-01	3.588523e-01	2.127504e+00
1873	8.495748e-01	1.957265e-01	1.762091e+00
1874	8.499750e-01	2.973138e-01	1.228627e+00
1875	8.503752e-01	3.568987e-01	2.783097e+00
1876	8.507754e-01	6.120391e-01	2.788959e+00
1877	8.511756e-01	7.456655e-01	2.095261e+00
1878	8.515758e-01	6.767033e-01	1.627259e+00
1879	8.519760e-01	7.337485e-01	1.503175e+00
1880	8.523762e-01	1.339927e-01	1.068393e+00
1881	8.527764e-01	5.758975e-01	1.710308e+00
1882	8.531766e-01	3.199756e-01	1.200293e+00
1883	8.535768e-01	8.320147e-01	2.123596e+00
1884	8.539770e-01	4.686447e-01	1.049829e+00
1885	8.543772e-01	4.401221e-01	2.962872e+00
1886	8.547774e-01	6.843224e-01	1.183683e+00
1887	8.551776e-01	2.992674e-01	1.214949e+00
1888	8.555778e-01	7.622711e-01	2.475330e+00
1889	8.559780e-01	6.954579e-01	1.297020e+00
1890	8.563782e-01	4.409035e-01	1.260870e+00
1891	8.567784e-01	1.158242e-01	1.263801e+00
1892	8.571786e-01	5.100611e-01	2.308256e+00
1893	8.575788e-01	7.718437e-01	1.933073e+00
1894	8.579790e-01	8.871062e-01	1.526624e+00
1895	8.583792e-01	3.871795e-01	1.105520e+00
1896	8.587794e-01	2.191697e-01	2.816317e+00
1897	8.591796e-01	2.631258e-01	2.696141e+00
1898	8.595798e-01	1.031258e-01	1.474841e+00
1899	8.599800e-01	2.637118e-01	2.859306e+00
1900	8.603802e-01	2.049084e-01	1.519785e+00
1901	8.607804e-01	8.644444e-01	2.446019e+00
1902	8.611806e-01	6.407570e-01	1.817782e+00
1903	8.615808e-01	8.322100e-01	1.013679e+00
1904	8.619810e-01	5.585104e-01	1.638007e+00
1905	8.623812e-01	5.622222e-01	2.997069e+00
1906	8.627814e-01	6.798291e-01	1.389839e+00
1907	8.631816e-01	1.521612e-01	1.948705e+00
1908	8.635818e-01	4.395360e-01	2.619932e+00
1909	8.639820e-01	4.764591e-01	2.633610e+00
1910	8.643822e-01	5.294017e-01	2.318026e+00
1911	8.647824e-01	4.477412e-01	1.742550e+00
1912	8.651826e-01	7.267155e-01	1.553981e+00
1913	8.655828e-01	1.875214e-01	2.149976e+00
1914	8.659830e-01	7.058120e-01	2.257450e+00
1915	8.663832e-01	3.016117e-01	2.553493e+00
1916	8.667834e-01	8.554579e-01	1.829507e+00
1917	8.671836e-01	6.997558e-01	1.479726e+00
1918	8.675838e-01	4.293773e-01	1.658525e+00
1919	8.679840e-01	1.986569e-01	2.940401e+00
1920	8.683842e-01	3.592430e-01	1.804104e+00
1921	8.687844e-01	8.873016e-01	1.195408e+00
1922	8.691846e-01	3.387302e-01	1.196385e+00
1923	8.695848e-01	3.287668e-01	1.892037e+00
1924	8.699850e-01	8.634676e-01	2.025892e+00
1925	8.703852e-01	2.049084e-01	2.963850e+00
1926	8.707854e-01	5.688645e-01	1.262824e+00
1927	8.711856e-01	2.410501e-01	2.477284e+00
1928	8.715858e-01	2.633211e-01	2.143136e+00
1929	8.719860e-01	2.252259e-01	2.845628e+00
1930	8.723862e-01	5.800000e-01	2.635564e+00
1931	8.727864e-01	7.796581e-01	1.175867e+00
1932	8.731866e-01	5.928938e-01	1.395701e+00
1933	8.735868e-01	2.310867e-01	1.111383e+00
1934	8.739870e-01	3.107937e-01	2.148999e+00
1935	8.743872e-01	1.101587e-01	1.350757e+00
1936	8.747874e-01	8.906227e-01	2.987298e+00
1937	8.751876e-01	6.093040e-01	2.147044e+00
1938	8.755878e-01	1.367277e-01	2.690278e+00
1939	8.759880e-01	1.076190e-01	1.000000e+00
1940	8.763882e-01	6.432967e-01	1.562775e+00
1941	8.767884e-01	4.926740e-01	2.060088e+00
1942	8.771886e-01	6.651771e-01	1.668295e+00
1943	8.775888e-01	6.073504e-01	2.642404e+00
1944	8.779890e-01	8.622955e-01	2.163654e+00
1945	8.783892e-01	7.974359e-01	1.211041e+00
1946	8.787894e-01	2.596093e-01	1.884221e+00
1947	8.791896e-01	1.773626e-01	2.262335e+00
1948	8.795898e-01	3.559219e-01	2.043478e+00
1949	8.799900e-01	7.747741e-01	1.333170e+00
1950	8.803902e-01	5.383883e-01	2.424524e+00
1951	8.807904e-01	2.367521e-01	1.144602e+00
1952	8.811906e-01	7.823932e-01	2.230093e+00
1953	8.815908e-01	7.583639e-01	2.595506e+00
1954	8.819910e-01	6.841270e-01	2.329751e+00
1955	8.823912e-01	8.191209e-01	2.636541e+00
1956	8.827914e-01	8.785104e-01	2.558378e+00
1957	8.831916e-01	6.391942e-01	1.717147e+00
1958	8.835918e-01	1.451282e-01	2.232047e+00
1959	8.839920e-01	5.717949e-01	1.036150e+00
1960	8.843922e-01	1.789255e-01	2.845628e+00
1961	8.847924e-01	5.495238e-01	2.192965e+00
1962	8.851926e-01	2.457387e-01	1.635076e+00
1963	8.855928e-01	1.910379e-01	1.007816e+00
1964	8.859930e-01	8.357265e-01	2.829018e+00
1965	8.863932e-01	1.681807e-01	2.870054e+00
1966	8.867934e-01	7.507448e-01	2.025892e+00
1967	8.871936e-01	1.027350e-01	1.664387e+00
1968	8.875938e-01	1.509890e-01	2.305325e+00
1969	8.879940e-01	5.518682e-01	2.175379e+00
1970	8.883942e-01	6.268865e-01	2.854421e+00
1971	8.887944e-01	2.621490e-01	1.525647e+00
1972	8.891946e-01	7.823932e-01	2.506595e+00
1973	8.895948e-01	3.484982e-01	2.637518e+00
1974	8.899950e-01	2.476923e-01	2.601368e+00
1975	8.903952e-01	8.347497e-01	2.133366e+00
1976	8.907954e-01	3.891331e-01	2.921837e+00
1977	8.911956e-01	5.653480e-01	1.173913e+00
1978	8.915958e-01	2.111600e-01	1.781632e+00
1979	8.919960e-01	1.363370e-01	1.233512e+00
1980	8.923962e-01	6.220025e-01	1.523693e+00
1981	8.927964e-01	5.206105e-01	2.863214e+00
1982	8.931966e-01	4.098413e-01	1.117245e+00
1983	8.935968e-01	2.052992e-01	2.804592e+00
1984	8.939970e-01	3.844445e-01	1.785540e+00
1985	8.943972e-01	2.959463e-01	1.056668e+00
1986	8.947974e-01	2.277656e-01	2.790914e+00
1987	8.951976e-01	6.165324e-01	1.049829e+00
1988	8.955978e-01	3.594383e-01	2.826087e+00
1989	8.959980e-01	8.374847e-01	1.035173e+00
1990	8.963982e-01	7.853236e-01	2.361016e+00
1991	8.967984e-01	7.337485e-01	1.872496e+00
1992	8.971986e-01	3.563126e-01	2.494871e+00
1993	8.975988e-01	7.093285e-01	2.837811e+00
1994	8.979990e-01	1.550916e-01	2.229116e+00
1995	8.983992e-01	5.141636e-01	1.886175e+00
1996	8.987994e-01	8.505739e-01	1.172936e+00
1997	8.991996e-01	2.496459e-01	2.301417e+00
1998	8.995998e-01	5.581197e-01	2.276014e+00
1999	9.000000e-01	7.210501e-01	2.713727e+00
