2000
0	4.559464e-01	4.247666e-01	2.659990e+00
1	4.499575e-01	3.248865e-01	1.927211e+00
3	4.170844e-01	4.176181e-01	1.306790e+00
4	4.496782e-01	3.686017e-01	2.219345e+00
5	6.646399e-01	5.214292e-01	2.259404e+00
6	4.492390e-01	3.304347e-01	2.766488e+00
9	4.583890e-01	4.314939e-01	1.231558e+00
10	4.440583e-01	4.278149e-01	1.283341e+00
14	4.008670e-01	4.528557e-01	2.148021e+00
16	4.442950e-01	3.821250e-01	2.881778e+00
17	4.062756e-01	3.676238e-01	1.311676e+00
19	4.451364e-01	4.595309e-01	2.081583e+00
20	5.402160e-01	2.762278e-01	2.944309e+00
21	4.205509e-01	3.954701e-01	2.364924e+00
22	5.405967e-01	3.734729e-01	2.446996e+00
24	3.700673e-01	4.086373e-01	2.993161e+00
26	4.835379e-01	4.089291e-01	1.180752e+00
29	4.492412e-01	3.439423e-01	1.761114e+00
30	4.928771e-01	4.233276e-01	2.705911e+00
31	4.643327e-01	4.464063e-01	2.189057e+00
32	1.735943e-01	4.657414e-01	2.337567e+00
36	3.076088e-01	3.684142e-01	1.131900e+00
39	3.861838e-01	4.151349e-01	2.950171e+00
41	4.353373e-01	3.360008e-01	1.319492e+00
43	5.209696e-01	3.882116e-01	2.796776e+00
45	4.376186e-01	4.043706e-01	2.812408e+00
47	4.462022e-01	3.692751e-01	2.619932e+00
48	4.530374e-01	4.176676e-01	1.500244e+00
49	4.145234e-01	3.931209e-01	1.309722e+00
50	4.435727e-01	3.933743e-01	1.122130e+00
52	4.571666e-01	3.302463e-01	1.758183e+00
53	4.435768e-01	4.157812e-01	2.832926e+00
54	4.607103e-01	3.418170e-01	2.136297e+00
55	4.702742e-01	3.749294e-01	1.853933e+00
56	4.598091e-01	3.513605e-01	1.607719e+00
57	9.035788e-01	2.552120e-01	1.982902e+00
58	4.622251e-01	3.660336e-01	2.045432e+00
59	4.137263e-01	4.082313e-01	1.234489e+00
62	4.796058e-01	3.890781e-01	2.046409e+00
65	3.962294e-01	5.787977e-01	1.164143e+00
69	3.101231e-01	5.789421e-01	1.689790e+00
70	4.890220e-01	3.743659e-01	2.347338e+00
73	4.021970e-01	3.949377e-01	1.758183e+00
74	3.982802e-01	4.465869e-01	2.161700e+00
76	4.439492e-01	4.087749e-01	2.038593e+00
77	5.215152e-01	4.292553e-01	1.977040e+00
78	3.883750e-01	3.365188e-01	2.565217e+00
80	4.359620e-01	3.287046e-01	2.205667e+00
81	4.633715e-01	3.754719e-01	1.398632e+00
82	4.328401e-01	4.067347e-01	1.638007e+00
83	4.098967e-01	3.718592e-01	1.205178e+00
85	5.149776e-01	3.751565e-01	1.362482e+00
87	3.858294e-01	4.545828e-01	1.996580e+00
88	5.381262e-01	2.296592e-01	1.143625e+00
89	4.055444e-01	4.327336e-01	1.917440e+00
90	9.606022e-01	2.284645e-01	1.747435e+00
91	4.528212e-01	4.278570e-01	2.804592e+00
92	4.804664e-01	3.807412e-01	1.592086e+00
93	4.320406e-01	4.058634e-01	2.871031e+00
94	5.844931e-01	4.762935e-01	1.717147e+00
96	4.837132e-01	4.291896e-01	2.295554e+00
97	2.385531e-01	4.323278e-01	1.248168e+00
98	4.901603e-01	3.884112e-01	2.607230e+00
99	3.805802e-01	5.182531e-01	2.866146e+00
100	9.485765e-01	2.408816e-01	2.349292e+00
101	4.530916e-01	4.394770e-01	1.344895e+00
103	9.571866e-01	2.487361e-01	1.942843e+00
104	4.217264e-01	3.608862e-01	2.097215e+00
105	4.774437e-01	3.801215e-01	2.440156e+00
107	2.912059e-01	6.618698e-01	2.630679e+00
108	5.648064e-01	4.236163e-01	1.023449e+00
110	4.479139e-01	4.393458e-01	2.002443e+00
112	5.683193e-01	4.140748e-01	2.215437e+00
113	4.580458e-01	4.438656e-01	1.230581e+00
114	4.164879e-01	3.559118e-01	2.364924e+00
116	4.139611e-01	3.697381e-01	1.324377e+00
117	3.298208e-01	5.530189e-01	1.500244e+00
118	3.625262e-01	5.419435e-01	2.812408e+00
119	5.559310e-01	2.511375e-01	1.448461e+00
120	4.603548e-01	4.418156e-01	2.302394e+00
122	4.410355e-01	2.943820e-01	2.131412e+00
123	5.458081e-01	3.966981e-01	2.719590e+00
124	5.127068e-01	2.925227e-01	2.884709e+00
125	3.207555e-01	5.032181e-01	2.896434e+00
126	4.581524e-01	4.368899e-01	1.119199e+00
127	4.469844e-01	4.181254e-01	2.184172e+00
128	3.942859e-01	5.959293e-01	2.469468e+00
129	5.502432e-01	2.540060e-01	1.157303e+00
130	6.073335e-01	3.366794e-01	2.511480e+00
131	4.206267e-01	4.998971e-01	2.546654e+00
134	4.368001e-01	4.280163e-01	2.489008e+00
135	4.369271e-01	2.602194e-01	2.473376e+00
136	3.826882e-01	3.684333e-01	1.486566e+00
137	5.739791e-01	2.781265e-01	1.004885e+00
140	5.109096e-01	4.088864e-01	1.103566e+00
141	4.440338e-01	3.995155e-01	2.380557e+00
142	4.327372e-01	1.520991e-01	2.226185e+00
143	4.868086e-01	4.214721e-01	2.559355e+00
144	4.092281e-01	3.828718e-01	2.978505e+00
148	4.509933e-01	3.455632e-01	2.119687e+00
149	6.310091e-01	7.636018e-01	2.315095e+00
150	3.842362e-01	3.701555e-01	1.074255e+00
151	3.636244e-01	2.744694e-01	2.398144e+00
152	4.654629e-01	4.163896e-01	2.014167e+00
154	4.165034e-01	4.198716e-01	2.126527e+00
155	4.073485e-01	3.872403e-01	1.117245e+00
156	4.588356e-01	3.305511e-01	2.617978e+00
157	6.356048e-01	7.575622e-01	2.454812e+00
158	4.107422e-01	4.106897e-01	1.060576e+00
160	4.467734e-01	4.643514e-01	1.728872e+00
161	4.383947e-01	8.236413e-01	2.528090e+00
162	3.682121e-01	4.344374e-01	1.137763e+00
163	5.067505e-01	3.710419e-01	2.477284e+00
164	5.476922e-01	2.933227e-01	1.328285e+00
165	3.854319e-01	4.069008e-01	2.865169e+00
166	1.263028e-01	7.213431e-01	2.580850e+00
167	3.109110e-01	5.293599e-01	1.963361e+00
168	4.619086e-01	4.082790e-01	1.665364e+00
169	5.323917e-01	2.921361e-01	1.217880e+00
171	3.809691e-01	3.976067e-01	2.021983e+00
173	1.334809e-01	7.464397e-01	1.551050e+00
175	4.293438e-01	3.363621e-01	2.931607e+00
176	1.334977e-01	7.655933e-01	2.152907e+00
177	4.753655e-01	4.594375e-01	1.943820e+00
178	4.648786e-01	9.458610e-02	1.311676e+00
179	4.442322e-01	4.357774e-01	1.547142e+00
180	4.842710e-01	3.596068e-01	2.213483e+00
181	4.338212e-01	4.367245e-01	2.043478e+00
182	4.169649e-01	4.011405e-01	2.673669e+00
186	5.406967e-01	3.024041e-01	2.940401e+00
188	4.781218e-01	4.575767e-01	2.628725e+00
189	4.268270e-01	4.362486e-01	2.664875e+00
191	5.144330e-01	4.033543e-01	2.334636e+00
192	4.113372e-01	5.304906e-01	2.055203e+00
193	4.726963e-01	4.211040e-01	1.027357e+00
194	4.377558e-01	8.469719e-02	1.698583e+00
195	4.550634e-01	4.621409e-01	1.006839e+00
198	3.113558e-01	3.994010e-01	2.058134e+00
199	4.280908e-01	4.319556e-01	1.997557e+00
200	4.752491e-01	4.203157e-01	2.697118e+00
201	5.317354e-01	2.937227e-01	2.445042e+00
202	4.632853e-01	4.693660e-01	1.279433e+00
203	4.506873e-01	4.508477e-01	2.408891e+00
205	5.346209e-01	2.842635e-01	2.023937e+00
207	3.505379e-01	7.760390e-01	1.212018e+00
208	5.467348e-02	7.791253e-01	1.636053e+00
209	3.670822e-01	6.488194e-01	2.090376e+00
210	5.904830e-01	6.697527e-01	1.814851e+00
211	5.207414e-01	2.805714e-01	2.246702e+00
212	4.882154e-01	5.424214e-01	1.148510e+00
213	3.955287e-01	5.699940e-01	1.459209e+00
214	5.262742e-01	2.804041e-01	1.042013e+00
216	5.191571e-02	7.632107e-01	1.584270e+00
217	3.824781e-01	2.707171e-01	2.376649e+00
218	3.540403e-01	4.380381e-01	2.247680e+00
219	4.543716e-01	3.853248e-01	1.770884e+00
220	5.254508e-01	2.831350e-01	2.858329e+00
221	4.867983e-01	5.178232e-01	1.609673e+00
222	4.324010e-01	4.783290e-01	1.152418e+00
223	4.236814e-01	3.332356e-01	1.250122e+00
224	4.564533e-01	4.439180e-01	2.062042e+00
225	4.226050e-01	4.136603e-01	1.123107e+00
226	4.410820e-01	7.997510e-01	1.438691e+00
227	4.522866e-01	5.089059e-01	2.676600e+00
228	4.523330e-01	5.064963e-01	2.319980e+00
229	4.543355e-01	3.981215e-01	2.793845e+00
230	4.651376e-01	4.893063e-01	2.593552e+00
231	5.287043e-01	2.922150e-01	2.102101e+00
232	3.985304e-01	3.904753e-01	1.060576e+00
233	4.305262e-01	3.980776e-01	2.041524e+00
234	3.896763e-01	3.486931e-01	2.262335e+00
235	4.530351e-01	3.577199e-01	1.443576e+00
237	5.286027e-01	2.971819e-01	2.647289e+00
238	5.805538e-02	7.446513e-01	2.875916e+00
239	4.654977e-01	6.770002e-01	1.548119e+00
240	4.389415e-01	3.967291e-01	2.238886e+00
241	4.162576e-01	5.542174e-01	1.812897e+00
242	4.308294e-01	4.264132e-01	1.040059e+00
243	4.790734e-01	4.205530e-01	1.263801e+00
244	2.894837e-01	3.512106e-01	1.624328e+00
245	4.709961e-01	4.046541e-01	1.723009e+00
246	4.823825e-01	3.550329e-01	2.261358e+00
247	3.626244e-01	8.268581e-01	1.394724e+00
248	4.865407e-01	4.800087e-01	1.301905e+00
249	4.793005e-01	4.323333e-01	1.629213e+00
250	4.157623e-01	3.166340e-01	2.247680e+00
251	5.289123e-01	2.769136e-01	1.683928e+00
252	4.364279e-01	3.919826e-01	1.126038e+00
253	5.231489e-01	4.522443e-01	1.614558e+00
255	5.214058e-01	2.731154e-01	1.937958e+00
256	4.427170e-01	4.246505e-01	2.834880e+00
257	5.929556e-02	7.431141e-01	2.144113e+00
258	4.422610e-01	6.912527e-01	1.238398e+00
259	4.552102e-01	9.653555e-02	2.234978e+00
260	4.604532e-01	3.449435e-01	2.464582e+00
261	5.225883e-01	3.617423e-01	2.080606e+00
262	4.329305e-01	3.901089e-01	2.782120e+00
264	4.761907e-01	4.457535e-01	1.910601e+00
265	4.042856e-01	4.338643e-01	2.648266e+00
266	4.386422e-01	3.995267e-01	2.749878e+00
267	4.522738e-01	4.271204e-01	2.013190e+00
268	5.099987e-01	3.738795e-01	1.662433e+00
269	5.243046e-01	2.625125e-01	2.876893e+00
270	4.523204e-01	3.919887e-01	1.789448e+00
271	4.488957e-01	4.356706e-01	1.357596e+00
272	4.168352e-01	4.566589e-01	1.563752e+00
273	4.876083e-01	3.966180e-01	1.498290e+00
274	4.571166e-01	4.471124e-01	1.908647e+00
275	4.345514e-01	5.008475e-01	2.665852e+00
276	4.075577e-01	2.130976e-01	2.691255e+00
277	4.331296e-01	3.912421e-01	2.098192e+00
278	4.184650e-01	4.106619e-01	1.220811e+00
280	5.160513e-01	2.849441e-01	2.821202e+00
281	5.537408e-01	2.586279e-01	2.290669e+00
282	5.491992e-01	4.599628e-01	2.534929e+00
283	4.688772e-01	4.408306e-01	2.445042e+00
284	4.592109e-01	4.149401e-01	2.930630e+00
285	4.790750e-01	1.525832e-01	2.088422e+00
286	4.842951e-01	3.296650e-01	1.133854e+00
287	4.309255e-01	4.147696e-01	2.343429e+00
288	4.284993e-01	5.219278e-01	1.947728e+00
289	3.833614e-01	7.439371e-01	2.500733e+00
290	3.871279e-01	7.471292e-01	2.574011e+00
292	6.371825e-01	6.624441e-01	2.912066e+00
293	4.954180e-01	3.237420e-01	1.736688e+00
294	4.042629e-01	4.374287e-01	1.470933e+00
295	4.554977e-01	4.140973e-01	2.265266e+00
296	4.557444e-01	4.141845e-01	2.495848e+00
297	4.469831e-01	3.929170e-01	2.862237e+00
298	4.008278e-01	4.197968e-01	1.857841e+00
299	4.949845e-01	6.873978e-01	2.227162e+00
300	4.400100e-01	4.314343e-01	1.627259e+00
301	4.947683e-01	2.155515e-01	2.506595e+00
302	4.415359e-01	3.867620e-01	2.762579e+00
303	4.413932e-01	4.233949e-01	2.459697e+00
304	4.433011e-01	3.920806e-01	1.689790e+00
305	4.315090e-01	3.850558e-01	1.565706e+00
306	4.443627e-01	4.059314e-01	1.125061e+00
307	4.385710e-01	3.852185e-01	2.528090e+00
308	4.971299e-01	3.937308e-01	1.121153e+00
309	4.424338e-01	4.047432e-01	1.169028e+00
310	4.810128e-01	3.474330e-01	1.555936e+00
311	3.794343e-01	3.422413e-01	1.885198e+00
312	5.065777e-01	4.313259e-01	2.989253e+00
313	4.478248e-01	3.825767e-01	2.081583e+00
314	4.597225e-01	3.879166e-01	1.052760e+00
315	4.086708e-01	2.638939e-01	2.633610e+00
316	3.312684e-01	5.108712e-01	1.623351e+00
317	4.165950e-01	3.658576e-01	2.443087e+00
318	4.570312e-01	4.244336e-01	2.989253e+00
319	4.383665e-01	4.154899e-01	2.095261e+00
320	3.748514e-01	5.317333e-01	2.862237e+00
321	4.541660e-01	5.329652e-01	1.942843e+00
322	4.668935e-01	4.442454e-01	1.455300e+00
323	4.443488e-01	3.089716e-01	1.022472e+00
324	4.110531e-01	4.228069e-01	1.734734e+00
325	4.882458e-01	4.349870e-01	2.170493e+00
326	3.800414e-01	5.817195e-01	2.626771e+00
328	3.229843e-01	7.286065e-01	1.801172e+00
329	4.563347e-01	3.527529e-01	1.461163e+00
330	4.368215e-01	4.194682e-01	1.730826e+00
331	4.468340e-01	4.654774e-01	2.535906e+00
332	3.247209e-01	4.966471e-01	2.234978e+00
333	4.286389e-01	3.888105e-01	2.740107e+00
334	6.270350e-01	5.079448e-02	2.879824e+00
335	4.384142e-01	4.220378e-01	2.902296e+00
336	4.581516e-01	5.281680e-01	1.495359e+00
337	4.599217e-01	3.847054e-01	2.727406e+00
338	4.778110e-01	2.364151e-01	2.315095e+00
339	4.563993e-01	5.041518e-01	2.528090e+00
340	4.480243e-01	3.737872e-01	2.943332e+00
341	4.972351e-01	5.771331e-01	2.339521e+00
342	4.691955e-01	1.377492e-01	1.752320e+00
343	4.354461e-01	5.803984e-01	2.184172e+00
346	3.765430e-01	3.892612e-01	2.741085e+00
347	5.591883e-01	2.961737e-01	2.190034e+00
348	4.278666e-01	2.107391e-01	1.921348e+00
349	4.603252e-01	3.873130e-01	1.197362e+00
350	4.569835e-01	3.839662e-01	2.764533e+00
351	4.279368e-01	3.781975e-01	1.541280e+00
352	4.469794e-01	4.385699e-01	1.943820e+00
353	4.864007e-01	3.330946e-01	2.209575e+00
354	4.810908e-01	3.026851e-01	1.017587e+00
355	4.901201e-01	4.995876e-01	1.306790e+00
356	5.537505e-01	3.045994e-01	2.435271e+00
358	4.858277e-01	4.554647e-01	1.327308e+00
359	5.714119e-01	5.023283e-01	2.742062e+00
361	5.100599e-01	4.187235e-01	2.267220e+00
363	3.875589e-01	1.680200e-01	2.073766e+00
364	4.507143e-01	4.685753e-01	2.385442e+00
365	4.103916e-01	3.303577e-01	2.814362e+00
366	1.177433e-01	6.716483e-01	2.371764e+00
367	4.387433e-01	4.356953e-01	2.407914e+00
368	4.349316e-01	4.366670e-01	1.623351e+00
369	4.545985e-01	4.106318e-01	1.573522e+00
370	3.967716e-01	3.457091e-01	2.355154e+00
371	5.084071e-01	2.269246e-01	1.601856e+00
372	4.570033e-01	3.856889e-01	1.526624e+00
373	4.955971e-01	4.266248e-01	1.977040e+00
374	4.534009e-01	3.892061e-01	1.844162e+00
375	4.375819e-01	3.379597e-01	1.286273e+00
378	4.308511e-01	3.865641e-01	1.008793e+00
379	4.416464e-01	4.300629e-01	2.974597e+00
380	3.904806e-01	3.958606e-01	2.648266e+00
381	5.020185e-01	3.867546e-01	1.543234e+00
382	4.466597e-01	4.592864e-01	1.142648e+00
383	4.385702e-01	4.660548e-01	2.333659e+00
384	4.462003e-01	4.503383e-01	1.567660e+00
385	7.054485e-01	4.156483e-01	2.407914e+00
386	6.593907e-01	4.549898e-01	1.787494e+00
387	4.050526e-01	4.429614e-01	1.712262e+00
388	4.312841e-01	4.872209e-01	1.139717e+00
390	4.329122e-01	3.364633e-01	1.407426e+00
391	3.754285e-01	2.880918e-01	1.186615e+00
392	4.661232e-01	4.312041e-01	1.006839e+00
393	2.588242e-01	8.695522e-01	1.235467e+00
394	3.236933e-01	2.846895e-01	2.866146e+00
395	4.707357e-01	4.567939e-01	2.410845e+00
398	3.066809e-01	4.888923e-01	2.904250e+00
400	4.843453e-01	4.467624e-01	2.772350e+00
401	3.967306e-01	4.465991e-01	1.393747e+00
402	4.637941e-01	4.373738e-01	1.322423e+00
403	4.787478e-01	3.884892e-01	2.872985e+00
404	5.327365e-01	4.750520e-01	1.795310e+00
405	4.510814e-01	3.699167e-01	2.446996e+00
408	4.622488e-01	4.612209e-01	2.122618e+00
409	4.568265e-01	4.431929e-01	1.518808e+00
410	4.642356e-01	2.935382e-01	1.922325e+00
412	4.849661e-01	3.563657e-01	2.882755e+00
413	5.219084e-01	2.645721e-01	2.060088e+00
414	3.761452e-01	4.842058e-01	1.896922e+00
416	4.652357e-01	4.599001e-01	1.280410e+00
417	4.619801e-01	4.576813e-01	2.227162e+00
418	4.774519e-01	3.204342e-01	2.758671e+00
419	3.917243e-01	4.750309e-01	2.065950e+00
420	4.552692e-01	4.577105e-01	2.140205e+00
421	4.565832e-01	4.645024e-01	2.755740e+00
423	4.699930e-01	4.641931e-01	1.138740e+00
424	7.693658e-01	3.434110e-01	1.944797e+00
425	4.619823e-01	4.498585e-01	1.255984e+00
426	5.464891e-01	4.795692e-01	1.587201e+00
427	5.522349e-01	4.786473e-01	1.785540e+00
428	3.868904e-01	3.302694e-01	2.788959e+00
430	4.502174e-01	4.429346e-01	2.813385e+00
431	4.495959e-01	4.439987e-01	2.353200e+00
432	3.993097e-01	5.829592e-01	2.165608e+00
433	4.372163e-01	4.033510e-01	1.696629e+00
434	4.476329e-01	3.889089e-01	2.678554e+00
435	3.133254e-01	3.280428e-01	2.476307e+00
436	4.158174e-01	4.332410e-01	1.274548e+00
437	4.527952e-01	5.476789e-01	1.454323e+00
438	4.616388e-01	3.052773e-01	2.462628e+00
439	4.487358e-01	4.363676e-01	2.689301e+00
440	4.961712e-01	4.415139e-01	2.250611e+00
441	6.735109e-01	4.422401e-01	1.272594e+00
443	6.424662e-01	2.634692e-01	1.306790e+00
444	3.682167e-01	3.369026e-01	1.904739e+00
445	4.240485e-01	3.784369e-01	2.173425e+00
446	5.406533e-01	4.568629e-01	2.075721e+00
447	4.307558e-01	4.068731e-01	1.809966e+00
448	4.003366e-01	4.910538e-01	2.105032e+00
450	4.725431e-01	4.308807e-01	2.270151e+00
451	4.167700e-01	3.480954e-01	2.602345e+00
453	4.858957e-01	4.107445e-01	2.965804e+00
454	5.560678e-01	5.616056e-01	1.648754e+00
456	5.351171e-01	5.062288e-01	2.598437e+00
457	6.123224e-01	4.179620e-01	2.737176e+00
458	5.069681e-01	3.471175e-01	2.069858e+00
459	4.290881e-01	4.941966e-01	1.787494e+00
465	5.784736e-01	1.913525e-01	1.374206e+00
466	4.444767e-01	3.994625e-01	2.722521e+00
469	4.003912e-01	4.149344e-01	1.923302e+00
470	4.522983e-01	4.354900e-01	2.440156e+00
471	4.650736e-01	4.132301e-01	1.579384e+00
472	4.398463e-01	7.077433e-01	1.672203e+00
473	4.502725e-01	4.006543e-01	2.336590e+00
475	4.438388e-01	5.291820e-01	2.716659e+00
477	3.895119e-01	3.496368e-01	1.643869e+00
478	4.055541e-01	4.842201e-01	2.909135e+00
479	4.343343e-01	3.807970e-01	1.161212e+00
480	4.614172e-01	4.741717e-01	2.648266e+00
481	4.224859e-01	3.337077e-01	2.193942e+00
484	4.087706e-01	3.453126e-01	1.802149e+00
486	4.559647e-01	4.287623e-01	1.545188e+00
487	4.450192e-01	3.480114e-01	2.279922e+00
489	4.575886e-01	4.123202e-01	1.959453e+00
490	3.610052e-01	2.760607e-01	1.738642e+00
491	4.158000e-01	3.464953e-01	2.440156e+00
492	4.262005e-01	5.150262e-01	2.083537e+00
493	4.447192e-01	4.351909e-01	2.392281e+00
496	5.202426e-01	2.790001e-01	1.087934e+00
498	4.596842e-01	4.231590e-01	1.115291e+00
499	4.352553e-01	4.231234e-01	2.144113e+00
501	5.372025e-01	4.619753e-01	2.159746e+00
503	4.360179e-01	3.913391e-01	1.271617e+00
504	3.319902e-01	5.656560e-01	2.054226e+00
507	4.358415e-01	4.265978e-01	1.613581e+00
509	4.779167e-01	3.410603e-01	2.981436e+00
511	2.755195e-01	8.543601e-01	2.231070e+00
513	1.180125e-01	9.688979e-01	1.246214e+00
516	3.990896e-01	3.884260e-01	2.757694e+00
517	5.325552e-01	5.888847e-01	2.084514e+00
520	4.447802e-01	3.230088e-01	1.586224e+00
522	4.162056e-01	3.464919e-01	2.185149e+00
524	2.715682e-01	8.306560e-01	2.084514e+00
525	2.719927e-01	8.306753e-01	1.408403e+00
526	3.970272e-01	3.471876e-01	2.352223e+00
528	3.290587e-01	4.517260e-01	1.533464e+00
529	4.298792e-01	3.904372e-01	2.446019e+00
530	4.659669e-01	4.627166e-01	2.926722e+00
531	2.790399e-01	8.236590e-01	1.084025e+00
533	4.551229e-01	4.675486e-01	2.611138e+00
537	3.230725e-01	8.075284e-01	2.603322e+00
539	4.687706e-01	4.231609e-01	2.463605e+00
543	3.735188e-01	3.487957e-01	1.242306e+00
544	4.061515e-01	3.786126e-01	2.037616e+00
547	4.675054e-01	4.765491e-01	1.646800e+00
553	4.369730e-01	4.046919e-01	1.878359e+00
556	4.280898e-01	4.140927e-01	1.212018e+00
560	4.500888e-01	4.175667e-01	1.053737e+00
562	4.749774e-01	3.589286e-01	1.044944e+00
564	5.263358e-01	2.806597e-01	1.094773e+00
565	5.792641e-01	5.701803e-01	2.268197e+00
566	4.409436e-01	4.469836e-01	1.097704e+00
567	4.662389e-01	4.300395e-01	2.065950e+00
570	3.873695e-01	3.373468e-01	1.285296e+00
573	4.369821e-01	4.863916e-01	1.219834e+00
575	3.492790e-01	3.817230e-01	1.007816e+00
576	2.008847e-01	3.587987e-01	2.849536e+00
577	5.015294e-01	3.877555e-01	1.483635e+00
579	4.245958e-01	4.048773e-01	2.288715e+00
580	5.141701e-01	5.917265e-01	1.581339e+00
582	5.980412e-01	6.707434e-01	1.807035e+00
583	4.019178e-01	3.372651e-01	2.197851e+00
584	4.875624e-01	5.848837e-01	1.321446e+00
586	5.010575e-01	2.282863e-01	1.521739e+00
587	4.240657e-01	5.206839e-01	2.106009e+00
588	5.458599e-01	4.092925e-01	2.735222e+00
589	9.745757e-01	8.508206e-01	1.890083e+00
591	4.434001e-01	4.559709e-01	1.228627e+00
592	4.421546e-01	4.288152e-01	1.098681e+00
594	4.965896e-01	4.235641e-01	1.208109e+00
595	5.518153e-01	3.969578e-01	1.270640e+00
599	3.550558e-01	4.146927e-01	2.349292e+00
600	5.577962e-01	1.959231e-01	2.289692e+00
601	4.790335e-01	3.573888e-01	1.889106e+00
607	5.276587e-01	4.413551e-01	2.792868e+00
608	4.434704e-01	5.819730e-01	1.011724e+00
609	4.421736e-01	5.878414e-01	2.946263e+00
615	4.666403e-01	4.476391e-01	1.040059e+00
616	4.824339e-01	3.472859e-01	1.645823e+00
617	3.149295e-01	4.164295e-01	1.247191e+00
618	4.837543e-01	2.709187e-01	1.924279e+00
619	4.253112e-01	5.958295e-01	2.144113e+00
620	5.953827e-01	2.793655e-01	1.978994e+00
621	6.477298e-01	2.670366e-01	1.876404e+00
624	6.351432e-01	2.132695e-01	2.516365e+00
627	4.301925e-01	5.749551e-01	1.796287e+00
628	4.959973e-01	3.481056e-01	2.237909e+00
630	4.699799e-01	3.040563e-01	2.738153e+00
633	4.972147e-01	4.247468e-01	2.410845e+00
634	4.771796e-01	2.640699e-01	1.236444e+00
636	9.470268e-01	8.552837e-01	1.769907e+00
637	4.972725e-01	5.163898e-01	1.903762e+00
638	3.272297e-01	4.942879e-01	2.901319e+00
639	4.658865e-01	4.060482e-01	2.812408e+00
640	4.653650e-01	3.981046e-01	2.842697e+00
643	5.601795e-01	8.597865e-01	1.957499e+00
644	4.278330e-01	4.229700e-01	2.512457e+00
645	4.304045e-01	6.196416e-01	2.938447e+00
647	4.448144e-01	5.849860e-01	2.632633e+00
649	5.397269e-01	4.540188e-01	1.725940e+00
651	5.398826e-01	4.738702e-01	2.279922e+00
652	4.017396e-01	5.787162e-01	1.312653e+00
654	3.943683e-01	5.035590e-01	2.583781e+00
656	4.550009e-01	4.125050e-01	1.020518e+00
658	3.719403e-01	4.695693e-01	1.672203e+00
659	4.236910e-01	6.303272e-01	2.890572e+00
660	3.871822e-01	5.185749e-01	1.056668e+00
661	6.018840e-02	5.284793e-01	2.433317e+00
663	6.941040e-01	8.115433e-01	1.102589e+00
664	5.309378e-01	1.811473e-01	1.106497e+00
667	5.740863e-01	4.049875e-01	1.068393e+00
668	4.839294e-01	3.204732e-01	2.941378e+00
670	4.220895e-01	4.184151e-01	2.181241e+00
671	5.667008e-01	2.893939e-01	1.950660e+00
672	4.535522e-01	5.750808e-01	2.817294e+00
673	4.319992e-01	6.226532e-01	2.537860e+00
674	4.532214e-01	1.124682e-01	2.760625e+00
675	4.872053e-01	4.289053e-01	1.672203e+00
676	1.426236e-01	5.254231e-01	2.255496e+00
678	2.861460e-01	8.541648e-01	2.169516e+00
679	4.920450e-01	4.306691e-01	1.255984e+00
680	3.983445e-01	4.294791e-01	1.235467e+00
681	4.366049e-01	6.064438e-01	1.978994e+00
683	3.677170e-01	4.161770e-01	1.367367e+00
684	3.456634e-01	4.823802e-01	2.766488e+00
685	4.455126e-01	3.076211e-01	2.958964e+00
687	3.785919e-01	1.167046e-01	1.147533e+00
691	5.722243e-01	3.671493e-01	2.362970e+00
693	5.868725e-01	3.676718e-01	1.209086e+00
695	4.792493e-01	3.852033e-01	1.394724e+00
696	3.578529e-01	5.335851e-01	2.200782e+00
697	4.322235e-01	3.376224e-01	1.453346e+00
698	6.408361e-01	3.894338e-01	1.420127e+00
703	4.226301e-01	3.349117e-01	2.173425e+00
707	6.954705e-01	3.724318e-01	1.444553e+00
709	4.200516e-01	4.653841e-01	2.259404e+00
711	6.717136e-01	4.048177e-01	1.732780e+00
712	3.703844e-01	2.454065e-01	2.027846e+00
713	3.730890e-01	3.876052e-01	1.011724e+00
714	4.440706e-01	3.847941e-01	1.006839e+00
717	4.117186e-01	3.949760e-01	1.120176e+00
718	4.142691e-01	3.399768e-01	1.045921e+00
719	4.160724e-01	4.725063e-01	2.993161e+00
722	7.312506e-01	3.543280e-01	3.000000e+00
723	4.836249e-01	2.918058e-01	2.970689e+00
724	6.298551e-01	6.449137e-01	1.185638e+00
725	4.782165e-01	4.060299e-01	1.774792e+00
726	4.244087e-01	5.089705e-01	1.883244e+00
727	6.483712e-01	4.655853e-01	2.623840e+00
728	4.714248e-01	3.744059e-01	1.694675e+00
729	6.256830e-01	5.052722e-01	2.360039e+00
732	4.490408e-01	4.227593e-01	2.760625e+00
734	7.514196e-01	3.558662e-01	2.745970e+00
735	5.481320e-01	3.858528e-01	1.817782e+00
736	4.757337e-01	2.691639e-01	2.519297e+00
737	4.714664e-01	3.811549e-01	2.214460e+00
738	4.976894e-01	3.056123e-01	2.439179e+00
739	4.137325e-01	4.782638e-01	2.870054e+00
740	6.233349e-01	5.040825e-01	1.413288e+00
745	3.249273e-01	4.988694e-01	2.548608e+00
746	4.310486e-01	3.716646e-01	2.561309e+00
747	7.299209e-01	3.454155e-01	2.958964e+00
748	4.625657e-01	4.557689e-01	1.332193e+00
750	9.641353e-01	7.487814e-01	1.373229e+00
751	4.762620e-01	3.891197e-01	2.462628e+00
752	7.299874e-01	3.458888e-01	2.852467e+00
753	4.451667e-01	4.038193e-01	2.411822e+00
757	7.421695e-01	3.559236e-01	2.571080e+00
758	9.723986e-01	7.462454e-01	1.398632e+00
759	4.701241e-01	3.763453e-01	1.922325e+00
764	4.637476e-01	4.958722e-01	2.676600e+00
765	2.702435e-01	4.992002e-01	1.760137e+00
766	4.223493e-01	2.365334e-01	2.299463e+00
767	8.256457e-01	1.203357e-01	2.943332e+00
770	4.962640e-01	3.797585e-01	1.634099e+00
771	3.914709e-01	4.216662e-01	2.033708e+00
774	6.435243e-01	4.521269e-01	2.382511e+00
775	4.051481e-01	4.529138e-01	1.186615e+00
779	4.841313e-01	3.375235e-01	2.059111e+00
780	5.680221e-01	2.975817e-01	2.211529e+00
781	4.416178e-01	4.039030e-01	1.969223e+00
783	5.569644e-01	3.050543e-01	2.660967e+00
784	5.298897e-01	3.135571e-01	1.264778e+00
786	5.645881e-01	2.675832e-01	2.458720e+00
787	3.761329e-01	3.174470e-01	2.456766e+00
788	7.778452e-01	3.787976e-01	2.337567e+00
789	4.741307e-01	4.417788e-01	1.259893e+00
790	4.493839e-01	3.637230e-01	2.648266e+00
792	4.338769e-01	3.841193e-01	2.183195e+00
793	8.248246e-01	7.207739e-01	1.050806e+00
796	4.120039e-01	4.352633e-01	1.929165e+00
797	9.150614e-01	1.364588e-01	1.657548e+00
798	5.790711e-01	2.618425e-01	2.224231e+00
799	9.122106e-01	1.311468e-01	2.911089e+00
800	5.019402e-01	5.050265e-01	1.419150e+00
801	6.122574e-01	2.617404e-01	1.386908e+00
802	4.698510e-01	3.937379e-01	1.342941e+00
803	4.830937e-01	4.054485e-01	1.537372e+00
804	5.063740e-01	4.175502e-01	2.935515e+00
805	4.940429e-01	2.924013e-01	1.399609e+00
806	4.618923e-01	4.342324e-01	2.243771e+00
807	4.954560e-01	4.086486e-01	2.256473e+00
809	3.281207e-01	4.276506e-01	1.851979e+00
810	5.023992e-01	4.014556e-01	1.418173e+00
811	3.530991e-01	5.126901e-01	1.005862e+00
812	2.995454e-01	3.055906e-01	1.509038e+00
813	4.571863e-01	3.704780e-01	1.317538e+00
814	5.098534e-01	4.126439e-01	1.980948e+00
815	5.891564e-01	2.708202e-01	2.222277e+00
816	3.412295e-01	1.885590e-01	2.837811e+00
817	5.158332e-01	4.225001e-01	2.277968e+00
818	4.462265e-01	3.389445e-01	2.452858e+00
819	4.679608e-01	3.949852e-01	2.862237e+00
820	2.713305e-01	2.342178e-01	1.611627e+00
821	5.675934e-01	2.852526e-01	1.969223e+00
822	5.081974e-01	4.135351e-01	1.106497e+00
823	5.608453e-01	3.085053e-01	1.281387e+00
824	3.732533e-01	5.362892e-01	2.533952e+00
825	5.215513e-01	3.849952e-01	1.889106e+00
826	4.773992e-01	4.170717e-01	2.329751e+00
827	4.478497e-01	4.131362e-01	2.298486e+00
828	4.638049e-01	3.946700e-01	2.558378e+00
829	4.270702e-01	4.529053e-01	2.571080e+00
831	4.766265e-01	4.239036e-01	2.940401e+00
832	4.235678e-01	4.553686e-01	1.401563e+00
833	5.322600e-01	4.200957e-01	2.862237e+00
834	4.580137e-01	3.888254e-01	2.032731e+00
835	4.222121e-01	3.365090e-01	2.241817e+00
836	5.559026e-01	5.601468e-01	2.984367e+00
837	4.074869e-01	2.619097e-01	2.499756e+00
838	4.573176e-01	3.621323e-01	1.435760e+00
839	4.564939e-01	3.941407e-01	2.121641e+00
840	4.759464e-01	4.151048e-01	1.914509e+00
841	4.481339e-01	3.937809e-01	2.920860e+00
842	3.995058e-01	4.029670e-01	1.905716e+00
843	4.026652e-01	4.180377e-01	1.081094e+00
844	6.044917e-01	4.595594e-01	1.834392e+00
845	4.221387e-01	4.564911e-01	2.002443e+00
846	3.886082e-01	4.212122e-01	1.444553e+00
847	4.463248e-01	3.973224e-01	1.358574e+00
848	2.874026e-01	5.386656e-01	1.159257e+00
849	3.500074e-01	4.004398e-01	1.700537e+00
850	4.488151e-01	3.941766e-01	2.943332e+00
851	2.900321e-01	9.157446e-01	1.835369e+00
852	4.727696e-01	4.155076e-01	1.151441e+00
855	4.014296e-01	4.663389e-01	1.556913e+00
856	4.612139e-01	3.382612e-01	2.148999e+00
857	4.396035e-01	3.287693e-01	2.275037e+00
858	5.730346e-01	4.107505e-01	2.697118e+00
859	4.877604e-01	4.080521e-01	1.516854e+00
863	2.765988e-01	5.877651e-01	1.298974e+00
864	5.726208e-01	3.521486e-01	2.787005e+00
865	4.163182e-01	4.254637e-01	2.812408e+00
866	3.323227e-01	1.867397e-01	1.940889e+00
867	6.036147e-01	4.009797e-01	2.656082e+00
868	5.230048e-01	4.430457e-01	1.982902e+00
869	4.194759e-01	4.617964e-01	2.681485e+00
870	5.008656e-01	4.488642e-01	1.810943e+00
872	3.704620e-01	7.323052e-01	1.715193e+00
873	2.162769e-01	1.455920e-01	1.012702e+00
877	6.195281e-01	5.090215e-01	2.221299e+00
878	2.942999e-01	6.156579e-01	2.718613e+00
881	3.336337e-01	3.540215e-01	2.234001e+00
883	2.763058e-01	3.631487e-01	1.553981e+00
884	6.031532e-01	2.815914e-01	1.560821e+00
885	5.952301e-01	4.991182e-01	2.672692e+00
886	4.391154e-01	5.147570e-01	1.471910e+00
888	4.671623e-01	3.333141e-01	2.205667e+00
889	4.773582e-01	3.364799e-01	2.599414e+00
890	3.716354e-01	7.290637e-01	2.873962e+00
891	3.460293e-01	6.751292e-01	2.733268e+00
892	3.688617e-01	7.281790e-01	1.692721e+00
893	6.650911e-01	5.031237e-01	1.432829e+00
894	4.621751e-01	2.413822e-01	1.474841e+00
895	3.805630e-01	4.545817e-01	2.914998e+00
896	3.022803e-01	4.114516e-01	1.508061e+00
897	5.278277e-01	3.629323e-01	1.455300e+00
898	4.140931e-01	2.625662e-01	1.036150e+00
899	3.305824e-01	4.319592e-01	1.672203e+00
900	8.886294e-01	7.853666e-02	2.243771e+00
905	3.532074e-01	6.794353e-01	2.315095e+00
906	2.743363e-01	5.957579e-01	2.044455e+00
907	7.157024e-01	2.857826e-01	1.438691e+00
908	5.758321e-01	3.849430e-01	1.001954e+00
909	4.873113e-01	4.262197e-01	1.146556e+00
911	4.581322e-01	2.132317e-01	2.471422e+00
912	3.942212e-01	3.154375e-01	2.209575e+00
914	4.226319e-01	3.444330e-01	1.936004e+00
915	5.755562e-01	3.731591e-01	2.843674e+00
916	5.036619e-01	3.071912e-01	1.057645e+00
917	5.753013e-01	3.645357e-01	2.896434e+00
918	5.036520e-01	3.263639e-01	2.112848e+00
919	3.534919e-01	5.800324e-01	2.553493e+00
921	5.809269e-01	4.849591e-01	1.271617e+00
922	5.483294e-01	4.502632e-01	2.916952e+00
923	5.188500e-01	4.151979e-01	1.081094e+00
924	2.918756e-01	6.012378e-01	2.581827e+00
925	4.275824e-01	3.429126e-01	1.394724e+00
926	5.634165e-01	4.491055e-01	1.289204e+00
927	3.287129e-01	5.191031e-01	1.961407e+00
929	5.291516e-01	4.100664e-01	1.743527e+00
930	5.030201e-01	4.470849e-01	2.718613e+00
931	4.854706e-01	4.264902e-01	1.908647e+00
932	4.330071e-01	3.513762e-01	1.399609e+00
933	3.037777e-01	2.795010e-01	2.980459e+00
934	3.914366e-01	7.104652e-01	2.603322e+00
935	4.174380e-01	3.444303e-01	2.267220e+00
936	3.489604e-01	3.338207e-01	1.400586e+00
937	4.180711e-01	3.461885e-01	2.249634e+00
938	3.174756e-01	3.258439e-01	1.248168e+00
939	4.250270e-01	3.603722e-01	1.234489e+00
940	5.634837e-01	4.147444e-01	2.559355e+00
941	4.689493e-01	4.618320e-01	2.848559e+00
942	6.368333e-01	3.802832e-01	1.495359e+00
943	3.008218e-01	2.824883e-01	2.346361e+00
944	2.277358e-01	4.257150e-01	1.812897e+00
945	5.015197e-01	4.712190e-01	2.016121e+00
946	4.109170e-01	4.192043e-01	1.676111e+00
947	3.460022e-01	5.170697e-01	1.307767e+00
948	3.743707e-01	4.203895e-01	1.727894e+00
949	3.150960e-01	3.043033e-01	1.587201e+00
950	3.348560e-01	2.780419e-01	2.820225e+00
951	6.448700e-01	3.787032e-01	2.234978e+00
952	4.193506e-01	4.494780e-01	2.393258e+00
953	4.388091e-01	4.111482e-01	1.537372e+00
954	4.189466e-01	4.147692e-01	2.814362e+00
955	4.218177e-01	4.097680e-01	2.472399e+00
956	4.273987e-01	3.369509e-01	2.402052e+00
957	4.189469e-01	3.518257e-01	2.220322e+00
958	3.712945e-01	4.776331e-01	1.127992e+00
959	4.426747e-01	3.980436e-01	1.184660e+00
960	4.280030e-01	4.462744e-01	1.655594e+00
961	4.203848e-01	3.691610e-01	2.473376e+00
962	4.187780e-01	3.484682e-01	2.125550e+00
963	3.797014e-01	4.433650e-01	1.407426e+00
964	5.174733e-01	3.929886e-01	1.067416e+00
965	4.310431e-01	3.218500e-01	1.183683e+00
966	3.641209e-01	4.877726e-01	1.849047e+00
967	4.101653e-01	3.690723e-01	1.107474e+00
968	3.565000e-01	4.735165e-01	2.902296e+00
969	4.884967e-01	3.978598e-01	2.884709e+00
970	3.839045e-01	5.406263e-01	2.418661e+00
971	4.230312e-01	3.339903e-01	2.088422e+00
972	3.383307e-01	4.368336e-01	1.675134e+00
973	5.431714e-01	2.587505e-01	1.717147e+00
974	3.389744e-01	4.367820e-01	1.874450e+00
975	3.228399e-01	3.236397e-01	2.744993e+00
976	4.790284e-01	6.329596e-01	1.101612e+00
977	4.070793e-01	3.442308e-01	1.860772e+00
978	4.974189e-01	4.351106e-01	1.997557e+00
979	3.659342e-01	4.602019e-01	2.080606e+00
980	4.076861e-01	4.435986e-01	1.262824e+00
981	3.765148e-01	4.576122e-01	1.952614e+00
982	4.107927e-01	4.026213e-01	1.681974e+00
983	4.002536e-01	3.583112e-01	2.354177e+00
984	6.128484e-01	4.458912e-01	2.705911e+00
985	4.627820e-01	3.330257e-01	1.297997e+00
986	4.940832e-01	4.440354e-01	1.593063e+00
987	4.177462e-01	3.679506e-01	2.944309e+00
988	3.239009e-01	4.495564e-01	2.695164e+00
989	4.328922e-01	3.287936e-01	1.071324e+00
990	3.945306e-01	4.241116e-01	2.562286e+00
991	7.005175e-01	3.771588e-01	1.097704e+00
992	4.971725e-01	4.515781e-01	2.033708e+00
993	6.324035e-01	3.979708e-01	1.891060e+00
994	4.311030e-01	3.911726e-01	1.226673e+00
995	4.291215e-01	5.875123e-01	2.096238e+00
996	3.668526e-01	3.021991e-01	2.234978e+00
997	2.439835e-01	5.176032e-01	2.601368e+00
998	4.478718e-01	5.380328e-01	2.107963e+00
999	2.676463e-01	3.730498e-01	1.499267e+00
1000	4.851198e-01	3.357025e-01	1.192477e+00
1001	2.658283e-01	4.403679e-01	2.937469e+00
1002	2.591773e-01	3.756231e-01	1.183683e+00
1003	5.849037e-01	3.261377e-01	1.053737e+00
1004	6.122264e-01	3.081865e-01	1.540303e+00
1005	4.236416e-01	4.701579e-01	1.446507e+00
1006	4.869498e-01	5.475343e-01	2.942355e+00
1007	4.098715e-01	4.394304e-01	2.766488e+00
1008	2.823862e-01	3.791569e-01	2.502687e+00
1009	4.906567e-01	4.027150e-01	2.005374e+00
1011	2.616846e-01	4.622211e-01	1.217880e+00
1012	6.001080e-01	3.208649e-01	1.148510e+00
1013	5.009548e-01	3.541935e-01	2.778212e+00
1014	4.533544e-01	4.078671e-01	1.774792e+00
1015	5.198594e-01	3.739088e-01	1.070347e+00
1016	4.694594e-01	3.571876e-01	2.073766e+00
1017	2.480367e-01	5.041486e-01	2.753786e+00
1018	4.529553e-01	4.077818e-01	2.888617e+00
1019	3.472272e-01	5.130791e-01	2.135320e+00
1020	5.804734e-01	2.822958e-01	2.933561e+00
1021	4.140865e-01	4.037584e-01	1.530532e+00
1022	3.217729e-01	5.533719e-01	1.125061e+00
1023	4.410847e-01	3.142122e-01	1.849047e+00
1024	4.212632e-01	4.185989e-01	1.952614e+00
1025	4.116782e-01	3.569068e-01	2.357108e+00
1026	4.656621e-01	3.841913e-01	2.956033e+00
1027	4.615732e-01	3.891468e-01	2.441133e+00
1028	5.797186e-01	4.415328e-01	2.395213e+00
1029	3.722503e-01	3.711254e-01	2.361993e+00
1030	6.178426e-01	4.545430e-01	2.494871e+00
1031	4.420457e-01	3.924504e-01	2.136297e+00
1032	4.566485e-01	4.535554e-01	2.439179e+00
1033	3.331805e-01	3.317340e-01	2.826087e+00
1034	4.807670e-01	4.202729e-01	1.697606e+00
1035	4.421728e-01	4.378091e-01	2.755740e+00
1036	4.281148e-01	4.381796e-01	1.542257e+00
1037	5.726341e-01	4.837933e-01	1.505129e+00
1038	4.275510e-01	4.358441e-01	1.581339e+00
1039	4.550353e-01	3.785178e-01	1.295066e+00
1040	3.279684e-01	2.362781e-01	2.208598e+00
1041	4.781627e-01	3.954140e-01	2.112848e+00
1042	4.255979e-01	4.032393e-01	2.228139e+00
1043	4.460109e-01	4.651366e-01	2.269174e+00
1044	3.849560e-01	4.514920e-01	2.771373e+00
1045	3.587170e-01	4.478833e-01	1.791402e+00
1046	4.606052e-01	4.134651e-01	1.061553e+00
1047	5.998535e-01	3.178905e-01	2.832926e+00
1048	4.622209e-01	5.231902e-01	1.816805e+00
1049	5.147529e-01	3.462530e-01	1.827553e+00
1050	7.522152e-01	7.016195e-01	1.618466e+00
1051	4.617699e-01	4.442819e-01	1.144602e+00
1052	4.746702e-01	3.275970e-01	1.867611e+00
1053	4.043665e-01	3.356273e-01	2.828041e+00
1054	6.791213e-01	6.614538e-01	1.002931e+00
1055	4.805514e-01	4.774139e-01	1.981925e+00
1056	4.251951e-01	5.089133e-01	2.776258e+00
1057	5.679461e-01	4.298812e-01	1.376160e+00
1058	4.692217e-01	4.476463e-01	1.646800e+00
1059	4.282450e-01	3.869251e-01	2.625794e+00
1061	4.789846e-01	3.600709e-01	2.682462e+00
1063	2.723486e-01	4.490995e-01	2.836834e+00
1064	4.729349e-01	3.664783e-01	2.172447e+00
1065	4.490583e-01	3.317788e-01	1.674157e+00
1067	4.415694e-01	4.583765e-01	1.950660e+00
1068	2.142110e-01	4.714898e-01	2.468490e+00
1069	4.418193e-01	4.339484e-01	2.561309e+00
1070	5.238478e-01	3.738124e-01	1.900830e+00
1071	4.358892e-01	4.666931e-01	1.683928e+00
1072	4.375278e-01	3.379185e-01	1.636053e+00
1073	4.400074e-01	3.806058e-01	2.679531e+00
1074	4.425934e-01	3.913870e-01	1.704446e+00
1075	4.540337e-01	4.063893e-01	2.700049e+00
1076	4.305156e-01	4.684302e-01	2.720567e+00
1077	3.915125e-01	2.955696e-01	2.315095e+00
1078	4.357023e-01	4.701293e-01	1.895945e+00
1079	4.688968e-01	2.063145e-01	2.224231e+00
1080	3.842213e-01	3.295626e-01	2.815340e+00
1081	2.078078e-01	3.989888e-01	2.858329e+00
1082	4.395296e-01	3.789589e-01	1.717147e+00
1083	4.738342e-01	4.366201e-01	2.173425e+00
1084	5.420502e-01	3.732506e-01	2.585735e+00
1085	4.025758e-01	3.933917e-01	2.657059e+00
1086	4.531995e-01	3.656463e-01	2.276991e+00
1087	4.207539e-01	4.375279e-01	2.162677e+00
1089	4.250461e-01	6.268202e-01	2.195896e+00
1090	4.145962e-01	3.352320e-01	1.145579e+00
1091	2.685894e-01	6.353371e-01	2.082560e+00
1092	3.662798e-01	2.823087e-01	1.276502e+00
1094	4.712931e-01	3.897967e-01	2.548608e+00
1095	4.410362e-01	4.450790e-01	2.239863e+00
1096	3.908258e-01	4.691187e-01	2.051295e+00
1097	4.776975e-01	3.587464e-01	1.422081e+00
1099	4.073029e-01	3.798438e-01	2.954079e+00
1100	4.909629e-01	4.997215e-01	1.329262e+00
1101	4.773184e-01	4.318267e-01	2.976551e+00
1102	4.312770e-01	4.525774e-01	2.951148e+00
1103	4.340267e-01	3.847290e-01	2.518319e+00
1104	4.491280e-01	3.956924e-01	2.981436e+00
1105	4.019072e-01	3.412077e-01	2.454812e+00
1106	3.408373e-01	4.327218e-01	2.609184e+00
1107	4.485562e-01	4.458924e-01	2.993161e+00
1108	4.884898e-01	4.117463e-01	1.934050e+00
1110	4.547143e-01	4.277443e-01	2.075721e+00
1112	3.018554e-01	4.402012e-01	2.393258e+00
1113	4.477221e-01	4.521058e-01	2.895457e+00
1114	4.465913e-01	3.897516e-01	2.862237e+00
1116	5.183017e-01	3.927337e-01	2.458720e+00
1117	3.527194e-01	2.510984e-01	2.796776e+00
1118	4.843139e-01	3.271863e-01	2.902296e+00
1119	4.064988e-01	4.277164e-01	1.758183e+00
1121	4.123492e-01	4.382393e-01	1.007816e+00
1122	4.260494e-01	3.484172e-01	1.749389e+00
1123	5.675189e-01	3.370585e-01	2.521251e+00
1124	5.051300e-01	3.716042e-01	2.923791e+00
1125	6.306274e-01	7.094695e-01	1.164143e+00
1126	4.214529e-01	4.645795e-01	1.873473e+00
1127	5.642176e-01	3.428374e-01	2.126527e+00
1128	4.716304e-01	4.324746e-01	1.273571e+00
1129	4.709342e-01	4.885626e-01	2.563263e+00
1130	5.343307e-01	4.166837e-01	1.869565e+00
1131	4.388303e-01	4.110361e-01	1.325354e+00
1132	4.519575e-01	4.172953e-01	2.111871e+00
1133	3.012799e-01	4.422879e-01	2.736199e+00
1134	4.439014e-01	4.618489e-01	2.436248e+00
1135	4.487999e-01	4.582521e-01	1.894968e+00
1136	3.504308e-01	5.105658e-01	1.706400e+00
1137	2.670760e-01	2.972237e-01	2.099170e+00
1138	3.637891e-01	3.982670e-01	1.904739e+00
1139	4.418602e-01	3.312327e-01	2.138251e+00
1140	2.770163e-01	2.713616e-01	2.196873e+00
1141	4.543303e-01	4.104434e-01	2.827064e+00
1142	2.409674e-01	4.226583e-01	2.310210e+00
1143	4.425954e-01	3.461268e-01	1.335125e+00
1144	4.398676e-01	3.420746e-01	2.974597e+00
1145	5.127219e-01	3.761116e-01	2.719590e+00
1146	3.239327e-01	2.356403e-01	1.246214e+00
1147	5.749461e-01	5.163865e-01	2.170493e+00
1148	4.343682e-01	3.964146e-01	1.166097e+00
1149	3.463287e-01	2.599780e-01	1.371275e+00
1150	4.432002e-01	3.395328e-01	2.399121e+00
1151	7.046750e-01	4.457708e-01	2.064973e+00
1152	5.419639e-01	4.248721e-01	1.170005e+00
1153	4.086605e-01	3.928348e-01	2.560332e+00
1154	4.628837e-01	4.505602e-01	1.782609e+00
1155	3.231292e-01	5.427023e-01	2.902296e+00
1156	5.189749e-01	3.728823e-01	3.000000e+00
1157	3.878266e-01	3.484375e-01	1.047875e+00
1159	4.787271e-01	4.526130e-01	1.893014e+00
1160	2.974199e-01	5.198625e-01	1.280410e+00
1161	3.665847e-01	6.622530e-01	2.497802e+00
1162	4.564005e-01	4.062652e-01	1.655594e+00
1163	4.389766e-01	4.221306e-01	2.885686e+00
1164	4.203302e-01	5.933033e-01	2.573034e+00
1166	5.530798e-01	4.970987e-01	2.524182e+00
1167	4.703308e-01	3.677122e-01	2.076698e+00
1168	5.098764e-01	3.654968e-01	2.651197e+00
1169	4.515192e-01	4.320840e-01	1.767953e+00
1171	4.446526e-01	3.271346e-01	1.411334e+00
1174	4.589233e-01	3.915247e-01	1.842208e+00
1175	5.804663e-01	2.892662e-01	2.734245e+00
1176	4.690785e-01	5.505791e-01	1.146556e+00
1177	4.614910e-01	4.316754e-01	2.650220e+00
1178	4.521088e-01	5.438877e-01	2.899365e+00
1179	5.612385e-01	2.901812e-01	2.624817e+00
1180	3.685665e-01	3.879975e-01	2.791891e+00
1181	4.213275e-01	2.915241e-01	1.443576e+00
1183	6.860324e-01	2.534348e-01	2.008305e+00
1184	3.929274e-01	4.390961e-01	1.156326e+00
1185	4.413474e-01	4.666924e-01	2.619932e+00
1186	3.385180e-01	4.997717e-01	1.445530e+00
1187	4.296257e-01	2.992223e-01	1.825598e+00
1188	4.378032e-01	5.101770e-01	1.490474e+00
1189	3.664654e-01	3.805296e-01	2.922814e+00
1191	3.853256e-01	4.372420e-01	1.455300e+00
1192	5.260409e-01	4.552974e-01	1.888129e+00
1193	4.262798e-01	3.244408e-01	2.954079e+00
1194	4.066591e-01	4.162777e-01	2.640449e+00
1195	5.780646e-01	2.793619e-01	1.257938e+00
1196	3.470407e-01	5.129728e-01	2.626771e+00
1197	3.319611e-01	3.500417e-01	1.746458e+00
1198	4.688533e-01	4.569627e-01	1.221788e+00
1199	3.945360e-01	2.552369e-01	1.347826e+00
1200	5.341312e-01	3.894792e-01	2.531021e+00
1201	4.773179e-01	4.634172e-01	2.870054e+00
1202	4.826893e-01	4.463494e-01	3.000000e+00
1203	3.243890e-01	1.359160e-01	1.818759e+00
1204	5.631846e-01	3.401466e-01	1.163166e+00
1205	5.695188e-01	6.327038e-01	2.823156e+00
1206	3.591326e-01	3.727283e-01	1.397655e+00
1207	5.839575e-01	3.599569e-01	1.317538e+00
1208	4.842113e-01	3.888173e-01	1.383000e+00
1210	4.935749e-01	4.282758e-01	2.850513e+00
1211	5.279859e-01	4.229112e-01	2.454812e+00
1212	3.266997e-01	5.359882e-01	2.031754e+00
1213	3.488087e-01	4.730113e-01	1.637030e+00
1214	4.374554e-01	4.488498e-01	2.955056e+00
1215	4.347132e-01	4.096016e-01	2.632633e+00
1216	3.519008e-01	5.138175e-01	1.953591e+00
1217	4.531968e-01	3.918534e-01	2.460674e+00
1218	3.772762e-01	6.646696e-01	1.196385e+00
1219	8.136875e-01	5.580409e-01	2.442110e+00
1220	5.131387e-01	4.329019e-01	2.021006e+00
1221	2.592843e-01	4.273383e-01	2.527113e+00
1222	3.716418e-01	5.449276e-01	2.543723e+00
1223	5.781414e-01	4.977066e-01	1.703468e+00
1224	4.714610e-01	4.690509e-01	1.115291e+00
1225	4.134829e-01	4.126084e-01	2.950171e+00
1226	3.716495e-01	3.838508e-01	2.105032e+00
1227	4.072552e-01	3.909625e-01	2.441133e+00
1228	4.405381e-01	4.692426e-01	2.604299e+00
1229	4.560559e-01	3.726793e-01	2.390327e+00
1230	3.318410e-01	5.071163e-01	2.063996e+00
1231	3.832945e-01	4.225823e-01	2.043478e+00
1232	3.583348e-01	3.551538e-01	1.523693e+00
1233	3.913291e-01	3.713628e-01	1.969223e+00
1234	2.508435e-01	2.516197e-01	1.782609e+00
1235	5.243958e-01	4.246559e-01	2.079629e+00
1236	5.923741e-01	2.021105e-01	2.675623e+00
1237	3.871108e-01	4.518244e-01	2.221299e+00
1238	5.041790e-01	4.753929e-01	1.449438e+00
1239	3.814834e-01	4.576962e-01	2.145090e+00
1240	3.463166e-01	6.966956e-01	1.699560e+00
1241	4.769566e-01	4.365131e-01	1.530532e+00
1242	5.084636e-01	4.259649e-01	1.497313e+00
1243	3.578645e-01	3.587566e-01	2.941378e+00
1244	4.412460e-01	4.014218e-01	1.049829e+00
1245	3.506566e-01	3.165797e-01	2.659013e+00
1246	4.877428e-01	4.376247e-01	1.352711e+00
1247	2.115908e-01	2.781563e-01	2.130435e+00
1248	3.323002e-01	3.985050e-01	2.205667e+00
1249	4.494367e-01	3.455305e-01	2.596483e+00
1250	3.994341e-01	3.226916e-01	1.509038e+00
1251	1.295583e-01	3.944404e-01	2.791891e+00
1252	4.812448e-01	3.763747e-01	2.280899e+00
1253	3.820612e-01	4.045178e-01	2.403029e+00
1254	4.357674e-01	3.913937e-01	1.936981e+00
1255	4.253454e-01	6.141580e-01	1.296043e+00
1256	5.294776e-01	3.842438e-01	2.641426e+00
1257	4.561000e-01	3.963044e-01	2.440156e+00
1258	4.657792e-01	4.604787e-01	1.798241e+00
1260	1.505853e-01	9.465163e-01	1.712262e+00
1261	4.384147e-01	3.803325e-01	2.961895e+00
1262	4.420150e-01	4.085374e-01	1.598925e+00
1263	4.824540e-01	4.274304e-01	2.942355e+00
1264	4.484616e-01	3.762053e-01	2.190034e+00
1266	5.185348e-01	4.365041e-01	1.212995e+00
1267	4.517340e-01	3.921843e-01	2.884709e+00
1268	4.205977e-01	3.944896e-01	1.595017e+00
1269	5.414291e-01	3.896869e-01	2.224231e+00
1270	4.226113e-01	3.890498e-01	2.834880e+00
1274	3.991668e-01	3.720187e-01	2.989253e+00
1275	4.244419e-01	4.324584e-01	2.994138e+00
1277	3.978111e-01	4.167247e-01	2.765511e+00
1278	4.587087e-01	4.044220e-01	2.046409e+00
1279	4.211278e-01	3.981972e-01	1.152418e+00
1280	7.356770e-01	3.487645e-01	2.244748e+00
1281	4.206644e-01	4.145310e-01	2.935515e+00
1282	4.497050e-01	3.726850e-01	2.528090e+00
1283	3.755978e-01	7.163099e-01	1.950660e+00
1284	2.617864e-01	5.049373e-01	2.106009e+00
1285	4.197542e-01	3.445117e-01	2.655105e+00
1286	4.039020e-01	4.285315e-01	2.695164e+00
1288	4.599642e-01	3.685214e-01	2.430386e+00
1289	6.975817e-01	4.111937e-01	2.187103e+00
1290	4.407542e-01	4.311762e-01	2.880801e+00
1291	4.153298e-01	4.699157e-01	1.118222e+00
1293	5.059634e-01	4.927615e-01	2.978505e+00
1294	4.442592e-01	5.110594e-01	2.590620e+00
1295	4.123088e-01	2.193555e-01	1.416219e+00
1296	5.128043e-01	7.673959e-01	1.075232e+00
1297	5.392112e-01	4.207634e-01	1.291158e+00
1298	4.205920e-01	4.665221e-01	1.170005e+00
1299	4.865082e-01	3.673408e-01	2.727406e+00
1300	4.788264e-01	3.742958e-01	2.416707e+00
1301	3.913691e-01	3.910435e-01	1.214949e+00
1303	4.441274e-01	4.493979e-01	2.152907e+00
1304	4.115019e-01	4.422087e-01	1.657548e+00
1305	3.197534e-01	3.445569e-01	2.051295e+00
1306	4.232798e-01	3.428360e-01	2.519297e+00
1307	4.535362e-01	3.905221e-01	1.166097e+00
1308	3.788308e-01	3.867029e-01	2.053249e+00
1309	5.184257e-01	5.243529e-01	1.833415e+00
1310	4.658264e-01	4.696884e-01	1.275525e+00
1311	4.451620e-01	4.015324e-01	2.477284e+00
1312	2.693262e-01	3.851300e-01	2.601368e+00
1313	3.536653e-01	4.169075e-01	2.955056e+00
1314	3.565577e-01	4.246715e-01	2.009282e+00
1315	5.238526e-01	4.355831e-01	2.046409e+00
1316	4.416353e-01	4.133701e-01	2.063019e+00
1317	4.187888e-01	4.637990e-01	2.537860e+00
1318	3.890431e-01	4.818655e-01	2.890572e+00
1319	4.570103e-01	4.671926e-01	1.899853e+00
1321	5.067534e-01	4.457354e-01	2.084514e+00
1322	4.560540e-01	5.585610e-01	2.120664e+00
1323	4.365486e-01	4.371575e-01	2.201759e+00
1324	6.958255e-01	4.159507e-01	2.396190e+00
1325	4.420105e-01	2.747069e-01	1.815828e+00
1326	2.752351e-01	7.193643e-01	2.284807e+00
1327	4.191854e-01	4.677285e-01	1.021495e+00
1328	2.231784e-01	3.377281e-01	1.059599e+00
1329	4.114625e-01	2.388860e-01	1.655594e+00
1330	4.967930e-01	4.265117e-01	2.658036e+00
1331	3.892176e-01	4.394996e-01	2.494871e+00
1332	3.980252e-01	4.774652e-01	1.962384e+00
1333	4.367071e-01	4.685696e-01	2.987298e+00
1334	4.860276e-01	5.180920e-01	2.722521e+00
1335	4.492198e-01	4.435291e-01	2.400098e+00
1336	5.064447e-01	4.484128e-01	1.836346e+00
1338	5.326123e-01	4.626425e-01	2.736199e+00
1339	4.317156e-01	3.198638e-01	1.128969e+00
1340	4.521459e-01	4.282397e-01	1.536395e+00
1341	4.765989e-01	4.049571e-01	1.802149e+00
1342	3.795112e-01	4.197696e-01	2.236932e+00
1343	5.388300e-01	3.832984e-01	1.706400e+00
1344	4.048441e-01	4.957509e-01	1.800195e+00
1345	3.543010e-01	4.041835e-01	1.365413e+00
1346	4.201999e-01	3.209111e-01	2.063996e+00
1347	4.856821e-01	4.879646e-01	2.178310e+00
1348	6.476859e-01	4.272147e-01	1.892037e+00
1349	4.670665e-01	4.455759e-01	1.878359e+00
1350	4.554724e-01	3.783610e-01	1.049829e+00
1351	3.642394e-01	3.575691e-01	2.364924e+00
1352	4.110280e-01	3.522269e-01	1.763068e+00
1353	4.874840e-01	5.432964e-01	1.843185e+00
1354	3.638053e-01	4.305548e-01	2.164631e+00
1355	4.451128e-01	5.002921e-01	2.629702e+00
1356	2.877353e-01	5.607587e-01	2.917929e+00
1357	4.643875e-01	4.289332e-01	2.522228e+00
1359	4.868058e-01	5.426067e-01	1.450415e+00
1361	3.624033e-01	3.978543e-01	1.512946e+00
1362	5.278383e-01	5.219090e-01	1.676111e+00
1363	3.066422e-01	5.811159e-01	1.679043e+00
1364	4.467589e-01	3.912598e-01	1.855887e+00
1365	4.474385e-01	3.974599e-01	1.180752e+00
1366	3.407532e-01	2.049633e-01	2.835857e+00
1367	4.111681e-01	4.013434e-01	2.792868e+00
1369	4.551559e-01	3.690772e-01	2.096238e+00
1370	5.696458e-01	2.254092e-01	2.609184e+00
1371	4.501079e-01	3.726354e-01	2.073766e+00
1372	4.452416e-01	4.300446e-01	2.155838e+00
1375	6.087940e-01	2.720474e-01	1.465071e+00
1376	4.791751e-01	4.094367e-01	2.947240e+00
1377	3.590373e-01	4.535782e-01	2.064973e+00
1378	3.557996e-01	3.798869e-01	1.668295e+00
1379	4.915720e-01	4.239339e-01	1.189546e+00
1380	5.219302e-01	3.942800e-01	2.301417e+00
1381	1.730157e-01	8.724741e-01	1.429897e+00
1382	1.800239e-01	8.782788e-01	2.915975e+00
1383	3.122583e-01	5.080846e-01	2.735222e+00
1384	4.831764e-01	3.881566e-01	1.857841e+00
1385	3.676205e-01	2.296145e-01	2.497802e+00
1386	3.594110e-01	3.900950e-01	2.556424e+00
1387	3.736083e-01	3.403492e-01	2.993161e+00
1388	4.359585e-01	3.727628e-01	2.166585e+00
1389	4.080948e-01	4.070668e-01	2.121641e+00
1390	4.096895e-01	4.447509e-01	2.803615e+00
1391	4.879067e-01	4.358456e-01	1.400586e+00
1392	4.160499e-01	4.152956e-01	1.563752e+00
1393	5.010830e-01	4.427490e-01	1.372252e+00
1394	7.167588e-01	3.700280e-01	2.209575e+00
1396	5.050419e-01	3.867662e-01	1.933073e+00
1397	7.033699e-01	3.786451e-01	2.647289e+00
1398	4.037720e-01	3.208170e-01	2.408891e+00
1399	5.240218e-01	3.852696e-01	1.973131e+00
1400	4.498957e-01	4.733029e-01	1.211041e+00
1402	4.529166e-01	4.099797e-01	2.040547e+00
1403	4.713170e-01	4.365159e-01	1.478749e+00
1404	4.455474e-01	4.115578e-01	2.397167e+00
1405	4.604057e-01	3.793776e-01	1.195408e+00
1406	6.955736e-01	3.783070e-01	2.187103e+00
1408	4.517122e-01	4.124855e-01	1.061553e+00
1409	3.941178e-01	4.339941e-01	1.982902e+00
1410	6.594033e-01	3.711695e-01	2.885686e+00
1411	4.524910e-01	4.157003e-01	2.782120e+00
1412	2.767068e-01	4.768881e-01	1.925256e+00
1413	4.801042e-01	5.124055e-01	2.667807e+00
1414	4.560158e-01	4.579157e-01	1.808989e+00
1415	5.082064e-01	3.558401e-01	1.599902e+00
1416	4.273142e-01	3.021835e-01	2.109917e+00
1417	4.713930e-01	4.046639e-01	1.787494e+00
1418	4.502019e-01	4.056350e-01	1.056668e+00
1419	4.695493e-01	5.138624e-01	1.356619e+00
1420	5.111777e-01	3.751520e-01	1.866634e+00
1421	4.135901e-01	3.414026e-01	1.653639e+00
1422	4.666832e-01	3.826608e-01	2.148021e+00
1423	5.399845e-01	4.218866e-01	2.803615e+00
1424	7.226200e-01	3.746710e-01	1.927211e+00
1425	2.837935e-01	4.612120e-01	1.481681e+00
1426	2.238813e-01	5.077374e-01	1.525647e+00
1428	4.571981e-01	4.641351e-01	2.692233e+00
1429	4.150900e-01	4.312121e-01	2.785051e+00
1432	7.171030e-01	4.088829e-01	2.716659e+00
1433	4.737260e-01	3.973658e-01	2.196873e+00
1434	3.569133e-01	5.099270e-01	2.574988e+00
1435	4.532078e-01	4.119264e-01	2.226185e+00
1436	5.063581e-01	4.627855e-01	1.104543e+00
1437	4.349931e-01	3.879727e-01	1.493405e+00
1438	5.566628e-02	5.564077e-01	2.484123e+00
1439	4.335000e-01	3.893967e-01	1.462140e+00
1441	4.990905e-01	4.906840e-01	2.223254e+00
1442	4.948330e-01	3.774475e-01	2.207621e+00
1443	3.998948e-01	2.901348e-01	2.059111e+00
1444	3.786176e-01	2.585705e-01	1.150464e+00
1445	4.038024e-01	2.706869e-01	2.399121e+00
1446	3.917522e-01	3.376144e-01	2.227162e+00
1447	4.911936e-01	4.820142e-01	2.134343e+00
1448	3.379617e-01	1.869891e-01	2.229116e+00
1449	4.447768e-01	4.663362e-01	1.715193e+00
1450	3.239855e-01	4.820535e-01	2.883732e+00
1451	4.057360e-01	4.050298e-01	2.244748e+00
1452	4.817074e-01	4.229859e-01	2.822179e+00
1453	4.198053e-01	4.183768e-01	2.239863e+00
1454	1.488447e-01	5.559839e-01	1.034196e+00
1455	3.767716e-01	6.998600e-01	2.716659e+00
1456	6.887899e-01	3.915238e-01	1.645823e+00
1457	5.093429e-01	4.781652e-01	1.725940e+00
1458	4.166574e-01	4.038607e-01	2.791891e+00
1459	4.048938e-01	4.364190e-01	1.751343e+00
1460	5.036718e-01	2.415976e-01	1.628236e+00
1461	4.334220e-01	3.690649e-01	1.029311e+00
1462	3.469170e-01	4.218664e-01	2.070835e+00
1463	2.495643e-01	2.527700e-01	1.798241e+00
1464	4.359069e-01	3.702402e-01	2.493894e+00
1465	4.213526e-01	4.941034e-01	2.102101e+00
1466	4.174459e-01	4.351761e-01	2.455789e+00
1467	4.500360e-01	4.850592e-01	2.363947e+00
1468	4.709745e-01	6.117670e-01	1.084025e+00
1469	5.071001e-01	4.182775e-01	1.581339e+00
1472	4.142618e-01	4.394098e-01	2.235955e+00
1473	4.730867e-01	4.587018e-01	1.804104e+00
1474	3.830272e-01	6.580424e-01	2.747924e+00
1475	5.157913e-01	3.730869e-01	1.969223e+00
1476	4.727252e-01	3.845526e-01	2.706888e+00
1477	4.869600e-01	2.710243e-01	1.231558e+00
1479	3.669777e-01	1.603807e-01	2.075721e+00
1480	3.775267e-01	7.026970e-01	1.543234e+00
1481	4.296792e-01	4.544529e-01	2.030777e+00
1482	4.553261e-01	4.268472e-01	1.523693e+00
1484	4.499821e-01	3.523484e-01	1.997557e+00
1485	5.074401e-01	3.844296e-01	1.725940e+00
1486	7.052768e-01	2.333215e-01	1.153395e+00
1487	4.537207e-01	4.243367e-01	1.253053e+00
1488	4.834374e-01	4.242812e-01	2.925745e+00
1489	3.697605e-01	2.178467e-01	1.417196e+00
1490	3.748827e-01	6.777774e-01	1.613581e+00
1491	5.730570e-01	3.757128e-01	1.047875e+00
1492	4.501422e-01	4.965265e-01	1.384954e+00
1495	4.323979e-01	4.906891e-01	1.201270e+00
1496	4.445779e-01	4.119031e-01	1.347826e+00
1497	3.760268e-01	4.833710e-01	2.852467e+00
1498	3.586280e-01	3.071828e-02	2.626771e+00
1499	3.007384e-01	5.115816e-01	2.479238e+00
1500	4.828588e-01	3.504333e-01	1.982902e+00
1501	4.627067e-01	4.680842e-01	2.925745e+00
1502	5.850112e-02	3.956974e-01	1.167074e+00
1505	3.616172e-01	6.477267e-01	2.765511e+00
1506	4.521963e-01	4.167274e-01	1.329262e+00
1507	4.669958e-01	4.110223e-01	1.169028e+00
1508	6.539687e-01	4.494533e-01	1.092819e+00
1509	7.099909e-01	2.036389e-01	2.261358e+00
1510	5.014979e-01	3.715924e-01	2.436248e+00
1511	4.564820e-01	4.884502e-01	2.255496e+00
1512	2.284273e-01	5.765984e-01	1.693698e+00
1513	7.284892e-01	3.889220e-01	1.655594e+00
1515	4.497630e-01	4.195476e-01	1.942843e+00
1516	3.913742e-01	4.413724e-01	1.339033e+00
1517	3.566499e-01	2.838269e-02	1.352711e+00
1519	3.568543e-01	6.431205e-01	1.598925e+00
1520	4.436615e-01	4.901719e-01	2.823156e+00
1521	4.574491e-01	4.952438e-01	1.132877e+00
1522	3.907019e-01	3.033268e-01	1.176844e+00
1524	4.461750e-01	4.849159e-01	2.567171e+00
1526	4.054375e-01	2.880401e-01	2.589643e+00
1527	3.651025e-01	6.322939e-02	1.785540e+00
1528	4.499528e-01	4.726388e-01	1.034196e+00
1529	4.777756e-01	3.701903e-01	1.602833e+00
1531	3.320354e-01	3.421485e-01	2.484123e+00
1532	4.309924e-01	4.320990e-01	1.414265e+00
1533	4.298812e-01	4.251453e-01	1.421104e+00
1534	3.716332e-01	4.580113e-01	1.716170e+00
1535	4.072841e-01	2.990593e-01	2.744993e+00
1537	4.362581e-01	4.406889e-01	1.691744e+00
1538	5.142964e-01	4.626566e-01	1.178798e+00
1539	5.188467e-01	4.712507e-01	2.830972e+00
1540	4.330351e-01	4.385963e-01	2.686370e+00
1541	4.537628e-01	3.081919e-01	1.747435e+00
1542	3.016349e-01	5.085207e-01	1.429897e+00
1543	4.581734e-01	3.782698e-01	2.558378e+00
1545	4.424566e-01	4.652028e-01	1.731803e+00
1548	4.093065e-01	3.532371e-01	1.051783e+00
1549	2.614304e-01	1.527980e-01	2.582804e+00
1550	3.542657e-01	7.563028e-01	2.906204e+00
1551	3.965177e-01	3.945390e-01	2.308256e+00
1552	5.205392e-01	4.314801e-01	2.203713e+00
1553	4.465421e-01	4.782136e-01	1.851001e+00
1554	3.574837e-01	4.529845e-01	2.557401e+00
1555	2.237860e-01	5.512546e-01	2.127504e+00
1556	4.988503e-01	4.490115e-01	1.183683e+00
1557	4.309443e-01	4.292939e-01	1.517831e+00
1558	2.687623e-01	5.973843e-01	2.406937e+00
1559	4.057782e-01	4.031254e-01	2.077675e+00
1561	4.423286e-01	4.472159e-01	1.929165e+00
1562	4.366035e-01	4.379607e-01	1.023449e+00
1563	4.554389e-01	3.909678e-01	1.064485e+00
1565	4.342222e-01	3.556101e-01	1.845139e+00
1567	4.324928e-01	4.296197e-01	2.472399e+00
1568	4.654522e-01	3.097222e-01	1.151441e+00
1569	4.389274e-01	4.892735e-01	2.558378e+00
1570	3.298863e-01	6.901262e-01	2.004397e+00
1572	5.103910e-01	1.524353e-01	1.558867e+00
1573	4.760974e-01	3.467296e-01	2.801661e+00
1574	4.477405e-01	4.473128e-01	2.544700e+00
1575	5.105955e-01	2.680216e-01	1.345872e+00
1576	4.259395e-01	4.119068e-01	1.686859e+00
1577	3.106515e-01	5.114601e-01	2.725452e+00
1579	3.492602e-01	3.191836e-01	1.786517e+00
1580	4.013630e-01	1.450973e-01	2.437225e+00
1581	4.327138e-01	3.929538e-01	2.128481e+00
1583	3.112588e-01	6.502884e-01	1.586224e+00
1584	4.498609e-01	4.972115e-01	1.923302e+00
1586	4.504161e-01	4.970675e-01	1.829507e+00
1587	3.118220e-01	6.494922e-01	2.114802e+00
1588	4.114837e-01	3.625370e-01	1.063508e+00
1589	4.456787e-01	3.901393e-01	2.355154e+00
1590	4.344305e-01	3.811650e-01	2.793845e+00
1591	3.341698e-01	6.702240e-01	2.389350e+00
1593	4.271360e-01	5.824618e-01	2.190034e+00
1594	3.205095e-01	7.061631e-01	1.904739e+00
1595	4.662644e-01	4.626538e-01	1.589155e+00
1596	4.519096e-01	4.445467e-01	2.608207e+00
1597	4.449717e-01	4.133515e-01	1.751343e+00
1598	4.754300e-01	4.679450e-01	1.317538e+00
1599	4.444083e-01	3.693550e-01	2.326820e+00
1600	6.089764e-01	3.070097e-01	2.483146e+00
1601	3.946973e-01	2.226795e-01	2.167562e+00
1602	4.659030e-01	5.003639e-01	2.565217e+00
1603	4.497637e-01	3.990442e-01	2.701026e+00
1604	4.325479e-01	3.776181e-01	2.196873e+00
1605	6.677976e-01	4.415038e-01	2.236932e+00
1606	3.903048e-01	1.729436e-01	1.756229e+00
1607	4.664735e-01	3.883146e-01	2.469468e+00
1608	3.176355e-01	6.926435e-01	2.740107e+00
1609	3.633610e-01	5.385362e-01	2.376649e+00
1610	3.835902e-01	4.705125e-01	1.635076e+00
1611	4.460152e-01	4.905665e-01	1.985833e+00
1612	4.654590e-01	4.767802e-01	2.683439e+00
1613	4.445434e-01	4.024901e-01	2.635564e+00
1615	5.127864e-01	4.364269e-01	2.240840e+00
1616	2.515051e-01	6.591436e-01	2.932584e+00
1618	4.403630e-01	4.189044e-01	1.688813e+00
1620	4.562030e-01	4.366642e-01	2.625794e+00
1621	4.549103e-01	4.108796e-01	1.874450e+00
1623	4.451022e-01	4.310572e-01	1.112360e+00
1624	3.691060e-01	5.610766e-01	2.001466e+00
1625	4.559139e-01	2.161016e-01	2.370787e+00
1626	3.704856e-01	6.182728e-01	2.454812e+00
1627	4.519047e-01	4.179650e-01	2.880801e+00
1628	3.666404e-01	7.487456e-02	1.092819e+00
1629	4.261756e-01	5.274776e-01	2.137274e+00
1630	4.182901e-01	4.333121e-01	1.475818e+00
1633	3.049594e-01	6.684944e-01	2.905227e+00
1634	4.402393e-01	4.134813e-01	2.163654e+00
1635	4.449729e-01	3.660128e-01	2.358085e+00
1637	5.100120e-01	4.547996e-01	2.169516e+00
1638	4.349277e-01	4.115714e-01	1.574499e+00
1639	5.112667e-01	3.259992e-01	2.104055e+00
1640	4.400913e-01	4.050721e-01	1.770884e+00
1641	4.137882e-01	5.648595e-01	2.212506e+00
1642	3.578255e-01	1.052923e-01	1.830484e+00
1643	4.479230e-01	3.875273e-01	2.361993e+00
1644	4.398058e-01	4.973291e-01	1.606742e+00
1646	4.669332e-01	4.521886e-01	1.875427e+00
1647	4.317202e-01	4.105479e-01	2.490962e+00
1648	4.243282e-01	5.026054e-01	1.409380e+00
1649	4.077092e-01	4.787045e-01	2.132389e+00
1650	6.015031e-01	2.387977e-01	1.424035e+00
1652	4.425405e-01	4.071565e-01	1.721055e+00
1653	4.405007e-01	4.089242e-01	1.192477e+00
1654	5.055146e-01	4.603044e-01	1.812897e+00
1655	4.689129e-01	4.716516e-01	1.871519e+00
1656	4.375999e-01	4.048919e-01	2.771373e+00
1657	3.288089e-01	4.887302e-01	2.809477e+00
1658	4.523160e-01	3.895977e-01	2.176356e+00
1659	4.086065e-01	2.327091e-01	2.525159e+00
1660	4.810445e-01	5.564677e-01	2.669761e+00
1661	4.384183e-01	4.077789e-01	1.865657e+00
1664	4.860959e-01	5.675851e-01	2.751832e+00
1665	3.932317e-01	5.204556e-01	2.413776e+00
1666	5.012791e-01	4.506795e-01	2.827064e+00
1667	4.539647e-01	6.478089e-01	2.991207e+00
1669	5.270933e-01	3.296487e-01	2.843674e+00
1670	4.735516e-01	3.810645e-01	2.480215e+00
1672	2.968522e-01	2.320767e-01	1.798241e+00
1673	4.518783e-01	4.157677e-01	2.852467e+00
1675	4.834769e-01	4.617321e-01	2.756717e+00
1679	4.914030e-01	4.606092e-01	1.263801e+00
1681	3.306723e-01	6.948308e-01	1.905716e+00
1682	4.582654e-01	4.002524e-01	2.451881e+00
1688	5.206352e-01	3.411724e-01	1.087934e+00
1689	3.324115e-01	6.863783e-01	1.141671e+00
1691	4.912542e-01	3.570595e-01	2.122618e+00
1692	4.686323e-01	3.297254e-01	1.519785e+00
1693	3.871176e-01	4.294728e-01	1.455300e+00
1694	4.251235e-01	4.120680e-01	2.119687e+00
1695	4.118376e-01	4.478268e-01	1.228627e+00
1696	5.153737e-01	4.530944e-01	1.396678e+00
1697	5.468798e-01	3.312851e-01	2.823156e+00
1698	4.469953e-01	5.493998e-01	1.030288e+00
1699	4.296384e-01	4.037709e-01	1.604787e+00
1700	5.006915e-01	4.480823e-01	2.290669e+00
1701	4.966900e-01	3.029751e-01	2.669761e+00
1703	4.247294e-01	4.123945e-01	1.828530e+00
1704	4.128366e-01	4.322500e-01	2.141182e+00
1705	4.600681e-01	3.992617e-01	1.916463e+00
1706	5.073021e-01	3.359171e-01	1.868588e+00
1707	4.213592e-01	3.820219e-01	1.210064e+00
1708	4.260832e-01	4.474892e-01	1.056668e+00
1710	6.246186e-01	4.207943e-01	2.385442e+00
1711	3.740721e-01	6.932600e-01	1.733757e+00
1712	4.398041e-01	4.124277e-01	1.249145e+00
1714	4.496500e-01	3.637260e-01	2.191011e+00
1715	4.558963e-01	3.999806e-01	2.391304e+00
1717	6.730836e-01	4.577261e-01	2.142159e+00
1718	4.509927e-01	3.898232e-01	1.539326e+00
1719	3.759211e-01	5.684234e-01	2.917929e+00
1720	3.607040e-01	7.303764e-01	1.940889e+00
1722	2.698738e-01	6.578371e-01	1.871519e+00
1723	4.356910e-01	3.695224e-01	2.197851e+00
1725	4.949450e-01	4.072229e-01	1.103566e+00
1726	4.454060e-01	4.164300e-01	2.199805e+00
1727	4.417706e-01	4.279002e-01	2.901319e+00
1728	4.734860e-01	2.247960e-01	2.394235e+00
1729	4.969030e-01	2.555973e-01	2.729360e+00
1731	4.204591e-01	7.190208e-01	2.066927e+00
1732	4.256792e-01	4.818920e-01	1.179775e+00
1733	4.620337e-01	3.603796e-01	2.250611e+00
1735	6.860054e-01	4.342469e-01	1.398632e+00
1736	4.121043e-01	7.347198e-01	1.000000e+00
1737	4.806332e-01	3.748523e-01	1.929165e+00
1738	4.523337e-01	3.979654e-01	1.326331e+00
1739	4.462061e-01	4.222634e-01	2.799707e+00
1740	6.795523e-01	4.471419e-01	1.210064e+00
1742	4.796532e-01	2.741991e-01	1.741573e+00
1743	6.623058e-01	4.415380e-01	1.858818e+00
1744	4.462691e-01	4.244722e-01	1.612604e+00
1745	2.316284e-01	6.672262e-01	1.720078e+00
1746	3.889264e-01	4.019136e-01	2.707865e+00
1747	4.510140e-01	3.768606e-01	2.856375e+00
1749	4.688778e-01	2.659296e-01	1.605765e+00
1750	4.427970e-01	4.242092e-01	1.273571e+00
1751	3.209472e-01	1.672260e-01	2.294577e+00
1752	4.535210e-01	3.628423e-01	2.261358e+00
1753	4.438321e-01	4.276088e-01	2.146067e+00
1754	4.463445e-01	3.902439e-01	1.349780e+00
1756	4.858794e-01	4.046567e-01	1.849047e+00
1757	4.296631e-01	4.039141e-01	2.970689e+00
1758	4.438281e-01	4.156602e-01	1.912555e+00
1759	4.604167e-01	4.259310e-01	2.725452e+00
1760	3.693218e-01	3.547151e-01	2.416707e+00
1761	4.072957e-01	3.894495e-01	2.902296e+00
1762	4.187635e-01	4.594442e-01	1.231558e+00
1763	4.412667e-01	3.910700e-01	2.010259e+00
1764	4.495629e-01	4.124166e-01	1.864680e+00
1765	4.089817e-01	3.424511e-01	1.401563e+00
1766	4.165129e-01	4.499830e-01	1.619443e+00
1767	3.242338e-01	4.314003e-01	2.412799e+00
1769	4.610010e-01	4.077571e-01	2.468490e+00
1770	3.964413e-01	3.822890e-01	2.504641e+00
1771	4.578734e-01	4.210017e-01	1.830484e+00
1772	4.407741e-01	4.308674e-01	2.949194e+00
1773	4.602169e-01	4.264762e-01	2.943332e+00
1774	4.569929e-01	4.288426e-01	2.629702e+00
1775	4.219516e-01	3.971855e-01	1.385931e+00
1776	4.168131e-01	3.847387e-01	1.112360e+00
1777	4.537690e-01	3.960281e-01	1.168051e+00
1778	3.933983e-01	3.884923e-01	1.044944e+00
1779	4.697436e-01	3.449556e-01	1.571568e+00
1781	4.145604e-01	3.576929e-01	1.047875e+00
1782	3.565497e-01	4.633969e-01	1.669272e+00
1784	5.135106e-01	3.543649e-01	1.018564e+00
1785	4.359142e-01	3.881378e-01	1.857841e+00
1786	4.791736e-01	4.014412e-01	1.878359e+00
1787	4.473022e-01	3.970054e-01	2.875916e+00
1788	4.595404e-01	4.284291e-01	1.488520e+00
1789	4.369929e-01	4.156004e-01	2.688324e+00
1790	4.115314e-01	4.338421e-01	2.486077e+00
1791	4.311596e-01	4.378814e-01	2.162677e+00
1792	3.750252e-01	4.852792e-01	1.360528e+00
1794	5.081355e-01	4.220469e-01	1.508061e+00
1795	4.899946e-01	4.521540e-01	2.316072e+00
1796	4.657308e-01	3.895253e-01	2.488031e+00
1798	4.935578e-01	4.050932e-01	1.824621e+00
1799	5.141136e-01	4.687775e-01	1.745481e+00
1800	4.513545e-01	4.113248e-01	1.765999e+00
1801	5.375214e-01	4.505029e-01	1.366390e+00
1802	4.380166e-01	3.957885e-01	2.291646e+00
1803	4.798498e-01	4.820355e-01	1.470933e+00
1804	4.385047e-01	4.155488e-01	1.059599e+00
1805	4.520230e-01	3.668828e-01	2.897411e+00
1806	4.306601e-01	3.260781e-01	1.231558e+00
1807	4.120316e-01	3.341532e-01	2.143136e+00
1808	5.098966e-01	4.251607e-01	1.388862e+00
1809	4.196279e-01	3.608518e-01	1.999511e+00
1811	3.898381e-01	3.898134e-01	1.197362e+00
1812	4.510494e-01	4.240150e-01	2.679531e+00
1813	4.124499e-01	3.578861e-01	2.245725e+00
1814	5.190297e-01	4.316144e-01	1.915486e+00
1815	4.916346e-01	4.055925e-01	2.346361e+00
1816	9.182371e-01	1.766077e-01	2.593552e+00
1817	9.341516e-01	1.336350e-01	2.326820e+00
1818	4.221677e-01	3.597551e-01	2.955056e+00
1819	4.349060e-01	4.122465e-01	1.663410e+00
1820	5.058536e-01	3.266279e-01	2.957010e+00
1821	4.019092e-01	3.938963e-01	2.559355e+00
1822	3.988090e-01	3.922565e-01	2.618955e+00
1823	4.293093e-01	4.147138e-01	1.780655e+00
1824	4.853470e-01	3.641510e-01	2.787982e+00
1826	7.798534e-01	7.478382e-01	1.094773e+00
1827	4.050104e-01	5.474593e-01	1.476795e+00
1828	4.360292e-01	4.126209e-01	1.010747e+00
1829	4.330760e-01	4.014034e-01	1.276502e+00
1831	4.380354e-01	3.945548e-01	1.608696e+00
1833	4.173974e-01	4.303105e-01	1.189546e+00
1834	4.819298e-01	4.246387e-01	2.732291e+00
1835	4.545330e-01	4.048886e-01	2.303371e+00
1836	4.360903e-01	4.000800e-01	2.413776e+00
1837	4.500755e-01	4.493073e-01	2.876893e+00
1838	4.212905e-01	4.159666e-01	2.563263e+00
1839	5.158857e-01	3.988511e-01	2.039570e+00
1840	4.589698e-01	4.174255e-01	1.436737e+00
1841	4.129109e-01	4.325650e-01	1.738642e+00
1842	4.735349e-01	4.335872e-01	2.044455e+00
1845	4.988851e-01	4.387144e-01	2.982413e+00
1846	4.582717e-01	3.878560e-01	1.203224e+00
1847	3.589298e-01	3.618068e-01	2.955056e+00
1848	4.365706e-01	4.146519e-01	1.524670e+00
1850	4.814912e-01	4.193089e-01	1.996580e+00
1851	4.768093e-01	3.673246e-01	2.945286e+00
1852	4.578280e-01	4.425383e-01	1.991695e+00
1853	4.377296e-01	3.888497e-01	2.442110e+00
1854	4.498011e-01	3.679766e-01	1.477772e+00
1855	5.088472e-01	4.397977e-01	2.906204e+00
1856	4.171127e-01	4.907718e-01	1.423058e+00
1857	4.473362e-01	3.688558e-01	2.446019e+00
1858	4.625827e-01	4.721077e-01	2.860283e+00
1859	4.353833e-01	4.942273e-01	1.522716e+00
1860	5.116414e-01	3.170523e-01	1.331216e+00
1861	4.584002e-01	3.731035e-01	2.446019e+00
1862	5.295903e-01	4.180048e-01	2.095261e+00
1863	1.792990e-01	4.278945e-01	1.073278e+00
1864	2.240226e-01	5.673344e-01	2.543723e+00
1865	4.220740e-01	4.856332e-01	2.876893e+00
1866	5.307200e-01	4.186486e-01	2.031754e+00
1867	4.145978e-01	2.847028e-01	1.949682e+00
1869	4.676011e-01	3.839739e-01	1.577430e+00
1870	4.852932e-01	3.629920e-01	1.871519e+00
1871	4.542691e-01	4.036869e-01	2.033708e+00
1873	4.515756e-01	2.494289e-01	1.762091e+00
1876	4.896665e-01	4.358251e-01	2.788959e+00
1877	4.602213e-01	3.933865e-01	2.095261e+00
1878	3.891905e-01	5.371485e-01	1.627259e+00
1879	5.180855e-01	4.000788e-01	1.503175e+00
1880	4.269912e-01	3.669210e-01	1.068393e+00
1881	4.179450e-01	3.853826e-01	1.710308e+00
1883	4.524727e-01	3.800551e-01	2.123596e+00
1884	4.521870e-01	9.045274e-02	1.049829e+00
1885	4.723880e-01	3.656286e-01	2.962872e+00
1886	4.105876e-01	5.389851e-01	1.183683e+00
1888	4.675209e-01	4.263238e-01	2.475330e+00
1889	4.493075e-01	4.462207e-01	1.297020e+00
1890	5.766969e-01	2.954377e-01	1.260870e+00
1891	6.142761e-01	3.009255e-01	1.263801e+00
1893	4.621536e-01	4.167277e-01	1.933073e+00
1894	4.125155e-01	4.484059e-01	1.526624e+00
1895	3.704760e-01	4.907162e-01	1.105520e+00
1896	4.828949e-01	3.814433e-01	2.816317e+00
1897	4.382622e-01	4.555393e-01	2.696141e+00
1898	4.607183e-01	4.894233e-01	1.474841e+00
1899	4.737919e-01	4.809198e-01	2.859306e+00
1900	4.271360e-01	4.372946e-01	1.519785e+00
1901	4.307779e-01	4.401487e-01	2.446019e+00
1902	4.777346e-01	5.385330e-01	1.817782e+00
1903	4.333096e-01	3.763850e-01	1.013679e+00
1904	4.546208e-01	4.138996e-01	1.638007e+00
1905	4.188133e-01	3.428699e-01	2.997069e+00
1906	4.830404e-01	3.025740e-01	1.389839e+00
1907	4.973662e-01	3.753153e-01	1.948705e+00
1908	5.132509e-01	3.414059e-01	2.619932e+00
1909	4.213767e-01	1.844177e-01	2.633610e+00
1910	4.204721e-01	4.316996e-01	2.318026e+00
1911	4.002061e-01	3.622246e-01	1.742550e+00
1912	4.068767e-01	5.190063e-01	1.553981e+00
1913	3.847012e-01	4.357900e-01	2.149976e+00
1914	4.100324e-01	3.752940e-01	2.257450e+00
1916	4.378522e-01	3.724366e-01	1.829507e+00
1917	4.944548e-01	4.371611e-01	1.479726e+00
1918	5.357069e-01	4.654652e-01	1.658525e+00
1919	4.926393e-01	4.630932e-01	2.940401e+00
1921	4.397011e-01	4.631477e-01	1.195408e+00
1924	4.384308e-01	3.734576e-01	2.025892e+00
1925	4.727671e-01	4.071803e-01	2.963850e+00
1926	4.949869e-01	4.280538e-01	1.262824e+00
1927	4.819601e-01	3.858323e-01	2.477284e+00
1928	5.207629e-01	3.310204e-01	2.143136e+00
1929	5.031870e-01	3.913497e-01	2.845628e+00
1930	4.211341e-01	3.954708e-01	2.635564e+00
1931	4.720738e-01	4.756939e-01	1.175867e+00
1932	5.409642e-01	4.098988e-01	1.395701e+00
1933	5.099630e-01	3.922035e-01	1.111383e+00
1935	4.278971e-01	5.082762e-01	1.350757e+00
1936	5.122965e-01	4.086238e-01	2.987298e+00
1937	5.216765e-01	2.927883e-01	2.147044e+00
1938	6.097924e-01	3.078869e-01	2.690278e+00
1939	4.210752e-01	5.160949e-01	1.000000e+00
1940	3.963886e-01	4.379888e-01	1.562775e+00
1942	4.542903e-01	4.174599e-01	1.668295e+00
1943	5.144489e-01	2.957203e-01	2.642404e+00
1944	4.385193e-01	3.740736e-01	2.163654e+00
1945	4.788904e-01	3.741023e-01	1.211041e+00
1946	4.401974e-01	4.963496e-01	1.884221e+00
1947	5.132806e-01	3.880716e-01	2.262335e+00
1948	3.635285e-01	4.953446e-01	2.043478e+00
1949	4.393644e-01	4.285852e-01	1.333170e+00
1950	4.738752e-01	4.304610e-01	2.424524e+00
1951	4.614058e-01	3.848669e-01	1.144602e+00
1952	4.784095e-01	4.146885e-01	2.230093e+00
1953	4.546027e-01	4.442708e-01	2.595506e+00
1954	4.071319e-01	3.954683e-01	2.329751e+00
1955	4.874243e-01	2.995019e-01	2.636541e+00
1956	4.604573e-01	3.788561e-01	2.558378e+00
1957	2.989726e-01	6.229583e-01	1.717147e+00
1958	4.018732e-01	4.826100e-01	2.232047e+00
1959	2.797248e-01	6.158283e-01	1.036150e+00
1960	5.184508e-01	3.828821e-01	2.845628e+00
1961	3.480694e-01	4.451723e-01	2.192965e+00
1962	4.541354e-01	4.234852e-01	1.635076e+00
1963	4.284138e-01	4.924956e-01	1.007816e+00
1964	4.311630e-01	3.720445e-01	2.829018e+00
1965	4.645813e-01	3.682699e-01	2.870054e+00
1966	4.656291e-01	4.400171e-01	2.025892e+00
1967	4.476655e-01	5.950749e-01	1.664387e+00
1968	4.411119e-01	4.529629e-01	2.305325e+00
1969	3.230198e-01	4.797861e-01	2.175379e+00
1970	3.015637e-01	6.323208e-01	2.854421e+00
1971	4.527338e-01	4.795464e-01	1.525647e+00
1972	4.552790e-01	4.202315e-01	2.506595e+00
1973	5.281822e-01	6.634627e-01	2.637518e+00
1974	4.395140e-01	4.243767e-01	2.601368e+00
1975	4.344453e-01	3.725252e-01	2.133366e+00
1976	4.749060e-01	4.020940e-01	2.921837e+00
1977	4.285780e-01	3.703601e-01	1.173913e+00
1978	4.533313e-01	4.929134e-01	1.781632e+00
1979	3.790895e-01	3.996841e-01	1.233512e+00
1980	3.008560e-01	6.272534e-01	1.523693e+00
1981	4.577309e-01	4.399346e-01	2.863214e+00
1983	4.459743e-01	3.707817e-01	2.804592e+00
1984	4.003167e-01	3.649345e-01	1.785540e+00
1986	4.349522e-01	4.165206e-01	2.790914e+00
1987	2.861131e-01	6.370733e-01	1.049829e+00
1988	4.637251e-01	5.974065e-01	2.826087e+00
1989	4.351722e-01	3.758663e-01	1.035173e+00
1990	4.747570e-01	4.158042e-01	2.361016e+00
1991	4.273343e-01	4.251733e-01	1.872496e+00
1992	4.738486e-01	5.674144e-01	2.494871e+00
1993	5.424601e-01	3.806526e-01	2.837811e+00
1994	5.329612e-01	4.200795e-01	2.229116e+00
1995	4.835871e-01	4.674854e-01	1.886175e+00
1996	4.418097e-01	3.793982e-01	1.172936e+00
1997	4.257431e-01	4.169385e-01	2.301417e+00
1998	2.899762e-01	4.743361e-01	2.276014e+00
1999	5.482458e-01	4.313057e-01	2.713727e+00
1999	5.482458e-01	4.313057e-01	2.713727e+00
1999	5.482458e-01	4.313057e-01	2.713727e+00
1999	5.482458e-01	4.313057e-01	2.713727e+00
1999	5.482458e-01	4.313057e-01	2.713727e+00
1999	5.482458e-01	4.313057e-01	2.713727e+00
1999	5.482458e-01	4.313057e-01	2.713727e+00
1999	5.482458e-01	4.313057e-01	2.713727e+00
1999	5.482458e-01	4.313057e-01	2.713727e+00
1999	5.482458e-01	4.313057e-01	2.713727e+00
1999	5.482458e-01	4.313057e-01	2.713727e+00
1999	5.482458e-01	4.313057e-01	2.713727e+00
1999	5.482458e-01	4.313057e-01	2.713727e+00
1999	5.482458e-01	4.313057e-01	2.713727e+00
1999	5.482458e-01	4.313057e-01	2.713727e+00
1999	5.482458e-01	4.313057e-01	2.713727e+00
1999	5.482458e-01	4.313057e-01	2.713727e+00
1999	5.482458e-01	4.313057e-01	2.713727e+00
1999	5.482458e-01	4.313057e-01	2.713727e+00
1999	5.482458e-01	4.313057e-01	2.713727e+00
1999	5.482458e-01	4.313057e-01	2.713727e+00
1999	5.482458e-01	4.313057e-01	2.713727e+00
1999	5.482458e-01	4.313057e-01	2.713727e+00
1999	5.482458e-01	4.313057e-01	2.713727e+00
1999	5.482458e-01	4.313057e-01	2.713727e+00
1999	5.482458e-01	4.313057e-01	2.713727e+00
1999	5.482458e-01	4.313057e-01	2.713727e+00
1999	5.482458e-01	4.313057e-01	2.713727e+00
1999	5.482458e-01	4.313057e-01	2.713727e+00
1999	5.482458e-01	4.313057e-01	2.713727e+00
1999	5.482458e-01	4.313057e-01	2.713727e+00
1999	5.482458e-01	4.313057e-01	2.713727e+00
1999	5.482458e-01	4.313057e-01	2.713727e+00
1999	5.482458e-01	4.313057e-01	2.713727e+00
1999	5.482458e-01	4.313057e-01	2.713727e+00
1999	5.482458e-01	4.313057e-01	2.713727e+00
1999	5.482458e-01	4.313057e-01	2.713727e+00
1999	5.482458e-01	4.313057e-01	2.713727e+00
1999	5.482458e-01	4.313057e-01	2.713727e+00
1999	5.482458e-01	4.313057e-01	2.713727e+00
1999	5.482458e-01	4.313057e-01	2.713727e+00
1999	5.482458e-01	4.313057e-01	2.713727e+00
1999	5.482458e-01	4.313057e-01	2.713727e+00
1999	5.482458e-01	4.313057e-01	2.713727e+00
1999	5.482458e-01	4.313057e-01	2.713727e+00
1999	5.482458e-01	4.313057e-01	2.713727e+00
1999	5.482458e-01	4.313057e-01	2.713727e+00
1999	5.482458e-01	4.313057e-01	2.713727e+00
1999	5.482458e-01	4.313057e-01	2.713727e+00
1999	5.482458e-01	4.313057e-01	2.713727e+00
1999	5.482458e-01	4.313057e-01	2.713727e+00
1999	5.482458e-01	4.313057e-01	2.713727e+00
1999	5.482458e-01	4.313057e-01	2.713727e+00
1999	5.482458e-01	4.313057e-01	2.713727e+00
1999	5.482458e-01	4.313057e-01	2.713727e+00
1999	5.482458e-01	4.313057e-01	2.713727e+00
1999	5.482458e-01	4.313057e-01	2.713727e+00
1999	5.482458e-01	4.313057e-01	2.713727e+00
1999	5.482458e-01	4.313057e-01	2.713727e+00
1999	5.482458e-01	4.313057e-01	2.713727e+00
1999	5.482458e-01	4.313057e-01	2.713727e+00
1999	5.482458e-01	4.313057e-01	2.713727e+00
1999	5.482458e-01	4.313057e-01	2.713727e+00
1999	5.482458e-01	4.313057e-01	2.713727e+00
1999	5.482458e-01	4.313057e-01	2.713727e+00
1999	5.482458e-01	4.313057e-01	2.713727e+00
1999	5.482458e-01	4.313057e-01	2.713727e+00
1999	5.482458e-01	4.313057e-01	2.713727e+00
1999	5.482458e-01	4.313057e-01	2.713727e+00
1999	5.482458e-01	4.313057e-01	2.713727e+00
1999	5.482458e-01	4.313057e-01	2.713727e+00
1999	5.482458e-01	4.313057e-01	2.713727e+00
1999	5.482458e-01	4.313057e-01	2.713727e+00
1999	5.482458e-01	4.313057e-01	2.713727e+00
1999	5.482458e-01	4.313057e-01	2.713727e+00
1999	5.482458e-01	4.313057e-01	2.713727e+00
1999	5.482458e-01	4.313057e-01	2.713727e+00
1999	5.482458e-01	4.313057e-01	2.713727e+00
1999	5.482458e-01	4.313057e-01	2.713727e+00
1999	5.482458e-01	4.313057e-01	2.713727e+00
1999	5.482458e-01	4.313057e-01	2.713727e+00
1999	5.482458e-01	4.313057e-01	2.713727e+00
1999	5.482458e-01	4.313057e-01	2.713727e+00
1999	5.482458e-01	4.313057e-01	2.713727e+00
1999	5.482458e-01	4.313057e-01	2.713727e+00
1999	5.482458e-01	4.313057e-01	2.713727e+00
1999	5.482458e-01	4.313057e-01	2.713727e+00
1999	5.482458e-01	4.313057e-01	2.713727e+00
1999	5.482458e-01	4.313057e-01	2.713727e+00
1999	5.482458e-01	4.313057e-01	2.713727e+00
1999	5.482458e-01	4.313057e-01	2.713727e+00
1999	5.482458e-01	4.313057e-01	2.713727e+00
1999	5.482458e-01	4.313057e-01	2.713727e+00
1999	5.482458e-01	4.313057e-01	2.713727e+00
1999	5.482458e-01	4.313057e-01	2.713727e+00
1999	5.482458e-01	4.313057e-01	2.713727e+00
1999	5.482458e-01	4.313057e-01	2.713727e+00
1999	5.482458e-01	4.313057e-01	2.713727e+00
1999	5.482458e-01	4.313057e-01	2.713727e+00
1999	5.482458e-01	4.313057e-01	2.713727e+00
1999	5.482458e-01	4.313057e-01	2.713727e+00
1999	5.482458e-01	4.313057e-01	2.713727e+00
1999	5.482458e-01	4.313057e-01	2.713727e+00
1999	5.482458e-01	4.313057e-01	2.713727e+00
1999	5.482458e-01	4.313057e-01	2.713727e+00
1999	5.482458e-01	4.313057e-01	2.713727e+00
1999	5.482458e-01	4.313057e-01	2.713727e+00
1999	5.482458e-01	4.313057e-01	2.713727e+00
1999	5.482458e-01	4.313057e-01	2.713727e+00
1999	5.482458e-01	4.313057e-01	2.713727e+00
1999	5.482458e-01	4.313057e-01	2.713727e+00
1999	5.482458e-01	4.313057e-01	2.713727e+00
1999	5.482458e-01	4.313057e-01	2.713727e+00
1999	5.482458e-01	4.313057e-01	2.713727e+00
1999	5.482458e-01	4.313057e-01	2.713727e+00
1999	5.482458e-01	4.313057e-01	2.713727e+00
1999	5.482458e-01	4.313057e-01	2.713727e+00
1999	5.482458e-01	4.313057e-01	2.713727e+00
1999	5.482458e-01	4.313057e-01	2.713727e+00
1999	5.482458e-01	4.313057e-01	2.713727e+00
1999	5.482458e-01	4.313057e-01	2.713727e+00
1999	5.482458e-01	4.313057e-01	2.713727e+00
1999	5.482458e-01	4.313057e-01	2.713727e+00
1999	5.482458e-01	4.313057e-01	2.713727e+00
1999	5.482458e-01	4.313057e-01	2.713727e+00
1999	5.482458e-01	4.313057e-01	2.713727e+00
1999	5.482458e-01	4.313057e-01	2.713727e+00
1999	5.482458e-01	4.313057e-01	2.713727e+00
1999	5.482458e-01	4.313057e-01	2.713727e+00
1999	5.482458e-01	4.313057e-01	2.713727e+00
1999	5.482458e-01	4.313057e-01	2.713727e+00
1999	5.482458e-01	4.313057e-01	2.713727e+00
1999	5.482458e-01	4.313057e-01	2.713727e+00
1999	5.482458e-01	4.313057e-01	2.713727e+00
1999	5.482458e-01	4.313057e-01	2.713727e+00
1999	5.482458e-01	4.313057e-01	2.713727e+00
1999	5.482458e-01	4.313057e-01	2.713727e+00
1999	5.482458e-01	4.313057e-01	2.713727e+00
1999	5.482458e-01	4.313057e-01	2.713727e+00
1999	5.482458e-01	4.313057e-01	2.713727e+00
1999	5.482458e-01	4.313057e-01	2.713727e+00
1999	5.482458e-01	4.313057e-01	2.713727e+00
1999	5.482458e-01	4.313057e-01	2.713727e+00
1999	5.482458e-01	4.313057e-01	2.713727e+00
1999	5.482458e-01	4.313057e-01	2.713727e+00
1999	5.482458e-01	4.313057e-01	2.713727e+00
1999	5.482458e-01	4.313057e-01	2.713727e+00
1999	5.482458e-01	4.313057e-01	2.713727e+00
1999	5.482458e-01	4.313057e-01	2.713727e+00
1999	5.482458e-01	4.313057e-01	2.713727e+00
1999	5.482458e-01	4.313057e-01	2.713727e+00
1999	5.482458e-01	4.313057e-01	2.713727e+00
1999	5.482458e-01	4.313057e-01	2.713727e+00
1999	5.482458e-01	4.313057e-01	2.713727e+00
1999	5.482458e-01	4.313057e-01	2.713727e+00
1999	5.482458e-01	4.313057e-01	2.713727e+00
1999	5.482458e-01	4.313057e-01	2.713727e+00
1999	5.482458e-01	4.313057e-01	2.713727e+00
1999	5.482458e-01	4.313057e-01	2.713727e+00
1999	5.482458e-01	4.313057e-01	2.713727e+00
1999	5.482458e-01	4.313057e-01	2.713727e+00
1999	5.482458e-01	4.313057e-01	2.713727e+00
1999	5.482458e-01	4.313057e-01	2.713727e+00
1999	5.482458e-01	4.313057e-01	2.713727e+00
1999	5.482458e-01	4.313057e-01	2.713727e+00
1999	5.482458e-01	4.313057e-01	2.713727e+00
1999	5.482458e-01	4.313057e-01	2.713727e+00
1999	5.482458e-01	4.313057e-01	2.713727e+00
1999	5.482458e-01	4.313057e-01	2.713727e+00
1999	5.482458e-01	4.313057e-01	2.713727e+00
1999	5.482458e-01	4.313057e-01	2.713727e+00
1999	5.482458e-01	4.313057e-01	2.713727e+00
1999	5.482458e-01	4.313057e-01	2.713727e+00
1999	5.482458e-01	4.313057e-01	2.713727e+00
1999	5.482458e-01	4.313057e-01	2.713727e+00
1999	5.482458e-01	4.313057e-01	2.713727e+00
1999	5.482458e-01	4.313057e-01	2.713727e+00
1999	5.482458e-01	4.313057e-01	2.713727e+00
1999	5.482458e-01	4.313057e-01	2.713727e+00
1999	5.482458e-01	4.313057e-01	2.713727e+00
1999	5.482458e-01	4.313057e-01	2.713727e+00
1999	5.482458e-01	4.313057e-01	2.713727e+00
1999	5.482458e-01	4.313057e-01	2.713727e+00
1999	5.482458e-01	4.313057e-01	2.713727e+00
1999	5.482458e-01	4.313057e-01	2.713727e+00
1999	5.482458e-01	4.313057e-01	2.713727e+00
1999	5.482458e-01	4.313057e-01	2.713727e+00
1999	5.482458e-01	4.313057e-01	2.713727e+00
1999	5.482458e-01	4.313057e-01	2.713727e+00
1999	5.482458e-01	4.313057e-01	2.713727e+00
1999	5.482458e-01	4.313057e-01	2.713727e+00
1999	5.482458e-01	4.313057e-01	2.713727e+00
1999	5.482458e-01	4.313057e-01	2.713727e+00
1999	5.482458e-01	4.313057e-01	2.713727e+00
1999	5.482458e-01	4.313057e-01	2.713727e+00
1999	5.482458e-01	4.313057e-01	2.713727e+00
1999	5.482458e-01	4.313057e-01	2.713727e+00
1999	5.482458e-01	4.313057e-01	2.713727e+00
1999	5.482458e-01	4.313057e-01	2.713727e+00
1999	5.482458e-01	4.313057e-01	2.713727e+00
1999	5.482458e-01	4.313057e-01	2.713727e+00
1999	5.482458e-01	4.313057e-01	2.713727e+00
1999	5.482458e-01	4.313057e-01	2.713727e+00
1999	5.482458e-01	4.313057e-01	2.713727e+00
1999	5.482458e-01	4.313057e-01	2.713727e+00
1999	5.482458e-01	4.313057e-01	2.713727e+00
1999	5.482458e-01	4.313057e-01	2.713727e+00
1999	5.482458e-01	4.313057e-01	2.713727e+00
1999	5.482458e-01	4.313057e-01	2.713727e+00
1999	5.482458e-01	4.313057e-01	2.713727e+00
1999	5.482458e-01	4.313057e-01	2.713727e+00
1999	5.482458e-01	4.313057e-01	2.713727e+00
1999	5.482458e-01	4.313057e-01	2.713727e+00
1999	5.482458e-01	4.313057e-01	2.713727e+00
1999	5.482458e-01	4.313057e-01	2.713727e+00
1999	5.482458e-01	4.313057e-01	2.713727e+00
1999	5.482458e-01	4.313057e-01	2.713727e+00
1999	5.482458e-01	4.313057e-01	2.713727e+00
1999	5.482458e-01	4.313057e-01	2.713727e+00
1999	5.482458e-01	4.313057e-01	2.713727e+00
1999	5.482458e-01	4.313057e-01	2.713727e+00
1999	5.482458e-01	4.313057e-01	2.713727e+00
1999	5.482458e-01	4.313057e-01	2.713727e+00
1999	5.482458e-01	4.313057e-01	2.713727e+00
1999	5.482458e-01	4.313057e-01	2.713727e+00
1999	5.482458e-01	4.313057e-01	2.713727e+00
1999	5.482458e-01	4.313057e-01	2.713727e+00
1999	5.482458e-01	4.313057e-01	2.713727e+00
1999	5.482458e-01	4.313057e-01	2.713727e+00
1999	5.482458e-01	4.313057e-01	2.713727e+00
1999	5.482458e-01	4.313057e-01	2.713727e+00
1999	5.482458e-01	4.313057e-01	2.713727e+00
1999	5.482458e-01	4.313057e-01	2.713727e+00
1999	5.482458e-01	4.313057e-01	2.713727e+00
1999	5.482458e-01	4.313057e-01	2.713727e+00
1999	5.482458e-01	4.313057e-01	2.713727e+00
1999	5.482458e-01	4.313057e-01	2.713727e+00
1999	5.482458e-01	4.313057e-01	2.713727e+00
1999	5.482458e-01	4.313057e-01	2.713727e+00
1999	5.482458e-01	4.313057e-01	2.713727e+00
1999	5.482458e-01	4.313057e-01	2.713727e+00
1999	5.482458e-01	4.313057e-01	2.713727e+00
1999	5.482458e-01	4.313057e-01	2.713727e+00
1999	5.482458e-01	4.313057e-01	2.713727e+00
1999	5.482458e-01	4.313057e-01	2.713727e+00
1999	5.482458e-01	4.313057e-01	2.713727e+00
1999	5.482458e-01	4.313057e-01	2.713727e+00
1999	5.482458e-01	4.313057e-01	2.713727e+00
1999	5.482458e-01	4.313057e-01	2.713727e+00
1999	5.482458e-01	4.313057e-01	2.713727e+00
1999	5.482458e-01	4.313057e-01	2.713727e+00
1999	5.482458e-01	4.313057e-01	2.713727e+00
1999	5.482458e-01	4.313057e-01	2.713727e+00
1999	5.482458e-01	4.313057e-01	2.713727e+00
1999	5.482458e-01	4.313057e-01	2.713727e+00
1999	5.482458e-01	4.313057e-01	2.713727e+00
1999	5.482458e-01	4.313057e-01	2.713727e+00
1999	5.482458e-01	4.313057e-01	2.713727e+00
1999	5.482458e-01	4.313057e-01	2.713727e+00
1999	5.482458e-01	4.313057e-01	2.713727e+00
1999	5.482458e-01	4.313057e-01	2.713727e+00
1999	5.482458e-01	4.313057e-01	2.713727e+00
1999	5.482458e-01	4.313057e-01	2.713727e+00
1999	5.482458e-01	4.313057e-01	2.713727e+00
1999	5.482458e-01	4.313057e-01	2.713727e+00
1999	5.482458e-01	4.313057e-01	2.713727e+00
1999	5.482458e-01	4.313057e-01	2.713727e+00
1999	5.482458e-01	4.313057e-01	2.713727e+00
1999	5.482458e-01	4.313057e-01	2.713727e+00
1999	5.482458e-01	4.313057e-01	2.713727e+00
1999	5.482458e-01	4.313057e-01	2.713727e+00
1999	5.482458e-01	4.313057e-01	2.713727e+00
1999	5.482458e-01	4.313057e-01	2.713727e+00
1999	5.482458e-01	4.313057e-01	2.713727e+00
1999	5.482458e-01	4.313057e-01	2.713727e+00
1999	5.482458e-01	4.313057e-01	2.713727e+00
1999	5.482458e-01	4.313057e-01	2.713727e+00
1999	5.482458e-01	4.313057e-01	2.713727e+00
1999	5.482458e-01	4.313057e-01	2.713727e+00
1999	5.482458e-01	4.313057e-01	2.713727e+00
1999	5.482458e-01	4.313057e-01	2.713727e+00
1999	5.482458e-01	4.313057e-01	2.713727e+00
1999	5.482458e-01	4.313057e-01	2.713727e+00
1999	5.482458e-01	4.313057e-01	2.713727e+00
1999	5.482458e-01	4.313057e-01	2.713727e+00
1999	5.482458e-01	4.313057e-01	2.713727e+00
1999	5.482458e-01	4.313057e-01	2.713727e+00
1999	5.482458e-01	4.313057e-01	2.713727e+00
1999	5.482458e-01	4.313057e-01	2.713727e+00
1999	5.482458e-01	4.313057e-01	2.713727e+00
1999	5.482458e-01	4.313057e-01	2.713727e+00
1999	5.482458e-01	4.313057e-01	2.713727e+00
1999	5.482458e-01	4.313057e-01	2.713727e+00
1999	5.482458e-01	4.313057e-01	2.713727e+00
1999	5.482458e-01	4.313057e-01	2.713727e+00
1999	5.482458e-01	4.313057e-01	2.713727e+00
1999	5.482458e-01	4.313057e-01	2.713727e+00
1999	5.482458e-01	4.313057e-01	2.713727e+00
1999	5.482458e-01	4.313057e-01	2.713727e+00
1999	5.482458e-01	4.313057e-01	2.713727e+00
1999	5.482458e-01	4.313057e-01	2.713727e+00
1999	5.482458e-01	4.313057e-01	2.713727e+00
1999	5.482458e-01	4.313057e-01	2.713727e+00
1999	5.482458e-01	4.313057e-01	2.713727e+00
1999	5.482458e-01	4.313057e-01	2.713727e+00
1999	5.482458e-01	4.313057e-01	2.713727e+00
1999	5.482458e-01	4.313057e-01	2.713727e+00
1999	5.482458e-01	4.313057e-01	2.713727e+00
1999	5.482458e-01	4.313057e-01	2.713727e+00
1999	5.482458e-01	4.313057e-01	2.713727e+00
1999	5.482458e-01	4.313057e-01	2.713727e+00
1999	5.482458e-01	4.313057e-01	2.713727e+00
1999	5.482458e-01	4.313057e-01	2.713727e+00
1999	5.482458e-01	4.313057e-01	2.713727e+00
1999	5.482458e-01	4.313057e-01	2.713727e+00
1999	5.482458e-01	4.313057e-01	2.713727e+00
1999	5.482458e-01	4.313057e-01	2.713727e+00
1999	5.482458e-01	4.313057e-01	2.713727e+00
1999	5.482458e-01	4.313057e-01	2.713727e+00
1999	5.482458e-01	4.313057e-01	2.713727e+00
1999	5.482458e-01	4.313057e-01	2.713727e+00
1999	5.482458e-01	4.313057e-01	2.713727e+00
1999	5.482458e-01	4.313057e-01	2.713727e+00
1999	5.482458e-01	4.313057e-01	2.713727e+00
1999	5.482458e-01	4.313057e-01	2.713727e+00
1999	5.482458e-01	4.313057e-01	2.713727e+00
1999	5.482458e-01	4.313057e-01	2.713727e+00
1999	5.482458e-01	4.313057e-01	2.713727e+00
1999	5.482458e-01	4.313057e-01	2.713727e+00
1999	5.482458e-01	4.313057e-01	2.713727e+00
1999	5.482458e-01	4.313057e-01	2.713727e+00
1999	5.482458e-01	4.313057e-01	2.713727e+00
1999	5.482458e-01	4.313057e-01	2.713727e+00
1999	5.482458e-01	4.313057e-01	2.713727e+00
1999	5.482458e-01	4.313057e-01	2.713727e+00
1999	5.482458e-01	4.313057e-01	2.713727e+00
1999	5.482458e-01	4.313057e-01	2.713727e+00
1999	5.482458e-01	4.313057e-01	2.713727e+00
1999	5.482458e-01	4.313057e-01	2.713727e+00
1999	5.482458e-01	4.313057e-01	2.713727e+00
1999	5.482458e-01	4.313057e-01	2.713727e+00
1999	5.482458e-01	4.313057e-01	2.713727e+00
1999	5.482458e-01	4.313057e-01	2.713727e+00
1999	5.482458e-01	4.313057e-01	2.713727e+00
1999	5.482458e-01	4.313057e-01	2.713727e+00
1999	5.482458e-01	4.313057e-01	2.713727e+00
1999	5.482458e-01	4.313057e-01	2.713727e+00
1999	5.482458e-01	4.313057e-01	2.713727e+00
1999	5.482458e-01	4.313057e-01	2.713727e+00
1999	5.482458e-01	4.313057e-01	2.713727e+00
1999	5.482458e-01	4.313057e-01	2.713727e+00
1999	5.482458e-01	4.313057e-01	2.713727e+00
1999	5.482458e-01	4.313057e-01	2.713727e+00
1999	5.482458e-01	4.313057e-01	2.713727e+00
1999	5.482458e-01	4.313057e-01	2.713727e+00
1999	5.482458e-01	4.313057e-01	2.713727e+00
1999	5.482458e-01	4.313057e-01	2.713727e+00
1999	5.482458e-01	4.313057e-01	2.713727e+00
1999	5.482458e-01	4.313057e-01	2.713727e+00
1999	5.482458e-01	4.313057e-01	2.713727e+00
1999	5.482458e-01	4.313057e-01	2.713727e+00
1999	5.482458e-01	4.313057e-01	2.713727e+00
1999	5.482458e-01	4.313057e-01	2.713727e+00
1999	5.482458e-01	4.313057e-01	2.713727e+00
1999	5.482458e-01	4.313057e-01	2.713727e+00
1999	5.482458e-01	4.313057e-01	2.713727e+00
1999	5.482458e-01	4.313057e-01	2.713727e+00
1999	5.482458e-01	4.313057e-01	2.713727e+00
1999	5.482458e-01	4.313057e-01	2.713727e+00
1999	5.482458e-01	4.313057e-01	2.713727e+00
1999	5.482458e-01	4.313057e-01	2.713727e+00
1999	5.482458e-01	4.313057e-01	2.713727e+00
1999	5.482458e-01	4.313057e-01	2.713727e+00
1999	5.482458e-01	4.313057e-01	2.713727e+00
1999	5.482458e-01	4.313057e-01	2.713727e+00
1999	5.482458e-01	4.313057e-01	2.713727e+00
1999	5.482458e-01	4.313057e-01	2.713727e+00
1999	5.482458e-01	4.313057e-01	2.713727e+00
1999	5.482458e-01	4.313057e-01	2.713727e+00
1999	5.482458e-01	4.313057e-01	2.713727e+00
1999	5.482458e-01	4.313057e-01	2.713727e+00
1999	5.482458e-01	4.313057e-01	2.713727e+00
1999	5.482458e-01	4.313057e-01	2.713727e+00
1999	5.482458e-01	4.313057e-01	2.713727e+00
1999	5.482458e-01	4.313057e-01	2.713727e+00
1999	5.482458e-01	4.313057e-01	2.713727e+00
1999	5.482458e-01	4.313057e-01	2.713727e+00
