2000
0	3.394757e-01	3.438722e-01	2.659990e+00
1	3.394782e-01	3.574198e-01	1.927211e+00
2	3.894702e-01	4.082717e-01	2.242794e+00
3	3.152163e-01	7.181335e-01	1.306790e+00
4	3.109614e-01	7.002984e-01	2.219345e+00
5	3.854868e-01	3.490653e-01	2.259404e+00
6	3.887045e-01	4.685183e-01	2.766488e+00
7	3.508100e-01	6.741472e-01	2.782120e+00
8	3.840570e-01	3.592836e-01	1.925256e+00
9	3.411690e-01	3.436386e-01	1.231558e+00
10	3.435587e-01	3.594836e-01	1.283341e+00
11	3.494398e-01	6.783096e-01	1.494382e+00
12	3.869203e-01	3.620130e-01	2.602345e+00
13	3.577788e-01	4.074117e-01	1.902785e+00
14	3.521281e-01	3.336838e-01	2.148021e+00
15	3.873842e-01	3.561634e-01	2.825110e+00
16	3.400628e-01	3.408529e-01	2.881778e+00
17	3.429392e-01	3.361080e-01	1.311676e+00
18	3.776684e-01	3.857093e-01	1.492428e+00
19	3.432403e-01	3.609206e-01	2.081583e+00
20	3.850401e-01	4.473163e-01	2.944309e+00
21	4.262885e-01	5.924861e-01	2.364924e+00
22	3.045932e-01	7.246531e-01	2.446996e+00
23	3.811167e-01	3.843190e-01	1.915486e+00
24	3.513123e-01	3.411107e-01	2.993161e+00
25	3.502888e-01	6.716078e-01	1.876404e+00
26	4.345551e-01	5.908622e-01	1.180752e+00
27	3.342056e-01	6.698545e-01	2.553493e+00
28	3.638035e-01	4.076010e-01	2.234001e+00
29	3.505569e-01	3.478121e-01	1.761114e+00
30	4.247898e-01	5.959387e-01	2.705911e+00
31	3.461834e-01	3.619971e-01	2.189057e+00
32	3.068267e-01	7.476443e-01	2.337567e+00
33	3.753618e-01	4.023094e-01	1.711285e+00
34	3.605435e-01	4.053987e-01	1.118222e+00
35	3.645834e-01	4.102069e-01	2.542745e+00
36	3.638065e-01	3.946809e-01	1.131900e+00
37	3.549535e-01	6.668518e-01	2.771373e+00
38	3.750512e-01	3.913527e-01	1.051783e+00
39	3.456685e-01	3.356948e-01	2.950171e+00
40	3.626780e-01	3.606834e-01	2.833903e+00
41	3.601997e-01	6.575991e-01	1.319492e+00
42	3.621646e-01	3.530582e-01	1.196385e+00
43	3.081453e-01	7.044253e-01	2.796776e+00
44	3.369963e-01	6.624898e-01	1.327308e+00
45	4.155490e-01	5.840450e-01	2.812408e+00
46	3.618507e-01	3.560968e-01	2.143136e+00
47	3.488774e-01	3.363538e-01	2.619932e+00
48	3.544922e-01	3.520758e-01	1.500244e+00
49	4.224731e-01	5.867936e-01	1.309722e+00
50	3.481746e-01	3.634780e-01	1.122130e+00
51	3.620204e-01	4.032853e-01	1.680020e+00
52	3.528675e-01	3.691666e-01	1.758183e+00
53	3.534517e-01	3.497714e-01	2.832926e+00
54	3.386475e-01	3.396817e-01	2.136297e+00
55	2.879158e-01	7.177310e-01	1.853933e+00
56	3.426642e-01	3.495142e-01	1.607719e+00
57	3.377947e-01	6.860026e-01	1.982902e+00
58	3.374401e-01	3.407154e-01	2.045432e+00
59	3.678079e-01	6.428769e-01	1.234489e+00
60	3.325571e-01	6.729381e-01	2.336590e+00
61	3.690430e-01	3.627974e-01	2.405960e+00
62	3.533026e-01	3.528397e-01	2.046409e+00
63	3.444589e-01	6.763337e-01	1.959453e+00
64	3.649611e-01	3.768779e-01	2.356131e+00
65	3.284400e-01	6.885608e-01	1.164143e+00
66	3.695402e-01	4.009549e-01	2.121641e+00
67	3.564630e-01	6.584657e-01	2.733268e+00
68	3.660073e-01	4.016182e-01	2.294577e+00
69	3.071478e-01	7.375648e-01	1.689790e+00
70	3.545198e-01	3.465503e-01	2.347338e+00
71	3.690622e-01	3.802256e-01	2.400098e+00
72	3.668593e-01	4.122573e-01	1.717147e+00
73	3.591617e-01	3.410795e-01	1.758183e+00
74	2.873420e-01	7.189207e-01	2.161700e+00
75	3.431499e-01	6.822571e-01	2.135320e+00
76	3.550094e-01	3.591642e-01	2.038593e+00
77	3.561611e-01	3.675891e-01	1.977040e+00
78	3.637476e-01	3.921197e-01	2.565217e+00
79	3.678929e-01	4.073160e-01	2.630679e+00
80	3.427608e-01	3.548717e-01	2.205667e+00
81	2.882348e-01	7.234916e-01	1.398632e+00
82	4.180311e-01	5.814958e-01	1.638007e+00
83	3.614263e-01	3.938367e-01	1.205178e+00
84	3.675677e-01	4.056063e-01	2.696141e+00
85	3.551939e-01	6.522529e-01	1.362482e+00
86	3.457124e-01	6.740459e-01	1.438691e+00
87	2.914926e-01	7.165466e-01	1.996580e+00
88	3.515702e-01	3.877877e-01	1.143625e+00
89	2.906672e-01	7.175594e-01	1.917440e+00
90	3.297897e-01	6.824964e-01	1.747435e+00
91	3.677793e-01	3.872874e-01	2.804592e+00
92	2.908992e-01	7.212448e-01	1.592086e+00
93	3.440939e-01	3.383257e-01	2.871031e+00
94	3.620369e-01	3.943016e-01	1.717147e+00
95	3.641114e-01	3.795215e-01	2.077675e+00
96	2.961784e-01	7.026477e-01	2.295554e+00
97	3.313304e-01	6.597533e-01	1.248168e+00
98	2.960417e-01	7.046379e-01	2.607230e+00
99	4.173421e-01	5.877454e-01	2.866146e+00
100	3.326276e-01	6.815084e-01	2.349292e+00
101	3.598231e-01	3.866573e-01	1.344895e+00
102	3.685634e-01	4.005457e-01	2.990230e+00
103	3.335382e-01	6.822319e-01	1.942843e+00
104	3.647125e-01	3.920484e-01	2.097215e+00
105	2.927748e-01	7.176312e-01	2.440156e+00
106	3.694528e-01	4.058636e-01	2.913043e+00
107	3.330207e-01	6.919081e-01	2.630679e+00
108	3.669187e-01	3.626385e-01	1.023449e+00
109	3.651578e-01	3.798275e-01	1.661456e+00
110	4.087751e-01	5.308137e-01	2.002443e+00
111	3.622588e-01	4.098864e-01	1.662433e+00
112	3.645898e-01	3.511526e-01	2.215437e+00
113	3.541447e-01	3.512687e-01	1.230581e+00
114	3.516981e-01	3.395248e-01	2.364924e+00
115	3.612553e-01	3.507115e-01	1.125061e+00
116	3.506237e-01	3.271499e-01	1.324377e+00
117	4.211939e-01	5.899314e-01	1.500244e+00
118	4.242089e-01	5.806483e-01	2.812408e+00
119	3.499818e-01	3.616265e-01	1.448461e+00
120	3.526278e-01	3.514859e-01	2.302394e+00
121	3.725791e-01	4.111720e-01	1.753298e+00
122	3.273416e-01	3.662752e-01	2.131412e+00
123	3.711780e-01	3.448477e-01	2.719590e+00
124	3.258072e-01	3.733407e-01	2.884709e+00
125	4.254881e-01	5.867833e-01	2.896434e+00
126	3.524856e-01	3.493679e-01	1.119199e+00
127	4.101887e-01	5.738990e-01	2.184172e+00
128	3.298633e-01	3.259485e-01	2.469468e+00
129	3.420910e-01	3.472788e-01	1.157303e+00
130	4.072171e-01	5.388005e-01	2.511480e+00
131	4.250697e-01	5.777202e-01	2.546654e+00
132	3.730043e-01	4.067482e-01	1.752320e+00
133	3.677873e-01	3.543642e-01	1.150464e+00
134	4.128080e-01	5.769022e-01	2.489008e+00
135	4.159576e-01	5.837890e-01	2.473376e+00
136	3.576571e-01	3.383651e-01	1.486566e+00
137	4.265227e-01	5.750602e-01	1.004885e+00
138	3.650123e-01	4.009804e-01	1.609673e+00
139	2.659189e-01	7.375177e-01	1.771861e+00
140	3.763106e-01	3.591875e-01	1.103566e+00
141	4.031588e-01	5.659120e-01	2.380557e+00
142	4.264497e-01	5.747713e-01	2.226185e+00
143	4.150663e-01	5.799514e-01	2.559355e+00
144	3.572485e-01	3.251230e-01	2.978505e+00
145	3.339207e-01	4.317127e-01	2.528090e+00
146	3.146326e-01	6.604273e-01	2.999023e+00
147	3.188323e-01	6.813360e-01	2.325843e+00
148	3.593309e-01	3.352066e-01	2.119687e+00
149	3.424820e-01	3.160343e-01	2.315095e+00
150	3.617054e-01	3.262273e-01	1.074255e+00
151	4.110568e-01	5.384977e-01	2.398144e+00
152	3.710834e-01	3.388223e-01	2.014167e+00
153	3.174115e-01	6.695249e-01	1.177821e+00
154	3.022369e-01	7.182446e-01	2.126527e+00
155	3.576515e-01	3.509766e-01	1.117245e+00
156	3.235802e-01	3.692464e-01	2.617978e+00
157	3.436172e-01	3.144045e-01	2.454812e+00
158	3.640040e-01	3.411637e-01	1.060576e+00
159	3.179860e-01	6.882919e-01	2.537860e+00
160	3.617670e-01	3.732387e-01	1.728872e+00
161	3.287261e-01	3.897087e-01	2.528090e+00
162	3.582062e-01	3.324335e-01	1.137763e+00
163	3.630472e-01	3.398785e-01	2.477284e+00
164	3.247724e-01	3.728089e-01	1.328285e+00
165	3.626727e-01	3.405692e-01	2.865169e+00
166	4.281045e-01	5.874711e-01	2.580850e+00
167	3.148425e-01	6.880357e-01	1.963361e+00
168	3.657171e-01	3.261934e-01	1.665364e+00
169	3.257893e-01	3.747576e-01	1.217880e+00
170	3.391970e-01	4.233406e-01	1.090865e+00
171	3.645934e-01	3.609111e-01	2.021983e+00
172	3.232710e-01	4.418770e-01	2.832926e+00
173	4.269536e-01	5.823628e-01	1.551050e+00
174	3.390005e-01	4.227429e-01	2.489008e+00
175	3.503780e-01	3.765912e-01	2.931607e+00
176	4.253506e-01	5.784760e-01	2.152907e+00
177	3.401976e-01	3.122288e-01	1.943820e+00
178	3.270846e-01	3.614196e-01	1.311676e+00
179	3.688042e-01	3.653773e-01	1.547142e+00
180	3.651187e-01	3.221407e-01	2.213483e+00
181	3.699541e-01	3.636600e-01	2.043478e+00
182	3.629063e-01	3.413025e-01	2.673669e+00
183	3.380623e-01	3.769685e-01	2.387396e+00
184	4.262976e-01	5.818818e-01	2.148021e+00
185	3.523992e-01	3.755235e-01	1.129946e+00
186	3.279704e-01	3.722817e-01	2.940401e+00
187	3.104480e-01	6.762795e-01	1.946751e+00
188	2.977783e-01	7.054039e-01	2.628725e+00
189	3.420116e-01	3.113462e-01	2.664875e+00
190	3.095032e-01	6.777856e-01	2.585735e+00
191	3.056728e-01	7.020517e-01	2.334636e+00
192	3.788552e-01	5.475613e-01	2.055203e+00
193	3.466249e-01	3.857015e-01	1.027357e+00
194	3.006967e-01	6.716168e-01	1.698583e+00
195	4.143647e-01	5.550997e-01	1.006839e+00
196	3.241889e-01	4.286912e-01	1.985833e+00
197	3.096883e-01	6.853471e-01	1.704446e+00
198	3.858125e-01	5.465462e-01	2.058134e+00
199	3.423018e-01	3.745640e-01	1.997557e+00
200	3.356777e-01	3.887783e-01	2.697118e+00
201	3.354894e-01	3.742171e-01	2.445042e+00
202	2.979934e-01	7.132063e-01	1.279433e+00
203	3.678435e-01	3.678940e-01	2.408891e+00
204	3.315394e-01	4.263424e-01	2.889595e+00
205	3.349828e-01	3.666236e-01	2.023937e+00
206	3.019517e-01	6.622754e-01	1.669272e+00
207	4.137202e-01	5.835364e-01	1.212018e+00
208	3.011302e-01	4.471205e-01	1.636053e+00
209	4.169140e-01	5.835590e-01	2.090376e+00
210	2.957994e-01	6.751801e-01	1.814851e+00
211	3.338445e-01	3.702014e-01	2.246702e+00
212	3.330779e-01	6.945721e-01	1.148510e+00
213	3.273895e-01	6.771068e-01	1.459209e+00
214	3.347473e-01	3.817674e-01	1.042013e+00
215	3.041451e-01	6.621903e-01	2.411822e+00
216	3.021848e-01	4.488660e-01	1.584270e+00
217	3.702340e-01	5.480141e-01	2.376649e+00
218	3.668573e-01	3.402699e-01	2.247680e+00
219	3.670094e-01	3.304414e-01	1.770884e+00
220	3.344935e-01	3.780448e-01	2.858329e+00
221	3.324693e-01	6.931876e-01	1.609673e+00
222	4.077598e-01	5.440853e-01	1.152418e+00
223	3.628460e-01	5.502294e-01	1.250122e+00
224	3.675613e-01	3.309549e-01	2.062042e+00
225	3.371291e-01	3.250620e-01	1.123107e+00
226	3.213745e-01	4.258013e-01	1.438691e+00
227	3.359047e-01	3.305382e-01	2.676600e+00
228	3.769038e-01	5.328629e-01	2.319980e+00
229	3.336466e-01	3.813708e-01	2.793845e+00
230	3.357315e-01	3.314612e-01	2.593552e+00
231	3.357966e-01	3.824310e-01	2.102101e+00
232	3.340333e-01	3.858557e-01	1.060576e+00
233	3.583981e-01	3.687235e-01	2.041524e+00
234	2.932721e-01	6.795493e-01	2.262335e+00
235	3.296997e-01	6.936173e-01	1.443576e+00
236	2.999176e-01	6.793894e-01	2.607230e+00
237	3.410363e-01	3.728975e-01	2.647289e+00
238	3.029726e-01	4.512950e-01	2.875916e+00
239	3.174208e-01	4.284779e-01	1.548119e+00
240	3.381353e-01	3.292501e-01	2.238886e+00
241	3.525568e-01	5.357536e-01	1.812897e+00
242	2.953192e-01	4.653665e-01	1.040059e+00
243	3.589286e-01	3.687704e-01	1.263801e+00
244	3.365941e-01	3.286324e-01	1.624328e+00
245	3.337512e-01	3.713835e-01	1.723009e+00
246	3.331040e-01	3.912109e-01	2.261358e+00
247	3.110234e-01	4.378815e-01	1.394724e+00
248	3.376373e-01	3.293889e-01	1.301905e+00
249	3.427374e-01	3.160003e-01	1.629213e+00
250	2.931537e-01	6.916895e-01	2.247680e+00
251	3.431803e-01	3.770531e-01	1.683928e+00
252	3.359853e-01	3.253612e-01	1.126038e+00
253	3.351006e-01	3.870448e-01	1.614558e+00
254	2.983598e-01	3.849131e-01	1.228627e+00
255	3.424573e-01	3.790885e-01	1.937958e+00
256	3.436533e-01	3.183561e-01	2.834880e+00
257	3.025993e-01	4.532519e-01	2.144113e+00
258	3.254855e-01	6.931252e-01	1.238398e+00
259	2.941826e-01	6.697618e-01	2.234978e+00
260	3.589660e-01	5.681470e-01	2.464582e+00
261	3.255746e-01	6.847567e-01	2.080606e+00
262	3.320202e-01	3.195750e-01	2.782120e+00
263	2.933130e-01	6.617400e-01	1.046898e+00
264	3.308945e-01	3.764549e-01	1.910601e+00
265	3.579797e-01	5.380095e-01	2.648266e+00
266	3.663567e-01	5.847332e-01	2.749878e+00
267	3.537022e-01	5.956301e-01	2.013190e+00
268	2.909740e-01	4.244309e-01	1.662433e+00
269	3.343107e-01	3.427725e-01	2.876893e+00
270	3.297290e-01	3.251067e-01	1.789448e+00
271	3.628258e-01	5.638385e-01	1.357596e+00
272	3.581084e-01	5.272453e-01	1.563752e+00
273	3.464076e-01	3.175292e-01	1.498290e+00
274	3.624471e-01	5.642853e-01	1.908647e+00
275	3.206773e-01	6.945218e-01	2.665852e+00
276	3.319131e-01	3.813476e-01	2.691255e+00
277	3.293631e-01	3.179880e-01	2.098192e+00
278	3.456160e-01	3.178710e-01	1.220811e+00
279	2.869331e-01	6.749149e-01	2.556424e+00
280	3.486446e-01	3.741521e-01	2.821202e+00
281	3.476547e-01	3.767366e-01	2.290669e+00
282	3.458772e-01	3.055650e-01	2.534929e+00
283	3.556052e-01	5.883680e-01	2.445042e+00
284	3.607204e-01	5.778045e-01	2.930630e+00
285	2.846662e-01	6.725561e-01	2.088422e+00
286	3.675313e-01	5.467118e-01	1.133854e+00
287	3.475058e-01	3.155129e-01	2.343429e+00
288	3.678052e-01	5.466828e-01	1.947728e+00
289	3.156948e-01	6.908802e-01	2.500733e+00
290	3.170213e-01	6.929607e-01	2.574011e+00
291	2.878211e-01	6.741534e-01	1.228627e+00
292	2.826761e-01	6.784158e-01	2.912066e+00
293	3.435083e-01	3.302893e-01	1.736688e+00
294	3.260455e-01	3.830140e-01	1.470933e+00
295	3.588880e-01	5.883033e-01	2.265266e+00
296	3.586003e-01	5.884544e-01	2.495848e+00
297	3.307281e-01	3.383189e-01	2.862237e+00
298	3.776580e-01	5.120182e-01	1.857841e+00
299	2.872765e-01	6.751423e-01	2.227162e+00
300	3.664003e-01	5.583160e-01	1.627259e+00
301	3.252945e-01	3.883005e-01	2.506595e+00
302	3.302957e-01	3.164567e-01	2.762579e+00
303	3.675710e-01	5.680573e-01	2.459697e+00
304	3.315552e-01	3.213158e-01	1.689790e+00
305	3.239091e-01	3.221975e-01	1.565706e+00
306	3.627893e-01	5.839377e-01	1.125061e+00
307	3.319665e-01	3.186888e-01	2.528090e+00
308	3.294688e-01	3.742815e-01	1.121153e+00
309	3.619809e-01	5.841397e-01	1.169028e+00
310	3.724693e-01	5.241415e-01	1.555936e+00
311	3.505665e-01	3.165375e-01	1.885198e+00
312	3.303002e-01	3.733534e-01	2.989253e+00
313	3.312778e-01	3.161943e-01	2.081583e+00
314	3.322327e-01	3.201784e-01	1.052760e+00
315	3.293511e-01	3.884568e-01	2.633610e+00
316	3.770651e-01	5.416723e-01	1.623351e+00
317	3.471554e-01	3.713186e-01	2.443087e+00
318	3.558998e-01	5.935028e-01	2.989253e+00
319	3.715999e-01	5.742027e-01	2.095261e+00
320	3.753952e-01	5.432321e-01	2.862237e+00
321	3.032315e-01	7.124107e-01	1.942843e+00
322	3.037628e-01	6.800052e-01	1.455300e+00
323	3.396905e-01	5.632840e-01	1.022472e+00
324	3.749517e-01	5.237459e-01	1.734734e+00
325	3.318372e-01	3.898936e-01	2.170493e+00
326	3.405365e-01	3.425773e-01	2.626771e+00
327	3.903195e-01	5.272967e-01	2.342452e+00
328	3.010727e-01	7.217882e-01	1.801172e+00
329	3.134563e-01	3.702158e-01	1.461163e+00
330	3.718779e-01	5.664833e-01	1.730826e+00
331	3.359245e-01	3.772423e-01	2.535906e+00
332	3.437867e-01	3.344599e-01	2.234978e+00
333	3.270330e-01	3.213600e-01	2.740107e+00
334	3.402017e-01	3.537954e-01	2.879824e+00
335	3.719078e-01	5.657342e-01	2.902296e+00
336	3.044847e-01	6.937883e-01	1.495359e+00
337	3.358265e-01	3.211635e-01	2.727406e+00
338	3.775097e-01	5.595592e-01	2.315095e+00
339	3.057131e-01	6.946843e-01	2.528090e+00
340	3.376887e-01	3.754962e-01	2.943332e+00
341	3.779626e-01	5.376067e-01	2.339521e+00
342	3.183292e-01	3.438921e-01	1.752320e+00
343	3.771524e-01	5.402951e-01	2.184172e+00
344	2.967939e-01	7.291033e-01	2.104055e+00
345	3.303019e-01	3.834698e-01	1.408403e+00
346	3.020146e-01	6.897548e-01	2.741085e+00
347	2.959099e-01	6.814409e-01	2.190034e+00
348	3.790601e-01	5.501705e-01	1.921348e+00
349	3.344606e-01	3.223121e-01	1.197362e+00
350	3.374844e-01	3.183697e-01	2.764533e+00
351	3.394592e-01	3.795240e-01	1.541280e+00
352	3.687365e-01	5.759420e-01	1.943820e+00
353	3.322116e-01	3.911783e-01	2.209575e+00
354	3.316278e-01	3.910215e-01	1.017587e+00
355	3.779887e-01	5.405797e-01	1.306790e+00
356	2.976864e-01	6.825558e-01	2.435271e+00
357	3.297246e-01	3.839484e-01	2.530044e+00
358	3.710409e-01	5.762244e-01	1.327308e+00
359	3.798647e-01	5.374215e-01	2.742062e+00
360	2.921150e-01	7.274925e-01	1.358574e+00
361	3.396073e-01	3.824989e-01	2.267220e+00
362	3.830437e-01	5.154399e-01	1.092819e+00
363	3.375349e-01	3.622508e-01	2.073766e+00
364	3.191408e-01	3.087392e-01	2.385442e+00
365	3.252434e-01	3.464956e-01	2.814362e+00
366	3.118079e-01	3.850122e-01	2.371764e+00
367	3.552551e-01	5.672711e-01	2.407914e+00
368	3.610872e-01	5.693194e-01	1.623351e+00
369	3.235149e-01	3.500852e-01	1.573522e+00
370	3.715388e-01	5.569286e-01	2.355154e+00
371	3.888007e-01	5.691429e-01	1.601856e+00
372	3.358730e-01	3.194780e-01	1.526624e+00
373	3.424491e-01	3.820676e-01	1.977040e+00
374	3.400458e-01	3.220896e-01	1.844162e+00
375	3.194801e-01	3.222651e-01	1.286273e+00
376	3.648166e-01	5.252663e-01	1.867611e+00
377	2.906560e-01	7.324557e-01	2.302394e+00
378	3.267402e-01	3.123138e-01	1.008793e+00
379	3.533403e-01	5.610468e-01	2.974597e+00
380	3.018867e-01	3.265427e-01	2.648266e+00
381	2.921220e-01	6.911621e-01	1.543234e+00
382	3.205420e-01	3.076757e-01	1.142648e+00
383	3.711603e-01	5.173506e-01	2.333659e+00
384	3.262499e-01	3.208519e-01	1.567660e+00
385	3.705228e-01	5.268955e-01	2.407914e+00
386	3.704583e-01	5.286051e-01	1.787494e+00
387	3.751474e-01	4.916913e-01	1.712262e+00
388	2.984611e-01	3.437087e-01	1.139717e+00
389	3.723853e-01	4.290520e-01	1.168051e+00
390	3.208263e-01	3.063503e-01	1.407426e+00
391	3.420059e-01	5.471572e-01	1.186615e+00
392	3.303525e-01	5.878484e-01	1.006839e+00
393	3.452281e-01	4.225385e-01	1.235467e+00
394	3.755743e-01	4.938634e-01	2.866146e+00
395	3.634186e-01	5.766125e-01	2.410845e+00
396	2.860621e-01	7.361936e-01	2.998046e+00
397	3.746619e-01	5.160324e-01	1.531510e+00
398	3.346094e-01	3.843136e-01	2.904250e+00
399	3.223009e-01	6.875524e-01	1.906693e+00
400	3.469329e-01	5.526897e-01	2.772350e+00
401	3.098653e-01	3.799645e-01	1.393747e+00
402	3.481865e-01	5.807563e-01	1.322423e+00
403	3.563099e-01	5.077226e-01	2.872985e+00
404	3.194906e-01	3.461892e-01	1.795310e+00
405	3.795972e-01	4.861945e-01	2.446996e+00
406	3.639098e-01	5.055883e-01	1.495359e+00
407	3.662917e-01	4.353084e-01	1.476795e+00
408	3.551404e-01	5.599452e-01	2.122618e+00
409	3.609327e-01	5.849082e-01	1.518808e+00
410	3.672253e-01	5.116334e-01	1.922325e+00
411	3.564038e-01	6.904794e-01	1.500244e+00
412	3.834351e-01	5.245646e-01	2.882755e+00
413	3.618193e-01	5.083228e-01	2.060088e+00
414	3.732755e-01	4.953013e-01	1.896922e+00
415	3.573209e-01	6.919540e-01	1.257938e+00
416	3.122222e-01	3.593966e-01	1.280410e+00
417	3.129450e-01	3.594226e-01	2.227162e+00
418	3.568974e-01	5.826375e-01	2.758671e+00
419	3.613102e-01	5.069925e-01	2.065950e+00
420	3.134574e-01	3.472305e-01	2.140205e+00
421	3.140102e-01	3.460857e-01	2.755740e+00
422	3.644791e-01	4.336980e-01	1.145579e+00
423	3.543932e-01	5.734104e-01	1.138740e+00
424	2.848986e-01	3.504919e-01	1.944797e+00
425	3.134093e-01	3.586999e-01	1.255984e+00
426	3.696887e-01	5.413527e-01	1.587201e+00
427	3.669942e-01	5.914405e-01	1.785540e+00
428	3.628613e-01	5.568981e-01	2.788959e+00
429	3.673580e-01	6.886459e-01	1.255007e+00
430	3.137466e-01	3.595162e-01	2.813385e+00
431	3.136361e-01	3.461903e-01	2.353200e+00
432	3.090004e-01	3.896967e-01	2.165608e+00
433	3.136890e-01	3.501707e-01	1.696629e+00
434	3.108247e-01	3.275153e-01	2.678554e+00
435	3.741600e-01	4.888722e-01	2.476307e+00
436	3.056900e-01	3.417231e-01	1.274548e+00
437	3.029624e-01	3.449914e-01	1.454323e+00
438	3.227121e-01	3.458626e-01	2.462628e+00
439	3.648258e-01	5.774763e-01	2.689301e+00
440	3.221959e-01	3.442904e-01	2.250611e+00
441	3.751045e-01	5.204097e-01	1.272594e+00
442	3.623503e-01	6.877053e-01	1.700537e+00
443	3.636999e-01	5.066984e-01	1.306790e+00
444	3.689204e-01	5.616195e-01	1.904739e+00
445	3.670870e-01	5.778383e-01	2.173425e+00
446	3.615719e-01	5.980566e-01	2.075721e+00
447	3.162698e-01	3.461040e-01	1.809966e+00
448	3.046558e-01	3.894226e-01	2.105032e+00
449	3.589014e-01	4.459662e-01	2.163654e+00
450	3.066941e-01	3.503950e-01	2.270151e+00
451	3.642220e-01	5.792208e-01	2.602345e+00
452	3.569207e-01	4.445315e-01	2.870054e+00
453	3.011800e-01	3.864264e-01	2.965804e+00
454	3.419933e-01	6.235279e-01	1.648754e+00
455	3.621704e-01	7.321096e-01	2.739130e+00
456	3.728437e-01	5.311585e-01	2.598437e+00
457	3.737685e-01	4.933388e-01	2.737176e+00
458	3.386343e-01	5.711993e-01	2.069858e+00
459	3.030972e-01	3.853931e-01	1.787494e+00
460	3.566282e-01	6.909707e-01	1.604787e+00
461	3.569363e-01	6.895498e-01	1.690767e+00
462	3.653659e-01	4.381450e-01	1.486566e+00
463	3.620677e-01	4.452682e-01	2.920860e+00
464	3.526685e-01	4.328914e-01	2.008305e+00
465	3.591622e-01	5.065344e-01	1.374206e+00
466	3.448919e-01	5.670159e-01	2.722521e+00
467	3.608049e-01	6.914503e-01	2.822179e+00
468	3.536549e-01	4.338705e-01	1.031265e+00
469	3.672191e-01	4.799027e-01	1.923302e+00
470	3.690404e-01	5.890699e-01	2.440156e+00
471	3.094580e-01	3.589870e-01	1.579384e+00
472	3.583052e-01	5.098645e-01	1.672203e+00
473	3.454792e-01	5.721485e-01	2.336590e+00
474	3.524896e-01	7.043882e-01	1.358574e+00
475	3.557990e-01	5.304292e-01	2.716659e+00
476	3.518019e-01	3.441389e-01	1.083048e+00
477	3.732290e-01	5.484118e-01	1.643869e+00
478	3.766915e-01	5.661341e-01	2.909135e+00
479	3.107892e-01	3.475020e-01	1.161212e+00
480	3.554531e-01	5.191761e-01	2.648266e+00
481	3.769151e-01	5.679482e-01	2.193942e+00
482	3.467508e-01	4.505003e-01	1.511969e+00
483	3.383715e-01	3.377409e-01	1.961407e+00
484	3.770713e-01	5.673968e-01	1.802149e+00
485	3.385056e-01	6.881633e-01	2.224231e+00
486	3.041591e-01	3.753865e-01	1.545188e+00
487	3.657152e-01	4.761018e-01	2.279922e+00
488	3.549205e-01	5.271349e-01	1.118222e+00
489	3.078279e-01	3.516060e-01	1.959453e+00
490	3.840731e-01	5.530331e-01	1.738642e+00
491	3.762074e-01	5.901066e-01	2.440156e+00
492	3.222043e-01	3.315761e-01	2.083537e+00
493	3.558437e-01	5.328377e-01	2.392281e+00
494	3.405706e-01	3.357064e-01	1.647777e+00
495	3.462038e-01	7.454845e-01	2.908158e+00
496	3.252449e-01	5.831576e-01	1.087934e+00
497	3.213776e-01	3.307908e-01	2.664875e+00
498	3.069978e-01	3.497571e-01	1.115291e+00
499	3.802684e-01	5.770238e-01	2.144113e+00
500	3.536196e-01	3.406709e-01	1.509038e+00
501	3.102639e-01	3.591384e-01	2.159746e+00
502	3.472219e-01	5.160601e-01	1.170005e+00
503	3.083604e-01	3.442525e-01	1.271617e+00
504	3.277803e-01	5.827710e-01	2.054226e+00
505	3.512666e-01	3.126220e-01	1.765022e+00
506	3.319682e-01	6.891218e-01	2.907181e+00
507	3.021497e-01	3.758290e-01	1.613581e+00
508	3.422615e-01	3.350577e-01	1.288227e+00
509	2.974047e-01	3.867340e-01	2.981436e+00
510	3.500305e-01	3.364467e-01	2.558378e+00
511	3.561487e-01	4.677557e-01	2.231070e+00
512	3.628021e-01	4.485985e-01	1.988764e+00
513	3.392415e-01	5.265258e-01	1.246214e+00
514	3.253578e-01	3.298768e-01	2.521251e+00
515	3.348335e-01	4.406711e-01	1.021495e+00
516	2.975955e-01	3.909696e-01	2.757694e+00
517	3.767233e-01	5.489812e-01	2.084514e+00
518	3.253635e-01	6.944663e-01	2.619932e+00
519	3.329423e-01	4.347557e-01	1.214949e+00
520	2.999418e-01	3.653323e-01	1.586224e+00
521	3.430016e-01	5.272125e-01	1.465071e+00
522	3.826211e-01	5.609090e-01	2.185149e+00
523	3.266895e-01	3.306959e-01	2.483146e+00
524	3.348881e-01	4.339314e-01	2.084514e+00
525	3.354028e-01	4.330388e-01	1.408403e+00
526	2.988121e-01	3.621927e-01	2.352223e+00
527	3.613251e-01	4.500730e-01	1.289204e+00
528	3.283005e-01	5.827253e-01	1.533464e+00
529	3.030297e-01	3.543705e-01	2.446019e+00
530	3.465127e-01	5.439972e-01	2.926722e+00
531	3.372057e-01	4.330773e-01	1.084025e+00
532	3.263456e-01	7.209035e-01	1.648754e+00
533	3.218989e-01	3.325433e-01	2.611138e+00
534	3.927522e-01	3.753876e-01	1.523693e+00
535	3.531680e-01	4.289097e-01	1.941866e+00
536	3.306066e-01	3.320585e-01	1.806058e+00
537	3.295561e-01	4.340143e-01	2.603322e+00
538	3.260599e-01	6.996974e-01	1.485589e+00
539	3.732435e-01	5.603365e-01	2.463605e+00
540	3.687034e-01	7.223621e-01	1.550073e+00
541	3.164138e-01	6.900719e-01	1.212995e+00
542	3.173629e-01	6.926694e-01	2.510503e+00
543	3.669243e-01	5.696870e-01	1.242306e+00
544	3.482866e-01	5.484768e-01	2.037616e+00
545	3.575308e-01	4.422723e-01	1.097704e+00
546	3.376523e-01	3.264751e-01	2.155838e+00
547	4.001557e-01	5.901318e-01	1.646800e+00
548	3.181290e-01	6.830059e-01	2.350269e+00
549	3.992882e-01	3.711586e-01	1.071324e+00
550	3.515596e-01	4.243578e-01	1.082071e+00
551	3.340445e-01	3.267975e-01	1.982902e+00
552	4.199243e-01	5.566710e-01	1.420127e+00
553	3.548907e-01	5.797003e-01	1.878359e+00
554	3.414520e-01	3.373958e-01	2.672692e+00
555	3.955107e-01	3.435353e-01	1.475818e+00
556	4.023878e-01	5.897322e-01	1.212018e+00
557	3.936654e-01	3.389719e-01	1.123107e+00
558	3.499787e-01	4.375007e-01	2.191011e+00
559	3.961173e-01	3.448814e-01	2.766488e+00
560	4.030268e-01	5.898376e-01	1.053737e+00
561	3.176835e-01	6.884635e-01	2.191988e+00
562	3.127409e-01	3.293678e-01	1.044944e+00
563	3.184919e-01	6.863655e-01	2.013190e+00
564	3.179237e-01	4.161184e-01	1.094773e+00
565	3.288446e-01	3.292486e-01	2.268197e+00
566	4.011653e-01	5.881879e-01	1.097704e+00
567	3.968843e-01	5.886495e-01	2.065950e+00
568	3.925347e-01	3.361362e-01	1.836346e+00
569	3.149653e-01	6.971703e-01	2.424524e+00
570	3.405113e-01	5.768769e-01	1.285296e+00
571	3.475393e-01	4.176371e-01	1.729849e+00
572	3.946681e-01	3.338132e-01	1.589155e+00
573	4.460551e-01	5.755150e-01	1.219834e+00
574	3.452662e-01	4.382381e-01	2.220322e+00
575	3.305007e-01	5.035505e-01	1.007816e+00
576	3.143191e-01	3.158825e-01	2.849536e+00
577	4.783814e-01	6.652241e-01	1.483635e+00
578	3.151012e-01	6.913877e-01	2.038593e+00
579	4.960273e-01	6.548732e-01	2.288715e+00
580	4.817037e-01	6.743488e-01	1.581339e+00
581	3.969246e-01	3.408086e-01	2.312164e+00
582	3.684839e-01	5.516340e-01	1.807035e+00
583	3.872973e-01	5.881175e-01	2.197851e+00
584	4.083957e-01	6.902431e-01	1.321446e+00
585	3.967495e-01	3.431035e-01	1.151441e+00
586	3.448288e-01	5.624431e-01	1.521739e+00
587	4.408026e-01	5.758403e-01	2.106009e+00
588	3.175758e-01	3.263664e-01	2.735222e+00
589	3.181979e-01	3.094466e-01	1.890083e+00
590	3.249583e-01	3.264809e-01	2.312164e+00
591	4.392247e-01	5.755773e-01	1.228627e+00
592	3.096632e-01	3.268866e-01	1.098681e+00
593	3.964777e-01	3.379186e-01	2.055203e+00
594	3.136350e-01	3.265382e-01	1.208109e+00
595	3.713325e-01	5.845356e-01	1.270640e+00
596	3.855011e-01	3.169530e-01	1.899853e+00
597	3.465150e-01	4.691875e-01	2.470445e+00
598	3.395334e-01	4.347974e-01	2.960918e+00
599	3.656339e-01	5.511495e-01	2.349292e+00
600	3.635585e-01	5.791118e-01	2.289692e+00
601	4.866635e-01	6.588341e-01	1.889106e+00
602	3.425243e-01	4.407295e-01	1.382022e+00
603	2.953226e-01	6.913382e-01	1.921348e+00
604	3.682897e-01	3.828064e-01	2.320957e+00
605	3.422271e-01	4.408457e-01	2.071812e+00
606	3.941845e-01	3.421484e-01	1.709331e+00
607	4.741038e-01	6.758685e-01	2.792868e+00
608	4.384206e-01	5.833374e-01	1.011724e+00
609	4.368510e-01	5.808679e-01	2.946263e+00
610	3.727735e-01	3.851544e-01	2.191011e+00
611	3.722664e-01	3.856945e-01	2.010259e+00
612	3.701542e-01	3.782961e-01	2.799707e+00
613	3.786908e-01	3.402372e-01	2.796776e+00
614	3.421605e-01	4.388898e-01	2.148021e+00
615	4.788090e-01	6.784219e-01	1.040059e+00
616	3.542480e-01	5.831945e-01	1.645823e+00
617	3.083069e-01	3.417118e-01	1.247191e+00
618	3.146336e-01	3.192578e-01	1.924279e+00
619	4.775582e-01	6.786765e-01	2.144113e+00
620	3.576634e-01	5.744578e-01	1.978994e+00
621	3.575335e-01	5.728281e-01	1.876404e+00
622	3.412686e-01	4.343273e-01	2.515388e+00
623	3.891411e-01	3.399508e-01	1.496336e+00
624	3.410540e-01	4.840851e-01	2.516365e+00
625	3.789494e-01	3.377023e-01	2.747924e+00
626	3.871147e-01	3.390202e-01	1.658525e+00
627	4.358530e-01	5.860840e-01	1.796287e+00
628	3.566258e-01	5.842764e-01	2.237909e+00
629	3.549439e-01	5.513744e-01	1.215926e+00
630	3.496079e-01	5.836058e-01	2.738153e+00
631	3.743245e-01	3.879810e-01	1.821690e+00
632	3.736387e-01	3.369115e-01	2.186126e+00
633	3.093827e-01	3.170639e-01	2.410845e+00
634	3.708662e-01	5.865945e-01	1.236444e+00
635	3.557006e-01	5.509375e-01	1.354665e+00
636	3.044476e-01	3.149480e-01	1.769907e+00
637	4.742363e-01	6.761708e-01	1.903762e+00
638	3.554192e-01	5.768296e-01	2.901319e+00
639	4.773523e-01	6.603303e-01	2.812408e+00
640	4.781498e-01	6.612570e-01	2.842697e+00
641	3.373844e-01	4.725917e-01	1.123107e+00
642	3.816417e-01	3.464398e-01	1.315584e+00
643	3.040674e-01	3.394150e-01	1.957499e+00
644	4.753581e-01	6.608647e-01	2.512457e+00
645	4.793211e-01	6.759113e-01	2.938447e+00
646	3.204494e-01	3.207432e-01	2.430386e+00
647	4.363007e-01	5.850766e-01	2.632633e+00
648	3.833297e-01	3.433116e-01	2.828041e+00
649	4.751217e-01	6.783240e-01	1.725940e+00
650	3.566867e-01	3.737471e-01	2.596483e+00
651	4.795770e-01	6.779257e-01	2.279922e+00
652	3.524002e-01	5.813052e-01	1.312653e+00
653	3.616254e-01	3.906421e-01	1.650708e+00
654	3.475652e-01	5.698788e-01	2.583781e+00
655	3.781352e-01	3.438965e-01	2.629702e+00
656	4.796849e-01	6.627629e-01	1.020518e+00
657	3.364656e-01	4.398100e-01	2.926722e+00
658	3.529862e-01	5.803130e-01	1.672203e+00
659	4.224463e-01	5.808505e-01	2.890572e+00
660	3.473198e-01	5.662416e-01	1.056668e+00
661	4.794382e-01	6.339235e-01	2.433317e+00
662	3.703974e-01	4.674227e-01	1.587201e+00
663	3.020069e-01	3.158149e-01	1.102589e+00
664	3.466999e-01	5.841357e-01	1.106497e+00
665	3.756344e-01	3.051125e-01	1.478749e+00
666	3.358403e-01	4.367377e-01	2.910112e+00
667	4.785893e-01	6.274501e-01	1.068393e+00
668	3.506251e-01	5.694440e-01	2.941378e+00
669	3.681861e-01	3.332683e-01	1.434783e+00
670	4.785138e-01	6.565188e-01	2.181241e+00
671	3.487970e-01	6.003791e-01	1.950660e+00
672	4.785431e-01	6.724182e-01	2.817294e+00
673	4.240667e-01	5.778037e-01	2.537860e+00
674	3.400089e-01	5.784794e-01	2.760625e+00
675	4.804220e-01	6.607969e-01	1.672203e+00
676	4.685873e-01	6.362587e-01	2.255496e+00
677	3.560354e-01	3.811811e-01	2.304348e+00
678	3.210576e-01	4.246577e-01	2.169516e+00
679	4.818151e-01	6.584470e-01	1.255984e+00
680	4.456529e-01	3.903460e-01	1.235467e+00
681	4.268205e-01	5.887726e-01	1.978994e+00
682	3.585852e-01	3.892390e-01	1.492428e+00
683	4.642333e-01	6.701086e-01	1.367367e+00
684	3.401550e-01	5.824668e-01	2.766488e+00
685	4.244630e-01	5.879807e-01	2.958964e+00
686	3.016105e-01	3.339886e-01	1.866634e+00
687	3.193111e-01	3.325366e-01	1.147533e+00
688	3.577356e-01	3.338752e-01	2.785051e+00
689	3.265149e-01	4.402668e-01	2.172447e+00
690	3.612780e-01	4.587317e-01	2.112848e+00
691	4.625654e-01	6.384378e-01	2.362970e+00
692	3.590579e-01	3.469912e-01	2.950171e+00
693	4.264605e-01	6.118067e-01	1.209086e+00
694	3.997947e-01	3.918312e-01	1.073278e+00
695	3.393807e-01	5.819482e-01	1.394724e+00
696	3.285039e-01	5.789417e-01	2.200782e+00
697	4.392509e-01	3.697853e-01	1.453346e+00
698	4.664740e-01	6.312940e-01	1.420127e+00
699	3.661177e-01	3.101944e-01	1.126038e+00
700	3.647881e-01	3.971179e-01	2.623840e+00
701	3.619363e-01	3.797530e-01	2.132389e+00
702	3.498992e-01	3.430837e-01	1.992672e+00
703	4.373374e-01	3.912452e-01	2.173425e+00
704	3.596942e-01	3.249196e-01	1.965315e+00
705	3.612704e-01	3.471095e-01	1.322423e+00
706	3.625781e-01	3.795483e-01	1.190523e+00
707	4.687214e-01	6.310061e-01	1.444553e+00
708	3.664499e-01	3.907914e-01	1.350757e+00
709	4.246081e-01	6.092686e-01	2.259404e+00
710	3.534599e-01	3.391276e-01	2.118710e+00
711	4.706809e-01	6.353766e-01	1.732780e+00
712	3.220974e-01	5.817228e-01	2.027846e+00
713	4.381752e-01	3.952341e-01	1.011724e+00
714	4.376175e-01	3.961248e-01	1.006839e+00
715	3.670341e-01	3.899343e-01	2.634587e+00
716	3.804302e-01	4.464918e-01	1.222765e+00
717	4.129110e-01	5.959297e-01	1.120176e+00
718	4.335637e-01	3.919671e-01	1.045921e+00
719	4.728324e-01	6.627220e-01	2.993161e+00
720	4.074126e-01	5.611875e-01	2.639472e+00
721	3.588168e-01	3.642588e-01	2.088422e+00
722	4.630007e-01	6.385922e-01	3.000000e+00
723	4.801734e-01	6.491260e-01	2.970689e+00
724	3.223699e-01	5.840230e-01	1.185638e+00
725	4.343757e-01	3.925374e-01	1.774792e+00
726	4.734102e-01	6.646254e-01	1.883244e+00
727	4.387184e-01	4.317143e-01	2.623840e+00
728	4.955337e-01	4.312766e-01	1.694675e+00
729	4.749025e-01	6.394143e-01	2.360039e+00
730	3.471956e-01	3.381352e-01	2.774304e+00
731	3.453524e-01	3.370174e-01	1.332193e+00
732	4.620509e-01	6.511437e-01	2.760625e+00
733	3.448404e-01	3.354985e-01	2.211529e+00
734	4.643783e-01	6.397571e-01	2.745970e+00
735	4.705374e-01	6.720226e-01	1.817782e+00
736	4.715319e-01	6.606210e-01	2.519297e+00
737	4.974645e-01	4.307972e-01	2.214460e+00
738	4.835479e-01	6.479598e-01	2.439179e+00
739	4.719122e-01	6.694066e-01	2.870054e+00
740	4.767344e-01	6.390085e-01	1.413288e+00
741	3.416728e-01	3.387219e-01	1.930142e+00
742	4.179489e-01	3.853380e-01	1.151441e+00
743	3.399812e-01	3.343035e-01	2.207621e+00
744	3.550362e-01	3.055206e-01	1.188569e+00
745	4.158322e-01	6.146028e-01	2.548608e+00
746	4.652795e-01	6.504247e-01	2.561309e+00
747	4.692981e-01	6.409031e-01	2.958964e+00
748	4.727695e-01	6.620881e-01	1.332193e+00
749	4.232156e-01	4.003230e-01	2.127504e+00
750	3.359453e-01	3.855376e-01	1.373229e+00
751	4.914620e-01	4.292466e-01	2.462628e+00
752	4.680306e-01	6.390792e-01	2.852467e+00
753	4.107969e-01	5.936394e-01	2.411822e+00
754	4.212989e-01	3.843803e-01	2.861260e+00
755	4.205004e-01	3.831420e-01	1.915486e+00
756	3.987653e-01	5.857539e-01	2.924768e+00
757	4.692279e-01	6.415984e-01	2.571080e+00
758	3.349240e-01	3.862451e-01	1.398632e+00
759	4.026680e-01	5.896377e-01	1.922325e+00
760	3.351309e-01	3.388871e-01	2.345383e+00
761	3.850098e-01	5.616700e-01	1.549096e+00
762	3.512961e-01	3.033537e-01	1.349780e+00
763	3.387587e-01	3.311502e-01	1.225696e+00
764	4.128344e-01	5.939647e-01	2.676600e+00
765	4.643748e-01	6.602733e-01	1.760137e+00
766	4.685419e-01	4.943781e-01	2.299463e+00
767	3.939373e-01	5.874586e-01	2.943332e+00
768	4.151408e-01	4.064380e-01	1.898876e+00
769	4.176134e-01	3.764827e-01	1.440645e+00
770	4.064615e-01	5.877615e-01	1.634099e+00
771	4.670098e-01	6.610363e-01	2.033708e+00
772	3.381975e-01	3.362638e-01	2.201759e+00
773	3.377223e-01	3.404965e-01	1.634099e+00
774	4.717706e-01	6.422797e-01	2.382511e+00
775	4.785456e-01	4.895168e-01	1.186615e+00
776	3.405049e-01	3.448429e-01	1.026380e+00
777	3.401920e-01	3.451610e-01	2.632633e+00
778	3.960302e-01	5.795652e-01	2.242794e+00
779	4.665521e-01	4.441780e-01	2.059111e+00
780	3.887136e-01	5.729246e-01	2.211529e+00
781	4.741542e-01	6.359830e-01	1.969223e+00
782	3.891647e-01	5.706880e-01	1.041036e+00
783	3.880881e-01	5.736298e-01	2.660967e+00
784	3.901041e-01	5.767133e-01	1.264778e+00
785	4.046601e-01	6.004108e-01	2.700049e+00
786	3.863578e-01	5.729508e-01	2.458720e+00
787	4.111013e-01	5.844579e-01	2.456766e+00
788	3.336935e-01	3.452863e-01	2.337567e+00
789	4.467470e-01	3.869521e-01	1.259893e+00
790	4.096027e-01	5.823526e-01	2.648266e+00
791	3.458552e-01	3.365187e-01	2.446019e+00
792	4.610939e-01	4.725570e-01	2.183195e+00
793	4.287742e-01	4.118502e-01	1.050806e+00
794	3.906133e-01	5.641913e-01	1.936004e+00
795	4.234433e-01	4.071076e-01	2.344406e+00
796	4.884358e-01	3.829476e-01	1.929165e+00
797	3.871049e-01	5.879674e-01	1.657548e+00
798	3.866264e-01	5.736871e-01	2.224231e+00
799	3.863395e-01	5.874050e-01	2.911089e+00
800	4.957758e-01	4.415755e-01	1.419150e+00
801	4.639180e-01	6.374694e-01	1.386908e+00
802	4.668025e-01	4.492526e-01	1.342941e+00
803	4.740207e-01	6.365018e-01	1.537372e+00
804	4.642920e-01	4.747737e-01	2.935515e+00
805	4.035716e-01	5.768449e-01	1.399609e+00
806	4.660343e-01	4.855708e-01	2.243771e+00
807	4.736879e-01	6.369439e-01	2.256473e+00
808	4.135540e-01	3.484191e-01	1.923302e+00
809	4.457367e-01	6.676691e-01	1.851979e+00
810	4.750791e-01	6.362162e-01	1.418173e+00
811	4.910837e-01	3.861769e-01	1.005862e+00
812	4.993137e-01	4.249199e-01	1.509038e+00
813	4.139723e-01	5.963115e-01	1.317538e+00
814	4.669342e-01	6.307028e-01	1.980948e+00
815	3.729776e-01	5.871103e-01	2.222277e+00
816	5.175493e-01	4.127768e-01	2.837811e+00
817	4.682604e-01	4.817758e-01	2.277968e+00
818	4.917239e-01	3.841826e-01	2.452858e+00
819	4.686143e-01	4.484853e-01	2.862237e+00
820	5.151910e-01	4.130272e-01	1.611627e+00
821	3.769509e-01	5.896627e-01	1.969223e+00
822	4.744202e-01	6.357138e-01	1.106497e+00
823	3.752739e-01	5.867965e-01	1.281387e+00
824	3.869731e-01	5.657196e-01	2.533952e+00
825	4.442873e-01	6.686463e-01	1.889106e+00
826	4.657450e-01	4.355888e-01	2.329751e+00
827	3.931278e-01	5.695839e-01	2.298486e+00
828	4.703254e-01	4.516865e-01	2.558378e+00
829	4.525056e-01	6.339383e-01	2.571080e+00
830	4.012020e-01	5.873101e-01	2.843674e+00
831	4.052616e-01	5.717081e-01	2.940401e+00
832	4.526546e-01	6.363573e-01	1.401563e+00
833	4.426059e-01	6.652065e-01	2.862237e+00
834	4.719051e-01	4.545702e-01	2.032731e+00
835	4.714699e-01	4.688627e-01	2.241817e+00
836	4.733686e-01	4.770850e-01	2.984367e+00
837	3.698789e-01	5.868661e-01	2.499756e+00
838	4.490100e-01	5.042501e-01	1.435760e+00
839	4.739239e-01	4.551107e-01	2.121641e+00
840	4.697180e-01	4.372720e-01	1.914509e+00
841	4.903642e-01	3.873449e-01	2.920860e+00
842	4.836296e-01	3.848192e-01	1.905716e+00
843	4.449263e-01	6.670539e-01	1.081094e+00
844	5.169536e-01	3.508647e-01	1.834392e+00
845	4.538901e-01	6.350448e-01	2.002443e+00
846	4.939365e-01	3.465229e-01	1.444553e+00
847	3.841768e-01	5.625345e-01	1.358574e+00
848	3.973003e-01	5.663934e-01	1.159257e+00
849	4.848216e-01	3.827749e-01	1.700537e+00
850	4.457623e-01	6.708772e-01	2.943332e+00
851	4.427957e-01	6.521418e-01	1.835369e+00
852	4.714976e-01	4.357563e-01	1.151441e+00
853	3.594309e-01	5.822927e-01	1.016610e+00
854	4.011855e-01	5.839574e-01	1.116268e+00
855	5.524943e-01	3.894790e-01	1.556913e+00
856	5.357808e-01	3.222039e-01	2.148999e+00
857	5.086407e-01	3.490124e-01	2.275037e+00
858	4.843988e-01	3.864302e-01	2.697118e+00
859	4.488489e-01	6.708370e-01	1.516854e+00
860	4.065259e-01	5.890833e-01	2.008305e+00
861	4.474681e-01	6.588895e-01	2.208598e+00
862	5.565276e-01	3.839257e-01	1.461163e+00
863	4.494622e-01	6.450416e-01	1.298974e+00
864	4.833166e-01	3.478341e-01	2.787005e+00
865	5.330493e-01	3.231748e-01	2.812408e+00
866	4.768003e-01	4.683634e-01	1.940889e+00
867	4.843368e-01	3.512529e-01	2.656082e+00
868	4.325313e-01	6.500873e-01	1.982902e+00
869	4.490061e-01	6.338424e-01	2.681485e+00
870	4.332251e-01	6.521484e-01	1.810943e+00
871	3.709087e-01	5.884378e-01	1.128969e+00
872	4.626110e-01	4.307407e-01	1.715193e+00
873	5.590297e-01	3.813984e-01	1.012702e+00
874	3.802943e-01	5.776874e-01	1.760137e+00
875	4.024390e-01	5.883018e-01	1.942843e+00
876	4.402231e-01	6.352490e-01	1.048852e+00
877	4.795831e-01	3.808488e-01	2.221299e+00
878	4.836466e-01	3.427566e-01	2.718613e+00
879	5.476597e-01	3.826466e-01	2.131412e+00
880	4.483253e-01	6.704261e-01	1.519785e+00
881	5.198774e-01	3.264810e-01	2.234001e+00
882	4.439105e-01	6.883588e-01	2.591597e+00
883	5.153945e-01	3.293487e-01	1.553981e+00
884	4.827477e-01	3.492756e-01	1.560821e+00
885	4.791522e-01	3.783488e-01	2.672692e+00
886	5.505517e-01	3.881709e-01	1.471910e+00
887	4.369955e-01	6.374893e-01	2.330728e+00
888	5.593795e-01	4.260086e-01	2.205667e+00
889	5.500353e-01	3.848838e-01	2.599414e+00
890	4.605670e-01	4.287312e-01	2.873962e+00
891	4.839439e-01	3.448770e-01	2.733268e+00
892	4.614889e-01	4.304321e-01	1.692721e+00
893	3.994878e-01	5.920047e-01	1.432829e+00
894	4.880351e-01	3.484461e-01	1.474841e+00
895	4.512784e-01	6.463339e-01	2.914998e+00
896	4.037569e-01	5.979436e-01	1.508061e+00
897	5.560968e-01	4.314450e-01	1.455300e+00
898	4.539975e-01	4.906506e-01	1.036150e+00
899	5.274022e-01	3.239166e-01	1.672203e+00
900	4.516908e-01	5.901497e-01	2.243771e+00
901	4.136501e-01	5.597234e-01	2.969712e+00
902	4.349855e-01	6.294571e-01	1.144602e+00
903	4.398294e-01	6.750431e-01	1.903762e+00
904	4.396807e-01	6.721249e-01	1.642892e+00
905	4.854131e-01	3.418727e-01	2.315095e+00
906	4.854295e-01	3.407278e-01	2.044455e+00
907	4.187422e-01	6.273115e-01	1.438691e+00
908	4.484312e-01	4.744172e-01	1.001954e+00
909	5.143638e-01	3.330254e-01	1.146556e+00
910	4.150808e-01	5.979929e-01	1.435760e+00
911	4.492141e-01	4.702149e-01	2.471422e+00
912	5.193793e-01	3.309997e-01	2.209575e+00
913	4.297393e-01	6.481049e-01	2.042501e+00
914	5.374639e-01	4.010100e-01	1.936004e+00
915	4.457285e-01	4.742354e-01	2.843674e+00
916	4.727045e-01	5.475639e-01	1.057645e+00
917	4.270131e-01	6.383618e-01	2.896434e+00
918	4.722073e-01	5.449263e-01	2.112848e+00
919	4.623436e-01	6.104839e-01	2.553493e+00
920	4.285797e-01	6.307219e-01	2.301417e+00
921	4.458055e-01	6.119474e-01	1.271617e+00
922	4.692539e-01	3.652622e-01	2.916952e+00
923	4.969625e-01	5.963264e-01	1.081094e+00
924	4.298043e-01	6.455863e-01	2.581827e+00
925	4.715985e-01	3.726972e-01	1.394724e+00
926	4.677138e-01	3.980167e-01	1.289204e+00
927	4.294323e-01	6.390005e-01	1.961407e+00
928	5.537429e-01	3.747192e-01	2.792868e+00
929	4.680245e-01	3.959461e-01	1.743527e+00
930	5.169526e-01	3.437335e-01	2.718613e+00
931	4.910269e-01	6.078885e-01	1.908647e+00
932	4.343743e-01	4.629371e-01	1.399609e+00
933	5.167515e-01	3.358234e-01	2.980459e+00
934	5.544051e-01	3.785104e-01	2.603322e+00
935	5.540379e-01	3.840209e-01	2.267220e+00
936	4.558106e-01	6.079146e-01	1.400586e+00
937	5.540912e-01	3.827588e-01	2.249634e+00
938	4.729237e-01	5.281240e-01	1.248168e+00
939	5.298507e-01	4.037302e-01	1.234489e+00
940	4.314801e-01	6.421876e-01	2.559355e+00
941	4.996543e-01	3.509090e-01	2.848559e+00
942	4.320975e-01	6.404695e-01	1.495359e+00
943	5.164734e-01	3.358946e-01	2.346361e+00
944	4.661511e-01	3.666256e-01	1.812897e+00
945	4.944644e-01	3.918987e-01	2.016121e+00
946	4.877648e-01	6.150536e-01	1.676111e+00
947	4.351226e-01	6.429783e-01	1.307767e+00
948	5.199403e-01	3.280114e-01	1.727894e+00
949	4.680941e-01	3.662563e-01	1.587201e+00
950	4.681850e-01	3.704021e-01	2.820225e+00
951	4.328744e-01	6.403187e-01	2.234978e+00
952	4.748109e-01	5.409426e-01	2.393258e+00
953	4.831059e-01	6.223558e-01	1.537372e+00
954	4.942075e-01	3.933322e-01	2.814362e+00
955	4.971954e-01	5.925329e-01	2.472399e+00
956	5.358023e-01	4.093589e-01	2.402052e+00
957	5.383524e-01	4.022037e-01	2.220322e+00
958	4.375680e-01	6.404021e-01	1.127992e+00
959	4.957292e-01	6.124945e-01	1.184660e+00
960	4.895573e-01	6.099302e-01	1.655594e+00
961	5.288097e-01	4.001169e-01	2.473376e+00
962	5.381374e-01	4.021200e-01	2.125550e+00
963	5.097518e-01	4.575011e-01	1.407426e+00
964	5.923464e-01	4.831685e-01	1.067416e+00
965	5.222728e-01	3.330172e-01	1.183683e+00
966	4.389154e-01	6.416866e-01	1.849047e+00
967	5.420453e-01	4.116293e-01	1.107474e+00
968	4.685664e-01	5.401371e-01	2.902296e+00
969	5.077029e-01	6.058864e-01	2.884709e+00
970	4.310080e-01	6.240394e-01	2.418661e+00
971	5.416535e-01	4.059113e-01	2.088422e+00
972	5.231747e-01	3.365435e-01	1.675134e+00
973	4.681377e-01	5.281417e-01	1.717147e+00
974	5.238389e-01	3.352927e-01	1.874450e+00
975	5.244168e-01	3.348693e-01	2.744993e+00
976	5.938977e-01	6.188902e-01	1.101612e+00
977	5.301827e-01	4.008351e-01	1.860772e+00
978	5.977759e-01	6.485465e-01	1.997557e+00
979	5.997553e-01	6.558160e-01	2.080606e+00
980	5.210092e-01	3.644185e-01	1.262824e+00
981	5.996277e-01	6.555115e-01	1.952614e+00
982	5.345273e-01	4.320647e-01	1.681974e+00
983	5.988120e-01	6.685389e-01	2.354177e+00
984	5.068182e-01	3.517360e-01	2.705911e+00
985	5.990828e-01	6.516607e-01	1.297997e+00
986	6.009334e-01	6.533767e-01	1.593063e+00
987	5.474936e-01	4.088429e-01	2.944309e+00
988	5.988471e-01	6.554967e-01	2.695164e+00
989	5.094748e-01	3.552523e-01	1.071324e+00
990	5.095239e-01	3.496267e-01	2.562286e+00
991	4.371369e-01	6.323889e-01	1.097704e+00
992	5.193541e-01	6.420549e-01	2.033708e+00
993	5.259051e-01	3.302626e-01	1.891060e+00
994	5.201431e-01	4.075175e-01	1.226673e+00
995	4.321087e-01	6.474414e-01	2.096238e+00
996	5.109964e-01	3.497657e-01	2.234978e+00
997	6.273552e-01	4.903873e-01	2.601368e+00
998	4.379822e-01	6.420252e-01	2.107963e+00
999	5.256627e-01	3.305051e-01	1.499267e+00
1000	5.230302e-01	5.980651e-01	1.192477e+00
1001	5.269794e-01	3.374241e-01	2.937469e+00
1002	5.273923e-01	3.367577e-01	1.183683e+00
1003	6.225669e-01	4.961088e-01	1.053737e+00
1004	6.218121e-01	4.961332e-01	1.540303e+00
1005	5.104452e-01	4.100063e-01	1.446507e+00
1006	5.087921e-01	4.055919e-01	2.942355e+00
1007	5.002549e-01	6.163713e-01	2.766488e+00
1008	5.269941e-01	3.320889e-01	2.502687e+00
1009	5.011984e-01	6.050252e-01	2.005374e+00
1010	4.236272e-01	6.369178e-01	1.627259e+00
1011	6.288280e-01	4.804289e-01	1.217880e+00
1012	6.259418e-01	4.937788e-01	1.148510e+00
1013	6.248104e-01	4.881636e-01	2.778212e+00
1014	5.184193e-01	4.086633e-01	1.774792e+00
1015	5.069140e-01	5.380838e-01	1.070347e+00
1016	6.028014e-01	6.527009e-01	2.073766e+00
1017	6.153653e-01	4.968063e-01	2.753786e+00
1018	5.181476e-01	4.087487e-01	2.888617e+00
1019	4.307839e-01	6.304506e-01	2.135320e+00
1020	5.282943e-01	5.854383e-01	2.933561e+00
1021	5.206675e-01	3.504816e-01	1.530532e+00
1022	4.312225e-01	6.359873e-01	1.125061e+00
1023	5.054294e-01	5.359671e-01	1.849047e+00
1024	5.897661e-01	6.242538e-01	1.952614e+00
1025	6.297600e-01	4.929740e-01	2.357108e+00
1026	5.883190e-01	6.190736e-01	2.956033e+00
1027	5.883480e-01	6.189931e-01	2.441133e+00
1028	4.984780e-01	3.981619e-01	2.395213e+00
1029	5.968796e-01	6.527025e-01	2.361993e+00
1030	4.977311e-01	4.067509e-01	2.494871e+00
1031	5.223630e-01	4.075146e-01	2.136297e+00
1032	5.005922e-01	3.540893e-01	2.439179e+00
1033	6.134565e-01	6.437936e-01	2.826087e+00
1034	5.954313e-01	6.445621e-01	1.697606e+00
1035	5.205099e-01	3.272037e-01	2.755740e+00
1036	4.892076e-01	6.062363e-01	1.542257e+00
1037	5.048970e-01	3.972001e-01	1.505129e+00
1038	4.912927e-01	6.069108e-01	1.581339e+00
1039	5.919283e-01	6.393459e-01	1.295066e+00
1040	5.885999e-01	6.165105e-01	2.208598e+00
1041	5.564528e-01	4.074255e-01	2.112848e+00
1042	5.101006e-01	4.014750e-01	2.228139e+00
1043	5.035798e-01	3.528789e-01	2.269174e+00
1044	4.920670e-01	6.062322e-01	2.771373e+00
1045	4.917666e-01	6.055319e-01	1.791402e+00
1046	5.092043e-01	4.116110e-01	1.061553e+00
1047	6.140833e-01	4.919258e-01	2.832926e+00
1048	5.894607e-01	6.154783e-01	1.816805e+00
1049	5.920767e-01	6.293870e-01	1.827553e+00
1050	5.884623e-01	6.153849e-01	1.618466e+00
1051	5.046187e-01	3.539816e-01	1.144602e+00
1052	5.865914e-01	6.586807e-01	1.867611e+00
1053	5.036897e-01	3.615693e-01	2.828041e+00
1054	5.847556e-01	6.183827e-01	1.002931e+00
1055	4.915486e-01	3.936153e-01	1.981925e+00
1056	5.112603e-01	4.060186e-01	2.776258e+00
1057	5.963386e-01	4.925211e-01	1.376160e+00
1058	6.057337e-01	6.283241e-01	1.646800e+00
1059	5.950100e-01	6.274525e-01	2.625794e+00
1060	5.377845e-01	5.634809e-01	1.274548e+00
1061	4.940042e-01	3.585637e-01	2.682462e+00
1062	5.484562e-01	5.551500e-01	1.342941e+00
1063	5.022885e-01	3.789376e-01	2.836834e+00
1064	5.854159e-01	6.614178e-01	2.172447e+00
1065	5.057311e-01	3.634650e-01	1.674157e+00
1066	6.200264e-01	4.871391e-01	2.245725e+00
1067	5.155471e-01	3.527515e-01	1.950660e+00
1068	5.980445e-01	4.950924e-01	2.468490e+00
1069	6.046903e-01	6.584017e-01	2.561309e+00
1070	5.006046e-01	3.857467e-01	1.900830e+00
1071	5.092668e-01	3.504010e-01	1.683928e+00
1072	5.072252e-01	3.636527e-01	1.636053e+00
1073	5.187119e-01	4.162547e-01	2.679531e+00
1074	5.112750e-01	4.132185e-01	1.704446e+00
1075	5.126940e-01	4.142072e-01	2.700049e+00
1076	6.047394e-01	6.261207e-01	2.720567e+00
1077	5.885160e-01	6.273698e-01	2.315095e+00
1078	4.927234e-01	3.842557e-01	1.895945e+00
1079	5.798900e-01	6.673102e-01	2.224231e+00
1080	5.875844e-01	4.904340e-01	2.815340e+00
1081	6.035792e-01	4.815228e-01	2.858329e+00
1082	5.228083e-01	4.172263e-01	1.717147e+00
1083	5.152001e-01	3.548911e-01	2.173425e+00
1084	4.985800e-01	4.010678e-01	2.585735e+00
1085	5.090084e-01	3.685301e-01	2.657059e+00
1086	5.206809e-01	5.815034e-01	2.276991e+00
1087	4.932194e-01	3.953515e-01	2.162677e+00
1088	5.563532e-01	5.938942e-01	2.400098e+00
1089	5.926579e-01	6.463478e-01	2.195896e+00
1090	5.851806e-01	4.932238e-01	1.145579e+00
1091	4.941325e-01	3.310253e-01	2.082560e+00
1092	6.058614e-01	4.773062e-01	1.276502e+00
1093	5.428866e-01	5.505366e-01	2.930630e+00
1094	5.176757e-01	4.006391e-01	2.548608e+00
1095	5.191965e-01	4.007660e-01	2.239863e+00
1096	5.091760e-01	4.175067e-01	2.051295e+00
1097	5.889804e-01	6.533355e-01	1.422081e+00
1098	6.128193e-01	4.921803e-01	2.905227e+00
1099	5.472898e-01	4.001137e-01	2.954079e+00
1100	5.793895e-01	6.241309e-01	1.329262e+00
1101	5.901001e-01	6.313045e-01	2.976551e+00
1102	5.903813e-01	6.311077e-01	2.951148e+00
1103	5.205845e-01	3.989033e-01	2.518319e+00
1104	5.119904e-01	4.168656e-01	2.981436e+00
1105	5.116846e-01	3.664225e-01	2.454812e+00
1106	5.068464e-01	3.961581e-01	2.609184e+00
1107	5.078334e-01	3.541214e-01	2.993161e+00
1108	5.902377e-01	4.752127e-01	1.934050e+00
1109	5.475741e-01	5.923041e-01	2.057157e+00
1110	5.009861e-01	3.551120e-01	2.075721e+00
1111	5.832627e-01	4.492430e-01	2.844651e+00
1112	5.046648e-01	3.961440e-01	2.393258e+00
1113	5.047979e-01	4.084216e-01	2.895457e+00
1114	5.158777e-01	4.103835e-01	2.862237e+00
1115	5.570883e-01	6.004412e-01	1.786517e+00
1116	5.065770e-01	4.051683e-01	2.458720e+00
1117	5.803139e-01	6.539045e-01	2.796776e+00
1118	5.942010e-01	6.296248e-01	2.902296e+00
1119	6.045050e-01	6.393259e-01	1.758183e+00
1120	5.460491e-01	5.945469e-01	1.027357e+00
1121	5.076512e-01	4.094949e-01	1.007816e+00
1122	5.416276e-01	3.935770e-01	1.749389e+00
1123	5.590289e-01	4.796351e-01	2.521251e+00
1124	5.859733e-01	6.398791e-01	2.923791e+00
1125	5.897425e-01	6.774641e-01	1.164143e+00
1126	5.953685e-01	6.227139e-01	1.873473e+00
1127	5.628760e-01	4.801853e-01	2.126527e+00
1128	5.732992e-01	4.340184e-01	1.273571e+00
1129	5.044197e-01	4.346984e-01	2.563263e+00
1130	5.080556e-01	3.933304e-01	1.869565e+00
1131	4.955305e-01	3.957265e-01	1.325354e+00
1132	4.964321e-01	3.957122e-01	2.111871e+00
1133	5.067428e-01	3.956796e-01	2.736199e+00
1134	5.974123e-01	6.253068e-01	2.436248e+00
1135	5.023193e-01	3.587714e-01	1.894968e+00
1136	5.811954e-01	6.332453e-01	1.706400e+00
1137	5.865913e-01	6.513681e-01	2.099170e+00
1138	5.269071e-01	4.151055e-01	1.904739e+00
1139	5.028366e-01	3.611395e-01	2.138251e+00
1140	5.822290e-01	6.571659e-01	2.196873e+00
1141	5.135536e-01	4.064176e-01	2.827064e+00
1142	5.146052e-01	3.871627e-01	2.310210e+00
1143	4.961056e-01	4.409708e-01	1.335125e+00
1144	5.294478e-01	4.030316e-01	2.974597e+00
1145	5.622263e-01	4.712425e-01	2.719590e+00
1146	5.822357e-01	6.591709e-01	1.246214e+00
1147	5.437740e-01	4.764669e-01	2.170493e+00
1148	4.944527e-01	3.990264e-01	1.166097e+00
1149	5.890364e-01	6.518828e-01	1.371275e+00
1150	5.302843e-01	4.050334e-01	2.399121e+00
1151	5.754670e-01	6.417313e-01	2.064973e+00
1152	5.157760e-01	3.918794e-01	1.170005e+00
1153	5.445727e-01	4.860968e-01	2.560332e+00
1154	5.889109e-01	6.197479e-01	1.782609e+00
1155	5.783217e-01	6.612152e-01	2.902296e+00
1156	5.420828e-01	4.704931e-01	3.000000e+00
1157	5.816011e-01	6.297573e-01	1.047875e+00
1158	5.671306e-01	6.305298e-01	1.680997e+00
1159	4.890814e-01	3.864321e-01	1.893014e+00
1160	5.757245e-01	6.665393e-01	1.280410e+00
1161	5.739456e-01	6.751662e-01	2.497802e+00
1162	4.961781e-01	3.608365e-01	1.655594e+00
1163	4.862335e-01	3.623612e-01	2.885686e+00
1164	5.842028e-01	6.602130e-01	2.573034e+00
1165	5.524856e-01	4.265332e-01	1.423058e+00
1166	5.933145e-01	6.359922e-01	2.524182e+00
1167	5.235465e-01	4.206230e-01	2.076698e+00
1168	5.812321e-01	6.354184e-01	2.651197e+00
1169	4.884585e-01	3.581514e-01	1.767953e+00
1170	5.888354e-01	5.652456e-01	2.334636e+00
1171	4.898130e-01	3.633611e-01	1.411334e+00
1172	5.641857e-01	6.307834e-01	1.397655e+00
1173	5.895867e-01	5.643276e-01	1.642892e+00
1174	4.763900e-01	4.305649e-01	1.842208e+00
1175	5.657025e-01	6.413612e-01	2.734245e+00
1176	4.830077e-01	4.201908e-01	1.146556e+00
1177	4.943071e-01	4.005643e-01	2.650220e+00
1178	5.864022e-01	6.589306e-01	2.899365e+00
1179	5.645974e-01	6.421367e-01	2.624817e+00
1180	5.239382e-01	4.151452e-01	2.791891e+00
1181	5.510272e-01	4.717933e-01	1.443576e+00
1182	5.661281e-01	6.290890e-01	2.535906e+00
1183	5.657352e-01	6.423601e-01	2.008305e+00
1184	6.244205e-01	6.547666e-01	1.156326e+00
1185	5.623975e-01	5.143169e-01	2.619932e+00
1186	5.669623e-01	6.418022e-01	1.445530e+00
1187	5.507613e-01	4.723273e-01	1.825598e+00
1188	5.875211e-01	6.629981e-01	1.490474e+00
1189	5.263941e-01	4.157549e-01	2.922814e+00
1190	5.666354e-01	6.299375e-01	2.004397e+00
1191	5.769132e-01	6.398992e-01	1.455300e+00
1192	6.448915e-01	6.580425e-01	1.888129e+00
1193	5.544285e-01	4.818019e-01	2.954079e+00
1194	5.875805e-01	6.596624e-01	2.640449e+00
1195	5.671932e-01	6.450151e-01	1.257938e+00
1196	5.651206e-01	6.356265e-01	2.626771e+00
1197	4.729032e-01	3.561639e-01	1.746458e+00
1198	4.734254e-01	4.127614e-01	1.221788e+00
1199	5.585220e-01	5.223035e-01	1.347826e+00
1200	4.759224e-01	3.816555e-01	2.531021e+00
1201	5.537051e-01	4.714602e-01	2.870054e+00
1202	5.528296e-01	4.702377e-01	3.000000e+00
1203	5.725748e-01	6.665612e-01	1.818759e+00
1204	4.771002e-01	3.727462e-01	1.163166e+00
1205	4.791909e-01	3.533061e-01	2.823156e+00
1206	4.745144e-01	4.134858e-01	1.397655e+00
1207	4.815843e-01	3.729588e-01	1.317538e+00
1208	4.930281e-01	4.062610e-01	1.383000e+00
1209	5.320488e-01	4.313634e-01	1.071324e+00
1210	4.775178e-01	4.082269e-01	2.850513e+00
1211	4.784873e-01	3.750908e-01	2.454812e+00
1212	5.686752e-01	6.381332e-01	2.031754e+00
1213	5.563236e-01	4.920436e-01	1.637030e+00
1214	4.957252e-01	4.053577e-01	2.955056e+00
1215	5.343134e-01	3.799899e-01	2.632633e+00
1216	5.677438e-01	6.367424e-01	1.953591e+00
1217	5.145122e-01	4.118264e-01	2.460674e+00
1218	5.693411e-01	6.270362e-01	1.196385e+00
1219	5.336609e-01	4.298501e-01	2.442110e+00
1220	4.812930e-01	3.789604e-01	2.021006e+00
1221	5.718496e-01	6.446741e-01	2.527113e+00
1222	5.694559e-01	6.321031e-01	2.543723e+00
1223	5.582200e-01	4.571434e-01	1.703468e+00
1224	5.576583e-01	4.690782e-01	1.115291e+00
1225	4.938251e-01	3.466595e-01	2.950171e+00
1226	5.566520e-01	4.705863e-01	2.105032e+00
1227	5.213535e-01	4.183763e-01	2.441133e+00
1228	5.632559e-01	4.864566e-01	2.604299e+00
1229	5.598843e-01	4.805864e-01	2.390327e+00
1230	5.651785e-01	6.458631e-01	2.063996e+00
1231	5.251783e-01	3.707620e-01	2.043478e+00
1232	5.542759e-01	4.700592e-01	1.523693e+00
1233	4.680551e-01	3.692485e-01	1.969223e+00
1234	5.886132e-01	6.459924e-01	1.782609e+00
1235	4.734715e-01	3.817038e-01	2.079629e+00
1236	5.546126e-01	4.698047e-01	2.675623e+00
1237	4.707940e-01	3.526465e-01	2.221299e+00
1238	6.279377e-01	6.579930e-01	1.449438e+00
1239	5.569620e-01	4.662656e-01	2.145090e+00
1240	6.615951e-01	5.498445e-01	1.699560e+00
1241	6.270787e-01	6.611322e-01	1.530532e+00
1242	6.496357e-01	6.187192e-01	1.497313e+00
1243	5.539235e-01	4.703229e-01	2.941378e+00
1244	5.807081e-01	3.745730e-01	1.049829e+00
1245	5.227720e-01	4.369968e-01	2.659013e+00
1246	6.271950e-01	6.620647e-01	1.352711e+00
1247	6.733534e-01	5.536805e-01	2.130435e+00
1248	5.721709e-01	3.453433e-01	2.205667e+00
1249	5.589753e-01	4.843944e-01	2.596483e+00
1250	5.527767e-01	4.689696e-01	1.509038e+00
1251	6.700265e-01	5.531291e-01	2.791891e+00
1252	5.659822e-01	4.914585e-01	2.280899e+00
1253	5.363728e-01	3.606652e-01	2.403029e+00
1254	5.307985e-01	5.104101e-01	1.936981e+00
1255	6.579323e-01	5.524079e-01	1.296043e+00
1256	5.473654e-01	4.894989e-01	2.641426e+00
1257	5.611582e-01	3.521560e-01	2.440156e+00
1258	5.644663e-01	4.903504e-01	1.798241e+00
1259	5.481205e-01	6.394330e-01	1.238398e+00
1260	5.698657e-01	6.410329e-01	1.712262e+00
1261	5.635142e-01	4.581862e-01	2.961895e+00
1262	6.308988e-01	6.576519e-01	1.598925e+00
1263	6.306576e-01	6.599850e-01	2.942355e+00
1264	6.482042e-01	6.126755e-01	2.190034e+00
1265	5.440813e-01	6.417935e-01	2.792868e+00
1266	6.191233e-01	6.194007e-01	1.212995e+00
1267	5.106646e-01	4.066950e-01	2.884709e+00
1268	5.065610e-01	4.032200e-01	1.595017e+00
1269	6.222209e-01	6.604524e-01	2.224231e+00
1270	5.040378e-01	4.008639e-01	2.834880e+00
1271	5.472642e-01	6.413988e-01	2.167562e+00
1272	5.482072e-01	6.359533e-01	1.346849e+00
1273	4.772914e-01	3.558891e-01	2.614069e+00
1274	6.155294e-01	6.572593e-01	2.989253e+00
1275	6.437954e-01	6.071450e-01	2.994138e+00
1276	4.904654e-01	3.522347e-01	2.749878e+00
1277	6.353312e-01	6.019568e-01	2.765511e+00
1278	6.750401e-01	5.849357e-01	2.046409e+00
1279	6.205921e-01	6.199587e-01	1.152418e+00
1280	6.144594e-01	3.582146e-01	2.244748e+00
1281	6.368206e-01	6.002177e-01	2.935515e+00
1282	5.091334e-01	4.086391e-01	2.528090e+00
1283	5.548475e-01	4.836339e-01	1.950660e+00
1284	6.162747e-01	3.735003e-01	2.106009e+00
1285	5.639904e-01	4.766489e-01	2.655105e+00
1286	6.112420e-01	6.768856e-01	2.695164e+00
1287	6.324228e-01	3.734347e-01	1.414265e+00
1288	5.730664e-01	4.819465e-01	2.430386e+00
1289	6.111275e-01	3.827576e-01	2.187103e+00
1290	5.077974e-01	4.134207e-01	2.880801e+00
1291	6.104659e-01	6.574977e-01	1.118222e+00
1292	5.477560e-01	5.205700e-01	2.134343e+00
1293	5.686050e-01	4.663767e-01	2.978505e+00
1294	5.639041e-01	4.777561e-01	2.590620e+00
1295	5.665348e-01	4.782655e-01	1.416219e+00
1296	6.412120e-01	3.758085e-01	1.075232e+00
1297	6.614620e-01	5.778837e-01	1.291158e+00
1298	6.156262e-01	6.260793e-01	1.170005e+00
1299	5.177064e-01	4.633986e-01	2.727406e+00
1300	5.147762e-01	4.552570e-01	2.416707e+00
1301	5.027350e-01	4.241020e-01	1.214949e+00
1302	6.240498e-01	3.617231e-01	1.203224e+00
1303	6.623706e-01	5.702183e-01	2.152907e+00
1304	6.193534e-01	6.282038e-01	1.657548e+00
1305	6.183435e-01	3.455165e-01	2.051295e+00
1306	6.485000e-01	5.680356e-01	2.519297e+00
1307	6.102838e-01	6.556655e-01	1.166097e+00
1308	6.613321e-01	5.686119e-01	2.053249e+00
1309	6.111747e-01	3.695031e-01	1.833415e+00
1310	6.613748e-01	5.695983e-01	1.275525e+00
1311	6.035824e-01	6.623377e-01	2.477284e+00
1312	6.164481e-01	3.463263e-01	2.601368e+00
1313	5.397921e-01	5.129793e-01	2.955056e+00
1314	5.399706e-01	5.132797e-01	2.009282e+00
1315	6.287012e-01	6.331722e-01	2.046409e+00
1316	6.236369e-01	5.974628e-01	2.063019e+00
1317	6.072877e-01	6.613574e-01	2.537860e+00
1318	6.076814e-01	6.619655e-01	2.890572e+00
1319	6.626099e-01	5.710246e-01	1.899853e+00
1320	6.221927e-01	3.354459e-01	2.029800e+00
1321	6.268778e-01	5.932235e-01	2.084514e+00
1322	6.517389e-01	5.684662e-01	2.120664e+00
1323	6.082981e-01	6.632591e-01	2.201759e+00
1324	6.054335e-01	3.681042e-01	2.396190e+00
1325	5.739561e-01	4.715007e-01	1.815828e+00
1326	5.327540e-01	5.282705e-01	2.284807e+00
1327	6.657631e-01	5.799990e-01	1.021495e+00
1328	6.570595e-01	5.525872e-01	1.059599e+00
1329	5.766586e-01	4.700105e-01	1.655594e+00
1330	6.070950e-01	6.524208e-01	2.658036e+00
1331	6.224798e-01	6.336443e-01	2.494871e+00
1332	6.666205e-01	5.744320e-01	1.962384e+00
1333	6.466073e-01	3.603618e-01	2.987298e+00
1334	6.401769e-01	3.707564e-01	2.722521e+00
1335	6.391868e-01	3.745492e-01	2.400098e+00
1336	6.696696e-01	5.769973e-01	1.836346e+00
1337	6.474619e-01	3.312617e-01	2.299463e+00
1338	6.260137e-01	5.917061e-01	2.736199e+00
1339	6.447262e-01	5.750131e-01	1.128969e+00
1340	5.980473e-01	6.499126e-01	1.536395e+00
1341	6.063570e-01	6.611653e-01	1.802149e+00
1342	5.466116e-01	5.153750e-01	2.236932e+00
1343	6.688808e-01	5.665948e-01	1.706400e+00
1344	6.324080e-01	4.486388e-01	1.800195e+00
1345	6.393907e-01	4.413277e-01	1.365413e+00
1346	6.347645e-01	5.870386e-01	2.063996e+00
1347	5.514234e-01	5.124177e-01	2.178310e+00
1348	6.033868e-01	3.835814e-01	1.892037e+00
1349	5.964766e-01	6.520086e-01	1.878359e+00
1350	6.628253e-01	5.704874e-01	1.049829e+00
1351	6.606262e-01	5.749462e-01	2.364924e+00
1352	6.396516e-01	3.746033e-01	1.763068e+00
1353	6.609656e-01	5.715334e-01	1.843185e+00
1354	6.461335e-01	5.743016e-01	2.164631e+00
1355	6.382727e-01	3.748720e-01	2.629702e+00
1356	5.313816e-01	5.322295e-01	2.917929e+00
1357	6.316395e-01	5.941596e-01	2.522228e+00
1358	6.337763e-01	3.532540e-01	2.254519e+00
1359	6.268382e-01	3.684433e-01	1.450415e+00
1360	5.310886e-01	4.401405e-01	2.589643e+00
1361	6.689453e-01	5.686431e-01	1.512946e+00
1362	6.614034e-01	5.698920e-01	1.676111e+00
1363	5.341961e-01	5.303429e-01	1.679043e+00
1364	6.235481e-01	6.405896e-01	1.855887e+00
1365	6.237847e-01	6.387398e-01	1.180752e+00
1366	6.375849e-01	3.757793e-01	2.835857e+00
1367	6.233651e-01	6.377923e-01	2.792868e+00
1368	6.368341e-01	3.174344e-01	1.208109e+00
1369	6.625145e-01	5.690727e-01	2.096238e+00
1370	5.777117e-01	6.412418e-01	2.609184e+00
1371	6.350084e-01	3.888901e-01	2.073766e+00
1372	6.249623e-01	6.350119e-01	2.155838e+00
1373	6.379520e-01	3.164689e-01	1.680020e+00
1374	6.669116e-01	3.339687e-01	1.822667e+00
1375	5.807053e-01	6.466081e-01	1.465071e+00
1376	6.274767e-01	6.132681e-01	2.947240e+00
1377	5.934388e-01	6.676712e-01	2.064973e+00
1378	6.633766e-01	5.680923e-01	1.668295e+00
1379	6.684255e-01	6.437955e-01	1.189546e+00
1380	6.473436e-01	4.246572e-01	2.301417e+00
1381	6.612828e-01	3.415005e-01	1.429897e+00
1382	6.360728e-01	3.498471e-01	2.915975e+00
1383	6.343400e-01	3.734545e-01	2.735222e+00
1384	6.681676e-01	5.925516e-01	1.857841e+00
1385	6.345972e-01	3.688677e-01	2.497802e+00
1386	6.425858e-01	5.906481e-01	2.556424e+00
1387	6.608842e-01	5.669772e-01	2.993161e+00
1388	6.335016e-01	3.953510e-01	2.166585e+00
1389	6.674430e-01	5.723712e-01	2.121641e+00
1390	6.538733e-01	6.035130e-01	2.803615e+00
1391	6.178664e-01	6.341300e-01	1.400586e+00
1392	6.648575e-01	6.399885e-01	1.563752e+00
1393	6.169926e-01	6.466909e-01	1.372252e+00
1394	5.700109e-01	6.529716e-01	2.209575e+00
1395	6.298832e-01	3.231536e-01	1.756229e+00
1396	6.529357e-01	5.776690e-01	1.933073e+00
1397	5.697268e-01	6.494638e-01	2.647289e+00
1398	6.363172e-01	3.707481e-01	2.408891e+00
1399	6.346879e-01	4.375226e-01	1.973131e+00
1400	6.526206e-01	5.828444e-01	1.211041e+00
1401	6.608206e-01	3.244105e-01	1.732780e+00
1402	6.513985e-01	6.382717e-01	2.040547e+00
1403	6.676835e-01	5.762420e-01	1.478749e+00
1404	6.545662e-01	5.805692e-01	2.397167e+00
1405	6.423660e-01	4.075652e-01	1.195408e+00
1406	5.727382e-01	6.497105e-01	2.187103e+00
1407	6.237095e-01	3.192866e-01	1.950660e+00
1408	6.477901e-01	6.333463e-01	1.061553e+00
1409	6.355063e-01	4.408541e-01	1.982902e+00
1410	5.672665e-01	6.566699e-01	2.885686e+00
1411	6.484996e-01	6.333342e-01	2.782120e+00
1412	6.429163e-01	5.577747e-01	1.925256e+00
1413	6.333832e-01	4.359960e-01	2.667807e+00
1414	6.580510e-01	5.860347e-01	1.808989e+00
1415	6.679008e-01	5.743614e-01	1.599902e+00
1416	6.278098e-01	3.706186e-01	2.109917e+00
1417	6.371361e-01	4.431558e-01	1.787494e+00
1418	6.600826e-01	5.785241e-01	1.056668e+00
1419	6.377678e-01	4.531153e-01	1.356619e+00
1420	6.360721e-01	4.386529e-01	1.866634e+00
1421	6.566868e-01	5.821861e-01	1.653639e+00
1422	6.644023e-01	3.792026e-01	2.148021e+00
1423	6.137602e-01	6.312765e-01	2.803615e+00
1424	5.685902e-01	6.502911e-01	1.927211e+00
1425	6.486619e-01	5.579722e-01	1.481681e+00
1426	6.445349e-01	5.563058e-01	1.525647e+00
1427	7.332633e-01	3.253382e-01	2.630679e+00
1428	6.364337e-01	4.399761e-01	2.692233e+00
1429	6.386786e-01	4.429332e-01	2.785051e+00
1430	6.565690e-01	3.235089e-01	2.937469e+00
1431	7.280876e-01	3.206275e-01	2.521251e+00
1432	5.706685e-01	6.655805e-01	2.716659e+00
1433	6.386468e-01	5.908554e-01	2.196873e+00
1434	6.298092e-01	4.559395e-01	2.574988e+00
1435	6.309607e-01	4.244734e-01	2.226185e+00
1436	6.552387e-01	5.872532e-01	1.104543e+00
1437	6.801570e-01	6.288071e-01	1.493405e+00
1438	5.605399e-01	6.525089e-01	2.484123e+00
1439	6.403246e-01	5.915830e-01	1.462140e+00
1440	7.164849e-01	3.236333e-01	2.083537e+00
1441	6.226833e-01	3.718802e-01	2.223254e+00
1442	6.111202e-01	6.281115e-01	2.207621e+00
1443	6.264151e-01	3.644944e-01	2.059111e+00
1444	5.852179e-01	6.300147e-01	1.150464e+00
1445	6.266058e-01	3.646157e-01	2.399121e+00
1446	6.586508e-01	5.791156e-01	2.227162e+00
1447	6.248807e-01	3.699278e-01	2.134343e+00
1448	5.849172e-01	6.198503e-01	2.229116e+00
1449	6.418272e-01	5.905368e-01	1.715193e+00
1450	6.312623e-01	5.592870e-01	2.883732e+00
1451	6.771619e-01	6.211217e-01	2.244748e+00
1452	6.774498e-01	6.207797e-01	2.822179e+00
1453	6.566311e-01	6.282218e-01	2.239863e+00
1454	5.604718e-01	6.509448e-01	1.034196e+00
1455	6.287301e-01	4.275039e-01	2.716659e+00
1456	5.579039e-01	6.521836e-01	1.645823e+00
1457	5.875667e-01	6.189555e-01	1.725940e+00
1458	6.752061e-01	6.269399e-01	2.791891e+00
1459	6.722521e-01	6.283985e-01	1.751343e+00
1460	6.546978e-01	5.904458e-01	1.628236e+00
1461	6.386910e-01	5.759638e-01	1.029311e+00
1462	6.457453e-01	4.948922e-01	2.070835e+00
1463	6.256305e-01	3.426264e-01	1.798241e+00
1464	6.453534e-01	5.903168e-01	2.493894e+00
1465	6.300443e-01	4.279914e-01	2.102101e+00
1466	5.991856e-01	6.538714e-01	2.455789e+00
1467	6.483767e-01	5.928783e-01	2.363947e+00
1468	6.265757e-01	4.617911e-01	1.084025e+00
1469	6.133301e-01	5.877509e-01	1.581339e+00
1470	7.380837e-01	3.216599e-01	1.304836e+00
1471	7.399723e-01	3.197140e-01	2.236932e+00
1472	5.878118e-01	6.178162e-01	2.235955e+00
1473	6.524683e-01	6.022980e-01	1.804104e+00
1474	5.692217e-01	6.453487e-01	2.747924e+00
1475	6.263373e-01	4.210935e-01	1.969223e+00
1476	6.536709e-01	5.991737e-01	2.706888e+00
1477	6.209512e-01	3.638285e-01	1.231558e+00
1478	6.149609e-01	5.637579e-01	1.161212e+00
1479	6.201621e-01	3.661330e-01	2.075721e+00
1480	6.239188e-01	4.152831e-01	1.543234e+00
1481	6.406659e-01	5.796886e-01	2.030777e+00
1482	6.618181e-01	6.166451e-01	1.523693e+00
1483	7.445638e-01	3.246298e-01	2.275037e+00
1484	6.152991e-01	5.796425e-01	1.997557e+00
1485	6.370650e-01	4.938840e-01	1.725940e+00
1486	5.842202e-01	6.573951e-01	1.153395e+00
1487	6.533146e-01	6.031672e-01	1.253053e+00
1488	6.237056e-01	4.356218e-01	2.925745e+00
1489	6.207298e-01	3.672486e-01	1.417196e+00
1490	6.230824e-01	4.142765e-01	1.613581e+00
1491	6.250489e-01	4.355363e-01	1.047875e+00
1492	6.486734e-01	5.893731e-01	1.384954e+00
1493	7.363248e-01	3.194102e-01	2.096238e+00
1494	7.391671e-01	3.263550e-01	2.310210e+00
1495	6.433376e-01	5.800203e-01	1.201270e+00
1496	6.776833e-01	6.266989e-01	1.347826e+00
1497	5.860214e-01	6.562591e-01	2.852467e+00
1498	6.175275e-01	3.628328e-01	2.626771e+00
1499	6.227469e-01	3.500123e-01	2.479238e+00
1500	6.440424e-01	5.652569e-01	1.982902e+00
1501	6.438605e-01	5.795118e-01	2.925745e+00
1502	6.229804e-01	3.521057e-01	1.167074e+00
1503	7.310790e-01	3.171464e-01	1.526624e+00
1504	7.298615e-01	3.189536e-01	2.236932e+00
1505	5.717357e-01	6.294290e-01	2.765511e+00
1506	6.775428e-01	6.267271e-01	1.329262e+00
1507	6.343382e-01	4.840850e-01	1.169028e+00
1508	6.427479e-01	5.604367e-01	1.092819e+00
1509	5.799745e-01	6.553810e-01	2.261358e+00
1510	6.828782e-01	6.880948e-01	2.436248e+00
1511	6.146961e-01	4.323252e-01	2.255496e+00
1512	6.336191e-01	4.856728e-01	1.693698e+00
1513	5.555315e-01	6.570661e-01	1.655594e+00
1514	7.358863e-01	3.231472e-01	1.233512e+00
1515	6.480984e-01	5.743188e-01	1.942843e+00
1516	5.832772e-01	6.531732e-01	1.339033e+00
1517	6.148783e-01	3.610390e-01	1.352711e+00
1518	7.282867e-01	3.282311e-01	2.047386e+00
1519	5.710316e-01	6.240241e-01	1.598925e+00
1520	6.502305e-01	5.838759e-01	2.823156e+00
1521	6.510492e-01	5.956226e-01	1.132877e+00
1522	6.483342e-01	5.741011e-01	1.176844e+00
1523	7.374904e-01	3.221675e-01	1.866634e+00
1524	6.496390e-01	5.854031e-01	2.567171e+00
1525	7.316570e-01	3.181638e-01	2.672692e+00
1526	6.087757e-01	3.688443e-01	2.589643e+00
1527	6.098831e-01	3.630452e-01	1.785540e+00
1528	6.491191e-01	5.840627e-01	1.034196e+00
1529	6.098146e-01	4.327195e-01	1.602833e+00
1530	7.386222e-01	3.201481e-01	2.575965e+00
1531	6.071369e-01	4.171435e-01	2.484123e+00
1532	6.733796e-01	6.341994e-01	1.414265e+00
1533	6.717889e-01	6.281166e-01	1.421104e+00
1534	6.980711e-01	6.820297e-01	1.716170e+00
1535	6.114695e-01	3.703744e-01	2.744993e+00
1536	7.291455e-01	3.286921e-01	2.384465e+00
1537	6.722507e-01	6.317116e-01	1.691744e+00
1538	6.849612e-01	6.747895e-01	1.178798e+00
1539	6.851347e-01	6.744648e-01	2.830972e+00
1540	6.649372e-01	6.464624e-01	2.686370e+00
1541	6.900702e-01	6.731599e-01	1.747435e+00
1542	6.226366e-01	4.451909e-01	1.429897e+00
1543	6.853109e-01	6.736761e-01	2.558378e+00
1544	7.309899e-01	3.262513e-01	1.974108e+00
1545	6.498857e-01	5.751691e-01	1.731803e+00
1546	7.317224e-01	3.292082e-01	2.707865e+00
1547	7.346937e-01	3.213732e-01	1.463117e+00
1548	6.494851e-01	5.719444e-01	1.051783e+00
1549	6.069421e-01	3.621573e-01	2.582804e+00
1550	6.475296e-01	5.332699e-01	2.906204e+00
1551	6.758979e-01	6.857462e-01	2.308256e+00
1552	6.229007e-01	4.468472e-01	2.203713e+00
1553	6.421737e-01	5.939947e-01	1.851001e+00
1554	6.847676e-01	6.831163e-01	2.557401e+00
1555	6.250998e-01	5.672093e-01	2.127504e+00
1556	6.219360e-01	4.487372e-01	1.183683e+00
1557	6.707627e-01	6.355100e-01	1.517831e+00
1558	6.206000e-01	5.677368e-01	2.406937e+00
1559	6.455401e-01	5.711268e-01	2.077675e+00
1560	7.283714e-01	3.213754e-01	1.236444e+00
1561	6.653331e-01	6.442798e-01	1.929165e+00
1562	6.699525e-01	6.290741e-01	1.023449e+00
1563	6.194631e-01	4.375002e-01	1.064485e+00
1564	7.222233e-01	3.290416e-01	1.277479e+00
1565	6.586145e-01	6.653854e-01	1.845139e+00
1566	7.299434e-01	3.221759e-01	1.973131e+00
1567	6.518314e-01	5.754634e-01	2.472399e+00
1568	6.520565e-01	5.752344e-01	1.151441e+00
1569	6.451978e-01	5.870149e-01	2.558378e+00
1570	6.622764e-01	5.021526e-01	2.004397e+00
1571	7.153584e-01	2.839143e-01	1.951637e+00
1572	6.617736e-01	6.989211e-01	1.558867e+00
1573	6.166686e-01	4.289395e-01	2.801661e+00
1574	6.703144e-01	6.260051e-01	2.544700e+00
1575	6.020818e-01	3.648877e-01	1.345872e+00
1576	6.627645e-01	6.503274e-01	1.686859e+00
1577	6.190042e-01	4.474045e-01	2.725452e+00
1578	7.149699e-01	2.761151e-01	1.668295e+00
1579	6.628886e-01	4.903762e-01	1.786517e+00
1580	6.017208e-01	3.646626e-01	2.437225e+00
1581	6.588823e-01	6.618419e-01	2.128481e+00
1582	7.249971e-01	3.240349e-01	2.784074e+00
1583	6.140469e-01	5.703775e-01	1.586224e+00
1584	6.317414e-01	6.008551e-01	1.923302e+00
1585	7.229465e-01	3.221211e-01	2.644358e+00
1586	6.317805e-01	6.002283e-01	1.829507e+00
1587	6.134118e-01	5.706875e-01	2.114802e+00
1588	6.169003e-01	4.397413e-01	1.063508e+00
1589	6.751449e-01	6.170426e-01	2.355154e+00
1590	6.598212e-01	6.617380e-01	2.793845e+00
1591	6.567655e-01	5.015503e-01	2.389350e+00
1592	7.273614e-01	3.289524e-01	1.976063e+00
1593	6.642818e-01	6.806980e-01	2.190034e+00
1594	6.587732e-01	5.096664e-01	1.904739e+00
1595	6.337855e-01	5.993461e-01	1.589155e+00
1596	6.488128e-01	5.883438e-01	2.608207e+00
1597	6.579190e-01	6.630389e-01	1.751343e+00
1598	6.813521e-01	6.777293e-01	1.317538e+00
1599	6.152470e-01	4.429211e-01	2.326820e+00
1600	6.627934e-01	6.999477e-01	2.483146e+00
1601	5.963591e-01	3.650558e-01	2.167562e+00
1602	6.486117e-01	5.889956e-01	2.565217e+00
1603	6.487896e-01	5.892448e-01	2.701026e+00
1604	6.636660e-01	6.632600e-01	2.196873e+00
1605	6.054289e-01	3.603039e-01	2.236932e+00
1606	5.972623e-01	3.667333e-01	1.756229e+00
1607	6.187460e-01	5.733257e-01	2.469468e+00
1608	6.571171e-01	5.012503e-01	2.740107e+00
1609	6.185967e-01	5.732238e-01	2.376649e+00
1610	6.182370e-01	5.731034e-01	1.635076e+00
1611	6.340182e-01	6.008310e-01	1.985833e+00
1612	6.514185e-01	5.854001e-01	2.683439e+00
1613	6.604778e-01	6.654800e-01	2.635564e+00
1614	7.143096e-01	3.388656e-01	2.074744e+00
1615	6.906733e-01	6.297026e-01	2.240840e+00
1616	6.220824e-01	5.657020e-01	2.932584e+00
1617	7.143556e-01	3.246394e-01	1.869565e+00
1618	6.561460e-01	6.508697e-01	1.688813e+00
1619	7.087331e-01	3.186498e-01	2.125550e+00
1620	6.589496e-01	6.433333e-01	2.625794e+00
1621	6.523172e-01	5.918135e-01	1.874450e+00
1622	7.182263e-01	3.214111e-01	1.986810e+00
1623	6.512764e-01	5.928653e-01	1.112360e+00
1624	6.250883e-01	5.710200e-01	2.001466e+00
1625	6.212760e-01	4.283698e-01	2.370787e+00
1626	6.566160e-01	5.113067e-01	2.454812e+00
1627	6.511186e-01	5.919390e-01	2.880801e+00
1628	6.629359e-01	3.410701e-01	1.092819e+00
1629	6.212111e-01	4.270700e-01	2.137274e+00
1630	6.590400e-01	6.749582e-01	1.475818e+00
1631	7.220786e-01	3.210416e-01	2.725452e+00
1632	7.221509e-01	3.233024e-01	1.784563e+00
1633	6.249877e-01	5.670375e-01	2.905227e+00
1634	6.553005e-01	6.479495e-01	2.163654e+00
1635	6.872725e-01	6.208308e-01	2.358085e+00
1636	6.983966e-01	2.704556e-01	2.391304e+00
1637	7.082278e-01	3.259584e-01	2.169516e+00
1638	6.519025e-01	5.935539e-01	1.574499e+00
1639	6.541396e-01	7.007506e-01	2.104055e+00
1640	6.519170e-01	6.556253e-01	1.770884e+00
1641	6.288908e-01	5.531536e-01	2.212506e+00
1642	7.081530e-01	3.242728e-01	1.830484e+00
1643	6.584671e-01	3.505791e-01	2.361993e+00
1644	6.899273e-01	6.308197e-01	1.606742e+00
1645	6.297157e-01	5.550263e-01	1.090865e+00
1646	6.841109e-01	6.132990e-01	1.875427e+00
1647	6.441901e-01	6.523632e-01	2.490962e+00
1648	6.563907e-01	6.639185e-01	1.409380e+00
1649	6.590304e-01	6.634358e-01	2.132389e+00
1650	6.432726e-01	4.979606e-01	1.424035e+00
1651	6.285563e-01	5.549669e-01	1.361505e+00
1652	6.462012e-01	6.528972e-01	1.721055e+00
1653	6.537631e-01	6.513166e-01	1.192477e+00
1654	6.149850e-01	4.440264e-01	1.812897e+00
1655	6.540489e-01	6.981300e-01	1.871519e+00
1656	6.561168e-01	6.562877e-01	2.771373e+00
1657	6.122864e-01	5.901363e-01	2.809477e+00
1658	6.319379e-01	5.666232e-01	2.176356e+00
1659	6.539024e-01	3.360210e-01	2.525159e+00
1660	6.432669e-01	4.940495e-01	2.669761e+00
1661	6.582540e-01	6.588938e-01	1.865657e+00
1662	6.345649e-01	5.601686e-01	2.431363e+00
1663	7.092576e-01	3.254699e-01	1.204201e+00
1664	6.378869e-01	4.882600e-01	2.751832e+00
1665	6.124243e-01	4.425734e-01	2.413776e+00
1666	6.179312e-01	5.952795e-01	2.827064e+00
1667	6.449280e-01	4.925797e-01	2.991207e+00
1668	6.329239e-01	5.599324e-01	2.305325e+00
1669	7.013199e-01	3.294926e-01	2.843674e+00
1670	7.005866e-01	3.229721e-01	2.480215e+00
1671	7.011453e-01	2.844888e-01	2.702980e+00
1672	6.338337e-01	3.685986e-01	1.798241e+00
1673	6.486230e-01	6.477962e-01	2.852467e+00
1674	6.224186e-01	5.818320e-01	1.681974e+00
1675	6.116173e-01	4.392301e-01	2.756717e+00
1676	7.081223e-01	3.275967e-01	1.992672e+00
1677	7.026223e-01	2.820091e-01	1.896922e+00
1678	7.187728e-01	3.275174e-01	1.978994e+00
1679	6.423378e-01	3.482097e-01	1.263801e+00
1680	7.022394e-01	2.877424e-01	1.437714e+00
1681	6.447878e-01	5.071602e-01	1.905716e+00
1682	6.303495e-01	5.971652e-01	2.451881e+00
1683	6.998377e-01	2.679087e-01	1.812897e+00
1684	7.034645e-01	2.908866e-01	2.079629e+00
1685	7.038862e-01	2.835937e-01	1.875427e+00
1686	7.052245e-01	2.838870e-01	2.370787e+00
1687	7.055354e-01	2.887877e-01	2.810454e+00
1688	7.016391e-01	3.285076e-01	1.087934e+00
1689	6.440138e-01	5.095651e-01	1.141671e+00
1690	7.032878e-01	2.931142e-01	2.038593e+00
1691	6.270454e-01	5.090322e-01	2.122618e+00
1692	7.009099e-01	3.196082e-01	1.519785e+00
1693	7.003989e-01	3.188873e-01	1.455300e+00
1694	6.400940e-01	6.445171e-01	2.119687e+00
1695	6.161877e-01	5.704005e-01	1.228627e+00
1696	6.397039e-01	6.513199e-01	1.396678e+00
1697	6.744340e-01	5.769594e-01	2.823156e+00
1698	6.888549e-01	6.687506e-01	1.030288e+00
1699	6.324373e-01	5.689317e-01	1.604787e+00
1700	6.369146e-01	3.500532e-01	2.290669e+00
1701	6.150299e-01	4.332787e-01	2.669761e+00
1702	7.091488e-01	2.845501e-01	1.056668e+00
1703	6.407716e-01	6.433756e-01	1.828530e+00
1704	6.200224e-01	5.983213e-01	2.141182e+00
1705	6.632271e-01	6.158929e-01	1.916463e+00
1706	6.968335e-01	3.300122e-01	1.868588e+00
1707	7.007821e-01	3.190179e-01	1.210064e+00
1708	6.310782e-01	6.705954e-01	1.056668e+00
1709	7.107442e-01	2.855712e-01	1.887152e+00
1710	6.358125e-01	3.423799e-01	2.385442e+00
1711	6.621402e-01	5.776913e-01	1.733757e+00
1712	6.810394e-01	6.830807e-01	1.249145e+00
1713	6.305625e-01	5.575311e-01	2.629702e+00
1714	6.247853e-01	5.970609e-01	2.191011e+00
1715	6.944233e-01	3.375331e-01	2.391304e+00
1716	7.102112e-01	3.220980e-01	2.714704e+00
1717	6.326567e-01	3.540856e-01	2.142159e+00
1718	6.790748e-01	6.814105e-01	1.539326e+00
1719	6.212745e-01	5.956354e-01	2.917929e+00
1720	6.350054e-01	5.092809e-01	1.940889e+00
1721	7.083388e-01	2.646669e-01	2.859306e+00
1722	6.293136e-01	5.185227e-01	1.871519e+00
1723	6.247478e-01	5.879683e-01	2.197851e+00
1724	6.832578e-01	3.003538e-01	1.734734e+00
1725	6.876911e-01	3.188882e-01	1.103566e+00
1726	6.275098e-01	5.938918e-01	2.199805e+00
1727	6.348766e-01	6.637343e-01	2.901319e+00
1728	6.105664e-01	4.358220e-01	2.394235e+00
1729	6.114931e-01	4.296374e-01	2.729360e+00
1730	6.233285e-01	5.610292e-01	2.765511e+00
1731	6.396598e-01	5.749630e-01	2.066927e+00
1732	6.439243e-01	6.534002e-01	1.179775e+00
1733	6.913189e-01	3.340641e-01	2.250611e+00
1734	7.151597e-01	2.852794e-01	1.178798e+00
1735	6.213281e-01	3.474538e-01	1.398632e+00
1736	6.417788e-01	5.749232e-01	1.000000e+00
1737	6.930638e-01	3.410109e-01	1.929165e+00
1738	6.311571e-01	6.606846e-01	1.326331e+00
1739	6.279917e-01	5.940115e-01	2.799707e+00
1740	6.247374e-01	3.552219e-01	1.210064e+00
1741	6.205405e-01	5.293418e-01	2.181241e+00
1742	6.086048e-01	4.379224e-01	1.741573e+00
1743	6.269168e-01	3.544583e-01	1.858818e+00
1744	6.270514e-01	5.928445e-01	1.612604e+00
1745	6.135776e-01	5.620703e-01	1.720078e+00
1746	6.917083e-01	3.448817e-01	2.707865e+00
1747	6.566906e-01	6.762396e-01	2.856375e+00
1748	6.219534e-01	5.352622e-01	2.996092e+00
1749	6.365237e-01	5.731772e-01	1.605765e+00
1750	6.290747e-01	5.983170e-01	1.273571e+00
1751	6.531808e-01	3.300816e-01	2.294577e+00
1752	6.303906e-01	6.015292e-01	2.261358e+00
1753	6.314540e-01	6.018442e-01	2.146067e+00
1754	6.847413e-01	6.793760e-01	1.349780e+00
1755	6.772926e-01	3.017369e-01	1.649731e+00
1756	6.108617e-01	5.638391e-01	1.849047e+00
1757	6.598513e-01	6.808597e-01	2.970689e+00
1758	6.871853e-01	6.812360e-01	1.912555e+00
1759	6.352656e-01	6.513929e-01	2.725452e+00
1760	6.956753e-01	6.836181e-01	2.416707e+00
1761	6.229623e-01	5.684353e-01	2.902296e+00
1762	6.354753e-01	5.727574e-01	1.231558e+00
1763	6.595488e-01	6.743533e-01	2.010259e+00
1764	6.324728e-01	6.012888e-01	1.864680e+00
1765	6.782542e-01	6.755653e-01	1.401563e+00
1766	6.364098e-01	5.747463e-01	1.619443e+00
1767	6.203244e-01	4.964238e-01	2.412799e+00
1768	6.232004e-01	5.504247e-01	2.919883e+00
1769	6.100151e-01	5.631878e-01	2.468490e+00
1770	6.790282e-01	3.433896e-01	2.504641e+00
1771	6.329685e-01	5.917597e-01	1.830484e+00
1772	6.241119e-01	5.844586e-01	2.949194e+00
1773	6.377473e-01	6.449083e-01	2.943332e+00
1774	6.380897e-01	6.540207e-01	2.629702e+00
1775	6.605764e-01	6.655111e-01	1.385931e+00
1776	6.300289e-01	5.848244e-01	1.112360e+00
1777	6.305472e-01	5.964108e-01	1.168051e+00
1778	6.773417e-01	3.471879e-01	1.044944e+00
1779	6.281933e-01	5.630698e-01	1.571568e+00
1780	6.816828e-01	2.905888e-01	1.793356e+00
1781	6.362331e-01	6.383264e-01	1.047875e+00
1782	6.869988e-01	7.133988e-01	1.669272e+00
1783	6.226959e-01	4.207936e-01	2.292623e+00
1784	6.752388e-01	2.953308e-01	1.018564e+00
1785	6.403299e-01	6.499101e-01	1.857841e+00
1786	6.907720e-01	6.765800e-01	1.878359e+00
1787	6.639738e-01	6.678392e-01	2.875916e+00
1788	6.394800e-01	6.477576e-01	1.488520e+00
1789	6.618362e-01	6.776710e-01	2.688324e+00
1790	6.671319e-01	3.201479e-01	2.486077e+00
1791	6.661047e-01	3.130569e-01	2.162677e+00
1792	6.141998e-01	5.089942e-01	1.360528e+00
1793	6.676238e-01	3.912727e-01	2.943332e+00
1794	6.550738e-01	3.244987e-01	1.508061e+00
1795	6.600702e-01	3.012296e-01	2.316072e+00
1796	6.659571e-01	6.640488e-01	2.488031e+00
1797	6.700258e-01	3.871979e-01	1.713239e+00
1798	6.729810e-01	3.245634e-01	1.824621e+00
1799	6.710193e-01	3.132643e-01	1.745481e+00
1800	6.423237e-01	6.480925e-01	1.765999e+00
1801	6.150206e-01	5.090414e-01	1.366390e+00
1802	6.672550e-01	6.649535e-01	2.291646e+00
1803	6.756835e-01	3.394435e-01	1.470933e+00
1804	6.627581e-01	6.746196e-01	1.059599e+00
1805	6.727817e-01	3.252638e-01	2.897411e+00
1806	6.845452e-01	6.705235e-01	1.231558e+00
1807	6.342558e-01	5.782896e-01	2.143136e+00
1808	5.982664e-01	5.677781e-01	1.388862e+00
1809	6.348820e-01	5.830257e-01	1.999511e+00
1810	6.775115e-01	2.847196e-01	2.601368e+00
1811	6.756281e-01	3.456783e-01	1.197362e+00
1812	6.344158e-01	5.818447e-01	2.679531e+00
1813	6.469292e-01	6.549655e-01	2.245725e+00
1814	6.444454e-01	2.981300e-01	1.915486e+00
1815	6.399951e-01	6.423657e-01	2.346361e+00
1816	6.065125e-01	4.937020e-01	2.593552e+00
1817	6.069688e-01	4.973328e-01	2.326820e+00
1818	6.473710e-01	6.498540e-01	2.955056e+00
1819	6.643186e-01	6.748138e-01	1.663410e+00
1820	6.117236e-01	5.995361e-01	2.957010e+00
1821	5.988625e-01	5.651996e-01	2.559355e+00
1822	6.811011e-01	3.296774e-01	2.618955e+00
1823	6.474821e-01	6.756188e-01	1.780655e+00
1824	6.118064e-01	5.993749e-01	2.787982e+00
1825	6.088281e-01	4.817845e-01	1.903762e+00
1826	6.645135e-01	3.827074e-01	1.094773e+00
1827	6.378254e-01	5.843938e-01	1.476795e+00
1828	6.652648e-01	6.729992e-01	1.010747e+00
1829	6.670202e-01	6.682590e-01	1.276502e+00
1830	6.754512e-01	2.807753e-01	2.712750e+00
1831	6.714643e-01	6.608864e-01	1.608696e+00
1832	6.649305e-01	3.854501e-01	2.335613e+00
1833	6.363447e-01	6.582960e-01	1.189546e+00
1834	6.534450e-01	6.687985e-01	2.732291e+00
1835	6.481083e-01	6.451270e-01	2.303371e+00
1836	6.677290e-01	6.653620e-01	2.413776e+00
1837	6.478908e-01	6.434501e-01	2.876893e+00
1838	6.458886e-01	6.116085e-01	2.563263e+00
1839	5.991866e-01	5.594509e-01	2.039570e+00
1840	6.554276e-01	6.771014e-01	1.436737e+00
1841	6.376368e-01	6.589920e-01	1.738642e+00
1842	6.026492e-01	5.627747e-01	2.044455e+00
1843	6.648554e-01	3.962861e-01	1.304836e+00
1844	6.696872e-01	2.771803e-01	1.936981e+00
1845	6.020549e-01	5.650885e-01	2.982413e+00
1846	6.364398e-01	3.186873e-01	1.203224e+00
1847	6.392455e-01	3.052028e-01	2.955056e+00
1848	6.741774e-01	6.682292e-01	1.524670e+00
1849	6.012856e-01	5.876269e-01	1.827553e+00
1850	6.769577e-01	3.400114e-01	1.996580e+00
1851	6.753403e-01	3.204019e-01	2.945286e+00
1852	6.086180e-01	6.039109e-01	1.991695e+00
1853	6.504967e-01	6.653344e-01	2.442110e+00
1854	6.453502e-01	2.989270e-01	1.477772e+00
1855	6.058489e-01	5.655225e-01	2.906204e+00
1856	6.554931e-01	6.471422e-01	1.423058e+00
1857	6.392507e-01	3.170623e-01	2.446019e+00
1858	6.508910e-01	3.741242e-01	2.860283e+00
1859	6.582539e-01	6.629290e-01	1.522716e+00
1860	6.545466e-01	6.379027e-01	1.331216e+00
1861	6.437079e-01	3.005473e-01	2.446019e+00
1862	6.435864e-01	2.996164e-01	2.095261e+00
1863	6.599253e-01	3.778472e-01	1.073278e+00
1864	5.977370e-01	5.022434e-01	2.543723e+00
1865	6.557136e-01	6.459959e-01	2.876893e+00
1866	6.424247e-01	2.985020e-01	2.031754e+00
1867	5.968417e-01	4.687365e-01	1.949682e+00
1868	5.998159e-01	5.981175e-01	2.642404e+00
1869	6.434698e-01	2.842574e-01	1.577430e+00
1870	6.769459e-01	3.194008e-01	1.871519e+00
1871	6.090129e-01	5.663475e-01	2.033708e+00
1872	6.562177e-01	3.868928e-01	2.127504e+00
1873	6.411405e-01	2.945462e-01	1.762091e+00
1874	6.652061e-01	2.828343e-01	1.228627e+00
1875	6.581065e-01	3.857734e-01	2.783097e+00
1876	6.064192e-01	5.624576e-01	2.788959e+00
1877	6.456838e-01	6.758918e-01	2.095261e+00
1878	6.591808e-01	6.392717e-01	1.627259e+00
1879	6.350896e-01	5.756736e-01	1.503175e+00
1880	6.745111e-01	3.287860e-01	1.068393e+00
1881	5.972843e-01	5.859165e-01	1.710308e+00
1882	6.642917e-01	3.145615e-01	1.200293e+00
1883	6.532610e-01	6.509447e-01	2.123596e+00
1884	5.949514e-01	4.643816e-01	1.049829e+00
1885	5.960815e-01	4.967710e-01	2.962872e+00
1886	6.597206e-01	6.409346e-01	1.183683e+00
1887	6.651325e-01	2.821695e-01	1.214949e+00
1888	6.445739e-01	6.935555e-01	2.475330e+00
1889	6.514013e-01	6.227293e-01	1.297020e+00
1890	5.961058e-01	4.968153e-01	1.260870e+00
1891	6.626965e-01	3.222260e-01	1.263801e+00
1892	5.985156e-01	5.956202e-01	2.308256e+00
1893	6.402205e-01	6.882174e-01	1.933073e+00
1894	6.264310e-01	6.532848e-01	1.526624e+00
1895	6.526298e-01	3.679206e-01	1.105520e+00
1896	6.559302e-01	3.093851e-01	2.816317e+00
1897	6.432479e-01	2.600932e-01	2.696141e+00
1898	6.426119e-01	3.426544e-01	1.474841e+00
1899	6.428903e-01	2.584819e-01	2.859306e+00
1900	6.535642e-01	3.009582e-01	1.519785e+00
1901	6.328669e-01	6.494849e-01	2.446019e+00
1902	6.061761e-01	5.491959e-01	1.817782e+00
1903	6.472619e-01	6.480371e-01	1.013679e+00
1904	5.851731e-01	5.761638e-01	1.638007e+00
1905	5.839618e-01	5.784034e-01	2.997069e+00
1906	6.571053e-01	6.292192e-01	1.389839e+00
1907	6.534349e-01	3.224461e-01	1.948705e+00
1908	6.008391e-01	4.965125e-01	2.619932e+00
1909	5.907082e-01	4.767211e-01	2.633610e+00
1910	5.846133e-01	5.903350e-01	2.318026e+00
1911	6.000773e-01	4.973727e-01	1.742550e+00
1912	6.299189e-01	5.843744e-01	1.553981e+00
1913	6.552509e-01	2.851001e-01	2.149976e+00
1914	6.278156e-01	5.722316e-01	2.257450e+00
1915	6.611657e-01	2.855030e-01	2.553493e+00
1916	6.341767e-01	6.460989e-01	1.829507e+00
1917	6.323897e-01	5.781275e-01	1.479726e+00
1918	5.961118e-01	5.023298e-01	1.658525e+00
1919	6.532605e-01	2.996548e-01	2.940401e+00
1920	6.420691e-01	3.879054e-01	1.804104e+00
1921	6.250589e-01	6.480265e-01	1.195408e+00
1922	6.430541e-01	3.998551e-01	1.196385e+00
1923	6.459213e-01	4.042083e-01	1.892037e+00
1924	6.365673e-01	6.489890e-01	2.025892e+00
1925	6.523683e-01	2.987639e-01	2.963850e+00
1926	5.862356e-01	5.780938e-01	1.262824e+00
1927	6.648782e-01	3.146949e-01	2.477284e+00
1928	6.539887e-01	2.780048e-01	2.143136e+00
1929	6.617212e-01	3.162016e-01	2.845628e+00
1930	5.968196e-01	5.700972e-01	2.635564e+00
1931	6.301330e-01	6.876000e-01	1.175867e+00
1932	6.056122e-01	5.663492e-01	1.395701e+00
1933	6.639288e-01	3.180004e-01	1.111383e+00
1934	6.540123e-01	2.949032e-01	2.148999e+00
1935	6.368762e-01	3.554552e-01	1.350757e+00
1936	6.267719e-01	6.484163e-01	2.987298e+00
1937	6.083595e-01	5.562259e-01	2.147044e+00
1938	6.566412e-01	3.215128e-01	2.690278e+00
1939	6.377175e-01	3.546578e-01	1.000000e+00
1940	6.016117e-01	5.467507e-01	1.562775e+00
1941	5.917084e-01	5.984971e-01	2.060088e+00
1942	6.262392e-01	6.593161e-01	1.668295e+00
1943	6.087111e-01	5.553880e-01	2.642404e+00
1944	6.390147e-01	6.485120e-01	2.163654e+00
1945	6.300127e-01	6.813060e-01	1.211041e+00
1946	6.610436e-01	2.880520e-01	1.884221e+00
1947	6.667802e-01	2.899007e-01	2.262335e+00
1948	6.346084e-01	3.881485e-01	2.043478e+00
1949	6.334416e-01	6.873090e-01	1.333170e+00
1950	5.833918e-01	5.822209e-01	2.424524e+00
1951	6.647727e-01	3.112137e-01	1.144602e+00
1952	6.316874e-01	6.864230e-01	2.230093e+00
1953	6.386537e-01	6.940306e-01	2.595506e+00
1954	6.122050e-01	6.011244e-01	2.329751e+00
1955	6.319598e-01	6.664688e-01	2.636541e+00
1956	6.315703e-01	6.458349e-01	2.558378e+00
1957	6.017571e-01	5.489562e-01	1.717147e+00
1958	6.630173e-01	3.197942e-01	2.232047e+00
1959	5.916982e-01	5.807958e-01	1.036150e+00
1960	6.652003e-01	2.908055e-01	2.845628e+00
1961	5.862248e-01	5.815714e-01	2.192965e+00
1962	6.670523e-01	2.960843e-01	1.635076e+00
1963	6.647778e-01	2.899583e-01	1.007816e+00
1964	6.334951e-01	6.463817e-01	2.829018e+00
1965	6.701426e-01	3.004036e-01	2.870054e+00
1966	6.416902e-01	6.970008e-01	2.025892e+00
1967	6.418990e-01	3.546606e-01	1.664387e+00
1968	6.644236e-01	3.232856e-01	2.305325e+00
1969	5.864050e-01	5.830284e-01	2.175379e+00
1970	6.032519e-01	5.519137e-01	2.854421e+00
1971	6.659269e-01	2.867154e-01	1.525647e+00
1972	6.350443e-01	6.852701e-01	2.506595e+00
1973	6.313578e-01	3.868257e-01	2.637518e+00
1974	6.672633e-01	2.988757e-01	2.601368e+00
1975	6.366331e-01	6.462951e-01	2.133366e+00
1976	6.243343e-01	3.559121e-01	2.921837e+00
1977	5.896404e-01	5.866105e-01	1.173913e+00
1978	6.700240e-01	3.079010e-01	1.781632e+00
1979	6.627180e-01	3.237327e-01	1.233512e+00
1980	6.049551e-01	5.497809e-01	1.523693e+00
1981	5.795687e-01	5.949798e-01	2.863214e+00
1982	6.309764e-01	3.664797e-01	1.117245e+00
1983	6.715122e-01	3.034903e-01	2.804592e+00
1984	6.259807e-01	3.577848e-01	1.785540e+00
1985	6.551592e-01	2.766461e-01	1.056668e+00
1986	6.722545e-01	3.075342e-01	2.790914e+00
1987	6.057396e-01	5.486308e-01	1.049829e+00
1988	6.321016e-01	3.892775e-01	2.826087e+00
1989	6.378096e-01	6.471972e-01	1.035173e+00
1990	6.359914e-01	6.833894e-01	2.361016e+00
1991	6.222218e-01	6.740598e-01	1.872496e+00
1992	6.325650e-01	3.861522e-01	2.494871e+00
1993	6.165745e-01	6.546758e-01	2.837811e+00
1994	6.715844e-01	3.257052e-01	2.229116e+00
1995	5.797828e-01	5.972600e-01	1.886175e+00
1996	6.308727e-01	6.437898e-01	1.172936e+00
1997	6.734393e-01	2.887795e-01	2.301417e+00
1998	5.909221e-01	5.859815e-01	2.276014e+00
1999	6.154241e-01	6.591610e-01	2.713727e+00
