2000
0	4.293887e-01	4.773371e-01	2.659990e+00
1	4.740709e-01	3.097022e-01	1.927211e+00
3	4.341523e-01	2.565821e-01	1.306790e+00
4	4.124204e-01	4.183726e-01	2.219345e+00
5	1.373043e-01	3.053108e-01	2.259404e+00
6	1.026468e-01	3.778862e-01	2.766488e+00
9	4.310117e-01	4.310528e-01	1.231558e+00
10	4.362729e-01	4.388386e-01	1.283341e+00
14	4.603591e-01	4.807592e-01	2.148021e+00
16	4.444908e-01	4.052835e-01	2.881778e+00
17	4.692691e-01	3.687614e-01	1.311676e+00
19	4.137430e-01	3.831719e-01	2.081583e+00
20	6.884638e-01	3.223207e-01	2.944309e+00
21	4.639440e-01	3.698686e-01	2.364924e+00
22	3.597025e-01	4.735647e-01	2.446996e+00
24	4.029379e-01	4.618589e-01	2.993161e+00
26	3.620414e-01	3.903507e-01	1.180752e+00
29	4.652162e-01	3.623147e-01	1.761114e+00
30	3.755818e-01	3.737188e-01	2.705911e+00
31	4.652456e-01	3.543376e-01	2.189057e+00
32	4.159891e-01	3.953286e-01	2.337567e+00
36	5.274821e-01	4.912791e-01	1.131900e+00
39	4.014175e-01	4.204568e-01	2.950171e+00
41	5.373214e-01	7.003274e-01	1.319492e+00
43	4.959722e-01	3.318339e-01	2.796776e+00
45	4.313310e-01	3.992777e-01	2.812408e+00
47	4.064220e-01	4.129830e-01	2.619932e+00
48	4.640521e-01	4.517591e-01	1.500244e+00
49	4.217578e-01	3.776736e-01	1.309722e+00
50	4.223190e-01	4.227357e-01	1.122130e+00
52	4.419872e-01	3.601835e-01	1.758183e+00
53	4.586312e-01	4.784282e-01	2.832926e+00
54	4.589269e-01	3.973095e-01	2.136297e+00
55	4.632731e-01	4.349429e-01	1.853933e+00
56	4.555989e-01	4.511515e-01	1.607719e+00
57	6.799697e-01	3.325839e-01	1.982902e+00
58	4.365044e-01	2.974529e-01	2.045432e+00
59	3.894143e-01	3.882157e-01	1.234489e+00
62	4.102073e-01	4.405047e-01	2.046409e+00
65	3.059860e-01	2.145185e-01	1.164143e+00
69	3.840335e-01	1.482734e-01	1.689790e+00
70	4.708830e-01	3.524970e-01	2.347338e+00
73	3.820452e-01	3.699547e-01	1.758183e+00
74	4.165955e-01	4.708521e-01	2.161700e+00
76	4.451934e-01	4.064343e-01	2.038593e+00
77	5.123375e-01	4.212697e-01	1.977040e+00
78	4.986393e-01	3.439854e-01	2.565217e+00
80	4.797879e-01	3.283664e-01	2.205667e+00
81	4.555931e-01	4.340726e-01	1.398632e+00
82	4.781081e-01	3.913756e-01	1.638007e+00
83	4.825663e-01	3.831531e-01	1.205178e+00
85	5.049673e-01	4.326146e-01	1.362482e+00
87	3.358667e-01	4.130010e-01	1.996580e+00
88	4.907729e-01	3.839322e-01	1.143625e+00
89	4.529483e-01	4.201981e-01	1.917440e+00
90	8.390378e-01	2.726909e-01	1.747435e+00
91	4.425864e-01	3.762795e-01	2.804592e+00
92	4.489321e-01	4.253634e-01	1.592086e+00
93	4.461965e-01	3.455148e-01	2.871031e+00
94	2.705456e-01	3.652311e-01	1.717147e+00
96	5.279549e-01	3.677161e-01	2.295554e+00
97	5.589911e-02	3.719088e-01	1.248168e+00
98	5.476500e-01	3.540781e-01	2.607230e+00
99	4.945403e-01	4.003458e-01	2.866146e+00
100	8.073855e-01	2.931497e-01	2.349292e+00
101	4.581502e-01	3.601439e-01	1.344895e+00
103	8.140833e-01	2.970156e-01	1.942843e+00
104	3.744020e-01	4.222302e-01	2.097215e+00
105	4.585931e-01	4.288181e-01	2.440156e+00
107	4.972542e-01	4.115676e-01	2.630679e+00
108	4.706065e-01	4.023920e-01	1.023449e+00
110	3.574295e-01	4.736471e-01	2.002443e+00
112	3.633700e-01	4.245212e-01	2.215437e+00
113	4.564801e-01	3.513013e-01	1.230581e+00
114	4.673124e-01	3.518054e-01	2.364924e+00
116	4.678813e-01	4.075989e-01	1.324377e+00
117	4.189505e-01	2.290612e-01	1.500244e+00
118	3.524769e-01	2.538416e-01	2.812408e+00
119	3.365040e-01	4.567753e-01	1.448461e+00
120	4.552889e-01	3.512704e-01	2.302394e+00
122	7.411898e-01	3.736238e-01	2.131412e+00
123	5.052947e-01	3.892868e-01	2.719590e+00
124	6.569691e-01	3.401743e-01	2.884709e+00
125	4.824493e-01	4.097055e-01	2.896434e+00
126	4.483146e-01	3.612184e-01	1.119199e+00
127	4.387917e-01	3.918403e-01	2.184172e+00
128	5.107893e-01	2.290655e-01	2.469468e+00
129	3.406260e-01	4.531947e-01	1.157303e+00
130	2.684209e-01	3.936605e-01	2.511480e+00
131	3.614021e-01	3.205698e-01	2.546654e+00
134	4.717841e-01	3.301897e-01	2.489008e+00
135	2.912470e-01	4.683067e-01	2.473376e+00
136	4.981417e-01	3.697355e-01	1.486566e+00
137	3.561187e-01	3.005176e-01	1.004885e+00
140	5.528357e-01	3.842167e-01	1.103566e+00
141	4.585789e-01	3.272510e-01	2.380557e+00
142	3.214884e-01	3.930408e-01	2.226185e+00
143	4.127535e-01	3.661194e-01	2.559355e+00
144	4.103121e-01	3.555371e-01	2.978505e+00
148	4.405291e-01	3.282880e-01	2.119687e+00
149	3.846507e-01	3.210846e-01	2.315095e+00
150	4.822897e-01	3.623360e-01	1.074255e+00
151	2.908854e-01	5.064775e-01	2.398144e+00
152	4.181587e-01	3.340624e-01	2.014167e+00
154	5.296610e-01	4.440535e-01	2.126527e+00
155	4.629580e-01	3.512729e-01	1.117245e+00
156	7.082068e-01	3.217338e-01	2.617978e+00
157	3.851077e-01	3.149563e-01	2.454812e+00
158	4.258028e-01	4.167844e-01	1.060576e+00
160	3.757413e-01	4.803275e-01	1.728872e+00
161	4.612343e-01	2.983805e-01	2.528090e+00
162	4.008910e-01	4.575226e-01	1.137763e+00
163	4.380148e-01	3.267427e-01	2.477284e+00
164	6.713379e-01	2.870423e-01	1.328285e+00
165	4.006027e-01	4.204297e-01	2.865169e+00
166	3.673873e-01	7.090945e-01	2.580850e+00
167	4.559494e-01	1.531249e-01	1.963361e+00
168	4.116104e-01	3.363254e-01	1.665364e+00
169	3.280053e-01	4.979799e-01	1.217880e+00
171	3.602898e-01	3.902408e-01	2.021983e+00
173	3.548549e-01	6.836665e-01	1.551050e+00
175	4.458332e-01	3.804336e-01	2.931607e+00
176	3.378457e-01	7.565728e-01	2.152907e+00
177	4.069460e-01	4.531436e-01	1.943820e+00
178	4.048694e-01	5.916322e-01	1.311676e+00
179	4.670912e-01	3.686004e-01	1.547142e+00
180	4.218066e-01	3.228671e-01	2.213483e+00
181	4.360925e-01	3.468275e-01	2.043478e+00
182	4.903336e-01	4.144895e-01	2.673669e+00
186	3.541167e-01	4.838221e-01	2.940401e+00
188	5.475052e-01	3.961405e-01	2.628725e+00
189	3.960777e-01	4.965367e-01	2.664875e+00
191	4.957693e-01	4.090956e-01	2.334636e+00
192	3.394579e-01	2.787306e-01	2.055203e+00
193	4.077695e-01	4.680555e-01	1.027357e+00
194	5.336458e-01	6.244763e-01	1.698583e+00
195	4.088883e-01	4.533023e-01	1.006839e+00
198	4.694019e-01	2.828582e-01	2.058134e+00
199	4.314011e-01	3.638745e-01	1.997557e+00
200	4.122077e-01	4.321643e-01	2.697118e+00
201	5.798781e-01	3.548533e-01	2.445042e+00
202	3.594000e-01	4.185239e-01	1.279433e+00
203	4.423827e-01	3.581435e-01	2.408891e+00
205	3.533269e-01	5.445129e-01	2.023937e+00
207	5.945215e-01	5.494551e-01	1.212018e+00
208	7.750343e-02	5.656611e-01	1.636053e+00
209	4.613841e-01	2.374600e-01	2.090376e+00
210	6.959759e-01	7.346279e-01	1.814851e+00
211	6.555642e-01	3.547382e-01	2.246702e+00
212	3.819782e-01	2.068722e-01	1.148510e+00
213	3.208714e-01	2.184943e-01	1.459209e+00
214	6.186791e-01	3.788532e-01	1.042013e+00
216	8.180293e-02	5.617218e-01	1.584270e+00
217	3.048165e-01	4.765061e-01	2.376649e+00
218	3.509733e-01	4.545506e-01	2.247680e+00
219	4.501787e-01	3.984063e-01	1.770884e+00
220	6.543349e-01	3.639248e-01	2.858329e+00
221	3.773040e-01	2.057945e-01	1.609673e+00
222	3.676643e-01	4.948586e-01	1.152418e+00
223	4.786331e-01	3.519624e-01	1.250122e+00
224	4.113240e-01	3.994994e-01	2.062042e+00
225	4.391531e-01	3.489053e-01	1.123107e+00
226	4.731056e-01	2.987638e-01	1.438691e+00
227	3.491798e-01	4.502426e-01	2.676600e+00
228	4.139658e-01	3.359822e-01	2.319980e+00
229	4.166365e-01	4.397853e-01	2.793845e+00
230	3.559711e-01	4.395756e-01	2.593552e+00
231	3.444099e-01	4.521997e-01	2.102101e+00
232	4.077957e-01	3.525552e-01	1.060576e+00
233	4.194666e-01	4.563615e-01	2.041524e+00
234	5.528184e-01	3.747239e-01	2.262335e+00
235	4.311232e-01	4.366676e-01	1.443576e+00
237	4.438668e-01	3.891767e-01	2.647289e+00
238	9.176315e-02	5.693649e-01	2.875916e+00
239	5.270136e-01	1.188688e-01	1.548119e+00
240	4.090937e-01	4.101004e-01	2.238886e+00
241	3.919727e-01	3.221284e-01	1.812897e+00
242	6.683634e-01	9.398312e-02	1.040059e+00
243	4.641523e-01	3.878989e-01	1.263801e+00
244	5.542236e-01	4.885271e-01	1.624328e+00
245	4.029240e-01	4.597739e-01	1.723009e+00
246	4.413291e-01	3.167803e-01	2.261358e+00
247	3.786658e-01	3.829482e-01	1.394724e+00
248	3.736363e-01	4.420128e-01	1.301905e+00
249	3.803022e-01	4.147262e-01	1.629213e+00
250	5.094007e-01	3.365420e-01	2.247680e+00
251	6.570688e-01	3.718025e-01	1.683928e+00
252	4.211305e-01	4.103629e-01	1.126038e+00
253	3.322219e-01	2.894634e-01	1.614558e+00
255	8.367641e-01	2.273527e-01	1.937958e+00
256	4.708461e-01	3.707955e-01	2.834880e+00
257	9.097769e-02	5.734572e-01	2.144113e+00
258	4.162248e-01	2.208047e-01	1.238398e+00
259	5.396879e-01	6.232662e-01	2.234978e+00
260	5.153495e-01	3.163683e-01	2.464582e+00
261	1.357904e-01	6.327642e-01	2.080606e+00
262	4.355987e-01	3.843459e-01	2.782120e+00
264	4.590805e-01	3.600697e-01	1.910601e+00
265	3.773907e-01	3.531223e-01	2.648266e+00
266	4.463016e-01	3.708793e-01	2.749878e+00
267	4.846076e-01	3.316303e-01	2.013190e+00
268	5.990873e-01	1.556280e-01	1.662433e+00
269	7.553948e-01	2.760650e-01	2.876893e+00
270	4.124761e-01	3.969544e-01	1.789448e+00
271	4.557221e-01	3.373452e-01	1.357596e+00
272	4.061098e-01	3.549834e-01	1.563752e+00
273	3.915311e-01	4.154200e-01	1.498290e+00
274	4.641166e-01	3.343949e-01	1.908647e+00
275	4.531071e-01	1.420832e-01	2.665852e+00
276	4.246293e-01	5.467541e-01	2.691255e+00
277	4.357936e-01	3.925250e-01	2.098192e+00
278	4.180490e-01	3.661045e-01	1.220811e+00
280	6.577140e-01	3.558170e-01	2.821202e+00
281	3.245567e-01	4.514299e-01	2.290669e+00
282	4.466994e-01	3.181759e-01	2.534929e+00
283	4.178520e-01	3.385227e-01	2.445042e+00
284	4.278653e-01	3.579720e-01	2.930630e+00
285	4.434243e-01	6.952078e-01	2.088422e+00
286	4.039646e-01	4.321959e-01	1.133854e+00
287	4.384262e-01	3.982897e-01	2.343429e+00
288	3.722072e-01	4.687508e-01	1.947728e+00
289	4.449653e-01	3.108273e-01	2.500733e+00
290	4.473719e-01	3.084498e-01	2.574011e+00
292	6.637546e-01	5.949293e-01	2.912066e+00
293	3.988043e-01	5.219553e-01	1.736688e+00
294	4.342955e-01	4.108952e-01	1.470933e+00
295	4.767372e-01	3.525809e-01	2.265266e+00
296	4.771745e-01	3.524682e-01	2.495848e+00
297	4.262707e-01	3.883199e-01	2.862237e+00
298	4.686363e-01	3.454530e-01	1.857841e+00
299	4.555653e-01	6.112690e-01	2.227162e+00
300	4.448610e-01	3.470539e-01	1.627259e+00
301	3.402668e-01	5.563119e-01	2.506595e+00
302	4.344610e-01	4.262757e-01	2.762579e+00
303	4.599542e-01	3.429184e-01	2.459697e+00
304	4.383104e-01	4.096247e-01	1.689790e+00
305	4.312678e-01	3.912001e-01	1.565706e+00
306	4.814224e-01	3.557805e-01	1.125061e+00
307	4.345587e-01	4.271958e-01	2.528090e+00
308	3.918789e-01	3.377148e-01	1.121153e+00
309	4.692994e-01	3.613759e-01	1.169028e+00
310	4.293837e-01	3.743911e-01	1.555936e+00
311	4.805246e-01	3.194497e-01	1.885198e+00
312	3.851346e-01	4.213206e-01	2.989253e+00
313	4.361289e-01	4.238289e-01	2.081583e+00
314	4.313641e-01	4.263223e-01	1.052760e+00
315	4.257929e-01	5.330102e-01	2.633610e+00
316	3.926734e-01	2.918803e-01	1.623351e+00
317	7.446943e-01	3.035216e-01	2.443087e+00
318	4.792618e-01	3.312318e-01	2.989253e+00
319	4.487244e-01	3.543358e-01	2.095261e+00
320	3.777811e-01	3.254338e-01	2.862237e+00
321	4.461703e-01	6.476409e-02	1.942843e+00
322	4.468588e-01	4.722340e-02	1.455300e+00
323	3.115878e-01	4.527814e-01	1.022472e+00
324	4.640173e-01	3.778682e-01	1.734734e+00
325	5.015939e-01	3.677690e-01	2.170493e+00
326	4.465906e-01	3.769890e-01	2.626771e+00
328	4.536079e-01	6.982453e-01	1.801172e+00
329	4.403311e-01	2.991077e-01	1.461163e+00
330	4.377336e-01	3.561136e-01	1.730826e+00
331	3.737657e-01	3.834237e-01	2.535906e+00
332	5.266636e-01	3.672759e-01	2.234978e+00
333	4.361603e-01	3.586464e-01	2.740107e+00
334	6.533064e-01	1.574682e-01	2.879824e+00
335	4.508973e-01	3.459942e-01	2.902296e+00
336	4.495958e-01	4.709870e-01	1.495359e+00
337	4.304369e-01	4.264619e-01	2.727406e+00
338	2.922691e-01	5.223582e-01	2.315095e+00
339	4.489082e-01	5.140218e-01	2.528090e+00
340	4.142571e-01	4.370439e-01	2.943332e+00
341	3.093207e-01	2.667065e-01	2.339521e+00
342	4.197200e-01	3.416552e-01	1.752320e+00
343	3.282065e-01	2.699469e-01	2.184172e+00
346	3.400640e-01	3.637383e-01	2.741085e+00
347	4.478486e-01	4.774915e-01	2.190034e+00
348	3.346971e-01	5.358216e-01	1.921348e+00
349	4.206493e-01	4.143401e-01	1.197362e+00
350	4.225495e-01	4.209975e-01	2.764533e+00
351	4.095221e-01	4.302126e-01	1.541280e+00
352	4.578411e-01	3.472813e-01	1.943820e+00
353	4.614043e-01	3.033843e-01	2.209575e+00
354	4.546886e-01	3.324472e-01	1.017587e+00
355	4.424511e-01	3.967899e-01	1.306790e+00
356	4.542769e-01	4.358989e-01	2.435271e+00
358	3.757831e-01	4.194707e-01	1.327308e+00
359	3.110778e-01	4.459504e-01	2.742062e+00
361	3.937347e-01	4.273249e-01	2.267220e+00
363	3.133262e-01	5.620967e-01	2.073766e+00
364	4.246735e-01	4.179318e-01	2.385442e+00
365	3.673813e-01	2.837602e-01	2.814362e+00
366	2.748126e-01	3.834042e-01	2.371764e+00
367	4.508514e-01	3.531551e-01	2.407914e+00
368	4.395739e-01	3.334823e-01	1.623351e+00
369	4.450399e-01	4.028324e-01	1.573522e+00
370	4.876245e-01	3.710732e-01	2.355154e+00
371	3.450237e-01	5.247908e-01	1.601856e+00
372	4.401483e-01	4.280986e-01	1.526624e+00
373	3.873034e-01	4.176551e-01	1.977040e+00
374	4.129773e-01	4.197325e-01	1.844162e+00
375	4.712608e-01	3.813670e-01	1.286273e+00
378	4.304238e-01	4.021146e-01	1.008793e+00
379	4.493800e-01	3.743031e-01	2.974597e+00
380	4.974321e-01	3.854265e-01	2.648266e+00
381	5.306626e-01	3.645611e-01	1.543234e+00
382	4.194473e-01	3.892933e-01	1.142648e+00
383	7.548611e-01	2.799149e-01	2.333659e+00
384	4.437304e-01	3.373904e-01	1.567660e+00
385	5.974829e-01	2.662248e-01	2.407914e+00
386	2.236752e-01	4.450581e-01	1.787494e+00
387	4.605276e-01	3.066160e-01	1.712262e+00
388	3.742169e-01	4.275471e-01	1.139717e+00
390	4.418063e-01	3.987934e-01	1.407426e+00
391	6.158937e-01	4.472260e-01	1.186615e+00
392	4.157246e-01	4.758867e-01	1.006839e+00
393	2.902302e-01	5.703867e-01	1.235467e+00
394	5.730835e-01	3.538388e-01	2.866146e+00
395	4.319062e-01	4.034088e-01	2.410845e+00
398	4.348671e-01	2.906640e-01	2.904250e+00
400	4.099778e-01	3.637638e-01	2.772350e+00
401	4.066683e-01	4.057735e-01	1.393747e+00
402	4.627604e-01	3.482528e-01	1.322423e+00
403	3.517381e-01	5.011689e-01	2.872985e+00
404	4.730465e-01	4.612890e-01	1.795310e+00
405	4.207003e-01	4.381248e-01	2.446996e+00
408	4.545748e-01	3.575152e-01	2.122618e+00
409	4.087992e-01	3.980734e-01	1.518808e+00
410	3.613744e-01	6.639618e-01	1.922325e+00
412	5.186537e-01	3.940271e-01	2.882755e+00
413	9.026462e-01	1.825321e-01	2.060088e+00
414	4.341337e-01	3.143593e-01	1.896922e+00
416	3.976289e-01	4.414747e-01	1.280410e+00
417	4.124867e-01	4.355324e-01	2.227162e+00
418	4.417149e-01	3.077697e-01	2.758671e+00
419	3.739921e-01	2.821145e-01	2.065950e+00
420	4.523229e-01	3.485398e-01	2.140205e+00
421	4.265238e-01	4.249208e-01	2.755740e+00
423	3.690768e-01	4.413796e-01	1.138740e+00
424	8.210355e-01	4.026587e-01	1.944797e+00
425	4.516935e-01	3.586123e-01	1.255984e+00
426	3.661100e-01	4.804215e-01	1.587201e+00
427	4.308191e-01	2.772333e-01	1.785540e+00
428	4.882413e-01	3.144523e-01	2.788959e+00
430	4.374235e-01	3.459137e-01	2.813385e+00
431	4.538425e-01	3.584695e-01	2.353200e+00
432	3.597046e-01	2.098668e-01	2.165608e+00
433	4.276877e-01	4.174000e-01	1.696629e+00
434	4.111754e-01	4.194839e-01	2.678554e+00
435	5.687890e-01	3.729983e-01	2.476307e+00
436	4.372925e-01	3.302303e-01	1.274548e+00
437	4.624156e-01	2.439017e-01	1.454323e+00
438	4.120590e-01	4.295024e-01	2.462628e+00
439	4.024745e-01	4.545509e-01	2.689301e+00
440	4.969632e-01	4.906368e-01	2.250611e+00
441	7.668673e-01	1.986063e-01	1.272594e+00
443	3.660132e-01	4.132424e-01	1.306790e+00
444	3.994011e-01	3.018447e-01	1.904739e+00
445	4.625548e-01	3.357473e-01	2.173425e+00
446	3.455968e-01	2.844334e-01	2.075721e+00
447	4.243189e-01	4.132548e-01	1.809966e+00
448	4.915238e-01	4.624284e-01	2.105032e+00
450	4.598897e-01	3.838042e-01	2.270151e+00
451	4.611410e-01	2.821886e-01	2.602345e+00
453	3.919563e-01	3.382419e-01	2.965804e+00
454	3.665218e-01	2.284708e-01	1.648754e+00
456	3.029415e-01	4.547681e-01	2.598437e+00
457	2.776799e-01	3.415404e-01	2.737176e+00
458	4.811061e-01	2.975316e-01	2.069858e+00
459	4.975327e-01	4.625460e-01	1.787494e+00
465	2.506887e-01	5.127063e-01	1.374206e+00
466	4.671837e-01	3.979476e-01	2.722521e+00
469	4.849945e-01	3.865163e-01	1.923302e+00
470	4.023885e-01	4.384528e-01	2.440156e+00
471	3.849800e-01	4.391012e-01	1.579384e+00
472	5.915458e-01	1.713448e-01	1.672203e+00
473	4.362104e-01	3.901960e-01	2.336590e+00
475	3.921425e-01	3.253618e-01	2.716659e+00
477	4.414555e-01	3.464195e-01	1.643869e+00
478	3.871704e-01	5.099899e-01	2.909135e+00
479	4.200414e-01	4.285709e-01	1.161212e+00
481	4.834214e-01	3.260539e-01	2.193942e+00
484	4.696121e-01	3.759517e-01	1.802149e+00
486	4.357805e-01	3.587679e-01	1.545188e+00
487	4.346252e-01	4.206100e-01	2.279922e+00
489	4.387426e-01	3.827810e-01	1.959453e+00
490	2.876765e-01	5.065708e-01	1.738642e+00
491	4.372260e-01	4.170024e-01	2.440156e+00
492	3.769770e-01	4.650151e-01	2.083537e+00
493	3.898786e-01	4.339949e-01	2.392281e+00
496	4.185780e-01	6.614726e-01	1.087934e+00
498	4.623147e-01	3.821916e-01	1.115291e+00
499	4.144986e-01	4.513737e-01	2.144113e+00
501	4.331355e-01	4.787341e-01	2.159746e+00
503	4.366946e-01	4.064413e-01	1.271617e+00
504	4.497939e-01	2.967248e-01	2.054226e+00
507	4.133494e-01	4.371100e-01	1.613581e+00
509	4.910331e-01	3.319528e-01	2.981436e+00
511	2.213988e-01	5.643399e-01	2.231070e+00
513	3.693893e-02	8.937349e-01	1.246214e+00
516	4.814155e-01	4.331704e-01	2.757694e+00
517	3.948523e-01	2.826384e-01	2.084514e+00
520	4.579549e-01	3.878879e-01	1.586224e+00
522	4.120650e-01	4.125502e-01	2.185149e+00
524	3.083439e-01	5.267484e-01	2.084514e+00
525	3.077239e-01	5.268742e-01	1.408403e+00
526	4.887457e-01	3.631022e-01	2.352223e+00
528	4.809472e-01	3.227291e-01	1.533464e+00
529	4.198089e-01	4.209123e-01	2.446019e+00
530	5.502170e-01	3.874072e-01	2.926722e+00
531	3.019928e-01	5.376570e-01	1.084025e+00
533	4.108058e-01	3.990004e-01	2.611138e+00
537	3.275590e-01	4.390264e-01	2.603322e+00
539	5.035776e-01	3.959417e-01	2.463605e+00
543	4.208445e-01	3.129853e-01	1.242306e+00
544	3.557794e-01	3.864800e-01	2.037616e+00
547	3.504616e-01	4.160678e-01	1.646800e+00
553	4.358721e-01	3.720330e-01	1.878359e+00
556	4.720728e-01	4.291364e-01	1.212018e+00
560	4.242828e-01	4.308771e-01	1.053737e+00
562	4.486083e-01	4.372128e-01	1.044944e+00
564	3.925014e-01	4.304884e-01	1.094773e+00
565	3.569366e-01	9.691944e-02	2.268197e+00
566	3.790893e-01	3.778329e-01	1.097704e+00
567	3.851970e-01	4.100047e-01	2.065950e+00
570	4.947577e-01	3.416803e-01	1.285296e+00
573	4.497078e-01	2.249429e-01	1.219834e+00
575	5.801232e-01	3.550051e-01	1.007816e+00
576	6.866145e-01	4.240595e-01	2.849536e+00
577	4.268869e-01	3.729367e-01	1.483635e+00
579	4.130925e-01	3.784199e-01	2.288715e+00
580	3.396619e-01	2.608158e-01	1.581339e+00
582	6.099597e-01	5.883409e-01	1.807035e+00
583	3.782552e-01	3.834081e-01	2.197851e+00
584	4.512490e-01	2.159249e-01	1.321446e+00
586	3.059041e-01	5.510796e-01	1.521739e+00
587	4.545499e-01	1.632853e-01	2.106009e+00
588	5.291141e-01	3.975980e-01	2.735222e+00
589	9.295474e-01	8.339408e-01	1.890083e+00
591	4.348764e-01	3.680271e-01	1.228627e+00
592	4.511773e-01	3.883516e-01	1.098681e+00
594	4.037054e-01	3.804526e-01	1.208109e+00
595	3.963210e-01	4.018562e-01	1.270640e+00
599	4.249397e-01	3.201013e-01	2.349292e+00
600	4.440231e-01	6.103789e-01	2.289692e+00
601	4.159486e-01	3.847280e-01	1.889106e+00
607	5.090606e-01	3.868894e-01	2.792868e+00
608	3.795013e-01	2.141084e-01	1.011724e+00
609	3.751102e-01	1.789325e-01	2.946263e+00
615	4.797393e-01	3.540622e-01	1.040059e+00
616	4.451230e-01	3.184709e-01	1.645823e+00
617	8.031567e-01	3.528407e-01	1.247191e+00
618	3.417488e-01	4.422238e-01	1.924279e+00
619	4.128633e-01	2.194639e-01	2.144113e+00
620	4.271851e-01	6.472079e-01	1.978994e+00
621	4.266903e-01	5.964252e-01	1.876404e+00
624	3.729278e-01	4.341439e-01	2.516365e+00
627	3.799219e-01	2.518641e-01	1.796287e+00
628	4.551774e-01	3.901801e-01	2.237909e+00
630	4.890203e-01	5.217282e-01	2.738153e+00
633	5.448069e-01	4.401013e-01	2.410845e+00
634	3.359610e-01	5.020831e-01	1.236444e+00
636	8.711978e-01	8.623632e-01	1.769907e+00
637	3.301748e-01	2.775226e-01	1.903762e+00
638	4.342211e-01	2.754561e-01	2.901319e+00
639	4.563050e-01	4.070164e-01	2.812408e+00
640	4.493788e-01	4.117071e-01	2.842697e+00
643	4.263693e-01	5.718872e-01	1.957499e+00
644	4.242773e-01	3.616674e-01	2.512457e+00
645	4.481106e-01	2.372952e-01	2.938447e+00
647	3.757287e-01	1.969717e-01	2.632633e+00
649	3.269153e-01	4.773748e-01	1.725940e+00
651	2.847275e-01	4.218147e-01	2.279922e+00
652	3.753646e-01	2.346725e-01	1.312653e+00
654	4.111210e-01	4.046333e-01	2.583781e+00
656	4.501730e-01	3.887055e-01	1.020518e+00
658	4.150084e-01	2.715845e-01	1.672203e+00
659	3.520398e-01	1.837325e-01	2.890572e+00
660	4.192751e-01	4.045508e-01	1.056668e+00
661	1.915160e-01	2.852853e-01	2.433317e+00
663	5.030627e-01	5.801399e-01	1.102589e+00
664	4.979079e-01	5.367322e-01	1.106497e+00
667	5.870913e-01	6.056333e-01	1.068393e+00
668	3.099502e-01	4.522677e-01	2.941378e+00
670	4.712717e-01	3.757710e-01	2.181241e+00
671	2.620933e-01	4.303375e-01	1.950660e+00
672	4.151198e-01	2.404313e-01	2.817294e+00
673	3.545333e-01	2.041116e-01	2.537860e+00
674	4.954360e-01	6.308696e-01	2.760625e+00
675	4.010688e-01	3.724349e-01	1.672203e+00
676	5.526426e-01	3.822792e-01	2.255496e+00
678	2.489949e-01	5.486190e-01	2.169516e+00
679	5.102476e-01	3.938334e-01	1.255984e+00
680	3.401875e-01	3.518456e-01	1.235467e+00
681	2.754666e-01	2.748209e-01	1.978994e+00
683	6.063238e-01	2.908254e-01	1.367367e+00
684	4.201757e-01	2.573866e-01	2.766488e+00
685	4.568556e-01	4.436646e-01	2.958964e+00
687	4.836638e-01	3.591262e-01	1.147533e+00
691	7.370551e-01	5.012559e-01	2.362970e+00
693	1.915170e-01	3.752015e-01	1.209086e+00
695	5.736687e-01	4.018375e-01	1.394724e+00
696	3.555619e-01	2.602649e-01	2.200782e+00
697	4.189433e-01	4.184972e-01	1.453346e+00
698	2.244327e-01	3.229276e-01	1.420127e+00
703	4.252845e-01	4.028963e-01	2.173425e+00
707	4.012066e-01	4.158166e-01	1.444553e+00
709	4.533873e-01	2.928332e-01	2.259404e+00
711	2.510289e-01	3.403697e-01	1.732780e+00
712	5.923670e-01	4.560645e-01	2.027846e+00
713	4.708454e-01	4.060114e-01	1.011724e+00
714	5.055203e-01	3.526243e-01	1.006839e+00
717	4.288618e-01	4.472048e-01	1.120176e+00
718	4.330086e-01	3.883149e-01	1.045921e+00
719	4.390922e-01	3.561656e-01	2.993161e+00
722	4.106359e-01	4.323679e-01	3.000000e+00
723	4.564807e-01	3.833004e-01	2.970689e+00
724	7.360192e-01	7.099043e-01	1.185638e+00
725	3.987528e-01	4.315319e-01	1.774792e+00
726	4.568871e-01	4.857981e-01	1.883244e+00
727	3.319353e-01	4.455641e-01	2.623840e+00
728	4.020899e-01	1.873337e-01	1.694675e+00
729	4.131322e-01	5.660944e-01	2.360039e+00
732	4.486972e-01	4.013658e-01	2.760625e+00
734	3.702324e-01	4.027818e-01	2.745970e+00
735	2.673676e-01	3.595996e-01	1.817782e+00
736	3.135592e-01	4.145003e-01	2.519297e+00
737	4.024841e-01	1.736569e-01	2.214460e+00
738	4.441461e-01	4.089759e-01	2.439179e+00
739	4.301228e-01	3.944834e-01	2.870054e+00
740	4.139666e-01	5.674871e-01	1.413288e+00
745	5.050790e-01	3.222078e-01	2.548608e+00
746	4.654552e-01	3.781808e-01	2.561309e+00
747	4.157799e-01	4.379364e-01	2.958964e+00
748	5.260621e-01	4.614977e-01	1.332193e+00
750	9.705273e-01	6.438515e-01	1.373229e+00
751	3.715196e-01	1.473654e-01	2.462628e+00
752	4.267966e-01	4.429053e-01	2.852467e+00
753	4.375712e-01	3.929403e-01	2.411822e+00
757	3.873146e-01	4.156696e-01	2.571080e+00
758	9.711619e-01	6.441417e-01	1.398632e+00
759	5.121166e-01	4.048027e-01	1.922325e+00
764	4.199455e-01	4.797095e-01	2.676600e+00
765	5.027051e-01	3.068208e-01	1.760137e+00
766	5.467614e-01	6.024445e-01	2.299463e+00
767	6.301057e-01	2.249705e-01	2.943332e+00
770	4.395663e-01	3.754593e-01	1.634099e+00
771	3.635638e-01	4.021686e-01	2.033708e+00
774	3.502285e-01	2.386827e-01	2.382511e+00
775	4.478246e-01	4.069126e-01	1.186615e+00
779	3.911423e-01	2.159024e-01	2.059111e+00
780	4.253859e-01	5.949826e-01	2.211529e+00
781	4.432769e-01	4.145884e-01	1.969223e+00
783	4.476908e-01	4.878958e-01	2.660967e+00
784	4.504890e-01	4.949076e-01	1.264778e+00
786	3.709674e-01	5.692244e-01	2.458720e+00
787	5.217025e-01	4.519200e-01	2.456766e+00
788	2.487839e-01	4.810178e-01	2.337567e+00
789	5.207074e-01	4.279116e-01	1.259893e+00
790	3.135388e-01	3.910905e-01	2.648266e+00
792	4.907339e-01	3.522709e-01	2.183195e+00
793	6.765550e-01	5.703161e-01	1.050806e+00
796	4.477075e-01	4.814234e-01	1.929165e+00
797	7.653622e-01	1.753777e-01	1.657548e+00
798	3.588898e-01	5.508773e-01	2.224231e+00
799	7.676257e-01	1.786261e-01	2.911089e+00
800	4.387886e-01	2.533095e-01	1.419150e+00
801	1.723857e-01	4.742498e-01	1.386908e+00
802	4.001080e-01	4.747204e-02	1.342941e+00
803	3.718709e-01	3.758533e-01	1.537372e+00
804	4.727395e-01	4.305122e-01	2.935515e+00
805	4.408088e-01	4.689193e-01	1.399609e+00
806	4.696518e-01	3.793123e-01	2.243771e+00
807	3.779921e-01	3.724260e-01	2.256473e+00
809	4.445169e-01	3.580146e-01	1.851979e+00
810	3.879457e-01	3.547356e-01	1.418173e+00
811	4.740764e-01	3.471280e-01	1.005862e+00
812	1.520067e-01	4.284613e-01	1.509038e+00
813	5.067614e-01	4.070147e-01	1.317538e+00
814	4.801428e-01	4.528380e-01	1.980948e+00
815	3.708332e-01	5.554697e-01	2.222277e+00
816	4.844101e-01	5.881418e-01	2.837811e+00
817	3.936238e-01	4.080610e-01	2.277968e+00
818	4.618385e-01	3.888077e-01	2.452858e+00
819	3.995698e-01	4.509764e-02	2.862237e+00
820	3.655882e-01	3.738758e-01	1.611627e+00
821	4.270161e-01	5.170982e-01	1.969223e+00
822	3.840290e-01	3.988893e-01	1.106497e+00
823	4.397028e-01	5.209561e-01	1.281387e+00
824	3.821087e-01	6.562663e-01	2.533952e+00
825	4.662076e-01	3.125835e-01	1.889106e+00
827	4.492110e-01	2.847395e-01	2.298486e+00
828	4.052372e-01	5.900036e-02	2.558378e+00
829	4.910473e-01	3.679196e-01	2.571080e+00
831	3.904858e-01	2.287656e-01	2.940401e+00
832	5.357946e-01	3.407102e-01	1.401563e+00
833	4.875702e-01	3.694115e-01	2.862237e+00
834	4.234432e-01	1.364403e-01	2.032731e+00
835	4.278736e-01	5.274976e-01	2.241817e+00
836	3.870272e-01	3.487888e-01	2.984367e+00
837	3.771329e-01	5.312078e-01	2.499756e+00
838	4.503385e-01	4.586693e-01	1.435760e+00
839	4.216684e-01	7.093989e-02	2.121641e+00
841	4.853910e-01	2.693929e-01	2.920860e+00
842	3.480043e-01	4.406236e-01	1.905716e+00
843	4.425164e-01	3.657836e-01	1.081094e+00
844	3.059365e-01	3.182325e-01	1.834392e+00
845	5.524986e-01	3.222320e-01	2.002443e+00
846	3.704550e-01	4.486326e-01	1.444553e+00
847	4.277434e-01	2.685205e-01	1.358574e+00
848	5.119244e-01	1.458693e-01	1.159257e+00
849	3.271327e-01	3.639478e-01	1.700537e+00
850	3.822075e-01	4.450094e-01	2.943332e+00
851	2.291201e-01	6.841438e-01	1.835369e+00
855	3.410838e-01	4.321702e-01	1.556913e+00
856	4.447559e-01	3.225048e-01	2.148999e+00
857	4.638454e-01	3.415973e-01	2.275037e+00
858	5.150007e-01	4.662071e-01	2.697118e+00
859	4.096021e-01	3.886485e-01	1.516854e+00
863	6.743585e-01	2.443011e-01	1.298974e+00
864	2.940612e-01	4.152931e-01	2.787005e+00
865	3.581570e-01	3.585259e-01	2.812408e+00
866	4.434051e-01	5.876010e-01	1.940889e+00
867	4.139617e-01	5.250995e-01	2.656082e+00
868	4.933365e-01	3.962621e-01	1.982902e+00
869	5.569019e-01	3.333250e-01	2.681485e+00
870	4.289744e-01	4.560858e-01	1.810943e+00
872	3.277488e-01	1.668701e-01	1.715193e+00
873	4.381612e-02	6.591059e-02	1.012702e+00
877	3.782887e-01	3.804677e-01	2.221299e+00
878	1.939886e-01	6.634596e-01	2.718613e+00
881	4.938076e-01	5.181222e-01	2.234001e+00
883	6.003450e-01	4.642902e-01	1.553981e+00
884	3.554933e-01	4.916899e-01	1.560821e+00
885	4.265178e-01	2.194707e-01	2.672692e+00
886	3.770375e-01	4.732879e-01	1.471910e+00
888	5.052732e-01	3.646411e-01	2.205667e+00
889	4.721641e-01	3.326169e-01	2.599414e+00
890	3.266756e-01	1.610137e-01	2.873962e+00
891	4.900541e-01	2.427975e-01	2.733268e+00
892	3.225612e-01	1.604524e-01	1.692721e+00
893	3.136164e-01	3.253403e-01	1.432829e+00
894	4.023812e-01	5.614103e-01	1.474841e+00
895	7.864549e-01	1.217719e-01	2.914998e+00
896	7.070728e-01	4.828441e-01	1.508061e+00
897	5.427520e-01	4.717420e-01	1.455300e+00
898	3.651061e-01	4.560055e-01	1.036150e+00
899	4.301874e-01	3.287218e-01	1.672203e+00
900	7.519080e-01	4.446821e-02	2.243771e+00
905	4.866244e-01	2.518826e-01	2.315095e+00
906	2.052240e-01	6.542231e-01	2.044455e+00
907	7.228909e-01	3.457153e-01	1.438691e+00
908	4.087198e-01	9.126364e-02	1.001954e+00
909	5.327223e-01	3.228508e-01	1.146556e+00
911	3.287550e-01	6.738200e-01	2.471422e+00
912	3.682739e-01	4.350414e-01	2.209575e+00
914	4.297134e-01	4.003022e-01	1.936004e+00
915	3.279027e-01	2.205063e-01	2.843674e+00
916	4.532165e-01	4.635148e-01	1.057645e+00
917	5.842332e-01	5.448638e-01	2.896434e+00
918	3.874604e-01	3.552762e-01	2.112848e+00
919	4.801723e-01	2.529035e-01	2.553493e+00
921	4.075221e-01	2.213488e-01	1.271617e+00
922	4.241274e-01	3.163879e-01	2.916952e+00
923	5.240681e-01	3.438282e-01	1.081094e+00
924	6.814353e-01	2.602058e-01	2.581827e+00
925	4.337609e-01	6.050081e-01	1.394724e+00
926	4.360979e-01	2.750565e-01	1.289204e+00
927	5.104915e-01	3.249962e-01	1.961407e+00
929	4.105670e-01	5.604805e-01	1.743527e+00
930	4.933416e-01	2.925626e-01	2.718613e+00
931	3.902639e-01	3.625649e-01	1.908647e+00
932	4.723221e-01	3.043215e-01	1.399609e+00
933	4.828000e-01	5.221559e-01	2.980459e+00
934	3.373290e-01	1.749694e-01	2.603322e+00
935	4.088107e-01	4.257708e-01	2.267220e+00
936	3.277963e-01	4.336408e-01	1.400586e+00
937	4.073976e-01	4.110000e-01	2.249634e+00
938	5.125052e-01	3.155443e-01	1.248168e+00
939	4.017950e-01	4.446015e-01	1.234489e+00
940	1.739078e-01	2.916476e-01	2.559355e+00
941	4.327275e-01	3.595421e-01	2.848559e+00
942	2.509338e-01	3.067814e-01	1.495359e+00
943	4.787634e-01	5.243849e-01	2.346361e+00
944	3.186882e-01	3.287201e-01	1.812897e+00
945	4.277687e-01	4.609979e-01	2.016121e+00
946	4.627783e-01	3.862941e-01	1.676111e+00
947	5.474111e-01	3.208335e-01	1.307767e+00
948	4.455268e-01	4.311438e-01	1.727894e+00
949	4.844396e-01	6.026835e-01	1.587201e+00
950	4.278024e-01	6.120375e-01	2.820225e+00
951	2.318148e-01	2.982856e-01	2.234978e+00
952	5.474916e-01	1.434567e-01	2.393258e+00
953	4.480714e-01	4.618322e-01	1.537372e+00
954	4.437728e-01	3.807584e-01	2.814362e+00
955	4.759738e-01	3.891199e-01	2.472399e+00
956	4.749688e-01	3.503407e-01	2.402052e+00
957	3.845500e-01	4.284786e-01	2.220322e+00
958	5.533521e-01	3.047312e-01	1.127992e+00
959	4.612157e-01	4.330179e-01	1.184660e+00
960	4.016252e-01	3.421410e-01	1.655594e+00
961	3.976085e-01	4.435342e-01	2.473376e+00
962	4.249168e-01	3.765835e-01	2.125550e+00
963	7.639746e-01	1.896720e-01	1.407426e+00
964	1.675099e-01	5.887428e-01	1.067416e+00
965	3.753591e-01	4.078120e-01	1.183683e+00
966	4.956681e-01	3.379391e-01	1.849047e+00
967	3.915864e-01	3.976783e-01	1.107474e+00
968	5.632036e-01	1.784957e-01	2.902296e+00
969	3.771014e-01	3.652015e-01	2.884709e+00
970	4.241037e-01	3.884962e-01	2.418661e+00
971	4.839800e-01	3.096901e-01	2.088422e+00
972	4.916819e-01	3.612940e-01	1.675134e+00
973	4.071988e-01	5.511368e-01	1.717147e+00
974	4.933115e-01	3.622319e-01	1.874450e+00
975	4.876784e-01	5.162562e-01	2.744993e+00
976	5.793415e-01	2.120413e-01	1.101612e+00
977	4.960529e-01	3.159471e-01	1.860772e+00
978	3.888587e-01	3.772222e-01	1.997557e+00
979	4.890335e-01	4.095824e-01	2.080606e+00
980	3.534718e-01	4.724114e-01	1.262824e+00
981	5.312622e-01	4.350993e-01	1.952614e+00
982	4.976813e-01	3.877456e-01	1.681974e+00
983	4.023424e-01	3.881412e-01	2.354177e+00
984	2.514862e-01	3.916091e-01	2.705911e+00
985	4.578491e-01	3.820206e-01	1.297997e+00
986	3.934341e-01	4.182889e-01	1.593063e+00
987	4.032107e-01	4.395787e-01	2.944309e+00
988	4.119939e-01	3.765438e-01	2.695164e+00
989	4.730844e-01	3.396251e-01	1.071324e+00
990	4.653866e-01	3.361629e-01	2.562286e+00
991	3.548285e-01	4.161888e-01	1.097704e+00
992	4.079768e-01	3.934302e-01	2.033708e+00
993	2.232987e-01	5.700300e-01	1.891060e+00
994	4.192629e-01	4.225294e-01	1.226673e+00
995	4.847856e-01	2.890903e-01	2.096238e+00
996	3.547311e-01	5.438670e-01	2.234978e+00
997	3.400386e-01	3.477034e-01	2.601368e+00
998	4.221511e-01	4.983201e-01	2.107963e+00
999	6.012135e-01	4.250730e-01	1.499267e+00
1000	4.954297e-01	3.712406e-01	1.192477e+00
1001	5.204321e-01	2.544458e-01	2.937469e+00
1002	5.462076e-01	3.997018e-01	1.183683e+00
1003	2.850752e-01	4.019150e-01	1.053737e+00
1004	2.742061e-01	4.094771e-01	1.540303e+00
1005	3.156237e-01	3.799992e-01	1.446507e+00
1006	3.415183e-01	3.623015e-01	2.942355e+00
1007	3.678411e-01	3.943082e-01	2.766488e+00
1008	5.615427e-01	4.219120e-01	2.502687e+00
1009	4.164475e-01	3.718716e-01	2.005374e+00
1011	3.409427e-01	2.887751e-01	1.217880e+00
1012	2.705473e-01	4.211982e-01	1.148510e+00
1013	4.015476e-01	4.209559e-01	2.778212e+00
1014	4.439975e-01	3.746981e-01	1.774792e+00
1015	4.553154e-01	4.266944e-01	1.070347e+00
1016	4.142860e-01	2.661171e-01	2.073766e+00
1017	3.215910e-01	3.631687e-01	2.753786e+00
1018	4.438442e-01	3.754133e-01	2.888617e+00
1019	5.664522e-01	3.189740e-01	2.135320e+00
1020	3.502722e-01	3.417309e-01	2.933561e+00
1021	3.978664e-01	3.901738e-01	1.530532e+00
1022	5.294464e-01	2.936140e-01	1.125061e+00
1023	4.258414e-01	4.162589e-01	1.849047e+00
1024	4.647953e-01	4.057807e-01	1.952614e+00
1025	5.976921e-01	4.254359e-01	2.357108e+00
1026	4.387924e-01	4.201721e-01	2.956033e+00
1027	4.403517e-01	4.276411e-01	2.441133e+00
1028	3.017375e-01	4.627939e-01	2.395213e+00
1029	3.905556e-01	3.333690e-01	2.361993e+00
1030	2.732911e-01	4.448873e-01	2.494871e+00
1031	3.843339e-01	4.488716e-01	2.136297e+00
1032	4.633202e-01	3.509642e-01	2.439179e+00
1033	4.493168e-01	3.194180e-01	2.826087e+00
1034	4.546127e-01	3.799552e-01	1.697606e+00
1035	4.776992e-01	1.313791e-01	2.755740e+00
1036	4.610892e-01	3.713787e-01	1.542257e+00
1037	7.787810e-01	2.467578e-01	1.505129e+00
1038	4.576175e-01	4.295679e-01	1.581339e+00
1039	4.304946e-01	4.902330e-01	1.295066e+00
1040	3.564036e-01	5.567085e-01	2.208598e+00
1041	4.613649e-01	4.017093e-01	2.112848e+00
1042	4.112509e-01	4.178118e-01	2.228139e+00
1043	4.109719e-01	3.734861e-01	2.269174e+00
1044	4.566329e-01	4.551786e-01	2.771373e+00
1045	3.946418e-01	4.866376e-01	1.791402e+00
1046	4.436945e-01	3.834608e-01	1.061553e+00
1047	2.631410e-01	3.902167e-01	2.832926e+00
1048	5.500056e-01	1.299325e-01	1.816805e+00
1049	4.314341e-01	3.239309e-01	1.827553e+00
1050	7.037099e-01	7.011381e-01	1.618466e+00
1051	4.614797e-01	3.679928e-01	1.144602e+00
1052	4.345924e-01	3.171548e-01	1.867611e+00
1053	4.692077e-01	3.548004e-01	2.828041e+00
1054	6.304549e-01	6.742433e-01	1.002931e+00
1055	4.205350e-01	4.594572e-01	1.981925e+00
1056	4.685160e-01	4.956191e-01	2.776258e+00
1057	3.906240e-01	2.518068e-01	1.376160e+00
1058	4.689562e-01	3.399280e-01	1.646800e+00
1059	3.900658e-01	3.249019e-01	2.625794e+00
1061	4.694781e-01	3.218388e-01	2.682462e+00
1063	4.700072e-01	2.644584e-01	2.836834e+00
1064	4.820622e-01	3.817739e-01	2.172447e+00
1065	4.391840e-01	3.976125e-01	1.674157e+00
1067	4.079006e-01	3.899199e-01	1.950660e+00
1068	3.757797e-01	3.895923e-01	2.468490e+00
1069	3.917927e-01	3.518989e-01	2.561309e+00
1070	4.965428e-01	4.988100e-01	1.900830e+00
1071	4.152782e-01	3.840180e-01	1.683928e+00
1072	4.394403e-01	3.608677e-01	1.636053e+00
1073	3.999922e-01	4.642081e-01	2.679531e+00
1074	4.092198e-01	4.456257e-01	1.704446e+00
1075	4.368196e-01	3.711982e-01	2.700049e+00
1076	4.022686e-01	4.654796e-01	2.720567e+00
1077	4.192099e-01	4.517446e-01	2.315095e+00
1078	4.212571e-01	4.870079e-01	1.895945e+00
1079	2.748082e-01	5.100146e-01	2.224231e+00
1080	4.752773e-01	3.422233e-01	2.815340e+00
1081	4.854303e-01	4.760551e-01	2.858329e+00
1082	4.016901e-01	4.408877e-01	1.717147e+00
1083	4.565023e-01	3.777973e-01	2.173425e+00
1084	5.060786e-01	4.509491e-01	2.585735e+00
1085	3.979331e-01	3.466276e-01	2.657059e+00
1086	4.300789e-01	4.428471e-01	2.276991e+00
1087	4.326677e-01	4.027633e-01	2.162677e+00
1089	3.635372e-01	2.258533e-01	2.195896e+00
1090	4.969214e-01	3.543429e-01	1.145579e+00
1091	2.050871e-01	6.600486e-01	2.082560e+00
1092	1.765584e-01	1.269587e-01	1.276502e+00
1094	4.376262e-01	3.507836e-01	2.548608e+00
1095	4.283394e-01	4.016665e-01	2.239863e+00
1096	4.550906e-01	4.991003e-01	2.051295e+00
1097	4.415121e-01	4.196035e-01	1.422081e+00
1099	4.988405e-01	3.412649e-01	2.954079e+00
1100	4.586232e-01	4.165703e-01	1.329262e+00
1101	4.611796e-01	3.528493e-01	2.976551e+00
1102	4.741185e-01	4.251304e-01	2.951148e+00
1103	4.254302e-01	4.590371e-01	2.518319e+00
1104	4.548314e-01	4.007993e-01	2.981436e+00
1105	5.040633e-01	3.212468e-01	2.454812e+00
1106	4.116593e-01	3.747463e-01	2.609184e+00
1107	4.503277e-01	4.385416e-01	2.993161e+00
1108	5.201728e-01	3.859482e-01	1.934050e+00
1110	4.543511e-01	3.693635e-01	2.075721e+00
1112	4.704982e-01	2.943499e-01	2.393258e+00
1113	4.260049e-01	3.390045e-01	2.895457e+00
1114	4.122940e-01	4.477584e-01	2.862237e+00
1116	4.752353e-01	4.894510e-01	2.458720e+00
1117	6.227178e-01	4.802003e-01	2.796776e+00
1118	4.335510e-01	3.111849e-01	2.902296e+00
1119	3.780853e-01	5.164357e-01	1.758183e+00
1121	3.629876e-01	4.926339e-01	1.007816e+00
1122	4.713183e-01	3.192168e-01	1.749389e+00
1123	3.631402e-01	2.285768e-01	2.521251e+00
1124	4.035700e-01	3.803719e-01	2.923791e+00
1125	5.828919e-01	3.531758e-01	1.164143e+00
1126	4.710556e-01	4.604962e-01	1.873473e+00
1127	4.256388e-01	4.968178e-01	2.126527e+00
1128	4.733861e-01	3.743777e-01	1.273571e+00
1129	4.666611e-01	4.716262e-01	2.563263e+00
1130	3.387500e-01	4.110505e-01	1.869565e+00
1131	4.593251e-01	3.376264e-01	1.325354e+00
1132	4.453039e-01	4.655789e-01	2.111871e+00
1133	4.670374e-01	2.978835e-01	2.736199e+00
1134	4.884875e-01	4.302460e-01	2.436248e+00
1135	4.482741e-01	3.462805e-01	1.894968e+00
1136	3.665824e-01	2.672471e-01	1.706400e+00
1137	5.999584e-01	4.075113e-01	2.099170e+00
1138	3.769617e-01	4.581183e-01	1.904739e+00
1139	4.329809e-01	4.064139e-01	2.138251e+00
1140	6.203997e-01	4.109325e-01	2.196873e+00
1141	4.443432e-01	3.728889e-01	2.827064e+00
1142	5.386732e-01	2.614956e-01	2.310210e+00
1143	3.587237e-01	3.545017e-01	1.335125e+00
1144	4.296352e-01	4.232244e-01	2.974597e+00
1145	4.125554e-01	3.174301e-01	2.719590e+00
1146	6.282032e-01	4.908516e-01	1.246214e+00
1147	2.972796e-01	2.642656e-01	2.170493e+00
1148	3.992184e-01	3.968315e-01	1.166097e+00
1149	5.729709e-01	5.101736e-01	1.371275e+00
1150	4.438128e-01	4.011583e-01	2.399121e+00
1151	5.523884e-01	3.263111e-01	2.064973e+00
1152	3.331608e-01	3.741969e-01	1.170005e+00
1153	4.762669e-01	4.355600e-01	2.560332e+00
1154	4.886584e-01	3.851471e-01	1.782609e+00
1155	3.793767e-01	2.185180e-01	2.902296e+00
1156	4.138899e-01	3.411749e-01	3.000000e+00
1157	5.096142e-01	3.496183e-01	1.047875e+00
1159	3.547185e-01	2.313484e-01	1.893014e+00
1160	4.093379e-01	2.701150e-01	1.280410e+00
1161	3.356154e-01	1.765083e-01	2.497802e+00
1162	4.375687e-01	4.236136e-01	1.655594e+00
1163	4.495440e-01	4.662322e-01	2.885686e+00
1164	4.523292e-01	4.485779e-01	2.573034e+00
1166	3.371127e-01	3.920999e-01	2.524182e+00
1167	4.625658e-01	4.508881e-01	2.076698e+00
1168	5.083583e-01	3.866414e-01	2.651197e+00
1169	4.602023e-01	3.607377e-01	1.767953e+00
1171	4.435955e-01	3.968143e-01	1.411334e+00
1174	4.890355e-01	3.964246e-01	1.842208e+00
1175	4.403609e-01	5.774702e-01	2.734245e+00
1176	4.803205e-01	1.538690e-01	1.146556e+00
1177	4.262960e-01	3.426702e-01	2.650220e+00
1178	4.187821e-01	3.201005e-01	2.899365e+00
1179	4.446501e-01	5.274117e-01	2.624817e+00
1180	3.878476e-01	4.049550e-01	2.791891e+00
1181	4.405122e-01	3.701636e-01	1.443576e+00
1183	3.734166e-01	5.757795e-01	2.008305e+00
1184	4.801104e-01	4.279979e-01	1.156326e+00
1185	4.401128e-01	3.424924e-01	2.619932e+00
1186	4.359955e-01	3.122854e-01	1.445530e+00
1187	4.862187e-01	3.200879e-01	1.825598e+00
1188	3.539965e-01	2.706958e-01	1.490474e+00
1189	4.162879e-01	3.912862e-01	2.922814e+00
1191	3.866608e-01	4.899015e-01	1.455300e+00
1192	4.907670e-01	4.413104e-01	1.888129e+00
1193	4.959820e-01	6.021919e-01	2.954079e+00
1194	4.389515e-01	3.446724e-01	2.640449e+00
1195	4.343814e-01	5.931365e-01	1.257938e+00
1196	3.939166e-01	2.572703e-01	2.626771e+00
1197	4.938550e-01	3.156777e-01	1.746458e+00
1198	4.092815e-01	3.757448e-01	1.221788e+00
1199	4.374339e-01	5.916828e-01	1.347826e+00
1200	5.042413e-01	4.754466e-01	2.531021e+00
1201	3.853466e-01	4.493741e-01	2.870054e+00
1202	3.812374e-01	4.595575e-01	3.000000e+00
1203	1.119565e-01	2.027133e-01	1.818759e+00
1204	4.815990e-01	5.543648e-01	1.163166e+00
1205	3.906884e-01	3.454324e-01	2.823156e+00
1206	3.937705e-01	3.569220e-01	1.397655e+00
1207	4.650209e-01	5.338545e-01	1.317538e+00
1208	4.300721e-01	4.246076e-01	1.383000e+00
1210	4.973426e-01	4.384724e-01	2.850513e+00
1211	3.246263e-01	2.770718e-01	2.454812e+00
1212	4.179162e-01	2.408618e-01	2.031754e+00
1213	3.969158e-01	4.186911e-01	1.637030e+00
1214	3.993286e-01	3.669382e-01	2.955056e+00
1215	3.851837e-01	3.999566e-01	2.632633e+00
1216	4.018135e-01	2.605865e-01	1.953591e+00
1217	4.137749e-01	4.473850e-01	2.460674e+00
1218	3.054768e-01	1.561289e-01	1.196385e+00
1219	4.020973e-01	3.565841e-01	2.442110e+00
1220	3.246447e-01	2.469876e-01	2.021006e+00
1221	7.315274e-01	2.463277e-01	2.527113e+00
1222	3.585584e-01	2.523603e-01	2.543723e+00
1223	2.734354e-01	3.797206e-01	1.703468e+00
1224	3.839512e-01	4.206293e-01	1.115291e+00
1225	5.171244e-01	7.259727e-01	2.950171e+00
1226	4.035086e-01	3.745788e-01	2.105032e+00
1227	4.725810e-01	4.002285e-01	2.441133e+00
1228	4.415002e-01	3.421139e-01	2.604299e+00
1229	4.769400e-01	3.597507e-01	2.390327e+00
1230	4.050410e-01	2.622371e-01	2.063996e+00
1231	4.821619e-01	4.247828e-01	2.043478e+00
1232	3.978159e-01	3.265850e-01	1.523693e+00
1233	4.929597e-01	3.940559e-01	1.969223e+00
1234	3.920191e-01	4.460145e-01	1.782609e+00
1235	3.543892e-01	3.791659e-01	2.079629e+00
1236	4.073892e-01	4.225471e-01	2.675623e+00
1237	4.451194e-01	4.694828e-01	2.221299e+00
1238	4.525861e-01	4.705430e-01	1.449438e+00
1239	4.107441e-01	4.957717e-01	2.145090e+00
1240	2.289640e-01	7.627091e-01	1.699560e+00
1241	3.892819e-01	3.522581e-01	1.530532e+00
1242	4.953507e-01	3.698676e-01	1.497313e+00
1243	3.933997e-01	3.510556e-01	2.941378e+00
1244	5.130627e-01	3.602906e-01	1.049829e+00
1245	5.330284e-01	6.465071e-01	2.659013e+00
1246	3.850035e-01	3.615740e-01	1.352711e+00
1247	4.982980e-01	3.985397e-01	2.130435e+00
1248	3.994260e-01	3.366931e-01	2.205667e+00
1249	5.040709e-01	3.066655e-01	2.596483e+00
1250	5.133131e-01	3.235250e-01	1.509038e+00
1251	2.058171e-01	3.058597e-01	2.791891e+00
1252	4.611887e-01	4.292543e-01	2.280899e+00
1253	4.851784e-01	3.954841e-01	2.403029e+00
1254	5.584947e-01	3.459535e-01	1.936981e+00
1255	4.815425e-01	2.295864e-01	1.296043e+00
1256	4.848941e-01	4.247814e-01	2.641426e+00
1257	4.713346e-01	4.474064e-01	2.440156e+00
1258	4.532427e-01	3.832810e-01	1.798241e+00
1260	2.714457e-01	9.850844e-01	1.712262e+00
1261	3.994490e-01	4.515240e-01	2.961895e+00
1262	4.689836e-01	3.939119e-01	1.598925e+00
1263	4.772940e-01	4.118750e-01	2.942355e+00
1264	4.352349e-01	4.195492e-01	2.190034e+00
1266	5.374603e-01	3.916291e-01	1.212995e+00
1267	4.160392e-01	4.430024e-01	2.884709e+00
1268	3.945396e-01	4.135533e-01	1.595017e+00
1269	4.446373e-01	3.497602e-01	2.224231e+00
1270	4.061226e-01	4.199654e-01	2.834880e+00
1274	3.807721e-01	2.901660e-01	2.989253e+00
1275	4.490536e-01	3.452498e-01	2.994138e+00
1277	4.345718e-01	4.209929e-01	2.765511e+00
1278	4.490956e-01	3.955423e-01	2.046409e+00
1279	3.900750e-01	3.983494e-01	1.152418e+00
1280	4.547328e-01	6.150117e-01	2.244748e+00
1281	4.893235e-01	4.009313e-01	2.935515e+00
1282	4.150081e-01	4.178257e-01	2.528090e+00
1283	5.243550e-01	1.400713e-01	1.950660e+00
1284	2.418963e-01	3.621781e-01	2.106009e+00
1285	4.447264e-01	3.068671e-01	2.655105e+00
1286	3.640406e-01	4.714912e-01	2.695164e+00
1288	4.167796e-01	4.418796e-01	2.430386e+00
1289	3.374247e-01	6.119689e-01	2.187103e+00
1290	4.482911e-01	4.407361e-01	2.880801e+00
1291	4.405559e-01	4.089948e-01	1.118222e+00
1293	4.717159e-01	3.385832e-01	2.978505e+00
1294	4.643499e-01	4.663191e-01	2.590620e+00
1295	3.679978e-01	6.106213e-01	1.416219e+00
1296	3.503139e-01	2.341808e-01	1.075232e+00
1297	2.955629e-01	4.139864e-01	1.291158e+00
1298	4.563934e-01	4.629178e-01	1.170005e+00
1299	4.309504e-01	4.270114e-01	2.727406e+00
1300	4.150047e-01	3.685549e-01	2.416707e+00
1301	4.247162e-01	4.510987e-01	1.214949e+00
1303	4.557995e-01	3.353876e-01	2.152907e+00
1304	4.892468e-01	4.019453e-01	1.657548e+00
1305	4.921562e-01	5.676218e-01	2.051295e+00
1306	3.980539e-01	3.356827e-01	2.519297e+00
1307	4.780070e-01	3.557660e-01	1.166097e+00
1308	3.716695e-01	3.539650e-01	2.053249e+00
1309	1.175620e-01	3.235407e-01	1.833415e+00
1310	4.044048e-01	4.575274e-01	1.275525e+00
1311	4.663414e-01	4.151103e-01	2.477284e+00
1312	5.295423e-01	3.637044e-01	2.601368e+00
1313	3.520891e-01	4.153534e-01	2.955056e+00
1314	3.390730e-01	3.753470e-01	2.009282e+00
1315	4.377881e-01	4.681631e-01	2.046409e+00
1316	3.805095e-01	3.376546e-01	2.063019e+00
1317	4.167103e-01	4.860404e-01	2.537860e+00
1318	3.986192e-01	4.808860e-01	2.890572e+00
1319	4.522307e-01	3.535105e-01	1.899853e+00
1321	4.710532e-01	4.517016e-01	2.084514e+00
1322	4.352098e-01	3.628416e-01	2.120664e+00
1323	4.343212e-01	3.345501e-01	2.201759e+00
1324	3.408596e-01	6.049358e-01	2.396190e+00
1325	5.735204e-01	4.258948e-01	1.815828e+00
1326	1.819594e-01	7.214154e-01	2.284807e+00
1327	4.149599e-01	3.732771e-01	1.021495e+00
1328	2.973465e-01	2.013425e-01	1.059599e+00
1329	4.103910e-01	3.000100e-01	1.655594e+00
1330	4.131644e-01	3.661498e-01	2.658036e+00
1331	4.327040e-01	4.686124e-01	2.494871e+00
1332	3.440465e-01	4.340861e-01	1.962384e+00
1333	4.431600e-01	3.858808e-01	2.987298e+00
1334	4.485140e-01	2.884910e-01	2.722521e+00
1335	3.969845e-01	2.587674e-01	2.400098e+00
1336	3.748273e-01	4.464171e-01	1.836346e+00
1338	4.943737e-01	4.222081e-01	2.736199e+00
1339	3.498706e-01	3.453494e-01	1.128969e+00
1340	4.088651e-01	4.748073e-01	1.536395e+00
1341	4.756827e-01	4.015616e-01	1.802149e+00
1342	3.681056e-01	3.471222e-01	2.236932e+00
1343	4.659693e-01	4.655929e-01	1.706400e+00
1344	4.040779e-01	4.967834e-01	1.800195e+00
1345	3.534344e-01	3.801230e-01	1.365413e+00
1346	3.829716e-01	3.062423e-01	2.063996e+00
1347	4.495717e-01	4.260341e-01	2.178310e+00
1348	2.503135e-01	6.119653e-01	1.892037e+00
1349	4.099931e-01	4.039189e-01	1.878359e+00
1350	4.739769e-01	2.911695e-01	1.049829e+00
1351	4.148812e-01	4.181550e-01	2.364924e+00
1352	4.822068e-01	5.231405e-01	1.763068e+00
1353	4.478099e-01	4.056741e-01	1.843185e+00
1354	4.007706e-01	4.337690e-01	2.164631e+00
1355	4.163727e-01	3.476964e-01	2.629702e+00
1356	4.931860e-02	4.299594e-01	2.917929e+00
1357	4.085788e-01	3.527371e-01	2.522228e+00
1359	5.741130e-01	3.598057e-01	1.450415e+00
1361	4.002457e-01	4.271147e-01	1.512946e+00
1362	3.835245e-01	3.038125e-01	1.676111e+00
1364	4.385590e-01	4.215298e-01	1.855887e+00
1365	4.391758e-01	4.158856e-01	1.180752e+00
1366	4.283478e-01	5.806443e-01	2.835857e+00
1367	4.472776e-01	3.362492e-01	2.792868e+00
1369	4.178364e-01	3.178403e-01	2.096238e+00
1370	4.498354e-01	1.853581e-01	2.609184e+00
1371	5.862028e-01	2.698220e-01	2.073766e+00
1372	3.879041e-01	3.898314e-01	2.155838e+00
1375	3.998216e-01	6.809369e-01	1.465071e+00
1376	4.566208e-01	3.983543e-01	2.947240e+00
1377	3.273297e-01	4.202003e-01	2.064973e+00
1378	3.404372e-01	3.763662e-01	1.668295e+00
1379	3.865648e-01	3.885981e-01	1.189546e+00
1380	5.100128e-01	4.376074e-01	2.301417e+00
1381	2.887559e-01	6.900402e-01	1.429897e+00
1382	2.806004e-01	6.926967e-01	2.915975e+00
1383	6.068287e-01	1.821086e-01	2.735222e+00
1384	3.996940e-01	4.424538e-01	1.857841e+00
1385	4.180636e-01	6.522482e-01	2.497802e+00
1386	3.693360e-01	4.077814e-01	2.556424e+00
1387	3.835337e-01	3.385196e-01	2.993161e+00
1388	6.356154e-01	2.724453e-01	2.166585e+00
1389	3.992203e-01	3.772696e-01	2.121641e+00
1390	4.063011e-01	4.712479e-01	2.803615e+00
1391	3.808393e-01	3.816289e-01	1.400586e+00
1392	4.054140e-01	3.767810e-01	1.563752e+00
1393	5.032430e-01	4.481794e-01	1.372252e+00
1394	6.975033e-01	3.454982e-01	2.209575e+00
1396	5.366443e-01	3.866956e-01	1.933073e+00
1397	6.570544e-01	3.542875e-01	2.647289e+00
1398	4.925896e-01	5.403217e-01	2.408891e+00
1399	4.832074e-01	3.281864e-01	1.973131e+00
1400	4.484284e-01	3.555114e-01	1.211041e+00
1402	4.275974e-01	4.000432e-01	2.040547e+00
1403	4.705799e-01	3.413345e-01	1.478749e+00
1404	4.547114e-01	4.199572e-01	2.397167e+00
1405	5.553061e-01	2.309426e-01	1.195408e+00
1406	6.545552e-01	3.606260e-01	2.187103e+00
1408	4.280335e-01	4.033953e-01	1.061553e+00
1409	4.854202e-01	4.150605e-01	1.982902e+00
1410	2.813575e-01	4.347636e-01	2.885686e+00
1411	4.306231e-01	4.026577e-01	2.782120e+00
1412	5.726093e-01	3.256361e-01	1.925256e+00
1413	4.752596e-01	4.308066e-01	2.667807e+00
1414	4.558458e-01	3.486238e-01	1.808989e+00
1415	4.752013e-01	3.462490e-01	1.599902e+00
1416	5.069515e-01	5.425000e-01	2.109917e+00
1417	3.961230e-01	4.009687e-01	1.787494e+00
1418	4.962281e-01	5.009190e-01	1.056668e+00
1419	4.537277e-01	4.341793e-01	1.356619e+00
1420	4.026767e-01	3.103613e-01	1.866634e+00
1421	4.634980e-01	3.632273e-01	1.653639e+00
1422	4.476140e-01	5.654277e-01	2.148021e+00
1423	5.143195e-01	4.193532e-01	2.803615e+00
1424	6.876613e-01	3.404260e-01	1.927211e+00
1425	5.619888e-01	3.337045e-01	1.481681e+00
1426	3.347768e-01	3.795340e-01	1.525647e+00
1428	5.082056e-01	4.809471e-01	2.692233e+00
1429	4.738666e-01	3.631427e-01	2.785051e+00
1432	8.822454e-01	3.225024e-01	2.716659e+00
1433	4.562724e-01	3.926260e-01	2.196873e+00
1434	3.425474e-01	3.022968e-01	2.574988e+00
1435	4.413223e-01	3.666973e-01	2.226185e+00
1436	3.720347e-01	4.500270e-01	1.104543e+00
1437	4.032685e-01	4.101915e-01	1.493405e+00
1438	3.975896e-01	4.534844e-01	2.484123e+00
1439	4.125387e-01	3.668189e-01	1.462140e+00
1441	4.207459e-01	2.644192e-01	2.223254e+00
1442	3.937647e-01	3.545081e-01	2.207621e+00
1443	4.289591e-01	5.630246e-01	2.059111e+00
1444	5.917784e-01	4.423635e-01	1.150464e+00
1445	4.438721e-01	6.072080e-01	2.399121e+00
1446	4.035993e-01	5.072984e-01	2.227162e+00
1447	4.669325e-01	2.776728e-01	2.134343e+00
1448	5.558223e-01	4.593174e-01	2.229116e+00
1449	3.365113e-01	4.647367e-01	1.715193e+00
1450	6.009237e-02	3.837747e-01	2.883732e+00
1451	4.617573e-01	4.154371e-01	2.244748e+00
1452	4.171029e-01	3.894208e-01	2.822179e+00
1453	3.985829e-01	3.911316e-01	2.239863e+00
1454	5.540383e-01	2.283192e-01	1.034196e+00
1455	4.889351e-01	1.429855e-01	2.716659e+00
1456	5.721791e-01	3.758081e-01	1.645823e+00
1457	2.954460e-01	4.251288e-01	1.725940e+00
1458	4.442509e-01	4.106463e-01	2.791891e+00
1459	4.468669e-01	3.670132e-01	1.751343e+00
1460	3.480541e-01	5.670331e-01	1.628236e+00
1461	5.463728e-01	4.025392e-01	1.029311e+00
1462	5.532645e-01	3.562953e-01	2.070835e+00
1463	6.250395e-01	4.790051e-01	1.798241e+00
1464	4.257522e-01	4.268507e-01	2.493894e+00
1465	4.896899e-01	4.435315e-01	2.102101e+00
1466	4.390457e-01	4.982629e-01	2.455789e+00
1467	4.175001e-01	4.246138e-01	2.363947e+00
1468	2.941334e-01	2.274525e-01	1.084025e+00
1469	4.788303e-01	3.220948e-01	1.581339e+00
1472	4.621092e-01	3.560866e-01	2.235955e+00
1473	5.190583e-01	4.462071e-01	1.804104e+00
1474	2.940485e-01	1.697208e-01	2.747924e+00
1475	4.215977e-01	3.356291e-01	1.969223e+00
1476	4.529757e-01	4.123695e-01	2.706888e+00
1477	3.774616e-01	6.151354e-01	1.231558e+00
1479	5.603844e-01	5.185277e-01	2.075721e+00
1480	4.566237e-01	1.380989e-01	1.543234e+00
1481	4.512336e-01	4.762581e-01	2.030777e+00
1482	4.350354e-01	3.793299e-01	1.523693e+00
1484	4.666077e-01	4.358848e-01	1.997557e+00
1485	3.309990e-01	4.324265e-01	1.725940e+00
1486	3.754378e-01	4.014940e-01	1.153395e+00
1487	3.951584e-01	4.102618e-01	1.253053e+00
1488	4.920680e-01	4.164908e-01	2.925745e+00
1489	5.491047e-01	5.888434e-01	1.417196e+00
1490	4.897628e-01	1.085675e-01	1.613581e+00
1491	2.899611e-01	4.867023e-01	1.047875e+00
1492	4.022451e-01	4.776813e-01	1.384954e+00
1495	4.407493e-01	4.580716e-01	1.201270e+00
1496	4.293924e-01	3.937154e-01	1.347826e+00
1497	4.263505e-01	2.487835e-01	2.852467e+00
1499	5.305805e-01	1.568611e-01	2.479238e+00
1500	5.202158e-01	3.792205e-01	1.982902e+00
1501	4.597444e-01	3.536609e-01	2.925745e+00
1502	1.196927e-01	5.358792e-01	1.167074e+00
1505	3.074773e-01	1.715463e-01	2.765511e+00
1506	4.314935e-01	3.768389e-01	1.329262e+00
1507	4.949143e-01	2.024225e-01	1.169028e+00
1508	4.563919e-01	4.249562e-01	1.092819e+00
1509	4.511147e-01	3.068220e-01	2.261358e+00
1510	4.992535e-01	3.200360e-01	2.436248e+00
1511	4.992852e-01	4.395541e-01	2.255496e+00
1512	6.134454e-01	2.699215e-01	1.693698e+00
1513	2.866415e-01	4.667386e-01	1.655594e+00
1515	4.475628e-01	3.866417e-01	1.942843e+00
1516	4.308986e-01	3.485804e-01	1.339033e+00
1519	3.122153e-01	1.698354e-01	1.598925e+00
1520	4.317108e-01	4.656913e-01	2.823156e+00
1521	3.588198e-01	4.516597e-01	1.132877e+00
1522	4.242322e-01	3.391372e-01	1.176844e+00
1524	4.250711e-01	4.066865e-01	2.567171e+00
1526	4.311971e-01	5.569374e-01	2.589643e+00
1527	2.955182e-01	4.636092e-02	1.785540e+00
1528	4.490388e-01	3.473100e-01	1.034196e+00
1529	4.287687e-01	4.316156e-01	1.602833e+00
1531	4.881239e-01	3.058430e-01	2.484123e+00
1532	4.206441e-01	3.624181e-01	1.414265e+00
1533	4.236939e-01	3.868796e-01	1.421104e+00
1534	5.429697e-01	3.449929e-01	1.716170e+00
1535	4.222975e-01	5.224203e-01	2.744993e+00
1537	4.254281e-01	3.496541e-01	1.691744e+00
1538	4.047672e-01	4.551891e-01	1.178798e+00
1539	4.251278e-01	4.922910e-01	2.830972e+00
1540	4.315723e-01	3.594350e-01	2.686370e+00
1541	4.061038e-01	4.625055e-01	1.747435e+00
1542	5.650282e-01	3.421462e-01	1.429897e+00
1543	4.442401e-01	4.303309e-01	2.558378e+00
1545	4.178134e-01	4.388685e-01	1.731803e+00
1548	3.907743e-01	5.020397e-01	1.051783e+00
1549	2.996035e-01	2.130622e-01	2.582804e+00
1550	2.212199e-01	7.268195e-01	2.906204e+00
1551	3.044348e-01	3.867554e-01	2.308256e+00
1552	9.608021e-02	3.648961e-01	2.203713e+00
1553	4.232040e-01	3.672910e-01	1.851001e+00
1554	3.541792e-01	4.333308e-01	2.557401e+00
1555	3.271758e-01	3.535412e-01	2.127504e+00
1556	1.500622e-01	3.528443e-01	1.183683e+00
1557	4.245285e-01	3.761574e-01	1.517831e+00
1558	5.061169e-01	2.511898e-01	2.406937e+00
1559	3.826743e-01	3.917563e-01	2.077675e+00
1561	4.274133e-01	3.554951e-01	1.929165e+00
1562	4.245348e-01	3.518235e-01	1.023449e+00
1563	4.043420e-01	4.507093e-01	1.064485e+00
1565	4.365614e-01	3.994222e-01	1.845139e+00
1567	4.638782e-01	4.651360e-01	2.472399e+00
1568	4.738695e-01	2.817901e-01	1.151441e+00
1569	4.300872e-01	4.355253e-01	2.558378e+00
1570	2.450224e-01	7.722024e-01	2.004397e+00
1572	4.207413e-01	4.555137e-01	1.558867e+00
1573	4.411728e-01	3.453205e-01	2.801661e+00
1574	4.347526e-01	3.495113e-01	2.544700e+00
1575	4.209067e-01	3.964723e-01	1.345872e+00
1576	4.269552e-01	4.088639e-01	1.686859e+00
1577	5.728129e-01	3.153904e-01	2.725452e+00
1579	4.721983e-01	4.400857e-01	1.786517e+00
1580	4.793167e-01	5.913763e-01	2.437225e+00
1581	4.038698e-01	4.201247e-01	2.128481e+00
1583	4.899199e-01	2.376465e-01	1.586224e+00
1584	3.909861e-01	4.801539e-01	1.923302e+00
1586	3.917797e-01	4.793429e-01	1.829507e+00
1587	4.891177e-01	2.401187e-01	2.114802e+00
1588	4.612060e-01	4.003171e-01	1.063508e+00
1589	4.290904e-01	4.348794e-01	2.355154e+00
1590	4.028952e-01	4.432597e-01	2.793845e+00
1591	2.636371e-01	7.558027e-01	2.389350e+00
1593	5.329783e-01	2.901249e-01	2.190034e+00
1594	2.526022e-01	7.650987e-01	1.904739e+00
1595	4.578216e-01	3.689120e-01	1.589155e+00
1596	4.621915e-01	3.611457e-01	2.608207e+00
1597	4.356089e-01	3.888320e-01	1.751343e+00
1598	4.139265e-01	4.326205e-01	1.317538e+00
1599	4.293947e-01	4.637208e-01	2.326820e+00
1600	3.330941e-01	6.693566e-01	2.483146e+00
1601	4.846605e-01	6.404458e-01	2.167562e+00
1602	3.560371e-01	4.766751e-01	2.565217e+00
1603	4.174445e-01	3.835388e-01	2.701026e+00
1604	4.022764e-01	4.544634e-01	2.196873e+00
1605	3.467528e-01	3.948896e-01	2.236932e+00
1606	5.260413e-01	5.925096e-01	1.756229e+00
1607	4.169018e-01	5.386690e-01	2.469468e+00
1608	2.606766e-01	7.696160e-01	2.740107e+00
1609	5.238176e-01	2.160041e-01	2.376649e+00
1610	6.224906e-01	2.064067e-01	1.635076e+00
1611	3.930129e-01	4.683046e-01	1.985833e+00
1612	4.030958e-01	4.232170e-01	2.683439e+00
1613	4.260625e-01	3.984698e-01	2.635564e+00
1615	4.339151e-01	4.624721e-01	2.240840e+00
1616	3.311936e-01	5.136017e-01	2.932584e+00
1618	4.421106e-01	3.961029e-01	1.688813e+00
1620	4.419577e-01	4.141105e-01	2.625794e+00
1621	4.174715e-01	3.792315e-01	1.874450e+00
1623	4.297691e-01	3.664496e-01	1.112360e+00
1624	3.987277e-01	2.688303e-01	2.001466e+00
1625	2.776977e-01	5.515678e-01	2.370787e+00
1626	4.755399e-01	2.319998e-01	2.454812e+00
1627	4.294483e-01	3.661699e-01	2.880801e+00
1629	5.136742e-01	2.836956e-01	2.137274e+00
1630	4.135168e-01	4.233545e-01	1.475818e+00
1633	4.675258e-01	2.789639e-01	2.905227e+00
1634	4.392578e-01	3.945806e-01	2.163654e+00
1635	4.566101e-01	3.771194e-01	2.358085e+00
1637	3.863110e-01	4.662163e-01	2.169516e+00
1638	4.302032e-01	4.032739e-01	1.574499e+00
1639	5.102562e-01	5.416408e-01	2.104055e+00
1640	4.355063e-01	3.798417e-01	1.770884e+00
1641	2.204674e-01	7.003018e-01	2.212506e+00
1642	4.645705e-01	5.751452e-01	1.830484e+00
1643	4.057912e-01	4.150998e-01	2.361993e+00
1644	3.579055e-01	4.635652e-01	1.606742e+00
1646	4.556901e-01	3.610964e-01	1.875427e+00
1647	4.368985e-01	3.956220e-01	2.490962e+00
1648	3.779041e-01	4.883808e-01	1.409380e+00
1649	4.039262e-01	4.823615e-01	2.132389e+00
1650	1.644249e-01	5.608003e-01	1.424035e+00
1652	4.372843e-01	3.885792e-01	1.721055e+00
1653	4.370271e-01	3.789443e-01	1.192477e+00
1654	3.992078e-01	4.165704e-01	1.812897e+00
1655	4.938647e-01	4.218905e-01	1.871519e+00
1656	4.271653e-01	3.815754e-01	2.771373e+00
1657	5.090863e-01	3.520431e-01	2.809477e+00
1658	3.886311e-01	5.016741e-01	2.176356e+00
1659	3.718433e-01	5.730325e-01	2.525159e+00
1660	2.652398e-01	2.991146e-01	2.669761e+00
1661	4.340255e-01	3.803868e-01	1.865657e+00
1664	3.413732e-01	3.331211e-01	2.751832e+00
1665	4.528863e-01	2.846066e-01	2.413776e+00
1666	4.693219e-01	5.007732e-01	2.827064e+00
1667	3.511382e-01	2.957537e-01	2.991207e+00
1669	4.221993e-01	3.102945e-01	2.843674e+00
1670	3.906816e-01	4.358140e-01	2.480215e+00
1672	5.634402e-01	5.687973e-01	1.798241e+00
1673	4.319778e-01	3.855170e-01	2.852467e+00
1675	4.061755e-01	4.049923e-01	2.756717e+00
1679	4.959801e-01	7.686765e-02	1.263801e+00
1681	2.494125e-01	7.688853e-01	1.905716e+00
1682	4.467893e-01	4.607640e-01	2.451881e+00
1688	4.859326e-01	4.228431e-01	1.087934e+00
1689	2.454811e-01	7.749501e-01	1.141671e+00
1691	5.074108e-01	3.416798e-01	2.122618e+00
1692	3.689040e-01	2.992079e-01	1.519785e+00
1693	4.750353e-01	3.920200e-01	1.455300e+00
1694	3.976489e-01	3.893405e-01	2.119687e+00
1695	5.548942e-01	1.927727e-01	1.228627e+00
1696	3.830767e-01	4.470967e-01	1.396678e+00
1697	4.796120e-01	5.266437e-01	2.823156e+00
1698	4.702653e-01	3.409500e-01	1.030288e+00
1699	4.159019e-01	3.572618e-01	1.604787e+00
1700	5.409850e-01	1.211817e-01	2.290669e+00
1701	3.272176e-01	5.177612e-01	2.669761e+00
1703	3.950602e-01	3.900434e-01	1.828530e+00
1704	4.802332e-01	3.705766e-01	2.141182e+00
1705	4.179864e-01	3.954769e-01	1.916463e+00
1706	3.918750e-01	3.035271e-01	1.868588e+00
1707	3.887709e-01	3.767703e-01	1.210064e+00
1708	4.410672e-01	3.517458e-01	1.056668e+00
1710	5.576111e-01	2.950763e-01	2.385442e+00
1711	4.637822e-01	4.423711e-01	1.733757e+00
1712	4.134947e-01	3.888473e-01	1.249145e+00
1714	4.360620e-01	4.556681e-01	2.191011e+00
1715	4.072614e-01	3.840112e-01	2.391304e+00
1717	7.323450e-01	3.258373e-01	2.142159e+00
1718	4.586759e-01	4.632948e-01	1.539326e+00
1719	4.345018e-01	2.445465e-01	2.917929e+00
1720	2.099107e-01	6.861598e-01	1.940889e+00
1722	2.381440e-01	4.962136e-01	1.871519e+00
1723	4.376106e-01	3.762344e-01	2.197851e+00
1725	3.808998e-01	3.974013e-01	1.103566e+00
1726	4.239109e-01	4.458067e-01	2.199805e+00
1727	4.445777e-01	3.421165e-01	2.901319e+00
1728	2.764660e-01	5.352491e-01	2.394235e+00
1729	3.010498e-01	5.391476e-01	2.729360e+00
1731	4.777835e-01	4.799440e-01	2.066927e+00
1732	3.898404e-01	4.718374e-01	1.179775e+00
1733	3.856718e-01	3.393572e-01	2.250611e+00
1735	5.704903e-01	3.125365e-01	1.398632e+00
1736	4.903081e-01	6.282161e-01	1.000000e+00
1737	4.105275e-01	4.065872e-01	1.929165e+00
1738	4.224947e-01	3.864410e-01	1.326331e+00
1739	4.176751e-01	4.039452e-01	2.799707e+00
1740	5.213163e-01	3.218067e-01	1.210064e+00
1742	2.516781e-01	5.534152e-01	1.741573e+00
1743	4.305717e-01	3.465650e-01	1.858818e+00
1744	4.179354e-01	3.811875e-01	1.612604e+00
1745	1.761159e-01	6.182805e-01	1.720078e+00
1746	4.154516e-01	4.327519e-01	2.707865e+00
1747	4.172184e-01	4.230699e-01	2.856375e+00
1749	4.950393e-01	5.296617e-01	1.605765e+00
1750	4.135532e-01	3.899731e-01	1.273571e+00
1751	4.825933e-01	6.049264e-01	2.294577e+00
1752	4.408588e-01	4.059671e-01	2.261358e+00
1753	4.120647e-01	3.870999e-01	2.146067e+00
1754	4.408845e-01	4.741894e-01	1.349780e+00
1756	3.802341e-01	3.836815e-01	1.849047e+00
1757	4.325372e-01	4.014166e-01	2.970689e+00
1758	4.102041e-01	3.850480e-01	1.912555e+00
1759	4.504580e-01	3.591402e-01	2.725452e+00
1760	3.722344e-01	3.316625e-01	2.416707e+00
1761	4.365250e-01	3.775352e-01	2.902296e+00
1762	4.776222e-01	4.056212e-01	1.231558e+00
1763	4.048226e-01	4.020422e-01	2.010259e+00
1764	4.597255e-01	4.730040e-01	1.864680e+00
1765	4.558733e-01	3.957456e-01	1.401563e+00
1766	4.683646e-01	3.933071e-01	1.619443e+00
1767	6.625131e-01	3.182486e-01	2.412799e+00
1769	3.588649e-01	3.882907e-01	2.468490e+00
1770	4.517728e-01	4.128092e-01	2.504641e+00
1771	4.416039e-01	3.680045e-01	1.830484e+00
1772	4.471905e-01	3.914889e-01	2.949194e+00
1773	4.475306e-01	3.613798e-01	2.943332e+00
1774	4.543984e-01	3.608675e-01	2.629702e+00
1775	4.621933e-01	3.186020e-01	1.385931e+00
1776	3.901240e-01	4.282688e-01	1.112360e+00
1777	4.372328e-01	4.645865e-01	1.168051e+00
1778	4.997042e-01	3.733135e-01	1.044944e+00
1779	4.365726e-01	2.630359e-01	1.571568e+00
1781	4.121002e-01	4.036420e-01	1.047875e+00
1782	7.288607e-01	1.578267e-01	1.669272e+00
1784	4.000236e-01	3.058698e-01	1.018564e+00
1785	4.090771e-01	4.372565e-01	1.857841e+00
1786	4.505042e-01	3.928412e-01	1.878359e+00
1787	4.045209e-01	3.875695e-01	2.875916e+00
1788	4.552717e-01	3.560644e-01	1.488520e+00
1789	4.418018e-01	3.874854e-01	2.688324e+00
1790	3.333067e-01	4.494076e-01	2.486077e+00
1791	3.205615e-01	3.534950e-01	2.162677e+00
1792	3.370222e-01	3.008470e-01	1.360528e+00
1794	5.213252e-01	3.949573e-01	1.508061e+00
1795	4.755150e-01	4.465733e-01	2.316072e+00
1796	4.517825e-01	4.174710e-01	2.488031e+00
1798	5.127010e-01	3.729350e-01	1.824621e+00
1799	4.149757e-01	4.248381e-01	1.745481e+00
1800	4.417719e-01	3.705502e-01	1.765999e+00
1801	3.490302e-01	4.613668e-01	1.366390e+00
1802	4.026471e-01	3.960152e-01	2.291646e+00
1803	4.101637e-01	4.322648e-01	1.470933e+00
1804	4.415763e-01	3.870846e-01	1.059599e+00
1805	4.324097e-01	4.069648e-01	2.897411e+00
1806	4.571905e-01	3.897745e-01	1.231558e+00
1807	4.909418e-01	3.240618e-01	2.143136e+00
1808	3.843126e-01	3.908226e-01	1.388862e+00
1809	3.876440e-01	4.161472e-01	1.999511e+00
1811	4.718556e-01	4.053098e-01	1.197362e+00
1812	4.143950e-01	5.158490e-01	2.679531e+00
1813	4.598642e-01	3.660021e-01	2.245725e+00
1814	3.858093e-01	2.753681e-01	1.915486e+00
1815	3.654534e-01	4.072755e-01	2.346361e+00
1816	7.927743e-01	2.545971e-01	2.593552e+00
1817	8.434340e-01	1.712549e-01	2.326820e+00
1818	4.807886e-01	3.630733e-01	2.955056e+00
1819	4.395997e-01	3.852685e-01	1.663410e+00
1820	4.057764e-01	5.497266e-01	2.957010e+00
1821	3.473849e-01	3.350791e-01	2.559355e+00
1822	4.876494e-01	4.245033e-01	2.618955e+00
1823	4.042965e-01	3.743271e-01	1.780655e+00
1824	4.165353e-01	5.397655e-01	2.787982e+00
1826	6.644318e-01	5.461062e-01	1.094773e+00
1827	5.360318e-01	3.521152e-01	1.476795e+00
1828	4.397606e-01	3.852119e-01	1.010747e+00
1829	4.118380e-01	3.914327e-01	1.276502e+00
1831	4.061099e-01	4.049164e-01	1.608696e+00
1833	4.313243e-01	3.325579e-01	1.189546e+00
1834	4.629647e-01	3.703881e-01	2.732291e+00
1835	4.571759e-01	3.156182e-01	2.303371e+00
1836	4.068560e-01	3.904576e-01	2.413776e+00
1837	4.229915e-01	4.177335e-01	2.876893e+00
1838	4.729999e-01	3.618446e-01	2.563263e+00
1839	4.375434e-01	3.162888e-01	2.039570e+00
1840	4.257583e-01	3.643996e-01	1.436737e+00
1841	4.481956e-01	3.431443e-01	1.738642e+00
1842	4.085741e-01	3.580916e-01	2.044455e+00
1845	3.941050e-01	3.706428e-01	2.982413e+00
1846	4.292227e-01	4.205673e-01	1.203224e+00
1847	3.839565e-01	3.227274e-01	2.955056e+00
1848	4.363602e-01	3.919896e-01	1.524670e+00
1850	4.488071e-01	4.057480e-01	1.996580e+00
1851	3.726520e-01	3.464202e-01	2.945286e+00
1852	4.684894e-01	3.454909e-01	1.991695e+00
1853	4.107883e-01	4.058838e-01	2.442110e+00
1854	4.435462e-01	4.242627e-01	1.477772e+00
1855	3.924218e-01	4.271142e-01	2.906204e+00
1856	4.423700e-01	4.795564e-01	1.423058e+00
1857	4.745468e-01	4.371993e-01	2.446019e+00
1858	4.171188e-01	4.203942e-01	2.860283e+00
1859	3.617972e-01	4.523387e-01	1.522716e+00
1860	4.551986e-01	4.040910e-01	1.331216e+00
1861	3.592033e-01	4.053431e-01	2.446019e+00
1862	4.617583e-01	4.680989e-01	2.095261e+00
1863	5.795748e-01	2.732432e-01	1.073278e+00
1864	5.023779e-01	2.197815e-01	2.543723e+00
1865	3.862488e-01	4.725837e-01	2.876893e+00
1866	4.480901e-01	4.828154e-01	2.031754e+00
1867	6.724801e-01	2.562912e-01	1.949682e+00
1869	3.675402e-01	3.636816e-01	1.577430e+00
1870	4.012463e-01	4.061936e-01	1.871519e+00
1871	4.830987e-01	3.928252e-01	2.033708e+00
1873	5.461173e-01	4.919619e-01	1.762091e+00
1876	3.902753e-01	3.742290e-01	2.788959e+00
1877	3.982562e-01	4.682195e-01	2.095261e+00
1878	3.751453e-01	3.526620e-01	1.627259e+00
1879	4.594653e-01	5.016892e-01	1.503175e+00
1880	4.737151e-01	4.171094e-01	1.068393e+00
1881	4.479336e-01	3.404391e-01	1.710308e+00
1883	4.227561e-01	4.072307e-01	2.123596e+00
1885	4.308363e-01	2.666485e-01	2.962872e+00
1886	3.943039e-01	3.674782e-01	1.183683e+00
1888	4.476853e-01	3.565166e-01	2.475330e+00
1889	4.439544e-01	3.522027e-01	1.297020e+00
1890	4.170759e-01	5.519186e-01	1.260870e+00
1891	4.512386e-01	5.425499e-01	1.263801e+00
1893	4.334832e-01	3.582158e-01	1.933073e+00
1894	4.745442e-01	4.219112e-01	1.526624e+00
1895	4.317366e-01	4.669491e-01	1.105520e+00
1896	4.222012e-01	4.430501e-01	2.816317e+00
1897	4.315029e-01	3.719892e-01	2.696141e+00
1898	4.183035e-01	4.405115e-01	1.474841e+00
1899	4.877573e-01	4.465768e-01	2.859306e+00
1900	4.088486e-01	3.420673e-01	1.519785e+00
1901	4.558036e-01	3.558742e-01	2.446019e+00
1902	4.408241e-01	3.422132e-01	1.817782e+00
1903	4.287868e-01	4.146762e-01	1.013679e+00
1904	3.752057e-01	3.461687e-01	1.638007e+00
1905	4.287213e-01	3.985682e-01	2.997069e+00
1906	3.938887e-01	4.449027e-01	1.389839e+00
1907	4.855966e-01	4.013958e-01	1.948705e+00
1908	4.628405e-01	3.505335e-01	2.619932e+00
1909	2.869320e-01	5.190598e-01	2.633610e+00
1910	4.637269e-01	4.444320e-01	2.318026e+00
1911	3.244833e-01	3.708499e-01	1.742550e+00
1912	3.958455e-01	4.625942e-01	1.553981e+00
1913	3.223791e-01	3.520511e-01	2.149976e+00
1914	4.409950e-01	3.165312e-01	2.257450e+00
1916	4.225846e-01	4.301788e-01	1.829507e+00
1917	4.184181e-01	3.725725e-01	1.479726e+00
1918	3.214059e-01	4.486821e-01	1.658525e+00
1919	3.881715e-01	4.728706e-01	2.940401e+00
1921	4.928356e-01	4.170757e-01	1.195408e+00
1924	4.273723e-01	4.217802e-01	2.025892e+00
1925	4.340210e-01	3.769368e-01	2.963850e+00
1926	4.392666e-01	3.377341e-01	1.262824e+00
1927	4.544142e-01	4.189440e-01	2.477284e+00
1928	5.046028e-01	3.550204e-01	2.143136e+00
1929	4.094527e-01	3.681271e-01	2.845628e+00
1930	4.466386e-01	3.257924e-01	2.635564e+00
1931	4.185472e-01	3.916445e-01	1.175867e+00
1932	3.478735e-01	4.147194e-01	1.395701e+00
1933	4.000405e-01	3.729684e-01	1.111383e+00
1935	4.821031e-01	3.277148e-01	1.350757e+00
1936	3.997051e-01	4.081410e-01	2.987298e+00
1937	5.800878e-01	3.388152e-01	2.147044e+00
1938	3.222910e-01	3.752488e-01	2.690278e+00
1939	5.142662e-01	2.783004e-01	1.000000e+00
1940	6.373054e-01	2.271267e-01	1.562775e+00
1942	4.315906e-01	3.592803e-01	1.668295e+00
1943	3.467221e-01	5.315947e-01	2.642404e+00
1944	4.282147e-01	4.221934e-01	2.163654e+00
1945	4.431651e-01	4.208166e-01	1.211041e+00
1946	4.675741e-01	4.789857e-01	1.884221e+00
1947	4.037094e-01	3.554168e-01	2.262335e+00
1948	4.785470e-01	7.323182e-01	2.043478e+00
1949	4.121978e-01	4.194945e-01	1.333170e+00
1950	4.989937e-01	4.306208e-01	2.424524e+00
1951	4.729167e-01	4.156866e-01	1.144602e+00
1952	4.571553e-01	3.863802e-01	2.230093e+00
1953	4.408136e-01	3.589563e-01	2.595506e+00
1954	4.501091e-01	3.598260e-01	2.329751e+00
1955	5.358248e-01	4.418876e-01	2.636541e+00
1956	4.279762e-01	4.188424e-01	2.558378e+00
1957	5.642184e-01	2.982099e-01	1.717147e+00
1958	3.880092e-01	4.577836e-01	2.232047e+00
1959	4.806912e-01	3.514040e-01	1.036150e+00
1960	4.365375e-01	3.385775e-01	2.845628e+00
1961	3.457186e-01	4.561265e-01	2.192965e+00
1962	4.495362e-01	3.899286e-01	1.635076e+00
1963	4.395525e-01	4.982386e-01	1.007816e+00
1964	4.132633e-01	4.330713e-01	2.829018e+00
1965	4.493817e-01	4.356190e-01	2.870054e+00
1966	4.492812e-01	3.717095e-01	2.025892e+00
1967	5.538157e-01	3.307755e-01	1.664387e+00
1968	4.801965e-01	4.594975e-01	2.305325e+00
1969	4.476740e-01	3.508996e-01	2.175379e+00
1970	5.487592e-01	3.342715e-01	2.854421e+00
1971	4.125926e-01	3.957446e-01	1.525647e+00
1972	3.902987e-01	4.247591e-01	2.506595e+00
1973	3.945056e-01	3.223356e-01	2.637518e+00
1974	4.462733e-01	3.992101e-01	2.601368e+00
1975	4.185230e-01	4.378451e-01	2.133366e+00
1976	4.380986e-01	3.774744e-01	2.921837e+00
1977	4.359943e-01	4.230115e-01	1.173913e+00
1978	4.362438e-01	4.919316e-01	1.781632e+00
1979	3.531077e-01	3.091281e-01	1.233512e+00
1980	5.529175e-01	2.872040e-01	1.523693e+00
1981	4.135476e-01	4.681783e-01	2.863214e+00
1983	4.724998e-01	3.693849e-01	2.804592e+00
1984	3.577758e-01	4.110434e-01	1.785540e+00
1986	4.414644e-01	4.034080e-01	2.790914e+00
1987	5.491286e-01	2.987433e-01	1.049829e+00
1988	5.643810e-01	4.003535e-01	2.826087e+00
1989	4.224888e-01	4.328419e-01	1.035173e+00
1990	4.672058e-01	3.806694e-01	2.361016e+00
1991	3.926123e-01	3.442295e-01	1.872496e+00
1992	2.472347e-01	2.061898e-01	2.494871e+00
1993	5.294099e-01	3.990179e-01	2.837811e+00
1994	5.385655e-01	3.824938e-01	2.229116e+00
1995	3.930454e-01	4.216625e-01	1.886175e+00
1996	4.186604e-01	4.241540e-01	1.172936e+00
1997	4.040644e-01	3.960314e-01	2.301417e+00
1998	6.071182e-01	3.720984e-01	2.276014e+00
1999	4.660963e-01	3.366912e-01	2.713727e+00
1999	4.660963e-01	3.366912e-01	2.713727e+00
1999	4.660963e-01	3.366912e-01	2.713727e+00
1999	4.660963e-01	3.366912e-01	2.713727e+00
1999	4.660963e-01	3.366912e-01	2.713727e+00
1999	4.660963e-01	3.366912e-01	2.713727e+00
1999	4.660963e-01	3.366912e-01	2.713727e+00
1999	4.660963e-01	3.366912e-01	2.713727e+00
1999	4.660963e-01	3.366912e-01	2.713727e+00
1999	4.660963e-01	3.366912e-01	2.713727e+00
1999	4.660963e-01	3.366912e-01	2.713727e+00
1999	4.660963e-01	3.366912e-01	2.713727e+00
1999	4.660963e-01	3.366912e-01	2.713727e+00
1999	4.660963e-01	3.366912e-01	2.713727e+00
1999	4.660963e-01	3.366912e-01	2.713727e+00
1999	4.660963e-01	3.366912e-01	2.713727e+00
1999	4.660963e-01	3.366912e-01	2.713727e+00
1999	4.660963e-01	3.366912e-01	2.713727e+00
1999	4.660963e-01	3.366912e-01	2.713727e+00
1999	4.660963e-01	3.366912e-01	2.713727e+00
1999	4.660963e-01	3.366912e-01	2.713727e+00
1999	4.660963e-01	3.366912e-01	2.713727e+00
1999	4.660963e-01	3.366912e-01	2.713727e+00
1999	4.660963e-01	3.366912e-01	2.713727e+00
1999	4.660963e-01	3.366912e-01	2.713727e+00
1999	4.660963e-01	3.366912e-01	2.713727e+00
1999	4.660963e-01	3.366912e-01	2.713727e+00
1999	4.660963e-01	3.366912e-01	2.713727e+00
1999	4.660963e-01	3.366912e-01	2.713727e+00
1999	4.660963e-01	3.366912e-01	2.713727e+00
1999	4.660963e-01	3.366912e-01	2.713727e+00
1999	4.660963e-01	3.366912e-01	2.713727e+00
1999	4.660963e-01	3.366912e-01	2.713727e+00
1999	4.660963e-01	3.366912e-01	2.713727e+00
1999	4.660963e-01	3.366912e-01	2.713727e+00
1999	4.660963e-01	3.366912e-01	2.713727e+00
1999	4.660963e-01	3.366912e-01	2.713727e+00
1999	4.660963e-01	3.366912e-01	2.713727e+00
1999	4.660963e-01	3.366912e-01	2.713727e+00
1999	4.660963e-01	3.366912e-01	2.713727e+00
1999	4.660963e-01	3.366912e-01	2.713727e+00
1999	4.660963e-01	3.366912e-01	2.713727e+00
1999	4.660963e-01	3.366912e-01	2.713727e+00
1999	4.660963e-01	3.366912e-01	2.713727e+00
1999	4.660963e-01	3.366912e-01	2.713727e+00
1999	4.660963e-01	3.366912e-01	2.713727e+00
1999	4.660963e-01	3.366912e-01	2.713727e+00
1999	4.660963e-01	3.366912e-01	2.713727e+00
1999	4.660963e-01	3.366912e-01	2.713727e+00
1999	4.660963e-01	3.366912e-01	2.713727e+00
1999	4.660963e-01	3.366912e-01	2.713727e+00
1999	4.660963e-01	3.366912e-01	2.713727e+00
1999	4.660963e-01	3.366912e-01	2.713727e+00
1999	4.660963e-01	3.366912e-01	2.713727e+00
1999	4.660963e-01	3.366912e-01	2.713727e+00
1999	4.660963e-01	3.366912e-01	2.713727e+00
1999	4.660963e-01	3.366912e-01	2.713727e+00
1999	4.660963e-01	3.366912e-01	2.713727e+00
1999	4.660963e-01	3.366912e-01	2.713727e+00
1999	4.660963e-01	3.366912e-01	2.713727e+00
1999	4.660963e-01	3.366912e-01	2.713727e+00
1999	4.660963e-01	3.366912e-01	2.713727e+00
1999	4.660963e-01	3.366912e-01	2.713727e+00
1999	4.660963e-01	3.366912e-01	2.713727e+00
1999	4.660963e-01	3.366912e-01	2.713727e+00
1999	4.660963e-01	3.366912e-01	2.713727e+00
1999	4.660963e-01	3.366912e-01	2.713727e+00
1999	4.660963e-01	3.366912e-01	2.713727e+00
1999	4.660963e-01	3.366912e-01	2.713727e+00
1999	4.660963e-01	3.366912e-01	2.713727e+00
1999	4.660963e-01	3.366912e-01	2.713727e+00
1999	4.660963e-01	3.366912e-01	2.713727e+00
1999	4.660963e-01	3.366912e-01	2.713727e+00
1999	4.660963e-01	3.366912e-01	2.713727e+00
1999	4.660963e-01	3.366912e-01	2.713727e+00
1999	4.660963e-01	3.366912e-01	2.713727e+00
1999	4.660963e-01	3.366912e-01	2.713727e+00
1999	4.660963e-01	3.366912e-01	2.713727e+00
1999	4.660963e-01	3.366912e-01	2.713727e+00
1999	4.660963e-01	3.366912e-01	2.713727e+00
1999	4.660963e-01	3.366912e-01	2.713727e+00
1999	4.660963e-01	3.366912e-01	2.713727e+00
1999	4.660963e-01	3.366912e-01	2.713727e+00
1999	4.660963e-01	3.366912e-01	2.713727e+00
1999	4.660963e-01	3.366912e-01	2.713727e+00
1999	4.660963e-01	3.366912e-01	2.713727e+00
1999	4.660963e-01	3.366912e-01	2.713727e+00
1999	4.660963e-01	3.366912e-01	2.713727e+00
1999	4.660963e-01	3.366912e-01	2.713727e+00
1999	4.660963e-01	3.366912e-01	2.713727e+00
1999	4.660963e-01	3.366912e-01	2.713727e+00
1999	4.660963e-01	3.366912e-01	2.713727e+00
1999	4.660963e-01	3.366912e-01	2.713727e+00
1999	4.660963e-01	3.366912e-01	2.713727e+00
1999	4.660963e-01	3.366912e-01	2.713727e+00
1999	4.660963e-01	3.366912e-01	2.713727e+00
1999	4.660963e-01	3.366912e-01	2.713727e+00
1999	4.660963e-01	3.366912e-01	2.713727e+00
1999	4.660963e-01	3.366912e-01	2.713727e+00
1999	4.660963e-01	3.366912e-01	2.713727e+00
1999	4.660963e-01	3.366912e-01	2.713727e+00
1999	4.660963e-01	3.366912e-01	2.713727e+00
1999	4.660963e-01	3.366912e-01	2.713727e+00
1999	4.660963e-01	3.366912e-01	2.713727e+00
1999	4.660963e-01	3.366912e-01	2.713727e+00
1999	4.660963e-01	3.366912e-01	2.713727e+00
1999	4.660963e-01	3.366912e-01	2.713727e+00
1999	4.660963e-01	3.366912e-01	2.713727e+00
1999	4.660963e-01	3.366912e-01	2.713727e+00
1999	4.660963e-01	3.366912e-01	2.713727e+00
1999	4.660963e-01	3.366912e-01	2.713727e+00
1999	4.660963e-01	3.366912e-01	2.713727e+00
1999	4.660963e-01	3.366912e-01	2.713727e+00
1999	4.660963e-01	3.366912e-01	2.713727e+00
1999	4.660963e-01	3.366912e-01	2.713727e+00
1999	4.660963e-01	3.366912e-01	2.713727e+00
1999	4.660963e-01	3.366912e-01	2.713727e+00
1999	4.660963e-01	3.366912e-01	2.713727e+00
1999	4.660963e-01	3.366912e-01	2.713727e+00
1999	4.660963e-01	3.366912e-01	2.713727e+00
1999	4.660963e-01	3.366912e-01	2.713727e+00
1999	4.660963e-01	3.366912e-01	2.713727e+00
1999	4.660963e-01	3.366912e-01	2.713727e+00
1999	4.660963e-01	3.366912e-01	2.713727e+00
1999	4.660963e-01	3.366912e-01	2.713727e+00
1999	4.660963e-01	3.366912e-01	2.713727e+00
1999	4.660963e-01	3.366912e-01	2.713727e+00
1999	4.660963e-01	3.366912e-01	2.713727e+00
1999	4.660963e-01	3.366912e-01	2.713727e+00
1999	4.660963e-01	3.366912e-01	2.713727e+00
1999	4.660963e-01	3.366912e-01	2.713727e+00
1999	4.660963e-01	3.366912e-01	2.713727e+00
1999	4.660963e-01	3.366912e-01	2.713727e+00
1999	4.660963e-01	3.366912e-01	2.713727e+00
1999	4.660963e-01	3.366912e-01	2.713727e+00
1999	4.660963e-01	3.366912e-01	2.713727e+00
1999	4.660963e-01	3.366912e-01	2.713727e+00
1999	4.660963e-01	3.366912e-01	2.713727e+00
1999	4.660963e-01	3.366912e-01	2.713727e+00
1999	4.660963e-01	3.366912e-01	2.713727e+00
1999	4.660963e-01	3.366912e-01	2.713727e+00
1999	4.660963e-01	3.366912e-01	2.713727e+00
1999	4.660963e-01	3.366912e-01	2.713727e+00
1999	4.660963e-01	3.366912e-01	2.713727e+00
1999	4.660963e-01	3.366912e-01	2.713727e+00
1999	4.660963e-01	3.366912e-01	2.713727e+00
1999	4.660963e-01	3.366912e-01	2.713727e+00
1999	4.660963e-01	3.366912e-01	2.713727e+00
1999	4.660963e-01	3.366912e-01	2.713727e+00
1999	4.660963e-01	3.366912e-01	2.713727e+00
1999	4.660963e-01	3.366912e-01	2.713727e+00
1999	4.660963e-01	3.366912e-01	2.713727e+00
1999	4.660963e-01	3.366912e-01	2.713727e+00
1999	4.660963e-01	3.366912e-01	2.713727e+00
1999	4.660963e-01	3.366912e-01	2.713727e+00
1999	4.660963e-01	3.366912e-01	2.713727e+00
1999	4.660963e-01	3.366912e-01	2.713727e+00
1999	4.660963e-01	3.366912e-01	2.713727e+00
1999	4.660963e-01	3.366912e-01	2.713727e+00
1999	4.660963e-01	3.366912e-01	2.713727e+00
1999	4.660963e-01	3.366912e-01	2.713727e+00
1999	4.660963e-01	3.366912e-01	2.713727e+00
1999	4.660963e-01	3.366912e-01	2.713727e+00
1999	4.660963e-01	3.366912e-01	2.713727e+00
1999	4.660963e-01	3.366912e-01	2.713727e+00
1999	4.660963e-01	3.366912e-01	2.713727e+00
1999	4.660963e-01	3.366912e-01	2.713727e+00
1999	4.660963e-01	3.366912e-01	2.713727e+00
1999	4.660963e-01	3.366912e-01	2.713727e+00
1999	4.660963e-01	3.366912e-01	2.713727e+00
1999	4.660963e-01	3.366912e-01	2.713727e+00
1999	4.660963e-01	3.366912e-01	2.713727e+00
1999	4.660963e-01	3.366912e-01	2.713727e+00
1999	4.660963e-01	3.366912e-01	2.713727e+00
1999	4.660963e-01	3.366912e-01	2.713727e+00
1999	4.660963e-01	3.366912e-01	2.713727e+00
1999	4.660963e-01	3.366912e-01	2.713727e+00
1999	4.660963e-01	3.366912e-01	2.713727e+00
1999	4.660963e-01	3.366912e-01	2.713727e+00
1999	4.660963e-01	3.366912e-01	2.713727e+00
1999	4.660963e-01	3.366912e-01	2.713727e+00
1999	4.660963e-01	3.366912e-01	2.713727e+00
1999	4.660963e-01	3.366912e-01	2.713727e+00
1999	4.660963e-01	3.366912e-01	2.713727e+00
1999	4.660963e-01	3.366912e-01	2.713727e+00
1999	4.660963e-01	3.366912e-01	2.713727e+00
1999	4.660963e-01	3.366912e-01	2.713727e+00
1999	4.660963e-01	3.366912e-01	2.713727e+00
1999	4.660963e-01	3.366912e-01	2.713727e+00
1999	4.660963e-01	3.366912e-01	2.713727e+00
1999	4.660963e-01	3.366912e-01	2.713727e+00
1999	4.660963e-01	3.366912e-01	2.713727e+00
1999	4.660963e-01	3.366912e-01	2.713727e+00
1999	4.660963e-01	3.366912e-01	2.713727e+00
1999	4.660963e-01	3.366912e-01	2.713727e+00
1999	4.660963e-01	3.366912e-01	2.713727e+00
1999	4.660963e-01	3.366912e-01	2.713727e+00
1999	4.660963e-01	3.366912e-01	2.713727e+00
1999	4.660963e-01	3.366912e-01	2.713727e+00
1999	4.660963e-01	3.366912e-01	2.713727e+00
1999	4.660963e-01	3.366912e-01	2.713727e+00
1999	4.660963e-01	3.366912e-01	2.713727e+00
1999	4.660963e-01	3.366912e-01	2.713727e+00
1999	4.660963e-01	3.366912e-01	2.713727e+00
1999	4.660963e-01	3.366912e-01	2.713727e+00
1999	4.660963e-01	3.366912e-01	2.713727e+00
1999	4.660963e-01	3.366912e-01	2.713727e+00
1999	4.660963e-01	3.366912e-01	2.713727e+00
1999	4.660963e-01	3.366912e-01	2.713727e+00
1999	4.660963e-01	3.366912e-01	2.713727e+00
1999	4.660963e-01	3.366912e-01	2.713727e+00
1999	4.660963e-01	3.366912e-01	2.713727e+00
1999	4.660963e-01	3.366912e-01	2.713727e+00
1999	4.660963e-01	3.366912e-01	2.713727e+00
1999	4.660963e-01	3.366912e-01	2.713727e+00
1999	4.660963e-01	3.366912e-01	2.713727e+00
1999	4.660963e-01	3.366912e-01	2.713727e+00
1999	4.660963e-01	3.366912e-01	2.713727e+00
1999	4.660963e-01	3.366912e-01	2.713727e+00
1999	4.660963e-01	3.366912e-01	2.713727e+00
1999	4.660963e-01	3.366912e-01	2.713727e+00
1999	4.660963e-01	3.366912e-01	2.713727e+00
1999	4.660963e-01	3.366912e-01	2.713727e+00
1999	4.660963e-01	3.366912e-01	2.713727e+00
1999	4.660963e-01	3.366912e-01	2.713727e+00
1999	4.660963e-01	3.366912e-01	2.713727e+00
1999	4.660963e-01	3.366912e-01	2.713727e+00
1999	4.660963e-01	3.366912e-01	2.713727e+00
1999	4.660963e-01	3.366912e-01	2.713727e+00
1999	4.660963e-01	3.366912e-01	2.713727e+00
1999	4.660963e-01	3.366912e-01	2.713727e+00
1999	4.660963e-01	3.366912e-01	2.713727e+00
1999	4.660963e-01	3.366912e-01	2.713727e+00
1999	4.660963e-01	3.366912e-01	2.713727e+00
1999	4.660963e-01	3.366912e-01	2.713727e+00
1999	4.660963e-01	3.366912e-01	2.713727e+00
1999	4.660963e-01	3.366912e-01	2.713727e+00
1999	4.660963e-01	3.366912e-01	2.713727e+00
1999	4.660963e-01	3.366912e-01	2.713727e+00
1999	4.660963e-01	3.366912e-01	2.713727e+00
1999	4.660963e-01	3.366912e-01	2.713727e+00
1999	4.660963e-01	3.366912e-01	2.713727e+00
1999	4.660963e-01	3.366912e-01	2.713727e+00
1999	4.660963e-01	3.366912e-01	2.713727e+00
1999	4.660963e-01	3.366912e-01	2.713727e+00
1999	4.660963e-01	3.366912e-01	2.713727e+00
1999	4.660963e-01	3.366912e-01	2.713727e+00
1999	4.660963e-01	3.366912e-01	2.713727e+00
1999	4.660963e-01	3.366912e-01	2.713727e+00
1999	4.660963e-01	3.366912e-01	2.713727e+00
1999	4.660963e-01	3.366912e-01	2.713727e+00
1999	4.660963e-01	3.366912e-01	2.713727e+00
1999	4.660963e-01	3.366912e-01	2.713727e+00
1999	4.660963e-01	3.366912e-01	2.713727e+00
1999	4.660963e-01	3.366912e-01	2.713727e+00
1999	4.660963e-01	3.366912e-01	2.713727e+00
1999	4.660963e-01	3.366912e-01	2.713727e+00
1999	4.660963e-01	3.366912e-01	2.713727e+00
1999	4.660963e-01	3.366912e-01	2.713727e+00
1999	4.660963e-01	3.366912e-01	2.713727e+00
1999	4.660963e-01	3.366912e-01	2.713727e+00
1999	4.660963e-01	3.366912e-01	2.713727e+00
1999	4.660963e-01	3.366912e-01	2.713727e+00
1999	4.660963e-01	3.366912e-01	2.713727e+00
1999	4.660963e-01	3.366912e-01	2.713727e+00
1999	4.660963e-01	3.366912e-01	2.713727e+00
1999	4.660963e-01	3.366912e-01	2.713727e+00
1999	4.660963e-01	3.366912e-01	2.713727e+00
1999	4.660963e-01	3.366912e-01	2.713727e+00
1999	4.660963e-01	3.366912e-01	2.713727e+00
1999	4.660963e-01	3.366912e-01	2.713727e+00
1999	4.660963e-01	3.366912e-01	2.713727e+00
1999	4.660963e-01	3.366912e-01	2.713727e+00
1999	4.660963e-01	3.366912e-01	2.713727e+00
1999	4.660963e-01	3.366912e-01	2.713727e+00
1999	4.660963e-01	3.366912e-01	2.713727e+00
1999	4.660963e-01	3.366912e-01	2.713727e+00
1999	4.660963e-01	3.366912e-01	2.713727e+00
1999	4.660963e-01	3.366912e-01	2.713727e+00
1999	4.660963e-01	3.366912e-01	2.713727e+00
1999	4.660963e-01	3.366912e-01	2.713727e+00
1999	4.660963e-01	3.366912e-01	2.713727e+00
1999	4.660963e-01	3.366912e-01	2.713727e+00
1999	4.660963e-01	3.366912e-01	2.713727e+00
1999	4.660963e-01	3.366912e-01	2.713727e+00
1999	4.660963e-01	3.366912e-01	2.713727e+00
1999	4.660963e-01	3.366912e-01	2.713727e+00
1999	4.660963e-01	3.366912e-01	2.713727e+00
1999	4.660963e-01	3.366912e-01	2.713727e+00
1999	4.660963e-01	3.366912e-01	2.713727e+00
1999	4.660963e-01	3.366912e-01	2.713727e+00
1999	4.660963e-01	3.366912e-01	2.713727e+00
1999	4.660963e-01	3.366912e-01	2.713727e+00
1999	4.660963e-01	3.366912e-01	2.713727e+00
1999	4.660963e-01	3.366912e-01	2.713727e+00
1999	4.660963e-01	3.366912e-01	2.713727e+00
1999	4.660963e-01	3.366912e-01	2.713727e+00
1999	4.660963e-01	3.366912e-01	2.713727e+00
1999	4.660963e-01	3.366912e-01	2.713727e+00
1999	4.660963e-01	3.366912e-01	2.713727e+00
1999	4.660963e-01	3.366912e-01	2.713727e+00
1999	4.660963e-01	3.366912e-01	2.713727e+00
1999	4.660963e-01	3.366912e-01	2.713727e+00
1999	4.660963e-01	3.366912e-01	2.713727e+00
1999	4.660963e-01	3.366912e-01	2.713727e+00
1999	4.660963e-01	3.366912e-01	2.713727e+00
1999	4.660963e-01	3.366912e-01	2.713727e+00
1999	4.660963e-01	3.366912e-01	2.713727e+00
1999	4.660963e-01	3.366912e-01	2.713727e+00
1999	4.660963e-01	3.366912e-01	2.713727e+00
1999	4.660963e-01	3.366912e-01	2.713727e+00
1999	4.660963e-01	3.366912e-01	2.713727e+00
1999	4.660963e-01	3.366912e-01	2.713727e+00
1999	4.660963e-01	3.366912e-01	2.713727e+00
1999	4.660963e-01	3.366912e-01	2.713727e+00
1999	4.660963e-01	3.366912e-01	2.713727e+00
1999	4.660963e-01	3.366912e-01	2.713727e+00
1999	4.660963e-01	3.366912e-01	2.713727e+00
1999	4.660963e-01	3.366912e-01	2.713727e+00
1999	4.660963e-01	3.366912e-01	2.713727e+00
1999	4.660963e-01	3.366912e-01	2.713727e+00
1999	4.660963e-01	3.366912e-01	2.713727e+00
1999	4.660963e-01	3.366912e-01	2.713727e+00
1999	4.660963e-01	3.366912e-01	2.713727e+00
1999	4.660963e-01	3.366912e-01	2.713727e+00
1999	4.660963e-01	3.366912e-01	2.713727e+00
1999	4.660963e-01	3.366912e-01	2.713727e+00
1999	4.660963e-01	3.366912e-01	2.713727e+00
1999	4.660963e-01	3.366912e-01	2.713727e+00
1999	4.660963e-01	3.366912e-01	2.713727e+00
1999	4.660963e-01	3.366912e-01	2.713727e+00
1999	4.660963e-01	3.366912e-01	2.713727e+00
1999	4.660963e-01	3.366912e-01	2.713727e+00
1999	4.660963e-01	3.366912e-01	2.713727e+00
1999	4.660963e-01	3.366912e-01	2.713727e+00
1999	4.660963e-01	3.366912e-01	2.713727e+00
1999	4.660963e-01	3.366912e-01	2.713727e+00
1999	4.660963e-01	3.366912e-01	2.713727e+00
1999	4.660963e-01	3.366912e-01	2.713727e+00
1999	4.660963e-01	3.366912e-01	2.713727e+00
1999	4.660963e-01	3.366912e-01	2.713727e+00
1999	4.660963e-01	3.366912e-01	2.713727e+00
1999	4.660963e-01	3.366912e-01	2.713727e+00
1999	4.660963e-01	3.366912e-01	2.713727e+00
1999	4.660963e-01	3.366912e-01	2.713727e+00
1999	4.660963e-01	3.366912e-01	2.713727e+00
1999	4.660963e-01	3.366912e-01	2.713727e+00
1999	4.660963e-01	3.366912e-01	2.713727e+00
1999	4.660963e-01	3.366912e-01	2.713727e+00
1999	4.660963e-01	3.366912e-01	2.713727e+00
1999	4.660963e-01	3.366912e-01	2.713727e+00
1999	4.660963e-01	3.366912e-01	2.713727e+00
1999	4.660963e-01	3.366912e-01	2.713727e+00
1999	4.660963e-01	3.366912e-01	2.713727e+00
1999	4.660963e-01	3.366912e-01	2.713727e+00
1999	4.660963e-01	3.366912e-01	2.713727e+00
1999	4.660963e-01	3.366912e-01	2.713727e+00
1999	4.660963e-01	3.366912e-01	2.713727e+00
1999	4.660963e-01	3.366912e-01	2.713727e+00
1999	4.660963e-01	3.366912e-01	2.713727e+00
1999	4.660963e-01	3.366912e-01	2.713727e+00
1999	4.660963e-01	3.366912e-01	2.713727e+00
1999	4.660963e-01	3.366912e-01	2.713727e+00
1999	4.660963e-01	3.366912e-01	2.713727e+00
1999	4.660963e-01	3.366912e-01	2.713727e+00
1999	4.660963e-01	3.366912e-01	2.713727e+00
1999	4.660963e-01	3.366912e-01	2.713727e+00
1999	4.660963e-01	3.366912e-01	2.713727e+00
1999	4.660963e-01	3.366912e-01	2.713727e+00
1999	4.660963e-01	3.366912e-01	2.713727e+00
1999	4.660963e-01	3.366912e-01	2.713727e+00
1999	4.660963e-01	3.366912e-01	2.713727e+00
1999	4.660963e-01	3.366912e-01	2.713727e+00
1999	4.660963e-01	3.366912e-01	2.713727e+00
1999	4.660963e-01	3.366912e-01	2.713727e+00
1999	4.660963e-01	3.366912e-01	2.713727e+00
1999	4.660963e-01	3.366912e-01	2.713727e+00
1999	4.660963e-01	3.366912e-01	2.713727e+00
1999	4.660963e-01	3.366912e-01	2.713727e+00
1999	4.660963e-01	3.366912e-01	2.713727e+00
1999	4.660963e-01	3.366912e-01	2.713727e+00
1999	4.660963e-01	3.366912e-01	2.713727e+00
1999	4.660963e-01	3.366912e-01	2.713727e+00
1999	4.660963e-01	3.366912e-01	2.713727e+00
1999	4.660963e-01	3.366912e-01	2.713727e+00
1999	4.660963e-01	3.366912e-01	2.713727e+00
1999	4.660963e-01	3.366912e-01	2.713727e+00
1999	4.660963e-01	3.366912e-01	2.713727e+00
1999	4.660963e-01	3.366912e-01	2.713727e+00
1999	4.660963e-01	3.366912e-01	2.713727e+00
1999	4.660963e-01	3.366912e-01	2.713727e+00
1999	4.660963e-01	3.366912e-01	2.713727e+00
1999	4.660963e-01	3.366912e-01	2.713727e+00
1999	4.660963e-01	3.366912e-01	2.713727e+00
1999	4.660963e-01	3.366912e-01	2.713727e+00
1999	4.660963e-01	3.366912e-01	2.713727e+00
