2000
0	4.158624e-01	2.493983e-01	2.659990e+00
1	4.349346e-01	2.457801e-01	1.927211e+00
3	4.220633e-01	3.181258e-01	1.306790e+00
4	3.818547e-01	3.719483e-01	2.219345e+00
5	6.983565e-01	2.122427e-01	2.259404e+00
6	1.948020e-01	7.294813e-02	2.766488e+00
9	4.068817e-01	3.320702e-01	1.231558e+00
10	3.880902e-01	2.908735e-01	1.283341e+00
14	3.639417e-01	2.284490e-01	2.148021e+00
16	3.113878e-01	3.990705e-01	2.881778e+00
17	3.958408e-01	3.519839e-01	1.311676e+00
19	4.288863e-01	2.761165e-01	2.081583e+00
20	3.762175e-01	1.514904e-01	2.944309e+00
21	4.046212e-01	3.386938e-01	2.364924e+00
22	2.390230e-01	2.158721e-01	2.446996e+00
24	3.711522e-01	2.720093e-01	2.993161e+00
26	3.811009e-01	3.402643e-01	1.180752e+00
29	3.735068e-01	3.241088e-01	1.761114e+00
30	3.751290e-01	3.234132e-01	2.705911e+00
31	4.139983e-01	3.061038e-01	2.189057e+00
32	5.189897e-01	2.037545e-01	2.337567e+00
36	2.393386e-01	1.620184e-01	1.131900e+00
39	3.514081e-01	3.472185e-01	2.950171e+00
41	3.624561e-01	4.897599e-01	1.319492e+00
43	3.389190e-01	2.353220e-01	2.796776e+00
45	4.170225e-01	3.039720e-01	2.812408e+00
47	3.551828e-01	3.582464e-01	2.619932e+00
48	3.416488e-01	3.126289e-01	1.500244e+00
49	4.210752e-01	3.382149e-01	1.309722e+00
50	3.629386e-01	3.483995e-01	1.122130e+00
52	3.447997e-01	3.321259e-01	1.758183e+00
53	3.691033e-01	3.794777e-01	2.832926e+00
54	3.715943e-01	3.138098e-01	2.136297e+00
55	3.955680e-01	3.844191e-01	1.853933e+00
56	3.779574e-01	2.791989e-01	1.607719e+00
58	3.595329e-01	3.786653e-01	2.045432e+00
59	4.609150e-01	2.865018e-01	1.234489e+00
62	3.892985e-01	3.206595e-01	2.046409e+00
65	1.844728e-01	1.927001e-01	1.164143e+00
69	3.743912e-01	2.551955e-01	1.689790e+00
70	3.807588e-01	3.355405e-01	2.347338e+00
73	4.020013e-01	2.944636e-01	1.758183e+00
74	3.716653e-01	3.148814e-01	2.161700e+00
76	4.148734e-01	2.872094e-01	2.038593e+00
77	3.650224e-01	3.953838e-01	1.977040e+00
78	4.044422e-01	2.557250e-01	2.565217e+00
80	3.748661e-01	3.541094e-01	2.205667e+00
81	3.889956e-01	3.766373e-01	1.398632e+00
82	4.120957e-01	3.509081e-01	1.638007e+00
83	3.471152e-01	3.244935e-01	1.205178e+00
85	3.443727e-01	1.757417e-01	1.362482e+00
87	3.516845e-01	3.767033e-01	1.996580e+00
88	4.033861e-01	2.792169e-01	1.143625e+00
89	4.523728e-01	3.210285e-01	1.917440e+00
91	3.803387e-01	3.256666e-01	2.804592e+00
92	4.284667e-01	3.210387e-01	1.592086e+00
93	4.041351e-01	2.776918e-01	2.871031e+00
94	3.159820e-01	1.538287e-01	1.717147e+00
96	3.494805e-01	4.556473e-01	2.295554e+00
97	7.962846e-01	4.144504e-01	1.248168e+00
98	3.583868e-01	2.311944e-01	2.607230e+00
99	4.167246e-01	4.378715e-01	2.866146e+00
101	4.093397e-01	3.181060e-01	1.344895e+00
104	4.487012e-01	2.571858e-01	2.097215e+00
105	3.756277e-01	2.800686e-01	2.440156e+00
107	5.707370e-01	2.785438e-01	2.630679e+00
108	3.661370e-01	4.090252e-01	1.023449e+00
110	3.278102e-01	2.148383e-01	2.002443e+00
112	3.448734e-01	4.474782e-01	2.215437e+00
113	4.111923e-01	3.108365e-01	1.230581e+00
114	2.858067e-01	3.249757e-01	2.364924e+00
116	4.551863e-01	4.124056e-01	1.324377e+00
117	2.879112e-01	4.390050e-01	1.500244e+00
118	3.046343e-01	3.526370e-01	2.812408e+00
119	3.017723e-01	4.892707e-01	1.448461e+00
120	4.067231e-01	3.083166e-01	2.302394e+00
122	5.344041e-01	2.324244e-01	2.131412e+00
123	4.952589e-01	2.395469e-01	2.719590e+00
124	3.389367e-01	2.851720e-01	2.884709e+00
125	2.739742e-01	4.629691e-01	2.896434e+00
126	3.829304e-01	3.222126e-01	1.119199e+00
127	3.900807e-01	3.280457e-01	2.184172e+00
128	2.876256e-01	4.203464e-01	2.469468e+00
129	3.502180e-01	4.248145e-01	1.157303e+00
130	4.878421e-01	2.315071e-01	2.511480e+00
131	3.780480e-01	4.660205e-01	2.546654e+00
134	4.145382e-01	2.890223e-01	2.489008e+00
135	3.657337e-01	3.807407e-01	2.473376e+00
136	4.254659e-01	2.949882e-01	1.486566e+00
137	2.638795e-01	2.304558e-01	1.004885e+00
140	2.943522e-01	2.204040e-01	1.103566e+00
141	3.734135e-01	3.570375e-01	2.380557e+00
142	4.799493e-01	5.480820e-01	2.226185e+00
143	3.887367e-01	2.806436e-01	2.559355e+00
144	3.379992e-01	2.775464e-01	2.978505e+00
148	4.465163e-01	3.255881e-01	2.119687e+00
150	3.446398e-01	3.337460e-01	1.074255e+00
151	3.576362e-01	4.696808e-01	2.398144e+00
152	4.259770e-01	3.029992e-01	2.014167e+00
154	4.103183e-01	2.815390e-01	2.126527e+00
155	4.418229e-01	2.512335e-01	1.117245e+00
156	4.794190e-01	3.872442e-01	2.617978e+00
157	1.440717e-01	5.414206e-01	2.454812e+00
158	4.479083e-01	2.931174e-01	1.060576e+00
160	4.608777e-01	1.699303e-01	1.728872e+00
162	4.403064e-01	3.230433e-01	1.137763e+00
163	3.785918e-01	3.160355e-01	2.477284e+00
164	4.587593e-01	5.153107e-01	1.328285e+00
165	3.489292e-01	2.818108e-01	2.865169e+00
167	2.656449e-01	1.181487e-01	1.963361e+00
168	3.771900e-01	3.800782e-01	1.665364e+00
169	3.902300e-01	3.623147e-01	1.217880e+00
171	3.983744e-01	3.352242e-01	2.021983e+00
175	3.660771e-01	3.469244e-01	2.931607e+00
177	3.298161e-01	3.652755e-01	1.943820e+00
178	2.901917e-01	4.460004e-03	1.311676e+00
179	3.779619e-01	3.426362e-01	1.547142e+00
180	4.015416e-01	3.711549e-01	2.213483e+00
181	4.072254e-01	2.526290e-01	2.043478e+00
182	3.530607e-01	2.511575e-01	2.673669e+00
186	3.731651e-01	2.014139e-01	2.940401e+00
188	4.307930e-01	4.355446e-01	2.628725e+00
189	3.204946e-01	3.190218e-01	2.664875e+00
191	3.263961e-01	2.979730e-01	2.334636e+00
192	4.883149e-01	2.799246e-01	2.055203e+00
193	4.316926e-01	2.480552e-01	1.027357e+00
194	6.165680e-01	8.009430e-01	1.698583e+00
195	4.030778e-01	2.850882e-01	1.006839e+00
198	2.834405e-01	2.738302e-01	2.058134e+00
199	3.908622e-01	3.311663e-01	1.997557e+00
200	3.786088e-01	3.452489e-01	2.697118e+00
201	5.373375e-01	2.770183e-01	2.445042e+00
202	4.510749e-01	3.030239e-01	1.279433e+00
203	4.236470e-01	3.227146e-01	2.408891e+00
205	4.452786e-01	1.437068e-01	2.023937e+00
207	4.768777e-02	5.887286e-01	1.212018e+00
208	6.432247e-01	5.685574e-01	1.636053e+00
209	2.644848e-01	3.801519e-01	2.090376e+00
211	3.482448e-01	2.378686e-01	2.246702e+00
212	2.052433e-01	3.065268e-01	1.148510e+00
213	2.643991e-01	4.148477e-01	1.459209e+00
214	3.892037e-01	2.702559e-01	1.042013e+00
216	4.602034e-01	3.524633e-01	1.584270e+00
217	4.837399e-01	4.779434e-01	2.376649e+00
218	4.131594e-01	3.581051e-01	2.247680e+00
219	3.870254e-01	3.339050e-01	1.770884e+00
220	5.245172e-01	6.067257e-01	2.858329e+00
221	2.028645e-01	2.978754e-01	1.609673e+00
222	4.849492e-01	2.830468e-01	1.152418e+00
223	3.662119e-01	3.384358e-01	1.250122e+00
224	3.915353e-01	3.645983e-01	2.062042e+00
225	4.572472e-01	3.743096e-01	1.123107e+00
226	7.708883e-01	2.828162e-01	1.438691e+00
227	3.094005e-01	3.305621e-01	2.676600e+00
228	5.371579e-01	2.571548e-01	2.319980e+00
229	4.152273e-01	3.158841e-01	2.793845e+00
230	3.633496e-01	4.434098e-01	2.593552e+00
231	3.418133e-01	5.867717e-01	2.102101e+00
232	3.796537e-01	3.214288e-01	1.060576e+00
233	4.052401e-01	2.473821e-01	2.041524e+00
234	4.932918e-01	2.282828e-01	2.262335e+00
235	1.757936e-01	2.149066e-01	1.443576e+00
237	2.774355e-01	4.855139e-01	2.647289e+00
238	9.777916e-01	5.864193e-01	2.875916e+00
239	1.339094e-01	5.856933e-01	1.548119e+00
240	3.985483e-01	2.851461e-01	2.238886e+00
241	2.616557e-01	3.633098e-01	1.812897e+00
242	1.938507e-01	7.306472e-01	1.040059e+00
243	3.805350e-01	3.262024e-01	1.263801e+00
244	3.166137e-01	2.077803e-01	1.624328e+00
245	3.590570e-01	3.529937e-01	1.723009e+00
246	4.152134e-01	2.935071e-01	2.261358e+00
247	8.093780e-01	3.651850e-01	1.394724e+00
248	4.654878e-01	3.044634e-01	1.301905e+00
249	3.411882e-01	3.246495e-01	1.629213e+00
250	2.957970e-01	3.629495e-01	2.247680e+00
251	3.917805e-01	3.641864e-01	1.683928e+00
252	3.664336e-01	3.434035e-01	1.126038e+00
253	2.319390e-01	1.875609e-01	1.614558e+00
255	2.585185e-01	2.071692e-01	1.937958e+00
256	3.562939e-01	3.331118e-01	2.834880e+00
257	9.735697e-01	5.853677e-01	2.144113e+00
258	5.556527e-01	1.982072e-01	1.238398e+00
259	5.066686e-01	5.784069e-01	2.234978e+00
260	2.907780e-01	3.576670e-01	2.464582e+00
261	3.630951e-01	1.113709e-03	2.080606e+00
262	3.866676e-01	3.341385e-01	2.782120e+00
264	3.555747e-01	3.414961e-01	1.910601e+00
265	3.836192e-01	2.739314e-01	2.648266e+00
266	3.931815e-01	2.829867e-01	2.749878e+00
267	4.237033e-01	3.146463e-01	2.013190e+00
268	2.799054e-01	1.055881e-01	1.662433e+00
270	3.732700e-01	3.462020e-01	1.789448e+00
271	4.163915e-01	3.056599e-01	1.357596e+00
272	4.546837e-01	3.414050e-01	1.563752e+00
273	3.679515e-01	3.410608e-01	1.498290e+00
274	3.833926e-01	3.125512e-01	1.908647e+00
275	4.205162e-01	4.181513e-02	2.665852e+00
276	5.526619e-01	2.826541e-01	2.691255e+00
277	3.936394e-01	3.256624e-01	2.098192e+00
278	3.774053e-01	2.877643e-01	1.220811e+00
280	3.458292e-01	1.929475e-01	2.821202e+00
281	3.510145e-01	2.083174e-01	2.290669e+00
282	3.591192e-01	1.408106e-01	2.534929e+00
283	3.681046e-01	3.040993e-01	2.445042e+00
284	4.196967e-01	2.902553e-01	2.930630e+00
286	3.349161e-01	4.574163e-01	1.133854e+00
287	3.877777e-01	3.585212e-01	2.343429e+00
288	4.883799e-01	2.342120e-01	1.947728e+00
289	1.324311e-01	4.878730e-01	2.500733e+00
290	1.628395e-01	6.146911e-01	2.574011e+00
292	5.639498e-01	3.672517e-01	2.912066e+00
293	4.623536e-01	4.401988e-01	1.736688e+00
294	3.737740e-01	4.110491e-01	1.470933e+00
295	3.603947e-01	3.720346e-01	2.265266e+00
296	3.603301e-01	3.718146e-01	2.495848e+00
297	3.849900e-01	3.335128e-01	2.862237e+00
298	4.443352e-01	3.375875e-01	1.857841e+00
299	1.347904e-01	4.605539e-01	2.227162e+00
300	4.057995e-01	2.918846e-01	1.627259e+00
301	4.950301e-01	1.129530e-01	2.506595e+00
302	3.794656e-01	3.220103e-01	2.762579e+00
303	3.805204e-01	3.720011e-01	2.459697e+00
304	3.877272e-01	3.395333e-01	1.689790e+00
305	3.890039e-01	3.297877e-01	1.565706e+00
306	3.692131e-01	3.553233e-01	1.125061e+00
307	3.897125e-01	3.057558e-01	2.528090e+00
308	3.946715e-01	2.537050e-01	1.121153e+00
309	3.864381e-01	2.871319e-01	1.169028e+00
310	3.797861e-01	3.194674e-01	1.555936e+00
311	2.884635e-01	3.323046e-01	1.885198e+00
312	3.896750e-01	3.283467e-01	2.989253e+00
313	3.599681e-01	3.139737e-01	2.081583e+00
314	4.170979e-01	3.031192e-01	1.052760e+00
315	1.746391e-01	4.016789e-01	2.633610e+00
316	3.621492e-01	4.083799e-01	1.623351e+00
317	6.328801e-01	2.708282e-01	2.443087e+00
318	3.178762e-01	3.197126e-01	2.989253e+00
319	3.992207e-01	2.922717e-01	2.095261e+00
320	3.626984e-01	2.261374e-01	2.862237e+00
321	2.001398e-01	5.700503e-01	1.942843e+00
322	7.624874e-01	3.837147e-01	1.455300e+00
323	4.098426e-01	4.213118e-01	1.022472e+00
324	3.652994e-01	3.039838e-01	1.734734e+00
325	4.121002e-01	3.797451e-01	2.170493e+00
326	4.514503e-01	1.528456e-01	2.626771e+00
328	2.229147e-01	3.038468e-01	1.801172e+00
329	4.172800e-01	2.466708e-01	1.461163e+00
330	3.968414e-01	3.083825e-01	1.730826e+00
331	4.266762e-01	2.620693e-01	2.535906e+00
332	3.501159e-01	2.098481e-01	2.234978e+00
333	4.183361e-01	3.075040e-01	2.740107e+00
335	3.943291e-01	2.887206e-01	2.902296e+00
336	3.026195e-01	3.208084e-01	1.495359e+00
337	4.029905e-01	3.013982e-01	2.727406e+00
338	4.477233e-01	1.717255e-01	2.315095e+00
339	5.270040e-01	3.256470e-01	2.528090e+00
340	3.887717e-01	3.268056e-01	2.943332e+00
341	5.429566e-01	2.865882e-01	2.339521e+00
342	4.857168e-01	1.226826e-02	1.752320e+00
343	4.624152e-01	3.216652e-01	2.184172e+00
346	4.624629e-01	3.345464e-01	2.741085e+00
347	2.688137e-01	4.126463e-01	2.190034e+00
348	4.915573e-01	2.468311e-01	1.921348e+00
349	3.733930e-01	3.368265e-01	1.197362e+00
350	3.685063e-01	3.293557e-01	2.764533e+00
351	3.560773e-01	3.721325e-01	1.541280e+00
352	4.189401e-01	2.486576e-01	1.943820e+00
353	5.001098e-01	3.058485e-01	2.209575e+00
354	2.787093e-01	4.462460e-01	1.017587e+00
355	5.185068e-01	2.774422e-01	1.306790e+00
356	3.576417e-01	3.959381e-01	2.435271e+00
358	4.913948e-01	3.176867e-01	1.327308e+00
359	4.996759e-01	2.798656e-01	2.742062e+00
361	4.416225e-01	3.267433e-01	2.267220e+00
363	1.800925e-01	1.577513e-01	2.073766e+00
364	4.249270e-01	3.154081e-01	2.385442e+00
365	4.545340e-01	3.322707e-01	2.814362e+00
366	4.862824e-01	6.977493e-01	2.371764e+00
367	3.951120e-01	3.015074e-01	2.407914e+00
368	3.422605e-01	3.269682e-01	1.623351e+00
369	3.944885e-01	3.193987e-01	1.573522e+00
370	3.505505e-01	3.384717e-01	2.355154e+00
371	3.006774e-01	4.079088e-01	1.601856e+00
372	4.208282e-01	3.125350e-01	1.526624e+00
373	4.654527e-01	3.556112e-01	1.977040e+00
374	3.647018e-01	3.525880e-01	1.844162e+00
375	4.093090e-01	3.239508e-01	1.286273e+00
378	3.764619e-01	3.813488e-01	1.008793e+00
379	4.045367e-01	2.988892e-01	2.974597e+00
380	3.524451e-01	3.157079e-01	2.648266e+00
381	3.477014e-01	2.466507e-01	1.543234e+00
382	3.942529e-01	2.515225e-01	1.142648e+00
383	5.872676e-01	7.210968e-01	2.333659e+00
384	3.554238e-01	3.401759e-01	1.567660e+00
385	1.366037e-01	2.332299e-01	2.407914e+00
386	5.009215e-01	5.129171e-01	1.787494e+00
387	4.497489e-01	1.365491e-01	1.712262e+00
388	3.499514e-01	2.552676e-01	1.139717e+00
390	3.685947e-01	3.401375e-01	1.407426e+00
391	2.057544e-01	1.696510e-01	1.186615e+00
392	4.318579e-01	2.525931e-01	1.006839e+00
394	4.398909e-01	1.747271e-01	2.866146e+00
395	4.259446e-01	2.948768e-01	2.410845e+00
398	3.999719e-01	1.594165e-01	2.904250e+00
400	3.723366e-01	2.632814e-01	2.772350e+00
401	3.531360e-01	3.116677e-01	1.393747e+00
402	3.680998e-01	3.111750e-01	1.322423e+00
403	3.323470e-01	3.917274e-01	2.872985e+00
404	4.701310e-01	2.763515e-01	1.795310e+00
405	4.027901e-01	2.874926e-01	2.446996e+00
408	4.064338e-01	2.786265e-01	2.122618e+00
409	4.563750e-01	2.865822e-01	1.518808e+00
410	2.876939e-01	4.137677e-01	1.922325e+00
412	3.985649e-01	3.186790e-01	2.882755e+00
414	4.743320e-01	1.998782e-01	1.896922e+00
416	4.913044e-01	2.933063e-01	1.280410e+00
417	3.660638e-01	3.516671e-01	2.227162e+00
418	3.864832e-01	2.731705e-01	2.758671e+00
419	3.084245e-01	1.735161e-01	2.065950e+00
420	4.244577e-01	2.588580e-01	2.140205e+00
421	3.924717e-01	3.286878e-01	2.755740e+00
423	4.721030e-01	3.328112e-01	1.138740e+00
424	2.062350e-01	1.258148e-01	1.944797e+00
425	4.220807e-01	2.808900e-01	1.255984e+00
426	3.137326e-01	3.328296e-01	1.587201e+00
427	3.975029e-01	4.447028e-01	1.785540e+00
428	3.885727e-01	3.593229e-01	2.788959e+00
430	4.101226e-01	3.143227e-01	2.813385e+00
431	3.996063e-01	3.231535e-01	2.353200e+00
432	2.605452e-01	4.191433e-01	2.165608e+00
433	3.601821e-01	3.395247e-01	1.696629e+00
434	4.005863e-01	3.309759e-01	2.678554e+00
435	5.274822e-01	3.338003e-01	2.476307e+00
436	4.039214e-01	2.607245e-01	1.274548e+00
437	4.852866e-01	2.206204e-01	1.454323e+00
438	4.394656e-01	2.519713e-01	2.462628e+00
439	3.842912e-01	3.417647e-01	2.689301e+00
440	4.435865e-01	3.922015e-01	2.250611e+00
441	6.443038e-01	5.212013e-01	1.272594e+00
443	3.599518e-01	5.280182e-01	1.306790e+00
444	4.052300e-01	2.515808e-01	1.904739e+00
445	3.853202e-01	2.681184e-01	2.173425e+00
446	3.777641e-01	4.176430e-01	2.075721e+00
447	3.992585e-01	3.144058e-01	1.809966e+00
448	4.027221e-01	4.211386e-01	2.105032e+00
450	3.838231e-01	3.342232e-01	2.270151e+00
451	4.332742e-01	2.740397e-01	2.602345e+00
453	4.169421e-01	3.181835e-01	2.965804e+00
454	2.308883e-01	3.044728e-01	1.648754e+00
456	2.983376e-01	3.051806e-01	2.598437e+00
457	5.238972e-01	1.856887e-01	2.737176e+00
458	3.063055e-01	3.836881e-01	2.069858e+00
459	3.231475e-01	2.883790e-01	1.787494e+00
465	3.691205e-01	5.500227e-01	1.374206e+00
466	3.427599e-01	3.071632e-01	2.722521e+00
469	3.413764e-01	3.062519e-01	1.923302e+00
470	4.095846e-01	2.951196e-01	2.440156e+00
471	3.685580e-01	3.144773e-01	1.579384e+00
472	8.768185e-01	9.686139e-02	1.672203e+00
473	3.765877e-01	2.720578e-01	2.336590e+00
475	3.222761e-01	3.253636e-01	2.716659e+00
477	3.434506e-01	4.003096e-01	1.643869e+00
478	5.037976e-01	3.265045e-01	2.909135e+00
479	3.627680e-01	3.433415e-01	1.161212e+00
481	4.068075e-01	3.285810e-01	2.193942e+00
484	3.856076e-01	2.922953e-01	1.802149e+00
486	3.697893e-01	3.156057e-01	1.545188e+00
487	3.280971e-01	3.483977e-01	2.279922e+00
489	4.035168e-01	3.309365e-01	1.959453e+00
490	4.187952e-01	3.714333e-01	1.738642e+00
491	4.002096e-01	3.534485e-01	2.440156e+00
492	3.575743e-01	3.247880e-01	2.083537e+00
493	4.558094e-01	1.986968e-01	2.392281e+00
496	4.912403e-01	5.057009e-01	1.087934e+00
498	3.925224e-01	2.842801e-01	1.115291e+00
499	3.109830e-01	3.378023e-01	2.144113e+00
501	4.239671e-01	4.310606e-01	2.159746e+00
503	3.604502e-01	3.329459e-01	1.271617e+00
504	3.169982e-01	1.035539e-01	2.054226e+00
507	4.262010e-01	3.000783e-01	1.613581e+00
509	4.069204e-01	3.066987e-01	2.981436e+00
511	4.668243e-01	5.089673e-01	2.231070e+00
513	6.598949e-01	3.557979e-01	1.246214e+00
516	3.993098e-01	3.674407e-01	2.757694e+00
517	4.168715e-01	3.327232e-01	2.084514e+00
520	3.343986e-01	3.386157e-01	1.586224e+00
522	3.365258e-01	3.510835e-01	2.185149e+00
524	7.192977e-01	2.732993e-01	2.084514e+00
525	7.195667e-01	2.732096e-01	1.408403e+00
526	4.200322e-01	3.982175e-01	2.352223e+00
528	2.616714e-01	1.148772e-01	1.533464e+00
529	3.638763e-01	3.302894e-01	2.446019e+00
530	4.716533e-01	2.971430e-01	2.926722e+00
531	7.869601e-01	2.533413e-01	1.084025e+00
533	4.944751e-01	1.160379e-01	2.611138e+00
537	5.553485e-01	4.160955e-01	2.603322e+00
539	4.468684e-01	3.180957e-01	2.463605e+00
543	4.609839e-01	3.546042e-01	1.242306e+00
544	4.078093e-01	2.708757e-01	2.037616e+00
547	4.189055e-01	2.586654e-01	1.646800e+00
553	4.201452e-01	3.050542e-01	1.878359e+00
556	4.203096e-01	3.331277e-01	1.212018e+00
560	3.589130e-01	2.903301e-01	1.053737e+00
562	3.522749e-01	2.910819e-01	1.044944e+00
564	5.351491e-01	2.337232e-01	1.094773e+00
565	2.038092e-02	3.464478e-01	2.268197e+00
566	3.702560e-01	2.309445e-01	1.097704e+00
567	3.612030e-01	2.947312e-01	2.065950e+00
570	4.130612e-01	2.488112e-01	1.285296e+00
573	2.306403e-01	4.281678e-01	1.219834e+00
575	5.089424e-01	1.882374e-01	1.007816e+00
576	4.254140e-01	3.226701e-01	2.849536e+00
577	3.755207e-01	3.313955e-01	1.483635e+00
579	4.132043e-01	3.237757e-01	2.288715e+00
580	3.657037e-01	3.454124e-01	1.581339e+00
582	6.015651e-01	3.928448e-01	1.807035e+00
583	4.127319e-01	3.642126e-01	2.197851e+00
584	4.507963e-01	2.935297e-01	1.321446e+00
586	4.020066e-01	3.834857e-01	1.521739e+00
587	3.957094e-01	2.202173e-01	2.106009e+00
588	3.701210e-01	2.007780e-01	2.735222e+00
589	2.635274e-01	1.362955e-02	1.890083e+00
591	1.984470e-01	3.364221e-01	1.228627e+00
592	4.153032e-01	3.019902e-01	1.098681e+00
594	3.723220e-01	2.717653e-01	1.208109e+00
595	4.124207e-01	2.695633e-01	1.270640e+00
599	4.391300e-01	4.064373e-01	2.349292e+00
600	4.557187e-01	4.742156e-01	2.289692e+00
601	3.606126e-01	3.633869e-01	1.889106e+00
607	4.590763e-01	3.162094e-01	2.792868e+00
608	2.766249e-01	4.092071e-01	1.011724e+00
609	3.438243e-01	4.442230e-01	2.946263e+00
615	3.264440e-01	3.207490e-01	1.040059e+00
616	2.919319e-01	4.258193e-01	1.645823e+00
618	4.838821e-01	2.690760e-01	1.924279e+00
619	3.289769e-01	3.995024e-01	2.144113e+00
620	4.775256e-01	3.334912e-01	1.978994e+00
621	5.054325e-01	1.739885e-01	1.876404e+00
624	6.378930e-01	3.086551e-01	2.516365e+00
627	4.838020e-01	3.108155e-01	1.796287e+00
628	4.265434e-01	4.138611e-01	2.237909e+00
630	6.020426e-01	3.117874e-01	2.738153e+00
633	3.789092e-01	2.672251e-01	2.410845e+00
634	2.903545e-01	4.360639e-01	1.236444e+00
637	5.350636e-01	3.694818e-01	1.903762e+00
638	4.678475e-01	1.093581e-01	2.901319e+00
639	3.965056e-01	3.268701e-01	2.812408e+00
640	4.121994e-01	3.001234e-01	2.842697e+00
644	3.499374e-01	2.925532e-01	2.512457e+00
645	3.905324e-01	3.101153e-01	2.938447e+00
647	4.346201e-01	1.503718e-01	2.632633e+00
649	3.893211e-01	2.043440e-01	1.725940e+00
651	2.989555e-01	3.802946e-01	2.279922e+00
652	3.390448e-01	2.976137e-01	1.312653e+00
654	3.187327e-01	3.017854e-01	2.583781e+00
656	4.184072e-01	3.438382e-01	1.020518e+00
658	3.307284e-01	4.206725e-01	1.672203e+00
659	5.461023e-01	1.251367e-01	2.890572e+00
660	5.137666e-01	2.382865e-01	1.056668e+00
661	2.839605e-01	7.468771e-01	2.433317e+00
664	6.334045e-01	2.130333e-01	1.106497e+00
667	1.927642e-01	2.577891e-01	1.068393e+00
668	3.136293e-01	3.891177e-01	2.941378e+00
670	3.728580e-01	2.982483e-01	2.181241e+00
671	5.716023e-01	2.186608e-01	1.950660e+00
672	2.417617e-01	3.948063e-01	2.817294e+00
673	5.062685e-01	2.487747e-01	2.537860e+00
674	3.902879e-01	1.266605e-01	2.760625e+00
675	3.748124e-01	3.908942e-01	1.672203e+00
676	4.940091e-01	4.457136e-02	2.255496e+00
678	9.675700e-01	5.308496e-01	2.169516e+00
679	5.030283e-01	3.228567e-01	1.255984e+00
680	3.652668e-01	2.622220e-01	1.235467e+00
681	4.040364e-01	1.827365e-01	1.978994e+00
683	5.020843e-01	2.529375e-01	1.367367e+00
684	3.939036e-01	2.945994e-01	2.766488e+00
685	3.060623e-01	2.323882e-01	2.958964e+00
687	7.222829e-01	3.216758e-01	1.147533e+00
691	3.858280e-01	4.228235e-01	2.362970e+00
693	4.796388e-01	1.032574e-01	1.209086e+00
695	5.212928e-01	2.103842e-01	1.394724e+00
696	4.402302e-01	1.888485e-01	2.200782e+00
697	3.279580e-01	3.449482e-01	1.453346e+00
698	5.637363e-01	1.589562e-01	1.420127e+00
703	3.367947e-01	3.479209e-01	2.173425e+00
707	3.830193e-01	2.447658e-01	1.444553e+00
709	3.554161e-01	3.783301e-01	2.259404e+00
711	4.114782e-01	3.725988e-01	1.732780e+00
712	4.939823e-01	3.040843e-01	2.027846e+00
713	3.616649e-01	3.002628e-01	1.011724e+00
714	3.995801e-01	3.840475e-01	1.006839e+00
717	4.041844e-01	2.454210e-01	1.120176e+00
718	3.458469e-01	3.677297e-01	1.045921e+00
719	3.450142e-01	3.881410e-01	2.993161e+00
722	4.119989e-01	4.063615e-01	3.000000e+00
723	4.297872e-01	2.399011e-01	2.970689e+00
725	3.339012e-01	3.911679e-01	1.774792e+00
726	3.170610e-01	3.492102e-01	1.883244e+00
727	2.277249e-01	4.742416e-01	2.623840e+00
728	4.344624e-01	2.055957e-01	1.694675e+00
729	4.376992e-01	1.228640e-01	2.360039e+00
732	3.788739e-01	3.344702e-01	2.760625e+00
734	4.656384e-01	1.602378e-01	2.745970e+00
735	2.241575e-01	3.742300e-01	1.817782e+00
736	3.724533e-01	2.018853e-01	2.519297e+00
738	4.909672e-01	3.819429e-01	2.439179e+00
739	3.483989e-01	3.807298e-01	2.870054e+00
740	3.307633e-01	9.347068e-02	1.413288e+00
745	3.859355e-01	2.372473e-01	2.548608e+00
746	3.270401e-01	3.912178e-01	2.561309e+00
747	4.382816e-01	2.813691e-01	2.958964e+00
748	2.719277e-01	3.967430e-01	1.332193e+00
750	1.259453e-01	6.034363e-01	1.373229e+00
751	3.376140e-01	8.534287e-04	2.462628e+00
753	4.460604e-01	2.905769e-01	2.411822e+00
757	3.979645e-01	2.329469e-01	2.571080e+00
758	1.398688e-01	6.003841e-01	1.398632e+00
759	3.564484e-01	3.894382e-01	1.922325e+00
764	3.108362e-01	4.187969e-01	2.676600e+00
765	2.240299e-01	4.371865e-01	1.760137e+00
766	2.233310e-01	3.926126e-01	2.299463e+00
767	5.945539e-02	8.527746e-01	2.943332e+00
770	4.234813e-01	3.685614e-01	1.634099e+00
771	2.634399e-01	3.546884e-01	2.033708e+00
774	4.351942e-01	5.179757e-01	2.382511e+00
775	3.714232e-01	3.450558e-01	1.186615e+00
779	4.345882e-01	4.684436e-01	2.059111e+00
780	4.580052e-01	2.034955e-01	2.211529e+00
781	3.793755e-01	3.193149e-01	1.969223e+00
783	2.786686e-01	4.172345e-01	2.660967e+00
784	3.742126e-01	3.007779e-01	1.264778e+00
786	3.618998e-01	3.885958e-01	2.458720e+00
787	4.070091e-01	4.686094e-01	2.456766e+00
789	2.983808e-01	2.545517e-01	1.259893e+00
790	2.286375e-01	2.277906e-01	2.648266e+00
792	4.595192e-01	3.524122e-01	2.183195e+00
796	2.922631e-01	2.788342e-01	1.929165e+00
798	3.929717e-01	2.078644e-01	2.224231e+00
800	5.264681e-01	2.665949e-01	1.419150e+00
801	5.601470e-01	2.763337e-01	1.386908e+00
802	4.906516e-01	6.645134e-01	1.342941e+00
803	3.677099e-01	3.674301e-01	1.537372e+00
804	3.500853e-01	3.195706e-01	2.935515e+00
805	3.441727e-01	4.492720e-01	1.399609e+00
806	4.144095e-01	3.881714e-01	2.243771e+00
807	4.380499e-01	3.333163e-01	2.256473e+00
809	2.448693e-01	3.813836e-01	1.851979e+00
810	3.704694e-01	3.635438e-01	1.418173e+00
811	3.382152e-01	3.947270e-01	1.005862e+00
812	5.421276e-01	4.112169e-01	1.509038e+00
813	4.260445e-01	3.396102e-01	1.317538e+00
814	4.176511e-01	3.572554e-01	1.980948e+00
815	4.257744e-01	3.176077e-01	2.222277e+00
816	4.927847e-01	3.278912e-01	2.837811e+00
817	3.643730e-01	2.902649e-01	2.277968e+00
818	4.570566e-01	3.264726e-01	2.452858e+00
819	4.587155e-01	5.533982e-01	2.862237e+00
820	3.022353e-01	4.397263e-01	1.611627e+00
821	3.308711e-01	4.230416e-01	1.969223e+00
822	3.305714e-01	3.320062e-01	1.106497e+00
823	3.996665e-01	3.927241e-01	1.281387e+00
824	3.045911e-01	5.708061e-01	2.533952e+00
825	4.356959e-01	4.021374e-01	1.889106e+00
827	4.025815e-01	3.280470e-01	2.298486e+00
828	4.891298e-01	6.412503e-01	2.558378e+00
829	3.687435e-01	1.329605e-01	2.571080e+00
831	5.068985e-01	1.872158e-01	2.940401e+00
832	3.353153e-01	4.573887e-01	1.401563e+00
833	4.504413e-01	3.035518e-01	2.862237e+00
834	3.039873e-01	4.888835e-02	2.032731e+00
835	2.869949e-01	3.342233e-01	2.241817e+00
836	5.409722e-01	3.720035e-01	2.984367e+00
837	4.342962e-01	2.563070e-01	2.499756e+00
838	3.768075e-01	2.644542e-01	1.435760e+00
839	3.229179e-01	1.708219e-01	2.121641e+00
841	3.391481e-01	3.607990e-01	2.920860e+00
842	4.052751e-01	4.328342e-01	1.905716e+00
843	3.706271e-01	3.270804e-01	1.081094e+00
844	4.672888e-01	2.940807e-01	1.834392e+00
845	3.013808e-01	4.437495e-01	2.002443e+00
846	3.856826e-01	4.009794e-01	1.444553e+00
847	4.097366e-01	2.055315e-01	1.358574e+00
848	3.271116e-01	2.523022e-01	1.159257e+00
849	3.783279e-01	4.134862e-01	1.700537e+00
850	4.120398e-01	3.511087e-01	2.943332e+00
851	8.884105e-01	5.282557e-01	1.835369e+00
855	3.364948e-01	2.665934e-01	1.556913e+00
856	4.076603e-01	2.737063e-01	2.148999e+00
857	3.816704e-01	3.383629e-01	2.275037e+00
858	5.587176e-01	3.482431e-01	2.697118e+00
859	4.623980e-01	2.965271e-01	1.516854e+00
864	4.133799e-01	2.365639e-01	2.787005e+00
865	3.519708e-01	2.834106e-01	2.812408e+00
866	2.371655e-01	4.469670e-01	1.940889e+00
867	3.561989e-01	2.639152e-01	2.656082e+00
868	4.622469e-01	3.283483e-01	1.982902e+00
869	3.414971e-01	4.954860e-01	2.681485e+00
870	3.580779e-01	4.180724e-01	1.810943e+00
872	3.875159e-01	3.575672e-01	1.715193e+00
877	5.115895e-01	4.283283e-01	2.221299e+00
881	3.817541e-01	3.683984e-01	2.234001e+00
883	2.793680e-01	2.302842e-01	1.553981e+00
884	3.584141e-01	5.655368e-01	1.560821e+00
885	3.153261e-01	1.554365e-01	2.672692e+00
886	4.499704e-01	2.696303e-01	1.471910e+00
888	3.899783e-01	4.087446e-01	2.205667e+00
889	4.469644e-01	2.649765e-01	2.599414e+00
890	3.911454e-01	3.546693e-01	2.873962e+00
891	3.290503e-01	4.937706e-01	2.733268e+00
892	3.672352e-01	3.541432e-01	1.692721e+00
893	2.489440e-01	1.206886e-01	1.432829e+00
894	4.490730e-01	2.885867e-01	1.474841e+00
897	2.616058e-01	2.700667e-01	1.455300e+00
898	3.125578e-01	4.669923e-01	1.036150e+00
899	3.842428e-01	3.619452e-01	1.672203e+00
900	6.013633e-01	7.297587e-01	2.243771e+00
905	3.204577e-01	6.026413e-01	2.315095e+00
907	1.638626e-01	2.498268e-01	1.438691e+00
908	5.009119e-01	1.193767e-01	1.001954e+00
909	4.353905e-01	2.084927e-01	1.146556e+00
911	2.187006e-01	4.091447e-01	2.471422e+00
912	3.282959e-01	3.573440e-01	2.209575e+00
914	3.746086e-01	3.198220e-01	1.936004e+00
915	2.764997e-01	3.963750e-01	2.843674e+00
916	2.216514e-01	2.680587e-01	1.057645e+00
917	1.931125e-01	2.510000e-01	2.896434e+00
918	2.957919e-01	3.592741e-01	2.112848e+00
919	3.584621e-01	3.404620e-01	2.553493e+00
921	4.652076e-01	1.853743e-01	1.271617e+00
922	4.063665e-01	2.399539e-01	2.916952e+00
923	3.690448e-01	3.831769e-01	1.081094e+00
924	1.036144e-01	2.072180e-01	2.581827e+00
925	4.171664e-01	1.459246e-01	1.394724e+00
926	2.189051e-01	3.703385e-01	1.289204e+00
927	3.890325e-01	1.741411e-01	1.961407e+00
929	4.722742e-01	4.047868e-01	1.743527e+00
930	3.161771e-01	4.161509e-01	2.718613e+00
931	3.979750e-01	2.860820e-01	1.908647e+00
932	4.665665e-01	2.536396e-01	1.399609e+00
933	6.384102e-01	3.058792e-01	2.980459e+00
934	6.897687e-01	3.706794e-01	2.603322e+00
935	2.686717e-01	3.285993e-01	2.267220e+00
936	4.462744e-01	2.557882e-01	1.400586e+00
937	4.632389e-01	2.775873e-01	2.249634e+00
938	2.966058e-01	3.143697e-01	1.248168e+00
939	3.938660e-01	3.136577e-01	1.234489e+00
940	3.744577e-01	2.577227e-01	2.559355e+00
941	4.340021e-01	3.245111e-01	2.848559e+00
942	2.557553e-01	2.778488e-01	1.495359e+00
943	6.245254e-01	3.041200e-01	2.346361e+00
944	4.508399e-01	8.624909e-02	1.812897e+00
945	4.961204e-01	3.706257e-01	2.016121e+00
946	4.458874e-01	3.474097e-01	1.676111e+00
947	4.762028e-01	2.503560e-01	1.307767e+00
948	3.936685e-01	2.612222e-01	1.727894e+00
949	3.117557e-01	2.069690e-01	1.587201e+00
950	4.414223e-01	1.619724e-01	2.820225e+00
951	5.787148e-01	2.310305e-01	2.234978e+00
952	4.731315e-01	3.783125e-01	2.393258e+00
953	4.688992e-01	3.325445e-01	1.537372e+00
954	3.688999e-01	3.390540e-01	2.814362e+00
955	4.106154e-01	3.539616e-01	2.472399e+00
956	3.934480e-01	2.950059e-01	2.402052e+00
957	3.903785e-01	3.130294e-01	2.220322e+00
958	4.080632e-01	2.151065e-01	1.127992e+00
959	4.191350e-01	2.809311e-01	1.184660e+00
960	3.884564e-01	3.475124e-01	1.655594e+00
961	3.453675e-01	3.667807e-01	2.473376e+00
962	3.328078e-01	3.546903e-01	2.125550e+00
963	6.305831e-01	4.575006e-01	1.407426e+00
964	4.909686e-01	6.324965e-01	1.067416e+00
965	2.790353e-01	4.274574e-01	1.183683e+00
966	4.077925e-01	3.569432e-01	1.849047e+00
967	4.253809e-01	2.504484e-01	1.107474e+00
968	1.629234e-01	1.945514e-01	2.902296e+00
969	3.704416e-01	2.955365e-01	2.884709e+00
970	2.731939e-01	2.916681e-01	2.418661e+00
971	4.321526e-01	3.016382e-01	2.088422e+00
972	2.592830e-01	3.789182e-01	1.675134e+00
973	4.251871e-01	1.163737e-01	1.717147e+00
974	2.217787e-01	3.949388e-01	1.874450e+00
975	2.071543e-01	1.804573e-01	2.744993e+00
976	4.130078e-01	4.596377e-01	1.101612e+00
977	4.691952e-01	3.038517e-01	1.860772e+00
978	4.184942e-01	2.954055e-01	1.997557e+00
979	3.862739e-01	2.789043e-01	2.080606e+00
980	4.058785e-01	3.392524e-01	1.262824e+00
981	5.014151e-01	3.576137e-01	1.952614e+00
982	3.801234e-01	3.886048e-01	1.681974e+00
983	3.936985e-01	2.948672e-01	2.354177e+00
984	3.986331e-01	4.937426e-01	2.705911e+00
985	3.652715e-01	3.383511e-01	1.297997e+00
986	4.265974e-01	3.157392e-01	1.593063e+00
987	3.714122e-01	3.736105e-01	2.944309e+00
988	4.452128e-01	2.945919e-01	2.695164e+00
989	4.134863e-01	3.014699e-01	1.071324e+00
990	3.234845e-01	4.401285e-01	2.562286e+00
991	4.254711e-01	4.449141e-01	1.097704e+00
992	4.406530e-01	3.166147e-01	2.033708e+00
993	1.781655e-01	1.189587e-01	1.891060e+00
994	3.561880e-01	3.476913e-01	1.226673e+00
995	5.751338e-01	1.296486e-01	2.096238e+00
996	4.411979e-01	4.743822e-01	2.234978e+00
997	3.284908e-01	3.957889e-01	2.601368e+00
998	2.145192e-01	5.655105e-01	2.107963e+00
999	4.025931e-01	2.710471e-01	1.499267e+00
1000	4.279829e-01	3.668646e-01	1.192477e+00
1001	3.876915e-01	1.860611e-01	2.937469e+00
1002	3.241029e-01	1.777580e-01	1.183683e+00
1003	3.359327e-01	4.405547e-01	1.053737e+00
1004	4.712344e-01	2.496935e-01	1.540303e+00
1005	2.858904e-01	4.440676e-01	1.446507e+00
1006	3.744312e-01	2.346168e-01	2.942355e+00
1007	4.496168e-01	2.748678e-01	2.766488e+00
1008	3.325693e-01	2.476424e-01	2.502687e+00
1009	4.505141e-01	3.188083e-01	2.005374e+00
1011	5.897154e-01	3.514864e-01	1.217880e+00
1012	3.603964e-01	1.429852e-01	1.148510e+00
1013	3.474790e-01	3.882055e-01	2.778212e+00
1014	3.511725e-01	3.422445e-01	1.774792e+00
1015	3.357392e-01	3.234246e-01	1.070347e+00
1016	2.822591e-01	4.229618e-01	2.073766e+00
1017	3.374569e-01	2.369259e-02	2.753786e+00
1018	3.469759e-01	3.402434e-01	2.888617e+00
1019	4.260486e-01	3.967728e-01	2.135320e+00
1020	3.292492e-01	1.964627e-01	2.933561e+00
1021	3.428120e-01	3.100920e-01	1.530532e+00
1022	3.906540e-01	3.416600e-01	1.125061e+00
1023	3.408287e-01	3.688099e-01	1.849047e+00
1024	4.519485e-01	3.755594e-01	1.952614e+00
1025	3.749953e-01	2.580623e-01	2.357108e+00
1026	2.983266e-01	3.080559e-01	2.956033e+00
1027	3.209183e-01	3.278013e-01	2.441133e+00
1028	4.493904e-01	2.753777e-01	2.395213e+00
1029	4.655843e-01	3.390087e-01	2.361993e+00
1030	2.766378e-01	3.695321e-01	2.494871e+00
1031	3.701463e-01	3.283708e-01	2.136297e+00
1032	3.807091e-01	3.285222e-01	2.439179e+00
1033	3.201183e-01	2.499627e-01	2.826087e+00
1034	3.864159e-01	3.177559e-01	1.697606e+00
1035	2.742388e-01	6.614623e-02	2.755740e+00
1036	4.426174e-01	3.324856e-01	1.542257e+00
1037	6.251257e-01	6.914614e-01	1.505129e+00
1038	3.154233e-01	2.572003e-01	1.581339e+00
1039	4.419266e-01	2.794343e-01	1.295066e+00
1040	2.632163e-01	2.313253e-01	2.208598e+00
1041	3.815177e-01	3.538895e-01	2.112848e+00
1042	4.209236e-01	3.195792e-01	2.228139e+00
1043	4.344182e-01	2.846439e-01	2.269174e+00
1044	3.327576e-01	2.843019e-01	2.771373e+00
1045	3.647643e-01	3.913503e-01	1.791402e+00
1046	3.571715e-01	3.373689e-01	1.061553e+00
1047	4.698728e-01	2.597992e-01	2.832926e+00
1048	3.526937e-01	3.128160e-01	1.816805e+00
1049	3.350992e-01	3.582698e-01	1.827553e+00
1051	3.856614e-01	3.245571e-01	1.144602e+00
1052	3.972377e-01	3.934117e-01	1.867611e+00
1053	2.984597e-01	3.606637e-01	2.828041e+00
1055	1.846920e-01	2.691021e-01	1.981925e+00
1056	4.630191e-01	3.844864e-01	2.776258e+00
1057	3.931490e-01	1.752082e-01	1.376160e+00
1058	4.055839e-01	3.246338e-01	1.646800e+00
1059	4.370747e-01	2.922577e-01	2.625794e+00
1061	3.569030e-01	3.680451e-01	2.682462e+00
1063	3.386698e-01	1.863488e-01	2.836834e+00
1064	4.020972e-01	2.734473e-01	2.172447e+00
1065	3.534143e-01	3.405339e-01	1.674157e+00
1067	4.042611e-01	3.481665e-01	1.950660e+00
1068	5.677917e-01	2.075683e-01	2.468490e+00
1069	3.300361e-01	2.765412e-01	2.561309e+00
1070	4.115360e-01	4.043200e-01	1.900830e+00
1071	4.275622e-01	3.095697e-01	1.683928e+00
1072	3.757681e-01	3.148418e-01	1.636053e+00
1073	3.641435e-01	3.228057e-01	2.679531e+00
1074	3.942739e-01	3.264995e-01	1.704446e+00
1075	3.576063e-01	3.418583e-01	2.700049e+00
1076	4.625902e-01	3.719737e-01	2.720567e+00
1077	1.969998e-01	3.801966e-01	2.315095e+00
1078	5.098801e-01	3.278344e-01	1.895945e+00
1079	4.030307e-01	2.269296e-01	2.224231e+00
1080	4.400122e-01	2.652479e-01	2.815340e+00
1081	4.727030e-01	1.100729e-01	2.858329e+00
1082	3.010367e-01	3.939742e-01	1.717147e+00
1083	3.896681e-01	3.362754e-01	2.173425e+00
1084	4.243472e-01	3.845407e-01	2.585735e+00
1085	3.665847e-01	2.247009e-01	2.657059e+00
1086	3.209949e-01	3.123313e-01	2.276991e+00
1087	4.310342e-01	3.713724e-01	2.162677e+00
1089	3.792936e-01	1.184371e-01	2.195896e+00
1090	3.976656e-01	3.184862e-01	1.145579e+00
1091	3.695414e-01	3.516320e-01	2.082560e+00
1092	6.353701e-01	4.489386e-01	1.276502e+00
1094	3.724256e-01	4.007553e-01	2.548608e+00
1095	4.533320e-01	2.834198e-01	2.239863e+00
1096	4.809494e-01	2.972813e-01	2.051295e+00
1097	4.558408e-01	3.563912e-01	1.422081e+00
1099	4.541546e-01	3.229522e-01	2.954079e+00
1100	3.909870e-01	2.192162e-01	1.329262e+00
1101	3.532391e-01	3.256365e-01	2.976551e+00
1102	3.477343e-01	3.224805e-01	2.951148e+00
1103	3.997659e-01	2.951988e-01	2.518319e+00
1104	4.129393e-01	3.445738e-01	2.981436e+00
1105	3.219540e-01	3.678312e-01	2.454812e+00
1106	2.472243e-01	3.315796e-01	2.609184e+00
1107	3.603720e-01	2.984101e-01	2.993161e+00
1108	3.868439e-01	3.013806e-01	1.934050e+00
1110	4.093045e-01	3.207237e-01	2.075721e+00
1112	2.542176e-01	3.591435e-01	2.393258e+00
1113	4.287528e-01	2.880504e-01	2.895457e+00
1114	3.902106e-01	3.319255e-01	2.862237e+00
1116	4.461606e-01	4.493904e-01	2.458720e+00
1117	3.169392e-01	1.714533e-01	2.796776e+00
1118	3.693974e-01	3.765923e-01	2.902296e+00
1119	4.527185e-01	3.228608e-01	1.758183e+00
1121	2.612582e-01	3.517049e-01	1.007816e+00
1122	3.347124e-01	3.599367e-01	1.749389e+00
1123	3.435668e-01	5.063404e-01	2.521251e+00
1124	3.380006e-01	3.057229e-01	2.923791e+00
1125	3.242291e-01	6.323076e-01	1.164143e+00
1126	4.294557e-01	2.612125e-01	1.873473e+00
1127	2.390102e-01	2.297297e-01	2.126527e+00
1128	4.144414e-01	4.118604e-01	1.273571e+00
1129	3.724700e-01	3.915360e-01	2.563263e+00
1130	3.978511e-01	2.643383e-01	1.869565e+00
1131	4.135086e-01	3.023881e-01	1.325354e+00
1132	3.348606e-01	3.511014e-01	2.111871e+00
1133	2.462294e-01	3.277806e-01	2.736199e+00
1134	4.482635e-01	3.797896e-01	2.436248e+00
1135	3.372271e-01	3.330440e-01	1.894968e+00
1136	2.505244e-01	4.629694e-01	1.706400e+00
1137	3.635264e-01	2.134936e-01	2.099170e+00
1138	4.357535e-01	4.192050e-01	1.904739e+00
1139	3.383348e-01	3.559470e-01	2.138251e+00
1140	4.285259e-01	4.108659e-01	2.196873e+00
1141	3.795951e-01	3.433589e-01	2.827064e+00
1142	4.930870e-01	4.270727e-01	2.310210e+00
1143	4.146382e-01	3.477760e-01	1.335125e+00
1144	3.411246e-01	3.572286e-01	2.974597e+00
1145	3.305949e-01	3.023215e-01	2.719590e+00
1146	3.100365e-01	1.001884e-01	1.246214e+00
1147	4.833111e-01	3.046165e-01	2.170493e+00
1148	4.053021e-01	3.037521e-01	1.166097e+00
1149	4.503484e-01	4.262868e-01	1.371275e+00
1150	3.755484e-01	3.433904e-01	2.399121e+00
1151	1.398614e-01	2.154822e-01	2.064973e+00
1152	3.688916e-01	2.164555e-01	1.170005e+00
1153	3.395871e-01	2.393250e-01	2.560332e+00
1154	3.883275e-01	2.948834e-01	1.782609e+00
1155	4.250142e-01	3.227434e-01	2.902296e+00
1156	3.589563e-01	2.976333e-01	3.000000e+00
1157	3.838687e-01	2.376244e-01	1.047875e+00
1159	4.870789e-01	5.010933e-01	1.893014e+00
1160	3.530563e-01	2.473705e-01	1.280410e+00
1162	3.518691e-01	4.142326e-01	1.655594e+00
1163	4.269362e-01	2.563628e-01	2.885686e+00
1164	1.960733e-01	5.257270e-01	2.573034e+00
1166	3.474838e-01	4.411323e-01	2.524182e+00
1167	3.351982e-01	3.070602e-01	2.076698e+00
1168	3.702334e-01	3.857860e-01	2.651197e+00
1169	3.853087e-01	2.973715e-01	1.767953e+00
1171	3.308498e-01	3.497465e-01	1.411334e+00
1174	3.929380e-01	2.566603e-01	1.842208e+00
1175	3.117959e-01	4.651387e-01	2.734245e+00
1176	5.294077e-01	7.172700e-02	1.146556e+00
1177	3.244918e-01	3.524037e-01	2.650220e+00
1178	4.956518e-01	3.896664e-01	2.899365e+00
1179	4.408187e-01	9.930108e-02	2.624817e+00
1180	4.293242e-01	2.704488e-01	2.791891e+00
1181	3.061000e-01	4.554741e-01	1.443576e+00
1183	9.917734e-02	1.767455e-01	2.008305e+00
1184	4.516804e-01	3.691089e-01	1.156326e+00
1185	3.721097e-01	3.179823e-01	2.619932e+00
1186	3.816156e-01	9.250137e-02	1.445530e+00
1187	3.207909e-01	3.626584e-01	1.825598e+00
1188	3.276151e-01	3.770137e-01	1.490474e+00
1189	3.878839e-01	2.328302e-01	2.922814e+00
1191	3.946203e-01	4.014824e-01	1.455300e+00
1192	4.501983e-01	3.587342e-01	1.888129e+00
1193	3.098384e-01	2.661484e-01	2.954079e+00
1194	3.659330e-01	2.339292e-01	2.640449e+00
1195	3.079421e-01	4.476943e-01	1.257938e+00
1196	4.828139e-01	3.077537e-01	2.626771e+00
1197	4.590988e-01	2.412155e-01	1.746458e+00
1198	3.684726e-01	3.374360e-01	1.221788e+00
1199	5.590002e-01	3.264381e-01	1.347826e+00
1200	4.874675e-01	2.667377e-01	2.531021e+00
1201	4.526549e-01	2.877828e-01	2.870054e+00
1202	4.443316e-01	2.682516e-01	3.000000e+00
1203	3.425482e-01	3.377677e-02	1.818759e+00
1204	4.160788e-01	2.330107e-01	1.163166e+00
1205	3.007808e-01	3.122398e-01	2.823156e+00
1206	3.687664e-01	3.917394e-01	1.397655e+00
1207	3.172323e-01	2.310469e-01	1.317538e+00
1208	3.511817e-01	2.786434e-01	1.383000e+00
1210	4.386831e-01	4.673644e-01	2.850513e+00
1211	2.681222e-01	1.994655e-01	2.454812e+00
1212	2.754664e-01	4.311197e-01	2.031754e+00
1213	3.650396e-01	3.448537e-01	1.637030e+00
1214	3.926245e-01	2.806273e-01	2.955056e+00
1215	3.642779e-01	3.425080e-01	2.632633e+00
1216	4.449537e-01	3.311562e-01	1.953591e+00
1217	4.090035e-01	3.202112e-01	2.460674e+00
1218	7.068134e-01	1.800262e-01	1.196385e+00
1220	4.012692e-01	5.606369e-01	2.021006e+00
1221	3.027583e-01	6.607598e-01	2.527113e+00
1222	3.682716e-01	3.023978e-01	2.543723e+00
1223	5.181994e-01	3.195555e-01	1.703468e+00
1224	4.760240e-01	3.298093e-01	1.115291e+00
1226	3.091313e-01	2.421669e-01	2.105032e+00
1227	3.458130e-01	2.748220e-01	2.441133e+00
1228	4.376931e-01	2.898954e-01	2.604299e+00
1229	2.996947e-01	3.311393e-01	2.390327e+00
1230	3.853698e-01	3.979755e-01	2.063996e+00
1231	4.492302e-01	3.243060e-01	2.043478e+00
1232	3.844326e-01	3.329415e-01	1.523693e+00
1233	4.078656e-01	3.351725e-01	1.969223e+00
1234	4.742050e-01	6.426909e-01	1.782609e+00
1235	4.950528e-01	3.674754e-01	2.079629e+00
1236	4.362746e-01	1.360344e-01	2.675623e+00
1237	3.570961e-01	3.447417e-01	2.221299e+00
1238	2.768888e-01	4.396837e-01	1.449438e+00
1239	2.959543e-01	2.589862e-01	2.145090e+00
1240	7.208500e-01	1.475868e-01	1.699560e+00
1241	4.451675e-01	2.972702e-01	1.530532e+00
1242	4.711158e-01	2.600804e-01	1.497313e+00
1243	3.890913e-01	3.639101e-01	2.941378e+00
1244	5.730578e-01	4.727328e-01	1.049829e+00
1245	5.590208e-01	3.478147e-01	2.659013e+00
1246	3.950347e-01	3.744142e-01	1.352711e+00
1247	4.592190e-01	4.929096e-01	2.130435e+00
1248	3.692610e-01	2.392984e-01	2.205667e+00
1249	2.978590e-01	3.941106e-01	2.596483e+00
1250	3.332949e-01	3.429178e-01	1.509038e+00
1251	5.530546e-01	6.619401e-01	2.791891e+00
1252	3.663958e-01	2.953624e-01	2.280899e+00
1253	4.127354e-01	2.938035e-01	2.403029e+00
1254	2.853727e-01	2.984060e-01	1.936981e+00
1255	2.241895e-01	4.162307e-01	1.296043e+00
1256	4.565491e-01	1.627240e-01	2.641426e+00
1257	3.950360e-01	3.619712e-01	2.440156e+00
1258	4.444754e-01	3.291783e-01	1.798241e+00
1260	4.587026e-01	2.088179e-01	1.712262e+00
1261	3.476867e-01	2.462872e-01	2.961895e+00
1262	4.485493e-01	3.321229e-01	1.598925e+00
1263	3.763456e-01	3.796371e-01	2.942355e+00
1264	3.726794e-01	3.375712e-01	2.190034e+00
1266	4.827313e-01	3.129544e-01	1.212995e+00
1267	3.764851e-01	3.315281e-01	2.884709e+00
1268	3.821771e-01	3.327647e-01	1.595017e+00
1269	4.197376e-01	3.375614e-01	2.224231e+00
1270	3.545376e-01	3.509241e-01	2.834880e+00
1274	4.580340e-01	1.787956e-01	2.989253e+00
1275	4.020722e-01	2.768082e-01	2.994138e+00
1277	4.512756e-01	2.872876e-01	2.765511e+00
1278	4.049663e-01	3.091143e-01	2.046409e+00
1279	3.268726e-01	3.133850e-01	1.152418e+00
1280	6.205475e-01	1.213880e-01	2.244748e+00
1281	4.588666e-01	2.871863e-01	2.935515e+00
1282	4.060213e-01	3.068065e-01	2.528090e+00
1283	2.446137e-01	6.373395e-01	1.950660e+00
1284	5.829190e-01	1.450094e-01	2.106009e+00
1285	3.817708e-01	2.631189e-01	2.655105e+00
1286	2.960388e-01	3.372112e-01	2.695164e+00
1288	3.385389e-01	2.516585e-01	2.430386e+00
1289	5.605776e-01	3.438918e-01	2.187103e+00
1290	3.864646e-01	2.451667e-01	2.880801e+00
1291	4.704117e-01	3.730553e-01	1.118222e+00
1293	3.952166e-01	4.516507e-01	2.978505e+00
1294	3.501034e-01	2.970434e-01	2.590620e+00
1295	2.068218e-01	4.419138e-01	1.416219e+00
1297	2.563994e-01	2.107041e-01	1.291158e+00
1298	3.137328e-01	2.930349e-01	1.170005e+00
1299	4.563145e-01	3.493923e-01	2.727406e+00
1300	3.866018e-01	3.398965e-01	2.416707e+00
1301	3.518388e-01	2.597311e-01	1.214949e+00
1303	4.321400e-01	2.801365e-01	2.152907e+00
1304	4.089525e-01	3.893257e-01	1.657548e+00
1305	4.782315e-01	2.602659e-01	2.051295e+00
1306	3.854374e-01	2.770023e-01	2.519297e+00
1307	3.401052e-01	3.420057e-01	1.166097e+00
1308	3.587230e-01	3.197379e-01	2.053249e+00
1309	3.827204e-01	4.525340e-01	1.833415e+00
1310	3.951946e-01	2.997382e-01	1.275525e+00
1311	3.466394e-01	2.653239e-01	2.477284e+00
1312	3.251858e-01	2.509189e-01	2.601368e+00
1313	4.601143e-01	3.365274e-01	2.955056e+00
1314	4.511773e-01	4.109466e-01	2.009282e+00
1315	4.166648e-01	3.802673e-01	2.046409e+00
1316	4.413992e-01	3.444644e-01	2.063019e+00
1317	4.320990e-01	2.564387e-01	2.537860e+00
1318	3.051668e-01	3.057227e-01	2.890572e+00
1319	4.197510e-01	2.872786e-01	1.899853e+00
1321	4.172701e-01	2.719832e-01	2.084514e+00
1322	4.430459e-01	3.137135e-01	2.120664e+00
1323	4.238740e-01	2.954490e-01	2.201759e+00
1324	2.772234e-01	4.701544e-01	2.396190e+00
1325	4.002389e-01	1.844761e-01	1.815828e+00
1326	6.600798e-01	2.765206e-02	2.284807e+00
1327	3.881029e-01	3.671338e-01	1.021495e+00
1328	3.608146e-02	5.400235e-01	1.059599e+00
1329	2.167195e-01	3.549307e-01	1.655594e+00
1330	4.010282e-01	2.823891e-01	2.658036e+00
1331	4.535484e-01	3.504573e-01	2.494871e+00
1332	2.938587e-01	3.371668e-01	1.962384e+00
1333	4.250591e-01	2.621823e-01	2.987298e+00
1334	5.274381e-01	2.964558e-01	2.722521e+00
1335	2.765147e-01	3.980463e-01	2.400098e+00
1336	4.267184e-01	2.861268e-01	1.836346e+00
1338	4.281500e-01	1.755005e-01	2.736199e+00
1339	3.949466e-01	4.223879e-01	1.128969e+00
1340	4.160942e-01	3.690559e-01	1.536395e+00
1341	4.080041e-01	2.737661e-01	1.802149e+00
1342	3.367119e-01	2.887804e-01	2.236932e+00
1343	3.231552e-01	3.096744e-01	1.706400e+00
1344	4.575122e-01	3.068354e-01	1.800195e+00
1345	3.122353e-01	2.762179e-01	1.365413e+00
1346	4.790652e-01	3.475804e-01	2.063996e+00
1347	5.288631e-01	2.654074e-01	2.178310e+00
1349	4.468739e-01	2.836422e-01	1.878359e+00
1350	3.437057e-01	2.068753e-01	1.049829e+00
1351	3.563083e-01	3.777463e-01	2.364924e+00
1352	3.579194e-01	3.223250e-01	1.763068e+00
1353	4.237613e-01	3.076549e-01	1.843185e+00
1354	3.971179e-01	4.041002e-01	2.164631e+00
1355	4.215795e-01	2.973993e-01	2.629702e+00
1356	3.537019e-01	6.763682e-01	2.917929e+00
1357	4.312451e-01	3.093567e-01	2.522228e+00
1359	4.612814e-01	4.237862e-01	1.450415e+00
1361	3.931394e-01	2.808257e-01	1.512946e+00
1362	4.947333e-01	3.453028e-01	1.676111e+00
1364	4.206778e-01	3.145519e-01	1.855887e+00
1365	3.864296e-01	3.737350e-01	1.180752e+00
1366	5.069953e-01	3.275887e-01	2.835857e+00
1367	4.311791e-01	2.647055e-01	2.792868e+00
1369	4.331760e-01	3.875960e-01	2.096238e+00
1370	1.508000e-01	1.020985e-01	2.609184e+00
1371	3.075813e-01	4.724692e-01	2.073766e+00
1372	4.376049e-01	2.996457e-01	2.155838e+00
1375	1.000249e-01	1.322795e-01	1.465071e+00
1376	4.136081e-01	3.550880e-01	2.947240e+00
1377	4.384705e-01	2.364119e-01	2.064973e+00
1378	3.098425e-01	3.524728e-01	1.668295e+00
1379	4.326137e-01	3.132878e-01	1.189546e+00
1380	3.781010e-01	2.373060e-01	2.301417e+00
1383	4.080011e-01	1.767727e-01	2.735222e+00
1384	4.356215e-01	2.602565e-01	1.857841e+00
1385	1.703713e-01	4.299080e-01	2.497802e+00
1386	3.627348e-01	3.746126e-01	2.556424e+00
1387	4.282908e-01	3.961941e-01	2.993161e+00
1388	4.121678e-01	4.221629e-01	2.166585e+00
1389	4.660372e-01	3.394058e-01	2.121641e+00
1390	2.823488e-01	3.009449e-01	2.803615e+00
1391	3.612493e-01	2.936660e-01	1.400586e+00
1392	3.984364e-01	3.036636e-01	1.563752e+00
1393	3.566031e-01	2.478657e-01	1.372252e+00
1394	2.716964e-01	5.092633e-01	2.209575e+00
1396	4.141021e-01	3.906129e-01	1.933073e+00
1397	3.669805e-01	1.110182e-03	2.647289e+00
1398	3.643153e-01	3.148770e-01	2.408891e+00
1399	4.371381e-01	3.914411e-01	1.973131e+00
1400	4.398747e-01	2.831110e-01	1.211041e+00
1402	3.630454e-01	3.316454e-01	2.040547e+00
1403	4.538399e-01	3.705354e-01	1.478749e+00
1404	5.258210e-01	2.808537e-01	2.397167e+00
1405	3.313345e-01	3.854055e-01	1.195408e+00
1406	3.687531e-01	7.356890e-03	2.187103e+00
1408	3.627301e-01	3.364725e-01	1.061553e+00
1409	4.531930e-01	3.300068e-01	1.982902e+00
1410	5.123439e-01	5.272469e-01	2.885686e+00
1411	3.668886e-01	3.433566e-01	2.782120e+00
1412	3.342788e-01	1.865137e-01	1.925256e+00
1413	4.275483e-01	4.447616e-01	2.667807e+00
1414	4.189245e-01	2.974567e-01	1.808989e+00
1415	2.891736e-01	2.163805e-01	1.599902e+00
1416	5.635138e-01	3.219993e-01	2.109917e+00
1417	3.710881e-01	3.116377e-01	1.787494e+00
1418	4.503606e-01	4.483285e-01	1.056668e+00
1419	3.788775e-01	3.160231e-01	1.356619e+00
1420	4.631878e-01	2.997184e-01	1.866634e+00
1421	3.404785e-01	2.902596e-01	1.653639e+00
1422	4.702827e-01	2.727051e-01	2.148021e+00
1423	3.876842e-01	3.788291e-01	2.803615e+00
1425	3.779472e-01	1.596863e-01	1.481681e+00
1426	2.002293e-01	9.854410e-02	1.525647e+00
1428	3.758106e-01	4.139369e-01	2.692233e+00
1429	4.277681e-01	3.022953e-01	2.785051e+00
1432	2.648163e-01	7.030262e-01	2.716659e+00
1433	3.637685e-01	3.035388e-01	2.196873e+00
1434	4.617588e-01	4.087461e-01	2.574988e+00
1435	4.032115e-01	3.030229e-01	2.226185e+00
1436	4.275524e-01	2.908519e-01	1.104543e+00
1437	3.619424e-01	3.564301e-01	1.493405e+00
1439	4.226317e-01	3.547148e-01	1.462140e+00
1441	3.072695e-01	3.420688e-01	2.223254e+00
1442	3.879137e-01	2.766001e-01	2.207621e+00
1443	4.903295e-01	3.239944e-01	2.059111e+00
1444	3.024457e-01	3.002367e-01	1.150464e+00
1445	5.505331e-01	2.925811e-01	2.399121e+00
1446	4.883106e-01	2.949210e-01	2.227162e+00
1447	3.684699e-01	3.185341e-01	2.134343e+00
1448	2.045952e-01	3.611627e-01	2.229116e+00
1449	4.105483e-01	4.620635e-01	1.715193e+00
1450	5.005118e-01	6.573033e-01	2.883732e+00
1451	3.745652e-01	2.534436e-01	2.244748e+00
1452	3.568542e-01	2.732539e-01	2.822179e+00
1453	3.797649e-01	2.955274e-01	2.239863e+00
1454	5.788403e-01	5.958648e-01	1.034196e+00
1455	2.181404e-01	5.222534e-01	2.716659e+00
1456	4.315661e-01	4.767026e-01	1.645823e+00
1457	3.744642e-01	2.075864e-01	1.725940e+00
1458	3.361479e-01	3.398107e-01	2.791891e+00
1459	4.151904e-01	2.628428e-01	1.751343e+00
1460	4.680765e-01	1.794522e-01	1.628236e+00
1461	4.180440e-01	3.663069e-01	1.029311e+00
1462	3.541921e-01	2.697335e-01	2.070835e+00
1463	6.239765e-01	1.884872e-01	1.798241e+00
1464	3.763092e-01	3.658559e-01	2.493894e+00
1465	3.872596e-01	3.032545e-01	2.102101e+00
1466	3.663581e-01	3.159214e-01	2.455789e+00
1467	3.818036e-01	2.957036e-01	2.363947e+00
1468	5.138397e-01	8.276566e-02	1.084025e+00
1469	4.593261e-01	2.860312e-01	1.581339e+00
1472	5.640710e-01	2.633245e-01	2.235955e+00
1473	4.931476e-01	3.836072e-01	1.804104e+00
1474	7.064713e-01	1.720760e-01	2.747924e+00
1475	4.590403e-01	3.427541e-01	1.969223e+00
1476	3.549296e-01	3.416890e-01	2.706888e+00
1477	5.247175e-01	2.148050e-01	1.231558e+00
1479	5.803576e-01	2.660682e-01	2.075721e+00
1480	2.757604e-01	4.397800e-01	1.543234e+00
1481	5.082367e-01	3.349559e-01	2.030777e+00
1482	3.649899e-01	3.314124e-01	1.523693e+00
1484	3.871882e-01	3.798715e-01	1.997557e+00
1485	3.758045e-01	2.945335e-01	1.725940e+00
1486	1.987396e-01	2.508304e-01	1.153395e+00
1487	4.500965e-01	2.577227e-01	1.253053e+00
1488	2.859264e-01	2.911396e-01	2.925745e+00
1489	5.201934e-01	3.621096e-01	1.417196e+00
1490	2.257097e-01	5.410764e-01	1.613581e+00
1491	2.686092e-01	1.503123e-01	1.047875e+00
1492	4.246469e-01	2.770379e-01	1.384954e+00
1495	3.003605e-01	2.886352e-01	1.201270e+00
1496	3.847310e-01	3.161368e-01	1.347826e+00
1497	2.846103e-01	3.928155e-01	2.852467e+00
1499	6.259085e-01	2.007326e-01	2.479238e+00
1500	3.453212e-01	1.947729e-01	1.982902e+00
1501	4.257760e-01	2.672092e-01	2.925745e+00
1502	8.008094e-02	1.370856e-01	1.167074e+00
1505	6.969394e-01	2.138451e-01	2.765511e+00
1506	3.665679e-01	3.185978e-01	1.329262e+00
1507	3.734660e-01	2.047230e-01	1.169028e+00
1508	5.889050e-01	4.798036e-01	1.092819e+00
1509	1.193828e-01	7.847879e-02	2.261358e+00
1510	3.461260e-01	3.159707e-01	2.436248e+00
1511	3.598088e-01	2.648892e-01	2.255496e+00
1512	3.929306e-01	5.836582e-02	1.693698e+00
1513	1.730387e-01	1.538146e-02	1.655594e+00
1515	4.246292e-01	2.111209e-01	1.942843e+00
1516	5.981917e-01	2.530424e-01	1.339033e+00
1519	7.372262e-01	1.999377e-01	1.598925e+00
1520	3.854091e-01	2.710309e-01	2.823156e+00
1521	3.618245e-01	3.162770e-01	1.132877e+00
1522	4.271808e-01	1.465758e-01	1.176844e+00
1524	4.058073e-01	3.201877e-01	2.567171e+00
1526	5.700437e-01	3.657372e-01	2.589643e+00
1527	6.667165e-01	7.752434e-01	1.785540e+00
1528	4.263087e-01	2.819170e-01	1.034196e+00
1529	3.766371e-01	2.875131e-01	1.602833e+00
1531	5.424711e-01	3.586536e-01	2.484123e+00
1532	3.636292e-01	3.049617e-01	1.414265e+00
1533	3.671724e-01	3.140645e-01	1.421104e+00
1534	4.774643e-01	2.123822e-01	1.716170e+00
1535	3.066303e-01	4.578658e-01	2.744993e+00
1537	3.940133e-01	3.452610e-01	1.691744e+00
1538	4.083546e-01	3.406041e-01	1.178798e+00
1539	4.118092e-01	4.338630e-01	2.830972e+00
1540	3.982159e-01	3.298925e-01	2.686370e+00
1541	4.679797e-01	2.230754e-01	1.747435e+00
1542	3.887923e-01	2.884846e-01	1.429897e+00
1543	3.983044e-01	3.217562e-01	2.558378e+00
1545	4.079256e-01	2.839962e-01	1.731803e+00
1548	3.360909e-01	3.963748e-01	1.051783e+00
1549	5.558591e-01	2.881731e-02	2.582804e+00
1550	9.046090e-01	4.795257e-01	2.906204e+00
1551	4.567388e-01	2.253583e-01	2.308256e+00
1552	5.168451e-01	6.681320e-01	2.203713e+00
1553	4.054363e-01	2.971207e-01	1.851001e+00
1554	2.463705e-01	3.634134e-01	2.557401e+00
1555	4.632747e-01	8.220641e-02	2.127504e+00
1556	2.944202e-01	3.892279e-01	1.183683e+00
1557	3.852252e-01	3.346404e-01	1.517831e+00
1558	1.348986e-01	2.844140e-01	2.406937e+00
1559	4.688272e-01	3.638239e-01	2.077675e+00
1561	4.095846e-01	2.571193e-01	1.929165e+00
1562	3.553730e-01	3.101829e-01	1.023449e+00
1563	4.023978e-01	2.639282e-01	1.064485e+00
1565	3.648517e-01	3.353083e-01	1.845139e+00
1567	3.175718e-01	3.028399e-01	2.472399e+00
1568	3.092859e-01	3.803330e-01	1.151441e+00
1569	3.747556e-01	2.774806e-01	2.558378e+00
1570	7.165855e-01	1.411822e-01	2.004397e+00
1572	1.496076e-01	4.448458e-01	1.558867e+00
1573	3.865671e-01	3.694897e-01	2.801661e+00
1574	3.831090e-01	3.351613e-01	2.544700e+00
1575	3.999157e-01	3.599779e-01	1.345872e+00
1576	3.912353e-01	3.197271e-01	1.686859e+00
1577	2.929310e-01	2.275296e-01	2.725452e+00
1579	2.441762e-01	2.770698e-01	1.786517e+00
1580	3.339328e-01	3.458968e-01	2.437225e+00
1581	3.776842e-01	3.268749e-01	2.128481e+00
1583	4.025861e-01	5.286426e-01	1.586224e+00
1584	3.301371e-01	3.731943e-01	1.923302e+00
1586	3.161088e-01	4.079986e-01	1.829507e+00
1587	3.667430e-01	1.534590e-01	2.114802e+00
1588	3.415823e-01	3.169698e-01	1.063508e+00
1589	3.343120e-01	3.517783e-01	2.355154e+00
1590	3.988331e-01	2.941290e-01	2.793845e+00
1591	8.796346e-01	1.534739e-01	2.389350e+00
1593	3.231202e-01	4.705050e-01	2.190034e+00
1594	7.259478e-01	1.135915e-01	1.904739e+00
1595	4.664002e-01	3.019363e-01	1.589155e+00
1596	3.616623e-01	3.159612e-01	2.608207e+00
1597	3.856131e-01	3.221583e-01	1.751343e+00
1598	3.880528e-01	3.899453e-01	1.317538e+00
1599	3.993238e-01	3.091970e-01	2.326820e+00
1600	1.211103e-01	3.519694e-01	2.483146e+00
1601	1.699430e-01	3.405178e-01	2.167562e+00
1602	3.285872e-01	3.703566e-01	2.565217e+00
1603	3.526761e-01	3.349233e-01	2.701026e+00
1604	4.420257e-01	2.836374e-01	2.196873e+00
1605	3.870242e-01	2.606642e-01	2.236932e+00
1606	1.923140e-01	3.578688e-01	1.756229e+00
1607	5.303343e-01	2.565074e-01	2.469468e+00
1608	8.152300e-01	4.086359e-02	2.740107e+00
1609	4.102658e-01	1.373446e-01	2.376649e+00
1610	6.144184e-01	2.030138e-01	1.635076e+00
1611	4.128981e-01	3.327162e-01	1.985833e+00
1612	4.433521e-01	2.868505e-01	2.683439e+00
1613	3.935634e-01	3.099714e-01	2.635564e+00
1615	3.334469e-01	2.694146e-01	2.240840e+00
1616	3.320278e-01	6.180861e-01	2.932584e+00
1618	3.842253e-01	3.208105e-01	1.688813e+00
1620	3.999371e-01	3.402714e-01	2.625794e+00
1621	3.704797e-01	3.344937e-01	1.874450e+00
1623	3.654927e-01	3.179398e-01	1.112360e+00
1624	4.155470e-01	2.512614e-01	2.001466e+00
1625	3.015962e-01	2.985962e-01	2.370787e+00
1626	4.718058e-01	3.129067e-01	2.454812e+00
1627	3.703272e-01	3.094230e-01	2.880801e+00
1629	4.839514e-01	2.896536e-01	2.137274e+00
1630	3.164227e-01	3.904066e-01	1.475818e+00
1633	4.387561e-01	2.563706e-01	2.905227e+00
1634	3.830733e-01	3.128173e-01	2.163654e+00
1635	3.348668e-01	4.135788e-01	2.358085e+00
1637	3.128682e-01	4.015748e-01	2.169516e+00
1638	3.861845e-01	3.138289e-01	1.574499e+00
1639	2.258032e-01	2.949596e-01	2.104055e+00
1640	3.654342e-01	3.496613e-01	1.770884e+00
1641	7.380061e-01	8.031731e-02	2.212506e+00
1642	5.460503e-01	3.384862e-02	1.830484e+00
1643	3.194060e-01	4.569432e-01	2.361993e+00
1644	2.958409e-01	3.138571e-01	1.606742e+00
1646	4.126714e-01	2.732613e-01	1.875427e+00
1647	3.728137e-01	3.704770e-01	2.490962e+00
1648	4.814519e-01	3.266278e-01	1.409380e+00
1649	2.899010e-01	3.139003e-01	2.132389e+00
1650	6.074462e-01	3.313903e-02	1.424035e+00
1652	3.851540e-01	3.137437e-01	1.721055e+00
1653	3.880595e-01	3.033825e-01	1.192477e+00
1654	4.234790e-01	3.160321e-01	1.812897e+00
1655	4.281509e-01	3.424486e-01	1.871519e+00
1656	4.574956e-01	3.015806e-01	2.771373e+00
1657	4.108182e-01	3.877928e-01	2.809477e+00
1658	4.990152e-01	2.213734e-01	2.176356e+00
1659	5.411147e-01	2.302335e-01	2.525159e+00
1660	4.197855e-01	2.823831e-01	2.669761e+00
1661	3.625333e-01	3.708823e-01	1.865657e+00
1664	4.187341e-01	2.346860e-01	2.751832e+00
1665	4.713286e-01	3.233855e-01	2.413776e+00
1666	4.285618e-01	3.469552e-01	2.827064e+00
1667	3.662441e-01	2.539320e-01	2.991207e+00
1669	2.719612e-01	3.339205e-01	2.843674e+00
1670	3.653377e-01	3.046548e-01	2.480215e+00
1672	1.868928e-01	2.889211e-01	1.798241e+00
1673	3.810834e-01	3.242502e-01	2.852467e+00
1675	4.497897e-01	3.042404e-01	2.756717e+00
1679	7.744079e-01	2.694175e-01	1.263801e+00
1681	7.252738e-01	9.401743e-02	1.905716e+00
1682	3.331737e-01	3.224675e-01	2.451881e+00
1688	3.416381e-01	4.088844e-01	1.087934e+00
1689	7.067679e-01	1.158803e-01	1.141671e+00
1691	4.687320e-01	4.131987e-01	2.122618e+00
1692	4.189347e-01	2.267720e-01	1.519785e+00
1693	4.616101e-01	3.720425e-01	1.455300e+00
1694	3.590797e-01	3.245379e-01	2.119687e+00
1695	4.702719e-01	7.714526e-02	1.228627e+00
1696	4.515654e-01	2.541152e-01	1.396678e+00
1697	3.948209e-01	3.004655e-01	2.823156e+00
1698	5.547627e-01	2.723009e-01	1.030288e+00
1699	4.613056e-01	3.443524e-01	1.604787e+00
1700	4.108396e-01	2.675160e-01	2.290669e+00
1701	5.058628e-01	1.180856e-01	2.669761e+00
1703	3.656852e-01	3.067325e-01	1.828530e+00
1704	4.018333e-01	3.031874e-01	2.141182e+00
1705	3.725587e-01	3.104975e-01	1.916463e+00
1706	3.483877e-01	3.091515e-01	1.868588e+00
1707	4.119181e-01	3.411803e-01	1.210064e+00
1708	4.133968e-01	2.889999e-01	1.056668e+00
1710	4.174591e-01	3.682021e-01	2.385442e+00
1711	5.900712e-01	6.157966e-01	1.733757e+00
1712	3.726474e-01	2.775629e-01	1.249145e+00
1714	3.713174e-01	3.655113e-01	2.191011e+00
1715	3.657112e-01	3.407535e-01	2.391304e+00
1717	5.494763e-01	3.353273e-01	2.142159e+00
1718	3.157164e-01	3.222378e-01	1.539326e+00
1719	4.640673e-01	2.200510e-01	2.917929e+00
1720	5.569870e-01	4.034651e-01	1.940889e+00
1722	1.458481e-01	3.042294e-01	1.871519e+00
1723	3.925892e-01	3.282047e-01	2.197851e+00
1725	3.964169e-01	2.925568e-01	1.103566e+00
1726	4.144508e-01	3.127789e-01	2.199805e+00
1727	3.865316e-01	3.538737e-01	2.901319e+00
1728	4.101364e-01	3.298472e-01	2.394235e+00
1729	4.223112e-01	1.575966e-01	2.729360e+00
1731	4.711916e-01	4.984707e-01	2.066927e+00
1732	3.280433e-01	3.311482e-01	1.179775e+00
1733	3.523366e-01	2.851063e-01	2.250611e+00
1735	1.624859e-01	3.490379e-01	1.398632e+00
1736	4.799950e-01	4.974948e-01	1.000000e+00
1737	4.447326e-01	3.300127e-01	1.929165e+00
1738	3.472835e-01	3.242753e-01	1.326331e+00
1739	4.277775e-01	2.811860e-01	2.799707e+00
1740	1.261642e-01	1.617375e-01	1.210064e+00
1742	2.806584e-01	4.454349e-01	1.741573e+00
1743	2.032858e-01	1.554129e-01	1.858818e+00
1744	4.564360e-01	3.076967e-01	1.612604e+00
1745	4.485554e-01	2.624911e-01	1.720078e+00
1746	4.592132e-01	3.225374e-01	2.707865e+00
1747	4.166093e-01	3.180791e-01	2.856375e+00
1749	3.646492e-01	3.299397e-01	1.605765e+00
1750	4.451099e-01	3.247543e-01	1.273571e+00
1751	6.925922e-01	2.263917e-01	2.294577e+00
1752	4.291482e-01	3.046123e-01	2.261358e+00
1753	3.605364e-01	2.636786e-01	2.146067e+00
1754	3.420869e-01	4.150021e-01	1.349780e+00
1756	3.498012e-01	3.282436e-01	1.849047e+00
1757	4.050268e-01	2.810660e-01	2.970689e+00
1758	3.584481e-01	3.157156e-01	1.912555e+00
1759	3.963668e-01	3.058710e-01	2.725452e+00
1760	5.058819e-01	3.606222e-01	2.416707e+00
1761	3.967300e-01	3.278088e-01	2.902296e+00
1762	3.844189e-01	2.799167e-01	1.231558e+00
1763	3.589281e-01	3.207118e-01	2.010259e+00
1764	4.280819e-01	3.140706e-01	1.864680e+00
1765	3.447019e-01	3.153303e-01	1.401563e+00
1766	4.150603e-01	2.988181e-01	1.619443e+00
1767	3.740416e-01	1.178510e-01	2.412799e+00
1769	4.152951e-01	3.497048e-01	2.468490e+00
1770	4.171663e-01	3.732765e-01	2.504641e+00
1771	3.765040e-01	3.224818e-01	1.830484e+00
1772	3.736396e-01	3.378145e-01	2.949194e+00
1773	3.844907e-01	3.166269e-01	2.943332e+00
1774	4.056187e-01	3.130160e-01	2.629702e+00
1775	3.630751e-01	3.671982e-01	1.385931e+00
1776	3.490181e-01	3.756425e-01	1.112360e+00
1777	3.523988e-01	3.901211e-01	1.168051e+00
1778	3.523432e-01	3.137786e-01	1.044944e+00
1779	3.886438e-01	3.155208e-01	1.571568e+00
1781	3.506542e-01	3.405034e-01	1.047875e+00
1784	3.422976e-01	3.002510e-01	1.018564e+00
1785	3.552988e-01	3.401270e-01	1.857841e+00
1786	4.330743e-01	2.848701e-01	1.878359e+00
1787	3.938116e-01	3.139441e-01	2.875916e+00
1788	3.840269e-01	3.340754e-01	1.488520e+00
1789	3.919347e-01	3.257027e-01	2.688324e+00
1790	4.637605e-01	4.019234e-01	2.486077e+00
1791	3.615418e-01	2.307818e-01	2.162677e+00
1792	4.619253e-01	2.106110e-01	1.360528e+00
1794	3.199501e-01	2.880170e-01	1.508061e+00
1795	4.799784e-01	3.820366e-01	2.316072e+00
1796	4.165345e-01	3.267636e-01	2.488031e+00
1798	3.854180e-01	3.857376e-01	1.824621e+00
1799	4.399424e-01	2.665826e-01	1.745481e+00
1800	4.009041e-01	3.054789e-01	1.765999e+00
1801	4.456595e-01	2.772408e-01	1.366390e+00
1802	3.731565e-01	3.604145e-01	2.291646e+00
1803	3.665465e-01	2.703030e-01	1.470933e+00
1804	3.923636e-01	3.240672e-01	1.059599e+00
1805	4.007027e-01	2.855578e-01	2.897411e+00
1806	3.544854e-01	3.301048e-01	1.231558e+00
1807	4.487080e-01	3.095860e-01	2.143136e+00
1808	4.303905e-01	3.272117e-01	1.388862e+00
1809	3.564993e-01	4.018899e-01	1.999511e+00
1811	4.540014e-01	3.222282e-01	1.197362e+00
1812	3.358296e-01	4.238850e-01	2.679531e+00
1813	3.852933e-01	2.956736e-01	2.245725e+00
1814	3.364637e-01	3.036356e-01	1.915486e+00
1815	3.508568e-01	3.290111e-01	2.346361e+00
1818	3.892587e-01	2.950893e-01	2.955056e+00
1819	3.757341e-01	3.115328e-01	1.663410e+00
1820	2.774677e-01	3.643957e-01	2.957010e+00
1821	2.893317e-01	2.917643e-01	2.559355e+00
1822	4.183214e-01	3.793624e-01	2.618955e+00
1823	3.886307e-01	3.131012e-01	1.780655e+00
1824	2.815408e-01	3.106220e-01	2.787982e+00
1826	1.674378e-01	3.689077e-01	1.094773e+00
1827	3.808846e-01	3.230869e-01	1.476795e+00
1828	3.857004e-01	3.057750e-01	1.010747e+00
1829	3.699939e-01	3.716301e-01	1.276502e+00
1831	3.628565e-01	3.519290e-01	1.608696e+00
1833	4.041455e-01	2.631572e-01	1.189546e+00
1834	4.209246e-01	2.827171e-01	2.732291e+00
1835	3.436201e-01	3.661438e-01	2.303371e+00
1836	3.815048e-01	3.574973e-01	2.413776e+00
1837	4.070981e-01	3.294133e-01	2.876893e+00
1838	4.010388e-01	3.206038e-01	2.563263e+00
1839	3.813865e-01	3.928665e-01	2.039570e+00
1840	3.992773e-01	3.346279e-01	1.436737e+00
1841	4.098895e-01	2.620674e-01	1.738642e+00
1842	3.999556e-01	3.216071e-01	2.044455e+00
1845	4.209648e-01	3.214265e-01	2.982413e+00
1846	4.112173e-01	3.288636e-01	1.203224e+00
1847	4.252411e-01	3.774310e-01	2.955056e+00
1848	3.771146e-01	3.093158e-01	1.524670e+00
1850	3.660740e-01	2.928670e-01	1.996580e+00
1851	4.081320e-01	3.711760e-01	2.945286e+00
1852	4.764951e-01	3.403654e-01	1.991695e+00
1853	3.608302e-01	3.557940e-01	2.442110e+00
1854	3.835488e-01	2.734118e-01	1.477772e+00
1855	4.044881e-01	2.915897e-01	2.906204e+00
1856	4.661560e-01	3.194952e-01	1.423058e+00
1857	3.431695e-01	2.921323e-01	2.446019e+00
1858	4.152162e-01	3.017980e-01	2.860283e+00
1859	4.626214e-01	3.415226e-01	1.522716e+00
1860	4.193201e-01	3.433599e-01	1.331216e+00
1861	4.636260e-01	3.886341e-01	2.446019e+00
1862	4.599161e-01	2.840222e-01	2.095261e+00
1863	6.764829e-01	4.984565e-01	1.073278e+00
1864	4.093646e-01	3.384127e-01	2.543723e+00
1865	3.148944e-01	3.365422e-01	2.876893e+00
1866	2.664208e-01	3.520452e-01	2.031754e+00
1867	4.996765e-01	1.246304e-01	1.949682e+00
1869	4.120357e-01	3.723902e-01	1.577430e+00
1870	3.689850e-01	2.693519e-01	1.871519e+00
1871	3.665104e-01	3.812015e-01	2.033708e+00
1873	3.607907e-01	2.112802e-01	1.762091e+00
1876	4.298722e-01	3.817827e-01	2.788959e+00
1877	4.203833e-01	2.603726e-01	2.095261e+00
1878	3.889919e-01	4.001680e-01	1.627259e+00
1879	4.059174e-01	3.007061e-01	1.503175e+00
1880	3.993610e-01	3.559599e-01	1.068393e+00
1881	3.697408e-01	3.493934e-01	1.710308e+00
1883	3.626289e-01	3.434875e-01	2.123596e+00
1885	3.246501e-01	3.523073e-01	2.962872e+00
1886	3.468607e-01	3.010504e-01	1.183683e+00
1888	3.681014e-01	3.263826e-01	2.475330e+00
1889	3.983943e-01	3.094175e-01	1.297020e+00
1890	4.641757e-01	5.087068e-01	1.260870e+00
1891	2.490435e-01	1.904479e-01	1.263801e+00
1893	3.779429e-01	2.511341e-01	1.933073e+00
1894	3.277994e-01	2.549026e-01	1.526624e+00
1895	3.515077e-01	2.796595e-01	1.105520e+00
1896	4.485587e-01	3.651587e-01	2.816317e+00
1897	2.975175e-01	2.506071e-01	2.696141e+00
1898	3.839252e-01	3.643785e-01	1.474841e+00
1899	4.309937e-01	3.755976e-01	2.859306e+00
1900	4.086505e-01	2.591399e-01	1.519785e+00
1901	4.707956e-01	3.301270e-01	2.446019e+00
1902	5.400732e-01	2.637457e-01	1.817782e+00
1903	3.427356e-01	3.582399e-01	1.013679e+00
1904	4.451958e-01	3.525654e-01	1.638007e+00
1905	3.637058e-01	3.276925e-01	2.997069e+00
1906	2.908659e-01	4.565947e-01	1.389839e+00
1907	5.073170e-01	3.410682e-01	1.948705e+00
1908	3.431389e-01	3.005195e-01	2.619932e+00
1909	5.484849e-01	2.641319e-01	2.633610e+00
1910	4.853890e-01	2.695537e-01	2.318026e+00
1911	4.414541e-01	3.433892e-01	1.742550e+00
1912	4.716668e-01	1.937719e-01	1.553981e+00
1913	3.234137e-01	3.352183e-01	2.149976e+00
1914	4.573128e-01	3.247853e-01	2.257450e+00
1916	4.185562e-01	2.968684e-01	1.829507e+00
1917	4.428143e-01	3.127791e-01	1.479726e+00
1918	4.324779e-01	3.380307e-01	1.658525e+00
1919	3.486867e-01	3.861314e-01	2.940401e+00
1921	3.686548e-01	3.834626e-01	1.195408e+00
1924	3.304356e-01	3.440714e-01	2.025892e+00
1925	4.311959e-01	3.659614e-01	2.963850e+00
1926	3.859696e-01	2.882504e-01	1.262824e+00
1927	4.550035e-01	3.257897e-01	2.477284e+00
1928	3.885616e-01	3.191667e-01	2.143136e+00
1929	3.451352e-01	2.994617e-01	2.845628e+00
1930	3.939157e-01	3.067353e-01	2.635564e+00
1931	4.088866e-01	2.993101e-01	1.175867e+00
1932	4.343560e-01	4.119703e-01	1.395701e+00
1933	3.969506e-01	3.364817e-01	1.111383e+00
1935	2.995312e-01	4.656729e-01	1.350757e+00
1936	3.705532e-01	3.888486e-01	2.987298e+00
1937	6.628250e-01	3.630941e-01	2.147044e+00
1938	4.607434e-01	2.662951e-01	2.690278e+00
1939	3.225185e-01	4.903345e-01	1.000000e+00
1940	5.461289e-01	1.679869e-01	1.562775e+00
1942	3.446122e-01	3.347143e-01	1.668295e+00
1943	2.875549e-01	3.416606e-01	2.642404e+00
1944	3.753445e-01	3.311305e-01	2.163654e+00
1945	3.745080e-01	2.656629e-01	1.211041e+00
1946	3.188263e-01	3.646560e-01	1.884221e+00
1947	3.757070e-01	3.115343e-01	2.262335e+00
1948	5.972790e-02	2.061233e-01	2.043478e+00
1949	3.586002e-01	3.015258e-01	1.333170e+00
1950	3.525700e-01	3.199196e-01	2.424524e+00
1951	3.904110e-01	3.130397e-01	1.144602e+00
1952	4.006540e-01	3.101510e-01	2.230093e+00
1953	4.223592e-01	2.933508e-01	2.595506e+00
1954	4.163430e-01	3.548895e-01	2.329751e+00
1955	3.676569e-01	4.201429e-01	2.636541e+00
1956	4.133725e-01	3.089950e-01	2.558378e+00
1957	4.587673e-01	2.300874e-01	1.717147e+00
1958	2.437055e-01	2.028158e-01	2.232047e+00
1959	5.219045e-01	5.897098e-01	1.036150e+00
1960	4.339440e-01	3.044655e-01	2.845628e+00
1961	4.095853e-01	2.322700e-01	2.192965e+00
1962	3.767449e-01	3.322672e-01	1.635076e+00
1963	3.287757e-01	3.730969e-01	1.007816e+00
1964	3.950772e-01	3.273247e-01	2.829018e+00
1965	4.203265e-01	3.986038e-01	2.870054e+00
1966	3.965270e-01	2.716328e-01	2.025892e+00
1967	4.058802e-01	2.731327e-01	1.664387e+00
1968	4.037077e-01	3.617421e-01	2.305325e+00
1969	3.956691e-01	3.520676e-01	2.175379e+00
1970	1.191041e-01	1.835356e-01	2.854421e+00
1971	4.482669e-01	3.614625e-01	1.525647e+00
1972	3.684127e-01	3.331705e-01	2.506595e+00
1973	3.707765e-01	4.937465e-01	2.637518e+00
1974	3.827428e-01	3.222116e-01	2.601368e+00
1975	3.571743e-01	3.400433e-01	2.133366e+00
1976	3.866231e-01	2.596162e-01	2.921837e+00
1977	4.511202e-01	1.940593e-01	1.173913e+00
1978	3.332987e-01	3.514737e-01	1.781632e+00
1979	3.858516e-01	3.628927e-01	1.233512e+00
1980	5.393901e-01	7.469808e-02	1.523693e+00
1981	4.270321e-01	2.434061e-01	2.863214e+00
1983	4.104536e-01	3.263336e-01	2.804592e+00
1984	4.395890e-01	2.695334e-01	1.785540e+00
1986	3.702271e-01	3.595164e-01	2.790914e+00
1987	1.440492e-01	5.679445e-01	1.049829e+00
1988	1.743887e-01	2.169526e-01	2.826087e+00
1989	3.507143e-01	3.268735e-01	1.035173e+00
1990	3.796728e-01	3.049652e-01	2.361016e+00
1991	3.184298e-01	3.117448e-01	1.872496e+00
1992	2.014218e-01	4.827923e-01	2.494871e+00
1993	3.772316e-01	4.011188e-01	2.837811e+00
1994	4.269412e-01	2.372077e-01	2.229116e+00
1995	3.400691e-01	3.515235e-01	1.886175e+00
1996	3.719131e-01	3.244844e-01	1.172936e+00
1997	3.745630e-01	3.620086e-01	2.301417e+00
1998	3.839650e-01	1.899536e-01	2.276014e+00
1999	4.710660e-01	2.515294e-01	2.713727e+00
1999	4.710660e-01	2.515294e-01	2.713727e+00
1999	4.710660e-01	2.515294e-01	2.713727e+00
1999	4.710660e-01	2.515294e-01	2.713727e+00
1999	4.710660e-01	2.515294e-01	2.713727e+00
1999	4.710660e-01	2.515294e-01	2.713727e+00
1999	4.710660e-01	2.515294e-01	2.713727e+00
1999	4.710660e-01	2.515294e-01	2.713727e+00
1999	4.710660e-01	2.515294e-01	2.713727e+00
1999	4.710660e-01	2.515294e-01	2.713727e+00
1999	4.710660e-01	2.515294e-01	2.713727e+00
1999	4.710660e-01	2.515294e-01	2.713727e+00
1999	4.710660e-01	2.515294e-01	2.713727e+00
1999	4.710660e-01	2.515294e-01	2.713727e+00
1999	4.710660e-01	2.515294e-01	2.713727e+00
1999	4.710660e-01	2.515294e-01	2.713727e+00
1999	4.710660e-01	2.515294e-01	2.713727e+00
1999	4.710660e-01	2.515294e-01	2.713727e+00
1999	4.710660e-01	2.515294e-01	2.713727e+00
1999	4.710660e-01	2.515294e-01	2.713727e+00
1999	4.710660e-01	2.515294e-01	2.713727e+00
1999	4.710660e-01	2.515294e-01	2.713727e+00
1999	4.710660e-01	2.515294e-01	2.713727e+00
1999	4.710660e-01	2.515294e-01	2.713727e+00
1999	4.710660e-01	2.515294e-01	2.713727e+00
1999	4.710660e-01	2.515294e-01	2.713727e+00
1999	4.710660e-01	2.515294e-01	2.713727e+00
1999	4.710660e-01	2.515294e-01	2.713727e+00
1999	4.710660e-01	2.515294e-01	2.713727e+00
1999	4.710660e-01	2.515294e-01	2.713727e+00
1999	4.710660e-01	2.515294e-01	2.713727e+00
1999	4.710660e-01	2.515294e-01	2.713727e+00
1999	4.710660e-01	2.515294e-01	2.713727e+00
1999	4.710660e-01	2.515294e-01	2.713727e+00
1999	4.710660e-01	2.515294e-01	2.713727e+00
1999	4.710660e-01	2.515294e-01	2.713727e+00
1999	4.710660e-01	2.515294e-01	2.713727e+00
1999	4.710660e-01	2.515294e-01	2.713727e+00
1999	4.710660e-01	2.515294e-01	2.713727e+00
1999	4.710660e-01	2.515294e-01	2.713727e+00
1999	4.710660e-01	2.515294e-01	2.713727e+00
1999	4.710660e-01	2.515294e-01	2.713727e+00
1999	4.710660e-01	2.515294e-01	2.713727e+00
1999	4.710660e-01	2.515294e-01	2.713727e+00
1999	4.710660e-01	2.515294e-01	2.713727e+00
1999	4.710660e-01	2.515294e-01	2.713727e+00
1999	4.710660e-01	2.515294e-01	2.713727e+00
1999	4.710660e-01	2.515294e-01	2.713727e+00
1999	4.710660e-01	2.515294e-01	2.713727e+00
1999	4.710660e-01	2.515294e-01	2.713727e+00
1999	4.710660e-01	2.515294e-01	2.713727e+00
1999	4.710660e-01	2.515294e-01	2.713727e+00
1999	4.710660e-01	2.515294e-01	2.713727e+00
1999	4.710660e-01	2.515294e-01	2.713727e+00
1999	4.710660e-01	2.515294e-01	2.713727e+00
1999	4.710660e-01	2.515294e-01	2.713727e+00
1999	4.710660e-01	2.515294e-01	2.713727e+00
1999	4.710660e-01	2.515294e-01	2.713727e+00
1999	4.710660e-01	2.515294e-01	2.713727e+00
1999	4.710660e-01	2.515294e-01	2.713727e+00
1999	4.710660e-01	2.515294e-01	2.713727e+00
1999	4.710660e-01	2.515294e-01	2.713727e+00
1999	4.710660e-01	2.515294e-01	2.713727e+00
1999	4.710660e-01	2.515294e-01	2.713727e+00
1999	4.710660e-01	2.515294e-01	2.713727e+00
1999	4.710660e-01	2.515294e-01	2.713727e+00
1999	4.710660e-01	2.515294e-01	2.713727e+00
1999	4.710660e-01	2.515294e-01	2.713727e+00
1999	4.710660e-01	2.515294e-01	2.713727e+00
1999	4.710660e-01	2.515294e-01	2.713727e+00
1999	4.710660e-01	2.515294e-01	2.713727e+00
1999	4.710660e-01	2.515294e-01	2.713727e+00
1999	4.710660e-01	2.515294e-01	2.713727e+00
1999	4.710660e-01	2.515294e-01	2.713727e+00
1999	4.710660e-01	2.515294e-01	2.713727e+00
1999	4.710660e-01	2.515294e-01	2.713727e+00
1999	4.710660e-01	2.515294e-01	2.713727e+00
1999	4.710660e-01	2.515294e-01	2.713727e+00
1999	4.710660e-01	2.515294e-01	2.713727e+00
1999	4.710660e-01	2.515294e-01	2.713727e+00
1999	4.710660e-01	2.515294e-01	2.713727e+00
1999	4.710660e-01	2.515294e-01	2.713727e+00
1999	4.710660e-01	2.515294e-01	2.713727e+00
1999	4.710660e-01	2.515294e-01	2.713727e+00
1999	4.710660e-01	2.515294e-01	2.713727e+00
1999	4.710660e-01	2.515294e-01	2.713727e+00
1999	4.710660e-01	2.515294e-01	2.713727e+00
1999	4.710660e-01	2.515294e-01	2.713727e+00
1999	4.710660e-01	2.515294e-01	2.713727e+00
1999	4.710660e-01	2.515294e-01	2.713727e+00
1999	4.710660e-01	2.515294e-01	2.713727e+00
1999	4.710660e-01	2.515294e-01	2.713727e+00
1999	4.710660e-01	2.515294e-01	2.713727e+00
1999	4.710660e-01	2.515294e-01	2.713727e+00
1999	4.710660e-01	2.515294e-01	2.713727e+00
1999	4.710660e-01	2.515294e-01	2.713727e+00
1999	4.710660e-01	2.515294e-01	2.713727e+00
1999	4.710660e-01	2.515294e-01	2.713727e+00
1999	4.710660e-01	2.515294e-01	2.713727e+00
1999	4.710660e-01	2.515294e-01	2.713727e+00
1999	4.710660e-01	2.515294e-01	2.713727e+00
1999	4.710660e-01	2.515294e-01	2.713727e+00
1999	4.710660e-01	2.515294e-01	2.713727e+00
1999	4.710660e-01	2.515294e-01	2.713727e+00
1999	4.710660e-01	2.515294e-01	2.713727e+00
1999	4.710660e-01	2.515294e-01	2.713727e+00
1999	4.710660e-01	2.515294e-01	2.713727e+00
1999	4.710660e-01	2.515294e-01	2.713727e+00
1999	4.710660e-01	2.515294e-01	2.713727e+00
1999	4.710660e-01	2.515294e-01	2.713727e+00
1999	4.710660e-01	2.515294e-01	2.713727e+00
1999	4.710660e-01	2.515294e-01	2.713727e+00
1999	4.710660e-01	2.515294e-01	2.713727e+00
1999	4.710660e-01	2.515294e-01	2.713727e+00
1999	4.710660e-01	2.515294e-01	2.713727e+00
1999	4.710660e-01	2.515294e-01	2.713727e+00
1999	4.710660e-01	2.515294e-01	2.713727e+00
1999	4.710660e-01	2.515294e-01	2.713727e+00
1999	4.710660e-01	2.515294e-01	2.713727e+00
1999	4.710660e-01	2.515294e-01	2.713727e+00
1999	4.710660e-01	2.515294e-01	2.713727e+00
1999	4.710660e-01	2.515294e-01	2.713727e+00
1999	4.710660e-01	2.515294e-01	2.713727e+00
1999	4.710660e-01	2.515294e-01	2.713727e+00
1999	4.710660e-01	2.515294e-01	2.713727e+00
1999	4.710660e-01	2.515294e-01	2.713727e+00
1999	4.710660e-01	2.515294e-01	2.713727e+00
1999	4.710660e-01	2.515294e-01	2.713727e+00
1999	4.710660e-01	2.515294e-01	2.713727e+00
1999	4.710660e-01	2.515294e-01	2.713727e+00
1999	4.710660e-01	2.515294e-01	2.713727e+00
1999	4.710660e-01	2.515294e-01	2.713727e+00
1999	4.710660e-01	2.515294e-01	2.713727e+00
1999	4.710660e-01	2.515294e-01	2.713727e+00
1999	4.710660e-01	2.515294e-01	2.713727e+00
1999	4.710660e-01	2.515294e-01	2.713727e+00
1999	4.710660e-01	2.515294e-01	2.713727e+00
1999	4.710660e-01	2.515294e-01	2.713727e+00
1999	4.710660e-01	2.515294e-01	2.713727e+00
1999	4.710660e-01	2.515294e-01	2.713727e+00
1999	4.710660e-01	2.515294e-01	2.713727e+00
1999	4.710660e-01	2.515294e-01	2.713727e+00
1999	4.710660e-01	2.515294e-01	2.713727e+00
1999	4.710660e-01	2.515294e-01	2.713727e+00
1999	4.710660e-01	2.515294e-01	2.713727e+00
1999	4.710660e-01	2.515294e-01	2.713727e+00
1999	4.710660e-01	2.515294e-01	2.713727e+00
1999	4.710660e-01	2.515294e-01	2.713727e+00
1999	4.710660e-01	2.515294e-01	2.713727e+00
1999	4.710660e-01	2.515294e-01	2.713727e+00
1999	4.710660e-01	2.515294e-01	2.713727e+00
1999	4.710660e-01	2.515294e-01	2.713727e+00
1999	4.710660e-01	2.515294e-01	2.713727e+00
1999	4.710660e-01	2.515294e-01	2.713727e+00
1999	4.710660e-01	2.515294e-01	2.713727e+00
1999	4.710660e-01	2.515294e-01	2.713727e+00
1999	4.710660e-01	2.515294e-01	2.713727e+00
1999	4.710660e-01	2.515294e-01	2.713727e+00
1999	4.710660e-01	2.515294e-01	2.713727e+00
1999	4.710660e-01	2.515294e-01	2.713727e+00
1999	4.710660e-01	2.515294e-01	2.713727e+00
1999	4.710660e-01	2.515294e-01	2.713727e+00
1999	4.710660e-01	2.515294e-01	2.713727e+00
1999	4.710660e-01	2.515294e-01	2.713727e+00
1999	4.710660e-01	2.515294e-01	2.713727e+00
1999	4.710660e-01	2.515294e-01	2.713727e+00
1999	4.710660e-01	2.515294e-01	2.713727e+00
1999	4.710660e-01	2.515294e-01	2.713727e+00
1999	4.710660e-01	2.515294e-01	2.713727e+00
1999	4.710660e-01	2.515294e-01	2.713727e+00
1999	4.710660e-01	2.515294e-01	2.713727e+00
1999	4.710660e-01	2.515294e-01	2.713727e+00
1999	4.710660e-01	2.515294e-01	2.713727e+00
1999	4.710660e-01	2.515294e-01	2.713727e+00
1999	4.710660e-01	2.515294e-01	2.713727e+00
1999	4.710660e-01	2.515294e-01	2.713727e+00
1999	4.710660e-01	2.515294e-01	2.713727e+00
1999	4.710660e-01	2.515294e-01	2.713727e+00
1999	4.710660e-01	2.515294e-01	2.713727e+00
1999	4.710660e-01	2.515294e-01	2.713727e+00
1999	4.710660e-01	2.515294e-01	2.713727e+00
1999	4.710660e-01	2.515294e-01	2.713727e+00
1999	4.710660e-01	2.515294e-01	2.713727e+00
1999	4.710660e-01	2.515294e-01	2.713727e+00
1999	4.710660e-01	2.515294e-01	2.713727e+00
1999	4.710660e-01	2.515294e-01	2.713727e+00
1999	4.710660e-01	2.515294e-01	2.713727e+00
1999	4.710660e-01	2.515294e-01	2.713727e+00
1999	4.710660e-01	2.515294e-01	2.713727e+00
1999	4.710660e-01	2.515294e-01	2.713727e+00
1999	4.710660e-01	2.515294e-01	2.713727e+00
1999	4.710660e-01	2.515294e-01	2.713727e+00
1999	4.710660e-01	2.515294e-01	2.713727e+00
1999	4.710660e-01	2.515294e-01	2.713727e+00
1999	4.710660e-01	2.515294e-01	2.713727e+00
1999	4.710660e-01	2.515294e-01	2.713727e+00
1999	4.710660e-01	2.515294e-01	2.713727e+00
1999	4.710660e-01	2.515294e-01	2.713727e+00
1999	4.710660e-01	2.515294e-01	2.713727e+00
1999	4.710660e-01	2.515294e-01	2.713727e+00
1999	4.710660e-01	2.515294e-01	2.713727e+00
1999	4.710660e-01	2.515294e-01	2.713727e+00
1999	4.710660e-01	2.515294e-01	2.713727e+00
1999	4.710660e-01	2.515294e-01	2.713727e+00
1999	4.710660e-01	2.515294e-01	2.713727e+00
1999	4.710660e-01	2.515294e-01	2.713727e+00
1999	4.710660e-01	2.515294e-01	2.713727e+00
1999	4.710660e-01	2.515294e-01	2.713727e+00
1999	4.710660e-01	2.515294e-01	2.713727e+00
1999	4.710660e-01	2.515294e-01	2.713727e+00
1999	4.710660e-01	2.515294e-01	2.713727e+00
1999	4.710660e-01	2.515294e-01	2.713727e+00
1999	4.710660e-01	2.515294e-01	2.713727e+00
1999	4.710660e-01	2.515294e-01	2.713727e+00
1999	4.710660e-01	2.515294e-01	2.713727e+00
1999	4.710660e-01	2.515294e-01	2.713727e+00
1999	4.710660e-01	2.515294e-01	2.713727e+00
1999	4.710660e-01	2.515294e-01	2.713727e+00
1999	4.710660e-01	2.515294e-01	2.713727e+00
1999	4.710660e-01	2.515294e-01	2.713727e+00
1999	4.710660e-01	2.515294e-01	2.713727e+00
1999	4.710660e-01	2.515294e-01	2.713727e+00
1999	4.710660e-01	2.515294e-01	2.713727e+00
1999	4.710660e-01	2.515294e-01	2.713727e+00
1999	4.710660e-01	2.515294e-01	2.713727e+00
1999	4.710660e-01	2.515294e-01	2.713727e+00
1999	4.710660e-01	2.515294e-01	2.713727e+00
1999	4.710660e-01	2.515294e-01	2.713727e+00
1999	4.710660e-01	2.515294e-01	2.713727e+00
1999	4.710660e-01	2.515294e-01	2.713727e+00
1999	4.710660e-01	2.515294e-01	2.713727e+00
1999	4.710660e-01	2.515294e-01	2.713727e+00
1999	4.710660e-01	2.515294e-01	2.713727e+00
1999	4.710660e-01	2.515294e-01	2.713727e+00
1999	4.710660e-01	2.515294e-01	2.713727e+00
1999	4.710660e-01	2.515294e-01	2.713727e+00
1999	4.710660e-01	2.515294e-01	2.713727e+00
1999	4.710660e-01	2.515294e-01	2.713727e+00
1999	4.710660e-01	2.515294e-01	2.713727e+00
1999	4.710660e-01	2.515294e-01	2.713727e+00
1999	4.710660e-01	2.515294e-01	2.713727e+00
1999	4.710660e-01	2.515294e-01	2.713727e+00
1999	4.710660e-01	2.515294e-01	2.713727e+00
1999	4.710660e-01	2.515294e-01	2.713727e+00
1999	4.710660e-01	2.515294e-01	2.713727e+00
1999	4.710660e-01	2.515294e-01	2.713727e+00
1999	4.710660e-01	2.515294e-01	2.713727e+00
1999	4.710660e-01	2.515294e-01	2.713727e+00
1999	4.710660e-01	2.515294e-01	2.713727e+00
1999	4.710660e-01	2.515294e-01	2.713727e+00
1999	4.710660e-01	2.515294e-01	2.713727e+00
1999	4.710660e-01	2.515294e-01	2.713727e+00
1999	4.710660e-01	2.515294e-01	2.713727e+00
1999	4.710660e-01	2.515294e-01	2.713727e+00
1999	4.710660e-01	2.515294e-01	2.713727e+00
1999	4.710660e-01	2.515294e-01	2.713727e+00
1999	4.710660e-01	2.515294e-01	2.713727e+00
1999	4.710660e-01	2.515294e-01	2.713727e+00
1999	4.710660e-01	2.515294e-01	2.713727e+00
1999	4.710660e-01	2.515294e-01	2.713727e+00
1999	4.710660e-01	2.515294e-01	2.713727e+00
1999	4.710660e-01	2.515294e-01	2.713727e+00
1999	4.710660e-01	2.515294e-01	2.713727e+00
1999	4.710660e-01	2.515294e-01	2.713727e+00
1999	4.710660e-01	2.515294e-01	2.713727e+00
1999	4.710660e-01	2.515294e-01	2.713727e+00
1999	4.710660e-01	2.515294e-01	2.713727e+00
1999	4.710660e-01	2.515294e-01	2.713727e+00
1999	4.710660e-01	2.515294e-01	2.713727e+00
1999	4.710660e-01	2.515294e-01	2.713727e+00
1999	4.710660e-01	2.515294e-01	2.713727e+00
1999	4.710660e-01	2.515294e-01	2.713727e+00
1999	4.710660e-01	2.515294e-01	2.713727e+00
1999	4.710660e-01	2.515294e-01	2.713727e+00
1999	4.710660e-01	2.515294e-01	2.713727e+00
1999	4.710660e-01	2.515294e-01	2.713727e+00
1999	4.710660e-01	2.515294e-01	2.713727e+00
1999	4.710660e-01	2.515294e-01	2.713727e+00
1999	4.710660e-01	2.515294e-01	2.713727e+00
1999	4.710660e-01	2.515294e-01	2.713727e+00
1999	4.710660e-01	2.515294e-01	2.713727e+00
1999	4.710660e-01	2.515294e-01	2.713727e+00
1999	4.710660e-01	2.515294e-01	2.713727e+00
1999	4.710660e-01	2.515294e-01	2.713727e+00
1999	4.710660e-01	2.515294e-01	2.713727e+00
1999	4.710660e-01	2.515294e-01	2.713727e+00
1999	4.710660e-01	2.515294e-01	2.713727e+00
1999	4.710660e-01	2.515294e-01	2.713727e+00
1999	4.710660e-01	2.515294e-01	2.713727e+00
1999	4.710660e-01	2.515294e-01	2.713727e+00
1999	4.710660e-01	2.515294e-01	2.713727e+00
1999	4.710660e-01	2.515294e-01	2.713727e+00
1999	4.710660e-01	2.515294e-01	2.713727e+00
1999	4.710660e-01	2.515294e-01	2.713727e+00
1999	4.710660e-01	2.515294e-01	2.713727e+00
1999	4.710660e-01	2.515294e-01	2.713727e+00
1999	4.710660e-01	2.515294e-01	2.713727e+00
1999	4.710660e-01	2.515294e-01	2.713727e+00
1999	4.710660e-01	2.515294e-01	2.713727e+00
1999	4.710660e-01	2.515294e-01	2.713727e+00
1999	4.710660e-01	2.515294e-01	2.713727e+00
1999	4.710660e-01	2.515294e-01	2.713727e+00
1999	4.710660e-01	2.515294e-01	2.713727e+00
1999	4.710660e-01	2.515294e-01	2.713727e+00
1999	4.710660e-01	2.515294e-01	2.713727e+00
1999	4.710660e-01	2.515294e-01	2.713727e+00
1999	4.710660e-01	2.515294e-01	2.713727e+00
1999	4.710660e-01	2.515294e-01	2.713727e+00
1999	4.710660e-01	2.515294e-01	2.713727e+00
1999	4.710660e-01	2.515294e-01	2.713727e+00
1999	4.710660e-01	2.515294e-01	2.713727e+00
1999	4.710660e-01	2.515294e-01	2.713727e+00
1999	4.710660e-01	2.515294e-01	2.713727e+00
1999	4.710660e-01	2.515294e-01	2.713727e+00
1999	4.710660e-01	2.515294e-01	2.713727e+00
1999	4.710660e-01	2.515294e-01	2.713727e+00
1999	4.710660e-01	2.515294e-01	2.713727e+00
1999	4.710660e-01	2.515294e-01	2.713727e+00
1999	4.710660e-01	2.515294e-01	2.713727e+00
1999	4.710660e-01	2.515294e-01	2.713727e+00
1999	4.710660e-01	2.515294e-01	2.713727e+00
1999	4.710660e-01	2.515294e-01	2.713727e+00
1999	4.710660e-01	2.515294e-01	2.713727e+00
1999	4.710660e-01	2.515294e-01	2.713727e+00
1999	4.710660e-01	2.515294e-01	2.713727e+00
1999	4.710660e-01	2.515294e-01	2.713727e+00
1999	4.710660e-01	2.515294e-01	2.713727e+00
1999	4.710660e-01	2.515294e-01	2.713727e+00
1999	4.710660e-01	2.515294e-01	2.713727e+00
1999	4.710660e-01	2.515294e-01	2.713727e+00
1999	4.710660e-01	2.515294e-01	2.713727e+00
1999	4.710660e-01	2.515294e-01	2.713727e+00
1999	4.710660e-01	2.515294e-01	2.713727e+00
1999	4.710660e-01	2.515294e-01	2.713727e+00
1999	4.710660e-01	2.515294e-01	2.713727e+00
1999	4.710660e-01	2.515294e-01	2.713727e+00
1999	4.710660e-01	2.515294e-01	2.713727e+00
1999	4.710660e-01	2.515294e-01	2.713727e+00
1999	4.710660e-01	2.515294e-01	2.713727e+00
1999	4.710660e-01	2.515294e-01	2.713727e+00
1999	4.710660e-01	2.515294e-01	2.713727e+00
1999	4.710660e-01	2.515294e-01	2.713727e+00
1999	4.710660e-01	2.515294e-01	2.713727e+00
1999	4.710660e-01	2.515294e-01	2.713727e+00
1999	4.710660e-01	2.515294e-01	2.713727e+00
1999	4.710660e-01	2.515294e-01	2.713727e+00
1999	4.710660e-01	2.515294e-01	2.713727e+00
1999	4.710660e-01	2.515294e-01	2.713727e+00
1999	4.710660e-01	2.515294e-01	2.713727e+00
1999	4.710660e-01	2.515294e-01	2.713727e+00
1999	4.710660e-01	2.515294e-01	2.713727e+00
1999	4.710660e-01	2.515294e-01	2.713727e+00
1999	4.710660e-01	2.515294e-01	2.713727e+00
1999	4.710660e-01	2.515294e-01	2.713727e+00
1999	4.710660e-01	2.515294e-01	2.713727e+00
1999	4.710660e-01	2.515294e-01	2.713727e+00
1999	4.710660e-01	2.515294e-01	2.713727e+00
1999	4.710660e-01	2.515294e-01	2.713727e+00
1999	4.710660e-01	2.515294e-01	2.713727e+00
1999	4.710660e-01	2.515294e-01	2.713727e+00
1999	4.710660e-01	2.515294e-01	2.713727e+00
1999	4.710660e-01	2.515294e-01	2.713727e+00
1999	4.710660e-01	2.515294e-01	2.713727e+00
1999	4.710660e-01	2.515294e-01	2.713727e+00
1999	4.710660e-01	2.515294e-01	2.713727e+00
1999	4.710660e-01	2.515294e-01	2.713727e+00
1999	4.710660e-01	2.515294e-01	2.713727e+00
1999	4.710660e-01	2.515294e-01	2.713727e+00
1999	4.710660e-01	2.515294e-01	2.713727e+00
1999	4.710660e-01	2.515294e-01	2.713727e+00
1999	4.710660e-01	2.515294e-01	2.713727e+00
1999	4.710660e-01	2.515294e-01	2.713727e+00
1999	4.710660e-01	2.515294e-01	2.713727e+00
1999	4.710660e-01	2.515294e-01	2.713727e+00
1999	4.710660e-01	2.515294e-01	2.713727e+00
1999	4.710660e-01	2.515294e-01	2.713727e+00
1999	4.710660e-01	2.515294e-01	2.713727e+00
1999	4.710660e-01	2.515294e-01	2.713727e+00
1999	4.710660e-01	2.515294e-01	2.713727e+00
1999	4.710660e-01	2.515294e-01	2.713727e+00
1999	4.710660e-01	2.515294e-01	2.713727e+00
1999	4.710660e-01	2.515294e-01	2.713727e+00
1999	4.710660e-01	2.515294e-01	2.713727e+00
1999	4.710660e-01	2.515294e-01	2.713727e+00
1999	4.710660e-01	2.515294e-01	2.713727e+00
1999	4.710660e-01	2.515294e-01	2.713727e+00
1999	4.710660e-01	2.515294e-01	2.713727e+00
1999	4.710660e-01	2.515294e-01	2.713727e+00
1999	4.710660e-01	2.515294e-01	2.713727e+00
1999	4.710660e-01	2.515294e-01	2.713727e+00
1999	4.710660e-01	2.515294e-01	2.713727e+00
1999	4.710660e-01	2.515294e-01	2.713727e+00
1999	4.710660e-01	2.515294e-01	2.713727e+00
1999	4.710660e-01	2.515294e-01	2.713727e+00
1999	4.710660e-01	2.515294e-01	2.713727e+00
1999	4.710660e-01	2.515294e-01	2.713727e+00
1999	4.710660e-01	2.515294e-01	2.713727e+00
1999	4.710660e-01	2.515294e-01	2.713727e+00
1999	4.710660e-01	2.515294e-01	2.713727e+00
1999	4.710660e-01	2.515294e-01	2.713727e+00
1999	4.710660e-01	2.515294e-01	2.713727e+00
1999	4.710660e-01	2.515294e-01	2.713727e+00
1999	4.710660e-01	2.515294e-01	2.713727e+00
1999	4.710660e-01	2.515294e-01	2.713727e+00
1999	4.710660e-01	2.515294e-01	2.713727e+00
1999	4.710660e-01	2.515294e-01	2.713727e+00
1999	4.710660e-01	2.515294e-01	2.713727e+00
1999	4.710660e-01	2.515294e-01	2.713727e+00
1999	4.710660e-01	2.515294e-01	2.713727e+00
1999	4.710660e-01	2.515294e-01	2.713727e+00
1999	4.710660e-01	2.515294e-01	2.713727e+00
1999	4.710660e-01	2.515294e-01	2.713727e+00
1999	4.710660e-01	2.515294e-01	2.713727e+00
1999	4.710660e-01	2.515294e-01	2.713727e+00
1999	4.710660e-01	2.515294e-01	2.713727e+00
1999	4.710660e-01	2.515294e-01	2.713727e+00
1999	4.710660e-01	2.515294e-01	2.713727e+00
1999	4.710660e-01	2.515294e-01	2.713727e+00
1999	4.710660e-01	2.515294e-01	2.713727e+00
1999	4.710660e-01	2.515294e-01	2.713727e+00
1999	4.710660e-01	2.515294e-01	2.713727e+00
1999	4.710660e-01	2.515294e-01	2.713727e+00
1999	4.710660e-01	2.515294e-01	2.713727e+00
1999	4.710660e-01	2.515294e-01	2.713727e+00
1999	4.710660e-01	2.515294e-01	2.713727e+00
1999	4.710660e-01	2.515294e-01	2.713727e+00
1999	4.710660e-01	2.515294e-01	2.713727e+00
1999	4.710660e-01	2.515294e-01	2.713727e+00
1999	4.710660e-01	2.515294e-01	2.713727e+00
1999	4.710660e-01	2.515294e-01	2.713727e+00
1999	4.710660e-01	2.515294e-01	2.713727e+00
1999	4.710660e-01	2.515294e-01	2.713727e+00
1999	4.710660e-01	2.515294e-01	2.713727e+00
1999	4.710660e-01	2.515294e-01	2.713727e+00
1999	4.710660e-01	2.515294e-01	2.713727e+00
1999	4.710660e-01	2.515294e-01	2.713727e+00
1999	4.710660e-01	2.515294e-01	2.713727e+00
1999	4.710660e-01	2.515294e-01	2.713727e+00
1999	4.710660e-01	2.515294e-01	2.713727e+00
1999	4.710660e-01	2.515294e-01	2.713727e+00
1999	4.710660e-01	2.515294e-01	2.713727e+00
1999	4.710660e-01	2.515294e-01	2.713727e+00
