2000
0	4.186625e-01	3.847764e-01	2.659990e+00
1	3.986303e-01	3.925006e-01	1.927211e+00
3	3.741928e-01	4.925804e-01	1.306790e+00
4	4.512268e-01	4.772580e-01	2.219345e+00
5	8.009286e-01	6.528698e-01	2.259404e+00
6	4.805234e-01	7.648109e-01	2.766488e+00
8	9.073164e-01	7.703328e-01	1.925256e+00
9	4.236504e-01	3.858510e-01	1.231558e+00
10	4.082547e-01	4.106739e-01	1.283341e+00
12	9.216954e-01	7.654957e-01	2.602345e+00
14	3.988089e-01	4.669252e-01	2.148021e+00
15	9.258022e-01	7.793488e-01	2.825110e+00
16	4.127009e-01	3.837024e-01	2.881778e+00
17	3.939515e-01	4.072488e-01	1.311676e+00
19	4.208040e-01	4.144376e-01	2.081583e+00
20	4.604192e-01	7.828130e-01	2.944309e+00
21	4.641158e-01	4.660263e-01	2.364924e+00
22	3.168440e-01	4.722781e-01	2.446996e+00
23	8.560614e-01	9.594299e-01	1.915486e+00
24	4.461926e-01	3.626159e-01	2.993161e+00
26	4.465342e-01	4.624603e-01	1.180752e+00
29	3.895502e-01	4.165956e-01	1.761114e+00
30	4.414484e-01	4.421283e-01	2.705911e+00
31	4.372205e-01	4.188337e-01	2.189057e+00
32	6.524738e-01	3.829689e-01	2.337567e+00
36	6.439090e-01	4.708813e-01	1.131900e+00
39	4.135279e-01	3.863519e-01	2.950171e+00
41	6.187578e-01	8.848131e-02	1.319492e+00
43	5.227401e-01	3.822523e-01	2.796776e+00
45	4.511324e-01	4.248852e-01	2.812408e+00
47	4.315638e-01	3.991513e-01	2.619932e+00
48	4.123286e-01	4.354638e-01	1.500244e+00
49	4.627264e-01	4.674871e-01	1.309722e+00
50	4.578918e-01	4.395324e-01	1.122130e+00
52	3.849453e-01	4.035800e-01	1.758183e+00
53	4.113763e-01	4.212529e-01	2.832926e+00
54	4.177119e-01	4.166998e-01	2.136297e+00
55	4.797588e-01	4.807324e-01	1.853933e+00
56	4.101855e-01	4.053750e-01	1.607719e+00
57	9.341894e-01	2.382776e-01	1.982902e+00
58	4.190644e-01	4.216051e-01	2.045432e+00
59	3.911709e-01	4.594987e-01	1.234489e+00
62	4.062941e-01	4.289871e-01	2.046409e+00
65	4.402920e-01	4.185257e-01	1.164143e+00
69	3.241327e-01	5.059858e-01	1.689790e+00
70	4.008891e-01	4.261588e-01	2.347338e+00
73	4.315306e-01	3.976799e-01	1.758183e+00
74	5.174513e-01	4.627747e-01	2.161700e+00
76	4.462708e-01	4.456102e-01	2.038593e+00
77	4.112732e-01	4.028818e-01	1.977040e+00
78	4.109420e-01	3.703508e-01	2.565217e+00
80	4.060559e-01	3.815457e-01	2.205667e+00
81	4.702574e-01	4.749888e-01	1.398632e+00
82	4.540892e-01	4.661319e-01	1.638007e+00
83	4.372357e-01	3.914054e-01	1.205178e+00
85	5.039121e-01	3.212297e-01	1.362482e+00
87	5.221174e-01	4.633823e-01	1.996580e+00
88	4.315350e-01	7.437505e-01	1.143625e+00
89	5.198741e-01	4.637951e-01	1.917440e+00
90	9.302351e-01	2.391078e-01	1.747435e+00
91	4.385881e-01	4.166484e-01	2.804592e+00
92	4.935784e-01	4.724850e-01	1.592086e+00
93	4.277907e-01	4.352077e-01	2.871031e+00
94	4.962891e-01	4.897057e-01	1.717147e+00
96	5.657791e-01	4.506903e-01	2.295554e+00
97	7.505001e-01	3.393999e-01	1.248168e+00
98	5.676758e-01	4.506199e-01	2.607230e+00
99	4.798982e-01	4.819104e-01	2.866146e+00
100	9.410471e-01	2.382019e-01	2.349292e+00
101	4.316418e-01	4.095986e-01	1.344895e+00
103	9.422805e-01	2.376624e-01	1.942843e+00
104	5.347662e-01	5.436871e-01	2.097215e+00
105	4.885706e-01	4.694375e-01	2.440156e+00
107	4.951148e-01	3.828137e-01	2.630679e+00
108	5.411928e-01	4.849551e-01	1.023449e+00
110	5.572007e-01	5.072627e-01	2.002443e+00
112	4.708117e-01	4.165714e-01	2.215437e+00
113	4.408279e-01	4.101179e-01	1.230581e+00
114	3.875433e-01	4.087681e-01	2.364924e+00
116	4.335216e-01	3.913907e-01	1.324377e+00
117	6.026244e-01	3.853306e-01	1.500244e+00
118	6.353276e-01	3.885483e-01	2.812408e+00
119	4.200470e-01	7.392094e-01	1.448461e+00
120	4.401953e-01	4.111075e-01	2.302394e+00
122	4.872526e-01	7.442701e-01	2.131412e+00
123	4.803697e-01	4.234998e-01	2.719590e+00
124	4.956675e-01	7.240862e-01	2.884709e+00
125	6.828280e-01	3.962819e-01	2.896434e+00
126	4.402072e-01	4.129036e-01	1.119199e+00
127	4.391971e-01	4.174309e-01	2.184172e+00
128	4.670118e-01	2.504764e-01	2.469468e+00
129	4.169644e-01	7.390981e-01	1.157303e+00
130	4.647270e-01	5.834315e-01	2.511480e+00
131	6.276379e-01	3.930800e-01	2.546654e+00
134	4.364916e-01	4.345038e-01	2.489008e+00
135	6.095625e-01	5.031257e-01	2.473376e+00
136	4.036004e-01	3.836133e-01	1.486566e+00
137	2.097422e-01	5.048139e-01	1.004885e+00
140	4.629098e-01	4.055474e-01	1.103566e+00
141	4.680901e-01	4.957710e-01	2.380557e+00
142	4.123472e-01	5.445974e-01	2.226185e+00
143	4.375604e-01	4.188010e-01	2.559355e+00
144	4.843156e-01	3.871936e-01	2.978505e+00
148	4.654412e-01	4.004965e-01	2.119687e+00
149	6.917683e-01	8.469620e-01	2.315095e+00
150	3.908828e-01	4.548888e-01	1.074255e+00
151	6.342386e-01	4.683097e-01	2.398144e+00
152	4.354101e-01	4.991438e-01	2.014167e+00
154	3.228127e-01	4.497723e-01	2.126527e+00
155	4.504180e-01	4.280479e-01	1.117245e+00
156	4.649524e-01	7.429938e-01	2.617978e+00
157	6.869852e-01	8.543359e-01	2.454812e+00
158	4.410735e-01	3.988460e-01	1.060576e+00
160	4.394261e-01	4.218257e-01	1.728872e+00
161	4.957068e-01	9.347997e-01	2.528090e+00
162	4.016381e-01	4.718281e-01	1.137763e+00
163	4.541936e-01	3.844743e-01	2.477284e+00
164	4.679522e-01	7.493298e-01	1.328285e+00
165	4.471971e-01	3.667072e-01	2.865169e+00
166	6.434317e-02	6.154880e-01	2.580850e+00
167	3.965789e-01	4.656283e-01	1.963361e+00
168	4.423681e-01	4.185579e-01	1.665364e+00
169	4.390728e-01	7.403692e-01	1.217880e+00
171	4.032152e-01	3.726492e-01	2.021983e+00
173	7.357818e-02	6.419010e-01	1.551050e+00
175	3.914299e-01	3.786908e-01	2.931607e+00
176	6.762639e-02	5.992313e-01	2.152907e+00
177	4.571109e-01	4.181558e-01	1.943820e+00
178	4.583991e-01	1.739291e-01	1.311676e+00
179	4.211842e-01	4.457392e-01	1.547142e+00
180	4.509638e-01	4.022354e-01	2.213483e+00
181	4.224221e-01	4.462398e-01	2.043478e+00
182	4.453897e-01	3.704587e-01	2.673669e+00
184	2.326207e-02	6.242636e-01	2.148021e+00
185	7.952463e-01	9.782279e-01	1.129946e+00
186	4.535907e-01	7.444749e-01	2.940401e+00
188	5.584908e-01	4.524350e-01	2.628725e+00
189	4.224942e-01	4.166248e-01	2.664875e+00
191	5.365114e-01	3.995325e-01	2.334636e+00
192	5.501609e-01	3.919178e-01	2.055203e+00
193	4.229780e-01	3.798346e-01	1.027357e+00
194	5.582304e-01	5.343796e-03	1.698583e+00
195	4.108338e-01	4.001082e-01	1.006839e+00
198	5.465052e-01	5.471459e-01	2.058134e+00
199	4.307998e-01	4.355212e-01	1.997557e+00
200	4.368603e-01	3.768157e-01	2.697118e+00
201	4.576954e-01	7.369614e-01	2.445042e+00
202	5.590131e-01	4.430302e-01	1.279433e+00
203	4.307815e-01	4.274341e-01	2.408891e+00
205	4.236755e-01	6.969724e-01	2.023937e+00
207	1.749318e-01	6.397792e-01	1.212018e+00
208	1.709856e-01	8.223055e-01	1.636053e+00
209	1.367023e-01	5.840964e-01	2.090376e+00
210	4.743265e-01	1.828899e-01	1.814851e+00
211	4.528717e-01	7.568942e-01	2.246702e+00
212	4.116086e-01	4.122911e-01	1.148510e+00
213	4.417956e-01	4.241349e-01	1.459209e+00
214	4.443444e-01	7.172474e-01	1.042013e+00
216	1.749291e-01	8.306717e-01	1.584270e+00
217	6.233287e-01	4.749705e-01	2.376649e+00
218	3.937942e-01	4.695107e-01	2.247680e+00
219	4.892966e-01	4.372444e-01	1.770884e+00
220	4.494040e-01	7.368725e-01	2.858329e+00
221	4.124012e-01	4.130566e-01	1.609673e+00
222	4.310177e-01	3.963644e-01	1.152418e+00
223	4.010026e-01	3.730291e-01	1.250122e+00
224	4.905830e-01	3.897217e-01	2.062042e+00
225	4.275905e-01	4.517275e-01	1.123107e+00
226	5.294282e-01	9.094249e-01	1.438691e+00
227	5.343245e-01	4.889980e-01	2.676600e+00
228	5.731251e-01	2.997070e-01	2.319980e+00
229	4.393901e-01	3.753401e-01	2.793845e+00
230	5.585284e-01	4.940422e-01	2.593552e+00
231	4.410924e-01	7.121412e-01	2.102101e+00
232	4.482417e-01	3.677723e-01	1.060576e+00
233	4.405308e-01	4.093999e-01	2.041524e+00
234	4.243205e-01	4.211941e-01	2.262335e+00
235	4.028754e-01	4.307206e-01	1.443576e+00
237	4.547912e-01	7.375820e-01	2.647289e+00
238	1.669217e-01	8.407761e-01	2.875916e+00
239	5.245307e-01	8.599748e-01	1.548119e+00
240	4.772531e-01	4.263895e-01	2.238886e+00
241	6.381272e-01	3.266346e-01	1.812897e+00
242	2.240224e-01	6.708767e-01	1.040059e+00
243	4.781644e-01	4.095113e-01	1.263801e+00
244	5.904506e-01	4.689045e-01	1.624328e+00
245	4.282359e-01	3.907334e-01	1.723009e+00
246	4.050900e-01	4.303302e-01	2.261358e+00
247	4.209841e-01	9.223467e-01	1.394724e+00
248	5.615186e-01	4.905491e-01	1.301905e+00
249	4.206654e-01	4.257447e-01	1.629213e+00
250	4.491734e-01	3.961238e-01	2.247680e+00
251	4.538648e-01	7.400565e-01	1.683928e+00
252	4.792818e-01	4.398171e-01	1.126038e+00
253	5.392191e-01	5.502681e-01	1.614558e+00
255	4.525033e-01	7.260380e-01	1.937958e+00
256	4.364034e-01	4.404093e-01	2.834880e+00
257	1.694297e-01	8.380490e-01	2.144113e+00
258	4.637568e-01	3.473170e-01	1.238398e+00
259	5.724777e-01	1.097323e-02	2.234978e+00
260	3.945636e-01	3.909477e-01	2.464582e+00
261	8.171769e-01	2.988664e-01	2.080606e+00
262	4.653226e-01	4.503472e-01	2.782120e+00
264	4.561450e-01	4.051121e-01	1.910601e+00
265	4.274946e-01	4.497463e-01	2.648266e+00
266	4.713898e-01	4.305321e-01	2.749878e+00
267	4.591558e-01	4.118686e-01	2.013190e+00
268	2.379101e-01	6.666730e-01	1.662433e+00
269	4.366833e-01	7.392267e-01	2.876893e+00
270	4.828270e-01	4.542116e-01	1.789448e+00
271	4.372688e-01	3.926181e-01	1.357596e+00
272	4.913439e-01	4.124365e-01	1.563752e+00
273	4.078902e-01	4.236503e-01	1.498290e+00
274	4.356856e-01	3.851006e-01	1.908647e+00
275	3.820574e-01	5.166849e-01	2.665852e+00
276	5.494542e-01	5.998940e-01	2.691255e+00
277	4.628896e-01	4.530662e-01	2.098192e+00
278	4.417557e-01	4.534176e-01	1.220811e+00
280	4.546033e-01	7.236406e-01	2.821202e+00
281	4.393768e-01	7.224507e-01	2.290669e+00
282	5.413495e-01	4.413642e-01	2.534929e+00
283	4.828028e-01	4.112295e-01	2.445042e+00
284	4.505208e-01	4.336357e-01	2.930630e+00
285	5.609790e-01	2.677430e-02	2.088422e+00
286	4.974468e-01	5.290655e-01	1.133854e+00
287	4.391594e-01	4.492643e-01	2.343429e+00
288	4.749607e-01	4.931302e-01	1.947728e+00
289	3.585938e-01	5.754531e-01	2.500733e+00
290	3.559005e-01	5.771027e-01	2.574011e+00
292	4.313495e-01	2.632297e-01	2.912066e+00
293	4.677273e-01	3.577720e-01	1.736688e+00
294	3.637242e-01	4.902303e-01	1.470933e+00
295	4.810668e-01	4.227931e-01	2.265266e+00
296	4.813806e-01	4.227079e-01	2.495848e+00
297	4.690557e-01	4.653741e-01	2.862237e+00
298	4.975181e-01	4.315671e-01	1.857841e+00
299	5.011005e-01	1.914673e-01	2.227162e+00
300	4.323612e-01	4.024798e-01	1.627259e+00
301	5.065347e-01	5.845479e-01	2.506595e+00
302	4.690385e-01	4.590746e-01	2.762579e+00
303	4.467263e-01	4.122638e-01	2.459697e+00
304	4.595133e-01	4.651459e-01	1.689790e+00
305	4.729309e-01	4.511309e-01	1.565706e+00
306	4.694423e-01	4.256706e-01	1.125061e+00
307	4.702286e-01	4.582384e-01	2.528090e+00
308	4.297347e-01	4.710995e-01	1.121153e+00
309	4.689107e-01	4.261323e-01	1.169028e+00
310	4.057034e-01	4.212431e-01	1.555936e+00
311	4.048223e-01	3.683856e-01	1.885198e+00
312	5.178083e-01	4.170186e-01	2.989253e+00
313	4.729603e-01	4.580630e-01	2.081583e+00
314	4.775223e-01	4.545003e-01	1.052760e+00
315	5.480935e-01	6.103505e-01	2.633610e+00
316	5.933384e-01	3.603457e-01	1.623351e+00
317	4.159777e-01	7.849784e-01	2.443087e+00
318	4.763618e-01	4.189623e-01	2.989253e+00
319	4.502225e-01	4.201446e-01	2.095261e+00
320	6.079980e-01	3.970277e-01	2.862237e+00
321	3.898399e-01	6.026954e-01	1.942843e+00
322	2.807585e-01	5.359274e-01	1.455300e+00
323	5.930837e-01	4.824496e-01	1.022472e+00
324	5.157121e-01	4.398437e-01	1.734734e+00
325	4.199640e-01	4.293087e-01	2.170493e+00
326	4.581817e-01	2.141002e-01	2.626771e+00
328	5.576205e-01	3.520298e-01	1.801172e+00
329	4.680890e-01	3.743853e-01	1.461163e+00
330	4.441825e-01	4.188232e-01	1.730826e+00
331	5.414099e-01	4.303593e-01	2.535906e+00
332	4.733438e-01	2.659682e-01	2.234978e+00
333	4.722315e-01	4.563967e-01	2.740107e+00
334	4.842286e-01	2.216402e-01	2.879824e+00
335	4.432615e-01	4.174835e-01	2.902296e+00
336	4.445877e-01	4.742014e-01	1.495359e+00
337	4.815198e-01	4.498301e-01	2.727406e+00
338	5.316320e-01	5.359096e-01	2.315095e+00
339	4.464391e-01	4.678893e-01	2.528090e+00
340	4.855540e-01	4.688249e-01	2.943332e+00
341	5.697663e-01	3.114452e-01	2.339521e+00
342	4.437441e-01	6.540919e-01	1.752320e+00
343	5.811706e-01	3.474968e-01	2.184172e+00
346	5.252222e-01	3.981525e-01	2.741085e+00
347	3.258266e-01	5.243099e-01	2.190034e+00
348	5.967431e-01	5.228823e-01	1.921348e+00
349	4.864592e-01	4.513641e-01	1.197362e+00
350	4.822657e-01	4.475080e-01	2.764533e+00
351	4.606655e-01	4.823625e-01	1.541280e+00
352	4.345525e-01	4.093914e-01	1.943820e+00
353	4.241052e-01	5.695119e-01	2.209575e+00
354	4.371537e-01	5.780551e-01	1.017587e+00
355	5.740953e-01	3.353840e-01	1.306790e+00
356	3.290098e-01	5.268083e-01	2.435271e+00
358	4.328681e-01	3.810342e-01	1.327308e+00
359	5.317216e-01	3.069350e-01	2.742062e+00
361	4.996732e-01	4.151339e-01	2.267220e+00
363	4.369384e-01	3.930188e-01	2.073766e+00
364	4.165614e-01	3.932067e-01	2.385442e+00
365	4.062426e-01	5.180476e-01	2.814362e+00
366	1.926867e-01	8.300937e-01	2.371764e+00
367	4.273978e-01	4.125842e-01	2.407914e+00
368	4.272168e-01	4.102225e-01	1.623351e+00
369	4.525108e-01	4.373885e-01	1.573522e+00
370	4.082678e-01	3.541386e-01	2.355154e+00
371	5.354328e-01	5.886399e-01	1.601856e+00
372	4.755118e-01	4.549909e-01	1.526624e+00
373	5.159870e-01	4.074076e-01	1.977040e+00
374	4.792609e-01	4.433300e-01	1.844162e+00
375	4.118598e-01	3.815791e-01	1.286273e+00
378	4.701393e-01	4.583890e-01	1.008793e+00
379	4.293618e-01	4.119491e-01	2.974597e+00
380	3.730180e-01	4.645368e-01	2.648266e+00
381	5.484779e-01	4.171690e-01	1.543234e+00
382	4.151672e-01	3.923989e-01	1.142648e+00
383	2.506498e-01	1.708524e-01	2.333659e+00
384	4.290433e-01	3.955369e-01	1.567660e+00
385	3.091099e-01	2.740270e-01	2.407914e+00
386	3.546296e-01	3.728320e-01	1.787494e+00
387	5.498481e-01	4.117183e-01	1.712262e+00
388	5.149384e-01	5.048034e-01	1.139717e+00
390	3.848152e-01	3.784875e-01	1.407426e+00
391	5.306099e-01	4.302715e-01	1.186615e+00
392	4.132817e-01	3.731654e-01	1.006839e+00
393	3.553359e-01	9.197643e-01	1.235467e+00
394	5.563321e-01	4.993914e-01	2.866146e+00
395	4.304067e-01	3.862292e-01	2.410845e+00
398	6.173338e-01	3.461086e-01	2.904250e+00
399	9.979193e-01	2.161323e-01	1.906693e+00
400	4.768192e-01	3.868422e-01	2.772350e+00
401	3.749342e-01	4.798136e-01	1.393747e+00
402	4.493364e-01	3.879786e-01	1.322423e+00
403	4.486471e-01	3.542652e-01	2.872985e+00
404	5.326042e-01	5.022824e-01	1.795310e+00
405	4.943397e-01	4.783187e-01	2.446996e+00
408	4.268675e-01	3.824097e-01	2.122618e+00
409	4.568198e-01	3.749131e-01	1.518808e+00
410	4.684381e-01	1.891686e-01	1.922325e+00
412	4.239161e-01	3.811705e-01	2.882755e+00
413	4.529635e-01	7.659425e-01	2.060088e+00
414	6.276413e-01	4.185946e-01	1.896922e+00
416	4.352907e-01	3.923243e-01	1.280410e+00
417	4.398745e-01	3.966947e-01	2.227162e+00
418	4.334113e-01	3.562279e-01	2.758671e+00
419	4.660467e-01	3.150028e-01	2.065950e+00
420	4.359378e-01	4.079085e-01	2.140205e+00
421	4.240342e-01	3.968545e-01	2.755740e+00
423	4.223640e-01	3.856612e-01	1.138740e+00
424	3.260766e-01	5.634264e-01	1.944797e+00
425	4.514034e-01	3.996320e-01	1.255984e+00
426	5.484698e-01	4.109706e-01	1.587201e+00
427	5.204536e-01	4.868311e-01	1.785540e+00
428	4.035937e-01	3.591436e-01	2.788959e+00
430	4.551046e-01	4.067333e-01	2.813385e+00
431	4.432590e-01	4.182171e-01	2.353200e+00
432	5.866363e-01	2.957508e-01	2.165608e+00
433	4.559813e-01	4.334784e-01	1.696629e+00
434	4.776177e-01	4.310071e-01	2.678554e+00
435	5.992767e-01	4.698950e-01	2.476307e+00
436	4.392383e-01	4.437035e-01	1.274548e+00
437	4.978643e-01	2.547926e-01	1.454323e+00
438	4.809783e-01	3.554746e-01	2.462628e+00
439	4.510824e-01	3.688342e-01	2.689301e+00
440	5.270716e-01	4.830741e-01	2.250611e+00
441	2.927417e-01	2.370934e-01	1.272594e+00
443	4.202522e-01	6.436635e-01	1.306790e+00
444	4.158931e-01	3.524279e-01	1.904739e+00
445	4.508915e-01	3.638666e-01	2.173425e+00
446	5.402271e-01	5.120767e-01	2.075721e+00
447	4.583290e-01	4.288044e-01	1.809966e+00
448	3.936307e-01	4.794801e-01	2.105032e+00
450	4.581430e-01	4.218889e-01	2.270151e+00
451	4.399342e-01	3.598249e-01	2.602345e+00
453	4.123550e-01	4.748709e-01	2.965804e+00
454	4.391394e-01	2.770653e-01	1.648754e+00
456	5.611697e-01	3.698606e-01	2.598437e+00
457	5.026883e-01	4.261982e-01	2.737176e+00
458	4.417805e-01	3.747124e-01	2.069858e+00
459	3.976722e-01	5.061676e-01	1.787494e+00
465	4.330616e-01	4.262019e-01	1.374206e+00
466	4.559020e-01	4.619189e-01	2.722521e+00
469	5.059024e-01	4.381051e-01	1.923302e+00
470	4.561118e-01	3.708063e-01	2.440156e+00
471	4.489549e-01	3.780240e-01	1.579384e+00
472	5.257906e-01	8.703963e-01	1.672203e+00
473	4.570143e-01	4.548280e-01	2.336590e+00
475	6.029559e-01	3.023548e-01	2.716659e+00
477	4.162414e-01	3.580418e-01	1.643869e+00
478	4.105221e-01	3.881578e-01	2.909135e+00
479	4.757641e-01	4.442159e-01	1.161212e+00
480	3.030039e-01	7.251002e-01	2.648266e+00
481	4.130691e-01	3.685901e-01	2.193942e+00
484	4.160427e-01	3.677099e-01	1.802149e+00
486	4.580107e-01	4.063524e-01	1.545188e+00
487	4.692103e-01	4.377509e-01	2.279922e+00
489	4.629006e-01	4.155423e-01	1.959453e+00
490	6.259206e-01	4.708725e-01	1.738642e+00
491	4.085038e-01	3.622635e-01	2.440156e+00
492	5.119336e-01	5.163096e-01	2.083537e+00
493	4.391846e-01	4.490573e-01	2.392281e+00
496	5.477794e-01	4.384355e-01	1.087934e+00
497	9.812555e-01	8.061741e-01	2.664875e+00
498	4.563005e-01	4.230317e-01	1.115291e+00
499	4.156711e-01	3.775581e-01	2.144113e+00
501	5.479847e-01	4.897105e-01	2.159746e+00
503	4.616885e-01	4.614902e-01	1.271617e+00
504	6.162946e-01	3.626154e-01	2.054226e+00
505	8.398499e-01	1.029106e-01	1.765022e+00
507	4.193501e-01	4.101276e-01	1.613581e+00
509	3.930968e-01	4.195988e-01	2.981436e+00
511	4.212556e-01	9.123233e-01	2.231070e+00
513	2.556327e-01	9.493088e-01	1.246214e+00
514	9.844521e-01	7.954230e-01	2.521251e+00
516	4.793032e-01	4.079999e-01	2.757694e+00
517	4.580743e-01	2.310060e-01	2.084514e+00
520	4.052203e-01	3.945677e-01	1.586224e+00
522	4.043338e-01	3.616049e-01	2.185149e+00
523	9.818180e-01	7.973952e-01	2.483146e+00
524	3.826846e-01	9.308224e-01	2.084514e+00
525	3.821685e-01	9.309335e-01	1.408403e+00
526	4.271073e-01	3.788392e-01	2.352223e+00
528	6.920500e-01	4.306283e-01	1.533464e+00
529	4.721066e-01	4.357449e-01	2.446019e+00
530	5.173388e-01	5.143470e-01	2.926722e+00
531	3.769574e-01	9.357318e-01	1.084025e+00
533	4.136231e-01	3.094758e-01	2.611138e+00
536	9.754811e-01	7.881849e-01	1.806058e+00
537	4.427094e-01	8.936625e-01	2.603322e+00
539	4.253261e-01	4.162200e-01	2.463605e+00
543	4.232161e-01	3.536774e-01	1.242306e+00
544	4.362280e-01	3.533689e-01	2.037616e+00
547	5.312969e-01	4.321962e-01	1.646800e+00
551	9.565259e-01	8.019524e-01	1.982902e+00
552	9.512045e-01	1.451098e-01	1.420127e+00
553	4.639510e-01	4.249006e-01	1.878359e+00
556	4.783994e-01	4.134325e-01	1.212018e+00
560	4.657213e-01	4.279869e-01	1.053737e+00
562	4.745563e-01	3.722909e-01	1.044944e+00
564	4.806922e-01	7.478688e-01	1.094773e+00
565	7.645633e-01	6.901852e-01	2.268197e+00
566	5.126758e-01	4.155829e-01	1.097704e+00
567	5.097457e-01	4.082964e-01	2.065950e+00
569	9.901427e-01	1.822400e-01	2.424524e+00
570	4.187158e-01	3.541031e-01	1.285296e+00
573	4.622887e-01	3.688559e-01	1.219834e+00
575	5.813205e-01	3.397104e-01	1.007816e+00
576	2.454653e-01	3.929208e-01	2.849536e+00
577	4.472454e-01	3.944018e-01	1.483635e+00
578	9.915105e-01	2.080114e-01	2.038593e+00
579	4.751291e-01	4.616217e-01	2.288715e+00
580	5.457137e-01	2.743548e-01	1.581339e+00
582	4.379356e-01	2.353539e-01	1.807035e+00
583	4.915846e-01	3.561121e-01	2.197851e+00
584	4.939619e-01	2.984229e-01	1.321446e+00
586	5.154033e-01	5.437591e-01	1.521739e+00
587	4.705872e-01	3.677309e-01	2.106009e+00
588	5.141628e-01	4.565073e-01	2.735222e+00
589	9.501448e-01	8.059083e-01	1.890083e+00
590	9.844706e-01	7.492413e-01	2.312164e+00
591	4.699046e-01	3.752442e-01	1.228627e+00
592	4.370842e-01	4.442932e-01	1.098681e+00
594	4.642933e-01	3.976591e-01	1.208109e+00
595	5.553932e-01	4.165800e-01	1.270640e+00
599	5.855411e-01	4.695403e-01	2.349292e+00
600	3.526425e-01	5.154280e-01	2.289692e+00
601	4.095689e-01	4.315522e-01	1.889106e+00
607	4.627941e-01	5.408596e-01	2.792868e+00
608	4.793229e-01	3.710503e-01	1.011724e+00
609	4.795520e-01	3.756881e-01	2.946263e+00
615	4.058452e-01	4.313857e-01	1.040059e+00
616	3.670500e-01	5.036278e-01	1.645823e+00
617	4.516703e-01	8.116602e-01	1.247191e+00
618	5.250204e-01	5.261540e-01	1.924279e+00
619	5.741318e-01	2.969581e-01	2.144113e+00
620	5.506046e-01	4.252579e-01	1.978994e+00
621	5.115052e-01	4.389491e-01	1.876404e+00
624	4.343953e-01	5.528670e-01	2.516365e+00
627	4.749390e-01	3.692363e-01	1.796287e+00
628	3.718207e-01	5.120981e-01	2.237909e+00
630	4.683738e-01	4.703958e-01	2.738153e+00
633	3.957030e-01	3.928287e-01	2.410845e+00
634	5.351869e-01	5.587270e-01	1.236444e+00
636	9.515581e-01	7.833717e-01	1.769907e+00
637	5.456268e-01	2.857694e-01	1.903762e+00
638	5.961384e-01	3.751926e-01	2.901319e+00
639	4.894710e-01	4.373739e-01	2.812408e+00
640	4.865064e-01	4.319363e-01	2.842697e+00
643	6.339710e-01	9.113723e-01	1.957499e+00
644	4.635044e-01	4.452297e-01	2.512457e+00
645	5.802667e-01	2.943617e-01	2.938447e+00
647	4.800348e-01	3.721021e-01	2.632633e+00
649	5.366012e-01	4.215233e-01	1.725940e+00
651	5.052866e-01	3.281665e-01	2.279922e+00
652	5.758594e-01	3.622458e-01	1.312653e+00
654	4.828178e-01	5.043998e-01	2.583781e+00
656	4.903051e-01	4.399135e-01	1.020518e+00
658	5.708224e-01	4.050660e-01	1.672203e+00
659	4.793427e-01	3.599076e-01	2.890572e+00
660	4.533911e-01	4.987607e-01	1.056668e+00
661	1.931421e-01	7.326651e-01	2.433317e+00
663	7.652878e-01	8.498392e-01	1.102589e+00
664	3.487032e-01	5.086029e-01	1.106497e+00
667	2.380586e-01	5.886577e-01	1.068393e+00
668	5.767497e-01	5.108514e-01	2.941378e+00
670	4.448616e-01	4.744320e-01	2.181241e+00
671	5.377365e-01	5.546620e-01	1.950660e+00
672	5.730646e-01	2.969706e-01	2.817294e+00
673	4.830387e-01	3.646952e-01	2.537860e+00
674	5.418693e-01	2.157354e-02	2.760625e+00
675	4.271878e-01	4.724200e-01	1.672203e+00
676	2.362975e-01	7.194755e-01	2.255496e+00
678	3.905880e-01	9.136149e-01	2.169516e+00
679	4.144177e-01	4.715545e-01	1.255984e+00
680	3.556313e-01	4.842903e-01	1.235467e+00
681	4.926316e-01	3.828877e-01	1.978994e+00
683	5.545900e-01	4.680310e-01	1.367367e+00
684	5.678486e-01	3.883048e-01	2.766488e+00
685	4.778126e-01	3.855699e-01	2.958964e+00
686	9.853847e-01	7.444141e-01	1.866634e+00
687	5.358477e-01	5.207840e-01	1.147533e+00
691	2.769516e-01	6.473723e-01	2.362970e+00
693	4.492760e-01	3.839021e-01	1.209086e+00
695	5.556130e-01	3.383196e-01	1.394724e+00
696	6.106497e-01	3.846007e-01	2.200782e+00
697	3.955063e-01	3.920069e-01	1.453346e+00
698	3.391281e-01	5.156012e-01	1.420127e+00
699	9.899594e-01	1.721096e-02	1.126038e+00
703	3.940169e-01	3.902381e-01	2.173425e+00
707	3.256441e-01	5.268050e-01	1.444553e+00
709	4.284150e-01	5.073162e-01	2.259404e+00
711	3.152922e-01	5.209728e-01	1.732780e+00
712	4.379405e-01	5.194530e-01	2.027846e+00
713	4.456769e-01	3.806598e-01	1.011724e+00
714	4.234446e-01	4.609790e-01	1.006839e+00
717	4.584227e-01	4.899459e-01	1.120176e+00
718	4.012661e-01	3.768756e-01	1.045921e+00
719	4.574517e-01	5.437111e-01	2.993161e+00
721	9.899956e-01	8.221875e-01	2.088422e+00
722	3.927365e-01	4.183149e-01	3.000000e+00
723	4.583055e-01	3.810304e-01	2.970689e+00
724	4.350209e-01	1.852665e-01	1.185638e+00
725	4.074761e-01	4.012471e-01	1.774792e+00
726	4.609580e-01	5.256838e-01	1.883244e+00
727	4.151772e-01	2.752725e-01	2.623840e+00
728	2.849299e-01	7.603951e-01	1.694675e+00
729	2.656574e-01	5.259888e-01	2.360039e+00
732	4.423098e-01	4.529981e-01	2.760625e+00
734	3.912172e-01	4.237285e-01	2.745970e+00
735	5.176865e-01	5.455619e-01	1.817782e+00
736	5.994256e-01	4.803842e-01	2.519297e+00
737	2.876139e-01	7.595239e-01	2.214460e+00
738	5.206162e-01	5.197590e-01	2.439179e+00
739	4.533210e-01	5.426915e-01	2.870054e+00
740	2.638022e-01	5.261620e-01	1.413288e+00
745	4.892103e-01	3.253756e-01	2.548608e+00
746	4.232795e-01	4.080714e-01	2.561309e+00
747	3.928317e-01	4.090199e-01	2.958964e+00
748	4.705330e-01	5.343868e-01	1.332193e+00
750	8.825822e-01	7.927234e-01	1.373229e+00
751	2.856598e-01	7.543516e-01	2.462628e+00
752	3.911728e-01	4.125938e-01	2.852467e+00
753	4.640286e-01	4.742512e-01	2.411822e+00
757	3.924729e-01	4.212212e-01	2.571080e+00
758	8.862867e-01	7.927249e-01	1.398632e+00
759	4.135602e-01	4.577737e-01	1.922325e+00
764	4.419374e-01	5.195701e-01	2.676600e+00
765	6.159603e-01	3.691023e-01	1.760137e+00
766	4.912542e-01	4.000494e-01	2.299463e+00
767	8.620862e-01	1.515638e-01	2.943332e+00
770	4.167420e-01	4.605674e-01	1.634099e+00
771	6.046397e-01	3.871872e-01	2.033708e+00
774	4.266677e-01	3.354976e-01	2.382511e+00
775	5.121956e-01	4.062340e-01	1.186615e+00
779	2.836113e-01	7.652429e-01	2.059111e+00
780	3.457490e-01	5.545243e-01	2.211529e+00
781	4.700377e-01	4.678343e-01	1.969223e+00
783	3.497229e-01	5.498676e-01	2.660967e+00
784	3.446951e-01	5.776260e-01	1.264778e+00
786	3.426665e-01	5.710541e-01	2.458720e+00
787	4.423413e-01	5.956123e-01	2.456766e+00
788	8.851669e-01	4.652935e-01	2.337567e+00
789	3.695334e-01	5.208636e-01	1.259893e+00
790	4.136210e-01	5.080896e-01	2.648266e+00
792	4.065334e-01	4.335019e-01	2.183195e+00
793	8.221735e-01	7.610661e-01	1.050806e+00
796	4.599407e-01	4.009483e-01	1.929165e+00
797	9.299311e-01	1.751575e-01	1.657548e+00
798	3.417595e-01	5.754600e-01	2.224231e+00
799	9.294897e-01	1.715687e-01	2.911089e+00
800	4.963932e-01	3.600550e-01	1.419150e+00
801	5.107928e-01	2.195988e-01	1.386908e+00
802	2.947289e-01	7.466223e-01	1.342941e+00
803	4.431232e-01	4.486246e-01	1.537372e+00
804	4.207303e-01	4.448605e-01	2.935515e+00
805	3.605208e-01	6.040344e-01	1.399609e+00
806	4.178743e-01	4.506358e-01	2.243771e+00
807	4.311826e-01	4.397587e-01	2.256473e+00
809	6.054671e-01	3.943899e-01	1.851979e+00
810	4.163325e-01	4.450567e-01	1.418173e+00
811	4.517647e-01	3.997672e-01	1.005862e+00
812	4.905228e-01	6.885859e-01	1.509038e+00
813	4.099988e-01	4.531678e-01	1.317538e+00
814	4.142216e-01	4.365777e-01	1.980948e+00
815	3.588845e-01	5.788436e-01	2.222277e+00
816	4.841637e-01	3.910713e-01	2.837811e+00
817	4.570659e-01	4.739374e-01	2.277968e+00
818	4.935867e-01	3.434854e-01	2.452858e+00
819	2.916654e-01	7.451328e-01	2.862237e+00
820	4.897500e-01	6.611992e-01	1.611627e+00
821	3.762298e-01	5.830262e-01	1.969223e+00
822	4.256290e-01	4.175485e-01	1.106497e+00
823	3.720372e-01	5.665561e-01	1.281387e+00
824	6.973345e-01	1.961734e-01	2.533952e+00
825	5.238828e-01	4.704233e-01	1.889106e+00
826	2.936852e-01	7.358646e-01	2.329751e+00
827	3.753440e-01	5.382993e-01	2.298486e+00
828	2.899379e-01	7.480885e-01	2.558378e+00
829	4.630013e-01	3.897178e-01	2.571080e+00
831	4.450434e-01	4.569605e-01	2.940401e+00
832	4.658002e-01	3.891684e-01	1.401563e+00
833	4.750240e-01	5.199185e-01	2.862237e+00
834	2.792590e-01	7.511239e-01	2.032731e+00
835	4.911646e-01	3.796578e-01	2.241817e+00
836	4.361276e-01	2.349268e-01	2.984367e+00
837	4.786857e-01	5.676744e-01	2.499756e+00
838	4.975542e-01	4.717837e-01	1.435760e+00
839	2.790893e-01	7.478306e-01	2.121641e+00
840	2.916839e-01	7.410224e-01	1.914509e+00
841	4.883968e-01	5.860387e-01	2.920860e+00
842	3.357475e-01	4.624222e-01	1.905716e+00
843	4.849560e-01	4.799605e-01	1.081094e+00
844	3.767933e-01	4.164307e-01	1.834392e+00
845	4.680292e-01	3.880577e-01	2.002443e+00
846	3.855530e-01	3.881075e-01	1.444553e+00
847	3.670079e-01	5.159964e-01	1.358574e+00
848	3.516252e-01	5.173489e-01	1.159257e+00
849	3.888893e-01	4.479111e-01	1.700537e+00
850	4.752956e-01	4.992353e-01	2.943332e+00
851	4.023085e-01	9.340045e-01	1.835369e+00
852	2.876277e-01	7.384774e-01	1.151441e+00
855	4.220725e-01	4.876146e-01	1.556913e+00
856	3.807421e-01	4.107320e-01	2.148999e+00
857	3.697739e-01	3.990565e-01	2.275037e+00
858	3.100005e-01	5.419220e-01	2.697118e+00
859	4.704569e-01	4.073124e-01	1.516854e+00
863	3.459972e-01	7.939895e-01	1.298974e+00
864	3.677684e-01	5.978712e-01	2.787005e+00
865	4.305818e-01	4.170746e-01	2.812408e+00
866	4.845258e-01	5.557910e-01	1.940889e+00
867	4.691999e-01	3.937993e-01	2.656082e+00
868	4.445338e-01	5.279227e-01	1.982902e+00
869	4.701086e-01	3.896353e-01	2.681485e+00
870	4.418043e-01	5.328264e-01	1.810943e+00
871	9.818145e-01	6.189771e-02	1.128969e+00
872	2.619823e-01	8.408733e-01	1.715193e+00
873	5.118424e-01	6.064156e-01	1.012702e+00
877	3.063256e-01	4.804861e-01	2.221299e+00
878	5.853111e-01	1.844030e-01	2.718613e+00
881	6.174677e-01	4.899161e-01	2.234001e+00
883	6.114136e-01	4.777054e-01	1.553981e+00
884	3.915717e-01	5.982889e-01	1.560821e+00
885	3.182943e-01	5.229380e-01	2.672692e+00
886	5.008261e-01	5.215845e-01	1.471910e+00
888	4.752100e-01	3.691217e-01	2.205667e+00
889	5.040571e-01	5.505084e-01	2.599414e+00
890	2.626077e-01	8.439677e-01	2.873962e+00
891	5.241404e-01	3.208856e-01	2.733268e+00
892	2.597322e-01	8.426193e-01	1.692721e+00
893	3.903170e-01	3.233514e-01	1.432829e+00
894	4.418332e-01	5.875240e-01	1.474841e+00
895	3.940033e-01	7.856472e-01	2.914998e+00
896	3.803904e-01	7.067318e-01	1.508061e+00
897	5.438051e-01	4.292672e-01	1.455300e+00
898	5.599725e-01	5.043928e-01	1.036150e+00
899	6.177723e-01	4.631371e-01	1.672203e+00
900	9.108056e-01	2.026819e-01	2.243771e+00
903	1.581176e-01	7.279291e-01	1.903762e+00
905	5.277444e-01	3.242574e-01	2.315095e+00
906	5.942385e-01	1.907401e-01	2.044455e+00
907	3.394295e-01	5.940843e-01	1.438691e+00
908	3.005289e-01	3.438739e-01	1.001954e+00
909	5.782119e-01	5.236121e-01	1.146556e+00
911	4.338714e-01	1.782447e-01	2.471422e+00
912	5.811025e-01	5.371847e-01	2.209575e+00
914	4.337065e-01	4.123680e-01	1.936004e+00
915	3.042909e-01	3.448502e-01	2.843674e+00
916	3.095167e-01	5.296848e-01	1.057645e+00
917	2.984800e-01	6.559127e-01	2.896434e+00
918	3.095799e-01	5.306694e-01	2.112848e+00
919	5.408591e-01	3.264555e-01	2.553493e+00
921	3.201539e-01	4.627302e-01	1.271617e+00
922	3.561556e-01	5.197873e-01	2.916952e+00
923	4.400165e-01	4.914157e-01	1.081094e+00
924	3.443939e-01	8.200754e-01	2.581827e+00
925	2.903296e-01	5.014124e-01	1.394724e+00
926	3.646178e-01	5.130940e-01	1.289204e+00
927	4.899738e-01	3.388437e-01	1.961407e+00
928	7.112971e-02	9.483930e-01	2.792868e+00
929	3.685889e-01	5.081438e-01	1.743527e+00
930	5.661618e-01	5.350382e-01	2.718613e+00
931	4.772438e-01	4.425433e-01	1.908647e+00
932	4.806632e-01	4.591330e-01	1.399609e+00
933	6.328673e-01	5.219401e-01	2.980459e+00
934	2.530159e-01	8.349666e-01	2.603322e+00
935	4.630016e-01	5.311343e-01	2.267220e+00
936	5.008646e-01	3.674650e-01	1.400586e+00
937	4.640516e-01	5.318886e-01	2.249634e+00
938	5.879250e-01	4.825350e-01	1.248168e+00
939	4.491919e-01	4.134696e-01	1.234489e+00
940	4.453775e-01	3.735998e-01	2.559355e+00
941	4.477081e-01	3.855535e-01	2.848559e+00
942	4.382087e-01	3.767167e-01	1.495359e+00
943	6.314019e-01	5.246066e-01	2.346361e+00
944	6.476842e-01	2.851678e-01	1.812897e+00
945	5.710618e-01	4.845549e-01	2.016121e+00
946	4.931740e-01	4.601077e-01	1.676111e+00
947	4.874450e-01	3.490306e-01	1.307767e+00
948	4.035021e-01	3.855963e-01	1.727894e+00
949	4.714341e-01	5.496215e-01	1.587201e+00
950	3.639951e-01	5.300771e-01	2.820225e+00
951	4.367075e-01	3.782237e-01	2.234978e+00
952	4.172551e-01	4.638101e-01	2.393258e+00
953	5.121203e-01	4.170180e-01	1.537372e+00
954	4.680446e-01	4.535792e-01	2.814362e+00
955	4.521833e-01	4.786637e-01	2.472399e+00
956	4.391942e-01	4.150575e-01	2.402052e+00
957	4.414933e-01	4.142000e-01	2.220322e+00
958	4.631332e-01	3.819391e-01	1.127992e+00
959	4.849501e-01	4.705879e-01	1.184660e+00
960	5.061750e-01	4.139399e-01	1.655594e+00
961	4.499994e-01	4.307426e-01	2.473376e+00
962	4.409765e-01	4.141879e-01	2.125550e+00
963	5.418408e-01	7.938679e-01	1.407426e+00
964	2.628836e-01	1.671140e-01	1.067416e+00
965	5.936461e-01	5.174613e-01	1.183683e+00
966	4.680754e-01	3.791752e-01	1.849047e+00
967	4.519799e-01	4.149938e-01	1.107474e+00
968	5.156519e-01	4.207823e-01	2.902296e+00
969	4.442820e-01	4.934416e-01	2.884709e+00
970	5.264287e-01	2.999746e-01	2.418661e+00
971	4.348594e-01	4.148710e-01	2.088422e+00
972	6.171876e-01	4.618689e-01	1.675134e+00
973	3.221661e-01	5.454804e-01	1.717147e+00
974	6.169232e-01	4.604724e-01	1.874450e+00
975	6.372110e-01	5.087051e-01	2.744993e+00
976	5.808770e-01	5.968560e-01	1.101612e+00
977	4.477484e-01	4.278058e-01	1.860772e+00
978	4.668509e-01	3.881899e-01	1.997557e+00
979	4.165283e-01	4.361969e-01	2.080606e+00
980	4.637419e-01	4.597825e-01	1.262824e+00
981	4.129115e-01	4.389113e-01	1.952614e+00
982	4.101186e-01	4.784686e-01	1.681974e+00
983	3.419185e-01	4.307503e-01	2.354177e+00
984	3.730121e-01	3.828625e-01	2.705911e+00
985	4.842690e-01	3.445706e-01	1.297997e+00
986	4.644111e-01	3.779155e-01	1.593063e+00
987	4.578235e-01	4.603172e-01	2.944309e+00
988	4.317201e-01	3.946048e-01	2.695164e+00
989	3.766568e-01	4.104486e-01	1.071324e+00
990	5.888427e-01	5.190593e-01	2.562286e+00
991	4.165772e-01	4.073359e-01	1.097704e+00
992	4.406991e-01	3.862510e-01	2.033708e+00
993	6.370068e-01	5.539015e-01	1.891060e+00
994	4.692468e-01	4.840143e-01	1.226673e+00
995	4.791339e-01	2.235641e-01	2.096238e+00
996	5.988652e-01	5.268554e-01	2.234978e+00
997	5.458106e-01	2.236126e-01	2.601368e+00
998	4.900018e-01	2.146734e-01	2.107963e+00
999	6.253646e-01	4.866081e-01	1.499267e+00
1000	4.004957e-01	3.798119e-01	1.192477e+00
1001	6.252725e-01	5.015694e-01	2.937469e+00
1002	6.308039e-01	5.286964e-01	1.183683e+00
1003	4.620157e-01	5.989351e-01	1.053737e+00
1004	4.546022e-01	6.048038e-01	1.540303e+00
1005	5.597924e-01	4.339842e-01	1.446507e+00
1006	5.699111e-01	3.884931e-01	2.942355e+00
1007	5.223943e-01	4.302211e-01	2.766488e+00
1008	6.339457e-01	4.781699e-01	2.502687e+00
1009	5.150646e-01	4.131676e-01	2.005374e+00
1010	3.406991e-01	9.822246e-01	1.627259e+00
1011	5.572715e-01	2.472380e-01	1.217880e+00
1012	4.469264e-01	6.138206e-01	1.148510e+00
1013	4.586824e-01	6.232853e-01	2.778212e+00
1014	4.608629e-01	4.538684e-01	1.774792e+00
1015	5.325213e-01	3.566714e-01	1.070347e+00
1016	3.404684e-01	4.618787e-01	2.073766e+00
1017	5.517914e-01	2.159189e-01	2.753786e+00
1018	4.604957e-01	4.531229e-01	2.888617e+00
1019	4.815439e-01	3.600198e-01	2.135320e+00
1020	2.152198e-01	4.771425e-01	2.933561e+00
1021	5.148699e-01	4.018478e-01	1.530532e+00
1022	5.377211e-01	2.968618e-01	1.125061e+00
1023	4.959633e-01	3.458652e-01	1.849047e+00
1024	4.871941e-01	3.771707e-01	1.952614e+00
1025	4.984774e-01	6.295591e-01	2.357108e+00
1026	4.416743e-01	3.770688e-01	2.956033e+00
1027	4.424391e-01	3.773153e-01	2.441133e+00
1028	4.787274e-01	4.253160e-01	2.395213e+00
1029	3.827398e-01	4.334924e-01	2.361993e+00
1030	4.487975e-01	4.083624e-01	2.494871e+00
1031	4.682981e-01	4.237050e-01	2.136297e+00
1032	4.258566e-01	3.988784e-01	2.439179e+00
1033	3.835971e-01	5.003607e-01	2.826087e+00
1034	4.605599e-01	4.022612e-01	1.697606e+00
1035	4.240772e-01	5.369716e-01	2.755740e+00
1036	4.357416e-01	4.471686e-01	1.542257e+00
1037	2.925531e-01	1.969349e-01	1.505129e+00
1038	3.835398e-01	4.869021e-01	1.581339e+00
1039	4.721750e-01	3.356001e-01	1.295066e+00
1040	6.161238e-01	5.377592e-01	2.208598e+00
1041	4.570429e-01	4.623637e-01	2.112848e+00
1042	4.476437e-01	4.744752e-01	2.228139e+00
1043	4.250781e-01	4.029162e-01	2.269174e+00
1044	3.845486e-01	4.849620e-01	2.771373e+00
1045	3.936474e-01	4.680611e-01	1.791402e+00
1046	4.675684e-01	4.146171e-01	1.061553e+00
1047	4.690928e-01	6.154394e-01	2.832926e+00
1048	6.256899e-01	5.816779e-01	1.816805e+00
1049	5.036041e-01	3.541246e-01	1.827553e+00
1050	6.028996e-01	5.256233e-01	1.618466e+00
1051	4.348475e-01	4.065901e-01	1.144602e+00
1052	4.848545e-01	3.542336e-01	1.867611e+00
1053	3.655684e-01	3.995813e-01	2.828041e+00
1054	3.246290e-01	3.522887e-01	1.002931e+00
1055	5.832917e-01	4.893120e-01	1.981925e+00
1056	4.626304e-01	5.246575e-01	2.776258e+00
1057	3.536878e-01	5.270077e-01	1.376160e+00
1058	4.768459e-01	4.355416e-01	1.646800e+00
1059	4.935289e-01	3.875103e-01	2.625794e+00
1061	3.929350e-01	4.047137e-01	2.682462e+00
1063	6.227860e-01	5.218034e-01	2.836834e+00
1064	4.593424e-01	3.417861e-01	2.172447e+00
1065	3.735802e-01	4.062321e-01	1.674157e+00
1067	4.661393e-01	3.938223e-01	1.950660e+00
1068	6.266394e-01	2.744981e-01	2.468490e+00
1069	3.897806e-01	5.296035e-01	2.561309e+00
1070	5.305505e-01	4.189668e-01	1.900830e+00
1071	4.138301e-01	4.080251e-01	1.683928e+00
1072	3.680402e-01	4.115370e-01	1.636053e+00
1073	4.628710e-01	4.284619e-01	2.679531e+00
1074	4.679567e-01	4.602774e-01	1.704446e+00
1075	4.666359e-01	4.488476e-01	2.700049e+00
1076	4.977100e-01	4.201813e-01	2.720567e+00
1077	6.446361e-01	5.378420e-01	2.315095e+00
1078	5.914937e-01	5.047735e-01	1.895945e+00
1079	5.928821e-01	5.279783e-01	2.224231e+00
1080	3.707712e-01	3.912801e-01	2.815340e+00
1081	5.992776e-01	5.035303e-01	2.858329e+00
1082	4.575269e-01	4.104726e-01	1.717147e+00
1083	4.681902e-01	3.974488e-01	2.173425e+00
1084	5.542556e-01	4.453802e-01	2.585735e+00
1085	3.683921e-01	3.933482e-01	2.657059e+00
1086	4.311075e-01	3.315698e-01	2.276991e+00
1087	4.500903e-01	4.069895e-01	2.162677e+00
1089	5.950159e-01	3.183713e-01	2.195896e+00
1090	3.799087e-01	3.986953e-01	1.145579e+00
1091	5.347303e-01	2.108214e-01	2.082560e+00
1092	5.177513e-01	7.637555e-01	1.276502e+00
1094	4.631607e-01	4.992912e-01	2.548608e+00
1095	4.661185e-01	5.044762e-01	2.239863e+00
1096	4.193113e-01	4.862625e-01	2.051295e+00
1097	4.760225e-01	3.711072e-01	1.422081e+00
1099	5.005137e-01	4.714613e-01	2.954079e+00
1100	5.389521e-01	4.770384e-01	1.329262e+00
1101	4.792025e-01	4.075210e-01	2.976551e+00
1102	4.896831e-01	3.958143e-01	2.951148e+00
1103	4.471132e-01	4.662439e-01	2.518319e+00
1104	4.362724e-01	4.747463e-01	2.981436e+00
1105	3.700101e-01	3.995850e-01	2.454812e+00
1106	5.981869e-01	5.019925e-01	2.609184e+00
1107	4.009767e-01	4.054724e-01	2.993161e+00
1108	4.719766e-01	4.420318e-01	1.934050e+00
1110	4.374619e-01	4.061379e-01	2.075721e+00
1112	6.012704e-01	5.033642e-01	2.393258e+00
1113	4.893653e-01	4.216353e-01	2.895457e+00
1114	4.647221e-01	4.337071e-01	2.862237e+00
1116	5.380425e-01	4.303698e-01	2.458720e+00
1117	5.338102e-01	4.253001e-01	2.796776e+00
1118	4.546814e-01	3.578620e-01	2.902296e+00
1119	4.597451e-01	2.978893e-01	1.758183e+00
1121	5.926296e-01	4.946605e-01	1.007816e+00
1122	4.580980e-01	4.311702e-01	1.749389e+00
1123	2.517465e-01	4.428993e-01	2.521251e+00
1124	4.762172e-01	3.710379e-01	2.923791e+00
1125	4.340226e-01	8.009811e-01	1.164143e+00
1126	4.100190e-01	4.832069e-01	1.873473e+00
1127	2.599460e-01	4.356855e-01	2.126527e+00
1128	4.256108e-01	4.508850e-01	1.273571e+00
1129	4.139571e-01	5.359584e-01	2.563263e+00
1130	5.796874e-01	4.880052e-01	1.869565e+00
1131	4.691813e-01	4.370364e-01	1.325354e+00
1132	4.008605e-01	3.971877e-01	2.111871e+00
1133	6.011369e-01	5.065932e-01	2.736199e+00
1134	4.186734e-01	5.034735e-01	2.436248e+00
1135	4.221880e-01	4.032928e-01	1.894968e+00
1136	6.305455e-01	4.042792e-01	1.706400e+00
1137	5.077235e-01	5.773429e-01	2.099170e+00
1138	4.410442e-01	3.650508e-01	1.904739e+00
1139	3.736140e-01	3.989049e-01	2.138251e+00
1140	5.286100e-01	5.099624e-01	2.196873e+00
1141	4.595567e-01	4.496400e-01	2.827064e+00
1142	6.007463e-01	5.338121e-01	2.310210e+00
1143	4.853036e-01	3.920906e-01	1.335125e+00
1144	4.094925e-01	4.017568e-01	2.974597e+00
1145	5.574188e-01	4.105456e-01	2.719590e+00
1146	5.353059e-01	4.647855e-01	1.246214e+00
1147	3.292822e-01	3.350512e-01	2.170493e+00
1148	4.802804e-01	4.667147e-01	1.166097e+00
1149	5.278597e-01	4.648632e-01	1.371275e+00
1150	4.018008e-01	3.990900e-01	2.399121e+00
1151	2.219114e-01	3.578414e-01	2.064973e+00
1152	5.710561e-01	4.909464e-01	1.170005e+00
1153	5.204398e-01	4.253708e-01	2.560332e+00
1154	3.987621e-01	4.643017e-01	1.782609e+00
1155	6.471714e-01	3.726238e-01	2.902296e+00
1156	5.524624e-01	4.424760e-01	3.000000e+00
1157	3.766126e-01	4.393078e-01	1.047875e+00
1159	5.484067e-01	4.506506e-01	1.893014e+00
1160	6.182531e-01	3.577966e-01	1.280410e+00
1161	1.737179e-01	6.804410e-01	2.497802e+00
1162	4.005720e-01	3.876355e-01	1.655594e+00
1163	4.117008e-01	4.039952e-01	2.885686e+00
1164	6.159211e-01	2.851441e-01	2.573034e+00
1165	9.758685e-01	5.291405e-01	1.423058e+00
1166	4.726047e-01	2.434415e-01	2.524182e+00
1167	4.306199e-01	4.247709e-01	2.076698e+00
1168	4.392894e-01	3.696032e-01	2.651197e+00
1169	4.476694e-01	4.192130e-01	1.767953e+00
1171	3.752579e-01	4.010798e-01	1.411334e+00
1174	4.059412e-01	4.379260e-01	1.842208e+00
1175	5.725155e-01	4.313410e-01	2.734245e+00
1176	3.139616e-01	3.320116e-01	1.146556e+00
1177	4.444498e-01	4.976460e-01	2.650220e+00
1178	5.828835e-01	3.218384e-01	2.899365e+00
1179	5.739821e-01	4.303789e-01	2.624817e+00
1180	4.386897e-01	3.751531e-01	2.791891e+00
1181	3.877410e-01	3.852142e-01	1.443576e+00
1183	5.597149e-01	4.362263e-01	2.008305e+00
1184	4.299573e-01	4.086125e-01	1.156326e+00
1185	4.492675e-01	4.258966e-01	2.619932e+00
1186	6.159739e-01	3.847450e-01	1.445530e+00
1187	3.929420e-01	3.865750e-01	1.825598e+00
1188	5.670752e-01	3.645094e-01	1.490474e+00
1189	4.331269e-01	3.684642e-01	2.922814e+00
1191	4.209978e-01	3.936842e-01	1.455300e+00
1192	5.308057e-01	4.460354e-01	1.888129e+00
1193	4.729339e-01	2.843030e-01	2.954079e+00
1194	4.096000e-01	4.633495e-01	2.640449e+00
1195	5.750864e-01	4.300098e-01	1.257938e+00
1196	6.139160e-01	3.927987e-01	2.626771e+00
1197	5.365242e-01	5.186973e-01	1.746458e+00
1198	4.696835e-01	4.572719e-01	1.221788e+00
1199	4.604635e-01	5.545474e-01	1.347826e+00
1200	5.476816e-01	4.504305e-01	2.531021e+00
1201	4.313635e-01	4.204635e-01	2.870054e+00
1202	4.304561e-01	4.195731e-01	3.000000e+00
1203	4.783834e-01	5.838884e-01	1.818759e+00
1204	4.343242e-01	3.874998e-01	1.163166e+00
1205	5.149818e-01	2.588830e-01	2.823156e+00
1206	3.626141e-01	4.089369e-01	1.397655e+00
1207	4.467378e-01	3.936452e-01	1.317538e+00
1208	4.269948e-01	4.669316e-01	1.383000e+00
1209	9.291201e-01	7.117171e-01	1.071324e+00
1210	5.603887e-01	3.678399e-01	2.850513e+00
1211	4.896757e-01	4.089108e-01	2.454812e+00
1212	6.285996e-01	3.779267e-01	2.031754e+00
1213	3.999903e-01	4.834022e-01	1.637030e+00
1214	4.386082e-01	4.376594e-01	2.955056e+00
1215	4.948252e-01	4.479516e-01	2.632633e+00
1216	6.122876e-01	3.954272e-01	1.953591e+00
1217	4.685262e-01	4.183172e-01	2.460674e+00
1218	1.889463e-01	7.112574e-01	1.196385e+00
1219	8.593363e-01	6.466811e-01	2.442110e+00
1220	5.136410e-01	4.247233e-01	2.021006e+00
1221	7.498148e-02	3.782006e-01	2.527113e+00
1222	6.218224e-01	3.965080e-01	2.543723e+00
1223	4.318362e-01	3.055008e-01	1.703468e+00
1224	4.380528e-01	4.272697e-01	1.115291e+00
1225	6.986587e-01	1.713702e-01	2.950171e+00
1226	3.572442e-01	3.553807e-01	2.105032e+00
1227	4.604206e-01	3.967568e-01	2.441133e+00
1228	4.673419e-01	4.357869e-01	2.604299e+00
1229	4.232659e-01	4.019954e-01	2.390327e+00
1230	6.029446e-01	3.769515e-01	2.063996e+00
1231	4.784869e-01	4.007604e-01	2.043478e+00
1232	3.763485e-01	3.763234e-01	1.523693e+00
1233	3.751483e-01	4.095702e-01	1.969223e+00
1234	5.134625e-01	5.804423e-01	1.782609e+00
1235	5.514788e-01	4.572530e-01	2.079629e+00
1236	3.426016e-01	6.509631e-01	2.675623e+00
1237	3.905961e-01	4.770178e-01	2.221299e+00
1238	5.128115e-01	4.698181e-01	1.449438e+00
1239	4.565686e-01	4.632074e-01	2.145090e+00
1240	5.299230e-01	2.141424e-01	1.699560e+00
1241	4.495940e-01	4.674429e-01	1.530532e+00
1242	5.215190e-01	4.526309e-01	1.497313e+00
1243	3.759577e-01	3.764892e-01	2.941378e+00
1244	4.779686e-01	4.750388e-01	1.049829e+00
1245	3.101314e-01	2.891340e-01	2.659013e+00
1246	4.479995e-01	4.534798e-01	1.352711e+00
1247	5.831442e-01	4.405578e-01	2.130435e+00
1248	4.285384e-01	5.593281e-01	2.205667e+00
1249	4.016262e-01	3.863030e-01	2.596483e+00
1250	3.962653e-01	3.950709e-01	1.509038e+00
1251	5.776792e-01	4.096904e-01	2.791891e+00
1252	4.566043e-01	4.853114e-01	2.280899e+00
1253	4.810087e-01	4.194681e-01	2.403029e+00
1254	3.469794e-01	3.608391e-01	1.936981e+00
1255	5.274363e-01	2.282949e-01	1.296043e+00
1256	3.740347e-01	5.446895e-01	2.641426e+00
1257	4.401991e-01	4.147558e-01	2.440156e+00
1258	4.446865e-01	4.422096e-01	1.798241e+00
1260	9.449860e-02	8.011511e-01	1.712262e+00
1261	5.066102e-01	4.367403e-01	2.961895e+00
1262	4.369879e-01	4.748972e-01	1.598925e+00
1263	4.171768e-01	4.850263e-01	2.942355e+00
1264	5.109699e-01	4.652544e-01	2.190034e+00
1266	4.457448e-01	5.056440e-01	1.212995e+00
1267	4.589496e-01	4.090761e-01	2.884709e+00
1268	4.745419e-01	4.491953e-01	1.595017e+00
1269	5.224710e-01	3.918105e-01	2.224231e+00
1270	4.760144e-01	4.515709e-01	2.834880e+00
1274	5.107711e-01	4.033877e-01	2.989253e+00
1275	4.951822e-01	4.575462e-01	2.994138e+00
1277	4.228861e-01	3.792745e-01	2.765511e+00
1278	4.825358e-01	4.247524e-01	2.046409e+00
1279	4.892705e-01	4.806477e-01	1.152418e+00
1280	5.541840e-01	1.225098e-01	2.244748e+00
1281	4.120539e-01	3.917002e-01	2.935515e+00
1282	4.274378e-01	3.845025e-01	2.528090e+00
1283	3.455996e-01	8.846188e-01	1.950660e+00
1284	5.569881e-01	1.991733e-01	2.106009e+00
1285	4.846697e-01	3.698677e-01	2.655105e+00
1286	5.170091e-01	4.416449e-01	2.695164e+00
1288	5.384211e-01	4.415223e-01	2.430386e+00
1289	5.393243e-01	1.311493e-01	2.187103e+00
1290	4.772028e-01	3.912545e-01	2.880801e+00
1291	4.984674e-01	4.464166e-01	1.118222e+00
1293	4.889007e-01	5.262787e-01	2.978505e+00
1294	4.303365e-01	5.199018e-01	2.590620e+00
1295	4.896726e-01	5.616042e-01	1.416219e+00
1296	4.459384e-01	8.967255e-01	1.075232e+00
1297	3.484410e-01	3.623698e-01	1.291158e+00
1298	4.878183e-01	4.732282e-01	1.170005e+00
1299	4.585380e-01	4.743262e-01	2.727406e+00
1300	4.267147e-01	4.671801e-01	2.416707e+00
1301	4.889353e-01	3.746379e-01	1.214949e+00
1303	4.645858e-01	4.313902e-01	2.152907e+00
1304	4.415213e-01	3.893458e-01	1.657548e+00
1305	5.471473e-01	4.844578e-01	2.051295e+00
1306	5.012407e-01	3.237126e-01	2.519297e+00
1307	4.684461e-01	4.745556e-01	1.166097e+00
1308	3.516181e-01	3.815982e-01	2.053249e+00
1309	5.616689e-01	1.602555e-01	1.833415e+00
1310	4.285708e-01	4.062910e-01	1.275525e+00
1311	4.589383e-01	3.757804e-01	2.477284e+00
1312	5.925959e-01	3.362570e-01	2.601368e+00
1313	3.903620e-01	4.557649e-01	2.955056e+00
1314	3.745349e-01	4.663050e-01	2.009282e+00
1315	5.437416e-01	4.593332e-01	2.046409e+00
1316	4.974934e-01	4.897275e-01	2.063019e+00
1317	5.068163e-01	4.801892e-01	2.537860e+00
1318	5.115694e-01	4.774183e-01	2.890572e+00
1319	4.381705e-01	4.137895e-01	1.899853e+00
1320	1.283287e-01	9.551943e-01	2.029800e+00
1321	4.626804e-01	5.399461e-01	2.084514e+00
1322	5.081229e-01	3.191097e-01	2.120664e+00
1323	5.048281e-01	4.794026e-01	2.201759e+00
1324	5.448657e-01	1.217459e-01	2.396190e+00
1325	3.332618e-01	4.529448e-01	1.815828e+00
1326	5.015419e-01	2.571098e-01	2.284807e+00
1327	4.824328e-01	4.224384e-01	1.021495e+00
1328	6.806709e-01	3.503475e-01	1.059599e+00
1329	5.125166e-01	7.330401e-01	1.655594e+00
1330	4.405470e-01	4.009863e-01	2.658036e+00
1331	4.280302e-01	3.877235e-01	2.494871e+00
1332	5.188538e-01	4.590450e-01	1.962384e+00
1333	4.476431e-01	4.355927e-01	2.987298e+00
1334	4.835875e-01	3.456643e-01	2.722521e+00
1335	4.924924e-01	3.625613e-01	2.400098e+00
1336	5.108321e-01	4.517363e-01	1.836346e+00
1338	4.435501e-01	5.081607e-01	2.736199e+00
1339	4.205219e-01	3.628243e-01	1.128969e+00
1340	4.631365e-01	3.672735e-01	1.536395e+00
1341	5.306934e-01	4.389767e-01	1.802149e+00
1342	3.436012e-01	4.794608e-01	2.236932e+00
1343	4.363147e-01	3.147198e-01	1.706400e+00
1344	5.152245e-01	4.982769e-01	1.800195e+00
1345	3.759472e-01	4.934441e-01	1.365413e+00
1346	5.049137e-01	3.546866e-01	2.063996e+00
1347	3.255822e-01	4.660150e-01	2.178310e+00
1348	5.330847e-01	1.016584e-01	1.892037e+00
1349	4.662120e-01	3.718244e-01	1.878359e+00
1350	3.955837e-01	3.431237e-01	1.049829e+00
1351	3.628151e-01	3.618613e-01	2.364924e+00
1352	4.958983e-01	3.690278e-01	1.763068e+00
1353	4.795093e-01	3.257041e-01	1.843185e+00
1354	3.816145e-01	3.496869e-01	2.164631e+00
1355	4.967883e-01	3.079301e-01	2.629702e+00
1356	5.113594e-01	1.668331e-01	2.917929e+00
1357	4.610019e-01	4.737068e-01	2.522228e+00
1359	3.560997e-01	4.764494e-01	1.450415e+00
1360	9.270527e-01	9.429157e-01	2.589643e+00
1361	4.171898e-01	3.534047e-01	1.512946e+00
1362	4.634136e-01	3.107598e-01	1.676111e+00
1363	4.952530e-01	1.415403e-01	1.679043e+00
1364	5.052499e-01	4.566497e-01	1.855887e+00
1365	5.060913e-01	4.552374e-01	1.180752e+00
1366	4.895552e-01	5.467129e-01	2.835857e+00
1367	4.995558e-01	4.587150e-01	2.792868e+00
1369	4.274313e-01	3.161677e-01	2.096238e+00
1370	2.299219e-01	5.765569e-01	2.609184e+00
1371	3.672433e-01	8.043937e-01	2.073766e+00
1372	5.222948e-01	4.648214e-01	2.155838e+00
1375	5.668591e-01	4.411211e-01	1.465071e+00
1376	4.923655e-01	4.183297e-01	2.947240e+00
1377	4.099300e-01	4.229245e-01	2.064973e+00
1378	4.000638e-01	3.516441e-01	1.668295e+00
1379	4.835977e-01	3.970886e-01	1.189546e+00
1380	5.605719e-01	4.131835e-01	2.301417e+00
1381	1.783447e-01	9.182319e-01	1.429897e+00
1382	1.733541e-01	9.025827e-01	2.915975e+00
1383	3.856971e-01	5.388319e-01	2.735222e+00
1384	4.231943e-01	4.370075e-01	1.857841e+00
1385	4.825265e-01	5.448326e-01	2.497802e+00
1386	4.357901e-01	3.423660e-01	2.556424e+00
1387	4.520682e-01	3.870420e-01	2.993161e+00
1388	4.002164e-01	8.133737e-01	2.166585e+00
1389	3.666916e-01	3.749299e-01	2.121641e+00
1390	5.170890e-01	4.642988e-01	2.803615e+00
1391	4.843182e-01	4.087353e-01	1.400586e+00
1392	4.459433e-01	4.615298e-01	1.563752e+00
1393	5.272963e-01	4.044516e-01	1.372252e+00
1394	2.163622e-01	4.495532e-01	2.209575e+00
1395	1.591530e-02	9.467683e-01	1.756229e+00
1396	4.973021e-01	3.905643e-01	1.933073e+00
1397	2.160801e-01	4.535066e-01	2.647289e+00
1398	4.714451e-01	4.739441e-01	2.408891e+00
1399	5.523360e-01	3.966048e-01	1.973131e+00
1400	4.875215e-01	4.821361e-01	1.211041e+00
1402	4.529752e-01	4.572923e-01	2.040547e+00
1403	4.161782e-01	4.119827e-01	1.478749e+00
1404	4.097667e-01	3.319998e-01	2.397167e+00
1405	3.501393e-01	7.900480e-01	1.195408e+00
1406	2.111235e-01	4.522075e-01	2.187103e+00
1408	4.513542e-01	4.502610e-01	1.061553e+00
1409	4.846039e-01	3.924596e-01	1.982902e+00
1410	2.215936e-01	4.511876e-01	2.885686e+00
1411	4.504686e-01	4.504601e-01	2.782120e+00
1412	6.248430e-01	2.745360e-01	1.925256e+00
1413	4.753930e-01	4.845117e-01	2.667807e+00
1414	4.857653e-01	4.705233e-01	1.808989e+00
1415	4.344995e-01	3.241316e-01	1.599902e+00
1416	4.647417e-01	4.553436e-01	2.109917e+00
1417	4.739954e-01	3.994825e-01	1.787494e+00
1418	3.697179e-01	3.301407e-01	1.056668e+00
1419	4.952535e-01	4.984719e-01	1.356619e+00
1420	5.480714e-01	4.237167e-01	1.866634e+00
1421	5.031942e-01	3.373993e-01	1.653639e+00
1422	3.701144e-01	4.942008e-01	2.148021e+00
1423	5.367231e-01	3.994027e-01	2.803615e+00
1424	2.065062e-01	4.544539e-01	1.927211e+00
1425	6.315787e-01	2.972321e-01	1.481681e+00
1426	6.407432e-01	2.436007e-01	1.525647e+00
1428	5.460495e-01	4.271617e-01	2.692233e+00
1429	4.851448e-01	3.893162e-01	2.785051e+00
1432	1.788830e-01	4.327623e-01	2.716659e+00
1433	5.003057e-01	4.461276e-01	2.196873e+00
1434	5.271125e-01	4.728931e-01	2.574988e+00
1435	4.663801e-01	4.509474e-01	2.226185e+00
1436	5.609713e-01	4.618252e-01	1.104543e+00
1437	4.865623e-01	4.518706e-01	1.493405e+00
1438	1.508427e-02	5.508070e-01	2.484123e+00
1439	5.192737e-01	4.533741e-01	1.462140e+00
1441	4.648604e-01	5.055180e-01	2.223254e+00
1442	5.320506e-01	3.516255e-01	2.207621e+00
1443	4.607064e-01	5.326113e-01	2.059111e+00
1444	4.885370e-01	4.715696e-01	1.150464e+00
1445	4.725109e-01	5.403580e-01	2.399121e+00
1446	3.942795e-01	3.415326e-01	2.227162e+00
1447	4.750676e-01	5.277997e-01	2.134343e+00
1448	5.333217e-01	4.471941e-01	2.229116e+00
1449	5.284308e-01	4.831864e-01	1.715193e+00
1450	6.598902e-01	1.871091e-01	2.883732e+00
1451	4.887486e-01	3.967103e-01	2.244748e+00
1452	4.952023e-01	4.129024e-01	2.822179e+00
1453	4.584250e-01	4.657247e-01	2.239863e+00
1454	6.066326e-02	5.630542e-01	1.034196e+00
1455	3.325653e-01	8.687690e-01	2.716659e+00
1456	2.028263e-01	4.746591e-01	1.645823e+00
1457	5.364236e-01	3.834704e-01	1.725940e+00
1458	5.086470e-01	3.999423e-01	2.791891e+00
1459	4.893750e-01	4.378549e-01	1.751343e+00
1460	4.404060e-01	6.276958e-01	1.628236e+00
1461	4.205080e-01	3.011369e-01	1.029311e+00
1462	5.228676e-01	4.260060e-01	2.070835e+00
1463	4.334514e-01	3.188369e-01	1.798241e+00
1464	5.208358e-01	4.707061e-01	2.493894e+00
1465	4.170405e-01	4.855321e-01	2.102101e+00
1466	4.435845e-01	3.807259e-01	2.455789e+00
1467	5.391804e-01	5.007766e-01	2.363947e+00
1468	4.930886e-01	3.617574e-01	1.084025e+00
1469	4.191179e-01	4.373265e-01	1.581339e+00
1472	5.563618e-01	3.130576e-01	2.235955e+00
1473	4.835054e-01	4.633063e-01	1.804104e+00
1474	1.646212e-01	6.958765e-01	2.747924e+00
1475	5.492794e-01	3.891234e-01	1.969223e+00
1476	5.097214e-01	4.543228e-01	2.706888e+00
1477	4.525782e-01	4.440309e-01	1.231558e+00
1479	4.476141e-01	5.454810e-01	2.075721e+00
1480	3.304167e-01	8.667341e-01	1.543234e+00
1481	4.930189e-01	4.556910e-01	2.030777e+00
1482	4.542219e-01	4.382021e-01	1.523693e+00
1484	4.970976e-01	3.473484e-01	1.997557e+00
1485	4.592175e-01	4.801554e-01	1.725940e+00
1486	5.500178e-01	4.514692e-01	1.153395e+00
1487	4.768421e-01	5.112639e-01	1.253053e+00
1488	3.220533e-01	4.120328e-01	2.925745e+00
1489	4.517074e-01	5.397779e-01	1.417196e+00
1490	3.385080e-01	8.906332e-01	1.613581e+00
1491	3.043732e-01	4.189571e-01	1.047875e+00
1492	5.042265e-01	5.014192e-01	1.384954e+00
1495	4.966356e-01	4.793576e-01	1.201270e+00
1496	4.745121e-01	4.562419e-01	1.347826e+00
1497	5.855027e-01	4.017094e-01	2.852467e+00
1498	4.592619e-01	5.817363e-01	2.626771e+00
1499	2.831021e-01	3.186795e-01	2.479238e+00
1500	4.521473e-01	3.311067e-01	1.982902e+00
1501	4.559379e-01	4.150335e-01	2.925745e+00
1502	2.858914e-01	2.924786e-01	1.167074e+00
1505	1.802102e-01	7.023864e-01	2.765511e+00
1506	4.731799e-01	4.636131e-01	1.329262e+00
1507	3.715350e-01	5.529834e-01	1.169028e+00
1508	3.023964e-01	5.048537e-01	1.092819e+00
1509	5.255464e-01	4.591670e-01	2.261358e+00
1510	4.378894e-01	3.820194e-01	2.436248e+00
1511	4.839072e-01	5.224415e-01	2.255496e+00
1512	3.901974e-01	5.368417e-01	1.693698e+00
1513	5.426489e-01	4.446753e-01	1.655594e+00
1515	4.448333e-01	3.907030e-01	1.942843e+00
1516	5.912113e-01	4.053576e-01	1.339033e+00
1517	4.625437e-01	5.829713e-01	1.352711e+00
1519	1.841225e-01	7.088733e-01	1.598925e+00
1520	4.840248e-01	4.553264e-01	2.823156e+00
1521	5.214936e-01	5.081575e-01	1.132877e+00
1522	4.154842e-01	3.592905e-01	1.176844e+00
1524	4.865170e-01	4.662714e-01	2.567171e+00
1526	4.680544e-01	5.367992e-01	2.589643e+00
1527	4.592578e-01	5.720617e-01	1.785540e+00
1528	4.889019e-01	4.757408e-01	1.034196e+00
1529	5.420937e-01	4.292279e-01	1.602833e+00
1531	4.685592e-01	5.384497e-01	2.484123e+00
1532	4.588613e-01	4.313937e-01	1.414265e+00
1533	4.669900e-01	4.371865e-01	1.421104e+00
1534	4.537197e-01	3.160491e-01	1.716170e+00
1535	4.668269e-01	5.353052e-01	2.744993e+00
1537	4.591840e-01	4.302173e-01	1.691744e+00
1538	5.238864e-01	5.133413e-01	1.178798e+00
1539	5.318167e-01	4.986065e-01	2.830972e+00
1540	4.468382e-01	4.317942e-01	2.686370e+00
1541	4.731505e-01	3.409615e-01	1.747435e+00
1542	5.196301e-01	2.533869e-01	1.429897e+00
1543	5.099439e-01	4.610673e-01	2.558378e+00
1545	4.592312e-01	3.956400e-01	1.731803e+00
1548	3.746587e-01	3.470988e-01	1.051783e+00
1549	5.103763e-01	5.702616e-01	2.582804e+00
1550	4.859286e-01	2.543450e-01	2.906204e+00
1551	4.314842e-01	3.312417e-01	2.308256e+00
1552	5.157305e-01	2.152706e-01	2.203713e+00
1553	4.932179e-01	4.700657e-01	1.851001e+00
1554	4.860771e-01	2.855187e-01	2.557401e+00
1555	5.277557e-01	2.691088e-01	2.127504e+00
1556	5.131388e-01	2.202319e-01	1.183683e+00
1557	4.600374e-01	4.329087e-01	1.517831e+00
1558	5.197872e-01	3.097542e-01	2.406937e+00
1559	3.965867e-01	3.782248e-01	2.077675e+00
1561	4.474096e-01	4.221431e-01	1.929165e+00
1562	4.592957e-01	4.253673e-01	1.023449e+00
1563	4.657674e-01	4.045996e-01	1.064485e+00
1565	5.003942e-01	4.909895e-01	1.845139e+00
1567	4.581898e-01	3.940549e-01	2.472399e+00
1568	4.214491e-01	3.647461e-01	1.151441e+00
1569	4.999464e-01	5.047489e-01	2.558378e+00
1570	5.628032e-01	2.094082e-01	2.004397e+00
1572	4.037942e-01	5.240389e-01	1.558867e+00
1573	4.186669e-01	3.924203e-01	2.801661e+00
1574	4.582650e-01	4.171433e-01	2.544700e+00
1575	3.218185e-01	7.207256e-01	1.345872e+00
1576	4.542579e-01	4.443596e-01	1.686859e+00
1577	5.226835e-01	2.578632e-01	2.725452e+00
1579	4.417447e-01	4.585174e-01	1.786517e+00
1580	4.658661e-01	5.598098e-01	2.437225e+00
1581	4.878018e-01	4.783523e-01	2.128481e+00
1583	4.961524e-01	3.145100e-01	1.586224e+00
1584	5.123432e-01	5.003901e-01	1.923302e+00
1586	5.127735e-01	4.997470e-01	1.829507e+00
1587	4.968065e-01	3.132861e-01	2.114802e+00
1588	4.359158e-01	3.848693e-01	1.063508e+00
1589	4.319590e-01	4.016366e-01	2.355154e+00
1590	4.918418e-01	4.804105e-01	2.793845e+00
1591	5.550419e-01	2.100733e-01	2.389350e+00
1593	4.161601e-01	2.587400e-01	2.190034e+00
1594	5.496988e-01	2.062681e-01	1.904739e+00
1595	4.713787e-01	4.626588e-01	1.589155e+00
1596	5.183472e-01	4.794560e-01	2.608207e+00
1597	4.728776e-01	4.623559e-01	1.751343e+00
1598	4.654007e-01	4.365711e-01	1.317538e+00
1599	4.911962e-01	4.699335e-01	2.326820e+00
1600	7.159355e-01	3.809071e-01	2.483146e+00
1601	4.628891e-01	5.435533e-01	2.167562e+00
1602	4.925279e-01	5.152241e-01	2.565217e+00
1603	4.898305e-01	4.717351e-01	2.701026e+00
1604	4.924708e-01	4.791823e-01	2.196873e+00
1605	3.128663e-01	3.364614e-01	2.236932e+00
1606	4.602003e-01	5.509634e-01	1.756229e+00
1607	4.691145e-01	4.645518e-01	2.469468e+00
1608	5.586365e-01	2.069236e-01	2.740107e+00
1609	4.843282e-01	3.512913e-01	2.376649e+00
1610	4.798971e-01	3.698942e-01	1.635076e+00
1611	5.165706e-01	5.120871e-01	1.985833e+00
1612	4.840645e-01	5.259000e-01	2.683439e+00
1613	4.660341e-01	4.531908e-01	2.635564e+00
1615	4.433114e-01	4.337472e-01	2.240840e+00
1616	5.028289e-01	3.027059e-01	2.932584e+00
1618	4.679952e-01	4.646212e-01	1.688813e+00
1619	2.921547e-02	9.448739e-01	2.125550e+00
1620	4.298081e-01	4.045472e-01	2.625794e+00
1621	4.802722e-01	4.539820e-01	1.874450e+00
1623	4.678228e-01	4.267462e-01	1.112360e+00
1624	5.051595e-01	3.381328e-01	2.001466e+00
1625	4.343386e-01	4.068143e-01	2.370787e+00
1626	5.404532e-01	2.174415e-01	2.454812e+00
1627	4.833952e-01	4.583730e-01	2.880801e+00
1628	4.303242e-01	6.118509e-01	1.092819e+00
1629	4.305817e-01	3.068988e-01	2.137274e+00
1630	4.855409e-01	3.398774e-01	1.475818e+00
1633	5.046319e-01	3.109367e-01	2.905227e+00
1634	4.673462e-01	4.617907e-01	2.163654e+00
1635	4.153992e-01	4.144794e-01	2.358085e+00
1637	4.841813e-01	4.722727e-01	2.169516e+00
1638	4.760418e-01	4.422551e-01	1.574499e+00
1639	3.964309e-01	3.633344e-01	2.104055e+00
1640	4.762917e-01	4.801334e-01	1.770884e+00
1641	3.833588e-01	1.119752e-01	2.212506e+00
1642	4.362296e-01	1.958183e-01	1.830484e+00
1643	4.863067e-01	3.666467e-01	2.361993e+00
1644	5.442993e-01	4.899551e-01	1.606742e+00
1646	4.437670e-01	4.220826e-01	1.875427e+00
1647	4.630701e-01	4.698144e-01	2.490962e+00
1648	5.097100e-01	5.020193e-01	1.409380e+00
1649	5.284996e-01	4.794557e-01	2.132389e+00
1650	6.391168e-01	6.609932e-02	1.424035e+00
1652	4.627971e-01	4.673434e-01	1.721055e+00
1653	4.794939e-01	4.760852e-01	1.192477e+00
1654	4.813434e-01	5.259437e-01	1.812897e+00
1655	3.822048e-01	5.077857e-01	1.871519e+00
1656	4.822976e-01	4.783650e-01	2.771373e+00
1657	4.748817e-01	3.379304e-01	2.809477e+00
1658	4.851258e-01	4.467007e-01	2.176356e+00
1659	4.847354e-01	5.516590e-01	2.525159e+00
1660	4.949571e-01	3.708841e-01	2.669761e+00
1661	4.817146e-01	4.767959e-01	1.865657e+00
1664	5.864742e-01	3.363488e-01	2.751832e+00
1665	5.000329e-01	2.861102e-01	2.413776e+00
1666	5.287542e-01	4.679916e-01	2.827064e+00
1667	5.062879e-01	3.630359e-01	2.991207e+00
1669	4.861469e-01	3.945017e-01	2.843674e+00
1670	4.267256e-01	4.435887e-01	2.480215e+00
1672	4.847076e-01	3.900015e-01	1.798241e+00
1673	4.663914e-01	4.662338e-01	2.852467e+00
1675	4.662870e-01	4.008224e-01	2.756717e+00
1679	2.872538e-01	3.885926e-01	1.263801e+00
1681	5.464696e-01	2.009113e-01	1.905716e+00
1682	4.255595e-01	4.256785e-01	2.451881e+00
1688	4.946191e-01	3.940533e-01	1.087934e+00
1689	5.472945e-01	2.032704e-01	1.141671e+00
1691	3.937198e-01	4.199079e-01	2.122618e+00
1692	4.707000e-01	3.838667e-01	1.519785e+00
1693	4.522770e-01	3.838794e-01	1.455300e+00
1694	4.777585e-01	4.645691e-01	2.119687e+00
1695	4.867978e-01	3.797140e-01	1.228627e+00
1696	5.498528e-01	4.506606e-01	1.396678e+00
1697	3.116774e-01	4.872857e-01	2.823156e+00
1698	3.848254e-01	2.339823e-01	1.030288e+00
1699	3.849596e-01	3.697928e-01	1.604787e+00
1700	2.836676e-01	3.735111e-01	2.290669e+00
1701	4.846611e-01	5.166510e-01	2.669761e+00
1703	4.783485e-01	4.647467e-01	1.828530e+00
1704	4.934306e-01	3.981335e-01	2.141182e+00
1705	4.908092e-01	4.460973e-01	1.916463e+00
1706	4.874677e-01	3.936283e-01	1.868588e+00
1707	4.636983e-01	3.817036e-01	1.210064e+00
1708	4.390976e-01	4.295107e-01	1.056668e+00
1710	2.920790e-01	3.556831e-01	2.385442e+00
1711	5.502849e-01	3.521259e-01	1.733757e+00
1712	4.450491e-01	4.574688e-01	1.249145e+00
1714	5.055919e-01	4.757077e-01	2.191011e+00
1715	4.818986e-01	4.095523e-01	2.391304e+00
1717	3.057983e-01	3.433498e-01	2.142159e+00
1718	4.282399e-01	4.433520e-01	1.539326e+00
1719	4.945352e-01	3.380447e-01	2.917929e+00
1720	4.736434e-01	2.645670e-01	1.940889e+00
1722	4.499090e-01	2.842630e-01	1.871519e+00
1723	5.212708e-01	4.782187e-01	2.197851e+00
1725	4.156192e-01	4.573520e-01	1.103566e+00
1726	4.351451e-01	4.298126e-01	2.199805e+00
1727	4.684367e-01	5.414726e-01	2.901319e+00
1728	4.540496e-01	4.612817e-01	2.394235e+00
1729	4.910234e-01	5.223728e-01	2.729360e+00
1731	4.978682e-01	3.485492e-01	2.066927e+00
1732	5.331059e-01	4.746838e-01	1.179775e+00
1733	4.694530e-01	3.913531e-01	2.250611e+00
1735	3.206252e-01	3.205151e-01	1.398632e+00
1736	5.331332e-01	3.364528e-01	1.000000e+00
1737	5.334554e-01	4.552673e-01	1.929165e+00
1738	4.833556e-01	4.686961e-01	1.326331e+00
1739	4.362437e-01	4.296585e-01	2.799707e+00
1740	3.197280e-01	3.344235e-01	1.210064e+00
1742	4.201660e-01	3.823497e-01	1.741573e+00
1743	3.140105e-01	3.345941e-01	1.858818e+00
1744	4.367751e-01	4.290233e-01	1.612604e+00
1745	4.818433e-01	2.755935e-01	1.720078e+00
1746	4.738802e-01	3.793116e-01	2.707865e+00
1747	5.018076e-01	4.718648e-01	2.856375e+00
1749	3.287473e-01	5.618731e-01	1.605765e+00
1750	4.329418e-01	4.296721e-01	1.273571e+00
1751	4.875068e-01	3.889565e-01	2.294577e+00
1752	4.244573e-01	4.123930e-01	2.261358e+00
1753	4.262390e-01	4.238066e-01	2.146067e+00
1754	4.334135e-01	4.269580e-01	1.349780e+00
1756	4.539134e-01	4.837056e-01	1.849047e+00
1757	4.625550e-01	4.617474e-01	2.970689e+00
1758	4.528585e-01	4.343344e-01	1.912555e+00
1759	4.622659e-01	4.591859e-01	2.725452e+00
1760	4.862977e-01	3.441733e-01	2.416707e+00
1761	4.836947e-01	4.895180e-01	2.902296e+00
1762	3.896040e-01	4.525193e-01	1.231558e+00
1763	4.970349e-01	4.695232e-01	2.010259e+00
1764	4.253024e-01	4.255423e-01	1.864680e+00
1765	4.171674e-01	3.913610e-01	1.401563e+00
1766	3.924476e-01	4.321255e-01	1.619443e+00
1767	3.543526e-01	4.892224e-01	2.412799e+00
1769	4.549833e-01	4.833978e-01	2.468490e+00
1770	4.929219e-01	4.181381e-01	2.504641e+00
1771	4.641339e-01	4.653033e-01	1.830484e+00
1772	4.586394e-01	4.601052e-01	2.949194e+00
1773	4.615566e-01	4.583976e-01	2.943332e+00
1774	4.664096e-01	4.590818e-01	2.629702e+00
1775	5.250645e-01	4.730936e-01	1.385931e+00
1776	4.698500e-01	4.774335e-01	1.112360e+00
1777	4.345620e-01	4.152533e-01	1.168051e+00
1778	4.456680e-01	4.352006e-01	1.044944e+00
1779	3.482859e-01	5.071136e-01	1.571568e+00
1781	4.785176e-01	4.932964e-01	1.047875e+00
1782	1.037812e-01	3.370065e-01	1.669272e+00
1783	9.874740e-01	6.808518e-01	2.292623e+00
1784	5.602071e-01	4.294159e-01	1.018564e+00
1785	4.797232e-01	4.812832e-01	1.857841e+00
1786	4.786631e-01	4.198544e-01	1.878359e+00
1787	4.983451e-01	4.598670e-01	2.875916e+00
1788	4.642762e-01	4.594810e-01	1.488520e+00
1789	4.807474e-01	4.676946e-01	2.688324e+00
1790	4.418949e-01	5.473515e-01	2.486077e+00
1791	4.099740e-01	5.262896e-01	2.162677e+00
1792	5.685653e-01	5.375263e-01	1.360528e+00
1793	9.368496e-01	9.675961e-01	2.943332e+00
1794	5.699312e-01	4.460528e-01	1.508061e+00
1795	6.012581e-01	4.039624e-01	2.316072e+00
1796	4.938275e-01	4.488534e-01	2.488031e+00
1797	9.150602e-01	9.430795e-01	1.713239e+00
1798	4.415044e-01	4.987826e-01	1.824621e+00
1799	4.376420e-01	5.218982e-01	1.745481e+00
1800	4.692658e-01	4.685587e-01	1.765999e+00
1801	5.709331e-01	3.790932e-01	1.366390e+00
1802	4.928198e-01	4.521294e-01	2.291646e+00
1803	4.134724e-01	5.411465e-01	1.470933e+00
1804	4.795685e-01	4.685379e-01	1.059599e+00
1805	4.464225e-01	4.921906e-01	2.897411e+00
1806	4.062212e-01	3.968532e-01	1.231558e+00
1807	4.111747e-01	3.666956e-01	2.143136e+00
1808	4.323886e-01	4.484515e-01	1.388862e+00
1809	4.174510e-01	3.742448e-01	1.999511e+00
1811	4.940780e-01	4.164713e-01	1.197362e+00
1812	4.183069e-01	3.738646e-01	2.679531e+00
1813	4.814461e-01	4.985941e-01	2.245725e+00
1814	5.739253e-01	4.745129e-01	1.915486e+00
1815	4.295228e-01	4.666140e-01	2.346361e+00
1816	8.957185e-01	1.716967e-01	2.593552e+00
1817	8.995457e-01	1.692544e-01	2.326820e+00
1818	4.740737e-01	5.036432e-01	2.955056e+00
1819	4.803682e-01	4.661498e-01	1.663410e+00
1820	4.543423e-01	4.964883e-01	2.957010e+00
1821	4.109009e-01	4.084692e-01	2.559355e+00
1822	4.942402e-01	3.946527e-01	2.618955e+00
1823	4.423163e-01	4.703539e-01	1.780655e+00
1824	4.649683e-01	4.741995e-01	2.787982e+00
1825	9.561432e-01	9.296240e-02	1.903762e+00
1826	7.481794e-01	8.158439e-01	1.094773e+00
1827	4.294078e-01	4.233498e-01	1.476795e+00
1828	4.797706e-01	4.672277e-01	1.010747e+00
1829	4.905209e-01	4.557144e-01	1.276502e+00
1831	4.906980e-01	4.442945e-01	1.608696e+00
1832	9.918453e-01	9.226627e-01	2.335613e+00
1833	4.709038e-01	4.400494e-01	1.189546e+00
1834	4.760009e-01	4.170280e-01	2.732291e+00
1835	4.621671e-01	5.070725e-01	2.303371e+00
1836	4.926428e-01	4.570704e-01	2.413776e+00
1837	4.552239e-01	5.057358e-01	2.876893e+00
1838	5.277777e-01	4.604074e-01	2.563263e+00
1839	4.428221e-01	4.804616e-01	2.039570e+00
1840	4.817713e-01	4.471550e-01	1.436737e+00
1841	4.624481e-01	4.428440e-01	1.738642e+00
1842	4.611312e-01	4.711984e-01	2.044455e+00
1845	4.498971e-01	4.598202e-01	2.982413e+00
1846	4.897735e-01	4.482542e-01	1.203224e+00
1847	3.703215e-01	4.779819e-01	2.955056e+00
1848	4.828168e-01	4.575491e-01	1.524670e+00
1850	4.359092e-01	5.018758e-01	1.996580e+00
1851	4.694283e-01	4.715693e-01	2.945286e+00
1852	4.422288e-01	4.101995e-01	1.991695e+00
1853	4.931354e-01	4.670061e-01	2.442110e+00
1854	4.882033e-01	4.779235e-01	1.477772e+00
1855	4.355955e-01	4.283099e-01	2.906204e+00
1856	5.178201e-01	5.212549e-01	1.423058e+00
1857	5.101148e-01	4.237305e-01	2.446019e+00
1858	4.458797e-01	4.342696e-01	2.860283e+00
1859	5.366574e-01	4.750788e-01	1.522716e+00
1860	4.952995e-01	5.341838e-01	1.331216e+00
1861	4.724502e-01	4.904378e-01	2.446019e+00
1862	4.764829e-01	4.967309e-01	2.095261e+00
1863	3.516482e-01	3.799474e-01	1.073278e+00
1864	3.728670e-01	4.981743e-01	2.543723e+00
1865	5.450160e-01	4.980036e-01	2.876893e+00
1866	4.758291e-01	4.969575e-01	2.031754e+00
1867	5.984618e-01	7.138901e-01	1.949682e+00
1869	4.394683e-01	4.990271e-01	1.577430e+00
1870	4.832382e-01	4.557010e-01	1.871519e+00
1871	4.217271e-01	4.003497e-01	2.033708e+00
1873	3.395139e-01	5.148421e-01	1.762091e+00
1876	4.580549e-01	4.676333e-01	2.788959e+00
1877	4.434762e-01	3.897768e-01	2.095261e+00
1878	5.349179e-01	4.546866e-01	1.627259e+00
1879	5.833864e-01	4.045152e-01	1.503175e+00
1880	4.450734e-01	4.947579e-01	1.068393e+00
1881	4.921329e-01	4.717335e-01	1.710308e+00
1883	4.919634e-01	4.633619e-01	2.123596e+00
1884	5.792108e-01	6.299616e-01	1.049829e+00
1885	3.538273e-01	5.132045e-01	2.962872e+00
1886	5.354559e-01	4.548529e-01	1.183683e+00
1888	4.631867e-01	4.485136e-01	2.475330e+00
1889	4.584645e-01	4.308252e-01	1.297020e+00
1890	3.087839e-01	5.525508e-01	1.260870e+00
1891	3.331514e-01	3.773110e-01	1.263801e+00
1893	4.838739e-01	4.517658e-01	1.933073e+00
1894	3.995028e-01	4.218951e-01	1.526624e+00
1895	4.415952e-01	4.679324e-01	1.105520e+00
1896	5.209874e-01	3.909930e-01	2.816317e+00
1897	3.956629e-01	5.353250e-01	2.696141e+00
1898	4.436386e-01	5.100692e-01	1.474841e+00
1899	3.993992e-01	5.347654e-01	2.859306e+00
1900	5.075853e-01	4.364538e-01	1.519785e+00
1901	4.731895e-01	4.477618e-01	2.446019e+00
1902	4.462991e-01	2.994737e-01	1.817782e+00
1903	4.896068e-01	4.674272e-01	1.013679e+00
1904	4.588711e-01	4.783859e-01	1.638007e+00
1905	4.025496e-01	3.664549e-01	2.997069e+00
1906	5.491098e-01	4.998274e-01	1.389839e+00
1907	3.346834e-01	3.890404e-01	1.948705e+00
1908	3.494185e-01	5.251848e-01	2.619932e+00
1909	5.128457e-01	5.288816e-01	2.633610e+00
1910	4.178611e-01	5.045019e-01	2.318026e+00
1911	4.653748e-01	3.773578e-01	1.742550e+00
1912	4.678659e-01	4.909969e-01	1.553981e+00
1913	3.733603e-01	4.637801e-01	2.149976e+00
1914	4.628674e-01	3.667125e-01	2.257450e+00
1916	4.936944e-01	4.655966e-01	1.829507e+00
1917	4.594254e-01	3.858271e-01	1.479726e+00
1918	5.600711e-01	3.378355e-01	1.658525e+00
1919	5.313453e-01	4.224930e-01	2.940401e+00
1921	3.999610e-01	4.350411e-01	1.195408e+00
1924	4.943295e-01	4.648843e-01	2.025892e+00
1925	4.976026e-01	4.380792e-01	2.963850e+00
1926	4.363461e-01	4.197844e-01	1.262824e+00
1927	4.360322e-01	4.679154e-01	2.477284e+00
1928	4.556363e-01	3.916740e-01	2.143136e+00
1929	5.190999e-01	4.002992e-01	2.845628e+00
1930	3.674949e-01	3.522257e-01	2.635564e+00
1931	4.515995e-01	5.312398e-01	1.175867e+00
1932	3.512887e-01	3.572479e-01	1.395701e+00
1933	5.192833e-01	4.057281e-01	1.111383e+00
1935	4.181603e-01	3.261710e-01	1.350757e+00
1936	4.204254e-01	4.554544e-01	2.987298e+00
1937	4.221356e-01	6.522335e-01	2.147044e+00
1938	3.159470e-01	3.568550e-01	2.690278e+00
1939	4.176363e-01	3.255551e-01	1.000000e+00
1940	4.414016e-01	5.832336e-01	1.562775e+00
1942	4.807283e-01	4.553686e-01	1.668295e+00
1943	4.201186e-01	6.496572e-01	2.642404e+00
1944	4.942527e-01	4.661181e-01	2.163654e+00
1945	4.212217e-01	4.780924e-01	1.211041e+00
1946	4.315264e-01	5.085681e-01	1.884221e+00
1947	5.288369e-01	4.182124e-01	2.262335e+00
1948	7.473938e-01	3.393101e-01	2.043478e+00
1949	4.665637e-01	4.107943e-01	1.333170e+00
1950	4.448739e-01	3.742822e-01	2.424524e+00
1951	4.347704e-01	4.775829e-01	1.144602e+00
1952	4.807480e-01	4.317601e-01	2.230093e+00
1953	4.630831e-01	4.277268e-01	2.595506e+00
1954	4.991276e-01	4.789848e-01	2.329751e+00
1955	2.776321e-01	4.962034e-01	2.636541e+00
1956	5.030254e-01	4.577932e-01	2.558378e+00
1957	4.747474e-01	3.189320e-01	1.717147e+00
1958	5.217460e-01	5.134134e-01	2.232047e+00
1959	5.212070e-01	2.541230e-01	1.036150e+00
1960	5.284295e-01	4.182977e-01	2.845628e+00
1961	4.815714e-01	3.531571e-01	2.192965e+00
1962	4.505478e-01	4.636153e-01	1.635076e+00
1963	4.820403e-01	5.095628e-01	1.007816e+00
1964	4.871427e-01	4.634730e-01	2.829018e+00
1965	4.843597e-01	4.540404e-01	2.870054e+00
1966	4.598750e-01	4.329704e-01	2.025892e+00
1967	3.229317e-01	3.166025e-01	1.664387e+00
1968	4.808142e-01	4.990595e-01	2.305325e+00
1969	4.747903e-01	3.580574e-01	2.175379e+00
1970	4.675529e-01	3.163668e-01	2.854421e+00
1971	4.298890e-01	5.191058e-01	1.525647e+00
1972	4.736253e-01	3.862583e-01	2.506595e+00
1973	4.212159e-01	3.458293e-01	2.637518e+00
1974	4.477571e-01	4.702761e-01	2.601368e+00
1975	4.889191e-01	4.652928e-01	2.133366e+00
1976	4.736491e-01	4.480077e-01	2.921837e+00
1977	5.355391e-01	5.990199e-01	1.173913e+00
1978	4.402656e-01	5.047466e-01	1.781632e+00
1979	3.763766e-01	4.190392e-01	1.233512e+00
1980	4.772963e-01	3.185842e-01	1.523693e+00
1981	4.537218e-01	3.851231e-01	2.863214e+00
1983	4.465000e-01	4.992847e-01	2.804592e+00
1984	5.063160e-01	3.579134e-01	1.785540e+00
1986	4.467124e-01	4.719010e-01	2.790914e+00
1987	4.716759e-01	3.141463e-01	1.049829e+00
1988	6.074402e-01	2.883462e-01	2.826087e+00
1989	4.872803e-01	4.704316e-01	1.035173e+00
1990	4.789040e-01	4.099288e-01	2.361016e+00
1991	4.569793e-01	5.020657e-01	1.872496e+00
1992	3.160756e-01	4.930063e-01	2.494871e+00
1993	5.188407e-01	3.997207e-01	2.837811e+00
1994	4.820290e-01	5.137474e-01	2.229116e+00
1995	4.510455e-01	3.991494e-01	1.886175e+00
1996	4.953737e-01	4.747942e-01	1.172936e+00
1997	4.503587e-01	4.816085e-01	2.301417e+00
1998	5.240002e-01	3.346342e-01	2.276014e+00
1999	5.138859e-01	4.321594e-01	2.713727e+00
1999	5.138859e-01	4.321594e-01	2.713727e+00
1999	5.138859e-01	4.321594e-01	2.713727e+00
1999	5.138859e-01	4.321594e-01	2.713727e+00
1999	5.138859e-01	4.321594e-01	2.713727e+00
1999	5.138859e-01	4.321594e-01	2.713727e+00
1999	5.138859e-01	4.321594e-01	2.713727e+00
1999	5.138859e-01	4.321594e-01	2.713727e+00
1999	5.138859e-01	4.321594e-01	2.713727e+00
1999	5.138859e-01	4.321594e-01	2.713727e+00
1999	5.138859e-01	4.321594e-01	2.713727e+00
1999	5.138859e-01	4.321594e-01	2.713727e+00
1999	5.138859e-01	4.321594e-01	2.713727e+00
1999	5.138859e-01	4.321594e-01	2.713727e+00
1999	5.138859e-01	4.321594e-01	2.713727e+00
1999	5.138859e-01	4.321594e-01	2.713727e+00
1999	5.138859e-01	4.321594e-01	2.713727e+00
1999	5.138859e-01	4.321594e-01	2.713727e+00
1999	5.138859e-01	4.321594e-01	2.713727e+00
1999	5.138859e-01	4.321594e-01	2.713727e+00
1999	5.138859e-01	4.321594e-01	2.713727e+00
1999	5.138859e-01	4.321594e-01	2.713727e+00
1999	5.138859e-01	4.321594e-01	2.713727e+00
1999	5.138859e-01	4.321594e-01	2.713727e+00
1999	5.138859e-01	4.321594e-01	2.713727e+00
1999	5.138859e-01	4.321594e-01	2.713727e+00
1999	5.138859e-01	4.321594e-01	2.713727e+00
1999	5.138859e-01	4.321594e-01	2.713727e+00
1999	5.138859e-01	4.321594e-01	2.713727e+00
1999	5.138859e-01	4.321594e-01	2.713727e+00
1999	5.138859e-01	4.321594e-01	2.713727e+00
1999	5.138859e-01	4.321594e-01	2.713727e+00
1999	5.138859e-01	4.321594e-01	2.713727e+00
1999	5.138859e-01	4.321594e-01	2.713727e+00
1999	5.138859e-01	4.321594e-01	2.713727e+00
1999	5.138859e-01	4.321594e-01	2.713727e+00
1999	5.138859e-01	4.321594e-01	2.713727e+00
1999	5.138859e-01	4.321594e-01	2.713727e+00
1999	5.138859e-01	4.321594e-01	2.713727e+00
1999	5.138859e-01	4.321594e-01	2.713727e+00
1999	5.138859e-01	4.321594e-01	2.713727e+00
1999	5.138859e-01	4.321594e-01	2.713727e+00
1999	5.138859e-01	4.321594e-01	2.713727e+00
1999	5.138859e-01	4.321594e-01	2.713727e+00
1999	5.138859e-01	4.321594e-01	2.713727e+00
1999	5.138859e-01	4.321594e-01	2.713727e+00
1999	5.138859e-01	4.321594e-01	2.713727e+00
1999	5.138859e-01	4.321594e-01	2.713727e+00
1999	5.138859e-01	4.321594e-01	2.713727e+00
1999	5.138859e-01	4.321594e-01	2.713727e+00
1999	5.138859e-01	4.321594e-01	2.713727e+00
1999	5.138859e-01	4.321594e-01	2.713727e+00
1999	5.138859e-01	4.321594e-01	2.713727e+00
1999	5.138859e-01	4.321594e-01	2.713727e+00
1999	5.138859e-01	4.321594e-01	2.713727e+00
1999	5.138859e-01	4.321594e-01	2.713727e+00
1999	5.138859e-01	4.321594e-01	2.713727e+00
1999	5.138859e-01	4.321594e-01	2.713727e+00
1999	5.138859e-01	4.321594e-01	2.713727e+00
1999	5.138859e-01	4.321594e-01	2.713727e+00
1999	5.138859e-01	4.321594e-01	2.713727e+00
1999	5.138859e-01	4.321594e-01	2.713727e+00
1999	5.138859e-01	4.321594e-01	2.713727e+00
1999	5.138859e-01	4.321594e-01	2.713727e+00
1999	5.138859e-01	4.321594e-01	2.713727e+00
1999	5.138859e-01	4.321594e-01	2.713727e+00
1999	5.138859e-01	4.321594e-01	2.713727e+00
1999	5.138859e-01	4.321594e-01	2.713727e+00
1999	5.138859e-01	4.321594e-01	2.713727e+00
1999	5.138859e-01	4.321594e-01	2.713727e+00
1999	5.138859e-01	4.321594e-01	2.713727e+00
1999	5.138859e-01	4.321594e-01	2.713727e+00
1999	5.138859e-01	4.321594e-01	2.713727e+00
1999	5.138859e-01	4.321594e-01	2.713727e+00
1999	5.138859e-01	4.321594e-01	2.713727e+00
1999	5.138859e-01	4.321594e-01	2.713727e+00
1999	5.138859e-01	4.321594e-01	2.713727e+00
1999	5.138859e-01	4.321594e-01	2.713727e+00
1999	5.138859e-01	4.321594e-01	2.713727e+00
1999	5.138859e-01	4.321594e-01	2.713727e+00
1999	5.138859e-01	4.321594e-01	2.713727e+00
1999	5.138859e-01	4.321594e-01	2.713727e+00
1999	5.138859e-01	4.321594e-01	2.713727e+00
1999	5.138859e-01	4.321594e-01	2.713727e+00
1999	5.138859e-01	4.321594e-01	2.713727e+00
1999	5.138859e-01	4.321594e-01	2.713727e+00
1999	5.138859e-01	4.321594e-01	2.713727e+00
1999	5.138859e-01	4.321594e-01	2.713727e+00
1999	5.138859e-01	4.321594e-01	2.713727e+00
1999	5.138859e-01	4.321594e-01	2.713727e+00
1999	5.138859e-01	4.321594e-01	2.713727e+00
1999	5.138859e-01	4.321594e-01	2.713727e+00
1999	5.138859e-01	4.321594e-01	2.713727e+00
1999	5.138859e-01	4.321594e-01	2.713727e+00
1999	5.138859e-01	4.321594e-01	2.713727e+00
1999	5.138859e-01	4.321594e-01	2.713727e+00
1999	5.138859e-01	4.321594e-01	2.713727e+00
1999	5.138859e-01	4.321594e-01	2.713727e+00
1999	5.138859e-01	4.321594e-01	2.713727e+00
1999	5.138859e-01	4.321594e-01	2.713727e+00
1999	5.138859e-01	4.321594e-01	2.713727e+00
1999	5.138859e-01	4.321594e-01	2.713727e+00
1999	5.138859e-01	4.321594e-01	2.713727e+00
1999	5.138859e-01	4.321594e-01	2.713727e+00
1999	5.138859e-01	4.321594e-01	2.713727e+00
1999	5.138859e-01	4.321594e-01	2.713727e+00
1999	5.138859e-01	4.321594e-01	2.713727e+00
1999	5.138859e-01	4.321594e-01	2.713727e+00
1999	5.138859e-01	4.321594e-01	2.713727e+00
1999	5.138859e-01	4.321594e-01	2.713727e+00
1999	5.138859e-01	4.321594e-01	2.713727e+00
1999	5.138859e-01	4.321594e-01	2.713727e+00
1999	5.138859e-01	4.321594e-01	2.713727e+00
1999	5.138859e-01	4.321594e-01	2.713727e+00
1999	5.138859e-01	4.321594e-01	2.713727e+00
1999	5.138859e-01	4.321594e-01	2.713727e+00
1999	5.138859e-01	4.321594e-01	2.713727e+00
1999	5.138859e-01	4.321594e-01	2.713727e+00
1999	5.138859e-01	4.321594e-01	2.713727e+00
1999	5.138859e-01	4.321594e-01	2.713727e+00
1999	5.138859e-01	4.321594e-01	2.713727e+00
1999	5.138859e-01	4.321594e-01	2.713727e+00
1999	5.138859e-01	4.321594e-01	2.713727e+00
1999	5.138859e-01	4.321594e-01	2.713727e+00
1999	5.138859e-01	4.321594e-01	2.713727e+00
1999	5.138859e-01	4.321594e-01	2.713727e+00
1999	5.138859e-01	4.321594e-01	2.713727e+00
1999	5.138859e-01	4.321594e-01	2.713727e+00
1999	5.138859e-01	4.321594e-01	2.713727e+00
1999	5.138859e-01	4.321594e-01	2.713727e+00
1999	5.138859e-01	4.321594e-01	2.713727e+00
1999	5.138859e-01	4.321594e-01	2.713727e+00
1999	5.138859e-01	4.321594e-01	2.713727e+00
1999	5.138859e-01	4.321594e-01	2.713727e+00
1999	5.138859e-01	4.321594e-01	2.713727e+00
1999	5.138859e-01	4.321594e-01	2.713727e+00
1999	5.138859e-01	4.321594e-01	2.713727e+00
1999	5.138859e-01	4.321594e-01	2.713727e+00
1999	5.138859e-01	4.321594e-01	2.713727e+00
1999	5.138859e-01	4.321594e-01	2.713727e+00
1999	5.138859e-01	4.321594e-01	2.713727e+00
1999	5.138859e-01	4.321594e-01	2.713727e+00
1999	5.138859e-01	4.321594e-01	2.713727e+00
1999	5.138859e-01	4.321594e-01	2.713727e+00
1999	5.138859e-01	4.321594e-01	2.713727e+00
1999	5.138859e-01	4.321594e-01	2.713727e+00
1999	5.138859e-01	4.321594e-01	2.713727e+00
1999	5.138859e-01	4.321594e-01	2.713727e+00
1999	5.138859e-01	4.321594e-01	2.713727e+00
1999	5.138859e-01	4.321594e-01	2.713727e+00
1999	5.138859e-01	4.321594e-01	2.713727e+00
1999	5.138859e-01	4.321594e-01	2.713727e+00
1999	5.138859e-01	4.321594e-01	2.713727e+00
1999	5.138859e-01	4.321594e-01	2.713727e+00
1999	5.138859e-01	4.321594e-01	2.713727e+00
1999	5.138859e-01	4.321594e-01	2.713727e+00
1999	5.138859e-01	4.321594e-01	2.713727e+00
1999	5.138859e-01	4.321594e-01	2.713727e+00
1999	5.138859e-01	4.321594e-01	2.713727e+00
1999	5.138859e-01	4.321594e-01	2.713727e+00
1999	5.138859e-01	4.321594e-01	2.713727e+00
1999	5.138859e-01	4.321594e-01	2.713727e+00
1999	5.138859e-01	4.321594e-01	2.713727e+00
1999	5.138859e-01	4.321594e-01	2.713727e+00
1999	5.138859e-01	4.321594e-01	2.713727e+00
1999	5.138859e-01	4.321594e-01	2.713727e+00
1999	5.138859e-01	4.321594e-01	2.713727e+00
1999	5.138859e-01	4.321594e-01	2.713727e+00
1999	5.138859e-01	4.321594e-01	2.713727e+00
1999	5.138859e-01	4.321594e-01	2.713727e+00
1999	5.138859e-01	4.321594e-01	2.713727e+00
1999	5.138859e-01	4.321594e-01	2.713727e+00
1999	5.138859e-01	4.321594e-01	2.713727e+00
1999	5.138859e-01	4.321594e-01	2.713727e+00
1999	5.138859e-01	4.321594e-01	2.713727e+00
1999	5.138859e-01	4.321594e-01	2.713727e+00
1999	5.138859e-01	4.321594e-01	2.713727e+00
1999	5.138859e-01	4.321594e-01	2.713727e+00
1999	5.138859e-01	4.321594e-01	2.713727e+00
1999	5.138859e-01	4.321594e-01	2.713727e+00
1999	5.138859e-01	4.321594e-01	2.713727e+00
1999	5.138859e-01	4.321594e-01	2.713727e+00
1999	5.138859e-01	4.321594e-01	2.713727e+00
1999	5.138859e-01	4.321594e-01	2.713727e+00
1999	5.138859e-01	4.321594e-01	2.713727e+00
1999	5.138859e-01	4.321594e-01	2.713727e+00
1999	5.138859e-01	4.321594e-01	2.713727e+00
1999	5.138859e-01	4.321594e-01	2.713727e+00
1999	5.138859e-01	4.321594e-01	2.713727e+00
1999	5.138859e-01	4.321594e-01	2.713727e+00
1999	5.138859e-01	4.321594e-01	2.713727e+00
1999	5.138859e-01	4.321594e-01	2.713727e+00
1999	5.138859e-01	4.321594e-01	2.713727e+00
1999	5.138859e-01	4.321594e-01	2.713727e+00
1999	5.138859e-01	4.321594e-01	2.713727e+00
1999	5.138859e-01	4.321594e-01	2.713727e+00
1999	5.138859e-01	4.321594e-01	2.713727e+00
1999	5.138859e-01	4.321594e-01	2.713727e+00
1999	5.138859e-01	4.321594e-01	2.713727e+00
1999	5.138859e-01	4.321594e-01	2.713727e+00
1999	5.138859e-01	4.321594e-01	2.713727e+00
1999	5.138859e-01	4.321594e-01	2.713727e+00
1999	5.138859e-01	4.321594e-01	2.713727e+00
1999	5.138859e-01	4.321594e-01	2.713727e+00
1999	5.138859e-01	4.321594e-01	2.713727e+00
1999	5.138859e-01	4.321594e-01	2.713727e+00
1999	5.138859e-01	4.321594e-01	2.713727e+00
1999	5.138859e-01	4.321594e-01	2.713727e+00
1999	5.138859e-01	4.321594e-01	2.713727e+00
1999	5.138859e-01	4.321594e-01	2.713727e+00
1999	5.138859e-01	4.321594e-01	2.713727e+00
1999	5.138859e-01	4.321594e-01	2.713727e+00
1999	5.138859e-01	4.321594e-01	2.713727e+00
1999	5.138859e-01	4.321594e-01	2.713727e+00
1999	5.138859e-01	4.321594e-01	2.713727e+00
1999	5.138859e-01	4.321594e-01	2.713727e+00
1999	5.138859e-01	4.321594e-01	2.713727e+00
1999	5.138859e-01	4.321594e-01	2.713727e+00
1999	5.138859e-01	4.321594e-01	2.713727e+00
1999	5.138859e-01	4.321594e-01	2.713727e+00
1999	5.138859e-01	4.321594e-01	2.713727e+00
1999	5.138859e-01	4.321594e-01	2.713727e+00
1999	5.138859e-01	4.321594e-01	2.713727e+00
1999	5.138859e-01	4.321594e-01	2.713727e+00
1999	5.138859e-01	4.321594e-01	2.713727e+00
1999	5.138859e-01	4.321594e-01	2.713727e+00
1999	5.138859e-01	4.321594e-01	2.713727e+00
1999	5.138859e-01	4.321594e-01	2.713727e+00
1999	5.138859e-01	4.321594e-01	2.713727e+00
1999	5.138859e-01	4.321594e-01	2.713727e+00
1999	5.138859e-01	4.321594e-01	2.713727e+00
1999	5.138859e-01	4.321594e-01	2.713727e+00
1999	5.138859e-01	4.321594e-01	2.713727e+00
1999	5.138859e-01	4.321594e-01	2.713727e+00
1999	5.138859e-01	4.321594e-01	2.713727e+00
1999	5.138859e-01	4.321594e-01	2.713727e+00
1999	5.138859e-01	4.321594e-01	2.713727e+00
1999	5.138859e-01	4.321594e-01	2.713727e+00
1999	5.138859e-01	4.321594e-01	2.713727e+00
1999	5.138859e-01	4.321594e-01	2.713727e+00
1999	5.138859e-01	4.321594e-01	2.713727e+00
1999	5.138859e-01	4.321594e-01	2.713727e+00
1999	5.138859e-01	4.321594e-01	2.713727e+00
1999	5.138859e-01	4.321594e-01	2.713727e+00
1999	5.138859e-01	4.321594e-01	2.713727e+00
1999	5.138859e-01	4.321594e-01	2.713727e+00
1999	5.138859e-01	4.321594e-01	2.713727e+00
1999	5.138859e-01	4.321594e-01	2.713727e+00
1999	5.138859e-01	4.321594e-01	2.713727e+00
1999	5.138859e-01	4.321594e-01	2.713727e+00
1999	5.138859e-01	4.321594e-01	2.713727e+00
1999	5.138859e-01	4.321594e-01	2.713727e+00
1999	5.138859e-01	4.321594e-01	2.713727e+00
1999	5.138859e-01	4.321594e-01	2.713727e+00
1999	5.138859e-01	4.321594e-01	2.713727e+00
1999	5.138859e-01	4.321594e-01	2.713727e+00
1999	5.138859e-01	4.321594e-01	2.713727e+00
1999	5.138859e-01	4.321594e-01	2.713727e+00
1999	5.138859e-01	4.321594e-01	2.713727e+00
1999	5.138859e-01	4.321594e-01	2.713727e+00
1999	5.138859e-01	4.321594e-01	2.713727e+00
1999	5.138859e-01	4.321594e-01	2.713727e+00
1999	5.138859e-01	4.321594e-01	2.713727e+00
1999	5.138859e-01	4.321594e-01	2.713727e+00
1999	5.138859e-01	4.321594e-01	2.713727e+00
1999	5.138859e-01	4.321594e-01	2.713727e+00
1999	5.138859e-01	4.321594e-01	2.713727e+00
1999	5.138859e-01	4.321594e-01	2.713727e+00
1999	5.138859e-01	4.321594e-01	2.713727e+00
1999	5.138859e-01	4.321594e-01	2.713727e+00
1999	5.138859e-01	4.321594e-01	2.713727e+00
1999	5.138859e-01	4.321594e-01	2.713727e+00
1999	5.138859e-01	4.321594e-01	2.713727e+00
1999	5.138859e-01	4.321594e-01	2.713727e+00
1999	5.138859e-01	4.321594e-01	2.713727e+00
1999	5.138859e-01	4.321594e-01	2.713727e+00
1999	5.138859e-01	4.321594e-01	2.713727e+00
1999	5.138859e-01	4.321594e-01	2.713727e+00
1999	5.138859e-01	4.321594e-01	2.713727e+00
1999	5.138859e-01	4.321594e-01	2.713727e+00
1999	5.138859e-01	4.321594e-01	2.713727e+00
1999	5.138859e-01	4.321594e-01	2.713727e+00
1999	5.138859e-01	4.321594e-01	2.713727e+00
1999	5.138859e-01	4.321594e-01	2.713727e+00
1999	5.138859e-01	4.321594e-01	2.713727e+00
1999	5.138859e-01	4.321594e-01	2.713727e+00
1999	5.138859e-01	4.321594e-01	2.713727e+00
1999	5.138859e-01	4.321594e-01	2.713727e+00
1999	5.138859e-01	4.321594e-01	2.713727e+00
1999	5.138859e-01	4.321594e-01	2.713727e+00
1999	5.138859e-01	4.321594e-01	2.713727e+00
1999	5.138859e-01	4.321594e-01	2.713727e+00
1999	5.138859e-01	4.321594e-01	2.713727e+00
1999	5.138859e-01	4.321594e-01	2.713727e+00
1999	5.138859e-01	4.321594e-01	2.713727e+00
1999	5.138859e-01	4.321594e-01	2.713727e+00
1999	5.138859e-01	4.321594e-01	2.713727e+00
1999	5.138859e-01	4.321594e-01	2.713727e+00
1999	5.138859e-01	4.321594e-01	2.713727e+00
1999	5.138859e-01	4.321594e-01	2.713727e+00
1999	5.138859e-01	4.321594e-01	2.713727e+00
1999	5.138859e-01	4.321594e-01	2.713727e+00
1999	5.138859e-01	4.321594e-01	2.713727e+00
1999	5.138859e-01	4.321594e-01	2.713727e+00
1999	5.138859e-01	4.321594e-01	2.713727e+00
1999	5.138859e-01	4.321594e-01	2.713727e+00
1999	5.138859e-01	4.321594e-01	2.713727e+00
1999	5.138859e-01	4.321594e-01	2.713727e+00
1999	5.138859e-01	4.321594e-01	2.713727e+00
1999	5.138859e-01	4.321594e-01	2.713727e+00
1999	5.138859e-01	4.321594e-01	2.713727e+00
1999	5.138859e-01	4.321594e-01	2.713727e+00
1999	5.138859e-01	4.321594e-01	2.713727e+00
1999	5.138859e-01	4.321594e-01	2.713727e+00
1999	5.138859e-01	4.321594e-01	2.713727e+00
1999	5.138859e-01	4.321594e-01	2.713727e+00
1999	5.138859e-01	4.321594e-01	2.713727e+00
1999	5.138859e-01	4.321594e-01	2.713727e+00
1999	5.138859e-01	4.321594e-01	2.713727e+00
1999	5.138859e-01	4.321594e-01	2.713727e+00
1999	5.138859e-01	4.321594e-01	2.713727e+00
1999	5.138859e-01	4.321594e-01	2.713727e+00
1999	5.138859e-01	4.321594e-01	2.713727e+00
1999	5.138859e-01	4.321594e-01	2.713727e+00
1999	5.138859e-01	4.321594e-01	2.713727e+00
1999	5.138859e-01	4.321594e-01	2.713727e+00
1999	5.138859e-01	4.321594e-01	2.713727e+00
1999	5.138859e-01	4.321594e-01	2.713727e+00
1999	5.138859e-01	4.321594e-01	2.713727e+00
1999	5.138859e-01	4.321594e-01	2.713727e+00
1999	5.138859e-01	4.321594e-01	2.713727e+00
1999	5.138859e-01	4.321594e-01	2.713727e+00
1999	5.138859e-01	4.321594e-01	2.713727e+00
1999	5.138859e-01	4.321594e-01	2.713727e+00
1999	5.138859e-01	4.321594e-01	2.713727e+00
1999	5.138859e-01	4.321594e-01	2.713727e+00
1999	5.138859e-01	4.321594e-01	2.713727e+00
1999	5.138859e-01	4.321594e-01	2.713727e+00
1999	5.138859e-01	4.321594e-01	2.713727e+00
1999	5.138859e-01	4.321594e-01	2.713727e+00
1999	5.138859e-01	4.321594e-01	2.713727e+00
1999	5.138859e-01	4.321594e-01	2.713727e+00
1999	5.138859e-01	4.321594e-01	2.713727e+00
1999	5.138859e-01	4.321594e-01	2.713727e+00
1999	5.138859e-01	4.321594e-01	2.713727e+00
1999	5.138859e-01	4.321594e-01	2.713727e+00
1999	5.138859e-01	4.321594e-01	2.713727e+00
1999	5.138859e-01	4.321594e-01	2.713727e+00
1999	5.138859e-01	4.321594e-01	2.713727e+00
1999	5.138859e-01	4.321594e-01	2.713727e+00
1999	5.138859e-01	4.321594e-01	2.713727e+00
1999	5.138859e-01	4.321594e-01	2.713727e+00
