2000
0	4.224315e-01	3.442936e-01	2.659990e+00
1	4.889748e-01	2.603376e-01	1.927211e+00
3	5.064938e-01	2.937748e-01	1.306790e+00
4	4.404254e-01	3.459584e-01	2.219345e+00
5	1.585703e-01	3.356284e-01	2.259404e+00
6	4.466038e-01	1.305804e-01	2.766488e+00
9	4.072601e-01	3.515010e-01	1.231558e+00
10	4.622998e-01	2.905728e-01	1.283341e+00
14	4.666223e-01	4.069244e-01	2.148021e+00
16	3.629031e-01	4.236977e-01	2.881778e+00
17	4.351059e-01	3.479868e-01	1.311676e+00
19	4.067519e-01	3.754612e-01	2.081583e+00
20	1.705554e-01	6.963605e-02	2.944309e+00
21	4.123863e-01	3.432235e-01	2.364924e+00
22	4.743792e-01	4.057818e-01	2.446996e+00
24	4.493996e-01	3.560566e-01	2.993161e+00
26	3.975326e-01	2.761815e-01	1.180752e+00
29	4.389973e-01	3.343532e-01	1.761114e+00
30	4.051809e-01	3.422944e-01	2.705911e+00
31	3.976982e-01	3.244188e-01	2.189057e+00
32	2.008913e-01	4.409462e-01	2.337567e+00
36	5.275801e-01	3.569832e-01	1.131900e+00
39	4.104395e-01	2.910260e-01	2.950171e+00
41	3.442086e-01	8.892660e-02	1.319492e+00
43	3.814526e-01	2.793408e-01	2.796776e+00
45	3.800778e-01	3.610446e-01	2.812408e+00
47	4.460228e-01	3.230494e-01	2.619932e+00
48	4.584965e-01	3.586911e-01	1.500244e+00
49	3.876322e-01	3.397558e-01	1.309722e+00
50	4.141532e-01	3.252640e-01	1.122130e+00
52	4.280883e-01	3.019201e-01	1.758183e+00
53	3.209168e-01	3.312369e-01	2.832926e+00
54	4.083452e-01	3.073577e-01	2.136297e+00
55	4.103658e-01	2.960815e-01	1.853933e+00
56	4.672608e-01	3.512128e-01	1.607719e+00
58	4.033839e-01	3.157192e-01	2.045432e+00
59	4.195848e-01	2.894135e-01	1.234489e+00
62	4.381945e-01	3.405726e-01	2.046409e+00
65	5.267589e-01	4.209115e-01	1.164143e+00
69	6.734386e-01	3.311693e-01	1.689790e+00
70	3.348872e-01	3.568291e-01	2.347338e+00
73	4.179304e-01	3.716380e-01	1.758183e+00
74	4.396655e-01	3.143612e-01	2.161700e+00
76	3.778783e-01	3.594656e-01	2.038593e+00
77	5.355469e-01	3.365526e-01	1.977040e+00
78	4.288334e-01	2.731431e-01	2.565217e+00
80	3.514658e-01	3.815700e-01	2.205667e+00
81	4.221325e-01	2.844773e-01	1.398632e+00
82	4.238574e-01	3.599474e-01	1.638007e+00
83	4.092377e-01	2.958301e-01	1.205178e+00
85	2.660320e-01	4.246186e-01	1.362482e+00
87	3.651010e-01	4.448826e-01	1.996580e+00
88	6.100002e-01	2.528806e-01	1.143625e+00
89	3.745191e-01	3.091030e-01	1.917440e+00
91	3.898943e-01	3.479471e-01	2.804592e+00
92	4.168888e-01	3.572370e-01	1.592086e+00
93	4.952288e-01	3.213894e-01	2.871031e+00
94	3.930065e-01	4.754108e-01	1.717147e+00
96	4.140364e-01	3.534750e-01	2.295554e+00
97	7.182176e-01	4.275036e-01	1.248168e+00
98	3.636002e-01	4.563453e-01	2.607230e+00
99	4.655881e-01	2.755843e-01	2.866146e+00
101	3.824087e-01	3.408363e-01	1.344895e+00
103	9.422576e-03	4.617538e-01	1.942843e+00
104	4.543025e-01	3.337841e-01	2.097215e+00
105	3.757269e-01	3.284937e-01	2.440156e+00
107	1.097444e-01	2.339703e-01	2.630679e+00
108	4.301871e-01	1.939232e-01	1.023449e+00
110	4.725289e-01	4.727001e-01	2.002443e+00
112	4.018380e-01	2.198735e-01	2.215437e+00
113	3.863357e-01	3.453382e-01	1.230581e+00
114	3.497599e-01	3.408878e-01	2.364924e+00
116	3.995297e-01	4.297406e-01	1.324377e+00
117	3.535334e-01	1.867526e-01	1.500244e+00
118	3.262034e-01	3.271262e-01	2.812408e+00
119	5.907995e-01	1.645120e-01	1.448461e+00
120	3.888830e-01	3.477433e-01	2.302394e+00
122	3.981271e-01	8.158662e-02	2.131412e+00
123	3.125292e-01	2.592343e-01	2.719590e+00
124	5.261941e-01	4.456811e-01	2.884709e+00
125	5.907270e-01	3.594978e-01	2.896434e+00
126	3.913523e-01	3.468168e-01	1.119199e+00
127	3.822766e-01	3.493978e-01	2.184172e+00
128	4.825691e-01	1.756230e-01	2.469468e+00
129	5.701514e-01	1.279264e-01	1.157303e+00
130	2.275667e-01	3.363480e-01	2.511480e+00
131	4.935014e-01	3.278520e-01	2.546654e+00
134	3.383797e-01	3.529695e-01	2.489008e+00
135	4.609598e-01	3.414246e-01	2.473376e+00
136	3.803493e-01	3.766302e-01	1.486566e+00
137	3.536469e-01	4.903866e-01	1.004885e+00
140	4.024316e-01	3.954143e-01	1.103566e+00
141	3.747673e-01	3.669661e-01	2.380557e+00
142	5.017584e-01	1.639807e-01	2.226185e+00
143	3.901921e-01	3.687848e-01	2.559355e+00
144	3.824606e-01	3.658206e-01	2.978505e+00
148	4.892150e-01	3.887200e-01	2.119687e+00
150	4.248261e-01	3.954528e-01	1.074255e+00
151	2.951647e-01	1.985571e-01	2.398144e+00
152	3.752820e-01	3.719198e-01	2.014167e+00
154	4.828800e-01	2.566438e-01	2.126527e+00
155	4.406577e-01	2.584792e-01	1.117245e+00
156	1.130115e-01	2.245624e-01	2.617978e+00
157	4.544478e-01	2.036930e-01	2.454812e+00
158	3.873901e-01	2.755331e-01	1.060576e+00
160	2.782007e-01	4.557967e-01	1.728872e+00
162	3.722125e-01	3.033132e-01	1.137763e+00
163	3.630183e-01	3.813955e-01	2.477284e+00
164	1.895681e-01	1.923718e-01	1.328285e+00
165	4.490646e-01	3.672991e-01	2.865169e+00
166	8.727779e-02	1.738275e-01	2.580850e+00
167	4.596099e-01	4.153749e-01	1.963361e+00
168	3.936896e-01	3.288498e-01	1.665364e+00
169	4.067825e-01	4.066143e-01	1.217880e+00
171	4.114568e-01	2.641090e-01	2.021983e+00
173	4.018448e-02	1.674018e-01	1.551050e+00
175	4.344286e-01	3.125642e-01	2.931607e+00
176	6.998119e-02	1.553162e-01	2.152907e+00
177	3.930226e-01	3.348144e-01	1.943820e+00
178	3.934265e-01	2.482198e-01	1.311676e+00
179	3.327790e-01	3.401265e-01	1.547142e+00
180	3.593467e-01	3.086963e-01	2.213483e+00
181	3.961447e-01	3.594774e-01	2.043478e+00
182	3.271744e-01	3.106637e-01	2.673669e+00
186	4.271372e-01	4.795436e-01	2.940401e+00
188	4.053933e-01	3.826811e-01	2.628725e+00
189	3.335280e-01	3.753585e-01	2.664875e+00
191	3.973363e-01	3.914392e-01	2.334636e+00
192	4.099571e-01	4.659406e-01	2.055203e+00
193	4.706506e-01	3.152891e-01	1.027357e+00
194	6.500773e-01	8.775617e-01	1.698583e+00
195	4.663099e-01	3.036934e-01	1.006839e+00
198	3.592165e-01	4.602089e-01	2.058134e+00
199	4.064228e-01	3.475418e-01	1.997557e+00
200	4.095532e-01	3.446477e-01	2.697118e+00
201	5.555912e-01	3.169790e-01	2.445042e+00
202	4.150804e-01	3.131793e-01	1.279433e+00
203	4.043286e-01	3.143962e-01	2.408891e+00
205	4.095065e-01	4.901887e-01	2.023937e+00
207	1.171129e-02	4.159706e-01	1.212018e+00
208	7.287707e-01	5.484748e-01	1.636053e+00
209	4.960798e-01	1.980266e-01	2.090376e+00
210	2.321622e-01	2.432906e-01	1.814851e+00
211	4.982988e-01	4.325998e-01	2.246702e+00
212	5.497467e-01	2.218282e-01	1.148510e+00
213	3.809814e-01	1.551962e-01	1.459209e+00
214	4.371335e-01	5.051501e-01	1.042013e+00
216	7.254255e-01	4.283553e-01	1.584270e+00
217	2.300092e-01	2.150429e-01	2.376649e+00
218	4.617930e-01	3.997304e-01	2.247680e+00
219	4.012041e-01	3.446630e-01	1.770884e+00
220	4.883648e-01	4.038728e-01	2.858329e+00
221	5.408243e-01	2.583041e-01	1.609673e+00
222	4.704799e-01	2.681689e-01	1.152418e+00
223	4.634641e-01	3.182415e-01	1.250122e+00
224	4.329988e-01	3.153839e-01	2.062042e+00
225	4.890932e-01	3.463343e-01	1.123107e+00
226	8.740862e-01	1.873885e-01	1.438691e+00
227	3.754589e-01	3.929554e-01	2.676600e+00
228	2.984152e-01	2.914826e-01	2.319980e+00
229	4.086960e-01	3.040073e-01	2.793845e+00
230	4.222353e-01	2.115142e-01	2.593552e+00
231	4.760296e-01	1.319501e-01	2.102101e+00
232	3.701552e-01	3.482330e-01	1.060576e+00
233	4.025967e-01	3.101114e-01	2.041524e+00
234	2.528674e-01	2.789914e-01	2.262335e+00
235	4.635127e-01	4.760507e-01	1.443576e+00
237	5.326667e-01	1.548261e-01	2.647289e+00
238	8.564393e-01	5.064007e-01	2.875916e+00
239	2.698135e-01	5.011861e-01	1.548119e+00
240	3.696093e-01	3.436874e-01	2.238886e+00
241	4.676729e-01	2.328548e-01	1.812897e+00
242	3.187402e-01	5.121705e-01	1.040059e+00
243	3.894851e-01	3.233205e-01	1.263801e+00
244	4.885122e-01	2.993961e-01	1.624328e+00
245	3.336875e-01	3.882005e-01	1.723009e+00
246	3.398725e-01	3.363051e-01	2.261358e+00
247	8.981553e-01	3.047743e-01	1.394724e+00
248	4.319997e-01	2.894520e-01	1.301905e+00
249	4.325071e-01	3.651877e-01	1.629213e+00
250	3.688382e-01	4.104874e-01	2.247680e+00
251	5.024565e-01	4.274285e-01	1.683928e+00
252	4.339504e-01	3.128522e-01	1.126038e+00
253	5.814348e-01	3.171271e-01	1.614558e+00
255	7.292807e-01	4.215092e-01	1.937958e+00
256	4.393741e-01	3.200623e-01	2.834880e+00
257	8.596414e-01	5.038274e-01	2.144113e+00
258	3.319421e-01	4.480680e-01	1.238398e+00
259	6.042028e-01	7.753015e-01	2.234978e+00
260	3.716873e-01	3.478584e-01	2.464582e+00
261	3.077534e-01	5.722963e-01	2.080606e+00
262	4.097632e-01	3.344924e-01	2.782120e+00
264	4.218914e-01	3.137720e-01	1.910601e+00
265	3.880627e-01	3.747984e-01	2.648266e+00
266	3.819135e-01	3.283718e-01	2.749878e+00
267	3.615081e-01	3.680000e-01	2.013190e+00
268	4.241436e-01	6.122546e-01	1.662433e+00
269	2.358154e-01	6.862309e-02	2.876893e+00
270	4.335389e-01	3.307879e-01	1.789448e+00
271	4.022903e-01	3.364052e-01	1.357596e+00
272	3.739577e-01	3.119681e-01	1.563752e+00
273	4.369607e-01	3.265425e-01	1.498290e+00
274	3.494056e-01	3.954332e-01	1.908647e+00
275	3.963952e-01	4.874197e-01	2.665852e+00
276	2.840040e-01	4.248752e-01	2.691255e+00
277	4.030000e-01	3.421351e-01	2.098192e+00
278	3.765898e-01	3.191546e-01	1.220811e+00
280	5.343500e-01	4.772615e-01	2.821202e+00
281	3.841681e-01	4.186845e-01	2.290669e+00
282	5.646169e-01	4.272788e-01	2.534929e+00
283	3.456295e-01	3.022920e-01	2.445042e+00
284	3.713875e-01	3.478144e-01	2.930630e+00
285	3.838021e-01	2.485663e-01	2.088422e+00
286	4.237299e-01	2.831443e-01	1.133854e+00
287	3.763927e-01	3.283343e-01	2.343429e+00
288	3.494382e-01	4.814434e-01	1.947728e+00
289	5.009001e-01	1.629530e-01	2.500733e+00
290	4.495026e-01	2.479699e-01	2.574011e+00
292	1.146008e-01	2.521677e-01	2.912066e+00
293	4.197906e-01	3.569455e-01	1.736688e+00
294	3.015409e-01	3.557673e-01	1.470933e+00
295	4.476728e-01	3.263518e-01	2.265266e+00
296	4.473454e-01	3.261515e-01	2.495848e+00
297	4.324189e-01	3.313202e-01	2.862237e+00
298	3.661600e-01	3.598351e-01	1.857841e+00
299	5.199497e-01	1.422299e-01	2.227162e+00
300	3.873767e-01	3.529733e-01	1.627259e+00
301	3.293647e-01	4.941259e-01	2.506595e+00
302	3.827401e-01	3.475383e-01	2.762579e+00
303	4.536306e-01	3.232765e-01	2.459697e+00
304	4.094794e-01	3.126556e-01	1.689790e+00
305	4.000644e-01	3.391175e-01	1.565706e+00
306	4.584414e-01	3.252779e-01	1.125061e+00
307	3.830472e-01	3.559697e-01	2.528090e+00
308	3.738211e-01	2.929620e-01	1.121153e+00
309	3.967691e-01	3.251032e-01	1.169028e+00
310	4.648041e-01	3.276205e-01	1.555936e+00
311	3.428525e-01	3.066731e-01	1.885198e+00
312	4.594149e-01	3.816003e-01	2.989253e+00
313	3.944566e-01	3.262354e-01	2.081583e+00
314	3.751682e-01	3.511861e-01	1.052760e+00
315	5.445665e-01	2.077073e-01	2.633610e+00
316	5.252159e-01	3.563208e-01	1.623351e+00
317	2.044113e-01	3.381710e-01	2.443087e+00
318	3.925140e-01	3.879692e-01	2.989253e+00
319	3.820021e-01	3.281488e-01	2.095261e+00
320	3.535877e-01	3.051774e-01	2.862237e+00
321	2.477920e-01	6.421961e-01	1.942843e+00
322	6.667803e-01	4.951980e-01	1.455300e+00
323	3.847968e-01	2.982280e-01	1.022472e+00
324	3.972641e-01	4.057144e-01	1.734734e+00
325	3.515356e-01	3.240811e-01	2.170493e+00
326	3.199414e-01	5.487078e-01	2.626771e+00
328	9.757261e-02	1.502640e-01	1.801172e+00
329	4.433671e-01	3.364027e-01	1.461163e+00
330	3.915646e-01	3.556360e-01	1.730826e+00
331	4.124428e-01	2.587133e-01	2.535906e+00
332	4.244805e-01	4.870611e-01	2.234978e+00
333	3.919850e-01	3.439748e-01	2.740107e+00
334	3.578784e-03	2.764589e-01	2.879824e+00
335	3.873175e-01	3.226416e-01	2.902296e+00
336	2.983002e-01	3.610862e-01	1.495359e+00
337	3.769430e-01	3.464399e-01	2.727406e+00
338	3.405798e-01	5.301999e-01	2.315095e+00
339	2.678867e-01	3.535239e-01	2.528090e+00
340	3.770840e-01	3.560421e-01	2.943332e+00
341	3.535187e-01	3.433378e-01	2.339521e+00
342	3.938804e-01	3.115566e-01	1.752320e+00
343	4.092666e-01	4.319022e-01	2.184172e+00
346	4.388248e-01	3.643203e-01	2.741085e+00
347	3.709146e-01	2.163107e-01	2.190034e+00
348	2.921079e-01	3.996992e-01	1.921348e+00
349	3.919826e-01	3.304113e-01	1.197362e+00
350	3.907556e-01	3.286666e-01	2.764533e+00
351	4.405593e-01	3.344096e-01	1.541280e+00
352	3.999512e-01	3.536942e-01	1.943820e+00
353	3.577127e-01	3.817256e-01	2.209575e+00
354	4.983322e-01	2.101109e-01	1.017587e+00
355	3.984788e-01	4.637927e-01	1.306790e+00
356	3.714028e-01	2.688707e-01	2.435271e+00
358	4.573302e-01	2.737356e-01	1.327308e+00
359	4.592953e-01	3.446248e-01	2.742062e+00
361	3.960457e-01	2.816197e-01	2.267220e+00
363	5.874339e-01	4.032076e-01	2.073766e+00
364	3.960337e-01	3.571632e-01	2.385442e+00
365	4.939009e-01	3.464079e-01	2.814362e+00
366	6.678699e-01	6.964961e-01	2.371764e+00
367	3.838907e-01	3.462503e-01	2.407914e+00
368	4.229385e-01	2.959180e-01	1.623351e+00
369	3.723230e-01	3.413384e-01	1.573522e+00
370	4.377278e-01	3.178872e-01	2.355154e+00
371	4.237182e-01	2.769373e-01	1.601856e+00
372	3.824777e-01	3.504911e-01	1.526624e+00
373	4.214885e-01	2.650014e-01	1.977040e+00
374	4.153776e-01	3.315721e-01	1.844162e+00
375	4.192987e-01	3.549452e-01	1.286273e+00
378	4.130077e-01	2.930969e-01	1.008793e+00
379	3.739439e-01	3.464530e-01	2.974597e+00
380	4.094009e-01	4.088767e-01	2.648266e+00
381	4.246806e-01	2.806579e-01	1.543234e+00
382	4.185520e-01	3.700178e-01	1.142648e+00
383	3.747259e-01	5.395015e-01	2.333659e+00
384	4.254098e-01	3.031091e-01	1.567660e+00
385	5.133086e-01	4.451031e-01	2.407914e+00
386	3.496540e-01	1.705653e-01	1.787494e+00
387	2.129230e-01	3.660435e-01	1.712262e+00
388	3.445570e-01	3.088493e-01	1.139717e+00
390	4.366793e-01	3.233278e-01	1.407426e+00
391	4.188950e-01	2.347092e-01	1.186615e+00
392	4.141746e-01	3.396077e-01	1.006839e+00
393	9.618315e-01	1.842112e-01	1.235467e+00
394	2.273329e-01	3.411717e-01	2.866146e+00
395	3.584972e-01	3.338692e-01	2.410845e+00
398	4.519582e-01	5.007064e-01	2.904250e+00
400	4.140202e-01	3.912247e-01	2.772350e+00
401	3.670646e-01	4.300705e-01	1.393747e+00
402	4.216193e-01	3.072029e-01	1.322423e+00
403	4.537684e-01	2.286374e-01	2.872985e+00
404	5.073005e-01	3.554284e-01	1.795310e+00
405	3.710123e-01	3.570237e-01	2.446996e+00
408	3.528920e-01	3.532416e-01	2.122618e+00
409	3.969876e-01	3.343302e-01	1.518808e+00
410	4.343785e-01	3.027225e-01	1.922325e+00
412	4.601203e-01	2.684903e-01	2.882755e+00
414	2.808825e-01	3.283753e-01	1.896922e+00
416	4.884746e-01	3.251898e-01	1.280410e+00
417	3.759457e-01	3.333616e-01	2.227162e+00
418	4.518098e-01	3.088372e-01	2.758671e+00
419	5.470544e-01	3.538443e-01	2.065950e+00
420	4.050473e-01	3.472056e-01	2.140205e+00
421	3.911305e-01	3.567453e-01	2.755740e+00
423	4.246404e-01	3.039304e-01	1.138740e+00
424	1.364434e-01	1.498032e-01	1.944797e+00
425	3.721269e-01	3.636457e-01	1.255984e+00
426	3.317191e-01	3.755551e-01	1.587201e+00
427	3.772826e-01	3.648466e-01	1.785540e+00
428	3.926096e-01	3.574594e-01	2.788959e+00
430	4.125769e-01	3.339474e-01	2.813385e+00
431	3.842203e-01	3.406814e-01	2.353200e+00
432	4.141369e-01	1.811657e-01	2.165608e+00
433	4.043711e-01	3.280765e-01	1.696629e+00
434	3.803520e-01	3.496037e-01	2.678554e+00
435	3.889292e-01	2.151801e-01	2.476307e+00
436	3.445787e-01	3.572200e-01	1.274548e+00
437	3.031903e-01	3.600973e-01	1.454323e+00
438	3.812475e-01	3.411975e-01	2.462628e+00
439	4.351239e-01	2.679015e-01	2.689301e+00
440	4.989401e-01	3.972221e-01	2.250611e+00
441	4.460728e-01	5.284776e-01	1.272594e+00
443	4.725195e-01	1.802910e-01	1.306790e+00
444	4.438228e-01	3.469542e-01	1.904739e+00
445	3.569148e-01	3.504597e-01	2.173425e+00
446	3.750456e-01	3.753407e-01	2.075721e+00
447	3.934372e-01	3.631857e-01	1.809966e+00
448	4.533445e-01	4.257790e-01	2.105032e+00
450	3.904454e-01	3.255434e-01	2.270151e+00
451	2.828501e-01	3.092791e-01	2.602345e+00
453	4.213680e-01	3.645265e-01	2.965804e+00
454	5.631664e-01	3.053695e-01	1.648754e+00
456	4.544726e-01	4.011923e-01	2.598437e+00
457	2.178941e-01	3.693046e-01	2.737176e+00
458	4.101100e-01	3.956887e-01	2.069858e+00
459	3.962717e-01	3.921734e-01	1.787494e+00
465	4.594006e-01	1.663833e-01	1.374206e+00
466	4.073893e-01	2.983958e-01	2.722521e+00
469	4.116635e-01	3.051625e-01	1.923302e+00
470	3.721800e-01	3.497622e-01	2.440156e+00
471	4.611286e-01	3.281944e-01	1.579384e+00
472	8.990044e-01	3.595316e-02	1.672203e+00
473	4.360639e-01	3.959056e-01	2.336590e+00
475	3.839091e-01	4.168973e-01	2.716659e+00
477	2.994415e-01	3.827698e-01	1.643869e+00
478	4.848916e-01	2.885677e-01	2.909135e+00
479	4.168272e-01	3.158641e-01	1.161212e+00
481	4.755558e-01	2.635191e-01	2.193942e+00
484	4.037960e-01	3.385623e-01	1.802149e+00
486	4.049712e-01	3.485428e-01	1.545188e+00
487	4.423351e-01	3.093046e-01	2.279922e+00
489	3.843792e-01	3.439157e-01	1.959453e+00
490	3.074733e-01	2.318626e-01	1.738642e+00
491	4.350050e-01	3.442637e-01	2.440156e+00
492	4.130303e-01	2.674857e-01	2.083537e+00
493	2.877695e-01	3.317913e-01	2.392281e+00
496	2.899012e-01	1.234471e-01	1.087934e+00
498	3.781283e-01	3.394958e-01	1.115291e+00
499	3.453286e-01	3.798969e-01	2.144113e+00
501	4.675166e-01	4.179464e-01	2.159746e+00
503	4.222208e-01	3.037268e-01	1.271617e+00
504	4.735382e-01	5.227092e-01	2.054226e+00
507	3.804907e-01	3.689471e-01	1.613581e+00
509	4.146798e-01	2.564468e-01	2.981436e+00
511	7.056573e-01	5.503056e-01	2.231070e+00
513	1.287681e-01	4.749225e-01	1.246214e+00
516	4.389016e-01	3.460627e-01	2.757694e+00
517	3.848150e-01	3.263319e-01	2.084514e+00
520	4.464861e-01	3.026907e-01	1.586224e+00
522	4.125323e-01	3.188576e-01	2.185149e+00
524	8.319318e-01	2.226824e-01	2.084514e+00
525	8.311109e-01	2.227392e-01	1.408403e+00
526	3.962259e-01	4.251902e-01	2.352223e+00
528	4.901845e-01	4.652871e-01	1.533464e+00
529	4.258325e-01	3.163696e-01	2.446019e+00
530	4.036002e-01	3.344710e-01	2.926722e+00
531	8.720221e-01	2.106595e-01	1.084025e+00
533	2.965854e-01	4.602476e-01	2.611138e+00
537	8.053163e-01	3.843414e-01	2.603322e+00
539	3.868229e-01	2.630317e-01	2.463605e+00
543	4.642041e-01	3.621253e-01	1.242306e+00
544	4.096461e-01	3.621073e-01	2.037616e+00
547	4.265154e-01	3.223114e-01	1.646800e+00
553	3.786228e-01	3.516604e-01	1.878359e+00
556	3.767974e-01	3.147999e-01	1.212018e+00
560	4.306533e-01	3.930957e-01	1.053737e+00
562	3.504214e-01	3.724546e-01	1.044944e+00
564	4.090335e-01	5.383573e-01	1.094773e+00
565	1.780994e-01	4.721759e-01	2.268197e+00
566	4.763777e-01	3.359796e-01	1.097704e+00
567	4.365901e-01	3.734370e-01	2.065950e+00
570	5.045364e-01	3.277728e-01	1.285296e+00
573	5.110963e-01	1.736595e-01	1.219834e+00
575	2.575994e-01	2.719646e-01	1.007816e+00
576	1.550035e-01	3.811876e-01	2.849536e+00
577	4.355566e-01	4.214625e-01	1.483635e+00
579	3.828189e-01	3.263434e-01	2.288715e+00
580	3.959612e-01	3.102072e-01	1.581339e+00
582	1.687429e-01	2.063803e-01	1.807035e+00
583	3.816761e-01	3.035331e-01	2.197851e+00
584	4.688299e-01	3.152524e-01	1.321446e+00
586	3.052090e-01	5.217970e-01	1.521739e+00
587	3.758327e-01	2.393796e-01	2.106009e+00
588	3.857094e-01	3.335938e-01	2.735222e+00
589	5.845330e-01	5.689738e-01	1.890083e+00
591	5.415987e-01	2.716847e-01	1.228627e+00
592	3.903697e-01	3.621936e-01	1.098681e+00
594	4.131007e-01	4.074327e-01	1.208109e+00
595	3.969758e-01	3.741492e-01	1.270640e+00
599	4.853920e-01	3.737326e-01	2.349292e+00
600	2.860866e-01	1.265867e-01	2.289692e+00
601	4.485231e-01	3.306931e-01	1.889106e+00
607	4.657880e-01	3.770739e-01	2.792868e+00
608	4.450213e-01	1.839458e-01	1.011724e+00
609	3.926277e-01	1.472093e-01	2.946263e+00
615	3.540285e-01	3.128285e-01	1.040059e+00
616	4.010268e-01	1.850624e-01	1.645823e+00
618	4.168175e-01	3.243080e-01	1.924279e+00
619	4.248669e-01	2.071746e-01	2.144113e+00
620	1.523401e-01	2.234314e-01	1.978994e+00
621	2.182556e-01	3.179674e-01	1.876404e+00
624	5.934828e-01	3.552429e-01	2.516365e+00
627	3.816423e-01	4.603535e-01	1.796287e+00
628	4.196013e-01	3.605387e-01	2.237909e+00
630	2.800746e-01	4.987867e-01	2.738153e+00
633	4.438024e-01	3.512472e-01	2.410845e+00
634	4.054345e-01	2.983763e-01	1.236444e+00
636	4.862011e-01	5.814723e-01	1.769907e+00
637	3.778155e-01	3.714597e-01	1.903762e+00
638	4.117713e-01	4.521252e-01	2.901319e+00
639	4.015832e-01	3.426033e-01	2.812408e+00
640	3.785801e-01	3.519156e-01	2.842697e+00
644	4.482815e-01	3.524415e-01	2.512457e+00
645	2.514871e-01	5.815343e-01	2.938447e+00
647	3.841322e-01	2.557061e-01	2.632633e+00
649	3.355978e-01	3.033714e-01	1.725940e+00
651	5.259473e-01	4.180851e-01	2.279922e+00
652	4.930947e-01	2.469443e-01	1.312653e+00
654	4.121928e-01	3.744095e-01	2.583781e+00
656	3.733319e-01	3.119481e-01	1.020518e+00
658	4.003090e-01	2.158410e-01	1.672203e+00
659	3.745365e-01	3.702117e-01	2.890572e+00
660	3.220608e-01	4.853738e-01	1.056668e+00
661	4.719688e-01	7.568679e-01	2.433317e+00
664	2.510623e-01	3.129315e-01	1.106497e+00
667	6.329515e-01	2.375522e-01	1.068393e+00
668	3.815898e-01	3.519907e-01	2.941378e+00
670	4.103924e-01	3.229024e-01	2.181241e+00
671	2.096376e-01	3.753861e-01	1.950660e+00
672	5.162908e-01	2.309937e-01	2.817294e+00
673	4.512583e-01	2.402002e-01	2.537860e+00
674	3.595012e-01	9.049590e-02	2.760625e+00
675	3.482345e-01	3.122078e-01	1.672203e+00
676	4.414241e-01	5.443943e-01	2.255496e+00
678	9.302301e-01	4.601754e-01	2.169516e+00
679	4.641368e-01	3.674791e-01	1.255984e+00
680	3.891916e-01	2.320568e-01	1.235467e+00
681	3.058610e-01	4.043645e-01	1.978994e+00
683	2.882733e-01	2.576106e-01	1.367367e+00
684	4.010016e-01	2.020007e-01	2.766488e+00
685	5.545655e-01	3.366075e-01	2.958964e+00
687	3.572406e-01	3.335167e-01	1.147533e+00
691	2.971971e-01	8.332909e-02	2.362970e+00
693	4.841739e-01	5.532659e-01	1.209086e+00
695	2.852273e-01	2.996431e-01	1.394724e+00
696	2.868583e-01	3.842455e-01	2.200782e+00
697	4.355330e-01	3.043502e-01	1.453346e+00
698	3.984119e-01	4.927342e-01	1.420127e+00
703	4.298068e-01	3.088920e-01	2.173425e+00
707	4.499615e-01	5.505161e-01	1.444553e+00
709	4.866531e-01	2.823552e-01	2.259404e+00
711	3.689059e-01	3.488824e-01	1.732780e+00
712	3.178675e-01	2.159570e-01	2.027846e+00
713	4.033633e-01	3.887932e-01	1.011724e+00
714	3.428185e-01	3.144129e-01	1.006839e+00
717	3.454817e-01	2.712698e-01	1.120176e+00
718	4.479295e-01	3.180769e-01	1.045921e+00
719	3.300957e-01	3.586947e-01	2.993161e+00
722	2.623853e-01	2.129902e-02	3.000000e+00
723	4.065605e-01	2.584784e-01	2.970689e+00
724	2.612955e-01	1.977517e-01	1.185638e+00
725	3.224407e-01	3.751405e-01	1.774792e+00
726	2.940285e-01	3.292348e-01	1.883244e+00
727	1.851782e-01	2.951814e-01	2.623840e+00
728	3.669160e-01	1.668772e-01	1.694675e+00
729	4.836787e-01	4.493181e-01	2.360039e+00
732	3.832917e-01	3.336096e-01	2.760625e+00
734	4.679634e-01	5.417212e-01	2.745970e+00
735	4.226158e-01	1.450023e-01	1.817782e+00
736	4.969362e-01	4.152537e-01	2.519297e+00
737	4.326361e-01	4.625094e-01	2.214460e+00
738	3.053934e-01	2.398736e-01	2.439179e+00
739	3.748432e-01	3.356953e-01	2.870054e+00
740	5.724782e-01	4.514763e-01	1.413288e+00
745	4.263940e-01	4.904672e-01	2.548608e+00
746	3.577271e-01	4.121123e-01	2.561309e+00
747	2.181903e-01	1.532710e-02	2.958964e+00
748	3.505915e-01	2.297554e-01	1.332193e+00
750	5.186721e-01	2.892081e-01	1.373229e+00
751	4.478701e-01	5.115366e-01	2.462628e+00
753	3.549890e-01	3.475378e-01	2.411822e+00
757	4.667568e-01	5.467820e-01	2.571080e+00
758	5.162011e-01	2.879651e-01	1.398632e+00
759	3.842697e-01	3.736519e-01	1.922325e+00
764	3.074119e-01	3.419270e-01	2.676600e+00
765	6.086329e-01	3.875064e-01	1.760137e+00
766	4.493610e-01	3.213582e-01	2.299463e+00
767	8.610241e-02	8.016284e-01	2.943332e+00
770	3.765565e-01	2.937941e-01	1.634099e+00
771	5.341142e-01	4.294267e-01	2.033708e+00
774	2.641892e-01	2.280385e-01	2.382511e+00
775	4.085818e-01	3.332586e-01	1.186615e+00
779	2.828180e-01	1.629325e-01	2.059111e+00
780	3.829340e-01	3.730552e-01	2.211529e+00
781	4.212774e-01	3.171767e-01	1.969223e+00
783	3.770469e-01	1.972869e-01	2.660967e+00
784	3.651510e-01	3.645294e-01	1.264778e+00
786	4.186469e-01	4.614383e-01	2.458720e+00
787	5.376985e-01	2.595387e-01	2.456766e+00
788	3.985943e-01	1.644389e-01	2.337567e+00
789	3.580177e-01	3.081307e-01	1.259893e+00
790	4.492250e-01	5.434970e-01	2.648266e+00
792	4.487900e-01	3.988565e-01	2.183195e+00
796	3.826203e-01	3.285035e-01	1.929165e+00
798	4.326232e-01	4.653071e-01	2.224231e+00
800	2.589858e-01	3.293492e-01	1.419150e+00
801	6.778915e-01	3.168998e-01	1.386908e+00
802	5.080927e-01	7.049066e-01	1.342941e+00
803	3.978376e-01	2.883843e-01	1.537372e+00
804	3.748794e-01	3.161952e-01	2.935515e+00
805	3.605813e-01	1.112176e-01	1.399609e+00
806	3.561104e-01	3.370495e-01	2.243771e+00
807	3.799855e-01	2.678875e-01	2.256473e+00
809	5.176965e-01	4.271831e-01	1.851979e+00
810	3.956405e-01	3.061619e-01	1.418173e+00
811	3.936505e-01	3.709462e-01	1.005862e+00
812	3.279745e-01	9.689818e-02	1.509038e+00
813	3.626767e-01	3.261838e-01	1.317538e+00
814	3.467267e-01	3.080314e-01	1.980948e+00
815	3.999336e-01	3.655799e-01	2.222277e+00
816	2.523915e-01	3.722190e-01	2.837811e+00
817	4.606306e-01	3.753675e-01	2.277968e+00
818	3.896418e-01	3.326634e-01	2.452858e+00
819	4.967880e-01	6.650511e-01	2.862237e+00
820	2.097669e-01	4.215771e-01	1.611627e+00
821	3.437459e-01	2.491712e-01	1.969223e+00
822	4.126184e-01	2.884690e-01	1.106497e+00
823	4.181484e-01	3.908469e-01	1.281387e+00
824	4.166242e-01	2.598218e-01	2.533952e+00
825	3.600435e-01	3.808554e-01	1.889106e+00
827	4.301181e-01	3.069100e-01	2.298486e+00
828	4.920958e-01	6.936231e-01	2.558378e+00
829	3.957295e-01	4.768616e-01	2.571080e+00
831	2.008828e-01	3.159684e-01	2.940401e+00
832	4.503521e-01	1.934166e-01	1.401563e+00
833	4.467186e-01	2.846041e-01	2.862237e+00
834	4.588617e-01	6.044427e-01	2.032731e+00
835	4.793992e-01	3.338442e-01	2.241817e+00
836	1.958700e-01	4.310853e-01	2.984367e+00
837	3.207860e-01	4.161183e-01	2.499756e+00
838	4.646167e-01	3.574330e-01	1.435760e+00
839	5.264726e-01	5.926034e-01	2.121641e+00
841	3.125235e-01	3.961621e-01	2.920860e+00
842	4.403053e-01	4.002726e-01	1.905716e+00
843	4.426579e-01	3.497926e-01	1.081094e+00
844	4.414713e-01	4.251012e-01	1.834392e+00
845	4.627529e-01	1.751325e-01	2.002443e+00
846	4.399589e-01	4.210107e-01	1.444553e+00
847	4.414608e-01	4.849793e-01	1.358574e+00
848	5.743478e-01	5.915035e-01	1.159257e+00
849	3.307053e-01	3.625603e-01	1.700537e+00
850	4.614651e-01	4.116784e-01	2.943332e+00
851	8.521364e-01	4.345029e-01	1.835369e+00
855	3.308098e-01	2.819798e-01	1.556913e+00
856	3.434621e-01	3.812207e-01	2.148999e+00
857	4.352206e-01	3.213514e-01	2.275037e+00
858	2.536590e-01	4.950019e-01	2.697118e+00
859	3.853169e-01	3.353952e-01	1.516854e+00
863	1.958921e-01	3.024569e-01	1.298974e+00
864	4.250245e-01	2.119892e-01	2.787005e+00
865	4.388769e-01	3.882616e-01	2.812408e+00
866	6.025870e-01	2.028376e-01	1.940889e+00
867	3.538189e-01	2.736818e-01	2.656082e+00
868	4.770376e-01	3.074612e-01	1.982902e+00
869	4.320087e-01	1.692467e-01	2.681485e+00
870	4.035763e-01	3.732118e-01	1.810943e+00
872	1.127634e-01	9.490803e-02	1.715193e+00
877	1.841346e-01	3.488182e-01	2.221299e+00
881	3.807269e-01	2.984394e-01	2.234001e+00
883	5.375592e-01	4.151541e-01	1.553981e+00
884	3.726516e-01	1.387249e-01	1.560821e+00
885	5.587169e-01	4.140155e-01	2.672692e+00
886	4.386672e-01	2.348220e-01	1.471910e+00
888	4.985040e-01	3.913268e-01	2.205667e+00
889	4.566914e-01	2.318590e-01	2.599414e+00
890	9.895997e-02	9.889029e-02	2.873962e+00
891	3.546127e-01	5.615399e-01	2.733268e+00
892	1.034431e-01	8.056403e-02	1.692721e+00
893	4.372665e-01	4.625242e-01	1.432829e+00
894	3.129577e-01	4.062355e-01	1.474841e+00
896	4.044949e-01	8.017326e-02	1.508061e+00
897	3.878508e-01	4.462319e-01	1.455300e+00
898	4.989515e-01	2.237007e-01	1.036150e+00
899	3.390450e-01	3.427734e-01	1.672203e+00
900	4.690911e-01	6.899157e-01	2.243771e+00
905	3.838029e-01	4.492915e-01	2.315095e+00
907	1.307363e-02	2.855107e-01	1.438691e+00
908	6.450728e-01	3.280515e-01	1.001954e+00
909	2.913272e-01	4.163699e-01	1.146556e+00
911	5.875681e-01	1.707021e-01	2.471422e+00
912	4.086414e-01	2.946108e-01	2.209575e+00
914	4.082253e-01	3.276666e-01	1.936004e+00
915	6.315952e-01	1.901103e-01	2.843674e+00
916	1.494662e-01	2.039086e-01	1.057645e+00
917	6.093886e-01	2.468403e-01	2.896434e+00
918	3.939705e-01	3.581117e-01	2.112848e+00
919	4.534388e-01	1.967587e-01	2.553493e+00
921	4.993812e-01	4.516510e-01	1.271617e+00
922	4.673213e-01	3.895153e-01	2.916952e+00
923	4.131159e-01	4.101025e-01	1.081094e+00
924	1.852161e-01	3.035853e-01	2.581827e+00
925	4.539417e-01	4.229513e-01	1.394724e+00
926	4.831157e-01	2.828259e-01	1.289204e+00
927	4.174299e-01	4.831073e-01	1.961407e+00
929	2.380059e-01	2.691685e-01	1.743527e+00
930	3.169430e-01	3.308460e-01	2.718613e+00
931	3.866069e-01	3.572093e-01	1.908647e+00
932	4.662059e-01	2.592830e-01	1.399609e+00
933	5.884341e-01	2.424005e-01	2.980459e+00
934	3.264571e-01	3.173271e-01	2.603322e+00
935	5.217141e-01	3.214679e-01	2.267220e+00
936	4.909289e-01	3.724493e-01	1.400586e+00
937	5.249520e-01	3.328661e-01	2.249634e+00
938	3.680257e-01	4.159684e-01	1.248168e+00
939	4.732201e-01	2.975555e-01	1.234489e+00
940	4.567871e-01	6.381919e-01	2.559355e+00
941	3.788146e-01	3.872892e-01	2.848559e+00
942	5.024586e-01	2.421813e-01	1.495359e+00
943	5.894290e-01	2.565214e-01	2.346361e+00
944	3.367238e-01	2.481983e-01	1.812897e+00
945	3.585343e-01	2.235122e-01	2.016121e+00
946	3.652803e-01	3.290093e-01	1.676111e+00
947	3.643228e-01	4.864012e-01	1.307767e+00
948	3.882905e-01	3.754510e-01	1.727894e+00
949	5.843617e-01	4.212724e-01	1.587201e+00
950	4.897469e-01	4.551156e-01	2.820225e+00
951	3.413690e-01	5.780876e-01	2.234978e+00
952	5.779943e-01	6.440054e-01	2.393258e+00
953	4.709062e-01	3.818943e-01	1.537372e+00
954	4.270599e-01	3.310053e-01	2.814362e+00
955	4.276737e-01	3.569193e-01	2.472399e+00
956	4.195481e-01	3.361773e-01	2.402052e+00
957	4.908287e-01	2.468028e-01	2.220322e+00
958	4.006127e-01	4.099369e-01	1.127992e+00
959	4.227213e-01	3.635987e-01	1.184660e+00
960	3.382326e-01	3.097085e-01	1.655594e+00
961	4.534513e-01	3.203722e-01	2.473376e+00
962	3.414601e-01	4.072915e-01	2.125550e+00
963	8.723457e-01	3.625346e-01	1.407426e+00
964	5.800602e-01	4.201565e-01	1.067416e+00
965	5.528989e-01	3.162348e-01	1.183683e+00
966	4.304054e-01	4.164343e-01	1.849047e+00
967	4.235911e-01	3.174548e-01	1.107474e+00
968	5.445787e-01	5.188407e-01	2.902296e+00
969	4.061233e-01	3.251121e-01	2.884709e+00
970	3.284495e-01	3.494723e-01	2.418661e+00
971	4.483235e-01	2.917156e-01	2.088422e+00
972	4.963624e-01	3.553139e-01	1.675134e+00
973	4.149810e-01	5.186215e-01	1.717147e+00
974	5.664354e-01	3.859870e-01	1.874450e+00
975	6.170615e-01	3.473253e-01	2.744993e+00
976	2.108802e-01	1.912849e-01	1.101612e+00
977	4.541110e-01	2.600017e-01	1.860772e+00
978	4.111703e-01	3.826341e-01	1.997557e+00
979	4.690256e-01	2.662158e-01	2.080606e+00
980	4.151016e-01	3.890047e-01	1.262824e+00
981	4.734719e-01	3.084026e-01	1.952614e+00
982	4.105881e-01	3.517722e-01	1.681974e+00
983	4.125459e-01	3.189516e-01	2.354177e+00
984	3.313532e-01	4.876792e-01	2.705911e+00
985	4.480289e-01	3.467717e-01	1.297997e+00
986	3.896643e-01	3.715173e-01	1.593063e+00
987	4.478110e-01	3.322889e-01	2.944309e+00
988	3.684558e-01	2.787986e-01	2.695164e+00
989	4.199070e-01	3.314427e-01	1.071324e+00
990	4.381700e-01	3.957314e-01	2.562286e+00
991	2.176273e-01	2.957906e-01	1.097704e+00
992	3.763178e-01	3.826193e-01	2.033708e+00
993	3.601766e-01	1.774068e-01	1.891060e+00
994	4.279928e-01	3.232123e-01	1.226673e+00
995	2.582273e-01	4.277429e-01	2.096238e+00
996	2.509904e-01	2.290578e-01	2.234978e+00
997	3.873906e-01	1.390140e-01	2.601368e+00
998	3.092702e-01	5.420369e-01	2.107963e+00
999	3.979141e-01	3.010979e-01	1.499267e+00
1000	4.556622e-01	3.509714e-01	1.192477e+00
1001	2.799500e-01	3.609504e-01	2.937469e+00
1002	3.809175e-01	4.510626e-01	1.183683e+00
1003	4.741177e-01	3.274651e-01	1.053737e+00
1004	2.379098e-01	3.630638e-01	1.540303e+00
1005	5.523741e-01	3.955617e-01	1.446507e+00
1006	3.840690e-01	3.372351e-01	2.942355e+00
1007	4.104371e-01	3.165897e-01	2.766488e+00
1008	3.313748e-01	4.455752e-01	2.502687e+00
1009	3.852948e-01	3.331493e-01	2.005374e+00
1011	5.072166e-01	2.465364e-01	1.217880e+00
1012	3.392224e-01	4.601765e-01	1.148510e+00
1013	4.133091e-01	2.874109e-01	2.778212e+00
1014	4.270470e-01	3.115738e-01	1.774792e+00
1015	4.763409e-01	4.105877e-01	1.070347e+00
1016	3.894820e-01	1.678436e-01	2.073766e+00
1017	3.999898e-01	3.903901e-01	2.753786e+00
1018	4.266646e-01	3.106302e-01	2.888617e+00
1019	3.710644e-01	2.596053e-01	2.135320e+00
1020	3.149620e-01	4.982274e-01	2.933561e+00
1021	3.825612e-01	4.531761e-01	1.530532e+00
1022	3.994443e-01	3.294338e-01	1.125061e+00
1023	3.387374e-01	3.469368e-01	1.849047e+00
1024	5.087408e-01	3.702744e-01	1.952614e+00
1025	4.537413e-01	5.348815e-01	2.357108e+00
1026	3.175195e-01	3.143263e-01	2.956033e+00
1027	3.505726e-01	3.345340e-01	2.441133e+00
1028	4.078707e-01	3.153314e-01	2.395213e+00
1029	4.637856e-01	3.183010e-01	2.361993e+00
1030	5.356888e-01	4.145587e-01	2.494871e+00
1031	4.741371e-01	3.134279e-01	2.136297e+00
1032	4.384170e-01	3.349598e-01	2.439179e+00
1033	3.755667e-01	2.803238e-01	2.826087e+00
1034	4.165827e-01	4.072627e-01	1.697606e+00
1035	4.990719e-01	5.788517e-01	2.755740e+00
1036	3.575188e-01	3.345255e-01	1.542257e+00
1037	3.526068e-01	4.718324e-01	1.505129e+00
1038	3.188548e-01	3.463577e-01	1.581339e+00
1039	4.278789e-01	3.537941e-01	1.295066e+00
1040	2.741714e-01	3.024968e-01	2.208598e+00
1041	4.227309e-01	3.398421e-01	2.112848e+00
1042	4.114220e-01	2.602314e-01	2.228139e+00
1043	3.951887e-01	3.797863e-01	2.269174e+00
1044	3.724252e-01	2.894012e-01	2.771373e+00
1045	4.328049e-01	4.071120e-01	1.791402e+00
1046	3.316512e-01	3.618975e-01	1.061553e+00
1047	2.441070e-01	3.483853e-01	2.832926e+00
1048	8.823610e-02	4.265062e-01	1.816805e+00
1049	3.886882e-01	4.546942e-01	1.827553e+00
1051	3.889604e-01	3.319200e-01	1.144602e+00
1052	3.636570e-01	3.186653e-01	1.867611e+00
1053	3.288776e-01	4.208632e-01	2.828041e+00
1055	4.946787e-01	4.631507e-01	1.981925e+00
1056	4.698711e-01	3.693816e-01	2.776258e+00
1057	5.332682e-01	4.348443e-01	1.376160e+00
1058	3.801438e-01	3.940750e-01	1.646800e+00
1059	4.886244e-01	3.414041e-01	2.625794e+00
1061	3.501889e-01	3.548315e-01	2.682462e+00
1063	3.166497e-01	4.155471e-01	2.836834e+00
1064	4.152047e-01	4.371330e-01	2.172447e+00
1065	4.271343e-01	3.053402e-01	1.674157e+00
1067	4.162026e-01	3.405080e-01	1.950660e+00
1068	1.866974e-01	3.883996e-01	2.468490e+00
1069	3.966850e-01	2.802248e-01	2.561309e+00
1070	3.456014e-01	3.754775e-01	1.900830e+00
1071	4.022102e-01	3.689716e-01	1.683928e+00
1072	4.074744e-01	3.137746e-01	1.636053e+00
1073	3.782599e-01	3.850796e-01	2.679531e+00
1074	3.887732e-01	3.563443e-01	1.704446e+00
1075	4.226612e-01	3.155663e-01	2.700049e+00
1076	4.446553e-01	3.249398e-01	2.720567e+00
1077	5.716279e-01	3.198466e-01	2.315095e+00
1078	4.098196e-01	2.133151e-01	1.895945e+00
1079	3.314772e-01	4.499090e-01	2.224231e+00
1080	4.260172e-01	2.895028e-01	2.815340e+00
1081	4.073210e-01	4.526959e-01	2.858329e+00
1082	3.407077e-01	4.114987e-01	1.717147e+00
1083	4.235757e-01	3.508360e-01	2.173425e+00
1084	4.509739e-01	4.320084e-01	2.585735e+00
1085	4.792269e-01	2.888073e-01	2.657059e+00
1086	3.005382e-01	3.848637e-01	2.276991e+00
1087	3.689168e-01	3.047432e-01	2.162677e+00
1089	4.253712e-01	6.141219e-01	2.195896e+00
1090	3.756767e-01	3.951335e-01	1.145579e+00
1091	5.401164e-01	4.814614e-02	2.082560e+00
1092	6.473723e-01	5.146867e-01	1.276502e+00
1094	3.277770e-01	3.180710e-01	2.548608e+00
1095	4.719221e-01	3.559238e-01	2.239863e+00
1096	4.403552e-01	2.198159e-01	2.051295e+00
1097	3.931105e-01	3.160902e-01	1.422081e+00
1099	4.331863e-01	2.768740e-01	2.954079e+00
1100	4.346187e-01	2.762743e-01	1.329262e+00
1101	3.797094e-01	4.136207e-01	2.976551e+00
1102	4.583215e-01	3.511091e-01	2.951148e+00
1103	3.726582e-01	3.696091e-01	2.518319e+00
1104	4.189559e-01	3.574837e-01	2.981436e+00
1105	3.624844e-01	3.722567e-01	2.454812e+00
1106	4.998613e-01	4.339424e-01	2.609184e+00
1107	4.623170e-01	3.625943e-01	2.993161e+00
1108	3.744013e-01	3.729208e-01	1.934050e+00
1110	3.803163e-01	3.414464e-01	2.075721e+00
1112	4.771359e-01	4.008753e-01	2.393258e+00
1113	3.717693e-01	3.940996e-01	2.895457e+00
1114	3.888122e-01	3.525334e-01	2.862237e+00
1116	5.131203e-01	2.142984e-01	2.458720e+00
1117	4.647747e-01	3.057243e-01	2.796776e+00
1118	3.989147e-01	3.160333e-01	2.902296e+00
1119	3.598104e-01	4.267156e-01	1.758183e+00
1121	3.811935e-01	2.764393e-01	1.007816e+00
1122	4.367566e-01	3.301608e-01	1.749389e+00
1123	5.635527e-01	2.215768e-01	2.521251e+00
1124	4.576333e-01	3.506296e-01	2.923791e+00
1125	1.275007e-01	6.245756e-01	1.164143e+00
1126	4.696099e-01	3.284659e-01	1.873473e+00
1127	4.169445e-01	4.639811e-01	2.126527e+00
1128	3.788415e-01	3.850956e-01	1.273571e+00
1129	3.251346e-01	3.203296e-01	2.563263e+00
1130	4.157429e-01	3.977866e-01	1.869565e+00
1131	3.963958e-01	3.396575e-01	1.325354e+00
1132	3.775775e-01	3.537226e-01	2.111871e+00
1133	4.913149e-01	4.167694e-01	2.736199e+00
1134	3.669814e-01	3.573837e-01	2.436248e+00
1135	3.852700e-01	4.032598e-01	1.894968e+00
1136	3.760287e-01	1.652061e-01	1.706400e+00
1137	3.843499e-01	2.858857e-01	2.099170e+00
1138	3.721045e-01	4.041696e-01	1.904739e+00
1139	4.376385e-01	3.105357e-01	2.138251e+00
1140	3.918366e-01	2.048427e-01	2.196873e+00
1141	4.316311e-01	3.142069e-01	2.827064e+00
1142	4.632809e-01	2.482748e-01	2.310210e+00
1143	4.038068e-01	2.985478e-01	1.335125e+00
1144	4.536264e-01	3.214578e-01	2.974597e+00
1145	4.303163e-01	3.677241e-01	2.719590e+00
1146	3.647517e-01	4.519648e-01	1.246214e+00
1147	4.561790e-01	2.022469e-01	2.170493e+00
1148	4.237496e-01	3.877321e-01	1.166097e+00
1149	4.501316e-01	3.887917e-01	1.371275e+00
1150	4.369298e-01	3.291569e-01	2.399121e+00
1151	4.929742e-01	4.466479e-01	2.064973e+00
1152	4.177092e-01	2.654484e-01	1.170005e+00
1153	3.911284e-01	2.563557e-01	2.560332e+00
1154	3.824201e-01	3.061042e-01	1.782609e+00
1155	2.670994e-01	3.377605e-01	2.902296e+00
1156	4.173841e-01	3.308674e-01	3.000000e+00
1157	4.510946e-01	2.572963e-01	1.047875e+00
1159	4.465393e-01	2.242475e-01	1.893014e+00
1160	4.285439e-01	2.915500e-01	1.280410e+00
1162	3.242544e-01	3.450247e-01	1.655594e+00
1163	4.164053e-01	3.579459e-01	2.885686e+00
1164	3.339993e-01	5.403760e-01	2.573034e+00
1166	4.942591e-01	3.842604e-01	2.524182e+00
1167	4.111681e-01	3.988537e-01	2.076698e+00
1168	4.168314e-01	4.105317e-01	2.651197e+00
1169	3.968179e-01	3.474293e-01	1.767953e+00
1171	4.429950e-01	3.067387e-01	1.411334e+00
1174	3.789602e-01	3.847713e-01	1.842208e+00
1175	5.762186e-01	3.360495e-01	2.734245e+00
1176	5.791143e-01	4.037767e-01	1.146556e+00
1177	4.156995e-01	3.191896e-01	2.650220e+00
1178	2.608079e-01	3.404910e-01	2.899365e+00
1179	4.309495e-01	5.033894e-01	2.624817e+00
1180	3.900001e-01	2.976728e-01	2.791891e+00
1181	5.376720e-01	2.338960e-01	1.443576e+00
1183	5.497320e-01	5.246052e-01	2.008305e+00
1184	3.849890e-01	3.879797e-01	1.156326e+00
1185	3.681242e-01	4.049606e-01	2.619932e+00
1186	4.527804e-01	5.331564e-01	1.445530e+00
1187	3.652037e-01	3.971476e-01	1.825598e+00
1188	4.052416e-01	2.187740e-01	1.490474e+00
1189	3.905435e-01	2.486221e-01	2.922814e+00
1191	4.393460e-01	4.086789e-01	1.455300e+00
1192	4.569335e-01	4.075083e-01	1.888129e+00
1193	2.793725e-01	4.331927e-01	2.954079e+00
1194	4.642616e-01	2.896814e-01	2.640449e+00
1195	5.520892e-01	3.603914e-01	1.257938e+00
1196	4.266963e-01	3.436795e-01	2.626771e+00
1197	2.531604e-01	3.406804e-01	1.746458e+00
1198	3.976298e-01	3.759591e-01	1.221788e+00
1199	2.449138e-01	3.958854e-01	1.347826e+00
1200	3.170892e-01	2.758647e-01	2.531021e+00
1201	4.841777e-01	3.329980e-01	2.870054e+00
1202	4.229972e-01	3.250242e-01	3.000000e+00
1203	5.778621e-01	2.571511e-01	1.818759e+00
1204	4.096592e-01	3.003161e-01	1.163166e+00
1205	6.116775e-01	4.112648e-01	2.823156e+00
1206	3.211937e-01	3.389952e-01	1.397655e+00
1207	3.548622e-01	3.737410e-01	1.317538e+00
1208	4.436707e-01	3.805302e-01	1.383000e+00
1210	4.017374e-01	2.037452e-01	2.850513e+00
1211	3.583650e-01	5.139923e-01	2.454812e+00
1212	3.685529e-01	1.611936e-01	2.031754e+00
1213	3.800299e-01	3.758619e-01	1.637030e+00
1214	4.092962e-01	3.756711e-01	2.955056e+00
1215	4.232192e-01	3.670460e-01	2.632633e+00
1216	3.612637e-01	4.651117e-01	1.953591e+00
1217	3.783885e-01	3.601207e-01	2.460674e+00
1218	5.543938e-01	3.683603e-01	1.196385e+00
1220	3.779089e-01	2.945755e-01	2.021006e+00
1221	5.364125e-01	1.846677e-01	2.527113e+00
1222	3.072820e-01	3.252443e-01	2.543723e+00
1223	3.509451e-01	3.628737e-01	1.703468e+00
1224	4.481070e-01	2.755167e-01	1.115291e+00
1225	2.367183e-01	4.468350e-02	2.950171e+00
1226	3.543540e-01	2.756009e-01	2.105032e+00
1227	4.226891e-01	3.849778e-01	2.441133e+00
1228	3.664755e-01	3.953583e-01	2.604299e+00
1229	3.398869e-01	4.007708e-01	2.390327e+00
1230	4.429988e-01	4.352812e-01	2.063996e+00
1231	4.358018e-01	4.118786e-01	2.043478e+00
1232	4.420904e-01	3.021026e-01	1.523693e+00
1233	4.154474e-01	3.432809e-01	1.969223e+00
1234	4.641688e-01	1.601447e-01	1.782609e+00
1235	4.612003e-01	3.241836e-01	2.079629e+00
1236	4.870020e-01	1.521998e-01	2.675623e+00
1237	4.259799e-01	3.165394e-01	2.221299e+00
1238	3.386994e-01	2.055879e-01	1.449438e+00
1239	3.567349e-01	3.088632e-01	2.145090e+00
1240	6.500158e-01	1.395344e-01	1.699560e+00
1241	3.685164e-01	3.223367e-01	1.530532e+00
1242	5.042065e-01	3.669060e-01	1.497313e+00
1243	3.600047e-01	3.417806e-01	2.941378e+00
1244	3.370051e-01	2.466875e-01	1.049829e+00
1245	6.985423e-01	2.066590e-01	2.659013e+00
1246	3.965088e-01	2.811352e-01	1.352711e+00
1247	4.248562e-01	2.549753e-01	2.130435e+00
1248	3.960106e-01	2.761025e-01	2.205667e+00
1249	3.968967e-01	3.329505e-01	2.596483e+00
1250	4.017983e-01	3.132757e-01	1.509038e+00
1251	6.716365e-01	7.067333e-01	2.791891e+00
1252	3.839483e-01	3.106528e-01	2.280899e+00
1253	4.012615e-01	3.947127e-01	2.403029e+00
1254	3.850627e-01	3.519469e-01	1.936981e+00
1255	5.622384e-01	1.910933e-01	1.296043e+00
1256	4.882568e-01	5.174531e-01	2.641426e+00
1257	3.480920e-01	2.977714e-01	2.440156e+00
1258	4.809630e-01	2.902285e-01	1.798241e+00
1260	5.658069e-01	6.869963e-01	1.712262e+00
1261	4.671920e-01	3.210885e-01	2.961895e+00
1262	3.596888e-01	3.587438e-01	1.598925e+00
1263	3.886224e-01	3.034556e-01	2.942355e+00
1264	3.934194e-01	3.444366e-01	2.190034e+00
1266	4.690108e-01	3.771341e-01	1.212995e+00
1267	4.057218e-01	3.437873e-01	2.884709e+00
1268	3.936706e-01	3.336220e-01	1.595017e+00
1269	4.405436e-01	3.268553e-01	2.224231e+00
1270	4.318800e-01	3.266020e-01	2.834880e+00
1274	5.110609e-01	4.546909e-01	2.989253e+00
1275	3.468375e-01	3.360495e-01	2.994138e+00
1277	3.778053e-01	2.609944e-01	2.765511e+00
1278	3.801949e-01	3.368277e-01	2.046409e+00
1279	4.504699e-01	3.525058e-01	1.152418e+00
1280	3.688631e-01	1.066161e-02	2.244748e+00
1281	3.850247e-01	2.490887e-01	2.935515e+00
1282	4.238712e-01	3.206361e-01	2.528090e+00
1283	3.749946e-01	4.303840e-01	1.950660e+00
1284	3.671549e-01	4.389132e-01	2.106009e+00
1285	4.671168e-01	2.768791e-01	2.655105e+00
1286	3.905280e-01	3.407911e-01	2.695164e+00
1288	4.393665e-01	2.873756e-01	2.430386e+00
1289	3.937256e-01	5.419415e-02	2.187103e+00
1290	3.698125e-01	2.841249e-01	2.880801e+00
1291	4.656081e-01	3.510594e-01	1.118222e+00
1293	4.193790e-01	3.426884e-01	2.978505e+00
1294	3.342293e-01	2.930748e-01	2.590620e+00
1295	4.523576e-01	2.930333e-01	1.416219e+00
1297	4.431724e-01	5.575706e-01	1.291158e+00
1298	2.982634e-01	3.289550e-01	1.170005e+00
1299	3.837701e-01	2.665235e-01	2.727406e+00
1300	4.362618e-01	3.639533e-01	2.416707e+00
1301	4.541353e-01	2.989866e-01	1.214949e+00
1303	3.521020e-01	3.774426e-01	2.152907e+00
1304	3.718568e-01	3.795346e-01	1.657548e+00
1305	2.979832e-01	3.124887e-01	2.051295e+00
1306	3.696362e-01	3.511409e-01	2.519297e+00
1307	4.371094e-01	3.044918e-01	1.166097e+00
1308	4.540926e-01	3.860740e-01	2.053249e+00
1309	3.540865e-01	3.172144e-02	1.833415e+00
1310	4.708938e-01	3.035077e-01	1.275525e+00
1311	4.443753e-01	2.938261e-01	2.477284e+00
1312	5.251286e-01	4.440212e-01	2.601368e+00
1313	3.890152e-01	2.892081e-01	2.955056e+00
1314	3.918259e-01	4.273234e-01	2.009282e+00
1315	3.678681e-01	4.342215e-01	2.046409e+00
1316	3.459755e-01	3.118778e-01	2.063019e+00
1317	4.294678e-01	3.333308e-01	2.537860e+00
1318	3.313865e-01	3.814288e-01	2.890572e+00
1319	3.637148e-01	3.637940e-01	1.899853e+00
1321	4.254735e-01	2.628201e-01	2.084514e+00
1322	2.777077e-01	3.651743e-01	2.120664e+00
1323	3.668141e-01	3.742742e-01	2.201759e+00
1324	4.378292e-01	1.231601e-01	2.396190e+00
1325	2.556410e-01	3.319905e-01	1.815828e+00
1326	6.427243e-01	5.927694e-02	2.284807e+00
1327	3.925644e-01	3.235317e-01	1.021495e+00
1328	1.368383e-01	6.835680e-01	1.059599e+00
1329	5.385799e-01	1.585695e-01	1.655594e+00
1330	3.896396e-01	3.792470e-01	2.658036e+00
1331	4.595762e-01	3.742820e-01	2.494871e+00
1332	3.698777e-01	4.290831e-01	1.962384e+00
1333	4.907825e-01	3.134269e-01	2.987298e+00
1334	2.619022e-01	3.868773e-01	2.722521e+00
1335	5.251774e-01	2.555591e-01	2.400098e+00
1336	4.685608e-01	3.035612e-01	1.836346e+00
1338	2.563283e-01	3.205550e-01	2.736199e+00
1339	2.941239e-01	3.380258e-01	1.128969e+00
1340	5.277386e-01	2.836974e-01	1.536395e+00
1341	4.108693e-01	3.289858e-01	1.802149e+00
1342	4.456384e-01	3.704326e-01	2.236932e+00
1343	3.232649e-01	3.932062e-01	1.706400e+00
1344	4.387881e-01	3.475963e-01	1.800195e+00
1345	3.534553e-01	2.815177e-01	1.365413e+00
1346	4.956064e-01	3.654713e-01	2.063996e+00
1347	2.472662e-01	3.548966e-01	2.178310e+00
1348	8.899958e-02	9.598848e-02	1.892037e+00
1349	3.916446e-01	3.483913e-01	1.878359e+00
1350	3.058952e-01	3.996499e-01	1.049829e+00
1351	3.099326e-01	3.021159e-01	2.364924e+00
1352	3.252422e-01	3.594894e-01	1.763068e+00
1353	2.807446e-01	3.912553e-01	1.843185e+00
1354	3.225570e-01	3.164111e-01	2.164631e+00
1355	3.567505e-01	4.062632e-01	2.629702e+00
1356	5.157783e-01	4.761015e-01	2.917929e+00
1357	3.856985e-01	3.772650e-01	2.522228e+00
1359	2.681722e-01	3.840740e-01	1.450415e+00
1361	3.834148e-01	2.982751e-01	1.512946e+00
1362	4.353303e-01	3.561218e-01	1.676111e+00
1364	3.864495e-01	3.558739e-01	1.855887e+00
1365	4.049150e-01	3.354866e-01	1.180752e+00
1366	2.499156e-01	3.857543e-01	2.835857e+00
1367	3.763289e-01	3.451853e-01	2.792868e+00
1369	4.267329e-01	3.642276e-01	2.096238e+00
1370	5.188352e-01	4.635408e-01	2.609184e+00
1371	5.368623e-01	1.927291e-01	2.073766e+00
1372	4.225472e-01	2.555806e-01	2.155838e+00
1375	4.771988e-01	3.919601e-01	1.465071e+00
1376	4.156549e-01	3.243203e-01	2.947240e+00
1377	3.986353e-01	2.357163e-01	2.064973e+00
1378	3.847083e-01	4.164010e-01	1.668295e+00
1379	4.073088e-01	3.834884e-01	1.189546e+00
1380	3.889133e-01	2.387754e-01	2.301417e+00
1383	3.154949e-01	6.370481e-01	2.735222e+00
1384	4.079792e-01	3.361371e-01	1.857841e+00
1385	5.569891e-01	2.221222e-01	2.497802e+00
1386	3.424949e-01	3.423065e-01	2.556424e+00
1387	3.204706e-01	3.924705e-01	2.993161e+00
1388	5.196678e-01	3.862402e-01	2.166585e+00
1389	3.887013e-01	3.075402e-01	2.121641e+00
1390	3.163297e-01	3.639584e-01	2.803615e+00
1391	4.115968e-01	3.624920e-01	1.400586e+00
1392	3.765835e-01	3.293008e-01	1.563752e+00
1393	3.262579e-01	3.149424e-01	1.372252e+00
1394	1.208810e-01	6.222140e-01	2.209575e+00
1396	4.336380e-01	3.392628e-01	1.933073e+00
1397	4.066424e-01	3.920960e-01	2.647289e+00
1398	3.023597e-01	3.494014e-01	2.408891e+00
1399	3.611681e-01	3.777557e-01	1.973131e+00
1400	4.834385e-01	2.886924e-01	1.211041e+00
1402	4.189197e-01	3.332840e-01	2.040547e+00
1403	3.779991e-01	3.967104e-01	1.478749e+00
1404	3.437892e-01	3.886119e-01	2.397167e+00
1405	5.620740e-01	1.988921e-01	1.195408e+00
1406	4.041131e-01	3.862237e-01	2.187103e+00
1408	4.178248e-01	3.323479e-01	1.061553e+00
1409	3.852150e-01	3.876659e-01	1.982902e+00
1410	3.512839e-01	1.725405e-01	2.885686e+00
1411	4.075863e-01	3.388934e-01	2.782120e+00
1412	4.119482e-01	4.288337e-01	1.925256e+00
1413	4.808499e-01	2.241471e-01	2.667807e+00
1414	3.650496e-01	3.643179e-01	1.808989e+00
1415	3.137945e-01	4.603135e-01	1.599902e+00
1416	2.495378e-01	4.874326e-01	2.109917e+00
1417	3.967329e-01	3.193387e-01	1.787494e+00
1418	2.455811e-01	2.876660e-01	1.056668e+00
1419	3.689142e-01	2.433747e-01	1.356619e+00
1420	3.741144e-01	2.496820e-01	1.866634e+00
1421	3.426137e-01	2.968252e-01	1.653639e+00
1422	2.926198e-01	2.948742e-01	2.148021e+00
1423	4.559186e-01	4.018221e-01	2.803615e+00
1424	3.035365e-01	5.034363e-01	1.927211e+00
1425	3.974616e-01	4.739204e-01	1.481681e+00
1426	2.574228e-01	2.335436e-01	1.525647e+00
1428	3.079567e-01	3.711058e-01	2.692233e+00
1429	4.148683e-01	3.666981e-01	2.785051e+00
1432	4.071630e-01	2.874890e-01	2.716659e+00
1433	4.000093e-01	3.187417e-01	2.196873e+00
1434	4.799734e-01	2.287310e-01	2.574988e+00
1435	4.185327e-01	3.290741e-01	2.226185e+00
1436	3.838780e-01	3.497623e-01	1.104543e+00
1437	4.303234e-01	3.225253e-01	1.493405e+00
1439	4.042965e-01	3.439523e-01	1.462140e+00
1441	2.954592e-01	3.156695e-01	2.223254e+00
1442	4.148576e-01	2.806028e-01	2.207621e+00
1443	2.760021e-01	3.441944e-01	2.059111e+00
1444	3.493710e-01	3.315192e-01	1.150464e+00
1445	2.585409e-01	4.608558e-01	2.399121e+00
1446	4.995158e-01	3.592100e-01	2.227162e+00
1447	2.767706e-01	3.578293e-01	2.134343e+00
1448	5.384071e-01	4.684735e-01	2.229116e+00
1449	4.450823e-01	2.011231e-01	1.715193e+00
1450	5.702972e-01	5.290603e-01	2.883732e+00
1451	4.618195e-01	3.412706e-01	2.244748e+00
1452	4.400388e-01	3.880184e-01	2.822179e+00
1453	3.739123e-01	3.204677e-01	2.239863e+00
1454	3.732964e-01	3.323374e-01	1.034196e+00
1455	2.957439e-01	5.895544e-01	2.716659e+00
1456	4.380575e-01	1.522685e-01	1.645823e+00
1457	4.470116e-01	4.135672e-01	1.725940e+00
1458	4.403293e-01	3.788804e-01	2.791891e+00
1459	3.885870e-01	3.413532e-01	1.751343e+00
1460	3.210609e-01	5.113188e-01	1.628236e+00
1461	4.888801e-01	4.229030e-01	1.029311e+00
1462	3.760985e-01	3.420068e-01	2.070835e+00
1463	1.738351e-01	3.635658e-01	1.798241e+00
1464	4.377712e-01	2.969098e-01	2.493894e+00
1465	4.345782e-01	3.635232e-01	2.102101e+00
1466	3.845375e-01	3.864239e-01	2.455789e+00
1467	4.655313e-01	3.327822e-01	2.363947e+00
1468	4.093168e-01	5.425717e-01	1.084025e+00
1469	4.666333e-01	2.884707e-01	1.581339e+00
1472	2.845735e-01	2.389420e-01	2.235955e+00
1473	4.486555e-01	3.716645e-01	1.804104e+00
1474	5.533277e-01	3.764988e-01	2.747924e+00
1475	3.886953e-01	3.171989e-01	1.969223e+00
1476	4.384808e-01	3.243362e-01	2.706888e+00
1477	3.166613e-01	5.042371e-01	1.231558e+00
1479	2.885001e-01	3.121754e-01	2.075721e+00
1480	2.771709e-01	5.858734e-01	1.543234e+00
1481	4.649537e-01	2.846656e-01	2.030777e+00
1482	3.993327e-01	3.384376e-01	1.523693e+00
1484	4.194406e-01	3.084124e-01	1.997557e+00
1485	4.284699e-01	4.562825e-01	1.725940e+00
1486	4.349488e-01	3.351153e-01	1.153395e+00
1487	4.614609e-01	2.749791e-01	1.253053e+00
1488	4.423092e-01	3.769803e-01	2.925745e+00
1489	3.650883e-01	4.145244e-01	1.417196e+00
1490	2.833141e-01	5.581934e-01	1.613581e+00
1491	4.818233e-01	4.942404e-01	1.047875e+00
1492	4.341456e-01	3.277025e-01	1.384954e+00
1495	3.466599e-01	2.993308e-01	1.201270e+00
1496	4.179750e-01	3.224151e-01	1.347826e+00
1497	4.282849e-01	1.958779e-01	2.852467e+00
1499	2.646518e-01	3.802738e-01	2.479238e+00
1500	2.991347e-01	4.162605e-01	1.982902e+00
1501	3.489862e-01	3.613299e-01	2.925745e+00
1502	2.699508e-01	5.522224e-02	1.167074e+00
1505	3.771808e-01	3.679007e-01	2.765511e+00
1506	4.095886e-01	3.292078e-01	1.329262e+00
1507	3.616098e-01	2.058507e-01	1.169028e+00
1508	5.141929e-01	4.258472e-01	1.092819e+00
1509	4.705942e-01	4.169093e-01	2.261358e+00
1510	3.992392e-01	3.435779e-01	2.436248e+00
1511	4.586008e-01	3.282078e-01	2.255496e+00
1512	3.414136e-01	4.785079e-01	1.693698e+00
1513	3.198877e-01	7.935644e-02	1.655594e+00
1515	4.779970e-01	2.985018e-01	1.942843e+00
1516	3.366975e-01	4.705008e-01	1.339033e+00
1519	2.745943e-01	3.305104e-01	1.598925e+00
1520	4.506676e-01	3.509198e-01	2.823156e+00
1521	4.310467e-01	3.070841e-01	1.132877e+00
1522	4.866623e-01	4.701607e-01	1.176844e+00
1524	3.900528e-01	3.604326e-01	2.567171e+00
1526	2.662069e-01	3.266702e-01	2.589643e+00
1527	6.380625e-01	7.205285e-01	1.785540e+00
1528	3.567210e-01	3.674152e-01	1.034196e+00
1529	4.440873e-01	2.881870e-01	1.602833e+00
1531	3.429528e-01	2.716526e-01	2.484123e+00
1532	3.902546e-01	3.031091e-01	1.414265e+00
1533	3.922109e-01	3.183977e-01	1.421104e+00
1534	3.726022e-01	3.778147e-01	1.716170e+00
1535	5.241447e-01	2.893818e-01	2.744993e+00
1537	4.160563e-01	3.140081e-01	1.691744e+00
1538	3.056880e-01	2.695143e-01	1.178798e+00
1539	4.495238e-01	4.035140e-01	2.830972e+00
1540	4.100884e-01	3.417103e-01	2.686370e+00
1541	4.135318e-01	3.254373e-01	1.747435e+00
1542	4.077831e-01	4.729358e-01	1.429897e+00
1543	4.016354e-01	3.534420e-01	2.558378e+00
1545	4.557595e-01	2.638457e-01	1.731803e+00
1548	3.408051e-01	3.739698e-01	1.051783e+00
1549	3.859923e-01	4.650176e-01	2.582804e+00
1550	7.858561e-01	3.848581e-01	2.906204e+00
1551	2.429080e-01	3.613092e-01	2.308256e+00
1552	5.501450e-01	4.967441e-01	2.203713e+00
1553	3.661843e-01	3.598204e-01	1.851001e+00
1554	5.091912e-01	4.573105e-01	2.557401e+00
1555	5.090504e-01	5.511005e-01	2.127504e+00
1556	5.001730e-01	6.372479e-01	1.183683e+00
1557	4.007804e-01	3.263483e-01	1.517831e+00
1558	5.672455e-01	4.502926e-01	2.406937e+00
1559	4.273267e-01	4.240337e-01	2.077675e+00
1561	3.917087e-01	3.831793e-01	1.929165e+00
1562	4.039171e-01	3.013835e-01	1.023449e+00
1563	4.659464e-01	2.998785e-01	1.064485e+00
1565	4.348221e-01	3.253316e-01	1.845139e+00
1567	3.905542e-01	3.858529e-01	2.472399e+00
1568	3.206005e-01	4.169461e-01	1.151441e+00
1569	4.803354e-01	3.336760e-01	2.558378e+00
1570	6.516910e-01	1.416584e-01	2.004397e+00
1572	6.472237e-01	3.793335e-01	1.558867e+00
1573	4.424169e-01	3.212923e-01	2.801661e+00
1574	4.145292e-01	3.122508e-01	2.544700e+00
1575	3.767635e-01	1.068300e-01	1.345872e+00
1576	3.878093e-01	3.347594e-01	1.686859e+00
1577	3.979642e-01	4.074502e-01	2.725452e+00
1579	5.103262e-01	2.416137e-01	1.786517e+00
1580	5.641554e-01	1.802998e-01	2.437225e+00
1581	4.072254e-01	3.262480e-01	2.128481e+00
1583	3.966108e-01	6.496404e-01	1.586224e+00
1584	3.501295e-01	3.610182e-01	1.923302e+00
1586	3.279035e-01	3.737112e-01	1.829507e+00
1587	4.269784e-01	6.077431e-01	2.114802e+00
1588	4.075091e-01	2.906223e-01	1.063508e+00
1589	3.675954e-01	3.729604e-01	2.355154e+00
1590	3.635125e-01	3.499166e-01	2.793845e+00
1591	6.872469e-01	2.191935e-01	2.389350e+00
1593	5.380452e-01	2.192801e-01	2.190034e+00
1594	6.650924e-01	1.501358e-01	1.904739e+00
1595	4.238600e-01	3.033194e-01	1.589155e+00
1596	3.463146e-01	3.800143e-01	2.608207e+00
1597	4.123871e-01	3.264588e-01	1.751343e+00
1598	4.533213e-01	3.629987e-01	1.317538e+00
1599	4.585811e-01	2.914468e-01	2.326820e+00
1600	4.655204e-01	3.191101e-01	2.483146e+00
1601	5.941556e-01	1.666303e-01	2.167562e+00
1602	3.405072e-01	4.063324e-01	2.565217e+00
1603	4.118467e-01	3.037263e-01	2.701026e+00
1604	4.657938e-01	2.812589e-01	2.196873e+00
1605	3.350701e-01	3.332545e-01	2.236932e+00
1606	5.506081e-01	1.460407e-01	1.756229e+00
1607	3.224054e-01	4.597650e-01	2.469468e+00
1608	6.875307e-01	1.353210e-01	2.740107e+00
1609	4.093248e-01	2.686440e-01	2.376649e+00
1610	1.745012e-01	4.499630e-01	1.635076e+00
1611	4.129814e-01	3.246644e-01	1.985833e+00
1612	4.444258e-01	3.072962e-01	2.683439e+00
1613	4.234176e-01	3.254487e-01	2.635564e+00
1615	3.372246e-01	3.162223e-01	2.240840e+00
1616	3.605050e-01	5.515687e-01	2.932584e+00
1618	4.151489e-01	3.301950e-01	1.688813e+00
1620	4.114675e-01	3.517211e-01	2.625794e+00
1621	4.259642e-01	3.415890e-01	1.874450e+00
1623	4.134997e-01	3.457839e-01	1.112360e+00
1624	4.524524e-01	4.347799e-01	2.001466e+00
1625	2.245701e-01	3.160547e-01	2.370787e+00
1626	3.536507e-01	3.844810e-01	2.454812e+00
1627	4.154754e-01	3.415760e-01	2.880801e+00
1629	3.522042e-01	3.931895e-01	2.137274e+00
1630	4.300929e-01	2.990038e-01	1.475818e+00
1633	3.066921e-01	5.597838e-01	2.905227e+00
1634	4.157887e-01	3.342580e-01	2.163654e+00
1635	3.364126e-01	3.694370e-01	2.358085e+00
1637	3.714970e-01	4.166664e-01	2.169516e+00
1638	4.246760e-01	3.203883e-01	1.574499e+00
1639	5.198531e-01	3.726670e-01	2.104055e+00
1640	4.243195e-01	3.223956e-01	1.770884e+00
1641	6.671580e-01	1.845694e-01	2.212506e+00
1642	4.026303e-01	2.887020e-01	1.830484e+00
1643	5.402897e-01	2.651566e-01	2.361993e+00
1644	3.328600e-01	4.001716e-01	1.606742e+00
1646	3.464305e-01	3.504586e-01	1.875427e+00
1647	4.417118e-01	3.325793e-01	2.490962e+00
1648	3.767278e-01	3.812707e-01	1.409380e+00
1649	3.097032e-01	3.559614e-01	2.132389e+00
1650	3.404698e-01	3.992257e-01	1.424035e+00
1652	4.127687e-01	3.353598e-01	1.721055e+00
1653	4.263098e-01	3.308242e-01	1.192477e+00
1654	3.892485e-01	3.689925e-01	1.812897e+00
1655	4.424070e-01	3.728079e-01	1.871519e+00
1656	3.748929e-01	3.394176e-01	2.771373e+00
1657	4.326802e-01	3.728075e-01	2.809477e+00
1658	3.698559e-01	4.988712e-01	2.176356e+00
1659	2.279332e-01	4.697920e-01	2.525159e+00
1660	3.218418e-01	4.020443e-01	2.669761e+00
1661	4.516202e-01	3.254188e-01	1.865657e+00
1664	3.526774e-01	3.961449e-01	2.751832e+00
1665	4.059590e-01	3.685944e-01	2.413776e+00
1666	5.178569e-01	3.829752e-01	2.827064e+00
1667	3.717764e-01	3.010086e-01	2.991207e+00
1669	3.634941e-01	4.084184e-01	2.843674e+00
1670	4.786068e-01	3.388576e-01	2.480215e+00
1672	4.831737e-01	3.079422e-01	1.798241e+00
1673	4.149995e-01	3.255349e-01	2.852467e+00
1675	3.848534e-01	3.668011e-01	2.756717e+00
1679	6.719536e-01	4.382058e-01	1.263801e+00
1681	6.856101e-01	1.631402e-01	1.905716e+00
1682	3.912264e-01	3.557712e-01	2.451881e+00
1688	3.043916e-01	3.494920e-01	1.087934e+00
1689	6.623084e-01	1.575792e-01	1.141671e+00
1691	4.527146e-01	3.930870e-01	2.122618e+00
1692	4.585067e-01	4.189019e-01	1.519785e+00
1693	3.914162e-01	4.103667e-01	1.455300e+00
1694	3.959988e-01	3.152678e-01	2.119687e+00
1695	3.944088e-01	3.657640e-01	1.228627e+00
1696	4.450772e-01	2.715525e-01	1.396678e+00
1697	3.972460e-01	2.230111e-01	2.823156e+00
1698	1.775307e-01	4.122793e-01	1.030288e+00
1699	3.806763e-01	3.075038e-01	1.604787e+00
1700	6.586205e-01	5.001901e-01	2.290669e+00
1701	3.487635e-01	5.060913e-01	2.669761e+00
1703	3.836290e-01	3.196488e-01	1.828530e+00
1704	4.380109e-01	3.970187e-01	2.141182e+00
1705	3.784672e-01	3.252512e-01	1.916463e+00
1706	4.489212e-01	3.691588e-01	1.868588e+00
1707	4.287925e-01	2.906610e-01	1.210064e+00
1708	4.244026e-01	3.346593e-01	1.056668e+00
1710	2.669163e-01	2.246586e-01	2.385442e+00
1711	3.425851e-01	2.590569e-01	1.733757e+00
1712	4.290174e-01	3.829308e-01	1.249145e+00
1714	4.353495e-01	2.800674e-01	2.191011e+00
1715	4.653320e-01	3.463427e-01	2.391304e+00
1717	4.748847e-01	6.374360e-01	2.142159e+00
1718	3.489183e-01	3.367875e-01	1.539326e+00
1719	4.180418e-01	3.299877e-01	2.917929e+00
1720	7.184296e-01	3.690031e-01	1.940889e+00
1722	6.920278e-01	3.354946e-01	1.871519e+00
1723	4.114337e-01	3.321155e-01	2.197851e+00
1725	4.189270e-01	3.954933e-01	1.103566e+00
1726	3.804581e-01	3.662444e-01	2.199805e+00
1727	3.444047e-01	3.479971e-01	2.901319e+00
1728	3.123866e-01	5.175469e-01	2.394235e+00
1729	3.171787e-01	5.230638e-01	2.729360e+00
1731	2.636719e-01	6.526798e-02	2.066927e+00
1732	3.604913e-01	3.617453e-01	1.179775e+00
1733	4.590419e-01	3.897697e-01	2.250611e+00
1735	3.810204e-01	2.488391e-01	1.398632e+00
1736	2.525858e-01	6.821644e-02	1.000000e+00
1737	3.633444e-01	3.355699e-01	1.929165e+00
1738	4.074555e-01	3.095126e-01	1.326331e+00
1739	4.155942e-01	3.641374e-01	2.799707e+00
1740	4.762107e-01	4.292060e-01	1.210064e+00
1742	3.987703e-01	3.298245e-01	1.741573e+00
1743	3.656053e-01	1.861732e-01	1.858818e+00
1744	4.051175e-01	3.291812e-01	1.612604e+00
1745	6.606761e-01	9.873238e-02	1.720078e+00
1746	4.671347e-01	4.098132e-01	2.707865e+00
1747	3.895453e-01	3.369684e-01	2.856375e+00
1749	3.251256e-01	3.784582e-01	1.605765e+00
1750	4.078004e-01	3.310497e-01	1.273571e+00
1751	6.239285e-01	1.587096e-01	2.294577e+00
1752	4.276895e-01	3.152366e-01	2.261358e+00
1753	4.319550e-01	3.694244e-01	2.146067e+00
1754	3.156929e-01	3.585468e-01	1.349780e+00
1756	3.998625e-01	2.847959e-01	1.849047e+00
1757	4.097322e-01	3.315660e-01	2.970689e+00
1758	4.003294e-01	3.158126e-01	1.912555e+00
1759	4.043351e-01	3.414534e-01	2.725452e+00
1760	3.767510e-01	4.692804e-01	2.416707e+00
1761	4.322913e-01	3.715316e-01	2.902296e+00
1762	3.596389e-01	3.805635e-01	1.231558e+00
1763	3.976523e-01	3.186926e-01	2.010259e+00
1764	3.467888e-01	3.311937e-01	1.864680e+00
1765	4.398226e-01	2.958084e-01	1.401563e+00
1766	3.518370e-01	3.645492e-01	1.619443e+00
1767	4.175956e-01	3.566527e-01	2.412799e+00
1769	3.949542e-01	2.725661e-01	2.468490e+00
1770	4.206927e-01	3.831649e-01	2.504641e+00
1771	4.052298e-01	3.375403e-01	1.830484e+00
1772	3.951176e-01	3.268321e-01	2.949194e+00
1773	4.002981e-01	3.421636e-01	2.943332e+00
1774	4.016930e-01	3.369254e-01	2.629702e+00
1775	3.693786e-01	3.465008e-01	1.385931e+00
1776	4.403111e-01	3.262212e-01	1.112360e+00
1777	3.455531e-01	3.397189e-01	1.168051e+00
1778	3.890074e-01	4.094173e-01	1.044944e+00
1779	4.753813e-01	3.163441e-01	1.571568e+00
1781	3.928459e-01	3.262856e-01	1.047875e+00
1784	4.438362e-01	3.698005e-01	1.018564e+00
1785	4.099820e-01	3.274103e-01	1.857841e+00
1786	3.399030e-01	3.456576e-01	1.878359e+00
1787	3.840404e-01	3.287121e-01	2.875916e+00
1788	4.231990e-01	3.080551e-01	1.488520e+00
1789	4.039897e-01	3.252099e-01	2.688324e+00
1790	5.192801e-01	2.643800e-01	2.486077e+00
1791	4.131183e-01	2.369063e-01	2.162677e+00
1792	3.576672e-01	4.548339e-01	1.360528e+00
1794	3.958103e-01	4.073642e-01	1.508061e+00
1795	4.570012e-01	3.200980e-01	2.316072e+00
1796	3.938200e-01	3.664144e-01	2.488031e+00
1798	5.237986e-01	3.890311e-01	1.824621e+00
1799	3.229549e-01	2.900977e-01	1.745481e+00
1800	4.104924e-01	3.334700e-01	1.765999e+00
1801	4.737152e-01	3.091149e-01	1.366390e+00
1802	4.226890e-01	3.222539e-01	2.291646e+00
1803	4.734515e-01	3.084383e-01	1.470933e+00
1804	4.060963e-01	3.247473e-01	1.059599e+00
1805	4.006945e-01	3.850808e-01	2.897411e+00
1806	4.555067e-01	3.004530e-01	1.231558e+00
1807	4.580078e-01	2.743842e-01	2.143136e+00
1808	4.068467e-01	3.784532e-01	1.388862e+00
1809	3.648931e-01	4.128583e-01	1.999511e+00
1811	3.845059e-01	3.655423e-01	1.197362e+00
1812	3.490204e-01	3.899129e-01	2.679531e+00
1813	4.092132e-01	3.243781e-01	2.245725e+00
1814	4.122609e-01	3.155139e-01	1.915486e+00
1815	4.298559e-01	2.957801e-01	2.346361e+00
1817	6.437345e-02	5.363880e-01	2.326820e+00
1818	4.082543e-01	3.319942e-01	2.955056e+00
1819	4.335573e-01	3.312148e-01	1.663410e+00
1820	4.077755e-01	2.863504e-01	2.957010e+00
1821	3.314808e-01	3.755094e-01	2.559355e+00
1822	3.748374e-01	3.103095e-01	2.618955e+00
1823	4.180826e-01	3.738353e-01	1.780655e+00
1824	4.881639e-01	2.666516e-01	2.787982e+00
1826	6.265114e-03	3.413730e-01	1.094773e+00
1827	3.545083e-01	4.426845e-01	1.476795e+00
1828	4.217285e-01	3.272532e-01	1.010747e+00
1829	4.446212e-01	3.286496e-01	1.276502e+00
1831	4.389364e-01	3.262127e-01	1.608696e+00
1833	3.547138e-01	3.605714e-01	1.189546e+00
1834	4.148035e-01	3.292502e-01	2.732291e+00
1835	3.840693e-01	3.639034e-01	2.303371e+00
1836	4.344392e-01	3.282545e-01	2.413776e+00
1837	4.014986e-01	3.399168e-01	2.876893e+00
1838	4.048803e-01	3.022520e-01	2.563263e+00
1839	3.622862e-01	3.848996e-01	2.039570e+00
1840	4.077044e-01	3.204229e-01	1.436737e+00
1841	3.496889e-01	3.532909e-01	1.738642e+00
1842	3.788252e-01	3.676144e-01	2.044455e+00
1845	3.928145e-01	3.746394e-01	2.982413e+00
1846	3.811733e-01	3.569582e-01	1.203224e+00
1847	4.011411e-01	4.055844e-01	2.955056e+00
1848	4.169952e-01	3.253201e-01	1.524670e+00
1850	3.670825e-01	3.464165e-01	1.996580e+00
1851	3.964138e-01	2.872416e-01	2.945286e+00
1852	4.382299e-01	4.167240e-01	1.991695e+00
1853	4.289194e-01	3.135275e-01	2.442110e+00
1854	4.264419e-01	3.856788e-01	1.477772e+00
1855	3.752771e-01	3.617381e-01	2.906204e+00
1856	4.131220e-01	3.293160e-01	1.423058e+00
1857	4.453287e-01	3.399624e-01	2.446019e+00
1858	3.646701e-01	3.390362e-01	2.860283e+00
1859	3.934648e-01	3.100439e-01	1.522716e+00
1860	4.500859e-01	3.856310e-01	1.331216e+00
1861	4.572648e-01	3.967537e-01	2.446019e+00
1862	3.512865e-01	2.656886e-01	2.095261e+00
1863	3.248433e-01	2.834882e-01	1.073278e+00
1864	4.212340e-01	3.503652e-01	2.543723e+00
1865	3.230778e-01	3.650307e-01	2.876893e+00
1866	5.712705e-01	3.442958e-01	2.031754e+00
1867	2.524094e-01	1.038755e-01	1.949682e+00
1869	3.915056e-01	2.794887e-01	1.577430e+00
1870	3.734174e-01	2.606446e-01	1.871519e+00
1871	3.567257e-01	3.105297e-01	2.033708e+00
1873	3.695370e-01	3.106795e-01	1.762091e+00
1876	3.662446e-01	3.250410e-01	2.788959e+00
1877	4.260398e-01	3.279236e-01	2.095261e+00
1878	3.259132e-01	3.473278e-01	1.627259e+00
1879	4.178013e-01	2.104550e-01	1.503175e+00
1880	4.108746e-01	3.332180e-01	1.068393e+00
1881	4.503995e-01	3.434487e-01	1.710308e+00
1883	4.044726e-01	3.138033e-01	2.123596e+00
1885	3.793575e-01	2.301418e-01	2.962872e+00
1886	3.454147e-01	2.918087e-01	1.183683e+00
1888	4.169446e-01	3.016267e-01	2.475330e+00
1889	3.548769e-01	3.975768e-01	1.297020e+00
1890	2.922814e-01	1.806890e-01	1.260870e+00
1891	3.936144e-01	5.027075e-01	1.263801e+00
1893	4.244024e-01	3.594101e-01	1.933073e+00
1894	3.948453e-01	2.729426e-01	1.526624e+00
1895	3.682002e-01	3.401138e-01	1.105520e+00
1896	3.848777e-01	2.976541e-01	2.816317e+00
1897	5.025333e-01	3.177649e-01	2.696141e+00
1898	3.473398e-01	3.355482e-01	1.474841e+00
1899	4.852764e-01	4.001248e-01	2.859306e+00
1900	3.804796e-01	3.472114e-01	1.519785e+00
1901	4.436258e-01	3.147497e-01	2.446019e+00
1902	2.816629e-01	4.047114e-01	1.817782e+00
1903	4.225274e-01	2.919656e-01	1.013679e+00
1904	3.568849e-01	3.109438e-01	1.638007e+00
1905	4.139386e-01	3.235562e-01	2.997069e+00
1906	4.455665e-01	2.249014e-01	1.389839e+00
1907	3.679180e-01	3.023196e-01	1.948705e+00
1908	3.548204e-01	2.225376e-01	2.619932e+00
1909	2.261870e-01	3.613195e-01	2.633610e+00
1910	4.904984e-01	3.283327e-01	2.318026e+00
1911	4.162952e-01	3.904613e-01	1.742550e+00
1912	3.207733e-01	4.672277e-01	1.553981e+00
1913	3.232669e-01	2.907327e-01	2.149976e+00
1914	4.520224e-01	3.446368e-01	2.257450e+00
1916	3.696709e-01	3.603940e-01	1.829507e+00
1917	3.829059e-01	3.958413e-01	1.479726e+00
1918	4.865828e-01	3.492650e-01	1.658525e+00
1919	2.987530e-01	3.702675e-01	2.940401e+00
1921	3.920482e-01	3.269925e-01	1.195408e+00
1924	4.117584e-01	3.194801e-01	2.025892e+00
1925	3.457239e-01	3.254590e-01	2.963850e+00
1926	4.486193e-01	3.768735e-01	1.262824e+00
1927	3.928752e-01	3.320029e-01	2.477284e+00
1928	3.561467e-01	3.610417e-01	2.143136e+00
1929	4.278103e-01	3.235681e-01	2.845628e+00
1930	4.034436e-01	3.919637e-01	2.635564e+00
1931	4.604983e-01	3.272639e-01	1.175867e+00
1932	4.295459e-01	3.503368e-01	1.395701e+00
1933	4.288045e-01	3.595758e-01	1.111383e+00
1935	4.520345e-01	2.103298e-01	1.350757e+00
1936	3.430222e-01	3.015791e-01	2.987298e+00
1937	3.182470e-01	3.246016e-01	2.147044e+00
1938	3.152039e-01	4.746029e-01	2.690278e+00
1939	4.146547e-01	1.679526e-01	1.000000e+00
1940	3.032550e-01	4.068086e-01	1.562775e+00
1942	4.203593e-01	3.018536e-01	1.668295e+00
1943	3.953098e-01	2.501494e-01	2.642404e+00
1944	3.885568e-01	3.461573e-01	2.163654e+00
1945	4.123687e-01	3.862948e-01	1.211041e+00
1946	3.051510e-01	3.118620e-01	1.884221e+00
1947	4.120381e-01	3.558332e-01	2.262335e+00
1948	1.313147e-01	1.737456e-01	2.043478e+00
1949	4.498809e-01	3.850238e-01	1.333170e+00
1950	4.513469e-01	3.388539e-01	2.424524e+00
1951	3.836851e-01	3.082380e-01	1.144602e+00
1952	4.149874e-01	3.214750e-01	2.230093e+00
1953	3.674163e-01	3.687708e-01	2.595506e+00
1954	4.279129e-01	3.566468e-01	2.329751e+00
1955	4.126443e-01	4.131094e-01	2.636541e+00
1956	3.790568e-01	3.429221e-01	2.558378e+00
1957	2.207905e-01	5.021153e-01	1.717147e+00
1958	3.902356e-01	5.154371e-01	2.232047e+00
1959	3.732212e-01	1.656926e-01	1.036150e+00
1960	4.766485e-01	2.599517e-01	2.845628e+00
1961	3.664326e-01	2.670992e-01	2.192965e+00
1962	4.126402e-01	3.331116e-01	1.635076e+00
1963	3.149432e-01	3.617063e-01	1.007816e+00
1964	3.856905e-01	3.546662e-01	2.829018e+00
1965	3.872845e-01	3.520338e-01	2.870054e+00
1966	3.519490e-01	3.415404e-01	2.025892e+00
1967	4.946841e-01	4.511622e-01	1.664387e+00
1968	3.698229e-01	3.028606e-01	2.305325e+00
1969	3.671166e-01	4.256777e-01	2.175379e+00
1970	5.441777e-01	3.823941e-01	2.854421e+00
1971	4.562187e-01	3.206437e-01	1.525647e+00
1972	4.347574e-01	2.716161e-01	2.506595e+00
1973	5.780340e-01	2.421555e-01	2.637518e+00
1974	4.114590e-01	3.206473e-01	2.601368e+00
1975	4.050678e-01	3.285630e-01	2.133366e+00
1976	3.733894e-01	3.669156e-01	2.921837e+00
1977	3.402708e-01	3.539937e-01	1.173913e+00
1978	2.845545e-01	3.263147e-01	1.781632e+00
1979	3.518704e-01	3.429542e-01	1.233512e+00
1980	2.819066e-01	4.656779e-01	1.523693e+00
1981	4.574533e-01	2.766982e-01	2.863214e+00
1983	4.134117e-01	3.355280e-01	2.804592e+00
1984	4.626612e-01	3.938871e-01	1.785540e+00
1986	4.431936e-01	3.358535e-01	2.790914e+00
1987	4.708761e-01	2.840858e-01	1.049829e+00
1988	4.280615e-01	2.185305e-01	2.826087e+00
1989	4.067430e-01	3.201691e-01	1.035173e+00
1990	3.980842e-01	3.184967e-01	2.361016e+00
1991	3.889712e-01	2.444688e-01	1.872496e+00
1992	6.095151e-01	3.286699e-01	2.494871e+00
1993	4.093157e-01	2.527951e-01	2.837811e+00
1994	2.842309e-01	2.542145e-01	2.229116e+00
1995	4.498151e-01	3.398852e-01	1.886175e+00
1996	4.045735e-01	3.232125e-01	1.172936e+00
1997	4.250283e-01	3.252856e-01	2.301417e+00
1998	3.865037e-01	3.261631e-01	2.276014e+00
1999	4.113999e-01	4.268196e-01	2.713727e+00
1999	4.113999e-01	4.268196e-01	2.713727e+00
1999	4.113999e-01	4.268196e-01	2.713727e+00
1999	4.113999e-01	4.268196e-01	2.713727e+00
1999	4.113999e-01	4.268196e-01	2.713727e+00
1999	4.113999e-01	4.268196e-01	2.713727e+00
1999	4.113999e-01	4.268196e-01	2.713727e+00
1999	4.113999e-01	4.268196e-01	2.713727e+00
1999	4.113999e-01	4.268196e-01	2.713727e+00
1999	4.113999e-01	4.268196e-01	2.713727e+00
1999	4.113999e-01	4.268196e-01	2.713727e+00
1999	4.113999e-01	4.268196e-01	2.713727e+00
1999	4.113999e-01	4.268196e-01	2.713727e+00
1999	4.113999e-01	4.268196e-01	2.713727e+00
1999	4.113999e-01	4.268196e-01	2.713727e+00
1999	4.113999e-01	4.268196e-01	2.713727e+00
1999	4.113999e-01	4.268196e-01	2.713727e+00
1999	4.113999e-01	4.268196e-01	2.713727e+00
1999	4.113999e-01	4.268196e-01	2.713727e+00
1999	4.113999e-01	4.268196e-01	2.713727e+00
1999	4.113999e-01	4.268196e-01	2.713727e+00
1999	4.113999e-01	4.268196e-01	2.713727e+00
1999	4.113999e-01	4.268196e-01	2.713727e+00
1999	4.113999e-01	4.268196e-01	2.713727e+00
1999	4.113999e-01	4.268196e-01	2.713727e+00
1999	4.113999e-01	4.268196e-01	2.713727e+00
1999	4.113999e-01	4.268196e-01	2.713727e+00
1999	4.113999e-01	4.268196e-01	2.713727e+00
1999	4.113999e-01	4.268196e-01	2.713727e+00
1999	4.113999e-01	4.268196e-01	2.713727e+00
1999	4.113999e-01	4.268196e-01	2.713727e+00
1999	4.113999e-01	4.268196e-01	2.713727e+00
1999	4.113999e-01	4.268196e-01	2.713727e+00
1999	4.113999e-01	4.268196e-01	2.713727e+00
1999	4.113999e-01	4.268196e-01	2.713727e+00
1999	4.113999e-01	4.268196e-01	2.713727e+00
1999	4.113999e-01	4.268196e-01	2.713727e+00
1999	4.113999e-01	4.268196e-01	2.713727e+00
1999	4.113999e-01	4.268196e-01	2.713727e+00
1999	4.113999e-01	4.268196e-01	2.713727e+00
1999	4.113999e-01	4.268196e-01	2.713727e+00
1999	4.113999e-01	4.268196e-01	2.713727e+00
1999	4.113999e-01	4.268196e-01	2.713727e+00
1999	4.113999e-01	4.268196e-01	2.713727e+00
1999	4.113999e-01	4.268196e-01	2.713727e+00
1999	4.113999e-01	4.268196e-01	2.713727e+00
1999	4.113999e-01	4.268196e-01	2.713727e+00
1999	4.113999e-01	4.268196e-01	2.713727e+00
1999	4.113999e-01	4.268196e-01	2.713727e+00
1999	4.113999e-01	4.268196e-01	2.713727e+00
1999	4.113999e-01	4.268196e-01	2.713727e+00
1999	4.113999e-01	4.268196e-01	2.713727e+00
1999	4.113999e-01	4.268196e-01	2.713727e+00
1999	4.113999e-01	4.268196e-01	2.713727e+00
1999	4.113999e-01	4.268196e-01	2.713727e+00
1999	4.113999e-01	4.268196e-01	2.713727e+00
1999	4.113999e-01	4.268196e-01	2.713727e+00
1999	4.113999e-01	4.268196e-01	2.713727e+00
1999	4.113999e-01	4.268196e-01	2.713727e+00
1999	4.113999e-01	4.268196e-01	2.713727e+00
1999	4.113999e-01	4.268196e-01	2.713727e+00
1999	4.113999e-01	4.268196e-01	2.713727e+00
1999	4.113999e-01	4.268196e-01	2.713727e+00
1999	4.113999e-01	4.268196e-01	2.713727e+00
1999	4.113999e-01	4.268196e-01	2.713727e+00
1999	4.113999e-01	4.268196e-01	2.713727e+00
1999	4.113999e-01	4.268196e-01	2.713727e+00
1999	4.113999e-01	4.268196e-01	2.713727e+00
1999	4.113999e-01	4.268196e-01	2.713727e+00
1999	4.113999e-01	4.268196e-01	2.713727e+00
1999	4.113999e-01	4.268196e-01	2.713727e+00
1999	4.113999e-01	4.268196e-01	2.713727e+00
1999	4.113999e-01	4.268196e-01	2.713727e+00
1999	4.113999e-01	4.268196e-01	2.713727e+00
1999	4.113999e-01	4.268196e-01	2.713727e+00
1999	4.113999e-01	4.268196e-01	2.713727e+00
1999	4.113999e-01	4.268196e-01	2.713727e+00
1999	4.113999e-01	4.268196e-01	2.713727e+00
1999	4.113999e-01	4.268196e-01	2.713727e+00
1999	4.113999e-01	4.268196e-01	2.713727e+00
1999	4.113999e-01	4.268196e-01	2.713727e+00
1999	4.113999e-01	4.268196e-01	2.713727e+00
1999	4.113999e-01	4.268196e-01	2.713727e+00
1999	4.113999e-01	4.268196e-01	2.713727e+00
1999	4.113999e-01	4.268196e-01	2.713727e+00
1999	4.113999e-01	4.268196e-01	2.713727e+00
1999	4.113999e-01	4.268196e-01	2.713727e+00
1999	4.113999e-01	4.268196e-01	2.713727e+00
1999	4.113999e-01	4.268196e-01	2.713727e+00
1999	4.113999e-01	4.268196e-01	2.713727e+00
1999	4.113999e-01	4.268196e-01	2.713727e+00
1999	4.113999e-01	4.268196e-01	2.713727e+00
1999	4.113999e-01	4.268196e-01	2.713727e+00
1999	4.113999e-01	4.268196e-01	2.713727e+00
1999	4.113999e-01	4.268196e-01	2.713727e+00
1999	4.113999e-01	4.268196e-01	2.713727e+00
1999	4.113999e-01	4.268196e-01	2.713727e+00
1999	4.113999e-01	4.268196e-01	2.713727e+00
1999	4.113999e-01	4.268196e-01	2.713727e+00
1999	4.113999e-01	4.268196e-01	2.713727e+00
1999	4.113999e-01	4.268196e-01	2.713727e+00
1999	4.113999e-01	4.268196e-01	2.713727e+00
1999	4.113999e-01	4.268196e-01	2.713727e+00
1999	4.113999e-01	4.268196e-01	2.713727e+00
1999	4.113999e-01	4.268196e-01	2.713727e+00
1999	4.113999e-01	4.268196e-01	2.713727e+00
1999	4.113999e-01	4.268196e-01	2.713727e+00
1999	4.113999e-01	4.268196e-01	2.713727e+00
1999	4.113999e-01	4.268196e-01	2.713727e+00
1999	4.113999e-01	4.268196e-01	2.713727e+00
1999	4.113999e-01	4.268196e-01	2.713727e+00
1999	4.113999e-01	4.268196e-01	2.713727e+00
1999	4.113999e-01	4.268196e-01	2.713727e+00
1999	4.113999e-01	4.268196e-01	2.713727e+00
1999	4.113999e-01	4.268196e-01	2.713727e+00
1999	4.113999e-01	4.268196e-01	2.713727e+00
1999	4.113999e-01	4.268196e-01	2.713727e+00
1999	4.113999e-01	4.268196e-01	2.713727e+00
1999	4.113999e-01	4.268196e-01	2.713727e+00
1999	4.113999e-01	4.268196e-01	2.713727e+00
1999	4.113999e-01	4.268196e-01	2.713727e+00
1999	4.113999e-01	4.268196e-01	2.713727e+00
1999	4.113999e-01	4.268196e-01	2.713727e+00
1999	4.113999e-01	4.268196e-01	2.713727e+00
1999	4.113999e-01	4.268196e-01	2.713727e+00
1999	4.113999e-01	4.268196e-01	2.713727e+00
1999	4.113999e-01	4.268196e-01	2.713727e+00
1999	4.113999e-01	4.268196e-01	2.713727e+00
1999	4.113999e-01	4.268196e-01	2.713727e+00
1999	4.113999e-01	4.268196e-01	2.713727e+00
1999	4.113999e-01	4.268196e-01	2.713727e+00
1999	4.113999e-01	4.268196e-01	2.713727e+00
1999	4.113999e-01	4.268196e-01	2.713727e+00
1999	4.113999e-01	4.268196e-01	2.713727e+00
1999	4.113999e-01	4.268196e-01	2.713727e+00
1999	4.113999e-01	4.268196e-01	2.713727e+00
1999	4.113999e-01	4.268196e-01	2.713727e+00
1999	4.113999e-01	4.268196e-01	2.713727e+00
1999	4.113999e-01	4.268196e-01	2.713727e+00
1999	4.113999e-01	4.268196e-01	2.713727e+00
1999	4.113999e-01	4.268196e-01	2.713727e+00
1999	4.113999e-01	4.268196e-01	2.713727e+00
1999	4.113999e-01	4.268196e-01	2.713727e+00
1999	4.113999e-01	4.268196e-01	2.713727e+00
1999	4.113999e-01	4.268196e-01	2.713727e+00
1999	4.113999e-01	4.268196e-01	2.713727e+00
1999	4.113999e-01	4.268196e-01	2.713727e+00
1999	4.113999e-01	4.268196e-01	2.713727e+00
1999	4.113999e-01	4.268196e-01	2.713727e+00
1999	4.113999e-01	4.268196e-01	2.713727e+00
1999	4.113999e-01	4.268196e-01	2.713727e+00
1999	4.113999e-01	4.268196e-01	2.713727e+00
1999	4.113999e-01	4.268196e-01	2.713727e+00
1999	4.113999e-01	4.268196e-01	2.713727e+00
1999	4.113999e-01	4.268196e-01	2.713727e+00
1999	4.113999e-01	4.268196e-01	2.713727e+00
1999	4.113999e-01	4.268196e-01	2.713727e+00
1999	4.113999e-01	4.268196e-01	2.713727e+00
1999	4.113999e-01	4.268196e-01	2.713727e+00
1999	4.113999e-01	4.268196e-01	2.713727e+00
1999	4.113999e-01	4.268196e-01	2.713727e+00
1999	4.113999e-01	4.268196e-01	2.713727e+00
1999	4.113999e-01	4.268196e-01	2.713727e+00
1999	4.113999e-01	4.268196e-01	2.713727e+00
1999	4.113999e-01	4.268196e-01	2.713727e+00
1999	4.113999e-01	4.268196e-01	2.713727e+00
1999	4.113999e-01	4.268196e-01	2.713727e+00
1999	4.113999e-01	4.268196e-01	2.713727e+00
1999	4.113999e-01	4.268196e-01	2.713727e+00
1999	4.113999e-01	4.268196e-01	2.713727e+00
1999	4.113999e-01	4.268196e-01	2.713727e+00
1999	4.113999e-01	4.268196e-01	2.713727e+00
1999	4.113999e-01	4.268196e-01	2.713727e+00
1999	4.113999e-01	4.268196e-01	2.713727e+00
1999	4.113999e-01	4.268196e-01	2.713727e+00
1999	4.113999e-01	4.268196e-01	2.713727e+00
1999	4.113999e-01	4.268196e-01	2.713727e+00
1999	4.113999e-01	4.268196e-01	2.713727e+00
1999	4.113999e-01	4.268196e-01	2.713727e+00
1999	4.113999e-01	4.268196e-01	2.713727e+00
1999	4.113999e-01	4.268196e-01	2.713727e+00
1999	4.113999e-01	4.268196e-01	2.713727e+00
1999	4.113999e-01	4.268196e-01	2.713727e+00
1999	4.113999e-01	4.268196e-01	2.713727e+00
1999	4.113999e-01	4.268196e-01	2.713727e+00
1999	4.113999e-01	4.268196e-01	2.713727e+00
1999	4.113999e-01	4.268196e-01	2.713727e+00
1999	4.113999e-01	4.268196e-01	2.713727e+00
1999	4.113999e-01	4.268196e-01	2.713727e+00
1999	4.113999e-01	4.268196e-01	2.713727e+00
1999	4.113999e-01	4.268196e-01	2.713727e+00
1999	4.113999e-01	4.268196e-01	2.713727e+00
1999	4.113999e-01	4.268196e-01	2.713727e+00
1999	4.113999e-01	4.268196e-01	2.713727e+00
1999	4.113999e-01	4.268196e-01	2.713727e+00
1999	4.113999e-01	4.268196e-01	2.713727e+00
1999	4.113999e-01	4.268196e-01	2.713727e+00
1999	4.113999e-01	4.268196e-01	2.713727e+00
1999	4.113999e-01	4.268196e-01	2.713727e+00
1999	4.113999e-01	4.268196e-01	2.713727e+00
1999	4.113999e-01	4.268196e-01	2.713727e+00
1999	4.113999e-01	4.268196e-01	2.713727e+00
1999	4.113999e-01	4.268196e-01	2.713727e+00
1999	4.113999e-01	4.268196e-01	2.713727e+00
1999	4.113999e-01	4.268196e-01	2.713727e+00
1999	4.113999e-01	4.268196e-01	2.713727e+00
1999	4.113999e-01	4.268196e-01	2.713727e+00
1999	4.113999e-01	4.268196e-01	2.713727e+00
1999	4.113999e-01	4.268196e-01	2.713727e+00
1999	4.113999e-01	4.268196e-01	2.713727e+00
1999	4.113999e-01	4.268196e-01	2.713727e+00
1999	4.113999e-01	4.268196e-01	2.713727e+00
1999	4.113999e-01	4.268196e-01	2.713727e+00
1999	4.113999e-01	4.268196e-01	2.713727e+00
1999	4.113999e-01	4.268196e-01	2.713727e+00
1999	4.113999e-01	4.268196e-01	2.713727e+00
1999	4.113999e-01	4.268196e-01	2.713727e+00
1999	4.113999e-01	4.268196e-01	2.713727e+00
1999	4.113999e-01	4.268196e-01	2.713727e+00
1999	4.113999e-01	4.268196e-01	2.713727e+00
1999	4.113999e-01	4.268196e-01	2.713727e+00
1999	4.113999e-01	4.268196e-01	2.713727e+00
1999	4.113999e-01	4.268196e-01	2.713727e+00
1999	4.113999e-01	4.268196e-01	2.713727e+00
1999	4.113999e-01	4.268196e-01	2.713727e+00
1999	4.113999e-01	4.268196e-01	2.713727e+00
1999	4.113999e-01	4.268196e-01	2.713727e+00
1999	4.113999e-01	4.268196e-01	2.713727e+00
1999	4.113999e-01	4.268196e-01	2.713727e+00
1999	4.113999e-01	4.268196e-01	2.713727e+00
1999	4.113999e-01	4.268196e-01	2.713727e+00
1999	4.113999e-01	4.268196e-01	2.713727e+00
1999	4.113999e-01	4.268196e-01	2.713727e+00
1999	4.113999e-01	4.268196e-01	2.713727e+00
1999	4.113999e-01	4.268196e-01	2.713727e+00
1999	4.113999e-01	4.268196e-01	2.713727e+00
1999	4.113999e-01	4.268196e-01	2.713727e+00
1999	4.113999e-01	4.268196e-01	2.713727e+00
1999	4.113999e-01	4.268196e-01	2.713727e+00
1999	4.113999e-01	4.268196e-01	2.713727e+00
1999	4.113999e-01	4.268196e-01	2.713727e+00
1999	4.113999e-01	4.268196e-01	2.713727e+00
1999	4.113999e-01	4.268196e-01	2.713727e+00
1999	4.113999e-01	4.268196e-01	2.713727e+00
1999	4.113999e-01	4.268196e-01	2.713727e+00
1999	4.113999e-01	4.268196e-01	2.713727e+00
1999	4.113999e-01	4.268196e-01	2.713727e+00
1999	4.113999e-01	4.268196e-01	2.713727e+00
1999	4.113999e-01	4.268196e-01	2.713727e+00
1999	4.113999e-01	4.268196e-01	2.713727e+00
1999	4.113999e-01	4.268196e-01	2.713727e+00
1999	4.113999e-01	4.268196e-01	2.713727e+00
1999	4.113999e-01	4.268196e-01	2.713727e+00
1999	4.113999e-01	4.268196e-01	2.713727e+00
1999	4.113999e-01	4.268196e-01	2.713727e+00
1999	4.113999e-01	4.268196e-01	2.713727e+00
1999	4.113999e-01	4.268196e-01	2.713727e+00
1999	4.113999e-01	4.268196e-01	2.713727e+00
1999	4.113999e-01	4.268196e-01	2.713727e+00
1999	4.113999e-01	4.268196e-01	2.713727e+00
1999	4.113999e-01	4.268196e-01	2.713727e+00
1999	4.113999e-01	4.268196e-01	2.713727e+00
1999	4.113999e-01	4.268196e-01	2.713727e+00
1999	4.113999e-01	4.268196e-01	2.713727e+00
1999	4.113999e-01	4.268196e-01	2.713727e+00
1999	4.113999e-01	4.268196e-01	2.713727e+00
1999	4.113999e-01	4.268196e-01	2.713727e+00
1999	4.113999e-01	4.268196e-01	2.713727e+00
1999	4.113999e-01	4.268196e-01	2.713727e+00
1999	4.113999e-01	4.268196e-01	2.713727e+00
1999	4.113999e-01	4.268196e-01	2.713727e+00
1999	4.113999e-01	4.268196e-01	2.713727e+00
1999	4.113999e-01	4.268196e-01	2.713727e+00
1999	4.113999e-01	4.268196e-01	2.713727e+00
1999	4.113999e-01	4.268196e-01	2.713727e+00
1999	4.113999e-01	4.268196e-01	2.713727e+00
1999	4.113999e-01	4.268196e-01	2.713727e+00
1999	4.113999e-01	4.268196e-01	2.713727e+00
1999	4.113999e-01	4.268196e-01	2.713727e+00
1999	4.113999e-01	4.268196e-01	2.713727e+00
1999	4.113999e-01	4.268196e-01	2.713727e+00
1999	4.113999e-01	4.268196e-01	2.713727e+00
1999	4.113999e-01	4.268196e-01	2.713727e+00
1999	4.113999e-01	4.268196e-01	2.713727e+00
1999	4.113999e-01	4.268196e-01	2.713727e+00
1999	4.113999e-01	4.268196e-01	2.713727e+00
1999	4.113999e-01	4.268196e-01	2.713727e+00
1999	4.113999e-01	4.268196e-01	2.713727e+00
1999	4.113999e-01	4.268196e-01	2.713727e+00
1999	4.113999e-01	4.268196e-01	2.713727e+00
1999	4.113999e-01	4.268196e-01	2.713727e+00
1999	4.113999e-01	4.268196e-01	2.713727e+00
1999	4.113999e-01	4.268196e-01	2.713727e+00
1999	4.113999e-01	4.268196e-01	2.713727e+00
1999	4.113999e-01	4.268196e-01	2.713727e+00
1999	4.113999e-01	4.268196e-01	2.713727e+00
1999	4.113999e-01	4.268196e-01	2.713727e+00
1999	4.113999e-01	4.268196e-01	2.713727e+00
1999	4.113999e-01	4.268196e-01	2.713727e+00
1999	4.113999e-01	4.268196e-01	2.713727e+00
1999	4.113999e-01	4.268196e-01	2.713727e+00
1999	4.113999e-01	4.268196e-01	2.713727e+00
1999	4.113999e-01	4.268196e-01	2.713727e+00
1999	4.113999e-01	4.268196e-01	2.713727e+00
1999	4.113999e-01	4.268196e-01	2.713727e+00
1999	4.113999e-01	4.268196e-01	2.713727e+00
1999	4.113999e-01	4.268196e-01	2.713727e+00
1999	4.113999e-01	4.268196e-01	2.713727e+00
1999	4.113999e-01	4.268196e-01	2.713727e+00
1999	4.113999e-01	4.268196e-01	2.713727e+00
1999	4.113999e-01	4.268196e-01	2.713727e+00
1999	4.113999e-01	4.268196e-01	2.713727e+00
1999	4.113999e-01	4.268196e-01	2.713727e+00
1999	4.113999e-01	4.268196e-01	2.713727e+00
1999	4.113999e-01	4.268196e-01	2.713727e+00
1999	4.113999e-01	4.268196e-01	2.713727e+00
1999	4.113999e-01	4.268196e-01	2.713727e+00
1999	4.113999e-01	4.268196e-01	2.713727e+00
1999	4.113999e-01	4.268196e-01	2.713727e+00
1999	4.113999e-01	4.268196e-01	2.713727e+00
1999	4.113999e-01	4.268196e-01	2.713727e+00
1999	4.113999e-01	4.268196e-01	2.713727e+00
1999	4.113999e-01	4.268196e-01	2.713727e+00
1999	4.113999e-01	4.268196e-01	2.713727e+00
1999	4.113999e-01	4.268196e-01	2.713727e+00
1999	4.113999e-01	4.268196e-01	2.713727e+00
1999	4.113999e-01	4.268196e-01	2.713727e+00
1999	4.113999e-01	4.268196e-01	2.713727e+00
1999	4.113999e-01	4.268196e-01	2.713727e+00
1999	4.113999e-01	4.268196e-01	2.713727e+00
1999	4.113999e-01	4.268196e-01	2.713727e+00
1999	4.113999e-01	4.268196e-01	2.713727e+00
1999	4.113999e-01	4.268196e-01	2.713727e+00
1999	4.113999e-01	4.268196e-01	2.713727e+00
1999	4.113999e-01	4.268196e-01	2.713727e+00
1999	4.113999e-01	4.268196e-01	2.713727e+00
1999	4.113999e-01	4.268196e-01	2.713727e+00
1999	4.113999e-01	4.268196e-01	2.713727e+00
1999	4.113999e-01	4.268196e-01	2.713727e+00
1999	4.113999e-01	4.268196e-01	2.713727e+00
1999	4.113999e-01	4.268196e-01	2.713727e+00
1999	4.113999e-01	4.268196e-01	2.713727e+00
1999	4.113999e-01	4.268196e-01	2.713727e+00
1999	4.113999e-01	4.268196e-01	2.713727e+00
1999	4.113999e-01	4.268196e-01	2.713727e+00
1999	4.113999e-01	4.268196e-01	2.713727e+00
1999	4.113999e-01	4.268196e-01	2.713727e+00
1999	4.113999e-01	4.268196e-01	2.713727e+00
1999	4.113999e-01	4.268196e-01	2.713727e+00
1999	4.113999e-01	4.268196e-01	2.713727e+00
1999	4.113999e-01	4.268196e-01	2.713727e+00
1999	4.113999e-01	4.268196e-01	2.713727e+00
1999	4.113999e-01	4.268196e-01	2.713727e+00
1999	4.113999e-01	4.268196e-01	2.713727e+00
1999	4.113999e-01	4.268196e-01	2.713727e+00
1999	4.113999e-01	4.268196e-01	2.713727e+00
1999	4.113999e-01	4.268196e-01	2.713727e+00
1999	4.113999e-01	4.268196e-01	2.713727e+00
1999	4.113999e-01	4.268196e-01	2.713727e+00
1999	4.113999e-01	4.268196e-01	2.713727e+00
1999	4.113999e-01	4.268196e-01	2.713727e+00
1999	4.113999e-01	4.268196e-01	2.713727e+00
1999	4.113999e-01	4.268196e-01	2.713727e+00
1999	4.113999e-01	4.268196e-01	2.713727e+00
1999	4.113999e-01	4.268196e-01	2.713727e+00
1999	4.113999e-01	4.268196e-01	2.713727e+00
1999	4.113999e-01	4.268196e-01	2.713727e+00
1999	4.113999e-01	4.268196e-01	2.713727e+00
1999	4.113999e-01	4.268196e-01	2.713727e+00
1999	4.113999e-01	4.268196e-01	2.713727e+00
1999	4.113999e-01	4.268196e-01	2.713727e+00
1999	4.113999e-01	4.268196e-01	2.713727e+00
1999	4.113999e-01	4.268196e-01	2.713727e+00
1999	4.113999e-01	4.268196e-01	2.713727e+00
1999	4.113999e-01	4.268196e-01	2.713727e+00
1999	4.113999e-01	4.268196e-01	2.713727e+00
1999	4.113999e-01	4.268196e-01	2.713727e+00
1999	4.113999e-01	4.268196e-01	2.713727e+00
1999	4.113999e-01	4.268196e-01	2.713727e+00
1999	4.113999e-01	4.268196e-01	2.713727e+00
1999	4.113999e-01	4.268196e-01	2.713727e+00
1999	4.113999e-01	4.268196e-01	2.713727e+00
1999	4.113999e-01	4.268196e-01	2.713727e+00
1999	4.113999e-01	4.268196e-01	2.713727e+00
1999	4.113999e-01	4.268196e-01	2.713727e+00
1999	4.113999e-01	4.268196e-01	2.713727e+00
1999	4.113999e-01	4.268196e-01	2.713727e+00
1999	4.113999e-01	4.268196e-01	2.713727e+00
1999	4.113999e-01	4.268196e-01	2.713727e+00
1999	4.113999e-01	4.268196e-01	2.713727e+00
1999	4.113999e-01	4.268196e-01	2.713727e+00
1999	4.113999e-01	4.268196e-01	2.713727e+00
1999	4.113999e-01	4.268196e-01	2.713727e+00
1999	4.113999e-01	4.268196e-01	2.713727e+00
1999	4.113999e-01	4.268196e-01	2.713727e+00
1999	4.113999e-01	4.268196e-01	2.713727e+00
1999	4.113999e-01	4.268196e-01	2.713727e+00
1999	4.113999e-01	4.268196e-01	2.713727e+00
1999	4.113999e-01	4.268196e-01	2.713727e+00
1999	4.113999e-01	4.268196e-01	2.713727e+00
1999	4.113999e-01	4.268196e-01	2.713727e+00
1999	4.113999e-01	4.268196e-01	2.713727e+00
1999	4.113999e-01	4.268196e-01	2.713727e+00
1999	4.113999e-01	4.268196e-01	2.713727e+00
1999	4.113999e-01	4.268196e-01	2.713727e+00
1999	4.113999e-01	4.268196e-01	2.713727e+00
1999	4.113999e-01	4.268196e-01	2.713727e+00
1999	4.113999e-01	4.268196e-01	2.713727e+00
1999	4.113999e-01	4.268196e-01	2.713727e+00
1999	4.113999e-01	4.268196e-01	2.713727e+00
1999	4.113999e-01	4.268196e-01	2.713727e+00
1999	4.113999e-01	4.268196e-01	2.713727e+00
1999	4.113999e-01	4.268196e-01	2.713727e+00
1999	4.113999e-01	4.268196e-01	2.713727e+00
1999	4.113999e-01	4.268196e-01	2.713727e+00
1999	4.113999e-01	4.268196e-01	2.713727e+00
1999	4.113999e-01	4.268196e-01	2.713727e+00
1999	4.113999e-01	4.268196e-01	2.713727e+00
1999	4.113999e-01	4.268196e-01	2.713727e+00
1999	4.113999e-01	4.268196e-01	2.713727e+00
1999	4.113999e-01	4.268196e-01	2.713727e+00
1999	4.113999e-01	4.268196e-01	2.713727e+00
1999	4.113999e-01	4.268196e-01	2.713727e+00
