2000
0	4.962482e-01	4.833224e-01	2.659990e+00
1	4.998947e-01	4.911131e-01	1.927211e+00
2	7.241385e-01	7.950105e-01	2.242794e+00
3	6.479671e-01	4.175879e-01	1.306790e+00
4	4.917064e-01	5.159016e-01	2.219345e+00
5	7.252690e-01	6.616456e-01	2.259404e+00
6	3.539674e-01	6.763567e-01	2.766488e+00
7	8.086098e-01	1.806411e-01	2.782120e+00
8	7.252138e-01	7.145222e-01	1.925256e+00
9	4.923776e-01	4.817176e-01	1.231558e+00
10	4.889375e-01	4.887686e-01	1.283341e+00
11	8.196850e-01	1.717338e-01	1.494382e+00
12	7.483967e-01	7.242794e-01	2.602345e+00
13	6.957064e-01	8.340189e-01	1.902785e+00
14	4.548003e-01	5.532367e-01	2.148021e+00
15	7.441910e-01	7.037680e-01	2.825110e+00
16	4.969311e-01	4.853660e-01	2.881778e+00
17	4.858174e-01	5.022716e-01	1.311676e+00
18	7.113730e-01	7.845045e-01	1.492428e+00
19	4.892102e-01	4.838897e-01	2.081583e+00
20	5.552448e-01	7.775604e-01	2.944309e+00
21	4.290372e-01	4.141358e-01	2.364924e+00
22	6.535091e-01	4.190577e-01	2.446996e+00
23	7.366399e-01	7.689001e-01	1.915486e+00
24	4.702241e-01	5.032027e-01	2.993161e+00
25	7.919870e-01	1.654614e-01	1.876404e+00
26	4.196667e-01	4.246443e-01	1.180752e+00
27	7.948876e-01	1.747104e-01	2.553493e+00
28	6.983338e-01	8.316989e-01	2.234001e+00
29	4.818920e-01	4.953963e-01	1.761114e+00
30	4.135212e-01	4.155716e-01	2.705911e+00
31	4.856624e-01	4.770024e-01	2.189057e+00
32	7.413357e-01	3.152660e-01	2.337567e+00
33	6.829852e-01	8.202259e-01	1.711285e+00
34	7.050828e-01	8.245021e-01	1.118222e+00
35	6.953428e-01	8.414982e-01	2.542745e+00
36	3.345516e-01	3.477899e-01	1.131900e+00
37	7.662495e-01	9.160476e-02	2.771373e+00
38	6.770662e-01	7.995902e-01	1.051783e+00
39	4.824811e-01	5.089118e-01	2.950171e+00
40	6.866690e-01	8.665006e-01	2.833903e+00
41	6.423042e-01	2.037432e-01	1.319492e+00
42	6.828006e-01	8.597139e-01	1.196385e+00
43	6.136490e-01	4.019026e-01	2.796776e+00
44	7.875653e-01	2.127622e-01	1.327308e+00
45	4.295372e-01	4.089482e-01	2.812408e+00
46	6.836235e-01	8.607981e-01	2.143136e+00
47	4.839259e-01	5.319136e-01	2.619932e+00
48	4.722660e-01	4.842638e-01	1.500244e+00
49	4.297265e-01	4.201146e-01	1.309722e+00
50	4.822206e-01	4.659720e-01	1.122130e+00
51	7.047685e-01	8.254449e-01	1.680020e+00
52	4.640014e-01	4.558629e-01	1.758183e+00
53	4.782628e-01	4.860963e-01	2.832926e+00
54	5.182413e-01	5.057296e-01	2.136297e+00
55	6.029989e-01	4.214232e-01	1.853933e+00
56	5.163241e-01	4.957064e-01	1.607719e+00
57	7.899245e-01	2.876941e-01	1.982902e+00
58	5.182368e-01	5.072091e-01	2.045432e+00
59	3.838605e-01	5.036382e-01	1.234489e+00
60	7.951932e-01	2.022446e-01	2.336590e+00
61	6.962997e-01	8.639938e-01	2.405960e+00
62	4.750695e-01	4.860304e-01	2.046409e+00
63	7.966230e-01	7.225800e-02	1.959453e+00
64	6.636179e-01	8.131420e-01	2.356131e+00
65	7.274810e-01	3.526035e-01	1.164143e+00
66	6.737793e-01	8.192929e-01	2.121641e+00
67	6.435128e-01	1.376283e-01	2.733268e+00
68	6.979303e-01	8.307717e-01	2.294577e+00
69	7.055693e-01	3.574544e-01	1.689790e+00
70	4.774638e-01	4.888593e-01	2.347338e+00
71	6.745712e-01	8.210749e-01	2.400098e+00
72	7.056517e-01	8.607813e-01	1.717147e+00
73	4.452366e-01	5.143516e-01	1.758183e+00
74	6.047141e-01	4.165801e-01	2.161700e+00
75	7.963762e-01	8.522411e-02	2.135320e+00
76	4.682011e-01	4.645804e-01	2.038593e+00
77	4.686231e-01	4.603656e-01	1.977040e+00
78	5.124629e-01	4.807333e-01	2.565217e+00
79	6.918559e-01	8.426421e-01	2.630679e+00
80	5.076213e-01	4.860599e-01	2.205667e+00
81	5.978273e-01	4.194167e-01	1.398632e+00
82	4.249273e-01	4.261188e-01	1.638007e+00
83	5.161061e-01	4.962251e-01	1.205178e+00
84	6.925251e-01	8.432499e-01	2.696141e+00
85	4.162838e-01	3.557661e-01	1.362482e+00
86	7.496528e-01	4.241166e-02	1.438691e+00
87	6.028761e-01	4.139247e-01	1.996580e+00
88	5.569081e-01	7.950805e-01	1.143625e+00
89	6.029149e-01	4.129220e-01	1.917440e+00
90	7.648462e-01	2.988003e-01	1.747435e+00
91	4.805636e-01	4.624002e-01	2.804592e+00
92	5.980388e-01	4.151099e-01	1.592086e+00
93	5.172737e-01	5.102592e-01	2.871031e+00
94	4.157915e-01	3.281201e-01	1.717147e+00
95	6.707660e-01	8.194932e-01	2.077675e+00
96	6.115540e-01	4.156535e-01	2.295554e+00
97	7.184567e-01	2.863053e-01	1.248168e+00
98	6.068600e-01	4.155666e-01	2.607230e+00
99	3.259025e-01	4.351130e-01	2.866146e+00
100	7.759476e-01	2.891049e-01	2.349292e+00
101	4.840423e-01	4.624307e-01	1.344895e+00
102	7.049857e-01	8.160012e-01	2.990230e+00
103	7.773934e-01	2.920179e-01	1.942843e+00
104	4.029813e-01	3.377035e-01	2.097215e+00
105	6.091314e-01	4.186966e-01	2.440156e+00
106	6.985720e-01	8.338661e-01	2.913043e+00
107	7.316407e-01	3.764688e-01	2.630679e+00
108	5.190512e-01	5.429626e-01	1.023449e+00
109	6.709074e-01	8.218321e-01	1.661456e+00
110	4.174572e-01	3.409178e-01	2.002443e+00
111	7.167810e-01	8.426228e-01	1.662433e+00
112	4.727338e-01	4.968104e-01	2.215437e+00
113	4.839137e-01	4.739906e-01	1.230581e+00
114	4.953608e-01	4.968017e-01	2.364924e+00
115	6.955413e-01	9.051652e-01	1.125061e+00
116	4.843686e-01	5.313153e-01	1.324377e+00
117	2.876580e-01	4.438245e-01	1.500244e+00
118	3.179416e-01	4.267177e-01	2.812408e+00
119	5.872873e-01	7.844619e-01	1.448461e+00
120	4.842048e-01	4.749031e-01	2.302394e+00
121	7.124937e-01	8.521132e-01	1.753298e+00
122	4.951665e-01	7.515750e-01	2.131412e+00
123	5.114454e-01	5.307514e-01	2.719590e+00
124	4.894226e-01	7.735858e-01	2.884709e+00
125	3.066463e-01	4.277451e-01	2.896434e+00
126	4.861341e-01	4.739504e-01	1.119199e+00
127	4.201197e-01	4.154618e-01	2.184172e+00
128	5.365867e-01	6.555269e-01	2.469468e+00
129	5.874599e-01	7.809577e-01	1.157303e+00
130	3.425682e-01	4.744529e-01	2.511480e+00
131	3.161527e-01	4.280170e-01	2.546654e+00
132	7.191691e-01	8.344891e-01	1.752320e+00
133	6.978830e-01	8.737464e-01	1.150464e+00
134	4.101797e-01	4.210363e-01	2.489008e+00
135	3.132530e-01	4.455922e-01	2.473376e+00
136	4.782723e-01	4.983294e-01	1.486566e+00
137	2.508736e-01	3.684999e-01	1.004885e+00
138	7.010389e-01	8.321529e-01	1.609673e+00
139	7.608383e-01	1.709399e-01	1.771861e+00
140	4.661931e-01	4.892366e-01	1.103566e+00
141	4.028420e-01	4.551106e-01	2.380557e+00
142	2.659568e-01	3.823264e-01	2.226185e+00
143	4.024995e-01	4.278473e-01	2.559355e+00
144	4.618230e-01	5.309823e-01	2.978505e+00
145	5.672625e-01	8.857649e-01	2.528090e+00
146	7.034685e-01	1.216179e-01	2.999023e+00
147	7.922302e-01	4.737701e-02	2.325843e+00
148	4.709714e-01	5.207130e-01	2.119687e+00
149	6.422398e-01	7.820545e-01	2.315095e+00
150	4.475647e-01	5.393042e-01	1.074255e+00
151	3.608968e-01	4.353934e-01	2.398144e+00
152	4.837830e-01	5.355109e-01	2.014167e+00
153	7.348070e-01	1.612324e-01	1.177821e+00
154	6.481893e-01	4.063230e-01	2.126527e+00
155	5.032803e-01	5.142397e-01	1.117245e+00
156	5.175503e-01	7.337190e-01	2.617978e+00
157	6.468044e-01	7.745076e-01	2.454812e+00
158	4.544740e-01	5.050505e-01	1.060576e+00
159	7.774907e-01	1.208456e-01	2.537860e+00
160	5.079320e-01	4.912026e-01	1.728872e+00
161	5.117551e-01	8.238270e-01	2.528090e+00
162	4.732561e-01	5.437076e-01	1.137763e+00
163	4.574786e-01	5.040377e-01	2.477284e+00
164	5.194051e-01	7.586166e-01	1.328285e+00
165	4.649634e-01	4.917173e-01	2.865169e+00
166	2.313410e-01	4.402157e-01	2.580850e+00
167	6.983453e-01	3.388857e-01	1.963361e+00
168	4.636162e-01	5.237071e-01	1.665364e+00
169	5.391291e-01	7.541077e-01	1.217880e+00
170	6.169133e-01	8.821438e-01	1.090865e+00
171	4.590770e-01	4.784067e-01	2.021983e+00
172	5.129657e-01	8.378115e-01	2.832926e+00
173	2.257373e-01	4.212356e-01	1.551050e+00
174	6.146571e-01	8.542135e-01	2.489008e+00
175	4.673783e-01	4.548163e-01	2.931607e+00
176	2.341564e-01	4.099920e-01	2.152907e+00
177	5.530684e-01	6.330450e-01	1.943820e+00
178	5.175741e-01	6.843395e-01	1.311676e+00
179	4.661165e-01	4.773750e-01	1.547142e+00
180	4.653735e-01	5.215921e-01	2.213483e+00
181	4.649229e-01	4.765371e-01	2.043478e+00
182	4.664147e-01	4.922715e-01	2.673669e+00
183	5.584279e-01	8.463755e-01	2.387396e+00
184	2.567986e-01	4.322046e-01	2.148021e+00
185	6.404796e-01	8.176056e-01	1.129946e+00
186	5.247494e-01	7.572448e-01	2.940401e+00
187	7.556476e-01	1.554418e-02	1.946751e+00
188	6.050876e-01	4.041696e-01	2.628725e+00
189	5.113261e-01	4.653430e-01	2.664875e+00
190	7.410477e-01	5.030722e-02	2.585735e+00
191	6.200642e-01	3.958201e-01	2.334636e+00
192	3.612723e-01	4.244549e-01	2.055203e+00
193	5.147197e-01	4.759041e-01	1.027357e+00
194	6.278297e-01	1.705989e-01	1.698583e+00
195	4.076330e-01	4.377865e-01	1.006839e+00
196	5.384870e-01	8.067450e-01	1.985833e+00
197	7.287198e-01	1.256129e-01	1.704446e+00
198	4.197169e-01	3.609900e-01	2.058134e+00
199	4.813828e-01	4.725809e-01	1.997557e+00
200	5.181432e-01	4.708571e-01	2.697118e+00
201	5.478257e-01	7.536964e-01	2.445042e+00
202	6.149417e-01	4.022493e-01	1.279433e+00
203	4.773766e-01	4.773016e-01	2.408891e+00
204	5.701018e-01	8.287989e-01	2.889595e+00
205	5.473160e-01	7.267071e-01	2.023937e+00
206	6.557770e-01	1.151166e-01	1.669272e+00
207	3.308904e-01	3.722737e-01	1.212018e+00
208	4.337662e-01	7.291123e-01	1.636053e+00
209	2.360435e-01	4.107176e-01	2.090376e+00
210	6.068642e-01	2.059106e-01	1.814851e+00
211	5.491224e-01	7.383406e-01	2.246702e+00
212	6.923352e-01	3.638726e-01	1.148510e+00
213	7.222746e-01	3.284300e-01	1.459209e+00
214	5.446132e-01	7.901668e-01	1.042013e+00
215	6.612373e-01	1.119819e-01	2.411822e+00
216	4.279828e-01	7.331033e-01	1.584270e+00
217	3.393857e-01	4.412479e-01	2.376649e+00
218	4.656416e-01	5.600780e-01	2.247680e+00
219	4.542046e-01	4.949612e-01	1.770884e+00
220	5.470593e-01	7.648266e-01	2.858329e+00
221	6.931726e-01	3.655697e-01	1.609673e+00
222	3.820580e-01	4.286918e-01	1.152418e+00
223	3.786331e-01	4.142368e-01	1.250122e+00
224	4.596522e-01	5.113852e-01	2.062042e+00
225	5.381529e-01	4.763434e-01	1.123107e+00
226	5.311034e-01	7.897946e-01	1.438691e+00
227	5.580518e-01	5.912956e-01	2.676600e+00
228	3.558127e-01	4.065395e-01	2.319980e+00
229	5.244111e-01	4.805131e-01	2.793845e+00
230	5.571560e-01	5.945964e-01	2.593552e+00
231	5.407865e-01	7.944025e-01	2.102101e+00
232	5.254293e-01	4.756092e-01	1.060576e+00
233	5.310647e-01	4.998278e-01	2.041524e+00
234	6.010565e-01	2.444299e-01	2.262335e+00
235	6.928752e-01	3.673387e-01	1.443576e+00
236	6.834732e-01	8.310397e-02	2.607230e+00
237	5.421227e-01	7.530218e-01	2.647289e+00
238	4.357477e-01	7.384178e-01	2.875916e+00
239	5.045829e-01	7.740893e-01	1.548119e+00
240	4.959218e-01	4.618301e-01	2.238886e+00
241	3.202389e-01	4.282172e-01	1.812897e+00
242	4.234949e-01	6.853180e-01	1.040059e+00
243	5.100963e-01	4.618400e-01	1.263801e+00
244	5.507129e-01	5.658598e-01	1.624328e+00
245	5.201963e-01	4.863553e-01	1.723009e+00
246	5.137749e-01	4.901203e-01	2.261358e+00
247	4.697115e-01	7.727329e-01	1.394724e+00
248	5.534535e-01	6.022286e-01	1.301905e+00
249	4.774558e-01	4.846170e-01	1.629213e+00
250	6.084693e-01	3.804608e-01	2.247680e+00
251	5.415906e-01	7.682257e-01	1.683928e+00
252	4.870220e-01	4.528393e-01	1.126038e+00
253	3.963941e-01	3.392367e-01	1.614558e+00
254	5.039298e-01	8.155540e-01	1.228627e+00
255	5.437652e-01	7.833137e-01	1.937958e+00
256	4.710084e-01	4.730841e-01	2.834880e+00
257	4.323830e-01	7.422647e-01	2.144113e+00
258	7.394973e-01	3.629339e-01	1.238398e+00
259	6.218703e-01	1.684046e-01	2.234978e+00
260	3.893868e-01	3.920764e-01	2.464582e+00
261	7.738204e-01	3.494725e-01	2.080606e+00
262	4.581971e-01	4.329054e-01	2.782120e+00
263	6.169713e-01	1.292876e-01	1.046898e+00
264	5.063301e-01	4.419580e-01	1.910601e+00
265	3.545253e-01	4.452419e-01	2.648266e+00
266	3.951931e-01	4.126840e-01	2.749878e+00
267	3.811879e-01	3.930452e-01	2.013190e+00
268	4.072422e-01	6.928566e-01	1.662433e+00
269	5.400792e-01	7.748659e-01	2.876893e+00
270	4.739108e-01	4.361354e-01	1.789448e+00
271	3.867574e-01	3.945930e-01	1.357596e+00
272	3.935718e-01	4.080590e-01	1.563752e+00
273	4.760340e-01	4.915984e-01	1.498290e+00
274	3.870131e-01	3.948822e-01	1.908647e+00
275	6.776879e-01	3.638606e-01	2.665852e+00
276	3.758856e-01	3.523081e-01	2.691255e+00
277	4.548713e-01	4.338026e-01	2.098192e+00
278	4.706128e-01	4.720179e-01	1.220811e+00
279	6.090924e-01	3.588270e-02	2.556424e+00
280	5.581789e-01	7.765882e-01	2.821202e+00
281	5.705386e-01	7.926346e-01	2.290669e+00
282	5.580052e-01	5.463496e-01	2.534929e+00
283	4.019704e-01	4.049088e-01	2.445042e+00
284	4.033178e-01	4.268303e-01	2.930630e+00
285	5.822293e-01	1.509833e-01	2.088422e+00
286	3.596261e-01	4.304723e-01	1.133854e+00
287	4.718063e-01	4.781361e-01	2.343429e+00
288	3.622414e-01	4.284610e-01	1.947728e+00
289	6.820272e-01	3.791924e-01	2.500733e+00
290	6.820027e-01	3.750399e-01	2.574011e+00
291	6.156291e-01	2.371503e-02	1.228627e+00
292	5.676046e-01	2.154780e-01	2.912066e+00
293	5.601783e-01	6.349065e-01	1.736688e+00
294	4.279390e-01	5.074534e-01	1.470933e+00
295	4.044287e-01	4.053202e-01	2.265266e+00
296	4.044612e-01	4.054002e-01	2.495848e+00
297	4.628288e-01	4.433512e-01	2.862237e+00
298	5.469844e-01	5.388791e-01	1.857841e+00
299	5.943790e-01	1.877384e-01	2.227162e+00
300	3.819444e-01	4.024914e-01	1.627259e+00
301	3.822844e-01	3.556052e-01	2.506595e+00
302	4.606501e-01	4.356497e-01	2.762579e+00
303	3.885483e-01	4.008051e-01	2.459697e+00
304	4.595894e-01	4.539629e-01	1.689790e+00
305	4.566175e-01	4.102581e-01	1.565706e+00
306	4.026909e-01	4.112411e-01	1.125061e+00
307	4.623727e-01	4.357700e-01	2.528090e+00
308	4.481316e-01	4.959295e-01	1.121153e+00
309	4.023629e-01	4.112727e-01	1.169028e+00
310	5.085738e-01	5.021303e-01	1.555936e+00
311	4.644175e-01	4.588315e-01	1.885198e+00
312	4.585849e-01	4.882226e-01	2.989253e+00
313	4.642446e-01	4.343159e-01	2.081583e+00
314	4.669946e-01	4.406861e-01	1.052760e+00
315	3.958673e-01	3.383260e-01	2.633610e+00
316	3.590061e-01	4.384253e-01	1.623351e+00
317	5.889939e-01	7.723917e-01	2.443087e+00
318	4.027511e-01	3.899286e-01	2.989253e+00
319	3.830454e-01	3.952875e-01	2.095261e+00
320	3.502293e-01	4.450516e-01	2.862237e+00
321	6.750086e-01	3.790326e-01	1.942843e+00
322	6.567638e-01	3.176951e-01	1.455300e+00
323	3.230765e-01	4.341152e-01	1.022472e+00
324	5.138689e-01	5.604720e-01	1.734734e+00
325	4.023876e-01	5.704692e-01	2.170493e+00
326	5.706728e-01	6.625201e-01	2.626771e+00
327	6.642635e-01	8.073768e-02	2.342452e+00
328	7.526406e-01	3.922353e-01	1.801172e+00
329	4.445265e-01	4.214403e-01	1.461163e+00
330	3.801161e-01	4.060644e-01	1.730826e+00
331	4.675372e-01	4.841584e-01	2.535906e+00
332	5.697747e-01	6.418300e-01	2.234978e+00
333	4.607070e-01	4.132710e-01	2.740107e+00
334	5.697933e-01	6.897227e-01	2.879824e+00
335	3.813203e-01	4.053583e-01	2.902296e+00
336	6.168693e-01	3.798235e-01	1.495359e+00
337	4.725722e-01	4.432144e-01	2.727406e+00
338	3.550095e-01	4.052005e-01	2.315095e+00
339	6.161004e-01	3.780594e-01	2.528090e+00
340	4.739733e-01	4.812252e-01	2.943332e+00
341	3.788878e-01	4.138265e-01	2.339521e+00
342	4.666419e-01	7.645578e-01	1.752320e+00
343	3.660273e-01	4.344102e-01	2.184172e+00
344	8.905520e-01	3.724528e-01	2.104055e+00
345	4.941862e-01	8.378191e-01	1.408403e+00
346	6.116714e-01	3.825148e-01	2.741085e+00
347	6.248718e-01	3.397630e-01	2.190034e+00
348	3.522324e-01	4.319764e-01	1.921348e+00
349	4.769696e-01	4.348974e-01	1.197362e+00
350	4.749707e-01	4.432948e-01	2.764533e+00
351	4.754975e-01	4.761648e-01	1.541280e+00
352	3.889906e-01	4.255619e-01	1.943820e+00
353	3.960210e-01	3.572431e-01	2.209575e+00
354	3.960435e-01	3.548240e-01	1.017587e+00
355	3.786117e-01	4.202751e-01	1.306790e+00
356	6.265479e-01	3.447113e-01	2.435271e+00
357	4.921340e-01	8.423898e-01	2.530044e+00
358	3.812822e-01	4.300568e-01	1.327308e+00
359	3.848353e-01	4.037911e-01	2.742062e+00
360	9.720288e-01	1.193673e-01	1.358574e+00
361	4.563305e-01	4.954110e-01	2.267220e+00
362	5.351743e-01	1.136744e-01	1.092819e+00
363	6.591481e-01	6.734355e-01	2.073766e+00
364	4.510410e-01	4.143350e-01	2.385442e+00
365	4.455795e-01	6.031720e-01	2.814362e+00
366	3.871982e-01	7.838905e-01	2.371764e+00
367	4.019703e-01	4.248187e-01	2.407914e+00
368	3.949548e-01	4.232893e-01	1.623351e+00
369	4.731496e-01	4.597805e-01	1.573522e+00
370	3.645043e-01	4.100085e-01	2.355154e+00
371	3.655073e-01	4.110831e-01	1.601856e+00
372	4.656735e-01	4.421186e-01	1.526624e+00
373	4.599908e-01	4.917389e-01	1.977040e+00
374	4.766768e-01	4.512798e-01	1.844162e+00
375	4.548875e-01	4.180026e-01	1.286273e+00
376	5.429169e-01	8.211271e-01	1.867611e+00
377	9.992545e-01	2.259007e-01	2.302394e+00
378	4.582722e-01	4.224067e-01	1.008793e+00
379	4.037815e-01	4.245152e-01	2.974597e+00
380	4.240155e-01	5.500363e-01	2.648266e+00
381	6.019693e-01	3.868967e-01	1.543234e+00
382	4.527248e-01	4.142027e-01	1.142648e+00
383	4.303402e-01	1.783149e-01	2.333659e+00
384	4.460496e-01	4.312729e-01	1.567660e+00
385	4.451724e-01	2.075347e-01	2.407914e+00
386	4.409127e-01	2.356049e-01	1.787494e+00
387	3.496655e-01	4.038286e-01	1.712262e+00
388	3.967872e-01	5.785752e-01	1.139717e+00
389	7.465044e-01	8.372491e-01	1.168051e+00
390	4.439406e-01	4.129319e-01	1.407426e+00
391	2.869920e-01	4.110781e-01	1.186615e+00
392	3.607611e-01	3.731252e-01	1.006839e+00
393	5.624982e-01	7.577254e-01	1.235467e+00
394	3.547881e-01	3.898983e-01	2.866146e+00
395	3.887665e-01	4.263023e-01	2.410845e+00
397	4.802272e-01	1.254684e-01	1.531510e+00
398	3.498646e-01	5.729926e-01	2.904250e+00
399	8.178544e-01	3.410012e-01	1.906693e+00
400	3.793119e-01	4.403969e-01	2.772350e+00
401	4.183420e-01	5.098089e-01	1.393747e+00
402	4.091099e-01	3.913842e-01	1.322423e+00
403	5.142707e-01	6.923638e-01	2.872985e+00
404	5.328607e-01	5.633587e-01	1.795310e+00
405	4.568153e-01	4.823872e-01	2.446996e+00
406	5.568197e-01	8.494117e-01	1.495359e+00
407	7.228704e-01	8.600095e-01	1.476795e+00
408	4.053687e-01	4.135475e-01	2.122618e+00
409	3.944081e-01	3.930988e-01	1.518808e+00
410	5.341580e-01	6.577718e-01	1.922325e+00
411	9.177861e-01	3.560361e-01	1.500244e+00
412	3.858415e-01	4.457276e-01	2.882755e+00
413	5.303281e-01	7.143221e-01	2.060088e+00
414	3.902156e-01	3.420920e-01	1.896922e+00
415	9.309658e-01	3.624970e-01	1.257938e+00
416	5.049409e-01	4.741399e-01	1.280410e+00
417	5.042109e-01	4.709040e-01	2.227162e+00
418	3.960782e-01	3.982028e-01	2.758671e+00
419	5.288638e-01	6.839140e-01	2.065950e+00
420	4.918795e-01	4.795476e-01	2.140205e+00
421	4.973922e-01	4.845776e-01	2.755740e+00
422	7.122164e-01	8.541879e-01	1.145579e+00
423	3.991904e-01	4.278818e-01	1.138740e+00
424	4.465435e-01	7.606466e-01	1.944797e+00
425	5.013451e-01	4.667757e-01	1.255984e+00
426	4.066587e-01	3.829597e-01	1.587201e+00
427	3.862321e-01	3.823582e-01	1.785540e+00
428	3.856013e-01	4.082350e-01	2.788959e+00
429	8.549724e-01	4.544942e-01	1.255007e+00
430	4.990718e-01	4.654255e-01	2.813385e+00
431	4.932921e-01	4.750796e-01	2.353200e+00
432	3.736294e-01	5.864850e-01	2.165608e+00
433	4.874997e-01	4.710082e-01	1.696629e+00
434	4.880649e-01	4.553893e-01	2.678554e+00
435	3.661640e-01	3.691891e-01	2.476307e+00
436	4.924331e-01	4.143705e-01	1.274548e+00
437	4.676124e-01	6.910792e-01	1.454323e+00
438	5.640950e-01	6.243505e-01	2.462628e+00
439	3.815094e-01	4.028769e-01	2.689301e+00
440	5.263748e-01	5.558672e-01	2.250611e+00
441	4.562473e-01	1.831492e-01	1.272594e+00
442	9.000234e-01	3.747257e-01	1.700537e+00
443	5.367451e-01	7.052891e-01	1.306790e+00
444	3.717756e-01	4.053933e-01	1.904739e+00
445	3.830223e-01	4.025852e-01	2.173425e+00
446	4.034923e-01	3.860695e-01	2.075721e+00
447	4.908656e-01	4.685812e-01	1.809966e+00
448	4.268370e-01	5.106448e-01	2.105032e+00
449	6.855551e-01	8.735757e-01	2.163654e+00
450	5.017917e-01	4.567498e-01	2.270151e+00
451	3.827860e-01	4.087028e-01	2.602345e+00
452	6.786952e-01	8.749630e-01	2.870054e+00
453	4.563050e-01	5.308639e-01	2.965804e+00
454	4.390904e-01	5.969259e-01	1.648754e+00
455	9.055634e-01	4.356734e-01	2.739130e+00
456	4.179622e-01	3.540283e-01	2.598437e+00
457	3.546704e-01	4.291830e-01	2.737176e+00
458	3.577579e-01	4.248697e-01	2.069858e+00
459	4.492965e-01	5.387514e-01	1.787494e+00
460	9.611598e-01	3.550798e-01	1.604787e+00
461	9.629513e-01	3.574339e-01	1.690767e+00
462	7.205262e-01	8.571569e-01	1.486566e+00
463	6.920800e-01	8.754191e-01	2.920860e+00
464	6.703307e-01	8.496746e-01	2.008305e+00
465	5.243485e-01	6.979332e-01	1.374206e+00
466	4.116555e-01	4.318283e-01	2.722521e+00
467	9.657813e-01	3.541726e-01	2.822179e+00
468	6.707243e-01	8.537578e-01	1.031265e+00
469	5.033393e-01	5.527168e-01	1.923302e+00
470	3.808441e-01	4.010348e-01	2.440156e+00
471	5.134467e-01	4.743608e-01	1.579384e+00
472	5.227338e-01	7.589830e-01	1.672203e+00
473	4.124384e-01	4.302986e-01	2.336590e+00
474	9.505637e-01	4.190909e-01	1.358574e+00
475	3.255053e-01	4.403218e-01	2.716659e+00
476	9.507895e-01	7.382151e-01	1.083048e+00
477	3.873021e-01	4.335807e-01	1.643869e+00
478	3.576704e-01	4.112362e-01	2.909135e+00
479	4.804723e-01	4.296659e-01	1.161212e+00
480	4.000233e-01	6.925168e-01	2.648266e+00
481	3.608533e-01	4.120761e-01	2.193942e+00
482	5.966812e-01	8.264751e-01	1.511969e+00
483	8.969905e-01	7.200465e-01	1.961407e+00
484	3.622239e-01	4.123356e-01	1.802149e+00
485	9.921381e-01	3.279105e-01	2.224231e+00
486	4.942808e-01	4.529534e-01	1.545188e+00
487	5.025546e-01	5.269604e-01	2.279922e+00
488	6.297916e-01	7.035760e-01	1.118222e+00
489	4.899718e-01	4.220242e-01	1.959453e+00
490	3.522801e-01	4.256365e-01	1.738642e+00
491	3.730148e-01	3.930656e-01	2.440156e+00
492	5.635903e-01	5.544358e-01	2.083537e+00
493	3.541774e-01	4.596396e-01	2.392281e+00
494	9.018796e-01	7.117433e-01	1.647777e+00
495	9.349191e-01	2.085296e-01	2.908158e+00
496	2.929927e-01	4.277777e-01	1.087934e+00
497	7.861483e-01	6.617920e-01	2.664875e+00
498	4.915545e-01	4.176097e-01	1.115291e+00
499	3.607258e-01	4.154625e-01	2.144113e+00
500	9.587078e-01	7.266164e-01	1.509038e+00
501	5.208110e-01	5.710616e-01	2.159746e+00
502	5.060031e-01	7.937044e-01	1.170005e+00
503	4.751917e-01	4.522831e-01	1.271617e+00
504	3.012495e-01	4.241690e-01	2.054226e+00
505	7.594404e-01	3.877591e-01	1.765022e+00
506	9.760337e-01	3.289296e-01	2.907181e+00
507	4.867032e-01	4.598552e-01	1.613581e+00
508	8.995094e-01	7.097985e-01	1.288227e+00
509	4.896344e-01	4.808595e-01	2.981436e+00
510	9.500784e-01	7.240094e-01	2.558378e+00
511	5.341795e-01	7.507465e-01	2.231070e+00
512	7.055932e-01	8.831972e-01	1.988764e+00
513	4.646205e-01	7.478520e-01	1.246214e+00
514	7.907298e-01	6.646453e-01	2.521251e+00
515	5.614776e-01	8.310649e-01	1.021495e+00
516	4.698202e-01	5.335767e-01	2.757694e+00
517	4.963689e-01	6.453831e-01	2.084514e+00
518	9.449118e-01	3.472119e-01	2.619932e+00
519	5.344824e-01	7.935223e-01	1.214949e+00
520	5.040365e-01	4.841710e-01	1.586224e+00
521	4.881040e-01	7.424329e-01	1.465071e+00
522	3.812398e-01	4.130367e-01	2.185149e+00
523	7.899370e-01	6.647737e-01	2.483146e+00
524	5.446054e-01	7.808323e-01	2.084514e+00
525	5.451948e-01	7.809223e-01	1.408403e+00
526	5.068931e-01	4.793551e-01	2.352223e+00
527	7.019593e-01	8.787171e-01	1.289204e+00
528	3.204365e-01	4.252006e-01	1.533464e+00
529	4.910933e-01	4.544613e-01	2.446019e+00
530	3.357303e-01	4.610692e-01	2.926722e+00
531	5.477569e-01	7.851484e-01	1.084025e+00
532	9.259063e-01	4.919143e-01	1.648754e+00
533	6.851324e-01	6.231754e-01	2.611138e+00
534	8.559902e-01	7.121985e-01	1.523693e+00
535	6.863642e-01	8.292964e-01	1.941866e+00
536	7.998036e-01	6.690530e-01	1.806058e+00
537	5.220659e-01	7.604132e-01	2.603322e+00
538	9.384867e-01	3.643695e-01	1.485589e+00
539	5.069770e-01	6.229319e-01	2.463605e+00
540	9.548644e-01	3.912402e-01	1.550073e+00
541	8.761706e-01	3.324979e-01	1.212995e+00
542	8.806405e-01	3.301349e-01	2.510503e+00
543	4.037841e-01	4.141292e-01	1.242306e+00
544	3.585127e-01	4.429577e-01	2.037616e+00
545	7.622001e-01	8.881358e-01	1.097704e+00
546	8.413693e-01	6.560642e-01	2.155838e+00
547	4.422369e-01	4.934568e-01	1.646800e+00
548	9.008869e-01	3.127838e-01	2.350269e+00
549	8.742946e-01	7.039583e-01	1.071324e+00
550	6.654864e-01	8.146426e-01	1.082071e+00
551	8.116751e-01	6.543981e-01	1.982902e+00
552	7.617702e-01	2.585240e-01	1.420127e+00
553	4.191959e-01	4.014658e-01	1.878359e+00
554	8.957431e-01	7.469169e-01	2.672692e+00
555	8.938394e-01	4.837456e-01	1.475818e+00
556	4.562093e-01	5.278184e-01	1.212018e+00
557	8.834960e-01	5.083412e-01	1.123107e+00
558	7.023874e-01	8.553673e-01	2.191011e+00
559	8.941891e-01	4.804452e-01	2.766488e+00
560	4.554189e-01	5.281285e-01	1.053737e+00
561	8.782578e-01	3.319053e-01	2.191988e+00
562	4.476711e-01	4.977939e-01	1.044944e+00
563	8.860674e-01	3.322092e-01	2.013190e+00
564	5.119520e-01	7.680355e-01	1.094773e+00
565	7.519978e-01	6.348388e-01	2.268197e+00
566	4.360397e-01	4.883571e-01	1.097704e+00
567	4.406120e-01	5.030016e-01	2.065950e+00
568	8.866574e-01	4.951320e-01	1.836346e+00
569	8.251675e-01	3.425791e-01	2.424524e+00
570	3.554861e-01	4.144717e-01	1.285296e+00
571	6.274159e-01	8.001381e-01	1.729849e+00
572	8.951171e-01	4.939578e-01	1.589155e+00
573	7.213214e-01	3.525979e-01	1.219834e+00
574	6.667237e-01	8.560773e-01	2.220322e+00
575	3.272401e-01	4.162441e-01	1.007816e+00
576	6.998817e-01	5.156437e-01	2.849536e+00
577	3.853840e-01	4.766225e-01	1.483635e+00
578	8.194378e-01	3.399178e-01	2.038593e+00
579	5.111026e-01	4.412194e-01	2.288715e+00
580	3.475507e-01	5.126144e-01	1.581339e+00
581	8.970998e-01	4.884762e-01	2.312164e+00
582	5.636988e-01	2.027313e-01	1.807035e+00
583	5.740902e-01	4.047323e-01	2.197851e+00
584	4.582408e-01	5.861970e-01	1.321446e+00
585	8.979110e-01	4.961998e-01	1.151441e+00
586	3.467501e-01	4.326739e-01	1.521739e+00
587	7.221512e-01	3.502733e-01	2.106009e+00
588	5.061976e-01	5.187291e-01	2.735222e+00
589	8.266891e-01	6.491732e-01	1.890083e+00
590	7.881756e-01	6.966363e-01	2.312164e+00
591	7.178491e-01	3.506009e-01	1.228627e+00
592	4.719108e-01	4.771669e-01	1.098681e+00
593	9.038788e-01	5.107609e-01	2.055203e+00
594	4.506865e-01	4.799465e-01	1.208109e+00
595	4.481213e-01	4.200439e-01	1.270640e+00
596	7.937502e-01	3.996077e-01	1.899853e+00
597	6.907363e-01	8.693319e-01	2.470445e+00
598	6.232847e-01	8.299384e-01	2.960918e+00
599	4.597469e-01	2.814177e-01	2.349292e+00
600	3.576561e-01	4.196832e-01	2.289692e+00
601	5.138047e-01	5.296823e-01	1.889106e+00
602	6.533992e-01	8.590539e-01	1.382022e+00
603	8.765820e-01	3.333623e-01	1.921348e+00
604	8.621968e-01	7.150958e-01	2.320957e+00
605	6.532535e-01	8.588145e-01	2.071812e+00
606	8.914622e-01	4.997042e-01	1.709331e+00
607	4.553750e-01	5.323785e-01	2.792868e+00
608	7.062934e-01	3.404982e-01	1.011724e+00
609	7.085726e-01	3.421504e-01	2.946263e+00
610	8.887586e-01	6.960472e-01	2.191011e+00
611	8.891896e-01	6.955587e-01	2.010259e+00
612	8.661656e-01	7.073926e-01	2.799707e+00
613	8.576715e-01	5.035864e-01	2.796776e+00
614	6.467458e-01	8.485064e-01	2.148021e+00
615	3.843156e-01	5.428684e-01	1.040059e+00
616	6.218742e-01	3.501107e-01	1.645823e+00
617	6.058478e-01	7.854714e-01	1.247191e+00
618	5.793707e-01	5.580858e-01	1.924279e+00
619	3.640444e-01	5.417796e-01	2.144113e+00
620	3.432018e-01	4.336744e-01	1.978994e+00
621	3.438500e-01	4.335607e-01	1.876404e+00
622	6.293566e-01	8.275745e-01	2.515388e+00
623	8.823657e-01	5.081327e-01	1.496336e+00
624	6.791772e-01	6.229693e-01	2.516365e+00
625	8.587986e-01	5.041290e-01	2.747924e+00
626	8.801738e-01	5.128965e-01	1.658525e+00
627	7.049728e-01	3.370060e-01	1.796287e+00
628	6.304685e-01	3.454709e-01	2.237909e+00
629	5.906316e-01	1.418440e-01	1.215926e+00
630	3.414649e-01	4.296754e-01	2.738153e+00
631	9.059216e-01	6.836129e-01	1.821690e+00
632	8.593381e-01	5.087074e-01	2.186126e+00
633	4.586046e-01	4.562060e-01	2.410845e+00
634	3.531846e-01	3.900389e-01	1.236444e+00
635	6.392609e-01	8.485737e-02	1.354665e+00
636	8.283576e-01	6.846044e-01	1.769907e+00
637	3.453170e-01	5.354162e-01	1.903762e+00
638	3.364926e-01	4.337271e-01	2.901319e+00
639	5.077211e-01	4.493905e-01	2.812408e+00
640	5.060931e-01	4.544697e-01	2.842697e+00
641	7.217320e-01	7.660308e-01	1.123107e+00
642	8.586483e-01	4.950989e-01	1.315584e+00
643	6.428368e-01	7.915255e-01	1.957499e+00
644	5.170341e-01	4.529279e-01	2.512457e+00
645	3.575818e-01	5.392191e-01	2.938447e+00
646	9.370472e-01	7.396062e-01	2.430386e+00
647	7.082734e-01	3.393957e-01	2.632633e+00
648	8.674190e-01	5.048453e-01	2.828041e+00
649	3.395611e-01	5.092730e-01	1.725940e+00
650	8.124926e-01	6.939145e-01	2.596483e+00
651	3.355476e-01	5.307515e-01	2.279922e+00
652	3.354696e-01	4.281874e-01	1.312653e+00
653	8.239667e-01	7.186325e-01	1.650708e+00
654	3.461427e-01	4.394076e-01	2.583781e+00
655	8.596730e-01	4.998693e-01	2.629702e+00
656	5.120530e-01	4.463556e-01	1.020518e+00
657	6.024518e-01	8.369279e-01	2.926722e+00
658	3.354895e-01	4.280651e-01	1.672203e+00
659	6.971336e-01	3.398999e-01	2.890572e+00
660	3.507454e-01	4.433325e-01	1.056668e+00
661	5.346028e-01	6.908385e-01	2.433317e+00
662	8.388449e-01	6.275870e-01	1.587201e+00
663	7.364478e-01	7.571152e-01	1.102589e+00
664	3.556399e-01	4.350979e-01	1.106497e+00
665	7.753210e-01	3.769080e-01	1.478749e+00
666	5.863680e-01	8.195589e-01	2.910112e+00
667	5.384933e-01	6.488754e-01	1.068393e+00
668	3.390847e-01	4.439153e-01	2.941378e+00
669	8.581686e-01	5.152836e-01	1.434783e+00
670	5.149162e-01	4.449103e-01	2.181241e+00
671	3.950090e-01	4.545434e-01	1.950660e+00
672	3.376516e-01	5.439768e-01	2.817294e+00
673	7.020310e-01	3.447716e-01	2.537860e+00
674	6.104246e-01	1.840928e-01	2.760625e+00
675	4.979476e-01	4.220793e-01	1.672203e+00
676	5.146591e-01	6.994903e-01	2.255496e+00
677	7.962745e-01	7.029176e-01	2.304348e+00
678	5.359580e-01	7.734612e-01	2.169516e+00
679	5.044489e-01	4.236375e-01	1.255984e+00
680	4.371501e-01	4.890339e-01	1.235467e+00
681	6.873938e-01	3.412833e-01	1.978994e+00
682	8.031872e-01	7.176573e-01	1.492428e+00
683	3.392675e-01	4.812576e-01	1.367367e+00
684	4.155335e-01	4.170093e-01	2.766488e+00
685	6.709634e-01	3.507185e-01	2.958964e+00
686	7.900330e-01	7.327589e-01	1.866634e+00
687	7.317668e-01	5.939295e-01	1.147533e+00
688	8.488820e-01	5.186297e-01	2.785051e+00
689	5.498598e-01	8.194352e-01	2.172447e+00
690	8.234387e-01	7.842297e-01	2.112848e+00
691	5.136144e-01	6.885166e-01	2.362970e+00
692	8.143036e-01	5.054160e-01	2.950171e+00
693	4.855595e-01	6.496279e-01	1.209086e+00
694	8.716013e-01	7.199493e-01	1.073278e+00
695	4.552153e-01	3.980994e-01	1.394724e+00
696	3.271834e-01	4.406691e-01	2.200782e+00
697	5.020317e-01	5.027741e-01	1.453346e+00
698	5.087890e-01	6.558380e-01	1.420127e+00
699	7.907566e-01	3.703827e-01	1.126038e+00
700	8.294098e-01	7.248638e-01	2.623840e+00
701	8.125964e-01	7.019704e-01	2.132389e+00
702	8.088082e-01	5.122433e-01	1.992672e+00
703	5.107629e-01	5.022290e-01	2.173425e+00
704	8.326120e-01	4.031745e-01	1.965315e+00
705	8.185744e-01	5.053733e-01	1.322423e+00
706	8.119194e-01	7.027063e-01	1.190523e+00
707	5.124118e-01	6.546683e-01	1.444553e+00
708	8.233886e-01	7.189089e-01	1.350757e+00
709	4.735417e-01	6.385506e-01	2.259404e+00
710	8.199445e-01	5.160646e-01	2.118710e+00
711	5.214326e-01	6.590910e-01	1.732780e+00
712	3.638643e-01	4.156231e-01	2.027846e+00
713	5.376231e-01	4.989548e-01	1.011724e+00
714	5.536448e-01	4.760426e-01	1.006839e+00
715	8.221371e-01	7.207147e-01	2.634587e+00
716	6.620383e-01	7.809364e-01	1.222765e+00
717	5.630441e-01	5.328736e-01	1.120176e+00
718	4.776683e-01	4.765653e-01	1.045921e+00
719	3.642018e-01	4.650922e-01	2.993161e+00
720	8.631386e-01	2.240946e-01	2.639472e+00
721	7.908536e-01	6.662889e-01	2.088422e+00
722	5.281669e-01	6.444213e-01	3.000000e+00
723	5.795899e-01	5.956333e-01	2.970689e+00
724	5.777481e-01	1.964166e-01	1.185638e+00
725	4.833924e-01	4.836947e-01	1.774792e+00
726	3.638498e-01	4.631089e-01	1.883244e+00
727	3.924699e-01	6.022877e-01	2.623840e+00
728	3.229958e-01	6.987615e-01	1.694675e+00
729	5.427893e-01	6.606048e-01	2.360039e+00
730	8.444447e-01	5.139001e-01	2.774304e+00
731	9.505998e-01	7.058038e-01	1.332193e+00
732	4.932646e-01	4.901724e-01	2.760625e+00
733	8.130787e-01	5.221595e-01	2.211529e+00
734	5.310688e-01	6.409350e-01	2.745970e+00
735	3.368780e-01	4.929110e-01	1.817782e+00
736	3.430642e-01	5.078172e-01	2.519297e+00
737	3.238695e-01	6.966184e-01	2.214460e+00
738	5.774814e-01	5.777197e-01	2.439179e+00
739	3.568304e-01	4.647995e-01	2.870054e+00
740	5.417373e-01	6.610025e-01	1.413288e+00
741	8.330106e-01	5.135213e-01	1.930142e+00
742	8.852685e-01	6.905660e-01	1.151441e+00
743	8.513582e-01	4.989457e-01	2.207621e+00
744	7.859240e-01	3.682716e-01	1.188569e+00
745	5.120282e-01	6.367094e-01	2.548608e+00
746	5.056536e-01	5.012386e-01	2.561309e+00
747	5.252107e-01	6.488753e-01	2.958964e+00
748	3.482378e-01	4.925185e-01	1.332193e+00
749	7.948545e-01	6.933230e-01	2.127504e+00
750	7.572719e-01	7.143176e-01	1.373229e+00
751	3.217896e-01	6.945962e-01	2.462628e+00
752	5.198978e-01	6.475756e-01	2.852467e+00
753	5.600439e-01	5.295997e-01	2.411822e+00
754	8.754278e-01	6.816997e-01	2.861260e+00
755	8.716125e-01	6.836860e-01	1.915486e+00
756	9.104835e-01	2.934991e-01	2.924768e+00
757	5.303026e-01	6.444017e-01	2.571080e+00
758	7.508513e-01	7.151188e-01	1.398632e+00
759	4.982132e-01	5.318766e-01	1.922325e+00
760	7.967523e-01	5.269223e-01	2.345383e+00
761	8.471708e-01	1.512746e-01	1.549096e+00
762	8.810883e-01	4.364297e-01	1.349780e+00
763	8.305367e-01	5.139333e-01	1.225696e+00
764	5.704034e-01	5.273655e-01	2.676600e+00
765	3.141264e-01	5.241841e-01	1.760137e+00
766	4.082190e-01	6.788762e-01	2.299463e+00
767	7.659272e-01	3.083660e-01	2.943332e+00
768	8.256696e-01	7.289807e-01	1.898876e+00
769	9.174208e-01	6.801995e-01	1.440645e+00
770	5.498315e-01	4.916556e-01	1.634099e+00
771	3.214977e-01	5.192026e-01	2.033708e+00
772	8.025718e-01	5.312613e-01	2.201759e+00
773	7.982906e-01	5.245704e-01	1.634099e+00
774	5.896521e-01	6.568795e-01	2.382511e+00
775	5.314111e-01	5.167101e-01	1.186615e+00
776	7.934236e-01	5.313123e-01	1.026380e+00
777	7.947085e-01	5.300531e-01	2.632633e+00
778	9.454877e-01	2.462832e-01	2.242794e+00
779	3.219310e-01	6.946526e-01	2.059111e+00
780	6.125594e-01	3.238109e-01	2.211529e+00
781	5.025288e-01	4.480656e-01	1.969223e+00
782	8.233014e-01	2.335678e-01	1.041036e+00
783	6.138915e-01	3.213604e-01	2.660967e+00
784	6.096299e-01	3.245204e-01	1.264778e+00
785	9.595492e-01	2.824231e-01	2.700049e+00
786	6.125554e-01	3.269030e-01	2.458720e+00
787	6.468457e-01	3.808995e-01	2.456766e+00
788	7.694838e-01	5.341041e-01	2.337567e+00
789	4.881610e-01	3.252413e-01	1.259893e+00
790	6.527673e-01	3.467434e-01	2.648266e+00
791	9.392214e-01	5.468730e-01	2.446019e+00
792	4.356653e-01	6.156766e-01	2.183195e+00
793	7.100904e-01	6.886286e-01	1.050806e+00
794	8.977248e-01	1.795642e-01	1.936004e+00
795	7.959185e-01	7.153501e-01	2.344406e+00
796	4.973804e-01	3.330813e-01	1.929165e+00
797	7.979823e-01	3.013723e-01	1.657548e+00
798	6.143878e-01	3.293099e-01	2.224231e+00
799	7.967208e-01	3.030228e-01	2.911089e+00
800	3.917009e-01	6.636171e-01	1.419150e+00
801	5.808461e-01	6.386222e-01	1.386908e+00
802	3.189815e-01	7.108601e-01	1.342941e+00
803	4.861378e-01	4.114918e-01	1.537372e+00
804	4.339915e-01	6.140967e-01	2.935515e+00
805	6.340768e-01	3.179466e-01	1.399609e+00
806	4.435535e-01	6.125023e-01	2.243771e+00
807	4.860065e-01	4.103957e-01	2.256473e+00
808	8.620480e-01	5.042447e-01	1.923302e+00
809	3.444633e-01	5.310316e-01	1.851979e+00
810	4.909627e-01	4.108431e-01	1.418173e+00
811	5.019701e-01	3.354830e-01	1.005862e+00
812	3.500897e-01	6.830777e-01	1.509038e+00
813	4.853186e-01	5.320440e-01	1.317538e+00
814	4.820626e-01	4.033508e-01	1.980948e+00
815	6.154808e-01	3.396333e-01	2.222277e+00
816	3.863716e-01	6.561866e-01	2.837811e+00
817	4.352370e-01	6.158503e-01	2.277968e+00
818	5.007059e-01	3.417034e-01	2.452858e+00
819	3.173306e-01	7.091562e-01	2.862237e+00
820	3.599653e-01	6.901123e-01	1.611627e+00
821	6.213280e-01	3.367961e-01	1.969223e+00
822	4.588736e-01	3.991651e-01	1.106497e+00
823	6.179311e-01	3.391008e-01	1.281387e+00
824	7.159805e-01	2.740996e-01	2.533952e+00
825	4.393608e-01	5.314101e-01	1.889106e+00
826	3.101734e-01	7.101673e-01	2.329751e+00
827	6.317787e-01	3.235298e-01	2.298486e+00
828	3.221638e-01	7.090138e-01	2.558378e+00
829	5.058822e-01	6.362838e-01	2.571080e+00
830	8.209785e-01	3.047090e-01	2.843674e+00
831	6.771390e-01	3.040107e-01	2.940401e+00
832	5.087655e-01	6.386229e-01	1.401563e+00
833	4.166601e-01	5.282342e-01	2.862237e+00
834	3.272694e-01	7.084731e-01	2.032731e+00
835	3.958919e-01	6.572874e-01	2.241817e+00
836	4.192401e-01	6.378634e-01	2.984367e+00
837	5.797590e-01	3.537428e-01	2.499756e+00
838	5.487611e-01	5.565747e-01	1.435760e+00
839	3.281529e-01	7.049355e-01	2.121641e+00
840	3.167484e-01	7.053417e-01	1.914509e+00
841	4.954337e-01	3.074862e-01	2.920860e+00
842	4.867441e-01	3.263603e-01	1.905716e+00
843	4.444663e-01	5.186436e-01	1.081094e+00
844	4.136042e-01	3.342112e-01	1.834392e+00
845	5.088460e-01	6.421444e-01	2.002443e+00
846	4.525712e-01	3.153597e-01	1.444553e+00
847	6.167961e-01	3.124622e-01	1.358574e+00
848	6.620371e-01	3.021166e-01	1.159257e+00
849	4.925487e-01	3.301773e-01	1.700537e+00
850	4.526256e-01	5.167834e-01	2.943332e+00
851	5.272449e-01	7.260006e-01	1.835369e+00
852	3.152596e-01	7.038328e-01	1.151441e+00
853	7.892195e-01	1.595857e-01	1.016610e+00
854	8.755557e-01	2.885627e-01	1.116268e+00
855	5.516035e-01	5.505665e-01	1.556913e+00
856	4.946047e-01	4.030832e-01	2.148999e+00
857	4.224120e-01	3.364245e-01	2.275037e+00
858	5.018538e-01	3.090681e-01	2.697118e+00
859	5.089943e-01	5.416356e-01	1.516854e+00
860	9.049067e-01	3.168004e-01	2.008305e+00
861	5.719354e-01	7.710963e-01	2.208598e+00
862	2.075386e-01	7.604042e-01	1.461163e+00
863	5.574038e-01	7.065148e-01	1.298974e+00
864	4.784818e-01	2.776585e-01	2.787005e+00
865	4.984926e-01	3.988735e-01	2.812408e+00
866	3.845635e-01	6.807588e-01	1.940889e+00
867	4.737521e-01	3.118339e-01	2.656082e+00
868	4.196558e-01	5.265294e-01	1.982902e+00
869	5.114096e-01	6.420970e-01	2.681485e+00
870	4.204168e-01	5.312272e-01	1.810943e+00
871	7.936672e-01	2.519210e-01	1.128969e+00
872	2.877120e-01	7.170019e-01	1.715193e+00
873	3.288037e-01	7.179965e-01	1.012702e+00
874	8.414075e-01	2.177054e-01	1.760137e+00
875	8.697053e-01	3.051575e-01	1.942843e+00
876	6.943186e-01	7.560049e-01	1.048852e+00
877	4.940677e-01	3.165661e-01	2.221299e+00
878	4.894947e-01	2.421769e-01	2.718613e+00
879	2.027720e-01	7.694588e-01	2.131412e+00
880	5.671578e-01	7.412857e-01	1.519785e+00
881	4.068081e-01	3.463113e-01	2.234001e+00
882	5.259589e-01	7.253309e-01	2.591597e+00
883	4.072224e-01	3.408056e-01	1.553981e+00
884	4.825382e-01	2.810115e-01	1.560821e+00
885	5.002551e-01	3.200898e-01	2.672692e+00
886	5.733670e-01	5.508855e-01	1.471910e+00
887	6.734821e-01	7.607025e-01	2.330728e+00
888	5.033093e-01	3.732584e-01	2.205667e+00
889	5.796989e-01	5.501423e-01	2.599414e+00
890	2.874129e-01	7.206885e-01	2.873962e+00
891	4.868221e-01	2.546489e-01	2.733268e+00
892	2.852328e-01	7.187102e-01	1.692721e+00
893	5.947620e-01	5.977420e-01	1.432829e+00
894	4.724229e-01	2.741917e-01	1.474841e+00
895	5.741928e-01	7.003114e-01	2.914998e+00
896	6.464254e-01	6.293048e-01	1.508061e+00
897	5.045598e-01	3.400689e-01	1.455300e+00
898	5.600250e-01	5.971132e-01	1.036150e+00
899	4.124501e-01	3.342538e-01	1.672203e+00
900	7.888808e-01	3.783020e-01	2.243771e+00
901	9.133637e-01	2.860064e-01	2.969712e+00
902	6.816496e-01	7.608905e-01	1.144602e+00
903	5.549736e-01	6.479815e-01	1.903762e+00
904	5.173805e-01	7.319805e-01	1.642892e+00
905	4.830901e-01	2.507038e-01	2.315095e+00
906	4.855982e-01	2.377835e-01	2.044455e+00
907	4.819926e-01	6.694071e-01	1.438691e+00
908	4.467132e-01	6.145526e-01	1.001954e+00
909	3.927174e-01	3.247842e-01	1.146556e+00
910	9.074370e-01	4.157011e-01	1.435760e+00
911	5.359804e-01	6.687091e-01	2.471422e+00
912	3.898307e-01	3.294722e-01	2.209575e+00
913	5.364968e-01	7.441117e-01	2.042501e+00
914	5.330562e-01	5.107791e-01	1.936004e+00
915	4.463898e-01	6.161852e-01	2.843674e+00
916	6.460073e-01	3.568492e-01	1.057645e+00
917	4.976126e-01	6.989990e-01	2.896434e+00
918	6.461121e-01	3.588096e-01	2.112848e+00
919	5.071609e-01	5.905974e-01	2.553493e+00
920	5.541752e-01	7.300406e-01	2.301417e+00
921	5.559152e-01	6.067989e-01	1.271617e+00
922	4.683584e-01	2.953175e-01	2.916952e+00
923	4.778354e-01	4.393408e-01	1.081094e+00
924	5.103864e-01	7.213328e-01	2.581827e+00
925	4.899109e-01	3.060661e-01	1.394724e+00
926	4.812988e-01	3.210709e-01	1.289204e+00
927	5.161803e-01	6.585935e-01	1.961407e+00
928	2.449735e-01	7.571688e-01	2.792868e+00
929	4.774874e-01	3.243450e-01	1.743527e+00
930	3.847751e-01	3.376252e-01	2.718613e+00
931	4.158351e-01	4.876169e-01	1.908647e+00
932	5.186988e-01	5.270732e-01	1.399609e+00
933	3.991088e-01	3.265798e-01	2.980459e+00
934	2.807845e-01	7.500257e-01	2.603322e+00
935	3.620275e-01	7.271162e-01	2.267220e+00
936	5.567900e-01	5.884845e-01	1.400586e+00
937	3.616600e-01	7.268952e-01	2.249634e+00
938	4.580497e-01	3.536247e-01	1.248168e+00
939	5.497228e-01	5.159634e-01	1.234489e+00
940	5.204286e-01	6.784253e-01	2.559355e+00
941	4.239549e-01	3.625385e-01	2.848559e+00
942	5.185057e-01	6.765629e-01	1.495359e+00
943	3.994580e-01	3.262078e-01	2.346361e+00
944	4.377915e-01	2.658541e-01	1.812897e+00
945	4.890300e-01	3.127265e-01	2.016121e+00
946	4.382371e-01	5.151887e-01	1.676111e+00
947	5.163840e-01	6.568924e-01	1.307767e+00
948	5.163613e-01	4.098454e-01	1.727894e+00
949	4.605538e-01	2.823368e-01	1.587201e+00
950	4.697459e-01	2.961108e-01	2.820225e+00
951	5.181671e-01	6.752199e-01	2.234978e+00
952	6.726487e-01	3.316494e-01	2.393258e+00
953	4.567330e-01	5.224896e-01	1.537372e+00
954	4.894680e-01	5.260041e-01	2.814362e+00
955	4.555621e-01	4.297251e-01	2.472399e+00
956	5.367171e-01	5.140235e-01	2.402052e+00
957	5.380627e-01	5.118822e-01	2.220322e+00
958	5.216828e-01	6.504271e-01	1.127992e+00
959	4.399634e-01	5.045398e-01	1.184660e+00
960	4.620454e-01	5.171567e-01	1.655594e+00
961	5.577875e-01	5.227770e-01	2.473376e+00
962	5.391229e-01	5.119710e-01	2.125550e+00
963	5.349632e-01	7.565467e-01	1.407426e+00
964	2.248192e-01	3.432661e-01	1.067416e+00
965	3.902318e-01	3.303867e-01	1.183683e+00
966	5.232780e-01	6.524607e-01	1.849047e+00
967	5.479870e-01	5.136975e-01	1.107474e+00
968	6.963566e-01	3.159850e-01	2.902296e+00
969	4.823104e-01	4.412738e-01	2.884709e+00
970	4.897803e-01	6.248260e-01	2.418661e+00
971	5.344936e-01	5.140618e-01	2.088422e+00
972	4.177351e-01	3.345923e-01	1.675134e+00
973	6.201975e-01	3.172924e-01	1.717147e+00
974	4.169812e-01	3.346096e-01	1.874450e+00
975	4.045011e-01	3.356362e-01	2.744993e+00
976	2.837011e-01	3.315310e-01	1.101612e+00
977	5.516689e-01	5.205519e-01	1.860772e+00
978	4.391506e-01	3.988415e-01	1.997557e+00
979	4.386163e-01	3.841467e-01	2.080606e+00
980	4.364075e-01	4.025323e-01	1.262824e+00
981	4.376353e-01	3.838177e-01	1.952614e+00
982	5.761243e-01	4.838459e-01	1.681974e+00
983	4.097333e-01	4.768005e-01	2.354177e+00
984	4.116797e-01	3.254304e-01	2.705911e+00
985	4.372862e-01	3.897920e-01	1.297997e+00
986	4.411488e-01	3.924010e-01	1.593063e+00
987	5.723781e-01	5.323001e-01	2.944309e+00
988	4.352455e-01	3.871227e-01	2.695164e+00
989	4.202067e-01	3.360712e-01	1.071324e+00
990	3.968482e-01	3.197620e-01	2.562286e+00
991	5.133626e-01	6.390363e-01	1.097704e+00
992	4.185055e-01	3.982418e-01	2.033708e+00
993	4.597298e-01	2.980448e-01	1.891060e+00
994	4.485315e-01	4.488689e-01	1.226673e+00
995	5.469051e-01	6.157694e-01	2.096238e+00
996	3.994843e-01	3.240851e-01	2.234978e+00
997	3.646727e-01	2.448349e-01	2.601368e+00
998	5.402638e-01	6.139081e-01	2.107963e+00
999	4.353203e-01	3.104372e-01	1.499267e+00
1000	3.446996e-01	4.251113e-01	1.192477e+00
1001	4.891418e-01	3.422901e-01	2.937469e+00
1002	4.660011e-01	3.349658e-01	1.183683e+00
1003	3.275967e-01	3.705811e-01	1.053737e+00
1004	3.224694e-01	3.709485e-01	1.540303e+00
1005	4.102873e-01	3.502163e-01	1.446507e+00
1006	4.028645e-01	3.491712e-01	2.942355e+00
1007	4.617252e-01	5.090586e-01	2.766488e+00
1008	4.303979e-01	3.147463e-01	2.502687e+00
1009	4.504966e-01	5.103633e-01	2.005374e+00
1010	5.390455e-01	7.579842e-01	1.627259e+00
1011	3.081520e-01	2.829603e-01	1.217880e+00
1012	3.190677e-01	3.715585e-01	1.148510e+00
1013	3.034264e-01	3.887813e-01	2.778212e+00
1014	5.715412e-01	5.164157e-01	1.774792e+00
1015	5.018456e-01	3.742871e-01	1.070347e+00
1016	4.404243e-01	4.799781e-01	2.073766e+00
1017	3.558293e-01	2.568551e-01	2.753786e+00
1018	5.740715e-01	5.173325e-01	2.888617e+00
1019	5.179009e-01	6.271650e-01	2.135320e+00
1020	2.394482e-01	3.557048e-01	2.933561e+00
1021	5.792245e-01	5.131571e-01	1.530532e+00
1022	5.294971e-01	6.205716e-01	1.125061e+00
1023	5.007867e-01	3.727166e-01	1.849047e+00
1024	3.752212e-01	4.382599e-01	1.952614e+00
1025	2.884949e-01	3.778816e-01	2.357108e+00
1026	3.468807e-01	4.227393e-01	2.956033e+00
1027	3.458500e-01	4.222339e-01	2.441133e+00
1028	4.000552e-01	3.470278e-01	2.395213e+00
1029	4.328647e-01	3.903766e-01	2.361993e+00
1030	3.927731e-01	3.542115e-01	2.494871e+00
1031	5.685536e-01	5.087366e-01	2.136297e+00
1032	4.292130e-01	3.539711e-01	2.439179e+00
1033	4.432545e-01	5.103129e-01	2.826087e+00
1034	4.409049e-01	4.032046e-01	1.697606e+00
1035	4.345861e-01	3.659331e-01	2.755740e+00
1036	4.674369e-01	5.277767e-01	1.542257e+00
1037	4.824557e-01	2.220736e-01	1.505129e+00
1038	4.706337e-01	5.357313e-01	1.581339e+00
1039	4.145903e-01	4.192601e-01	1.295066e+00
1040	3.128791e-01	3.746275e-01	2.208598e+00
1041	5.821642e-01	4.693061e-01	2.112848e+00
1042	5.700304e-01	5.183117e-01	2.228139e+00
1043	4.315278e-01	3.531705e-01	2.269174e+00
1044	4.692268e-01	5.319702e-01	2.771373e+00
1045	4.698963e-01	5.318170e-01	1.791402e+00
1046	5.541621e-01	4.984576e-01	1.061553e+00
1047	3.236482e-01	3.543581e-01	2.832926e+00
1048	2.831632e-01	3.435986e-01	1.816805e+00
1049	4.204446e-01	4.234374e-01	1.827553e+00
1050	2.634034e-01	3.319359e-01	1.618466e+00
1051	4.305058e-01	3.496967e-01	1.144602e+00
1052	3.663198e-01	4.252962e-01	1.867611e+00
1053	4.328916e-01	3.508654e-01	2.828041e+00
1054	2.387168e-01	3.203235e-01	1.002931e+00
1055	4.490935e-01	3.070361e-01	1.981925e+00
1056	5.814513e-01	5.213983e-01	2.776258e+00
1057	5.147131e-01	2.679467e-01	1.376160e+00
1058	4.999459e-01	4.605814e-01	1.646800e+00
1059	4.343015e-01	4.163820e-01	2.625794e+00
1060	2.164405e-01	2.277813e-01	1.274548e+00
1061	4.321526e-01	3.323146e-01	2.682462e+00
1062	2.172929e-01	2.213474e-01	1.342941e+00
1063	4.628343e-01	3.376455e-01	2.836834e+00
1064	3.477142e-01	4.357530e-01	2.172447e+00
1065	4.332563e-01	3.470628e-01	1.674157e+00
1066	1.601167e-01	5.642175e-01	2.245725e+00
1067	3.996936e-01	3.777394e-01	1.950660e+00
1068	4.878320e-01	2.310695e-01	2.468490e+00
1069	4.448124e-01	4.990852e-01	2.561309e+00
1070	4.893963e-01	3.674287e-01	1.900830e+00
1071	4.091369e-01	3.444090e-01	1.683928e+00
1072	4.353934e-01	3.468208e-01	1.636053e+00
1073	5.663167e-01	5.190154e-01	2.679531e+00
1074	5.783531e-01	5.105106e-01	1.704446e+00
1075	5.754606e-01	5.136212e-01	2.700049e+00
1076	4.714334e-01	4.783348e-01	2.720567e+00
1077	2.808418e-01	3.608072e-01	2.315095e+00
1078	4.468276e-01	3.077225e-01	1.895945e+00
1079	3.025257e-01	4.853625e-01	2.224231e+00
1080	4.833462e-01	3.860218e-01	2.815340e+00
1081	4.142460e-01	6.554119e-01	2.858329e+00
1082	5.534446e-01	5.147559e-01	1.717147e+00
1083	3.990363e-01	3.740543e-01	2.173425e+00
1084	4.839829e-01	3.486404e-01	2.585735e+00
1085	4.227569e-01	3.529930e-01	2.657059e+00
1086	4.085784e-01	4.259051e-01	2.276991e+00
1087	4.029612e-01	3.852031e-01	2.162677e+00
1088	1.479617e-01	3.048994e-01	2.400098e+00
1089	3.405052e-01	5.354706e-01	2.195896e+00
1090	4.878719e-01	3.909763e-01	1.145579e+00
1091	4.823738e-01	2.634398e-01	2.082560e+00
1092	3.918715e-01	7.109399e-01	1.276502e+00
1093	2.947346e-01	2.145781e-01	2.930630e+00
1094	5.743706e-01	5.371135e-01	2.548608e+00
1095	5.734419e-01	5.365488e-01	2.239863e+00
1096	5.719178e-01	4.851651e-01	2.051295e+00
1097	3.926291e-01	4.600823e-01	1.422081e+00
1098	1.514924e-01	5.733858e-01	2.905227e+00
1099	5.485725e-01	5.376037e-01	2.954079e+00
1100	3.055261e-01	4.308090e-01	1.329262e+00
1101	4.360267e-01	4.137963e-01	2.976551e+00
1102	4.353053e-01	4.141702e-01	2.951148e+00
1103	5.709385e-01	5.315134e-01	2.518319e+00
1104	5.786280e-01	4.935380e-01	2.981436e+00
1105	4.159299e-01	3.545885e-01	2.454812e+00
1106	4.570542e-01	3.361724e-01	2.609184e+00
1107	4.073917e-01	3.425922e-01	2.993161e+00
1108	4.967430e-01	6.084129e-01	1.934050e+00
1109	1.776224e-01	3.336427e-01	2.057157e+00
1110	4.172681e-01	3.502357e-01	2.075721e+00
1111	3.350660e-01	8.300157e-01	2.844651e+00
1112	4.567075e-01	3.394238e-01	2.393258e+00
1113	4.268749e-01	3.963156e-01	2.895457e+00
1114	5.742824e-01	5.175669e-01	2.862237e+00
1115	1.178328e-01	2.937864e-01	1.786517e+00
1116	4.810384e-01	3.645894e-01	2.458720e+00
1117	2.882824e-01	5.566154e-01	2.796776e+00
1118	3.368250e-01	4.336942e-01	2.902296e+00
1119	4.378630e-01	4.203447e-01	1.758183e+00
1120	1.726266e-01	3.336311e-01	1.027357e+00
1121	4.506040e-01	3.400971e-01	1.007816e+00
1122	5.256558e-01	5.311578e-01	1.749389e+00
1123	6.199072e-01	5.818567e-01	2.521251e+00
1124	4.084382e-01	4.226190e-01	2.923791e+00
1125	2.922070e-01	5.887447e-01	1.164143e+00
1126	3.871265e-01	5.129790e-01	1.873473e+00
1127	6.275327e-01	5.836507e-01	2.126527e+00
1128	4.288199e-01	6.290058e-01	1.273571e+00
1129	4.623904e-01	5.745218e-01	2.563263e+00
1130	4.489450e-01	3.327646e-01	1.869565e+00
1131	4.383866e-01	3.817852e-01	1.325354e+00
1132	4.352179e-01	3.688224e-01	2.111871e+00
1133	4.592576e-01	3.377168e-01	2.736199e+00
1134	3.893172e-01	5.111760e-01	2.436248e+00
1135	4.165445e-01	3.455723e-01	1.894968e+00
1136	2.724948e-01	4.568772e-01	1.706400e+00
1137	3.067007e-01	5.777730e-01	2.099170e+00
1138	5.270548e-01	4.919625e-01	1.904739e+00
1139	4.238619e-01	3.521344e-01	2.138251e+00
1140	3.020193e-01	5.729301e-01	2.196873e+00
1141	5.808301e-01	5.188387e-01	2.827064e+00
1142	4.298591e-01	3.366918e-01	2.310210e+00
1143	4.909340e-01	5.406837e-01	1.335125e+00
1144	5.189685e-01	5.076678e-01	2.974597e+00
1145	6.203092e-01	5.188536e-01	2.719590e+00
1146	2.999695e-01	5.665353e-01	1.246214e+00
1147	5.585608e-01	6.203119e-01	2.170493e+00
1148	5.421847e-01	4.955431e-01	1.166097e+00
1149	3.111264e-01	5.675752e-01	1.371275e+00
1150	5.119146e-01	5.065203e-01	2.399121e+00
1151	2.213069e-01	3.536705e-01	2.064973e+00
1152	4.508413e-01	3.556975e-01	1.170005e+00
1153	5.275839e-01	5.493974e-01	2.560332e+00
1154	3.777493e-01	5.037742e-01	1.782609e+00
1155	3.110599e-01	5.102348e-01	2.902296e+00
1156	5.554629e-01	5.604127e-01	3.000000e+00
1157	3.743169e-01	4.840810e-01	1.047875e+00
1158	1.414236e-01	3.256634e-01	1.680997e+00
1159	4.479816e-01	3.275364e-01	1.893014e+00
1160	2.855574e-01	5.181933e-01	1.280410e+00
1161	2.426037e-01	5.766852e-01	2.497802e+00
1162	4.241152e-01	3.543731e-01	1.655594e+00
1163	4.534667e-01	3.557240e-01	2.885686e+00
1164	3.260136e-01	5.398068e-01	2.573034e+00
1165	7.690366e-01	5.952818e-01	1.423058e+00
1166	3.529192e-01	5.442206e-01	2.524182e+00
1167	5.466630e-01	4.717741e-01	2.076698e+00
1168	3.655946e-01	4.765178e-01	2.651197e+00
1169	4.512217e-01	3.608469e-01	1.767953e+00
1170	2.752683e-01	1.308079e-01	2.334636e+00
1171	4.460897e-01	3.533619e-01	1.411334e+00
1172	1.316135e-01	3.222226e-01	1.397655e+00
1173	2.763343e-01	1.258669e-01	1.642892e+00
1174	4.118380e-01	6.018393e-01	1.842208e+00
1175	2.325456e-01	4.454611e-01	2.734245e+00
1176	4.046502e-01	6.164550e-01	1.146556e+00
1177	5.438272e-01	4.898544e-01	2.650220e+00
1178	3.329801e-01	5.336311e-01	2.899365e+00
1179	2.278628e-01	4.448147e-01	2.624817e+00
1180	5.350308e-01	4.987218e-01	2.791891e+00
1181	4.657178e-01	6.489861e-01	1.443576e+00
1182	1.468006e-01	3.359938e-01	2.535906e+00
1183	2.197962e-01	4.433448e-01	2.008305e+00
1184	5.444402e-01	4.055759e-01	1.156326e+00
1185	4.706662e-01	6.374326e-01	2.619932e+00
1186	2.508400e-01	4.423861e-01	1.445530e+00
1187	4.648326e-01	6.497831e-01	1.825598e+00
1188	3.346567e-01	5.246411e-01	1.490474e+00
1189	5.252125e-01	4.922348e-01	2.922814e+00
1190	1.406306e-01	3.288553e-01	2.004397e+00
1191	3.367353e-01	4.764188e-01	1.455300e+00
1192	5.826483e-01	4.672408e-01	1.888129e+00
1193	4.284118e-01	6.817328e-01	2.954079e+00
1194	3.543823e-01	5.096089e-01	2.640449e+00
1195	2.279431e-01	4.438102e-01	1.257938e+00
1196	2.512682e-01	4.480094e-01	2.626771e+00
1197	4.843942e-01	3.078409e-01	1.746458e+00
1198	4.058810e-01	5.886537e-01	1.221788e+00
1199	5.421299e-01	3.703510e-01	1.347826e+00
1200	4.682280e-01	3.226732e-01	2.531021e+00
1201	4.834983e-01	6.244367e-01	2.870054e+00
1202	4.822028e-01	6.238693e-01	3.000000e+00
1203	2.766124e-01	5.741843e-01	1.818759e+00
1204	4.668768e-01	3.368244e-01	1.163166e+00
1205	6.545949e-01	3.032470e-01	2.823156e+00
1206	4.061887e-01	5.972379e-01	1.397655e+00
1207	4.617279e-01	3.259570e-01	1.317538e+00
1208	5.137338e-01	4.844734e-01	1.383000e+00
1209	7.148155e-01	6.805527e-01	1.071324e+00
1210	3.930123e-01	3.340688e-01	2.850513e+00
1211	4.641746e-01	3.266056e-01	2.454812e+00
1212	2.673146e-01	4.422306e-01	2.031754e+00
1213	5.328972e-01	3.775833e-01	1.637030e+00
1214	5.262052e-01	4.659548e-01	2.955056e+00
1215	5.243265e-01	5.755952e-01	2.632633e+00
1216	2.568747e-01	4.467498e-01	1.953591e+00
1217	5.558715e-01	5.058108e-01	2.460674e+00
1218	2.043702e-01	5.348699e-01	1.196385e+00
1219	7.145769e-01	6.578259e-01	2.442110e+00
1220	4.594481e-01	3.219189e-01	2.021006e+00
1221	1.903062e-01	3.800198e-01	2.527113e+00
1222	2.750350e-01	4.457701e-01	2.543723e+00
1223	4.060311e-01	6.536491e-01	1.703468e+00
1224	4.858104e-01	6.100404e-01	1.115291e+00
1225	7.028580e-01	3.297623e-01	2.950171e+00
1226	4.778869e-01	6.225931e-01	2.105032e+00
1227	5.422244e-01	4.914148e-01	2.441133e+00
1228	4.717765e-01	6.293977e-01	2.604299e+00
1229	4.739142e-01	6.252656e-01	2.390327e+00
1230	2.558220e-01	4.367684e-01	2.063996e+00
1231	5.032249e-01	5.410942e-01	2.043478e+00
1232	4.818165e-01	6.235311e-01	1.523693e+00
1233	4.436540e-01	3.427102e-01	1.969223e+00
1234	3.052681e-01	5.747131e-01	1.782609e+00
1235	4.668128e-01	3.219961e-01	2.079629e+00
1236	3.408991e-01	7.527574e-01	2.675623e+00
1237	5.388656e-01	4.578735e-01	2.221299e+00
1238	5.827922e-01	4.691805e-01	1.449438e+00
1239	4.970362e-01	5.966585e-01	2.145090e+00
1240	5.508790e-01	2.221858e-01	1.699560e+00
1241	5.627967e-01	4.314085e-01	1.530532e+00
1242	4.669833e-01	4.666113e-01	1.497313e+00
1243	4.809586e-01	6.230261e-01	2.941378e+00
1244	5.173832e-01	2.757039e-01	1.049829e+00
1245	6.147124e-01	6.411997e-01	2.659013e+00
1246	5.598748e-01	4.310880e-01	1.352711e+00
1247	5.981592e-01	2.743242e-01	2.130435e+00
1248	5.559777e-01	5.208216e-01	2.205667e+00
1249	4.629300e-01	6.369787e-01	2.596483e+00
1250	4.819306e-01	6.249698e-01	1.509038e+00
1251	5.928119e-01	2.527908e-01	2.791891e+00
1252	5.752097e-01	5.055443e-01	2.280899e+00
1253	5.381398e-01	5.194452e-01	2.403029e+00
1254	4.756334e-01	6.416178e-01	1.936981e+00
1255	5.494796e-01	2.065676e-01	1.296043e+00
1256	4.736649e-01	2.535147e-01	2.641426e+00
1257	5.360057e-01	4.850404e-01	2.440156e+00
1258	4.954817e-01	6.302071e-01	1.798241e+00
1259	1.343324e-01	3.868701e-01	1.238398e+00
1260	1.989008e-01	5.451070e-01	1.712262e+00
1261	4.982424e-01	5.515823e-01	2.961895e+00
1262	5.306247e-01	4.556030e-01	1.598925e+00
1263	5.345778e-01	4.472001e-01	2.942355e+00
1264	4.849599e-01	4.205192e-01	2.190034e+00
1265	1.812670e-01	5.071085e-01	2.792868e+00
1266	5.237650e-01	4.530885e-01	1.212995e+00
1267	5.504728e-01	5.103397e-01	2.884709e+00
1268	4.970427e-01	4.680998e-01	1.595017e+00
1269	5.848037e-01	4.765928e-01	2.224231e+00
1270	4.908478e-01	4.415496e-01	2.834880e+00
1271	1.723479e-01	5.130893e-01	2.167562e+00
1272	1.597431e-01	4.951922e-01	1.346849e+00
1273	8.496867e-01	5.238640e-01	2.614069e+00
1274	5.625798e-01	4.051519e-01	2.989253e+00
1275	4.954336e-01	4.085256e-01	2.994138e+00
1276	8.656428e-01	5.085659e-01	2.749878e+00
1277	5.351758e-01	3.726183e-01	2.765511e+00
1278	4.727279e-01	5.159404e-01	2.046409e+00
1279	5.157810e-01	4.596067e-01	1.152418e+00
1280	2.986848e-01	3.064997e-01	2.244748e+00
1281	5.269201e-01	3.791227e-01	2.935515e+00
1282	5.261974e-01	4.928759e-01	2.528090e+00
1283	3.514983e-01	7.901747e-01	1.950660e+00
1284	3.469133e-01	2.940552e-01	2.106009e+00
1285	5.318625e-01	3.515208e-01	2.655105e+00
1286	5.021616e-01	4.918398e-01	2.695164e+00
1287	2.468804e-01	8.505819e-01	1.414265e+00
1288	5.504199e-01	5.547997e-01	2.430386e+00
1289	3.224310e-01	2.738673e-01	2.187103e+00
1290	5.240862e-01	4.666566e-01	2.880801e+00
1291	5.093178e-01	4.046644e-01	1.118222e+00
1292	3.947321e-01	1.511660e-01	2.134343e+00
1293	3.604468e-01	7.370864e-01	2.978505e+00
1294	5.351278e-01	3.427020e-01	2.590620e+00
1295	5.250091e-01	3.388792e-01	1.416219e+00
1296	3.771048e-01	8.158699e-01	1.075232e+00
1297	4.793489e-01	3.888522e-01	1.291158e+00
1298	5.445871e-01	4.098848e-01	1.170005e+00
1299	5.741416e-01	5.123310e-01	2.727406e+00
1300	5.708757e-01	4.975550e-01	2.416707e+00
1301	4.811796e-01	5.058651e-01	1.214949e+00
1302	1.717201e-01	8.494449e-01	1.203224e+00
1303	4.803221e-01	4.090671e-01	2.152907e+00
1304	5.381904e-01	4.216911e-01	1.657548e+00
1305	3.246960e-01	3.411596e-01	2.051295e+00
1306	5.447284e-01	3.828358e-01	2.519297e+00
1307	5.165775e-01	4.121815e-01	1.166097e+00
1308	4.958078e-01	3.942042e-01	2.053249e+00
1309	3.325788e-01	2.910582e-01	1.833415e+00
1310	4.852473e-01	4.051731e-01	1.275525e+00
1311	4.394349e-01	4.125973e-01	2.477284e+00
1312	3.101227e-01	3.385703e-01	2.601368e+00
1313	4.891096e-01	3.857894e-01	2.955056e+00
1314	4.896728e-01	3.849237e-01	2.009282e+00
1315	4.813744e-01	4.686903e-01	2.046409e+00
1316	5.070132e-01	4.650600e-01	2.063019e+00
1317	5.083892e-01	4.242498e-01	2.537860e+00
1318	5.081559e-01	4.250184e-01	2.890572e+00
1319	4.819481e-01	4.075585e-01	1.899853e+00
1320	2.439354e-01	7.263650e-01	2.029800e+00
1321	5.070952e-01	5.298781e-01	2.084514e+00
1322	5.433323e-01	3.804034e-01	2.120664e+00
1323	5.085506e-01	4.245650e-01	2.201759e+00
1324	3.144207e-01	2.813350e-01	2.396190e+00
1325	5.517259e-01	5.716781e-01	1.815828e+00
1326	4.098218e-01	2.228471e-01	2.284807e+00
1327	4.560587e-01	4.158292e-01	1.021495e+00
1328	5.456386e-01	2.443951e-01	1.059599e+00
1329	4.271007e-01	7.501250e-01	1.655594e+00
1330	4.458947e-01	4.012257e-01	2.658036e+00
1331	5.333621e-01	4.116358e-01	2.494871e+00
1332	4.639721e-01	4.316040e-01	1.962384e+00
1333	4.444200e-01	6.495713e-01	2.987298e+00
1334	3.974606e-01	6.792747e-01	2.722521e+00
1335	3.883586e-01	6.907824e-01	2.400098e+00
1336	4.628019e-01	4.779549e-01	1.836346e+00
1337	1.733375e-01	7.653593e-01	2.299463e+00
1338	4.738901e-01	5.135865e-01	2.736199e+00
1339	5.807094e-01	3.651882e-01	1.128969e+00
1340	3.682305e-01	4.265950e-01	1.536395e+00
1341	4.959183e-01	4.916026e-01	1.802149e+00
1342	4.986295e-01	3.491559e-01	2.236932e+00
1343	5.290233e-01	3.834925e-01	1.706400e+00
1344	5.130398e-01	4.624398e-01	1.800195e+00
1345	5.703679e-01	5.575129e-01	1.365413e+00
1346	5.528448e-01	3.896314e-01	2.063996e+00
1347	4.779061e-01	3.554402e-01	2.178310e+00
1348	3.431318e-01	2.605826e-01	1.892037e+00
1349	3.673623e-01	4.258131e-01	1.878359e+00
1350	5.114471e-01	3.808530e-01	1.049829e+00
1351	4.739177e-01	3.916180e-01	2.364924e+00
1352	3.872652e-01	6.965297e-01	1.763068e+00
1353	5.248875e-01	3.758779e-01	1.843185e+00
1354	5.818194e-01	3.591766e-01	2.164631e+00
1355	4.175376e-01	6.963612e-01	2.629702e+00
1356	3.680176e-01	2.060958e-01	2.917929e+00
1357	5.179071e-01	4.263521e-01	2.522228e+00
1358	1.847816e-01	8.302480e-01	2.254519e+00
1359	4.498047e-01	3.318598e-01	1.450415e+00
1360	6.752153e-01	7.618109e-01	2.589643e+00
1361	5.265403e-01	3.899524e-01	1.512946e+00
1362	5.224894e-01	3.783213e-01	1.676111e+00
1363	3.847673e-01	1.902844e-01	1.679043e+00
1364	5.090095e-01	4.326097e-01	1.855887e+00
1365	5.107439e-01	4.365428e-01	1.180752e+00
1366	3.859235e-01	7.237209e-01	2.835857e+00
1367	5.138723e-01	4.325505e-01	2.792868e+00
1368	1.365233e-01	7.399115e-01	1.208109e+00
1369	5.166520e-01	3.830817e-01	2.096238e+00
1370	2.337369e-01	5.252205e-01	2.609184e+00
1371	3.825220e-01	7.971932e-01	2.073766e+00
1372	5.061210e-01	4.466927e-01	2.155838e+00
1373	1.286221e-01	7.416342e-01	1.680020e+00
1374	9.204214e-02	8.025416e-01	1.822667e+00
1375	2.445366e-01	4.485629e-01	1.465071e+00
1376	4.807565e-01	5.016982e-01	2.947240e+00
1377	3.547198e-01	4.955233e-01	2.064973e+00
1378	5.112181e-01	3.868272e-01	1.668295e+00
1379	4.784569e-01	5.149979e-01	1.189546e+00
1380	6.148235e-01	5.061342e-01	2.301417e+00
1381	2.695035e-01	7.841972e-01	1.429897e+00
1382	2.694001e-01	7.849580e-01	2.915975e+00
1383	5.098366e-01	3.169123e-01	2.735222e+00
1384	4.942621e-01	5.292969e-01	1.857841e+00
1385	3.856157e-01	7.247298e-01	2.497802e+00
1386	5.257033e-01	3.921709e-01	2.556424e+00
1387	5.637244e-01	3.402690e-01	2.993161e+00
1388	4.002294e-01	7.938057e-01	2.166585e+00
1389	5.029548e-01	3.837097e-01	2.121641e+00
1390	4.638310e-01	4.310473e-01	2.803615e+00
1391	5.374655e-01	4.054555e-01	1.400586e+00
1392	4.734466e-01	5.016470e-01	1.563752e+00
1393	5.405832e-01	3.736982e-01	1.372252e+00
1394	2.094576e-01	4.720723e-01	2.209575e+00
1395	2.184976e-01	7.212776e-01	1.756229e+00
1396	5.651732e-01	3.527251e-01	1.933073e+00
1397	2.125299e-01	4.763409e-01	2.647289e+00
1398	3.833013e-01	7.576557e-01	2.408891e+00
1399	6.069235e-01	5.070299e-01	1.973131e+00
1400	4.966024e-01	4.841059e-01	1.211041e+00
1401	9.552424e-02	7.808714e-01	1.732780e+00
1402	4.753246e-01	4.940347e-01	2.040547e+00
1403	5.298057e-01	4.232567e-01	1.478749e+00
1404	4.683035e-01	4.564016e-01	2.397167e+00
1405	4.003613e-01	7.883398e-01	1.195408e+00
1406	2.187290e-01	4.727773e-01	2.187103e+00
1407	1.896587e-01	6.980326e-01	1.950660e+00
1408	4.777712e-01	4.961082e-01	1.061553e+00
1409	5.621992e-01	5.322295e-01	1.982902e+00
1410	2.058938e-01	4.820831e-01	2.885686e+00
1411	4.775482e-01	4.943577e-01	2.782120e+00
1412	5.378739e-01	2.095594e-01	1.925256e+00
1413	6.211337e-01	5.173824e-01	2.667807e+00
1414	4.718620e-01	4.770662e-01	1.808989e+00
1415	5.331153e-01	3.875172e-01	1.599902e+00
1416	4.026573e-01	7.133011e-01	2.109917e+00
1417	5.615184e-01	5.289069e-01	1.787494e+00
1418	4.392902e-01	4.012736e-01	1.056668e+00
1419	6.006955e-01	5.469737e-01	1.356619e+00
1420	6.154996e-01	5.134770e-01	1.866634e+00
1421	5.452521e-01	3.617341e-01	1.653639e+00
1422	5.070030e-01	3.225018e-01	2.148021e+00
1423	5.285896e-01	3.955129e-01	2.803615e+00
1424	2.207925e-01	4.718097e-01	1.927211e+00
1425	5.524143e-01	2.245796e-01	1.481681e+00
1426	5.336371e-01	1.907054e-01	1.525647e+00
1427	2.346639e-01	6.883888e-01	2.630679e+00
1428	6.152164e-01	5.136432e-01	2.692233e+00
1429	5.591519e-01	5.269147e-01	2.785051e+00
1430	1.207129e-01	7.720739e-01	2.937469e+00
1431	2.607870e-01	6.876582e-01	2.521251e+00
1432	2.337998e-01	4.923147e-01	2.716659e+00
1433	5.101967e-01	5.013077e-01	2.196873e+00
1434	5.138584e-01	6.056443e-01	2.574988e+00
1435	5.688161e-01	5.160482e-01	2.226185e+00
1436	4.752346e-01	4.927146e-01	1.104543e+00
1437	4.660894e-01	5.013397e-01	1.493405e+00
1438	1.920683e-01	5.113121e-01	2.484123e+00
1439	5.102594e-01	4.975357e-01	1.462140e+00
1440	2.663943e-01	6.860741e-01	2.083537e+00
1441	3.762195e-01	7.481233e-01	2.223254e+00
1442	5.207168e-01	3.955974e-01	2.207621e+00
1443	3.697383e-01	7.367060e-01	2.059111e+00
1444	2.693896e-01	5.277370e-01	1.150464e+00
1445	3.767242e-01	7.283012e-01	2.399121e+00
1446	4.457426e-01	4.146103e-01	2.227162e+00
1447	3.816869e-01	7.396375e-01	2.134343e+00
1448	2.748933e-01	5.194142e-01	2.229116e+00
1449	5.079330e-01	4.978503e-01	1.715193e+00
1450	5.058432e-01	1.770591e-01	2.883732e+00
1451	4.709235e-01	5.164081e-01	2.244748e+00
1452	4.713822e-01	5.132088e-01	2.822179e+00
1453	4.700070e-01	4.955487e-01	2.239863e+00
1454	2.135031e-01	5.222399e-01	1.034196e+00
1455	3.663676e-01	8.065917e-01	2.716659e+00
1456	1.971925e-01	4.689729e-01	1.645823e+00
1457	2.866971e-01	5.178920e-01	1.725940e+00
1458	4.675656e-01	5.084630e-01	2.791891e+00
1459	4.698801e-01	5.070502e-01	1.751343e+00
1460	5.155633e-01	2.665459e-01	1.628236e+00
1461	4.764505e-01	4.119483e-01	1.029311e+00
1462	5.643513e-01	2.589187e-01	2.070835e+00
1463	4.207089e-01	6.886948e-01	1.798241e+00
1464	5.088149e-01	4.927464e-01	2.493894e+00
1465	6.170475e-01	5.239379e-01	2.102101e+00
1466	3.602335e-01	4.510003e-01	2.455789e+00
1467	5.060117e-01	4.862913e-01	2.363947e+00
1468	4.984392e-01	3.622643e-01	1.084025e+00
1469	5.173117e-01	4.262074e-01	1.581339e+00
1470	8.646271e-02	8.619015e-01	1.304836e+00
1471	7.892878e-02	8.039147e-01	2.236932e+00
1472	2.981555e-01	5.172892e-01	2.235955e+00
1473	4.580615e-01	4.928116e-01	1.804104e+00
1474	2.257796e-01	5.514792e-01	2.747924e+00
1475	5.947090e-01	5.163601e-01	1.969223e+00
1476	5.025470e-01	4.674510e-01	2.706888e+00
1477	3.997824e-01	6.943685e-01	1.231558e+00
1478	4.655236e-01	1.452585e-01	1.161212e+00
1479	3.936688e-01	6.984893e-01	2.075721e+00
1480	3.698530e-01	8.086632e-01	1.543234e+00
1481	4.909040e-01	4.882784e-01	2.030777e+00
1482	4.848463e-01	4.957584e-01	1.523693e+00
1483	6.039297e-02	8.085150e-01	2.275037e+00
1484	5.142702e-01	3.243823e-01	1.997557e+00
1485	5.604742e-01	2.681024e-01	1.725940e+00
1486	2.596232e-01	4.484360e-01	1.153395e+00
1487	4.917839e-01	4.863788e-01	1.253053e+00
1488	5.496481e-01	6.110246e-01	2.925745e+00
1489	3.932288e-01	6.987151e-01	1.417196e+00
1490	3.678841e-01	8.234744e-01	1.613581e+00
1491	5.498004e-01	6.037121e-01	1.047875e+00
1492	4.993387e-01	4.852692e-01	1.384954e+00
1493	6.875361e-02	8.046830e-01	2.096238e+00
1494	1.966945e-02	7.307117e-01	2.310210e+00
1495	4.948293e-01	4.896510e-01	1.201270e+00
1496	4.806195e-01	4.840781e-01	1.347826e+00
1497	2.685418e-01	4.315086e-01	2.852467e+00
1498	3.622891e-01	7.064187e-01	2.626771e+00
1499	4.482975e-01	6.625366e-01	2.479238e+00
1500	5.295760e-01	3.946808e-01	1.982902e+00
1501	4.903692e-01	4.803443e-01	2.925745e+00
1502	4.440081e-01	6.653533e-01	1.167074e+00
1503	3.384424e-02	8.305741e-01	1.526624e+00
1504	8.778406e-02	8.387312e-01	2.236932e+00
1505	2.341278e-01	5.549355e-01	2.765511e+00
1506	4.765157e-01	4.857440e-01	1.329262e+00
1507	5.442615e-01	2.720493e-01	1.169028e+00
1508	5.624712e-01	2.936155e-01	1.092819e+00
1509	2.470122e-01	4.392074e-01	2.261358e+00
1510	3.493501e-01	4.365899e-01	2.436248e+00
1511	5.725458e-01	5.561155e-01	2.255496e+00
1512	5.458792e-01	2.647285e-01	1.693698e+00
1513	2.687666e-01	4.574206e-01	1.655594e+00
1514	4.632073e-02	8.221949e-01	1.233512e+00
1515	4.644593e-01	4.439415e-01	1.942843e+00
1516	2.615829e-01	4.337186e-01	1.339033e+00
1517	3.654038e-01	7.073890e-01	1.352711e+00
1518	7.325419e-02	7.944080e-01	2.047386e+00
1519	2.315856e-01	5.472803e-01	1.598925e+00
1520	4.878167e-01	4.843634e-01	2.823156e+00
1521	4.956732e-01	4.746102e-01	1.132877e+00
1522	4.601938e-01	4.269675e-01	1.176844e+00
1523	4.623343e-02	8.241902e-01	1.866634e+00
1524	4.896353e-01	4.835220e-01	2.567171e+00
1525	4.862523e-02	8.253550e-01	2.672692e+00
1526	3.724877e-01	7.298640e-01	2.589643e+00
1527	3.610322e-01	7.123393e-01	1.785540e+00
1528	4.909856e-01	4.849550e-01	1.034196e+00
1529	5.716681e-01	5.439201e-01	1.602833e+00
1530	4.596819e-02	8.250111e-01	2.575965e+00
1531	5.481800e-01	5.702451e-01	2.484123e+00
1532	5.001049e-01	4.777358e-01	1.414265e+00
1533	4.938115e-01	4.751926e-01	1.421104e+00
1534	4.536538e-01	4.456930e-01	1.716170e+00
1535	3.713564e-01	7.267066e-01	2.744993e+00
1536	1.804828e-02	7.561858e-01	2.384465e+00
1537	4.975813e-01	4.773238e-01	1.691744e+00
1538	5.450551e-01	5.522374e-01	1.178798e+00
1539	5.414093e-01	5.514860e-01	2.830972e+00
1540	5.079526e-01	4.807911e-01	2.686370e+00
1541	5.585076e-01	5.581617e-01	1.747435e+00
1542	6.047299e-01	5.961053e-01	1.429897e+00
1543	5.416561e-01	5.495146e-01	2.558378e+00
1544	4.666342e-02	7.958691e-01	1.974108e+00
1545	4.529187e-01	4.352819e-01	1.731803e+00
1546	2.337656e-02	7.585306e-01	2.707865e+00
1547	3.368684e-02	8.036119e-01	1.463117e+00
1548	4.515704e-01	3.929758e-01	1.051783e+00
1549	3.254163e-01	7.179909e-01	2.582804e+00
1550	4.833649e-01	1.846313e-01	2.906204e+00
1551	4.431118e-01	4.461567e-01	2.308256e+00
1552	6.120820e-01	5.964214e-01	2.203713e+00
1553	4.865296e-01	4.835963e-01	1.851001e+00
1554	5.302107e-01	4.674978e-01	2.557401e+00
1555	3.583927e-01	2.071884e-01	2.127504e+00
1556	6.173507e-01	5.923865e-01	1.183683e+00
1557	4.986154e-01	4.785955e-01	1.517831e+00
1558	3.601854e-01	2.381971e-01	2.406937e+00
1559	4.847723e-01	3.148399e-01	2.077675e+00
1560	4.250423e-02	7.961820e-01	1.236444e+00
1561	5.118236e-01	4.820310e-01	1.929165e+00
1562	4.984836e-01	4.821447e-01	1.023449e+00
1563	5.361019e-01	5.094160e-01	1.064485e+00
1564	1.222875e-01	7.655922e-01	1.277479e+00
1565	4.726839e-01	4.666376e-01	1.845139e+00
1566	6.556247e-02	7.402059e-01	1.973131e+00
1567	4.454038e-01	4.315966e-01	2.472399e+00
1568	4.467996e-01	4.137252e-01	1.151441e+00
1569	4.807922e-01	4.855973e-01	2.558378e+00
1570	5.332684e-01	2.164278e-01	2.004397e+00
1571	1.438689e-01	7.313503e-01	1.951637e+00
1572	1.951967e-01	4.153986e-01	1.558867e+00
1573	4.555552e-01	4.144566e-01	2.801661e+00
1574	4.972255e-01	4.860412e-01	2.544700e+00
1575	2.850129e-01	7.256886e-01	1.345872e+00
1576	5.006240e-01	4.806779e-01	1.686859e+00
1577	6.037106e-01	5.875660e-01	2.725452e+00
1578	1.015250e-01	7.456290e-01	1.668295e+00
1579	5.326961e-01	2.609181e-01	1.786517e+00
1580	3.435420e-01	7.229268e-01	2.437225e+00
1581	4.762221e-01	4.690092e-01	2.128481e+00
1582	2.550034e-02	7.958955e-01	2.784074e+00
1583	3.931810e-01	2.003735e-01	1.586224e+00
1584	5.122253e-01	4.997859e-01	1.923302e+00
1585	7.405694e-02	7.462154e-01	2.644358e+00
1586	5.120847e-01	4.998411e-01	1.829507e+00
1587	3.930301e-01	1.980727e-01	2.114802e+00
1588	5.177159e-01	5.121954e-01	1.063508e+00
1589	5.127669e-01	5.160975e-01	2.355154e+00
1590	4.766881e-01	4.689215e-01	2.793845e+00
1591	5.324634e-01	2.169821e-01	2.389350e+00
1592	1.139905e-02	7.969579e-01	1.976063e+00
1593	5.200037e-01	4.940625e-01	2.190034e+00
1594	5.339367e-01	2.066480e-01	1.904739e+00
1595	5.018586e-01	4.909511e-01	1.589155e+00
1596	4.651569e-01	4.830662e-01	2.608207e+00
1597	4.777504e-01	4.788607e-01	1.751343e+00
1598	5.765664e-01	5.168612e-01	1.317538e+00
1599	5.667938e-01	5.503896e-01	2.326820e+00
1600	2.729725e-01	4.413303e-01	2.483146e+00
1601	3.613341e-01	7.197437e-01	2.167562e+00
1602	4.896680e-01	4.802038e-01	2.565217e+00
1603	4.956541e-01	4.776916e-01	2.701026e+00
1604	4.793554e-01	4.675388e-01	2.196873e+00
1605	4.654984e-01	6.446176e-01	2.236932e+00
1606	3.509434e-01	7.226610e-01	1.756229e+00
1607	4.251743e-01	2.397827e-01	2.469468e+00
1608	5.371129e-01	2.132912e-01	2.740107e+00
1609	4.118789e-01	2.214235e-01	2.376649e+00
1610	4.168971e-01	2.284701e-01	1.635076e+00
1611	5.110475e-01	4.977495e-01	1.985833e+00
1612	4.830777e-01	4.786591e-01	2.683439e+00
1613	4.793942e-01	4.825744e-01	2.635564e+00
1614	2.478348e-01	9.241153e-01	2.074744e+00
1615	5.288810e-01	5.758901e-01	2.240840e+00
1616	3.854975e-01	1.875183e-01	2.932584e+00
1617	6.377091e-02	8.063743e-01	1.869565e+00
1618	4.794465e-01	4.747945e-01	1.688813e+00
1619	2.146573e-01	7.350526e-01	2.125550e+00
1620	5.074621e-01	4.935614e-01	2.625794e+00
1621	4.971581e-01	4.874814e-01	1.874450e+00
1622	7.280926e-03	7.891775e-01	1.986810e+00
1623	5.063077e-01	4.908049e-01	1.112360e+00
1624	3.925514e-01	2.195392e-01	2.001466e+00
1625	6.626254e-01	6.005443e-01	2.370787e+00
1626	5.481138e-01	1.946460e-01	2.454812e+00
1627	4.972698e-01	4.826924e-01	2.880801e+00
1628	3.560374e-01	7.735991e-01	1.092819e+00
1629	6.461816e-01	6.027857e-01	2.137274e+00
1630	5.730538e-01	5.544850e-01	1.475818e+00
1631	1.143680e-02	7.909544e-01	2.725452e+00
1632	5.964792e-03	7.923476e-01	1.784563e+00
1633	3.899880e-01	2.092615e-01	2.905227e+00
1634	4.808792e-01	4.762623e-01	2.163654e+00
1635	4.930928e-01	5.140808e-01	2.358085e+00
1636	1.945330e-01	7.192053e-01	2.391304e+00
1637	4.548139e-01	6.178921e-01	2.169516e+00
1638	5.007711e-01	4.828480e-01	1.574499e+00
1639	4.462306e-01	5.124742e-01	2.104055e+00
1640	4.707111e-01	4.780921e-01	1.770884e+00
1641	3.580547e-01	1.762561e-01	2.212506e+00
1642	4.238676e-01	6.807656e-01	1.830484e+00
1643	3.734206e-01	6.775762e-01	2.361993e+00
1644	5.236237e-01	5.612414e-01	1.606742e+00
1645	3.556872e-01	1.333363e-01	1.090865e+00
1646	4.878338e-01	5.016161e-01	1.875427e+00
1647	4.746328e-01	4.900267e-01	2.490962e+00
1648	4.620746e-01	4.746323e-01	1.409380e+00
1649	4.545368e-01	4.631463e-01	2.132389e+00
1650	5.384174e-01	1.735000e-01	1.424035e+00
1651	3.557267e-01	1.403368e-01	1.361505e+00
1652	4.750759e-01	4.873972e-01	1.721055e+00
1653	4.747280e-01	4.767701e-01	1.192477e+00
1654	5.588134e-01	5.762985e-01	1.812897e+00
1655	4.883540e-01	5.023520e-01	1.871519e+00
1656	4.724364e-01	4.738597e-01	2.771373e+00
1657	4.993057e-01	3.858980e-01	2.809477e+00
1658	4.039579e-01	2.409509e-01	2.176356e+00
1659	3.363938e-01	7.159556e-01	2.525159e+00
1660	4.570389e-01	3.354045e-01	2.669761e+00
1661	4.717763e-01	4.726630e-01	1.865657e+00
1662	3.780387e-01	1.455394e-01	2.431363e+00
1663	1.137879e-01	8.038599e-01	1.204201e+00
1664	4.372510e-01	3.590900e-01	2.751832e+00
1665	5.843288e-01	5.934203e-01	2.413776e+00
1666	5.149670e-01	5.090354e-01	2.827064e+00
1667	4.575706e-01	3.368814e-01	2.991207e+00
1668	3.791353e-01	1.324870e-01	2.305325e+00
1669	5.190596e-01	4.844235e-01	2.843674e+00
1670	5.354076e-01	4.707262e-01	2.480215e+00
1671	1.288406e-01	7.365993e-01	2.702980e+00
1672	3.782531e-01	6.557768e-01	1.798241e+00
1673	4.746615e-01	4.836087e-01	2.852467e+00
1674	3.515473e-01	7.488232e-02	1.681974e+00
1675	5.694952e-01	5.850234e-01	2.756717e+00
1676	1.270738e-01	8.101675e-01	1.992672e+00
1677	8.796952e-02	7.578664e-01	1.896922e+00
1679	4.348055e-01	6.249147e-01	1.263801e+00
1680	1.488845e-01	7.306648e-01	1.437714e+00
1681	5.284145e-01	2.126536e-01	1.905716e+00
1682	5.029551e-01	5.045850e-01	2.451881e+00
1683	2.583477e-01	9.243532e-01	1.812897e+00
1684	1.791582e-01	7.212182e-01	2.079629e+00
1685	9.426117e-02	7.567398e-01	1.875427e+00
1686	8.708114e-02	7.550431e-01	2.370787e+00
1687	8.740909e-02	7.558844e-01	2.810454e+00
1688	5.215880e-01	4.838924e-01	1.087934e+00
1689	5.290001e-01	2.151086e-01	1.141671e+00
1690	1.988106e-01	7.165654e-01	2.038593e+00
1691	4.187215e-01	3.981688e-01	2.122618e+00
1692	5.139060e-01	4.980326e-01	1.519785e+00
1693	5.227038e-01	4.904396e-01	1.455300e+00
1694	4.713653e-01	4.855163e-01	2.119687e+00
1695	4.157678e-01	2.224018e-01	1.228627e+00
1696	4.648839e-01	4.759654e-01	1.396678e+00
1697	6.437833e-01	3.803260e-01	2.823156e+00
1698	5.568749e-01	5.767975e-01	1.030288e+00
1699	4.547468e-01	3.236396e-01	1.604787e+00
1700	4.464031e-01	6.292393e-01	2.290669e+00
1701	6.869264e-01	6.173006e-01	2.669761e+00
1702	9.121942e-02	7.615122e-01	1.056668e+00
1703	4.717430e-01	4.847301e-01	1.828530e+00
1704	4.991606e-01	5.143209e-01	2.141182e+00
1705	4.992470e-01	4.676464e-01	1.916463e+00
1706	5.159972e-01	4.887895e-01	1.868588e+00
1707	5.205113e-01	4.912212e-01	1.210064e+00
1708	5.399958e-01	4.181454e-01	1.056668e+00
1709	9.104679e-02	7.600277e-01	1.887152e+00
1710	4.568766e-01	6.399873e-01	2.385442e+00
1711	6.799662e-01	3.683235e-01	1.733757e+00
1712	5.469533e-01	5.507627e-01	1.249145e+00
1713	4.190036e-01	8.591123e-02	2.629702e+00
1714	5.127857e-01	5.176872e-01	2.191011e+00
1715	5.005842e-01	5.128345e-01	2.391304e+00
1716	3.790044e-02	7.896320e-01	2.714704e+00
1717	4.580250e-01	6.162787e-01	2.142159e+00
1718	5.408398e-01	5.376710e-01	1.539326e+00
1719	3.942075e-01	2.264925e-01	2.917929e+00
1720	4.796401e-01	1.979753e-01	1.940889e+00
1721	7.949065e-02	8.293892e-01	2.859306e+00
1722	4.153466e-01	2.022173e-01	1.871519e+00
1723	4.980931e-01	5.132129e-01	2.197851e+00
1724	3.152586e-01	9.341158e-01	1.734734e+00
1725	5.394573e-01	4.601914e-01	1.103566e+00
1726	5.047105e-01	5.041428e-01	2.199805e+00
1727	5.727375e-01	5.072310e-01	2.901319e+00
1728	6.759066e-01	6.097087e-01	2.394235e+00
1729	6.857857e-01	6.130055e-01	2.729360e+00
1730	4.024458e-01	1.074237e-01	2.765511e+00
1731	6.659909e-01	3.520460e-01	2.066927e+00
1732	4.603483e-01	4.576995e-01	1.179775e+00
1733	5.057128e-01	5.014157e-01	2.250611e+00
1735	4.781496e-01	6.351249e-01	1.398632e+00
1736	6.869736e-01	3.497868e-01	1.000000e+00
1737	5.077122e-01	5.586030e-01	1.929165e+00
1738	5.692565e-01	5.176448e-01	1.326331e+00
1739	5.043254e-01	5.067917e-01	2.799707e+00
1740	4.634109e-01	6.229719e-01	1.210064e+00
1741	4.278201e-01	1.301317e-01	2.181241e+00
1742	6.717062e-01	6.009193e-01	1.741573e+00
1743	4.632449e-01	6.214371e-01	1.858818e+00
1744	5.050401e-01	5.093690e-01	1.612604e+00
1745	3.898252e-01	1.827717e-01	1.720078e+00
1746	5.413000e-01	5.136114e-01	2.707865e+00
1747	4.803198e-01	4.676068e-01	2.856375e+00
1748	4.463455e-01	1.375023e-01	2.996092e+00
1749	6.218906e-01	3.662263e-01	1.605765e+00
1750	5.012483e-01	5.026110e-01	1.273571e+00
1751	3.677521e-01	6.814536e-01	2.294577e+00
1752	5.153900e-01	5.118397e-01	2.261358e+00
1753	5.025268e-01	5.014380e-01	2.146067e+00
1754	5.197662e-01	5.404419e-01	1.349780e+00
1755	3.123337e-01	9.289435e-01	1.649731e+00
1756	4.960450e-01	4.257841e-01	1.849047e+00
1757	4.896772e-01	4.773270e-01	2.970689e+00
1758	5.333760e-01	5.477053e-01	1.912555e+00
1759	5.527525e-01	5.254054e-01	2.725452e+00
1760	5.770139e-01	5.224542e-01	2.416707e+00
1761	4.826676e-01	4.342696e-01	2.902296e+00
1762	5.186430e-01	4.015746e-01	1.231558e+00
1763	4.828302e-01	4.673970e-01	2.010259e+00
1764	5.027768e-01	5.013063e-01	1.864680e+00
1765	5.096909e-01	5.099475e-01	1.401563e+00
1766	5.194329e-01	3.980345e-01	1.619443e+00
1767	6.317824e-01	3.036781e-01	2.412799e+00
1768	4.497398e-01	1.126673e-01	2.919883e+00
1769	4.967912e-01	4.267110e-01	2.468490e+00
1770	4.848244e-01	5.346014e-01	2.504641e+00
1771	4.995664e-01	4.970152e-01	1.830484e+00
1772	5.053820e-01	5.152398e-01	2.949194e+00
1773	5.626612e-01	5.304161e-01	2.943332e+00
1774	5.493331e-01	5.189499e-01	2.629702e+00
1775	4.843766e-01	4.552043e-01	1.385931e+00
1776	4.379178e-01	4.297057e-01	1.112360e+00
1777	5.168583e-01	5.106590e-01	1.168051e+00
1778	5.306835e-01	4.730812e-01	1.044944e+00
1779	6.203156e-01	3.748938e-01	1.571568e+00
1780	3.072311e-01	9.370711e-01	1.793356e+00
1781	5.695841e-01	5.368328e-01	1.047875e+00
1782	1.880376e-01	2.989938e-01	1.669272e+00
1783	7.740594e-01	6.050733e-01	2.292623e+00
1784	5.205290e-01	3.721488e-01	1.018564e+00
1785	5.578684e-01	5.222663e-01	1.857841e+00
1786	5.252456e-01	5.480456e-01	1.878359e+00
1787	4.878587e-01	4.618807e-01	2.875916e+00
1788	5.620236e-01	5.259676e-01	1.488520e+00
1789	4.831614e-01	4.719042e-01	2.688324e+00
1790	5.428128e-01	5.177214e-01	2.486077e+00
1791	5.587777e-01	5.040733e-01	2.162677e+00
1792	5.356728e-01	3.066745e-01	1.360528e+00
1793	6.208017e-01	8.117667e-01	2.943332e+00
1794	5.605249e-01	4.943156e-01	1.508061e+00
1795	4.854999e-01	3.788055e-01	2.316072e+00
1796	5.421250e-01	5.181748e-01	2.488031e+00
1797	6.220436e-01	7.931280e-01	1.713239e+00
1798	5.218317e-01	5.203304e-01	1.824621e+00
1799	5.250442e-01	5.189065e-01	1.745481e+00
1800	5.635957e-01	5.220325e-01	1.765999e+00
1801	4.885726e-01	3.253458e-01	1.366390e+00
1802	4.942220e-01	4.637671e-01	2.291646e+00
1803	4.726144e-01	5.515218e-01	1.470933e+00
1804	4.850560e-01	4.715750e-01	1.059599e+00
1805	5.231462e-01	5.192885e-01	2.897411e+00
1806	4.995890e-01	5.108788e-01	1.231558e+00
1807	4.066173e-01	4.248429e-01	2.143136e+00
1808	4.806894e-01	4.179694e-01	1.388862e+00
1809	4.090875e-01	4.255936e-01	1.999511e+00
1810	3.506500e-01	9.233941e-01	2.601368e+00
1811	4.847012e-01	5.355277e-01	1.197362e+00
1812	4.093376e-01	4.247514e-01	2.679531e+00
1813	5.595030e-01	5.120193e-01	2.245725e+00
1814	4.933466e-01	3.584393e-01	1.915486e+00
1815	5.185440e-01	4.251198e-01	2.346361e+00
1816	7.284254e-01	2.879011e-01	2.593552e+00
1817	7.252324e-01	2.920668e-01	2.326820e+00
1818	5.656003e-01	5.173088e-01	2.955056e+00
1819	4.864911e-01	4.711996e-01	1.663410e+00
1820	4.287705e-01	2.430742e-01	2.957010e+00
1821	4.842189e-01	4.134891e-01	2.559355e+00
1822	5.062117e-01	5.159923e-01	2.618955e+00
1823	5.686249e-01	5.313966e-01	1.780655e+00
1824	4.216185e-01	2.348303e-01	2.787982e+00
1825	7.579840e-01	3.480395e-01	1.903762e+00
1826	5.954750e-01	7.552197e-01	1.094773e+00
1827	3.982990e-01	4.179903e-01	1.476795e+00
1828	4.876565e-01	4.710294e-01	1.010747e+00
1829	4.919379e-01	4.660685e-01	1.276502e+00
1830	3.391351e-01	9.109908e-01	2.712750e+00
1831	4.980511e-01	4.628896e-01	1.608696e+00
1832	6.756333e-01	7.602632e-01	2.335613e+00
1833	5.096653e-01	4.146513e-01	1.189546e+00
1834	5.412762e-01	4.847654e-01	2.732291e+00
1835	5.723074e-01	5.245052e-01	2.303371e+00
1836	4.941781e-01	4.659589e-01	2.413776e+00
1837	5.738525e-01	5.274129e-01	2.876893e+00
1838	5.021586e-01	4.566009e-01	2.563263e+00
1839	4.992257e-01	4.232866e-01	2.039570e+00
1840	5.497289e-01	4.967929e-01	1.436737e+00
1841	5.101541e-01	4.135456e-01	1.738642e+00
1842	4.845851e-01	4.208064e-01	2.044455e+00
1843	7.091641e-01	7.802109e-01	1.304836e+00
1844	3.629123e-01	9.281996e-01	1.936981e+00
1845	4.815749e-01	4.195780e-01	2.982413e+00
1846	5.695524e-01	5.020437e-01	1.203224e+00
1847	5.634901e-01	5.333614e-01	2.955056e+00
1848	4.820112e-01	4.705106e-01	1.524670e+00
1849	2.882476e-01	7.396450e-02	1.827553e+00
1850	4.763821e-01	5.512832e-01	1.996580e+00
1851	5.341011e-01	5.083316e-01	2.945286e+00
1852	5.257096e-01	4.246448e-01	1.991695e+00
1853	4.798429e-01	4.309018e-01	2.442110e+00
1854	5.742593e-01	5.118300e-01	1.477772e+00
1855	4.682306e-01	4.194869e-01	2.906204e+00
1856	5.646360e-01	5.245452e-01	1.423058e+00
1857	5.611109e-01	5.205413e-01	2.446019e+00
1858	4.888074e-01	6.671719e-01	2.860283e+00
1859	4.844061e-01	4.501649e-01	1.522716e+00
1860	5.692062e-01	5.232945e-01	1.331216e+00
1861	5.718548e-01	5.169829e-01	2.446019e+00
1862	5.763036e-01	5.135687e-01	2.095261e+00
1863	5.837067e-01	6.769183e-01	1.073278e+00
1864	6.445341e-01	3.231630e-01	2.543723e+00
1865	5.662605e-01	5.284757e-01	2.876893e+00
1866	5.758706e-01	5.129442e-01	2.031754e+00
1867	6.813375e-01	6.537271e-01	1.949682e+00
1868	2.899476e-01	1.230462e-01	2.642404e+00
1869	4.931582e-01	5.337896e-01	1.577430e+00
1870	5.328495e-01	5.058504e-01	1.871519e+00
1871	4.688675e-01	4.179772e-01	2.033708e+00
1872	7.145953e-01	6.991053e-01	2.127504e+00
1873	5.702672e-01	5.020115e-01	1.762091e+00
1874	3.464336e-01	9.174438e-01	1.228627e+00
1875	7.164847e-01	7.007165e-01	2.783097e+00
1876	4.790496e-01	4.218515e-01	2.788959e+00
1877	5.243008e-01	4.877428e-01	2.095261e+00
1878	5.586071e-01	5.420044e-01	1.627259e+00
1879	3.918310e-01	4.250647e-01	1.503175e+00
1880	4.938855e-01	5.455976e-01	1.068393e+00
1881	4.915837e-01	4.215975e-01	1.710308e+00
1882	4.210820e-01	9.036940e-01	1.200293e+00
1883	4.805481e-01	4.217589e-01	2.123596e+00
1884	6.702857e-01	6.584956e-01	1.049829e+00
1885	5.880400e-01	3.245152e-01	2.962872e+00
1886	5.563564e-01	5.451353e-01	1.183683e+00
1887	3.409949e-01	9.159340e-01	1.214949e+00
1888	5.661473e-01	5.148832e-01	2.475330e+00
1889	5.362799e-01	5.048690e-01	1.297020e+00
1890	6.030199e-01	3.198610e-01	1.260870e+00
1891	5.134740e-01	5.756778e-01	1.263801e+00
1892	2.794309e-01	9.432962e-02	2.308256e+00
1893	5.567785e-01	5.005375e-01	1.933073e+00
1894	5.196291e-01	3.930597e-01	1.526624e+00
1895	5.348917e-01	6.117159e-01	1.105520e+00
1896	5.568050e-01	5.084783e-01	2.816317e+00
1897	4.596687e-01	5.392796e-01	2.696141e+00
1898	5.494417e-01	4.793172e-01	1.474841e+00
1899	4.563466e-01	5.364457e-01	2.859306e+00
1900	5.700212e-01	4.989438e-01	1.519785e+00
1901	4.847664e-01	4.031637e-01	2.446019e+00
1902	4.717558e-01	3.872105e-01	1.817782e+00
1903	4.761476e-01	4.145338e-01	1.013679e+00
1904	4.753930e-01	4.270738e-01	1.638007e+00
1905	4.087895e-01	4.191736e-01	2.997069e+00
1906	5.576880e-01	5.277227e-01	1.389839e+00
1907	5.126945e-01	5.902865e-01	1.948705e+00
1908	5.918070e-01	3.271814e-01	2.619932e+00
1909	6.547684e-01	6.535026e-01	2.633610e+00
1910	5.624936e-01	4.671273e-01	2.318026e+00
1911	4.994565e-01	3.572940e-01	1.742550e+00
1912	3.974739e-01	4.242667e-01	1.553981e+00
1913	5.793388e-01	4.963888e-01	2.149976e+00
1914	4.154555e-01	4.441226e-01	2.257450e+00
1915	3.334044e-01	9.259420e-01	2.553493e+00
1916	4.883621e-01	4.124920e-01	1.829507e+00
1917	4.171801e-01	4.463583e-01	1.479726e+00
1918	4.696801e-01	3.667120e-01	1.658525e+00
1919	5.704997e-01	5.015249e-01	2.940401e+00
1920	7.488992e-01	5.765748e-01	1.804104e+00
1921	5.179710e-01	4.025493e-01	1.195408e+00
1922	7.710572e-01	6.078090e-01	1.196385e+00
1923	7.572742e-01	5.681902e-01	1.892037e+00
1924	4.852454e-01	4.116753e-01	2.025892e+00
1925	5.723981e-01	5.021430e-01	2.963850e+00
1926	5.117392e-01	4.260067e-01	1.262824e+00
1927	5.495690e-01	4.886189e-01	2.477284e+00
1928	5.790895e-01	4.826553e-01	2.143136e+00
1929	5.475516e-01	5.043341e-01	2.845628e+00
1930	4.862890e-01	4.045261e-01	2.635564e+00
1931	5.653233e-01	4.830606e-01	1.175867e+00
1932	4.700031e-01	3.846038e-01	1.395701e+00
1933	5.449950e-01	5.032263e-01	1.111383e+00
1934	3.285654e-01	9.272123e-01	2.148999e+00
1935	6.681827e-01	5.609015e-01	1.350757e+00
1936	5.139578e-01	4.065562e-01	2.987298e+00
1937	4.639728e-01	2.731049e-01	2.147044e+00
1938	5.137415e-01	5.851831e-01	2.690278e+00
1939	6.655241e-01	5.611210e-01	1.000000e+00
1940	4.434770e-01	2.461556e-01	1.562775e+00
1941	3.106219e-01	1.054354e-01	2.060088e+00
1942	5.715539e-01	5.274175e-01	1.668295e+00
1943	4.665289e-01	2.803346e-01	2.642404e+00
1944	4.862494e-01	4.131944e-01	2.163654e+00
1945	5.433776e-01	4.585528e-01	1.211041e+00
1946	5.806135e-01	4.889531e-01	1.884221e+00
1947	5.694343e-01	4.996528e-01	2.262335e+00
1948	7.206426e-01	5.409265e-01	2.043478e+00
1949	5.399074e-01	4.749727e-01	1.333170e+00
1950	5.095193e-01	4.144262e-01	2.424524e+00
1951	5.608291e-01	4.853641e-01	1.144602e+00
1952	5.490256e-01	4.833669e-01	2.230093e+00
1953	5.522850e-01	5.081988e-01	2.595506e+00
1954	5.058404e-01	4.379524e-01	2.329751e+00
1955	6.151450e-01	5.446461e-01	2.636541e+00
1956	4.928040e-01	4.255073e-01	2.558378e+00
1957	4.363934e-01	1.987345e-01	1.717147e+00
1958	5.155641e-01	5.629203e-01	2.232047e+00
1959	3.729327e-01	2.311913e-01	1.036150e+00
1960	5.712280e-01	5.012138e-01	2.845628e+00
1961	4.908102e-01	3.980641e-01	2.192965e+00
1962	5.737287e-01	4.971242e-01	1.635076e+00
1963	5.789784e-01	4.896387e-01	1.007816e+00
1964	4.657496e-01	4.114446e-01	2.829018e+00
1965	5.588595e-01	5.090711e-01	2.870054e+00
1966	5.602216e-01	5.181577e-01	2.025892e+00
1967	6.508281e-01	5.014930e-01	1.664387e+00
1968	5.087384e-01	5.657216e-01	2.305325e+00
1969	4.912469e-01	3.970164e-01	2.175379e+00
1970	4.481523e-01	1.973901e-01	2.854421e+00
1971	5.728036e-01	4.794722e-01	1.525647e+00
1972	5.252938e-01	4.783074e-01	2.506595e+00
1973	6.794078e-01	5.296035e-01	2.637518e+00
1974	5.715303e-01	4.952020e-01	2.601368e+00
1975	4.684517e-01	4.115441e-01	2.133366e+00
1976	6.011801e-01	4.585578e-01	2.921837e+00
1977	3.366384e-01	2.839691e-01	1.173913e+00
1978	5.652180e-01	4.854664e-01	1.781632e+00
1979	5.089814e-01	5.716158e-01	1.233512e+00
1980	4.408544e-01	1.993468e-01	1.523693e+00
1981	4.757155e-01	4.611212e-01	2.863214e+00
1982	7.322685e-01	7.412985e-01	1.117245e+00
1983	5.650767e-01	4.854928e-01	2.804592e+00
1984	6.115119e-01	4.608992e-01	1.785540e+00
1985	3.161400e-01	9.003669e-01	1.056668e+00
1986	5.608024e-01	4.866994e-01	2.790914e+00
1987	4.496439e-01	2.088615e-01	1.049829e+00
1988	6.942952e-01	5.460572e-01	2.826087e+00
1989	4.669511e-01	4.166265e-01	1.035173e+00
1990	5.114983e-01	4.787404e-01	2.361016e+00
1991	5.717894e-01	4.845200e-01	1.872496e+00
1992	6.677111e-01	5.149515e-01	2.494871e+00
1993	5.775350e-01	4.925342e-01	2.837811e+00
1994	5.003989e-01	5.565437e-01	2.229116e+00
1995	4.840793e-01	4.637107e-01	1.886175e+00
1996	4.722967e-01	4.249013e-01	1.172936e+00
1997	5.678327e-01	4.832896e-01	2.301417e+00
1998	3.271452e-01	2.499445e-01	2.276014e+00
1999	5.714176e-01	4.782012e-01	2.713727e+00
1999	5.714176e-01	4.782012e-01	2.713727e+00
1999	5.714176e-01	4.782012e-01	2.713727e+00
1999	5.714176e-01	4.782012e-01	2.713727e+00
