2000
0	3.727356e-01	3.062208e-01	2.659990e+00
1	3.828405e-01	2.801239e-01	1.927211e+00
3	3.103066e-01	2.667692e-01	1.306790e+00
4	3.551238e-01	2.690378e-01	2.219345e+00
5	8.051226e-01	5.343398e-02	2.259404e+00
6	2.703666e-01	3.779923e-01	2.766488e+00
9	3.763360e-01	3.391301e-01	1.231558e+00
10	3.241405e-01	3.277998e-01	1.283341e+00
14	4.598697e-01	2.425980e-01	2.148021e+00
16	2.977165e-01	3.450196e-01	2.881778e+00
17	4.050032e-01	2.975881e-01	1.311676e+00
19	3.494780e-01	2.818929e-01	2.081583e+00
20	1.932271e-01	4.879788e-01	2.944309e+00
21	4.085117e-01	3.215583e-01	2.364924e+00
22	5.762761e-01	3.376447e-01	2.446996e+00
24	3.478931e-01	2.541264e-01	2.993161e+00
26	3.759034e-01	3.193472e-01	1.180752e+00
29	3.642873e-01	2.865118e-01	1.761114e+00
30	3.787988e-01	2.618885e-01	2.705911e+00
31	3.742241e-01	3.397734e-01	2.189057e+00
32	2.935955e-01	4.019982e-01	2.337567e+00
36	3.687087e-01	4.678347e-01	1.131900e+00
39	2.982456e-01	2.988506e-01	2.950171e+00
41	2.669980e-01	4.267232e-01	1.319492e+00
43	3.080457e-01	2.630304e-01	2.796776e+00
45	3.801277e-01	3.141152e-01	2.812408e+00
47	4.096319e-01	2.605859e-01	2.619932e+00
48	3.697547e-01	2.985851e-01	1.500244e+00
49	3.673913e-01	2.509533e-01	1.309722e+00
50	3.977932e-01	2.726740e-01	1.122130e+00
52	3.908645e-01	2.562619e-01	1.758183e+00
53	3.892179e-01	3.275838e-01	2.832926e+00
54	3.759691e-01	2.841915e-01	2.136297e+00
55	3.075938e-01	3.041089e-01	1.853933e+00
56	3.394409e-01	3.286019e-01	1.607719e+00
58	3.464326e-01	3.048808e-01	2.045432e+00
59	3.424920e-01	2.962830e-01	1.234489e+00
62	3.145387e-01	3.179379e-01	2.046409e+00
65	5.550784e-01	3.896598e-01	1.164143e+00
69	3.943244e-01	5.771999e-01	1.689790e+00
70	3.942296e-01	2.484570e-01	2.347338e+00
73	3.517894e-01	2.521470e-01	1.758183e+00
74	3.675970e-01	3.076389e-01	2.161700e+00
76	3.469077e-01	3.217996e-01	2.038593e+00
77	3.795929e-01	3.564444e-01	1.977040e+00
78	3.497163e-01	3.053906e-01	2.565217e+00
80	4.162556e-01	2.511900e-01	2.205667e+00
81	3.146925e-01	3.093800e-01	1.398632e+00
82	3.718559e-01	2.904580e-01	1.638007e+00
83	4.201734e-01	2.899107e-01	1.205178e+00
85	4.833529e-01	3.186735e-01	1.362482e+00
87	5.074234e-01	2.553454e-01	1.996580e+00
88	3.194345e-01	4.568916e-01	1.143625e+00
89	4.403407e-01	3.310737e-01	1.917440e+00
91	3.866309e-01	2.783359e-01	2.804592e+00
92	3.176996e-01	2.673672e-01	1.592086e+00
93	3.404137e-01	3.438108e-01	2.871031e+00
94	4.924374e-01	4.843996e-01	1.717147e+00
96	5.180563e-01	2.399816e-01	2.295554e+00
97	6.146256e-01	3.217519e-01	1.248168e+00
98	3.413971e-01	2.201685e-01	2.607230e+00
99	4.141473e-01	3.869285e-01	2.866146e+00
101	3.829650e-01	3.028047e-01	1.344895e+00
104	2.507520e-01	2.317212e-01	2.097215e+00
105	3.550104e-01	2.900158e-01	2.440156e+00
107	4.940411e-01	1.277149e-01	2.630679e+00
108	4.661608e-01	2.675459e-01	1.023449e+00
110	3.501773e-01	2.888556e-01	2.002443e+00
112	4.697393e-01	2.805212e-01	2.215437e+00
113	3.762168e-01	2.935774e-01	1.230581e+00
114	3.553195e-01	3.927839e-01	2.364924e+00
116	3.057241e-01	2.754403e-01	1.324377e+00
117	3.712674e-01	2.435424e-01	1.500244e+00
118	3.828106e-01	1.464078e-01	2.812408e+00
119	4.438585e-01	1.453218e-01	1.448461e+00
120	3.785045e-01	2.900074e-01	2.302394e+00
122	9.935247e-02	2.393516e-01	2.131412e+00
123	4.030959e-01	3.208610e-01	2.719590e+00
124	5.615209e-01	1.133254e-01	2.884709e+00
125	3.392187e-01	1.274976e-01	2.896434e+00
126	3.876077e-01	2.809943e-01	1.119199e+00
127	3.866217e-01	2.763196e-01	2.184172e+00
128	3.381820e-01	3.143006e-01	2.469468e+00
129	2.923601e-01	5.524600e-01	1.157303e+00
130	3.676444e-01	4.079234e-01	2.511480e+00
131	2.894041e-01	1.616885e-01	2.546654e+00
134	4.151595e-01	2.783793e-01	2.489008e+00
135	3.214794e-01	3.661184e-01	2.473376e+00
136	3.558189e-01	3.192813e-01	1.486566e+00
137	4.520488e-01	1.870616e-01	1.004885e+00
140	4.141559e-01	3.102402e-01	1.103566e+00
141	4.220308e-01	2.599385e-01	2.380557e+00
142	5.524850e-01	3.706707e-01	2.226185e+00
143	3.564587e-01	2.794518e-01	2.559355e+00
144	4.296024e-01	3.389695e-01	2.978505e+00
148	3.317255e-01	2.767755e-01	2.119687e+00
150	3.292673e-01	2.546761e-01	1.074255e+00
151	5.231889e-01	2.941816e-01	2.398144e+00
152	3.752177e-01	3.381261e-01	2.014167e+00
154	3.339651e-01	1.755766e-01	2.126527e+00
155	4.363823e-01	2.352750e-01	1.117245e+00
156	5.326179e-01	6.112871e-01	2.617978e+00
157	1.041431e-01	4.705067e-01	2.454812e+00
158	4.332431e-01	3.015863e-01	1.060576e+00
160	3.256008e-01	3.582738e-01	1.728872e+00
162	3.632206e-01	3.444537e-01	1.137763e+00
163	4.278025e-01	2.810548e-01	2.477284e+00
164	3.058223e-01	4.071893e-01	1.328285e+00
165	3.220937e-01	3.241544e-01	2.865169e+00
167	4.533968e-01	4.802656e-01	1.963361e+00
168	3.656900e-01	2.664556e-01	1.665364e+00
169	2.833212e-01	3.261766e-01	1.217880e+00
171	3.341431e-01	3.444544e-01	2.021983e+00
175	4.134665e-01	2.683933e-01	2.931607e+00
177	3.854275e-01	2.935346e-01	1.943820e+00
178	3.946066e-01	2.982171e-01	1.311676e+00
179	3.930968e-01	2.599180e-01	1.547142e+00
180	4.017524e-01	2.583376e-01	2.213483e+00
181	3.502996e-01	3.079225e-01	2.043478e+00
182	4.440829e-01	3.088672e-01	2.673669e+00
186	3.731060e-01	3.487366e-01	2.940401e+00
188	3.691796e-01	3.013379e-01	2.628725e+00
189	3.700967e-01	1.832187e-01	2.664875e+00
191	3.377734e-01	2.295038e-01	2.334636e+00
192	4.722429e-01	3.187895e-01	2.055203e+00
193	3.735626e-01	3.066796e-01	1.027357e+00
194	5.214146e-01	5.768166e-01	1.698583e+00
195	3.489623e-01	3.256600e-01	1.006839e+00
198	4.870895e-01	2.448267e-01	2.058134e+00
199	3.669956e-01	2.789701e-01	1.997557e+00
200	3.896405e-01	2.706498e-01	2.697118e+00
201	2.141237e-01	3.946209e-01	2.445042e+00
202	3.311460e-01	3.135030e-01	1.279433e+00
203	3.484283e-01	3.490550e-01	2.408891e+00
205	2.467597e-01	4.386975e-01	2.023937e+00
207	2.586626e-01	6.300887e-01	1.212018e+00
208	3.167218e-01	2.287224e-01	1.636053e+00
209	5.071075e-01	2.079595e-01	2.090376e+00
211	5.020724e-01	1.793539e-01	2.246702e+00
212	5.705560e-01	3.692882e-01	1.148510e+00
213	5.359989e-01	2.992834e-01	1.459209e+00
214	5.437174e-01	2.297934e-01	1.042013e+00
216	1.088788e-01	1.560713e-01	1.584270e+00
217	4.440462e-01	1.448203e-01	2.376649e+00
218	3.276596e-01	3.910119e-01	2.247680e+00
219	3.960638e-01	2.792647e-01	1.770884e+00
220	3.289314e-01	3.545322e-01	2.858329e+00
221	5.812518e-01	3.492512e-01	1.609673e+00
222	4.533322e-01	2.182620e-01	1.152418e+00
223	3.141607e-01	3.466775e-01	1.250122e+00
224	4.156620e-01	3.043245e-01	2.062042e+00
225	3.474699e-01	2.742887e-01	1.123107e+00
226	2.626171e-01	2.711795e-01	1.438691e+00
227	3.615447e-01	3.753166e-01	2.676600e+00
228	4.116797e-01	4.187119e-01	2.319980e+00
229	3.975919e-01	2.765914e-01	2.793845e+00
230	3.258843e-01	3.299273e-01	2.593552e+00
231	3.443055e-01	4.776151e-01	2.102101e+00
232	4.199162e-01	3.190830e-01	1.060576e+00
233	4.415591e-01	2.634764e-01	2.041524e+00
234	3.486868e-01	3.648601e-01	2.262335e+00
235	4.583298e-01	3.110744e-01	1.443576e+00
237	4.973482e-01	1.670067e-01	2.647289e+00
238	9.964779e-01	6.160974e-01	2.875916e+00
239	2.693638e-01	4.079730e-01	1.548119e+00
240	3.562000e-01	3.109051e-01	2.238886e+00
241	5.230625e-01	2.180042e-01	1.812897e+00
242	1.645635e-01	7.274729e-01	1.040059e+00
243	3.972787e-01	2.971139e-01	1.263801e+00
244	2.816805e-01	3.244248e-01	1.624328e+00
245	4.202013e-01	2.448398e-01	1.723009e+00
246	4.234577e-01	2.773685e-01	2.261358e+00
247	4.282326e-01	3.491677e-01	1.394724e+00
248	3.942967e-01	2.741227e-01	1.301905e+00
249	3.674505e-01	2.567122e-01	1.629213e+00
250	3.332281e-01	3.817724e-01	2.247680e+00
251	3.976438e-01	1.017261e-01	1.683928e+00
252	4.025166e-01	2.771881e-01	1.126038e+00
253	4.336667e-01	3.533834e-01	1.614558e+00
256	3.883140e-01	2.674124e-01	2.834880e+00
258	1.971575e-01	3.845822e-01	1.238398e+00
259	3.171433e-01	2.058411e-02	2.234978e+00
260	3.370707e-01	3.825670e-01	2.464582e+00
262	3.914663e-01	2.959031e-01	2.782120e+00
264	3.972703e-01	2.701451e-01	1.910601e+00
265	4.358581e-01	3.402275e-01	2.648266e+00
266	3.573854e-01	3.003894e-01	2.749878e+00
267	4.112767e-01	2.739018e-01	2.013190e+00
268	1.906381e-01	4.395797e-02	1.662433e+00
270	3.806679e-01	2.747755e-01	1.789448e+00
271	3.593373e-01	3.179598e-01	1.357596e+00
272	3.526035e-01	2.710018e-01	1.563752e+00
273	3.637704e-01	2.963964e-01	1.498290e+00
274	4.228860e-01	2.381709e-01	1.908647e+00
275	3.460787e-01	4.290587e-01	2.665852e+00
276	2.376490e-01	3.430653e-01	2.691255e+00
277	3.751469e-01	3.095799e-01	2.098192e+00
278	3.533341e-01	2.817697e-01	1.220811e+00
280	3.122129e-01	3.686338e-01	2.821202e+00
281	3.624098e-01	4.368705e-01	2.290669e+00
282	2.508842e-01	3.595300e-01	2.534929e+00
283	4.139022e-01	3.357885e-01	2.445042e+00
284	4.391575e-01	3.280112e-01	2.930630e+00
286	5.057700e-01	2.225209e-01	1.133854e+00
287	4.367284e-01	2.822144e-01	2.343429e+00
288	3.021161e-01	2.910714e-01	1.947728e+00
289	1.346234e-01	3.895651e-01	2.500733e+00
290	1.022256e-01	6.057151e-01	2.574011e+00
292	7.446541e-01	3.034811e-01	2.912066e+00
293	4.155779e-01	1.556914e-01	1.736688e+00
294	3.954468e-01	2.657699e-01	1.470933e+00
295	4.216957e-01	2.615378e-01	2.265266e+00
296	4.222187e-01	2.614869e-01	2.495848e+00
297	3.660103e-01	2.849541e-01	2.862237e+00
298	4.213043e-01	2.692043e-01	1.857841e+00
299	1.057879e-01	4.033951e-01	2.227162e+00
300	3.734787e-01	3.005018e-01	1.627259e+00
301	2.343055e-01	4.486965e-01	2.506595e+00
302	3.972866e-01	2.754949e-01	2.762579e+00
303	3.082717e-01	3.130590e-01	2.459697e+00
304	3.826166e-01	2.982750e-01	1.689790e+00
305	3.957025e-01	3.005676e-01	1.565706e+00
306	3.053395e-01	3.342807e-01	1.125061e+00
307	3.806809e-01	2.815876e-01	2.528090e+00
308	4.289427e-01	3.024947e-01	1.121153e+00
309	3.428080e-01	2.969487e-01	1.169028e+00
310	3.268334e-01	3.338834e-01	1.555936e+00
311	3.669680e-01	3.618617e-01	1.885198e+00
312	3.268712e-01	2.386684e-01	2.989253e+00
313	3.769589e-01	2.641635e-01	2.081583e+00
314	3.657544e-01	3.248198e-01	1.052760e+00
315	5.455314e-01	2.047471e-01	2.633610e+00
316	3.910470e-01	3.930886e-01	1.623351e+00
317	2.796028e-01	3.769902e-01	2.443087e+00
318	4.045391e-01	2.971860e-01	2.989253e+00
319	3.658656e-01	3.234214e-01	2.095261e+00
320	3.045120e-01	2.293443e-01	2.862237e+00
321	5.773875e-01	1.666098e-01	1.942843e+00
322	5.291994e-01	2.207225e-01	1.455300e+00
323	4.278499e-01	6.519481e-02	1.022472e+00
324	4.508917e-01	2.854694e-01	1.734734e+00
325	4.386958e-01	3.202141e-01	2.170493e+00
326	2.483109e-01	4.303212e-01	2.626771e+00
328	6.418432e-01	1.172079e-01	1.801172e+00
329	3.914534e-01	2.965058e-01	1.461163e+00
330	3.833432e-01	2.854288e-01	1.730826e+00
331	3.697623e-01	2.956242e-01	2.535906e+00
332	3.573575e-01	2.305890e-01	2.234978e+00
333	3.789392e-01	3.240656e-01	2.740107e+00
335	3.419617e-01	2.983725e-01	2.902296e+00
336	4.699207e-01	1.913840e-01	1.495359e+00
337	3.617276e-01	3.060917e-01	2.727406e+00
338	2.792384e-01	3.729031e-01	2.315095e+00
339	2.794916e-01	3.739347e-01	2.528090e+00
340	3.852567e-01	2.903243e-01	2.943332e+00
341	1.218951e-01	1.985083e-01	2.339521e+00
342	3.530183e-01	3.507395e-01	1.752320e+00
343	4.703656e-01	3.413826e-01	2.184172e+00
346	3.711656e-01	2.717175e-01	2.741085e+00
347	5.333205e-01	2.865959e-01	2.190034e+00
348	2.913533e-01	4.054822e-01	1.921348e+00
349	4.061618e-01	2.745493e-01	1.197362e+00
350	4.036202e-01	2.755811e-01	2.764533e+00
351	3.616390e-01	2.977675e-01	1.541280e+00
352	3.929673e-01	2.850313e-01	1.943820e+00
353	4.452260e-01	2.089671e-01	2.209575e+00
354	5.026099e-01	1.778509e-01	1.017587e+00
355	3.165048e-01	2.413309e-01	1.306790e+00
356	2.912880e-01	2.478324e-01	2.435271e+00
358	4.383117e-01	2.195761e-01	1.327308e+00
359	4.069410e-01	3.980285e-01	2.742062e+00
361	4.155092e-01	3.337316e-01	2.267220e+00
363	3.825756e-01	2.716928e-01	2.073766e+00
364	3.500861e-01	3.545187e-01	2.385442e+00
365	3.597584e-01	2.720787e-01	2.814362e+00
366	2.913542e-01	3.480743e-01	2.371764e+00
367	3.890640e-01	2.973189e-01	2.407914e+00
368	3.808596e-01	2.568792e-01	1.623351e+00
369	4.010756e-01	2.965565e-01	1.573522e+00
370	3.796014e-01	2.531770e-01	2.355154e+00
371	2.915355e-01	3.398929e-01	1.601856e+00
372	3.874213e-01	3.489286e-01	1.526624e+00
373	3.999283e-01	3.373537e-01	1.977040e+00
374	4.020345e-01	2.573349e-01	1.844162e+00
375	3.618900e-01	3.106265e-01	1.286273e+00
378	3.115161e-01	2.966108e-01	1.008793e+00
379	3.883251e-01	2.992900e-01	2.974597e+00
380	4.360564e-01	2.820753e-01	2.648266e+00
381	4.014220e-01	2.026841e-01	1.543234e+00
382	3.744501e-01	2.847335e-01	1.142648e+00
383	7.218410e-01	6.844168e-01	2.333659e+00
384	3.982027e-01	2.596782e-01	1.567660e+00
385	4.151109e-01	3.302681e-01	2.407914e+00
386	2.997596e-01	1.219549e-01	1.787494e+00
387	4.509850e-01	4.454664e-01	1.712262e+00
388	4.341820e-01	2.848436e-01	1.139717e+00
390	3.956159e-01	2.750179e-01	1.407426e+00
391	5.619468e-01	2.681483e-01	1.186615e+00
392	4.196365e-01	2.654105e-01	1.006839e+00
394	4.576910e-01	4.095970e-01	2.866146e+00
395	3.774359e-01	3.502769e-01	2.410845e+00
398	2.298432e-01	3.463308e-01	2.904250e+00
400	4.423249e-01	2.526225e-01	2.772350e+00
401	2.654879e-01	2.917910e-01	1.393747e+00
402	3.709108e-01	2.941206e-01	1.322423e+00
403	2.883383e-01	3.413431e-01	2.872985e+00
404	3.840263e-01	2.115542e-01	1.795310e+00
405	3.689032e-01	2.933550e-01	2.446996e+00
408	3.627627e-01	3.121514e-01	2.122618e+00
409	3.656575e-01	3.249255e-01	1.518808e+00
410	5.259925e-01	1.884661e-01	1.922325e+00
412	3.702900e-01	4.305592e-01	2.882755e+00
414	4.502766e-01	4.694509e-01	1.896922e+00
416	4.040705e-01	1.982990e-01	1.280410e+00
417	4.232642e-01	2.617063e-01	2.227162e+00
418	3.787885e-01	3.251186e-01	2.758671e+00
419	2.720402e-01	4.446501e-01	2.065950e+00
420	4.498217e-01	2.426484e-01	2.140205e+00
421	3.884379e-01	2.835074e-01	2.755740e+00
423	3.987146e-01	2.191730e-01	1.138740e+00
424	5.039210e-01	5.216175e-01	1.944797e+00
425	3.463870e-01	3.396317e-01	1.255984e+00
426	3.395298e-01	3.500399e-01	1.587201e+00
427	4.983115e-01	2.786835e-01	1.785540e+00
428	3.744755e-01	2.722200e-01	2.788959e+00
430	3.544957e-01	3.062656e-01	2.813385e+00
431	3.788106e-01	2.872903e-01	2.353200e+00
432	5.311858e-01	2.499357e-01	2.165608e+00
433	4.040927e-01	2.711971e-01	1.696629e+00
434	4.028440e-01	3.055462e-01	2.678554e+00
435	3.880498e-01	4.230553e-01	2.476307e+00
436	3.797640e-01	3.002856e-01	1.274548e+00
437	3.715835e-01	3.000822e-01	1.454323e+00
438	4.438732e-01	2.086007e-01	2.462628e+00
439	3.202276e-01	3.410040e-01	2.689301e+00
440	4.952767e-01	2.504154e-01	2.250611e+00
441	4.670625e-01	2.421247e-01	1.272594e+00
443	4.395930e-01	1.086796e-01	1.306790e+00
444	3.393880e-01	3.215924e-01	1.904739e+00
445	3.620665e-01	3.019718e-01	2.173425e+00
446	3.183980e-01	3.070311e-01	2.075721e+00
447	3.747370e-01	2.790527e-01	1.809966e+00
448	2.996160e-01	3.239218e-01	2.105032e+00
450	3.842982e-01	2.878478e-01	2.270151e+00
451	3.855872e-01	2.008500e-01	2.602345e+00
453	3.398486e-01	2.928519e-01	2.965804e+00
454	4.809163e-01	2.267394e-01	1.648754e+00
456	4.519587e-01	2.412024e-01	2.598437e+00
457	3.602452e-01	4.186567e-01	2.737176e+00
458	2.875585e-01	3.044221e-01	2.069858e+00
459	3.613441e-01	2.694233e-01	1.787494e+00
465	4.266896e-01	1.051773e-01	1.374206e+00
466	3.713634e-01	2.626563e-01	2.722521e+00
469	3.871510e-01	2.716787e-01	1.923302e+00
470	3.538158e-01	3.234114e-01	2.440156e+00
471	3.958861e-01	2.222478e-01	1.579384e+00
472	7.075562e-01	2.206820e-01	1.672203e+00
473	3.193260e-01	2.990832e-01	2.336590e+00
475	3.640522e-01	2.149035e-01	2.716659e+00
477	4.327846e-01	2.431902e-01	1.643869e+00
478	4.535379e-01	2.529431e-01	2.909135e+00
479	4.028474e-01	2.820250e-01	1.161212e+00
481	3.832961e-01	4.168552e-01	2.193942e+00
484	3.459229e-01	2.870303e-01	1.802149e+00
486	3.810093e-01	2.822692e-01	1.545188e+00
487	3.535080e-01	3.226393e-01	2.279922e+00
489	3.837855e-01	2.959331e-01	1.959453e+00
490	1.651317e-01	4.039743e-01	1.738642e+00
491	4.113933e-01	3.000389e-01	2.440156e+00
492	3.020414e-01	3.803619e-01	2.083537e+00
493	4.110581e-01	3.780733e-01	2.392281e+00
496	3.251109e-01	1.542678e-01	1.087934e+00
498	3.574963e-01	2.965703e-01	1.115291e+00
499	3.685603e-01	2.414513e-01	2.144113e+00
501	4.624342e-01	2.839613e-01	2.159746e+00
503	4.002492e-01	2.746568e-01	1.271617e+00
504	3.429770e-01	4.886931e-01	2.054226e+00
507	3.735415e-01	3.250000e-01	1.613581e+00
509	3.549424e-01	3.494722e-01	2.981436e+00
511	4.458186e-01	1.298748e-02	2.231070e+00
513	8.657880e-01	5.071798e-01	1.246214e+00
516	3.801789e-01	2.655234e-01	2.757694e+00
517	2.574003e-01	3.002637e-01	2.084514e+00
520	3.403535e-01	3.665837e-01	1.586224e+00
522	4.082128e-01	2.440806e-01	2.185149e+00
524	1.611739e-01	2.891638e-01	2.084514e+00
525	1.606909e-01	2.886360e-01	1.408403e+00
526	3.462727e-01	2.767747e-01	2.352223e+00
528	4.442918e-01	4.895780e-01	1.533464e+00
529	3.934425e-01	2.913046e-01	2.446019e+00
530	3.737934e-01	2.042342e-01	2.926722e+00
531	2.902022e-01	2.962626e-01	1.084025e+00
533	2.801856e-01	4.878073e-01	2.611138e+00
537	1.565319e-01	2.204644e-02	2.603322e+00
539	3.392881e-01	3.041001e-01	2.463605e+00
543	3.800429e-01	3.580471e-01	1.242306e+00
544	4.626170e-01	3.059791e-01	2.037616e+00
547	3.850124e-01	2.926162e-01	1.646800e+00
553	3.800484e-01	3.280900e-01	1.878359e+00
556	3.426793e-01	2.292908e-01	1.212018e+00
560	4.083933e-01	2.873045e-01	1.053737e+00
562	3.868461e-01	3.175231e-01	1.044944e+00
564	2.486164e-01	2.389586e-01	1.094773e+00
565	2.060196e-01	2.056243e-01	2.268197e+00
566	3.102447e-01	2.391543e-01	1.097704e+00
567	3.445835e-01	2.308344e-01	2.065950e+00
570	3.506093e-01	3.209310e-01	1.285296e+00
573	5.281261e-01	1.989876e-01	1.219834e+00
575	4.558820e-01	4.233768e-01	1.007816e+00
576	5.814380e-01	7.896126e-02	2.849536e+00
577	4.284592e-01	2.725270e-01	1.483635e+00
579	3.987104e-01	3.153659e-01	2.288715e+00
580	2.435687e-01	3.213801e-01	1.581339e+00
582	4.930114e-01	2.487997e-01	1.807035e+00
583	3.793084e-01	2.640985e-01	2.197851e+00
584	3.374117e-01	3.557523e-01	1.321446e+00
586	3.447665e-01	2.824026e-02	1.521739e+00
587	3.108332e-01	3.509584e-01	2.106009e+00
588	4.097574e-01	2.358877e-01	2.735222e+00
591	6.018943e-01	2.360859e-01	1.228627e+00
592	3.619608e-01	3.226640e-01	1.098681e+00
594	4.585557e-01	2.842241e-01	1.208109e+00
595	4.105246e-01	2.747744e-01	1.270640e+00
599	3.548081e-01	3.929750e-01	2.349292e+00
600	3.934572e-01	1.352248e-01	2.289692e+00
601	4.155875e-01	2.585905e-01	1.889106e+00
607	3.477055e-01	2.505781e-01	2.792868e+00
608	4.641805e-01	2.248058e-01	1.011724e+00
609	3.760994e-01	2.680591e-01	2.946263e+00
615	3.605697e-01	3.735054e-01	1.040059e+00
616	5.284395e-01	2.981734e-01	1.645823e+00
618	4.730379e-01	2.484296e-01	1.924279e+00
619	5.274552e-01	2.256115e-01	2.144113e+00
620	5.929840e-01	4.294005e-02	1.978994e+00
621	3.912851e-01	3.962350e-01	1.876404e+00
624	1.724606e-01	4.088331e-01	2.516365e+00
627	4.864090e-01	3.290989e-01	1.796287e+00
628	4.156383e-01	1.589440e-01	2.237909e+00
630	2.212821e-01	2.157702e-01	2.738153e+00
633	3.743644e-01	2.705078e-01	2.410845e+00
634	4.536057e-01	2.579777e-01	1.236444e+00
637	2.287097e-01	2.739745e-01	1.903762e+00
638	2.044830e-01	3.974790e-01	2.901319e+00
639	3.923947e-01	3.100016e-01	2.812408e+00
640	3.841362e-01	3.084942e-01	2.842697e+00
644	3.967629e-01	3.340420e-01	2.512457e+00
645	5.859582e-01	2.810804e-02	2.938447e+00
647	2.275950e-01	4.090717e-01	2.632633e+00
649	4.701164e-01	3.042993e-01	1.725940e+00
651	3.732897e-01	3.703860e-01	2.279922e+00
652	3.408807e-01	2.805920e-01	1.312653e+00
654	3.577099e-01	3.414132e-01	2.583781e+00
656	3.328071e-01	2.377248e-01	1.020518e+00
658	5.025637e-01	2.522698e-01	1.672203e+00
659	1.718908e-01	3.703512e-01	2.890572e+00
660	2.014236e-01	3.215422e-01	1.056668e+00
661	1.587412e-01	5.201139e-01	2.433317e+00
664	3.201106e-01	3.781834e-01	1.106497e+00
667	2.120328e-01	1.112906e-01	1.068393e+00
668	4.363353e-01	1.516567e-01	2.941378e+00
670	3.568001e-01	2.902601e-01	2.181241e+00
671	3.018703e-01	4.700846e-01	1.950660e+00
672	4.704954e-01	1.631901e-01	2.817294e+00
673	2.426681e-01	2.988852e-01	2.537860e+00
674	2.587084e-01	5.398773e-01	2.760625e+00
675	3.398799e-01	3.633023e-01	1.672203e+00
676	5.993593e-01	1.027415e-01	2.255496e+00
678	9.010098e-01	5.725657e-01	2.169516e+00
679	4.099678e-01	2.649956e-01	1.255984e+00
680	3.534573e-01	3.964620e-01	1.235467e+00
681	4.055111e-01	4.189298e-01	1.978994e+00
683	3.965034e-01	4.129067e-01	1.367367e+00
684	2.498042e-01	3.179590e-01	2.766488e+00
685	3.401002e-01	3.272705e-01	2.958964e+00
687	5.308902e-01	2.971924e-01	1.147533e+00
691	1.768244e-01	3.932663e-01	2.362970e+00
693	5.276574e-01	2.377241e-01	1.209086e+00
695	4.462630e-01	4.255481e-01	1.394724e+00
696	3.760512e-01	4.360163e-01	2.200782e+00
697	3.870068e-01	2.726194e-01	1.453346e+00
698	2.246400e-01	2.899531e-01	1.420127e+00
703	4.050673e-01	2.463287e-01	2.173425e+00
707	5.996928e-01	2.122047e-01	1.444553e+00
709	3.034979e-01	3.896330e-01	2.259404e+00
711	2.441868e-01	2.416644e-01	1.732780e+00
712	3.656406e-01	4.035828e-01	2.027846e+00
713	4.273406e-01	2.777984e-01	1.011724e+00
714	3.952048e-01	3.101343e-01	1.006839e+00
717	4.557306e-01	3.147595e-01	1.120176e+00
718	4.050000e-01	2.687180e-01	1.045921e+00
719	3.216725e-01	3.349025e-01	2.993161e+00
722	1.076301e-01	6.431878e-01	3.000000e+00
723	2.526306e-01	3.395598e-01	2.970689e+00
725	3.350446e-01	3.869846e-01	1.774792e+00
726	3.726718e-01	3.754575e-01	1.883244e+00
727	3.642333e-01	7.500907e-02	2.623840e+00
728	2.365023e-01	3.566950e-01	1.694675e+00
729	2.885052e-01	3.500882e-01	2.360039e+00
732	3.989654e-01	2.776822e-01	2.760625e+00
734	2.647216e-01	3.419004e-01	2.745970e+00
735	5.427641e-01	3.451416e-01	1.817782e+00
736	4.501251e-01	2.448950e-01	2.519297e+00
738	4.718622e-01	3.228535e-01	2.439179e+00
739	3.101168e-01	3.442114e-01	2.870054e+00
740	5.573754e-01	8.150865e-02	1.413288e+00
745	4.582441e-01	2.094512e-01	2.548608e+00
746	3.137929e-01	3.421592e-01	2.561309e+00
747	1.832742e-01	5.618213e-01	2.958964e+00
748	4.702751e-01	3.948213e-01	1.332193e+00
750	1.465114e-01	7.999703e-01	1.373229e+00
753	4.064548e-01	2.087314e-01	2.411822e+00
757	5.288035e-01	2.562250e-01	2.571080e+00
758	1.556587e-01	7.831775e-01	1.398632e+00
759	3.681538e-01	3.072562e-01	1.922325e+00
764	3.917487e-01	1.619155e-01	2.676600e+00
765	3.793030e-01	1.405478e-01	1.760137e+00
766	6.047417e-01	2.511414e-01	2.299463e+00
767	8.972775e-02	8.143369e-01	2.943332e+00
770	3.448542e-01	2.665226e-01	1.634099e+00
771	3.508830e-01	1.906088e-01	2.033708e+00
774	3.219381e-01	2.305752e-01	2.382511e+00
775	4.227651e-01	3.263620e-01	1.186615e+00
779	3.269827e-01	4.070267e-01	2.059111e+00
780	3.919810e-01	4.663968e-01	2.211529e+00
781	3.789320e-01	3.184303e-01	1.969223e+00
783	4.166939e-01	2.883676e-01	2.660967e+00
784	3.807720e-01	2.241717e-01	1.264778e+00
786	5.784359e-01	1.347231e-01	2.458720e+00
787	2.497089e-01	2.073840e-01	2.456766e+00
789	4.003341e-01	3.805274e-01	1.259893e+00
790	3.585193e-01	3.621076e-01	2.648266e+00
792	4.018029e-01	3.656366e-01	2.183195e+00
796	4.420908e-01	1.963158e-01	1.929165e+00
798	3.514732e-01	3.396599e-01	2.224231e+00
800	3.399213e-01	4.268232e-01	1.419150e+00
801	1.475927e-01	4.727015e-01	1.386908e+00
802	3.325709e-01	1.895417e-01	1.342941e+00
803	3.279855e-01	3.159482e-01	1.537372e+00
804	3.831358e-01	1.851858e-01	2.935515e+00
805	3.342345e-01	2.796383e-01	1.399609e+00
806	4.077135e-01	3.597625e-01	2.243771e+00
807	3.329716e-01	3.120893e-01	2.256473e+00
809	3.779027e-01	1.207644e-01	1.851979e+00
810	4.143095e-01	2.982152e-01	1.418173e+00
811	5.218060e-01	2.660020e-01	1.005862e+00
812	5.798373e-01	2.028536e-01	1.509038e+00
813	3.266200e-01	2.416238e-01	1.317538e+00
814	3.694174e-01	2.301202e-01	1.980948e+00
815	2.808856e-01	3.162208e-01	2.222277e+00
816	5.418330e-01	2.737256e-01	2.837811e+00
817	3.853929e-01	3.516493e-01	2.277968e+00
818	3.670237e-01	2.134291e-01	2.452858e+00
819	3.597373e-01	2.023301e-02	2.862237e+00
820	4.295661e-01	1.952258e-02	1.611627e+00
821	3.271483e-01	3.039294e-01	1.969223e+00
822	3.813056e-01	3.233836e-01	1.106497e+00
823	3.078330e-01	3.183646e-01	1.281387e+00
824	4.810846e-01	1.463586e-01	2.533952e+00
825	4.503789e-01	3.403884e-01	1.889106e+00
827	3.283485e-01	3.584243e-01	2.298486e+00
828	3.205812e-01	1.728499e-01	2.558378e+00
829	3.543751e-01	5.103544e-01	2.571080e+00
831	4.148123e-01	4.406609e-01	2.940401e+00
832	4.736646e-01	2.752510e-01	1.401563e+00
833	3.828710e-01	1.996013e-01	2.862237e+00
835	3.592012e-01	3.893174e-01	2.241817e+00
836	2.483522e-01	1.873737e-01	2.984367e+00
837	3.914024e-01	2.715528e-01	2.499756e+00
838	3.880744e-01	3.582884e-01	1.435760e+00
839	4.065246e-01	1.763228e-01	2.121641e+00
841	4.783824e-01	2.058922e-01	2.920860e+00
842	3.423974e-01	3.406508e-01	1.905716e+00
843	3.974825e-01	3.534686e-01	1.081094e+00
844	4.654102e-01	3.395943e-01	1.834392e+00
845	4.747631e-01	2.676589e-01	2.002443e+00
846	3.168964e-01	2.863532e-01	1.444553e+00
847	4.390413e-01	2.468819e-01	1.358574e+00
848	1.114580e-01	1.256571e-01	1.159257e+00
849	3.050916e-01	3.338390e-01	1.700537e+00
850	3.283463e-01	2.470485e-01	2.943332e+00
851	8.043698e-01	5.673524e-01	1.835369e+00
855	2.944898e-01	2.677302e-01	1.556913e+00
856	4.381590e-01	2.461861e-01	2.148999e+00
857	3.767991e-01	2.884216e-01	2.275037e+00
858	3.377103e-01	3.198146e-01	2.697118e+00
859	3.760116e-01	2.946525e-01	1.516854e+00
864	4.056890e-01	2.815585e-01	2.787005e+00
865	4.075553e-01	3.089044e-01	2.812408e+00
866	4.537605e-01	1.221890e-01	1.940889e+00
867	4.207926e-01	1.800108e-01	2.656082e+00
868	4.176171e-01	2.351743e-01	1.982902e+00
869	5.694518e-01	1.919512e-01	2.681485e+00
870	4.021029e-01	3.822173e-01	1.810943e+00
872	8.056557e-01	2.383076e-01	1.715193e+00
877	3.292940e-01	2.521394e-01	2.221299e+00
881	4.352493e-01	1.895041e-01	2.234001e+00
883	4.577392e-01	4.011688e-01	1.553981e+00
884	4.321071e-01	2.152646e-01	1.560821e+00
885	3.009246e-01	4.030212e-01	2.672692e+00
886	3.830017e-01	3.030303e-01	1.471910e+00
888	4.111962e-01	3.706668e-01	2.205667e+00
889	2.763182e-01	3.946535e-01	2.599414e+00
890	8.184276e-01	2.548970e-01	2.873962e+00
891	5.692718e-01	1.312976e-01	2.733268e+00
892	8.704418e-01	2.491171e-01	1.692721e+00
893	5.211908e-01	2.011361e-01	1.432829e+00
894	4.239664e-01	2.649842e-01	1.474841e+00
897	4.593978e-01	1.578299e-01	1.455300e+00
898	5.046538e-01	1.733674e-01	1.036150e+00
899	3.632339e-01	2.424298e-01	1.672203e+00
900	6.359766e-01	5.826810e-01	2.243771e+00
905	4.538120e-01	1.212631e-01	2.315095e+00
907	6.428941e-01	4.415508e-01	1.438691e+00
908	4.168691e-01	4.784379e-01	1.001954e+00
909	3.849716e-01	2.571612e-01	1.146556e+00
911	2.843769e-01	3.493532e-01	2.471422e+00
912	5.735309e-01	2.584553e-01	2.209575e+00
914	3.768405e-01	2.976385e-01	1.936004e+00
915	5.408667e-01	5.676272e-01	2.843674e+00
916	6.507222e-01	2.521526e-01	1.057645e+00
917	3.003293e-01	6.409102e-02	2.896434e+00
918	3.623425e-01	1.712567e-01	2.112848e+00
919	3.359675e-01	3.254707e-01	2.553493e+00
921	2.502221e-01	2.733989e-01	1.271617e+00
922	2.936631e-01	2.895705e-01	2.916952e+00
923	3.309305e-01	2.232618e-01	1.081094e+00
924	5.028471e-01	3.924525e-01	2.581827e+00
925	2.104969e-01	3.041569e-01	1.394724e+00
926	5.443839e-01	4.105356e-01	1.289204e+00
927	3.041627e-01	3.241531e-01	1.961407e+00
929	3.182901e-01	3.746694e-01	1.743527e+00
930	3.800067e-01	2.640214e-01	2.718613e+00
931	3.376733e-01	2.890096e-01	1.908647e+00
932	4.547581e-01	2.204695e-01	1.399609e+00
933	1.719847e-01	2.089268e-01	2.980459e+00
934	4.676298e-01	2.275401e-01	2.603322e+00
935	4.775135e-01	1.792788e-01	2.267220e+00
936	3.971789e-01	2.174364e-01	1.400586e+00
937	3.393590e-01	4.327755e-01	2.249634e+00
938	3.067552e-01	2.361905e-01	1.248168e+00
939	3.450925e-01	3.303171e-01	1.234489e+00
940	6.728106e-01	1.753657e-01	2.559355e+00
941	3.770059e-01	2.570007e-01	2.848559e+00
942	4.704234e-01	4.034611e-01	1.495359e+00
943	1.562333e-01	2.436338e-01	2.346361e+00
944	1.653333e-01	3.710121e-01	1.812897e+00
945	4.647475e-01	2.795931e-01	2.016121e+00
946	3.444072e-01	2.789302e-01	1.676111e+00
947	4.826151e-01	2.861460e-01	1.307767e+00
948	3.561526e-01	2.384463e-01	1.727894e+00
949	5.726773e-01	3.034503e-01	1.587201e+00
950	2.101848e-01	2.664269e-01	2.820225e+00
951	3.670705e-01	3.324771e-01	2.234978e+00
952	9.000732e-02	1.169505e-01	2.393258e+00
953	3.714038e-01	2.184922e-01	1.537372e+00
954	4.179436e-01	2.981069e-01	2.814362e+00
955	3.627817e-01	2.809586e-01	2.472399e+00
956	3.617670e-01	3.105378e-01	2.402052e+00
957	3.294381e-01	3.492487e-01	2.220322e+00
958	4.751166e-01	2.336387e-01	1.127992e+00
959	3.480583e-01	2.785129e-01	1.184660e+00
960	4.203472e-01	2.813364e-01	1.655594e+00
961	3.140358e-01	3.507018e-01	2.473376e+00
962	4.150930e-01	2.198976e-01	2.125550e+00
963	2.492726e-01	1.034286e-01	1.407426e+00
964	2.845591e-01	4.782359e-01	1.067416e+00
965	3.750884e-01	2.037430e-01	1.183683e+00
966	3.689737e-01	2.470824e-01	1.849047e+00
967	4.184817e-01	2.533521e-01	1.107474e+00
968	1.647235e-01	2.665980e-01	2.902296e+00
969	3.500906e-01	2.725028e-01	2.884709e+00
970	5.192102e-01	2.731193e-01	2.418661e+00
971	3.577826e-01	3.056038e-01	2.088422e+00
972	3.935735e-01	1.396124e-01	1.675134e+00
973	2.267043e-01	4.120352e-01	1.717147e+00
974	3.918538e-01	1.053836e-01	1.874450e+00
975	3.782764e-01	2.149093e-01	2.744993e+00
976	2.467120e-01	3.240925e-01	1.101612e+00
977	3.556829e-01	2.929930e-01	1.860772e+00
978	3.462790e-01	3.010112e-01	1.997557e+00
979	4.065405e-01	3.636350e-01	2.080606e+00
980	4.899706e-01	2.669312e-01	1.262824e+00
981	3.478324e-01	2.107788e-01	1.952614e+00
982	3.570246e-01	2.822705e-01	1.681974e+00
983	3.912011e-01	2.982126e-01	2.354177e+00
984	3.471366e-01	7.808989e-02	2.705911e+00
985	4.239007e-01	3.632288e-01	1.297997e+00
986	3.978077e-01	3.163725e-01	1.593063e+00
987	4.089093e-01	2.615796e-01	2.944309e+00
988	3.690823e-01	2.122609e-01	2.695164e+00
989	3.336569e-01	3.512001e-01	1.071324e+00
990	3.280490e-01	1.668293e-01	2.562286e+00
991	3.806756e-01	1.963882e-01	1.097704e+00
992	3.850908e-01	3.183416e-01	2.033708e+00
993	5.199172e-01	3.309657e-01	1.891060e+00
994	3.953574e-01	2.592379e-01	1.226673e+00
995	2.761579e-01	4.274815e-01	2.096238e+00
996	5.004917e-01	2.314974e-01	2.234978e+00
997	2.986968e-01	2.634444e-01	2.601368e+00
998	5.526955e-01	2.116399e-01	2.107963e+00
999	3.882793e-01	2.969335e-01	1.499267e+00
1000	3.560516e-01	3.310530e-01	1.192477e+00
1001	4.294783e-01	3.355759e-01	2.937469e+00
1002	4.493850e-01	3.613551e-01	1.183683e+00
1003	3.160998e-01	3.546337e-01	1.053737e+00
1004	3.980007e-01	2.268360e-01	1.540303e+00
1005	3.198283e-01	1.700120e-01	1.446507e+00
1006	4.397442e-01	2.779547e-01	2.942355e+00
1007	3.745050e-01	2.744082e-01	2.766488e+00
1008	2.845848e-01	2.317706e-01	2.502687e+00
1009	4.200837e-01	3.062517e-01	2.005374e+00
1011	1.733118e-01	1.370938e-01	1.217880e+00
1012	4.709501e-01	4.982098e-01	1.148510e+00
1013	5.494834e-01	2.166411e-01	2.778212e+00
1014	3.902852e-01	2.615950e-01	1.774792e+00
1015	3.226028e-01	2.735516e-01	1.070347e+00
1016	5.416762e-01	2.916735e-01	2.073766e+00
1017	4.343615e-01	2.914424e-01	2.753786e+00
1018	3.950391e-01	2.508781e-01	2.888617e+00
1019	3.753355e-01	1.639374e-01	2.135320e+00
1020	5.024810e-01	2.834775e-01	2.933561e+00
1021	3.219596e-01	2.541954e-01	1.530532e+00
1022	2.393268e-01	3.913021e-01	1.125061e+00
1023	4.173544e-01	2.469900e-01	1.849047e+00
1024	3.680544e-01	2.108372e-01	1.952614e+00
1025	6.201560e-01	1.935569e-01	2.357108e+00
1026	3.788799e-01	3.846968e-01	2.956033e+00
1027	4.013546e-01	3.339067e-01	2.441133e+00
1028	3.464137e-01	2.209993e-01	2.395213e+00
1029	4.526080e-01	3.257324e-01	2.361993e+00
1030	3.552182e-01	3.075877e-01	2.494871e+00
1031	3.296978e-01	3.471844e-01	2.136297e+00
1032	3.640844e-01	2.882432e-01	2.439179e+00
1033	4.567618e-01	2.139768e-01	2.826087e+00
1034	3.785825e-01	2.332304e-01	1.697606e+00
1036	3.536302e-01	2.876468e-01	1.542257e+00
1037	7.697001e-01	6.939697e-01	1.505129e+00
1038	3.628330e-01	2.250488e-01	1.581339e+00
1039	4.348834e-01	3.250288e-01	1.295066e+00
1040	5.505070e-01	4.821024e-01	2.208598e+00
1041	4.083376e-01	2.853780e-01	2.112848e+00
1042	3.121030e-01	2.999541e-01	2.228139e+00
1043	3.406951e-01	3.156177e-01	2.269174e+00
1044	3.016446e-01	3.139993e-01	2.771373e+00
1045	3.214913e-01	2.886015e-01	1.791402e+00
1046	3.853848e-01	3.522164e-01	1.061553e+00
1047	3.619243e-01	2.757188e-01	2.832926e+00
1048	7.569700e-01	2.808627e-01	1.816805e+00
1049	5.135631e-01	2.672066e-01	1.827553e+00
1051	3.900275e-01	2.908509e-01	1.144602e+00
1052	3.664557e-01	2.710005e-01	1.867611e+00
1053	4.150212e-01	2.065657e-01	2.828041e+00
1055	4.295741e-01	3.648862e-01	1.981925e+00
1056	4.140428e-01	3.654204e-01	2.776258e+00
1057	2.718292e-01	3.218329e-01	1.376160e+00
1058	3.882600e-01	2.319303e-01	1.646800e+00
1059	3.773657e-01	3.455555e-01	2.625794e+00
1061	4.274091e-01	2.540082e-01	2.682462e+00
1063	4.896299e-01	3.176128e-01	2.836834e+00
1064	4.395609e-01	2.721773e-01	2.172447e+00
1065	3.948379e-01	2.534044e-01	1.674157e+00
1067	3.634686e-01	3.160093e-01	1.950660e+00
1068	3.003194e-01	4.268451e-01	2.468490e+00
1069	3.042132e-01	2.269345e-01	2.561309e+00
1070	4.120330e-01	3.769410e-01	1.900830e+00
1071	3.469255e-01	3.325598e-01	1.683928e+00
1072	3.785197e-01	2.987494e-01	1.636053e+00
1073	4.203957e-01	2.857158e-01	2.679531e+00
1074	3.912637e-01	2.937856e-01	1.704446e+00
1075	3.930700e-01	2.712731e-01	2.700049e+00
1076	4.226415e-01	3.199832e-01	2.720567e+00
1077	5.472326e-01	1.053374e-01	2.315095e+00
1078	4.303795e-01	3.613479e-01	1.895945e+00
1079	3.731316e-01	2.125054e-01	2.224231e+00
1080	3.619901e-01	2.827881e-01	2.815340e+00
1081	3.839613e-01	4.054616e-01	2.858329e+00
1082	3.128237e-01	3.661969e-01	1.717147e+00
1083	3.755991e-01	2.873575e-01	2.173425e+00
1084	3.645745e-01	4.065567e-01	2.585735e+00
1085	3.147844e-01	2.250789e-01	2.657059e+00
1086	4.462856e-01	1.874090e-01	2.276991e+00
1087	3.462098e-01	2.492551e-01	2.162677e+00
1089	4.183802e-01	1.844834e-01	2.195896e+00
1090	4.151164e-01	2.513344e-01	1.145579e+00
1091	3.108323e-01	6.984173e-01	2.082560e+00
1092	1.468467e-01	2.589006e-01	1.276502e+00
1094	3.276813e-01	3.741546e-01	2.548608e+00
1095	3.720890e-01	2.506498e-01	2.239863e+00
1096	4.310383e-01	2.999224e-01	2.051295e+00
1097	4.212972e-01	2.468397e-01	1.422081e+00
1099	3.289377e-01	3.017537e-01	2.954079e+00
1100	4.441878e-01	2.265019e-01	1.329262e+00
1101	4.392216e-01	2.700572e-01	2.976551e+00
1102	3.863763e-01	2.463565e-01	2.951148e+00
1103	4.255918e-01	2.500546e-01	2.518319e+00
1104	3.520962e-01	3.154367e-01	2.981436e+00
1105	3.253259e-01	3.676218e-01	2.454812e+00
1106	4.081726e-01	1.709832e-01	2.609184e+00
1107	3.597014e-01	2.732452e-01	2.993161e+00
1108	3.928994e-01	2.487163e-01	1.934050e+00
1110	3.835971e-01	3.059793e-01	2.075721e+00
1112	3.700656e-01	1.264319e-01	2.393258e+00
1113	3.683710e-01	2.801055e-01	2.895457e+00
1114	3.879197e-01	2.784848e-01	2.862237e+00
1116	2.405948e-01	2.598151e-01	2.458720e+00
1117	5.471084e-01	3.955326e-01	2.796776e+00
1118	3.626042e-01	3.259775e-01	2.902296e+00
1119	3.624640e-01	2.886058e-01	1.758183e+00
1121	4.886342e-01	3.339343e-01	1.007816e+00
1122	3.508224e-01	3.132689e-01	1.749389e+00
1123	4.772291e-01	2.278317e-01	2.521251e+00
1124	3.787191e-01	2.710851e-01	2.923791e+00
1125	3.735855e-01	1.662189e-01	1.164143e+00
1126	3.312423e-01	2.223997e-01	1.873473e+00
1127	5.573292e-01	2.023412e-01	2.126527e+00
1128	3.466148e-01	3.647292e-01	1.273571e+00
1129	3.631550e-01	3.326771e-01	2.563263e+00
1130	4.430880e-01	2.861645e-01	1.869565e+00
1131	3.698419e-01	3.089655e-01	1.325354e+00
1132	3.583186e-01	3.535159e-01	2.111871e+00
1133	4.169194e-01	1.741549e-01	2.736199e+00
1134	4.504856e-01	2.865310e-01	2.436248e+00
1135	3.589871e-01	3.313025e-01	1.894968e+00
1136	5.584554e-01	3.059880e-01	1.706400e+00
1137	2.866728e-01	4.209851e-01	2.099170e+00
1138	3.309837e-01	3.479173e-01	1.904739e+00
1139	4.026598e-01	2.488060e-01	2.138251e+00
1140	4.232540e-01	4.288517e-01	2.196873e+00
1141	3.885342e-01	2.851863e-01	2.827064e+00
1142	2.257068e-01	3.614519e-01	2.310210e+00
1143	3.142294e-01	3.041052e-01	1.335125e+00
1144	3.638428e-01	3.269444e-01	2.974597e+00
1145	3.372854e-01	3.277228e-01	2.719590e+00
1146	5.242341e-01	3.813838e-01	1.246214e+00
1147	1.777212e-01	2.669191e-01	2.170493e+00
1148	3.436303e-01	2.773579e-01	1.166097e+00
1149	4.696214e-01	1.905517e-01	1.371275e+00
1150	3.928614e-01	2.753957e-01	2.399121e+00
1151	2.285095e-01	3.850499e-01	2.064973e+00
1152	3.639915e-01	4.392823e-01	1.170005e+00
1153	3.372608e-01	2.031143e-01	2.560332e+00
1154	3.891761e-01	3.318113e-01	1.782609e+00
1155	3.705720e-01	9.452969e-02	2.902296e+00
1156	3.642968e-01	2.746766e-01	3.000000e+00
1157	3.202012e-01	2.962328e-01	1.047875e+00
1159	2.540405e-01	2.231324e-01	1.893014e+00
1160	3.209684e-01	2.869899e-01	1.280410e+00
1162	3.012254e-01	3.300245e-01	1.655594e+00
1163	3.803321e-01	2.340419e-01	2.885686e+00
1164	5.701605e-01	1.827150e-01	2.573034e+00
1166	4.753454e-01	2.746052e-01	2.524182e+00
1167	3.453991e-01	2.759700e-01	2.076698e+00
1168	3.310740e-01	2.872131e-01	2.651197e+00
1169	3.558915e-01	2.801928e-01	1.767953e+00
1171	3.459802e-01	3.297680e-01	1.411334e+00
1174	4.632385e-01	2.620212e-01	1.842208e+00
1175	3.738747e-01	2.258876e-01	2.734245e+00
1176	2.394684e-01	2.361225e-01	1.146556e+00
1177	3.694208e-01	3.359725e-01	2.650220e+00
1178	3.907157e-01	2.954711e-01	2.899365e+00
1179	1.893089e-01	3.849431e-01	2.624817e+00
1180	4.242618e-01	3.256548e-01	2.791891e+00
1181	4.666020e-01	1.627401e-01	1.443576e+00
1184	3.453697e-01	2.454103e-01	1.156326e+00
1185	4.096115e-01	2.397826e-01	2.619932e+00
1186	2.587121e-01	4.389803e-01	1.445530e+00
1187	3.333548e-01	3.626131e-01	1.825598e+00
1188	4.216551e-01	2.805675e-01	1.490474e+00
1189	4.657815e-01	2.766174e-01	2.922814e+00
1191	2.945481e-01	2.962787e-01	1.455300e+00
1192	4.434245e-01	3.622144e-01	1.888129e+00
1193	5.487558e-01	4.712372e-01	2.954079e+00
1194	3.712200e-01	2.381107e-01	2.640449e+00
1195	4.132074e-01	3.481066e-01	1.257938e+00
1196	4.615127e-01	2.785707e-01	2.626771e+00
1197	4.305214e-01	3.768214e-01	1.746458e+00
1198	3.690144e-01	2.373202e-01	1.221788e+00
1199	1.650134e-01	3.159374e-01	1.347826e+00
1200	3.485455e-01	4.659305e-01	2.531021e+00
1201	3.743435e-01	2.933586e-01	2.870054e+00
1202	3.727703e-01	3.275948e-01	3.000000e+00
1203	1.784038e-01	3.000351e-01	1.818759e+00
1204	4.596106e-01	3.973767e-01	1.163166e+00
1205	2.217114e-01	4.632548e-01	2.823156e+00
1206	3.581751e-01	2.892559e-01	1.397655e+00
1207	2.896838e-01	2.454443e-01	1.317538e+00
1208	4.148188e-01	3.345796e-01	1.383000e+00
1210	3.838903e-01	1.535488e-01	2.850513e+00
1211	5.025824e-01	2.296427e-01	2.454812e+00
1212	5.294053e-01	3.228395e-01	2.031754e+00
1213	3.733091e-01	2.498798e-01	1.637030e+00
1214	3.373213e-01	2.816143e-01	2.955056e+00
1215	3.684623e-01	2.570580e-01	2.632633e+00
1216	4.849435e-01	2.881388e-01	1.953591e+00
1217	3.906080e-01	3.022155e-01	2.460674e+00
1218	4.713118e-01	1.703074e-01	1.196385e+00
1220	2.596378e-01	1.508306e-01	2.021006e+00
1221	3.340219e-01	8.002491e-01	2.527113e+00
1222	3.554498e-01	3.968122e-01	2.543723e+00
1223	3.143517e-01	4.608292e-01	1.703468e+00
1224	3.978197e-01	3.158059e-01	1.115291e+00
1226	3.048220e-01	2.309087e-01	2.105032e+00
1227	4.379607e-01	2.808859e-01	2.441133e+00
1228	3.781500e-01	2.809081e-01	2.604299e+00
1229	3.725649e-01	3.732758e-01	2.390327e+00
1230	3.255878e-01	3.054370e-01	2.063996e+00
1231	3.374060e-01	2.350342e-01	2.043478e+00
1232	3.634198e-01	3.198531e-01	1.523693e+00
1233	3.762621e-01	3.110508e-01	1.969223e+00
1234	6.089733e-01	7.154235e-01	1.782609e+00
1235	3.654666e-01	4.263831e-01	2.079629e+00
1236	3.399827e-01	5.297758e-01	2.675623e+00
1237	3.375924e-01	2.824725e-01	2.221299e+00
1238	5.421613e-01	3.515148e-01	1.449438e+00
1239	3.206153e-01	3.093978e-01	2.145090e+00
1240	4.368823e-01	2.657568e-01	1.699560e+00
1241	3.521650e-01	2.629120e-01	1.530532e+00
1242	3.856319e-01	1.965143e-01	1.497313e+00
1243	3.862633e-01	2.547897e-01	2.941378e+00
1244	1.976874e-01	2.563480e-01	1.049829e+00
1245	1.080081e-01	1.329015e-01	2.659013e+00
1246	3.334381e-01	3.002534e-01	1.352711e+00
1247	4.135306e-01	1.228250e-01	2.130435e+00
1248	5.008145e-01	3.004705e-01	2.205667e+00
1249	3.071306e-01	3.621591e-01	2.596483e+00
1250	3.366433e-01	3.611974e-01	1.509038e+00
1251	3.329758e-01	2.350918e-01	2.791891e+00
1252	3.791482e-01	2.961848e-01	2.280899e+00
1253	4.439299e-01	2.862213e-01	2.403029e+00
1254	3.923668e-01	1.480380e-01	1.936981e+00
1255	4.962886e-01	1.578859e-01	1.296043e+00
1256	2.312004e-01	3.214439e-01	2.641426e+00
1257	4.179768e-01	2.845659e-01	2.440156e+00
1258	2.420860e-01	3.345991e-01	1.798241e+00
1261	3.118020e-01	2.972702e-01	2.961895e+00
1262	4.429993e-01	2.613070e-01	1.598925e+00
1263	3.903753e-01	3.771857e-01	2.942355e+00
1264	4.085261e-01	2.642155e-01	2.190034e+00
1266	3.818125e-01	1.897583e-01	1.212995e+00
1267	3.826204e-01	2.719254e-01	2.884709e+00
1268	4.035466e-01	2.908638e-01	1.595017e+00
1269	3.410378e-01	2.459928e-01	2.224231e+00
1270	3.998767e-01	2.537784e-01	2.834880e+00
1274	2.320547e-01	2.734863e-01	2.989253e+00
1275	3.984541e-01	3.026258e-01	2.994138e+00
1277	4.611635e-01	3.254550e-01	2.765511e+00
1278	3.799649e-01	3.276891e-01	2.046409e+00
1279	3.872281e-01	3.578095e-01	1.152418e+00
1280	4.764263e-01	4.550802e-01	2.244748e+00
1281	4.341061e-01	3.324110e-01	2.935515e+00
1282	3.393724e-01	3.564910e-01	2.528090e+00
1283	2.915289e-01	4.487661e-01	1.950660e+00
1284	3.190456e-01	3.317284e-01	2.106009e+00
1285	3.476022e-01	3.311993e-01	2.655105e+00
1286	3.884233e-01	3.915344e-01	2.695164e+00
1288	3.097385e-01	2.680920e-01	2.430386e+00
1289	1.323378e-01	3.457404e-01	2.187103e+00
1290	4.522372e-01	2.910293e-01	2.880801e+00
1291	4.546050e-01	3.193668e-01	1.118222e+00
1293	3.874978e-01	2.242531e-01	2.978505e+00
1294	4.291723e-01	3.548669e-01	2.590620e+00
1295	5.942726e-01	1.270061e-01	1.416219e+00
1297	2.059309e-01	3.080708e-01	1.291158e+00
1298	4.032060e-01	2.146862e-01	1.170005e+00
1299	3.560959e-01	3.343608e-01	2.727406e+00
1300	3.689959e-01	2.749625e-01	2.416707e+00
1301	3.539180e-01	2.529669e-01	1.214949e+00
1303	3.723502e-01	3.182970e-01	2.152907e+00
1304	4.336134e-01	3.629536e-01	1.657548e+00
1305	1.798032e-01	2.366057e-01	2.051295e+00
1306	3.752367e-01	2.814266e-01	2.519297e+00
1307	3.826646e-01	2.676767e-01	1.166097e+00
1308	3.622252e-01	2.314382e-01	2.053249e+00
1309	4.241411e-02	3.280509e-01	1.833415e+00
1310	3.519796e-01	3.232551e-01	1.275525e+00
1311	3.842120e-01	3.399891e-01	2.477284e+00
1312	4.949102e-01	4.044186e-01	2.601368e+00
1313	3.290421e-01	2.715447e-01	2.955056e+00
1314	4.499668e-01	3.537180e-01	2.009282e+00
1315	4.438366e-01	3.722032e-01	2.046409e+00
1316	3.670925e-01	2.311271e-01	2.063019e+00
1317	3.689131e-01	3.193204e-01	2.537860e+00
1318	3.885705e-01	2.043898e-01	2.890572e+00
1319	3.586585e-01	3.360121e-01	1.899853e+00
1321	3.631389e-01	2.054438e-01	2.084514e+00
1322	4.599863e-01	2.201942e-01	2.120664e+00
1323	3.660164e-01	3.256183e-01	2.201759e+00
1324	1.855113e-01	1.694789e-01	2.396190e+00
1325	4.916265e-01	3.108539e-01	1.815828e+00
1326	4.576763e-01	2.571630e-01	2.284807e+00
1327	4.300253e-01	2.827031e-01	1.021495e+00
1328	1.676849e-01	2.813175e-01	1.059599e+00
1329	5.401882e-01	2.652402e-01	1.655594e+00
1330	3.533066e-01	3.024019e-01	2.658036e+00
1331	4.365495e-01	2.851723e-01	2.494871e+00
1332	3.523983e-01	2.761974e-01	1.962384e+00
1333	3.541551e-01	3.313435e-01	2.987298e+00
1334	2.906404e-01	3.756467e-01	2.722521e+00
1335	4.602771e-01	1.636799e-01	2.400098e+00
1336	3.530972e-01	3.545813e-01	1.836346e+00
1338	4.789935e-01	3.618702e-01	2.736199e+00
1339	3.948771e-01	3.601070e-01	1.128969e+00
1340	4.125027e-01	4.066968e-01	1.536395e+00
1341	4.471819e-01	2.661554e-01	1.802149e+00
1342	4.203324e-01	3.165698e-01	2.236932e+00
1343	3.062278e-01	3.393072e-01	1.706400e+00
1344	3.581129e-01	2.833075e-01	1.800195e+00
1345	3.393694e-01	2.040332e-01	1.365413e+00
1346	4.151950e-01	2.294048e-01	2.063996e+00
1347	3.057343e-01	4.098950e-01	2.178310e+00
1349	3.617927e-01	3.388102e-01	1.878359e+00
1350	5.072215e-01	3.369862e-01	1.049829e+00
1351	2.834560e-01	3.153726e-01	2.364924e+00
1352	3.390537e-01	3.152693e-01	1.763068e+00
1353	4.645194e-01	2.013496e-01	1.843185e+00
1354	4.571041e-01	2.492728e-01	2.164631e+00
1355	4.070629e-01	2.757002e-01	2.629702e+00
1356	1.919542e-01	5.327184e-01	2.917929e+00
1357	3.766776e-01	3.482426e-01	2.522228e+00
1359	4.466173e-01	1.948520e-01	1.450415e+00
1361	3.465003e-01	3.140917e-01	1.512946e+00
1362	2.525083e-01	3.170978e-01	1.676111e+00
1364	3.800106e-01	3.258646e-01	1.855887e+00
1365	3.658112e-01	2.525317e-01	1.180752e+00
1366	2.887813e-01	2.876501e-01	2.835857e+00
1367	4.208107e-01	2.193668e-01	2.792868e+00
1369	3.557141e-01	3.578109e-01	2.096238e+00
1370	1.609156e-01	1.201539e-01	2.609184e+00
1371	5.092426e-01	1.622084e-01	2.073766e+00
1372	3.143646e-01	2.947224e-01	2.155838e+00
1375	1.281107e-01	1.942286e-01	1.465071e+00
1376	3.288639e-01	2.831063e-01	2.947240e+00
1377	4.647789e-01	2.587808e-01	2.064973e+00
1378	3.005477e-01	3.372516e-01	1.668295e+00
1379	3.596758e-01	3.211292e-01	1.189546e+00
1380	4.163098e-01	2.995507e-01	2.301417e+00
1383	4.073472e-01	1.030865e-01	2.735222e+00
1384	4.034600e-01	2.897211e-01	1.857841e+00
1385	5.316611e-01	1.986816e-01	2.497802e+00
1386	4.127464e-01	3.722333e-01	2.556424e+00
1387	4.395545e-01	3.142116e-01	2.993161e+00
1388	4.405624e-01	5.217163e-02	2.166585e+00
1389	3.510795e-01	2.832560e-01	2.121641e+00
1390	3.206077e-01	3.368780e-01	2.803615e+00
1391	4.292567e-01	3.120846e-01	1.400586e+00
1392	3.737793e-01	3.159553e-01	1.563752e+00
1393	4.562767e-01	2.943794e-01	1.372252e+00
1394	4.569884e-01	1.295144e-02	2.209575e+00
1396	3.380506e-01	3.638810e-01	1.933073e+00
1397	3.618461e-01	2.984439e-01	2.647289e+00
1398	4.225170e-01	3.161900e-01	2.408891e+00
1399	4.385116e-01	3.264544e-01	1.973131e+00
1400	3.588059e-01	3.405783e-01	1.211041e+00
1402	3.860896e-01	2.884313e-01	2.040547e+00
1403	4.160550e-01	2.484328e-01	1.478749e+00
1404	2.400361e-01	3.466967e-01	2.397167e+00
1405	1.834991e-01	5.343648e-01	1.195408e+00
1406	3.512803e-01	2.799535e-01	2.187103e+00
1408	3.866202e-01	2.814482e-01	1.061553e+00
1409	3.531243e-01	2.211969e-01	1.982902e+00
1410	2.953690e-01	1.347116e-01	2.885686e+00
1411	3.900180e-01	2.605743e-01	2.782120e+00
1412	3.403015e-01	3.813653e-01	1.925256e+00
1413	3.194331e-01	1.411483e-01	2.667807e+00
1414	3.824515e-01	3.105938e-01	1.808989e+00
1415	5.330210e-01	2.186036e-01	1.599902e+00
1416	2.468879e-01	2.402567e-01	2.109917e+00
1417	3.568181e-01	3.023566e-01	1.787494e+00
1418	3.420413e-01	2.425176e-01	1.056668e+00
1419	4.099952e-01	2.711436e-01	1.356619e+00
1420	4.509835e-01	3.391530e-01	1.866634e+00
1421	4.318816e-01	3.193684e-01	1.653639e+00
1422	2.256412e-01	2.337960e-01	2.148021e+00
1423	3.627190e-01	3.302587e-01	2.803615e+00
1425	3.137251e-01	4.516449e-01	1.481681e+00
1426	4.788321e-01	4.608074e-01	1.525647e+00
1428	3.940236e-01	2.362305e-01	2.692233e+00
1429	3.539350e-01	2.721959e-01	2.785051e+00
1432	3.169239e-01	7.939341e-01	2.716659e+00
1433	3.571655e-01	2.744000e-01	2.196873e+00
1434	4.362170e-01	3.504589e-01	2.574988e+00
1435	3.646992e-01	3.120658e-01	2.226185e+00
1436	4.210196e-01	2.280621e-01	1.104543e+00
1437	4.047582e-01	2.642163e-01	1.493405e+00
1439	3.599587e-01	2.787071e-01	1.462140e+00
1441	3.725036e-01	1.443854e-01	2.223254e+00
1442	3.646941e-01	2.227279e-01	2.207621e+00
1443	3.712228e-01	3.422153e-01	2.059111e+00
1444	3.285644e-01	1.794199e-01	1.150464e+00
1445	2.100722e-01	3.108770e-01	2.399121e+00
1446	3.824963e-01	3.509007e-01	2.227162e+00
1447	4.033543e-01	2.481907e-01	2.134343e+00
1448	4.231764e-01	4.370783e-01	2.229116e+00
1449	3.926375e-01	1.914689e-01	1.715193e+00
1450	3.306923e-01	4.274821e-01	2.883732e+00
1451	3.261753e-01	2.431197e-01	2.244748e+00
1452	4.019880e-01	3.312216e-01	2.822179e+00
1453	3.600575e-01	2.906867e-01	2.239863e+00
1454	5.392643e-01	4.670512e-01	1.034196e+00
1455	5.961762e-01	2.240260e-01	2.716659e+00
1456	3.113919e-01	1.420815e-01	1.645823e+00
1457	5.093729e-01	3.315901e-01	1.725940e+00
1458	3.307425e-01	2.374311e-01	2.791891e+00
1459	3.412111e-01	3.229775e-01	1.751343e+00
1460	2.632560e-01	4.228649e-01	1.628236e+00
1461	4.001960e-01	4.099522e-01	1.029311e+00
1462	4.039974e-01	3.245544e-01	2.070835e+00
1463	4.921115e-01	1.834717e-01	1.798241e+00
1464	3.932265e-01	2.801131e-01	2.493894e+00
1465	3.467913e-01	2.730005e-01	2.102101e+00
1466	3.960081e-01	2.613953e-01	2.455789e+00
1467	3.830372e-01	3.175665e-01	2.363947e+00
1468	4.328605e-01	2.873371e-01	1.084025e+00
1469	3.877786e-01	2.256747e-01	1.581339e+00
1472	2.923366e-01	3.820768e-01	2.235955e+00
1473	3.226396e-01	3.997187e-01	1.804104e+00
1474	4.849174e-01	1.650710e-01	2.747924e+00
1475	3.775526e-01	2.207894e-01	1.969223e+00
1476	3.841636e-01	2.616127e-01	2.706888e+00
1477	2.284891e-01	3.894316e-01	1.231558e+00
1479	2.723424e-01	4.875823e-01	2.075721e+00
1480	6.504314e-01	1.293000e-01	1.543234e+00
1481	2.868811e-01	2.287422e-01	2.030777e+00
1482	3.988846e-01	2.790957e-01	1.523693e+00
1484	3.116052e-01	2.656387e-01	1.997557e+00
1485	3.792516e-01	6.677066e-02	1.725940e+00
1486	6.349166e-01	2.701393e-01	1.153395e+00
1487	4.308266e-01	2.143810e-01	1.253053e+00
1488	4.549756e-01	1.891801e-01	2.925745e+00
1489	2.678142e-01	1.818959e-01	1.417196e+00
1490	5.639340e-01	1.474110e-01	1.613581e+00
1491	4.752197e-01	4.366156e-01	1.047875e+00
1492	3.399151e-01	3.458060e-01	1.384954e+00
1495	3.331163e-01	3.677557e-01	1.201270e+00
1496	3.773880e-01	3.144567e-01	1.347826e+00
1497	3.125368e-01	3.364790e-01	2.852467e+00
1499	4.097013e-01	5.619915e-02	2.479238e+00
1500	4.859186e-01	2.883962e-01	1.982902e+00
1501	3.593542e-01	3.208096e-01	2.925745e+00
1502	2.477484e-01	3.773759e-01	1.167074e+00
1505	4.924630e-01	1.432825e-01	2.765511e+00
1506	3.892198e-01	3.021355e-01	1.329262e+00
1507	3.112040e-01	4.478949e-01	1.169028e+00
1508	2.140181e-01	1.370494e-01	1.092819e+00
1509	5.808371e-02	9.676842e-02	2.261358e+00
1510	2.795459e-01	2.617925e-01	2.436248e+00
1511	3.397192e-01	2.996025e-01	2.255496e+00
1512	3.986592e-01	4.499088e-01	1.693698e+00
1513	2.296679e-01	2.338718e-01	1.655594e+00
1515	4.020114e-01	2.129417e-01	1.942843e+00
1516	1.704436e-01	2.541202e-01	1.339033e+00
1519	7.466799e-01	4.848610e-02	1.598925e+00
1520	3.312662e-01	3.192140e-01	2.823156e+00
1521	3.445890e-01	3.171873e-01	1.132877e+00
1522	2.282264e-01	3.149137e-01	1.176844e+00
1524	3.760929e-01	3.323745e-01	2.567171e+00
1526	1.427482e-01	2.895129e-01	2.589643e+00
1527	6.102620e-01	6.940984e-01	1.785540e+00
1528	3.469789e-01	3.332651e-01	1.034196e+00
1529	3.719212e-01	3.491941e-01	1.602833e+00
1531	2.722054e-01	4.358819e-01	2.484123e+00
1532	3.920092e-01	3.081032e-01	1.414265e+00
1533	3.790371e-01	2.761796e-01	1.421104e+00
1534	3.526224e-01	3.147637e-01	1.716170e+00
1535	4.341231e-01	1.784148e-01	2.744993e+00
1537	4.066501e-01	3.197243e-01	1.691744e+00
1538	4.453577e-01	3.902902e-01	1.178798e+00
1539	4.243919e-01	3.107201e-01	2.830972e+00
1540	3.628405e-01	2.865423e-01	2.686370e+00
1541	4.346566e-01	2.084776e-01	1.747435e+00
1542	4.429935e-01	2.262189e-01	1.429897e+00
1543	3.575622e-01	2.979102e-01	2.558378e+00
1545	3.129825e-01	3.144144e-01	1.731803e+00
1548	3.039662e-01	3.398396e-01	1.051783e+00
1549	5.829580e-01	1.035373e-01	2.582804e+00
1550	8.868801e-01	5.406811e-01	2.906204e+00
1551	3.865809e-01	2.536161e-01	2.308256e+00
1552	3.377010e-01	5.132329e-01	2.203713e+00
1553	3.755062e-01	2.930513e-01	1.851001e+00
1554	3.432546e-01	1.563591e-01	2.557401e+00
1555	6.156171e-01	1.606477e-01	2.127504e+00
1556	6.943816e-01	1.870023e-01	1.183683e+00
1557	4.044194e-01	3.008834e-01	1.517831e+00
1558	3.845458e-01	3.235360e-01	2.406937e+00
1559	3.940219e-01	2.295330e-01	2.077675e+00
1561	3.950415e-01	2.673001e-01	1.929165e+00
1562	3.651134e-01	2.725441e-01	1.023449e+00
1563	3.548494e-01	3.200032e-01	1.064485e+00
1565	3.888330e-01	2.728631e-01	1.845139e+00
1567	4.005649e-01	3.400896e-01	2.472399e+00
1568	4.451238e-01	1.962439e-01	1.151441e+00
1569	3.527772e-01	3.463270e-01	2.558378e+00
1570	4.476717e-01	2.730245e-01	2.004397e+00
1572	1.481835e-01	5.933834e-01	1.558867e+00
1573	4.077895e-01	2.976095e-01	2.801661e+00
1574	3.925246e-01	3.043477e-01	2.544700e+00
1575	3.767092e-01	5.982395e-01	1.345872e+00
1576	3.971213e-01	3.065122e-01	1.686859e+00
1577	4.869357e-01	3.238744e-01	2.725452e+00
1579	4.504354e-01	3.730510e-01	1.786517e+00
1580	9.706840e-02	3.049635e-01	2.437225e+00
1581	3.598784e-01	3.304627e-01	2.128481e+00
1584	3.316627e-01	3.454578e-01	1.923302e+00
1586	3.166908e-01	3.564651e-01	1.829507e+00
1587	4.211811e-01	1.422579e-01	2.114802e+00
1588	4.038527e-01	2.937603e-01	1.063508e+00
1589	4.085621e-01	2.250039e-01	2.355154e+00
1590	3.928710e-01	2.965569e-01	2.793845e+00
1591	9.045279e-01	1.395072e-01	2.389350e+00
1593	4.990702e-01	2.056739e-01	2.190034e+00
1594	4.563646e-01	2.612530e-01	1.904739e+00
1595	4.091698e-01	2.378909e-01	1.589155e+00
1596	3.827984e-01	3.464303e-01	2.608207e+00
1597	3.666538e-01	3.044426e-01	1.751343e+00
1598	3.214528e-01	2.960388e-01	1.317538e+00
1599	3.075170e-01	3.185428e-01	2.326820e+00
1600	4.615298e-01	2.096623e-01	2.483146e+00
1601	3.142238e-01	2.818924e-01	2.167562e+00
1602	3.521697e-01	3.279677e-01	2.565217e+00
1603	4.016123e-01	2.721755e-01	2.701026e+00
1604	3.519778e-01	3.341053e-01	2.196873e+00
1605	4.221959e-01	3.000690e-01	2.236932e+00
1606	3.524473e-01	2.871307e-01	1.756229e+00
1607	1.824672e-01	3.237346e-01	2.469468e+00
1608	7.899096e-01	5.629540e-02	2.740107e+00
1609	2.817693e-01	4.991273e-01	2.376649e+00
1610	4.882048e-01	1.948887e-01	1.635076e+00
1611	3.786454e-01	3.373429e-01	1.985833e+00
1612	3.710678e-01	3.447717e-01	2.683439e+00
1613	3.665120e-01	3.127101e-01	2.635564e+00
1615	3.692476e-01	2.243415e-01	2.240840e+00
1616	4.616541e-01	1.227323e-01	2.932584e+00
1618	3.634153e-01	2.987316e-01	1.688813e+00
1620	3.571892e-01	3.054608e-01	2.625794e+00
1621	3.714027e-01	2.720406e-01	1.874450e+00
1623	3.659422e-01	2.711402e-01	1.112360e+00
1624	4.748715e-01	2.736103e-01	2.001466e+00
1625	6.589143e-01	2.757717e-01	2.370787e+00
1626	4.348473e-01	1.992861e-01	2.454812e+00
1627	3.734628e-01	2.962863e-01	2.880801e+00
1629	4.549693e-01	2.119551e-01	2.137274e+00
1630	4.974838e-01	2.128045e-01	1.475818e+00
1633	5.594985e-01	1.752536e-01	2.905227e+00
1634	3.761017e-01	3.053418e-01	2.163654e+00
1635	2.954283e-01	3.296442e-01	2.358085e+00
1637	3.455001e-01	2.934544e-01	2.169516e+00
1638	3.731021e-01	3.211480e-01	1.574499e+00
1639	5.397690e-01	2.922105e-01	2.104055e+00
1640	4.014077e-01	2.839693e-01	1.770884e+00
1641	5.403982e-01	1.594102e-01	2.212506e+00
1642	3.512545e-01	3.374075e-01	1.830484e+00
1643	4.335052e-01	2.533473e-01	2.361993e+00
1644	3.531527e-01	3.668895e-01	1.606742e+00
1646	3.607245e-01	3.174287e-01	1.875427e+00
1647	4.072164e-01	2.760461e-01	2.490962e+00
1648	4.468621e-01	2.119262e-01	1.409380e+00
1649	3.551203e-01	3.597541e-01	2.132389e+00
1652	3.794989e-01	3.025058e-01	1.721055e+00
1653	3.697947e-01	3.169631e-01	1.192477e+00
1654	3.927904e-01	3.077054e-01	1.812897e+00
1655	3.501509e-01	2.598138e-01	1.871519e+00
1656	3.980567e-01	2.099539e-01	2.771373e+00
1657	3.185110e-01	3.136549e-01	2.809477e+00
1658	2.569434e-01	3.718525e-01	2.176356e+00
1659	5.003397e-01	1.936159e-01	2.525159e+00
1660	3.265306e-01	1.497984e-01	2.669761e+00
1661	3.748879e-01	2.820938e-01	1.865657e+00
1664	4.425760e-01	3.129290e-01	2.751832e+00
1665	3.414218e-01	2.763632e-01	2.413776e+00
1666	2.521905e-01	2.774610e-01	2.827064e+00
1667	4.561588e-01	3.427568e-01	2.991207e+00
1669	3.040757e-01	3.208301e-01	2.843674e+00
1670	3.564072e-01	3.647561e-01	2.480215e+00
1672	5.426682e-01	4.505699e-01	1.798241e+00
1673	3.706636e-01	3.110590e-01	2.852467e+00
1675	3.728392e-01	3.370135e-01	2.756717e+00
1679	5.598177e-01	1.305121e-01	1.263801e+00
1681	4.653165e-01	2.388431e-01	1.905716e+00
1682	3.557103e-01	1.829215e-01	2.451881e+00
1688	3.998193e-01	2.081551e-01	1.087934e+00
1689	4.694645e-01	2.675160e-01	1.141671e+00
1691	3.103611e-01	1.781208e-01	2.122618e+00
1692	4.874070e-01	2.723310e-01	1.519785e+00
1693	4.268271e-01	2.525413e-01	1.455300e+00
1694	3.950131e-01	2.700015e-01	2.119687e+00
1695	2.619450e-01	5.026453e-01	1.228627e+00
1696	4.195842e-01	2.520829e-01	1.396678e+00
1697	2.460799e-01	3.149517e-01	2.823156e+00
1698	2.465460e-01	4.183770e-01	1.030288e+00
1699	3.443058e-01	2.876844e-01	1.604787e+00
1700	2.158856e-01	4.826984e-01	2.290669e+00
1701	2.408236e-01	4.508705e-01	2.669761e+00
1703	3.726663e-01	2.697183e-01	1.828530e+00
1704	3.456353e-01	2.559184e-01	2.141182e+00
1705	3.827132e-01	2.789927e-01	1.916463e+00
1706	3.260726e-01	2.350597e-01	1.868588e+00
1707	3.029859e-01	2.986403e-01	1.210064e+00
1708	3.263767e-01	2.811560e-01	1.056668e+00
1710	4.841668e-01	9.666436e-02	2.385442e+00
1711	5.796024e-01	6.175693e-01	1.733757e+00
1712	3.440369e-01	2.845178e-01	1.249145e+00
1714	3.031990e-01	3.285211e-01	2.191011e+00
1715	3.208813e-01	3.241382e-01	2.391304e+00
1717	1.662587e-01	3.969283e-01	2.142159e+00
1718	4.029105e-01	3.511862e-01	1.539326e+00
1719	3.366335e-01	3.167953e-01	2.917929e+00
1720	1.458031e-01	6.016424e-02	1.940889e+00
1722	2.378782e-02	2.822252e-01	1.871519e+00
1723	3.749395e-01	3.072177e-01	2.197851e+00
1725	3.774875e-01	2.655529e-01	1.103566e+00
1726	3.902494e-01	3.034708e-01	2.199805e+00
1727	4.410005e-01	2.743140e-01	2.901319e+00
1728	3.310483e-01	2.734307e-03	2.394235e+00
1729	2.702047e-01	4.163691e-01	2.729360e+00
1731	3.853115e-01	3.575662e-01	2.066927e+00
1732	3.603794e-01	1.738785e-01	1.179775e+00
1733	4.022431e-01	3.358126e-01	2.250611e+00
1735	4.811757e-01	1.371538e-01	1.398632e+00
1736	5.150996e-01	6.870544e-01	1.000000e+00
1737	4.371824e-01	3.308462e-01	1.929165e+00
1738	3.839832e-01	2.556067e-01	1.326331e+00
1739	3.312445e-01	2.883857e-01	2.799707e+00
1740	1.446012e-01	3.148006e-01	1.210064e+00
1742	5.176256e-01	1.225248e-01	1.741573e+00
1743	5.733624e-01	2.966437e-01	1.858818e+00
1744	3.417262e-01	3.210670e-01	1.612604e+00
1745	1.474218e-01	5.257272e-01	1.720078e+00
1746	3.901223e-01	3.013523e-01	2.707865e+00
1747	3.814895e-01	3.537756e-01	2.856375e+00
1749	3.114116e-01	3.070416e-01	1.605765e+00
1750	3.285590e-01	3.112461e-01	1.273571e+00
1751	2.452407e-01	2.699180e-01	2.294577e+00
1752	3.136909e-01	3.125796e-01	2.261358e+00
1753	3.875956e-01	3.356787e-01	2.146067e+00
1754	3.007430e-01	3.294744e-01	1.349780e+00
1756	4.116225e-01	3.205958e-01	1.849047e+00
1757	3.304147e-01	3.366237e-01	2.970689e+00
1758	4.043383e-01	2.925823e-01	1.912555e+00
1759	3.784678e-01	2.978670e-01	2.725452e+00
1760	3.945159e-01	2.031327e-01	2.416707e+00
1761	3.461633e-01	2.684644e-01	2.902296e+00
1762	4.578097e-01	2.724525e-01	1.231558e+00
1763	3.855798e-01	2.629442e-01	2.010259e+00
1764	3.828010e-01	2.192234e-01	1.864680e+00
1765	3.644371e-01	3.755209e-01	1.401563e+00
1766	3.381574e-01	2.207899e-01	1.619443e+00
1767	5.292536e-01	5.363302e-01	2.412799e+00
1769	3.055054e-01	2.889708e-01	2.468490e+00
1770	3.508279e-01	2.462956e-01	2.504641e+00
1771	3.822515e-01	3.002231e-01	1.830484e+00
1772	3.939871e-01	2.821960e-01	2.949194e+00
1773	3.854195e-01	2.918879e-01	2.943332e+00
1774	3.660260e-01	2.948069e-01	2.629702e+00
1775	4.295865e-01	2.585949e-01	1.385931e+00
1776	3.969846e-01	2.783531e-01	1.112360e+00
1777	3.310676e-01	3.239727e-01	1.168051e+00
1778	4.237158e-01	2.677698e-01	1.044944e+00
1779	4.951104e-01	2.604559e-01	1.571568e+00
1781	3.997700e-01	2.515405e-01	1.047875e+00
1784	3.137441e-01	2.402133e-01	1.018564e+00
1785	4.005613e-01	2.572323e-01	1.857841e+00
1786	4.036603e-01	2.978371e-01	1.878359e+00
1787	3.870179e-01	3.163707e-01	2.875916e+00
1788	3.883101e-01	3.025001e-01	1.488520e+00
1789	3.669344e-01	2.967468e-01	2.688324e+00
1790	3.837707e-01	3.659516e-01	2.486077e+00
1791	3.268750e-01	4.361873e-01	2.162677e+00
1792	2.996654e-01	4.452646e-01	1.360528e+00
1794	3.560815e-01	2.320240e-01	1.508061e+00
1795	3.115017e-01	3.489362e-01	2.316072e+00
1796	4.116440e-01	2.942476e-01	2.488031e+00
1798	4.203024e-01	3.947487e-01	1.824621e+00
1799	3.997731e-01	2.122313e-01	1.745481e+00
1800	3.747454e-01	3.011012e-01	1.765999e+00
1801	4.618939e-01	3.595668e-01	1.366390e+00
1802	4.208588e-01	2.725816e-01	2.291646e+00
1803	3.849083e-01	3.573737e-01	1.470933e+00
1804	3.685074e-01	2.961226e-01	1.059599e+00
1805	3.405025e-01	2.912249e-01	2.897411e+00
1806	3.438378e-01	3.629604e-01	1.231558e+00
1807	3.491853e-01	3.147911e-01	2.143136e+00
1808	3.639305e-01	3.291467e-01	1.388862e+00
1809	2.791806e-01	3.057809e-01	1.999511e+00
1811	3.524763e-01	2.723187e-01	1.197362e+00
1812	4.833292e-01	1.828249e-01	2.679531e+00
1813	3.476382e-01	3.035787e-01	2.245725e+00
1814	3.646754e-01	2.390884e-01	1.915486e+00
1815	3.108009e-01	2.465610e-01	2.346361e+00
1818	3.758222e-01	3.113828e-01	2.955056e+00
1819	3.607826e-01	3.063006e-01	1.663410e+00
1820	3.286317e-01	3.661534e-01	2.957010e+00
1821	3.839796e-01	4.028801e-01	2.559355e+00
1822	3.978696e-01	3.766209e-01	2.618955e+00
1823	3.660547e-01	2.825280e-01	1.780655e+00
1824	2.894066e-01	3.055250e-01	2.787982e+00
1826	5.729811e-01	5.689246e-02	1.094773e+00
1827	3.741807e-01	2.213642e-01	1.476795e+00
1828	3.765202e-01	3.181562e-01	1.010747e+00
1829	4.189394e-01	2.667906e-01	1.276502e+00
1831	3.944950e-01	2.695266e-01	1.608696e+00
1833	3.357337e-01	3.125721e-01	1.189546e+00
1834	3.387955e-01	3.508203e-01	2.732291e+00
1835	3.741754e-01	2.708004e-01	2.303371e+00
1836	4.047687e-01	2.776072e-01	2.413776e+00
1837	4.050642e-01	2.372870e-01	2.876893e+00
1838	3.492965e-01	3.759976e-01	2.563263e+00
1839	3.454346e-01	3.797093e-01	2.039570e+00
1840	3.938209e-01	3.176511e-01	1.436737e+00
1841	3.405675e-01	3.206834e-01	1.738642e+00
1842	3.949544e-01	2.942861e-01	2.044455e+00
1845	3.870750e-01	3.238205e-01	2.982413e+00
1846	4.223678e-01	2.773382e-01	1.203224e+00
1847	4.443596e-01	3.270256e-01	2.955056e+00
1848	3.804184e-01	3.156516e-01	1.524670e+00
1850	3.575290e-01	2.924896e-01	1.996580e+00
1851	3.717523e-01	2.800752e-01	2.945286e+00
1852	3.884922e-01	2.313374e-01	1.991695e+00
1853	4.139724e-01	2.709908e-01	2.442110e+00
1854	3.911386e-01	3.444331e-01	1.477772e+00
1855	3.546042e-01	2.928423e-01	2.906204e+00
1856	3.677753e-01	2.367061e-01	1.423058e+00
1857	3.960882e-01	3.075846e-01	2.446019e+00
1858	4.055103e-01	3.118117e-01	2.860283e+00
1859	4.539855e-01	2.801181e-01	1.522716e+00
1860	3.508368e-01	2.922959e-01	1.331216e+00
1861	4.462485e-01	3.503076e-01	2.446019e+00
1862	3.815600e-01	3.957984e-01	2.095261e+00
1863	7.150199e-01	3.736170e-01	1.073278e+00
1864	3.960278e-01	4.065823e-01	2.543723e+00
1865	3.708090e-01	3.732193e-01	2.876893e+00
1866	5.515653e-01	3.479491e-01	2.031754e+00
1867	1.605565e-01	3.241657e-01	1.949682e+00
1869	3.283152e-01	3.199502e-01	1.577430e+00
1870	3.725550e-01	3.366449e-01	1.871519e+00
1871	4.203879e-01	3.423575e-01	2.033708e+00
1873	4.957793e-01	3.795996e-01	1.762091e+00
1876	3.471488e-01	2.518948e-01	2.788959e+00
1877	3.301870e-01	3.157148e-01	2.095261e+00
1878	3.932967e-01	3.424364e-01	1.627259e+00
1879	4.862834e-01	3.533917e-01	1.503175e+00
1880	4.241227e-01	2.920586e-01	1.068393e+00
1881	4.115906e-01	3.750974e-01	1.710308e+00
1883	4.153376e-01	2.744061e-01	2.123596e+00
1885	4.383532e-01	3.281319e-01	2.962872e+00
1886	3.354638e-01	1.781898e-01	1.183683e+00
1888	3.940224e-01	2.819097e-01	2.475330e+00
1889	4.167159e-01	2.272439e-01	1.297020e+00
1890	4.197384e-01	1.261839e-01	1.260870e+00
1891	3.422817e-01	4.067022e-01	1.263801e+00
1893	4.257970e-01	2.618202e-01	1.933073e+00
1894	3.225799e-01	3.205698e-01	1.526624e+00
1895	3.458791e-01	2.766865e-01	1.105520e+00
1896	3.615144e-01	3.090545e-01	2.816317e+00
1897	3.281999e-01	2.603205e-01	2.696141e+00
1898	3.780875e-01	2.533127e-01	1.474841e+00
1899	4.782801e-01	2.823661e-01	2.859306e+00
1900	3.405666e-01	3.193107e-01	1.519785e+00
1901	4.263696e-01	2.380690e-01	2.446019e+00
1902	2.867331e-01	3.899359e-01	1.817782e+00
1903	3.401800e-01	3.563034e-01	1.013679e+00
1904	3.437868e-01	2.572563e-01	1.638007e+00
1905	3.863600e-01	2.716935e-01	2.997069e+00
1906	4.372597e-01	2.463906e-01	1.389839e+00
1907	4.201209e-01	2.842519e-01	1.948705e+00
1908	2.555999e-01	2.569429e-01	2.619932e+00
1909	3.045539e-01	3.994167e-01	2.633610e+00
1910	4.186877e-01	1.942589e-01	2.318026e+00
1911	3.957997e-01	3.019908e-01	1.742550e+00
1912	2.831019e-01	3.954422e-01	1.553981e+00
1913	3.417223e-01	2.306095e-01	2.149976e+00
1914	4.258083e-01	3.518979e-01	2.257450e+00
1916	3.769251e-01	3.187841e-01	1.829507e+00
1917	3.786045e-01	2.457762e-01	1.479726e+00
1918	3.742492e-01	3.742484e-01	1.658525e+00
1919	4.820674e-01	1.743185e-01	2.940401e+00
1921	3.319602e-01	3.010539e-01	1.195408e+00
1924	3.999478e-01	2.428674e-01	2.025892e+00
1925	3.545220e-01	2.370776e-01	2.963850e+00
1926	3.766775e-01	2.474088e-01	1.262824e+00
1927	3.387894e-01	2.688394e-01	2.477284e+00
1928	4.190648e-01	2.866140e-01	2.143136e+00
1929	3.716116e-01	2.682025e-01	2.845628e+00
1930	4.151854e-01	2.716741e-01	2.635564e+00
1931	3.662544e-01	3.064969e-01	1.175867e+00
1932	3.226774e-01	1.501473e-01	1.395701e+00
1933	3.874449e-01	2.982022e-01	1.111383e+00
1935	3.436022e-01	3.000892e-01	1.350757e+00
1936	3.907610e-01	3.582471e-01	2.987298e+00
1937	2.303401e-01	2.861548e-01	2.147044e+00
1938	2.420944e-01	4.143231e-01	2.690278e+00
1939	5.649742e-01	1.945409e-01	1.000000e+00
1940	3.002671e-01	4.741039e-01	1.562775e+00
1942	3.994332e-01	2.624754e-01	1.668295e+00
1943	2.947819e-01	2.855146e-01	2.642404e+00
1944	3.995888e-01	2.710137e-01	2.163654e+00
1945	3.417161e-01	2.958342e-01	1.211041e+00
1946	3.467251e-01	3.740256e-01	1.884221e+00
1947	3.587091e-01	2.717611e-01	2.262335e+00
1948	4.614282e-01	3.166310e-01	2.043478e+00
1949	4.313649e-01	2.971089e-01	1.333170e+00
1950	3.727109e-01	2.410136e-01	2.424524e+00
1951	3.924464e-01	3.293266e-01	1.144602e+00
1952	3.712582e-01	3.167299e-01	2.230093e+00
1953	3.644751e-01	3.297892e-01	2.595506e+00
1954	3.823577e-01	2.990873e-01	2.329751e+00
1955	2.664511e-01	2.686939e-01	2.636541e+00
1956	3.793973e-01	3.321061e-01	2.558378e+00
1957	3.502837e-01	3.463516e-01	1.717147e+00
1958	5.014154e-01	2.770237e-01	2.232047e+00
1959	4.968755e-01	4.908301e-01	1.036150e+00
1960	4.865564e-01	3.221777e-01	2.845628e+00
1961	4.494852e-01	2.908883e-01	2.192965e+00
1962	3.702628e-01	2.867400e-01	1.635076e+00
1963	3.306776e-01	3.554132e-01	1.007816e+00
1964	3.937290e-01	3.008184e-01	2.829018e+00
1965	3.283360e-01	2.985181e-01	2.870054e+00
1966	3.404317e-01	3.030336e-01	2.025892e+00
1967	4.762535e-01	2.446847e-01	1.664387e+00
1968	4.155472e-01	3.509754e-01	2.305325e+00
1969	3.091863e-01	2.854345e-01	2.175379e+00
1970	2.917956e-01	2.164972e-01	2.854421e+00
1971	4.378275e-01	3.281352e-01	1.525647e+00
1972	3.413733e-01	3.177094e-01	2.506595e+00
1973	2.819847e-01	1.587716e-01	2.637518e+00
1974	3.787162e-01	3.120198e-01	2.601368e+00
1975	4.027166e-01	2.574844e-01	2.133366e+00
1976	4.050590e-01	3.191583e-01	2.921837e+00
1977	3.017332e-01	4.401477e-01	1.173913e+00
1978	4.043733e-01	1.533253e-01	1.781632e+00
1979	4.056449e-01	2.614380e-01	1.233512e+00
1980	3.723026e-01	3.052362e-01	1.523693e+00
1981	3.775266e-01	2.872884e-01	2.863214e+00
1983	3.636591e-01	3.104102e-01	2.804592e+00
1984	3.456645e-01	2.227041e-01	1.785540e+00
1986	4.096919e-01	2.652243e-01	2.790914e+00
1987	1.943172e-01	5.317291e-01	1.049829e+00
1988	5.298644e-01	2.122969e-01	2.826087e+00
1989	3.890336e-01	2.578118e-01	1.035173e+00
1990	3.870683e-01	3.107037e-01	2.361016e+00
1991	2.577654e-01	2.703676e-01	1.872496e+00
1992	4.045606e-01	2.451436e-01	2.494871e+00
1993	2.872032e-01	3.337236e-01	2.837811e+00
1994	3.761323e-01	2.197950e-01	2.229116e+00
1995	3.590938e-01	3.410221e-01	1.886175e+00
1996	3.790605e-01	2.808026e-01	1.172936e+00
1997	4.211939e-01	2.721200e-01	2.301417e+00
1998	3.203797e-01	3.535809e-01	2.276014e+00
1999	2.569567e-01	2.490209e-01	2.713727e+00
1999	2.569567e-01	2.490209e-01	2.713727e+00
1999	2.569567e-01	2.490209e-01	2.713727e+00
1999	2.569567e-01	2.490209e-01	2.713727e+00
1999	2.569567e-01	2.490209e-01	2.713727e+00
1999	2.569567e-01	2.490209e-01	2.713727e+00
1999	2.569567e-01	2.490209e-01	2.713727e+00
1999	2.569567e-01	2.490209e-01	2.713727e+00
1999	2.569567e-01	2.490209e-01	2.713727e+00
1999	2.569567e-01	2.490209e-01	2.713727e+00
1999	2.569567e-01	2.490209e-01	2.713727e+00
1999	2.569567e-01	2.490209e-01	2.713727e+00
1999	2.569567e-01	2.490209e-01	2.713727e+00
1999	2.569567e-01	2.490209e-01	2.713727e+00
1999	2.569567e-01	2.490209e-01	2.713727e+00
1999	2.569567e-01	2.490209e-01	2.713727e+00
1999	2.569567e-01	2.490209e-01	2.713727e+00
1999	2.569567e-01	2.490209e-01	2.713727e+00
1999	2.569567e-01	2.490209e-01	2.713727e+00
1999	2.569567e-01	2.490209e-01	2.713727e+00
1999	2.569567e-01	2.490209e-01	2.713727e+00
1999	2.569567e-01	2.490209e-01	2.713727e+00
1999	2.569567e-01	2.490209e-01	2.713727e+00
1999	2.569567e-01	2.490209e-01	2.713727e+00
1999	2.569567e-01	2.490209e-01	2.713727e+00
1999	2.569567e-01	2.490209e-01	2.713727e+00
1999	2.569567e-01	2.490209e-01	2.713727e+00
1999	2.569567e-01	2.490209e-01	2.713727e+00
1999	2.569567e-01	2.490209e-01	2.713727e+00
1999	2.569567e-01	2.490209e-01	2.713727e+00
1999	2.569567e-01	2.490209e-01	2.713727e+00
1999	2.569567e-01	2.490209e-01	2.713727e+00
1999	2.569567e-01	2.490209e-01	2.713727e+00
1999	2.569567e-01	2.490209e-01	2.713727e+00
1999	2.569567e-01	2.490209e-01	2.713727e+00
1999	2.569567e-01	2.490209e-01	2.713727e+00
1999	2.569567e-01	2.490209e-01	2.713727e+00
1999	2.569567e-01	2.490209e-01	2.713727e+00
1999	2.569567e-01	2.490209e-01	2.713727e+00
1999	2.569567e-01	2.490209e-01	2.713727e+00
1999	2.569567e-01	2.490209e-01	2.713727e+00
1999	2.569567e-01	2.490209e-01	2.713727e+00
1999	2.569567e-01	2.490209e-01	2.713727e+00
1999	2.569567e-01	2.490209e-01	2.713727e+00
1999	2.569567e-01	2.490209e-01	2.713727e+00
1999	2.569567e-01	2.490209e-01	2.713727e+00
1999	2.569567e-01	2.490209e-01	2.713727e+00
1999	2.569567e-01	2.490209e-01	2.713727e+00
1999	2.569567e-01	2.490209e-01	2.713727e+00
1999	2.569567e-01	2.490209e-01	2.713727e+00
1999	2.569567e-01	2.490209e-01	2.713727e+00
1999	2.569567e-01	2.490209e-01	2.713727e+00
1999	2.569567e-01	2.490209e-01	2.713727e+00
1999	2.569567e-01	2.490209e-01	2.713727e+00
1999	2.569567e-01	2.490209e-01	2.713727e+00
1999	2.569567e-01	2.490209e-01	2.713727e+00
1999	2.569567e-01	2.490209e-01	2.713727e+00
1999	2.569567e-01	2.490209e-01	2.713727e+00
1999	2.569567e-01	2.490209e-01	2.713727e+00
1999	2.569567e-01	2.490209e-01	2.713727e+00
1999	2.569567e-01	2.490209e-01	2.713727e+00
1999	2.569567e-01	2.490209e-01	2.713727e+00
1999	2.569567e-01	2.490209e-01	2.713727e+00
1999	2.569567e-01	2.490209e-01	2.713727e+00
1999	2.569567e-01	2.490209e-01	2.713727e+00
1999	2.569567e-01	2.490209e-01	2.713727e+00
1999	2.569567e-01	2.490209e-01	2.713727e+00
1999	2.569567e-01	2.490209e-01	2.713727e+00
1999	2.569567e-01	2.490209e-01	2.713727e+00
1999	2.569567e-01	2.490209e-01	2.713727e+00
1999	2.569567e-01	2.490209e-01	2.713727e+00
1999	2.569567e-01	2.490209e-01	2.713727e+00
1999	2.569567e-01	2.490209e-01	2.713727e+00
1999	2.569567e-01	2.490209e-01	2.713727e+00
1999	2.569567e-01	2.490209e-01	2.713727e+00
1999	2.569567e-01	2.490209e-01	2.713727e+00
1999	2.569567e-01	2.490209e-01	2.713727e+00
1999	2.569567e-01	2.490209e-01	2.713727e+00
1999	2.569567e-01	2.490209e-01	2.713727e+00
1999	2.569567e-01	2.490209e-01	2.713727e+00
1999	2.569567e-01	2.490209e-01	2.713727e+00
1999	2.569567e-01	2.490209e-01	2.713727e+00
1999	2.569567e-01	2.490209e-01	2.713727e+00
1999	2.569567e-01	2.490209e-01	2.713727e+00
1999	2.569567e-01	2.490209e-01	2.713727e+00
1999	2.569567e-01	2.490209e-01	2.713727e+00
1999	2.569567e-01	2.490209e-01	2.713727e+00
1999	2.569567e-01	2.490209e-01	2.713727e+00
1999	2.569567e-01	2.490209e-01	2.713727e+00
1999	2.569567e-01	2.490209e-01	2.713727e+00
1999	2.569567e-01	2.490209e-01	2.713727e+00
1999	2.569567e-01	2.490209e-01	2.713727e+00
1999	2.569567e-01	2.490209e-01	2.713727e+00
1999	2.569567e-01	2.490209e-01	2.713727e+00
1999	2.569567e-01	2.490209e-01	2.713727e+00
1999	2.569567e-01	2.490209e-01	2.713727e+00
1999	2.569567e-01	2.490209e-01	2.713727e+00
1999	2.569567e-01	2.490209e-01	2.713727e+00
1999	2.569567e-01	2.490209e-01	2.713727e+00
1999	2.569567e-01	2.490209e-01	2.713727e+00
1999	2.569567e-01	2.490209e-01	2.713727e+00
1999	2.569567e-01	2.490209e-01	2.713727e+00
1999	2.569567e-01	2.490209e-01	2.713727e+00
1999	2.569567e-01	2.490209e-01	2.713727e+00
1999	2.569567e-01	2.490209e-01	2.713727e+00
1999	2.569567e-01	2.490209e-01	2.713727e+00
1999	2.569567e-01	2.490209e-01	2.713727e+00
1999	2.569567e-01	2.490209e-01	2.713727e+00
1999	2.569567e-01	2.490209e-01	2.713727e+00
1999	2.569567e-01	2.490209e-01	2.713727e+00
1999	2.569567e-01	2.490209e-01	2.713727e+00
1999	2.569567e-01	2.490209e-01	2.713727e+00
1999	2.569567e-01	2.490209e-01	2.713727e+00
1999	2.569567e-01	2.490209e-01	2.713727e+00
1999	2.569567e-01	2.490209e-01	2.713727e+00
1999	2.569567e-01	2.490209e-01	2.713727e+00
1999	2.569567e-01	2.490209e-01	2.713727e+00
1999	2.569567e-01	2.490209e-01	2.713727e+00
1999	2.569567e-01	2.490209e-01	2.713727e+00
1999	2.569567e-01	2.490209e-01	2.713727e+00
1999	2.569567e-01	2.490209e-01	2.713727e+00
1999	2.569567e-01	2.490209e-01	2.713727e+00
1999	2.569567e-01	2.490209e-01	2.713727e+00
1999	2.569567e-01	2.490209e-01	2.713727e+00
1999	2.569567e-01	2.490209e-01	2.713727e+00
1999	2.569567e-01	2.490209e-01	2.713727e+00
1999	2.569567e-01	2.490209e-01	2.713727e+00
1999	2.569567e-01	2.490209e-01	2.713727e+00
1999	2.569567e-01	2.490209e-01	2.713727e+00
1999	2.569567e-01	2.490209e-01	2.713727e+00
1999	2.569567e-01	2.490209e-01	2.713727e+00
1999	2.569567e-01	2.490209e-01	2.713727e+00
1999	2.569567e-01	2.490209e-01	2.713727e+00
1999	2.569567e-01	2.490209e-01	2.713727e+00
1999	2.569567e-01	2.490209e-01	2.713727e+00
1999	2.569567e-01	2.490209e-01	2.713727e+00
1999	2.569567e-01	2.490209e-01	2.713727e+00
1999	2.569567e-01	2.490209e-01	2.713727e+00
1999	2.569567e-01	2.490209e-01	2.713727e+00
1999	2.569567e-01	2.490209e-01	2.713727e+00
1999	2.569567e-01	2.490209e-01	2.713727e+00
1999	2.569567e-01	2.490209e-01	2.713727e+00
1999	2.569567e-01	2.490209e-01	2.713727e+00
1999	2.569567e-01	2.490209e-01	2.713727e+00
1999	2.569567e-01	2.490209e-01	2.713727e+00
1999	2.569567e-01	2.490209e-01	2.713727e+00
1999	2.569567e-01	2.490209e-01	2.713727e+00
1999	2.569567e-01	2.490209e-01	2.713727e+00
1999	2.569567e-01	2.490209e-01	2.713727e+00
1999	2.569567e-01	2.490209e-01	2.713727e+00
1999	2.569567e-01	2.490209e-01	2.713727e+00
1999	2.569567e-01	2.490209e-01	2.713727e+00
1999	2.569567e-01	2.490209e-01	2.713727e+00
1999	2.569567e-01	2.490209e-01	2.713727e+00
1999	2.569567e-01	2.490209e-01	2.713727e+00
1999	2.569567e-01	2.490209e-01	2.713727e+00
1999	2.569567e-01	2.490209e-01	2.713727e+00
1999	2.569567e-01	2.490209e-01	2.713727e+00
1999	2.569567e-01	2.490209e-01	2.713727e+00
1999	2.569567e-01	2.490209e-01	2.713727e+00
1999	2.569567e-01	2.490209e-01	2.713727e+00
1999	2.569567e-01	2.490209e-01	2.713727e+00
1999	2.569567e-01	2.490209e-01	2.713727e+00
1999	2.569567e-01	2.490209e-01	2.713727e+00
1999	2.569567e-01	2.490209e-01	2.713727e+00
1999	2.569567e-01	2.490209e-01	2.713727e+00
1999	2.569567e-01	2.490209e-01	2.713727e+00
1999	2.569567e-01	2.490209e-01	2.713727e+00
1999	2.569567e-01	2.490209e-01	2.713727e+00
1999	2.569567e-01	2.490209e-01	2.713727e+00
1999	2.569567e-01	2.490209e-01	2.713727e+00
1999	2.569567e-01	2.490209e-01	2.713727e+00
1999	2.569567e-01	2.490209e-01	2.713727e+00
1999	2.569567e-01	2.490209e-01	2.713727e+00
1999	2.569567e-01	2.490209e-01	2.713727e+00
1999	2.569567e-01	2.490209e-01	2.713727e+00
1999	2.569567e-01	2.490209e-01	2.713727e+00
1999	2.569567e-01	2.490209e-01	2.713727e+00
1999	2.569567e-01	2.490209e-01	2.713727e+00
1999	2.569567e-01	2.490209e-01	2.713727e+00
1999	2.569567e-01	2.490209e-01	2.713727e+00
1999	2.569567e-01	2.490209e-01	2.713727e+00
1999	2.569567e-01	2.490209e-01	2.713727e+00
1999	2.569567e-01	2.490209e-01	2.713727e+00
1999	2.569567e-01	2.490209e-01	2.713727e+00
1999	2.569567e-01	2.490209e-01	2.713727e+00
1999	2.569567e-01	2.490209e-01	2.713727e+00
1999	2.569567e-01	2.490209e-01	2.713727e+00
1999	2.569567e-01	2.490209e-01	2.713727e+00
1999	2.569567e-01	2.490209e-01	2.713727e+00
1999	2.569567e-01	2.490209e-01	2.713727e+00
1999	2.569567e-01	2.490209e-01	2.713727e+00
1999	2.569567e-01	2.490209e-01	2.713727e+00
1999	2.569567e-01	2.490209e-01	2.713727e+00
1999	2.569567e-01	2.490209e-01	2.713727e+00
1999	2.569567e-01	2.490209e-01	2.713727e+00
1999	2.569567e-01	2.490209e-01	2.713727e+00
1999	2.569567e-01	2.490209e-01	2.713727e+00
1999	2.569567e-01	2.490209e-01	2.713727e+00
1999	2.569567e-01	2.490209e-01	2.713727e+00
1999	2.569567e-01	2.490209e-01	2.713727e+00
1999	2.569567e-01	2.490209e-01	2.713727e+00
1999	2.569567e-01	2.490209e-01	2.713727e+00
1999	2.569567e-01	2.490209e-01	2.713727e+00
1999	2.569567e-01	2.490209e-01	2.713727e+00
1999	2.569567e-01	2.490209e-01	2.713727e+00
1999	2.569567e-01	2.490209e-01	2.713727e+00
1999	2.569567e-01	2.490209e-01	2.713727e+00
1999	2.569567e-01	2.490209e-01	2.713727e+00
1999	2.569567e-01	2.490209e-01	2.713727e+00
1999	2.569567e-01	2.490209e-01	2.713727e+00
1999	2.569567e-01	2.490209e-01	2.713727e+00
1999	2.569567e-01	2.490209e-01	2.713727e+00
1999	2.569567e-01	2.490209e-01	2.713727e+00
1999	2.569567e-01	2.490209e-01	2.713727e+00
1999	2.569567e-01	2.490209e-01	2.713727e+00
1999	2.569567e-01	2.490209e-01	2.713727e+00
1999	2.569567e-01	2.490209e-01	2.713727e+00
1999	2.569567e-01	2.490209e-01	2.713727e+00
1999	2.569567e-01	2.490209e-01	2.713727e+00
1999	2.569567e-01	2.490209e-01	2.713727e+00
1999	2.569567e-01	2.490209e-01	2.713727e+00
1999	2.569567e-01	2.490209e-01	2.713727e+00
1999	2.569567e-01	2.490209e-01	2.713727e+00
1999	2.569567e-01	2.490209e-01	2.713727e+00
1999	2.569567e-01	2.490209e-01	2.713727e+00
1999	2.569567e-01	2.490209e-01	2.713727e+00
1999	2.569567e-01	2.490209e-01	2.713727e+00
1999	2.569567e-01	2.490209e-01	2.713727e+00
1999	2.569567e-01	2.490209e-01	2.713727e+00
1999	2.569567e-01	2.490209e-01	2.713727e+00
1999	2.569567e-01	2.490209e-01	2.713727e+00
1999	2.569567e-01	2.490209e-01	2.713727e+00
1999	2.569567e-01	2.490209e-01	2.713727e+00
1999	2.569567e-01	2.490209e-01	2.713727e+00
1999	2.569567e-01	2.490209e-01	2.713727e+00
1999	2.569567e-01	2.490209e-01	2.713727e+00
1999	2.569567e-01	2.490209e-01	2.713727e+00
1999	2.569567e-01	2.490209e-01	2.713727e+00
1999	2.569567e-01	2.490209e-01	2.713727e+00
1999	2.569567e-01	2.490209e-01	2.713727e+00
1999	2.569567e-01	2.490209e-01	2.713727e+00
1999	2.569567e-01	2.490209e-01	2.713727e+00
1999	2.569567e-01	2.490209e-01	2.713727e+00
1999	2.569567e-01	2.490209e-01	2.713727e+00
1999	2.569567e-01	2.490209e-01	2.713727e+00
1999	2.569567e-01	2.490209e-01	2.713727e+00
1999	2.569567e-01	2.490209e-01	2.713727e+00
1999	2.569567e-01	2.490209e-01	2.713727e+00
1999	2.569567e-01	2.490209e-01	2.713727e+00
1999	2.569567e-01	2.490209e-01	2.713727e+00
1999	2.569567e-01	2.490209e-01	2.713727e+00
1999	2.569567e-01	2.490209e-01	2.713727e+00
1999	2.569567e-01	2.490209e-01	2.713727e+00
1999	2.569567e-01	2.490209e-01	2.713727e+00
1999	2.569567e-01	2.490209e-01	2.713727e+00
1999	2.569567e-01	2.490209e-01	2.713727e+00
1999	2.569567e-01	2.490209e-01	2.713727e+00
1999	2.569567e-01	2.490209e-01	2.713727e+00
1999	2.569567e-01	2.490209e-01	2.713727e+00
1999	2.569567e-01	2.490209e-01	2.713727e+00
1999	2.569567e-01	2.490209e-01	2.713727e+00
1999	2.569567e-01	2.490209e-01	2.713727e+00
1999	2.569567e-01	2.490209e-01	2.713727e+00
1999	2.569567e-01	2.490209e-01	2.713727e+00
1999	2.569567e-01	2.490209e-01	2.713727e+00
1999	2.569567e-01	2.490209e-01	2.713727e+00
1999	2.569567e-01	2.490209e-01	2.713727e+00
1999	2.569567e-01	2.490209e-01	2.713727e+00
1999	2.569567e-01	2.490209e-01	2.713727e+00
1999	2.569567e-01	2.490209e-01	2.713727e+00
1999	2.569567e-01	2.490209e-01	2.713727e+00
1999	2.569567e-01	2.490209e-01	2.713727e+00
1999	2.569567e-01	2.490209e-01	2.713727e+00
1999	2.569567e-01	2.490209e-01	2.713727e+00
1999	2.569567e-01	2.490209e-01	2.713727e+00
1999	2.569567e-01	2.490209e-01	2.713727e+00
1999	2.569567e-01	2.490209e-01	2.713727e+00
1999	2.569567e-01	2.490209e-01	2.713727e+00
1999	2.569567e-01	2.490209e-01	2.713727e+00
1999	2.569567e-01	2.490209e-01	2.713727e+00
1999	2.569567e-01	2.490209e-01	2.713727e+00
1999	2.569567e-01	2.490209e-01	2.713727e+00
1999	2.569567e-01	2.490209e-01	2.713727e+00
1999	2.569567e-01	2.490209e-01	2.713727e+00
1999	2.569567e-01	2.490209e-01	2.713727e+00
1999	2.569567e-01	2.490209e-01	2.713727e+00
1999	2.569567e-01	2.490209e-01	2.713727e+00
1999	2.569567e-01	2.490209e-01	2.713727e+00
1999	2.569567e-01	2.490209e-01	2.713727e+00
1999	2.569567e-01	2.490209e-01	2.713727e+00
1999	2.569567e-01	2.490209e-01	2.713727e+00
1999	2.569567e-01	2.490209e-01	2.713727e+00
1999	2.569567e-01	2.490209e-01	2.713727e+00
1999	2.569567e-01	2.490209e-01	2.713727e+00
1999	2.569567e-01	2.490209e-01	2.713727e+00
1999	2.569567e-01	2.490209e-01	2.713727e+00
1999	2.569567e-01	2.490209e-01	2.713727e+00
1999	2.569567e-01	2.490209e-01	2.713727e+00
1999	2.569567e-01	2.490209e-01	2.713727e+00
1999	2.569567e-01	2.490209e-01	2.713727e+00
1999	2.569567e-01	2.490209e-01	2.713727e+00
1999	2.569567e-01	2.490209e-01	2.713727e+00
1999	2.569567e-01	2.490209e-01	2.713727e+00
1999	2.569567e-01	2.490209e-01	2.713727e+00
1999	2.569567e-01	2.490209e-01	2.713727e+00
1999	2.569567e-01	2.490209e-01	2.713727e+00
1999	2.569567e-01	2.490209e-01	2.713727e+00
1999	2.569567e-01	2.490209e-01	2.713727e+00
1999	2.569567e-01	2.490209e-01	2.713727e+00
1999	2.569567e-01	2.490209e-01	2.713727e+00
1999	2.569567e-01	2.490209e-01	2.713727e+00
1999	2.569567e-01	2.490209e-01	2.713727e+00
1999	2.569567e-01	2.490209e-01	2.713727e+00
1999	2.569567e-01	2.490209e-01	2.713727e+00
1999	2.569567e-01	2.490209e-01	2.713727e+00
1999	2.569567e-01	2.490209e-01	2.713727e+00
1999	2.569567e-01	2.490209e-01	2.713727e+00
1999	2.569567e-01	2.490209e-01	2.713727e+00
1999	2.569567e-01	2.490209e-01	2.713727e+00
1999	2.569567e-01	2.490209e-01	2.713727e+00
1999	2.569567e-01	2.490209e-01	2.713727e+00
1999	2.569567e-01	2.490209e-01	2.713727e+00
1999	2.569567e-01	2.490209e-01	2.713727e+00
1999	2.569567e-01	2.490209e-01	2.713727e+00
1999	2.569567e-01	2.490209e-01	2.713727e+00
1999	2.569567e-01	2.490209e-01	2.713727e+00
1999	2.569567e-01	2.490209e-01	2.713727e+00
1999	2.569567e-01	2.490209e-01	2.713727e+00
1999	2.569567e-01	2.490209e-01	2.713727e+00
1999	2.569567e-01	2.490209e-01	2.713727e+00
1999	2.569567e-01	2.490209e-01	2.713727e+00
1999	2.569567e-01	2.490209e-01	2.713727e+00
1999	2.569567e-01	2.490209e-01	2.713727e+00
1999	2.569567e-01	2.490209e-01	2.713727e+00
1999	2.569567e-01	2.490209e-01	2.713727e+00
1999	2.569567e-01	2.490209e-01	2.713727e+00
1999	2.569567e-01	2.490209e-01	2.713727e+00
1999	2.569567e-01	2.490209e-01	2.713727e+00
1999	2.569567e-01	2.490209e-01	2.713727e+00
1999	2.569567e-01	2.490209e-01	2.713727e+00
1999	2.569567e-01	2.490209e-01	2.713727e+00
1999	2.569567e-01	2.490209e-01	2.713727e+00
1999	2.569567e-01	2.490209e-01	2.713727e+00
1999	2.569567e-01	2.490209e-01	2.713727e+00
1999	2.569567e-01	2.490209e-01	2.713727e+00
1999	2.569567e-01	2.490209e-01	2.713727e+00
1999	2.569567e-01	2.490209e-01	2.713727e+00
1999	2.569567e-01	2.490209e-01	2.713727e+00
1999	2.569567e-01	2.490209e-01	2.713727e+00
1999	2.569567e-01	2.490209e-01	2.713727e+00
1999	2.569567e-01	2.490209e-01	2.713727e+00
1999	2.569567e-01	2.490209e-01	2.713727e+00
1999	2.569567e-01	2.490209e-01	2.713727e+00
1999	2.569567e-01	2.490209e-01	2.713727e+00
1999	2.569567e-01	2.490209e-01	2.713727e+00
1999	2.569567e-01	2.490209e-01	2.713727e+00
1999	2.569567e-01	2.490209e-01	2.713727e+00
1999	2.569567e-01	2.490209e-01	2.713727e+00
1999	2.569567e-01	2.490209e-01	2.713727e+00
1999	2.569567e-01	2.490209e-01	2.713727e+00
1999	2.569567e-01	2.490209e-01	2.713727e+00
1999	2.569567e-01	2.490209e-01	2.713727e+00
1999	2.569567e-01	2.490209e-01	2.713727e+00
1999	2.569567e-01	2.490209e-01	2.713727e+00
1999	2.569567e-01	2.490209e-01	2.713727e+00
1999	2.569567e-01	2.490209e-01	2.713727e+00
1999	2.569567e-01	2.490209e-01	2.713727e+00
1999	2.569567e-01	2.490209e-01	2.713727e+00
1999	2.569567e-01	2.490209e-01	2.713727e+00
1999	2.569567e-01	2.490209e-01	2.713727e+00
1999	2.569567e-01	2.490209e-01	2.713727e+00
1999	2.569567e-01	2.490209e-01	2.713727e+00
1999	2.569567e-01	2.490209e-01	2.713727e+00
1999	2.569567e-01	2.490209e-01	2.713727e+00
1999	2.569567e-01	2.490209e-01	2.713727e+00
1999	2.569567e-01	2.490209e-01	2.713727e+00
1999	2.569567e-01	2.490209e-01	2.713727e+00
1999	2.569567e-01	2.490209e-01	2.713727e+00
1999	2.569567e-01	2.490209e-01	2.713727e+00
1999	2.569567e-01	2.490209e-01	2.713727e+00
1999	2.569567e-01	2.490209e-01	2.713727e+00
1999	2.569567e-01	2.490209e-01	2.713727e+00
1999	2.569567e-01	2.490209e-01	2.713727e+00
1999	2.569567e-01	2.490209e-01	2.713727e+00
1999	2.569567e-01	2.490209e-01	2.713727e+00
1999	2.569567e-01	2.490209e-01	2.713727e+00
1999	2.569567e-01	2.490209e-01	2.713727e+00
1999	2.569567e-01	2.490209e-01	2.713727e+00
1999	2.569567e-01	2.490209e-01	2.713727e+00
1999	2.569567e-01	2.490209e-01	2.713727e+00
1999	2.569567e-01	2.490209e-01	2.713727e+00
1999	2.569567e-01	2.490209e-01	2.713727e+00
1999	2.569567e-01	2.490209e-01	2.713727e+00
1999	2.569567e-01	2.490209e-01	2.713727e+00
1999	2.569567e-01	2.490209e-01	2.713727e+00
1999	2.569567e-01	2.490209e-01	2.713727e+00
1999	2.569567e-01	2.490209e-01	2.713727e+00
1999	2.569567e-01	2.490209e-01	2.713727e+00
1999	2.569567e-01	2.490209e-01	2.713727e+00
1999	2.569567e-01	2.490209e-01	2.713727e+00
1999	2.569567e-01	2.490209e-01	2.713727e+00
1999	2.569567e-01	2.490209e-01	2.713727e+00
1999	2.569567e-01	2.490209e-01	2.713727e+00
1999	2.569567e-01	2.490209e-01	2.713727e+00
1999	2.569567e-01	2.490209e-01	2.713727e+00
1999	2.569567e-01	2.490209e-01	2.713727e+00
1999	2.569567e-01	2.490209e-01	2.713727e+00
1999	2.569567e-01	2.490209e-01	2.713727e+00
1999	2.569567e-01	2.490209e-01	2.713727e+00
1999	2.569567e-01	2.490209e-01	2.713727e+00
1999	2.569567e-01	2.490209e-01	2.713727e+00
1999	2.569567e-01	2.490209e-01	2.713727e+00
1999	2.569567e-01	2.490209e-01	2.713727e+00
1999	2.569567e-01	2.490209e-01	2.713727e+00
1999	2.569567e-01	2.490209e-01	2.713727e+00
1999	2.569567e-01	2.490209e-01	2.713727e+00
1999	2.569567e-01	2.490209e-01	2.713727e+00
1999	2.569567e-01	2.490209e-01	2.713727e+00
1999	2.569567e-01	2.490209e-01	2.713727e+00
1999	2.569567e-01	2.490209e-01	2.713727e+00
1999	2.569567e-01	2.490209e-01	2.713727e+00
1999	2.569567e-01	2.490209e-01	2.713727e+00
1999	2.569567e-01	2.490209e-01	2.713727e+00
1999	2.569567e-01	2.490209e-01	2.713727e+00
1999	2.569567e-01	2.490209e-01	2.713727e+00
1999	2.569567e-01	2.490209e-01	2.713727e+00
1999	2.569567e-01	2.490209e-01	2.713727e+00
1999	2.569567e-01	2.490209e-01	2.713727e+00
1999	2.569567e-01	2.490209e-01	2.713727e+00
1999	2.569567e-01	2.490209e-01	2.713727e+00
1999	2.569567e-01	2.490209e-01	2.713727e+00
1999	2.569567e-01	2.490209e-01	2.713727e+00
1999	2.569567e-01	2.490209e-01	2.713727e+00
1999	2.569567e-01	2.490209e-01	2.713727e+00
1999	2.569567e-01	2.490209e-01	2.713727e+00
1999	2.569567e-01	2.490209e-01	2.713727e+00
1999	2.569567e-01	2.490209e-01	2.713727e+00
1999	2.569567e-01	2.490209e-01	2.713727e+00
1999	2.569567e-01	2.490209e-01	2.713727e+00
1999	2.569567e-01	2.490209e-01	2.713727e+00
1999	2.569567e-01	2.490209e-01	2.713727e+00
1999	2.569567e-01	2.490209e-01	2.713727e+00
1999	2.569567e-01	2.490209e-01	2.713727e+00
1999	2.569567e-01	2.490209e-01	2.713727e+00
1999	2.569567e-01	2.490209e-01	2.713727e+00
1999	2.569567e-01	2.490209e-01	2.713727e+00
1999	2.569567e-01	2.490209e-01	2.713727e+00
1999	2.569567e-01	2.490209e-01	2.713727e+00
1999	2.569567e-01	2.490209e-01	2.713727e+00
1999	2.569567e-01	2.490209e-01	2.713727e+00
1999	2.569567e-01	2.490209e-01	2.713727e+00
1999	2.569567e-01	2.490209e-01	2.713727e+00
