2000
0	3.520828e-01	3.895840e-01	2.659990e+00
1	4.924329e-01	2.912496e-01	1.927211e+00
3	3.942085e-01	5.167660e-01	1.306790e+00
4	4.005211e-01	3.317085e-01	2.219345e+00
5	1.337430e-02	2.964561e-01	2.259404e+00
6	2.008072e-01	5.066142e-01	2.766488e+00
9	4.509975e-01	3.607910e-01	1.231558e+00
10	4.645103e-01	3.549735e-01	1.283341e+00
14	4.916204e-01	4.504619e-01	2.148021e+00
16	3.519610e-01	4.066631e-01	2.881778e+00
17	4.217681e-01	4.060212e-01	1.311676e+00
19	4.514667e-01	3.649852e-01	2.081583e+00
20	2.145835e-01	2.822215e-01	2.944309e+00
21	4.068754e-01	3.772718e-01	2.364924e+00
22	3.906852e-01	2.711039e-01	2.446996e+00
24	4.000379e-01	4.091066e-01	2.993161e+00
26	4.204731e-01	4.199119e-01	1.180752e+00
29	4.081427e-01	4.143543e-01	1.761114e+00
30	4.671114e-01	3.775680e-01	2.705911e+00
31	3.906504e-01	3.868386e-01	2.189057e+00
32	6.393481e-01	3.182448e-01	2.337567e+00
36	3.904219e-01	2.889147e-01	1.131900e+00
39	4.232832e-01	3.122356e-01	2.950171e+00
41	4.731182e-01	5.155123e-01	1.319492e+00
43	3.808593e-01	2.901299e-01	2.796776e+00
45	4.481304e-01	3.495214e-01	2.812408e+00
47	3.967752e-01	4.095507e-01	2.619932e+00
48	4.001145e-01	3.102518e-01	1.500244e+00
49	4.060087e-01	3.381278e-01	1.309722e+00
50	4.280489e-01	3.503544e-01	1.122130e+00
52	3.752535e-01	3.940541e-01	1.758183e+00
53	3.555050e-01	4.222952e-01	2.832926e+00
54	3.767771e-01	3.733201e-01	2.136297e+00
55	4.362731e-01	3.453085e-01	1.853933e+00
56	3.665608e-01	3.758136e-01	1.607719e+00
57	9.763688e-02	4.182289e-01	1.982902e+00
58	4.908281e-01	3.321727e-01	2.045432e+00
59	4.260331e-01	3.789919e-01	1.234489e+00
62	3.735055e-01	4.158136e-01	2.046409e+00
65	5.894620e-01	4.986004e-01	1.164143e+00
69	3.055432e-01	3.162167e-01	1.689790e+00
70	4.084585e-01	4.300502e-01	2.347338e+00
73	3.549341e-01	3.512141e-01	1.758183e+00
74	4.115151e-01	4.241442e-01	2.161700e+00
76	4.507451e-01	3.537959e-01	2.038593e+00
77	2.809658e-01	3.212336e-01	1.977040e+00
78	5.120753e-01	3.586875e-01	2.565217e+00
80	4.064425e-01	3.697436e-01	2.205667e+00
81	4.047001e-01	3.530036e-01	1.398632e+00
82	4.276870e-01	3.927699e-01	1.638007e+00
83	3.578538e-01	3.706147e-01	1.205178e+00
85	4.872044e-01	4.540441e-01	1.362482e+00
87	3.377946e-01	4.324190e-01	1.996580e+00
88	1.829019e-01	4.472593e-01	1.143625e+00
89	4.326475e-01	4.080073e-01	1.917440e+00
90	2.981108e-01	3.812318e-01	1.747435e+00
91	4.277232e-01	3.492762e-01	2.804592e+00
92	3.820578e-01	3.271465e-01	1.592086e+00
93	4.384327e-01	2.886526e-01	2.871031e+00
94	5.524270e-01	3.111772e-01	1.717147e+00
96	5.044705e-01	2.929376e-01	2.295554e+00
97	2.024948e-01	3.318725e-01	1.248168e+00
98	4.593811e-01	3.713059e-01	2.607230e+00
99	5.310998e-01	3.601554e-01	2.866146e+00
100	2.554521e-01	3.904490e-01	2.349292e+00
101	4.091153e-01	3.604945e-01	1.344895e+00
103	2.554923e-01	4.038252e-01	1.942843e+00
104	4.822776e-01	4.083970e-01	2.097215e+00
105	4.279698e-01	3.455144e-01	2.440156e+00
107	1.387144e-01	1.645730e-01	2.630679e+00
108	2.958147e-01	4.312600e-01	1.023449e+00
110	3.726378e-01	2.225530e-01	2.002443e+00
112	3.882584e-01	3.600794e-01	2.215437e+00
113	4.023935e-01	3.665189e-01	1.230581e+00
114	4.183256e-01	3.334485e-01	2.364924e+00
116	3.413752e-01	3.615912e-01	1.324377e+00
117	5.033906e-01	5.323544e-01	1.500244e+00
118	5.161516e-01	4.354201e-01	2.812408e+00
119	3.053910e-01	4.337513e-01	1.448461e+00
120	4.005558e-01	3.669967e-01	2.302394e+00
122	5.227912e-01	4.934714e-01	2.131412e+00
123	4.024376e-01	4.842913e-01	2.719590e+00
124	2.138302e-01	3.195081e-01	2.884709e+00
125	2.529671e-01	2.286778e-01	2.896434e+00
126	4.152468e-01	3.591896e-01	1.119199e+00
127	4.388092e-01	3.421038e-01	2.184172e+00
128	3.453804e-01	5.652819e-01	2.469468e+00
129	2.579262e-01	4.527453e-01	1.157303e+00
130	5.759981e-01	3.975830e-01	2.511480e+00
131	4.688882e-01	3.641045e-01	2.546654e+00
134	4.425024e-01	3.413933e-01	2.489008e+00
135	5.375092e-01	3.704714e-01	2.473376e+00
136	4.762426e-01	3.733727e-01	1.486566e+00
137	5.936906e-01	3.995180e-01	1.004885e+00
140	3.628551e-01	4.671801e-01	1.103566e+00
141	4.764360e-01	3.140941e-01	2.380557e+00
142	6.956881e-01	3.057180e-01	2.226185e+00
143	4.725858e-01	3.802164e-01	2.559355e+00
144	4.397893e-01	3.357382e-01	2.978505e+00
148	4.989500e-01	3.884227e-01	2.119687e+00
150	4.833197e-01	4.055049e-01	1.074255e+00
151	5.818263e-01	4.180531e-01	2.398144e+00
152	4.852088e-01	3.615930e-01	2.014167e+00
154	4.959488e-01	4.532387e-01	2.126527e+00
155	4.625899e-01	3.527702e-01	1.117245e+00
156	2.394472e-01	3.499300e-01	2.617978e+00
157	3.783924e-01	2.432172e-02	2.454812e+00
158	4.313663e-01	3.153965e-01	1.060576e+00
160	5.323287e-01	3.030566e-01	1.728872e+00
161	7.568846e-01	5.398272e-02	2.528090e+00
162	4.517716e-01	4.272400e-01	1.137763e+00
163	4.323180e-01	4.002992e-01	2.477284e+00
164	1.913458e-01	3.345700e-01	1.328285e+00
165	4.370401e-01	4.332474e-01	2.865169e+00
166	4.874130e-01	2.523544e-01	2.580850e+00
167	4.859775e-01	4.958110e-01	1.963361e+00
168	4.526445e-01	3.199072e-01	1.665364e+00
169	4.279117e-01	2.414124e-01	1.217880e+00
171	4.485270e-01	3.717355e-01	2.021983e+00
173	3.619769e-01	1.911157e-01	1.551050e+00
175	3.826377e-01	3.991962e-01	2.931607e+00
176	4.974166e-01	3.203517e-01	2.152907e+00
177	4.645473e-01	3.219410e-01	1.943820e+00
178	3.980655e-01	7.001106e-01	1.311676e+00
179	4.247049e-01	3.966054e-01	1.547142e+00
180	4.736371e-01	3.847330e-01	2.213483e+00
181	3.785950e-01	3.852117e-01	2.043478e+00
182	4.207025e-01	4.272290e-01	2.673669e+00
186	4.319358e-01	1.985172e-01	2.940401e+00
188	5.084772e-01	3.766410e-01	2.628725e+00
189	3.953604e-01	4.773786e-01	2.664875e+00
191	4.508612e-01	4.086262e-01	2.334636e+00
192	3.971403e-01	3.667068e-01	2.055203e+00
193	3.803759e-01	3.903346e-01	1.027357e+00
194	6.312415e-01	8.380195e-01	1.698583e+00
195	4.251385e-01	3.237442e-01	1.006839e+00
198	5.655955e-01	4.208179e-01	2.058134e+00
199	4.019813e-01	3.566985e-01	1.997557e+00
200	4.393103e-01	3.478332e-01	2.697118e+00
201	1.615981e-01	4.080965e-01	2.445042e+00
202	3.449848e-01	3.912904e-01	1.279433e+00
203	3.650008e-01	3.779807e-01	2.408891e+00
205	3.901873e-01	2.190048e-01	2.023937e+00
207	2.418345e-01	2.140629e-01	1.212018e+00
208	5.284098e-01	3.642320e-01	1.636053e+00
209	2.626851e-01	4.366165e-01	2.090376e+00
210	6.611994e-01	6.016021e-01	1.814851e+00
211	2.199889e-01	2.894107e-01	2.246702e+00
212	3.985383e-01	5.323353e-01	1.148510e+00
213	5.298845e-01	5.279101e-01	1.459209e+00
214	2.568520e-01	2.359775e-01	1.042013e+00
216	5.401965e-01	3.567306e-01	1.584270e+00
217	5.631043e-01	4.115717e-01	2.376649e+00
218	4.381941e-01	4.414865e-01	2.247680e+00
219	4.286085e-01	3.519436e-01	1.770884e+00
220	2.135245e-01	2.801107e-01	2.858329e+00
221	3.904315e-01	5.271074e-01	1.609673e+00
222	4.538290e-01	3.094613e-01	1.152418e+00
223	3.899069e-01	4.211266e-01	1.250122e+00
224	3.567571e-01	3.501214e-01	2.062042e+00
225	4.109792e-01	2.875046e-01	1.123107e+00
226	7.971086e-01	1.615445e-01	1.438691e+00
227	3.555481e-01	4.215199e-01	2.676600e+00
228	4.448735e-01	4.506381e-01	2.319980e+00
229	3.919860e-01	3.623984e-01	2.793845e+00
230	4.287215e-01	3.334886e-01	2.593552e+00
231	4.461350e-01	3.515570e-01	2.102101e+00
232	4.462182e-01	3.330046e-01	1.060576e+00
233	3.767063e-01	3.658248e-01	2.041524e+00
234	4.085213e-01	5.250614e-01	2.262335e+00
235	4.468762e-01	2.932856e-01	1.443576e+00
237	2.803045e-01	4.760029e-01	2.647289e+00
238	5.208652e-01	3.483395e-01	2.875916e+00
239	5.680085e-01	8.856343e-02	1.548119e+00
240	4.420762e-01	3.299741e-01	2.238886e+00
241	4.506061e-01	4.386271e-01	1.812897e+00
242	6.156401e-01	8.210270e-02	1.040059e+00
243	4.178499e-01	3.708584e-01	1.263801e+00
244	4.309615e-01	2.932246e-01	1.624328e+00
245	3.528870e-01	4.301923e-01	1.723009e+00
246	4.452606e-01	3.415384e-01	2.261358e+00
247	8.060637e-01	2.586129e-01	1.394724e+00
248	3.808736e-01	3.981763e-01	1.301905e+00
249	4.263315e-01	3.070571e-01	1.629213e+00
250	4.227357e-01	3.853455e-01	2.247680e+00
251	2.317943e-01	2.629270e-01	1.683928e+00
252	4.050437e-01	3.844840e-01	1.126038e+00
253	3.769955e-01	5.274043e-01	1.614558e+00
255	8.883437e-01	3.194146e-01	1.937958e+00
256	4.090917e-01	4.047324e-01	2.834880e+00
257	5.198575e-01	3.508747e-01	2.144113e+00
258	4.330374e-01	2.693570e-01	1.238398e+00
259	6.209050e-01	7.896755e-01	2.234978e+00
260	4.422355e-01	2.731447e-01	2.464582e+00
261	1.416050e-01	7.014262e-01	2.080606e+00
262	4.217073e-01	3.605685e-01	2.782120e+00
264	3.859898e-01	4.089017e-01	1.910601e+00
265	4.585643e-01	3.872337e-01	2.648266e+00
266	4.023144e-01	3.515615e-01	2.749878e+00
267	4.398984e-01	3.136109e-01	2.013190e+00
268	3.775643e-01	5.553828e-01	1.662433e+00
269	5.691717e-01	4.422662e-01	2.876893e+00
270	4.043282e-01	3.650835e-01	1.789448e+00
271	3.843905e-01	3.820502e-01	1.357596e+00
272	4.483498e-01	3.901163e-01	1.563752e+00
273	3.972211e-01	4.356261e-01	1.498290e+00
274	3.790516e-01	4.073636e-01	1.908647e+00
275	3.969680e-01	6.009540e-01	2.665852e+00
276	4.798102e-01	2.538503e-01	2.691255e+00
277	4.320952e-01	3.584372e-01	2.098192e+00
278	3.969581e-01	3.377995e-01	1.220811e+00
280	2.358761e-01	2.992838e-01	2.821202e+00
281	5.110737e-01	2.684497e-01	2.290669e+00
282	3.113591e-01	4.102265e-01	2.534929e+00
283	4.571967e-01	4.036758e-01	2.445042e+00
284	4.741007e-01	4.128521e-01	2.930630e+00
285	4.511446e-01	7.274950e-01	2.088422e+00
286	4.487113e-01	3.054600e-01	1.133854e+00
287	4.299820e-01	3.447375e-01	2.343429e+00
288	4.945521e-01	2.181108e-01	1.947728e+00
289	5.237704e-01	1.248695e-02	2.500733e+00
290	5.227550e-01	3.857689e-02	2.574011e+00
292	2.422793e-01	2.768542e-01	2.912066e+00
293	3.642016e-01	2.982236e-01	1.736688e+00
294	3.433140e-01	3.259516e-01	1.470933e+00
295	3.945430e-01	4.118427e-01	2.265266e+00
296	3.946106e-01	4.123254e-01	2.495848e+00
297	3.914670e-01	3.792228e-01	2.862237e+00
298	4.134730e-01	3.615032e-01	1.857841e+00
299	4.884021e-01	8.491883e-02	2.227162e+00
300	4.102346e-01	3.686807e-01	1.627259e+00
301	4.949589e-01	2.244828e-01	2.506595e+00
302	4.538389e-01	3.464876e-01	2.762579e+00
303	3.797408e-01	3.925903e-01	2.459697e+00
304	4.041421e-01	3.630946e-01	1.689790e+00
305	4.303180e-01	3.540217e-01	1.565706e+00
306	3.975925e-01	4.203958e-01	1.125061e+00
307	4.577616e-01	3.515358e-01	2.528090e+00
308	3.625894e-01	3.107159e-01	1.121153e+00
309	3.995236e-01	3.794703e-01	1.169028e+00
310	3.749386e-01	4.009344e-01	1.555936e+00
311	4.551311e-01	3.599387e-01	1.885198e+00
312	3.793121e-01	3.300263e-01	2.989253e+00
313	4.284526e-01	3.542838e-01	2.081583e+00
314	4.502012e-01	3.398905e-01	1.052760e+00
315	3.776653e-01	4.443599e-01	2.633610e+00
316	3.925216e-01	3.194632e-01	1.623351e+00
317	4.962737e-01	3.701873e-01	2.443087e+00
318	4.535179e-01	3.216161e-01	2.989253e+00
319	3.945716e-01	3.558935e-01	2.095261e+00
320	3.284506e-01	3.003523e-01	2.862237e+00
321	4.470692e-01	2.053110e-01	1.942843e+00
322	3.168233e-01	1.983598e-01	1.455300e+00
323	5.227331e-01	4.029452e-01	1.022472e+00
324	4.287510e-01	3.443858e-01	1.734734e+00
325	3.899526e-01	3.016862e-01	2.170493e+00
326	5.395001e-01	1.717685e-01	2.626771e+00
328	3.027470e-01	2.016440e-01	1.801172e+00
329	4.918379e-01	3.442056e-01	1.461163e+00
330	4.104710e-01	3.541517e-01	1.730826e+00
331	4.585028e-01	3.758015e-01	2.535906e+00
332	4.843617e-01	3.054825e-01	2.234978e+00
333	4.050772e-01	3.581859e-01	2.740107e+00
334	2.177828e-01	4.118895e-01	2.879824e+00
335	3.873585e-01	3.643490e-01	2.902296e+00
336	4.933121e-01	2.645928e-01	1.495359e+00
337	4.448679e-01	3.402338e-01	2.727406e+00
338	5.597044e-01	2.026455e-01	2.315095e+00
339	5.272916e-01	2.559357e-01	2.528090e+00
340	4.585958e-01	3.298943e-01	2.943332e+00
341	5.147920e-01	5.363703e-01	2.339521e+00
342	4.375831e-01	6.779369e-01	1.752320e+00
343	4.494016e-01	4.503793e-01	2.184172e+00
346	4.844282e-01	4.750489e-01	2.741085e+00
347	4.475245e-01	4.324075e-01	2.190034e+00
348	5.702740e-01	2.824905e-01	1.921348e+00
349	4.241592e-01	3.345703e-01	1.197362e+00
350	4.278989e-01	3.378116e-01	2.764533e+00
351	4.472078e-01	3.474987e-01	1.541280e+00
352	3.825302e-01	4.048527e-01	1.943820e+00
353	3.736275e-01	4.972857e-01	2.209575e+00
354	3.329566e-01	4.989260e-01	1.017587e+00
355	3.683409e-01	3.084576e-01	1.306790e+00
356	4.453791e-01	4.341831e-01	2.435271e+00
358	4.447357e-01	3.235856e-01	1.327308e+00
359	3.736975e-01	2.675483e-01	2.742062e+00
361	3.561330e-01	3.364695e-01	2.267220e+00
363	5.178048e-01	3.388887e-01	2.073766e+00
364	4.555195e-01	3.536647e-01	2.385442e+00
365	3.613766e-01	4.934804e-01	2.814362e+00
366	7.087246e-01	5.403104e-01	2.371764e+00
367	4.195509e-01	3.724332e-01	2.407914e+00
368	3.645018e-01	3.796513e-01	1.623351e+00
369	4.375347e-01	3.386035e-01	1.573522e+00
370	4.096318e-01	4.161385e-01	2.355154e+00
371	4.584015e-01	2.704859e-01	1.601856e+00
372	4.498371e-01	3.530925e-01	1.526624e+00
373	3.514041e-01	3.128189e-01	1.977040e+00
374	4.252305e-01	3.430589e-01	1.844162e+00
375	4.028841e-01	3.954850e-01	1.286273e+00
378	4.255875e-01	3.450676e-01	1.008793e+00
379	4.305729e-01	3.561746e-01	2.974597e+00
380	4.145244e-01	3.311584e-01	2.648266e+00
381	3.905655e-01	2.746674e-01	1.543234e+00
382	4.223505e-01	3.644067e-01	1.142648e+00
383	6.212160e-01	1.552523e-01	2.333659e+00
384	3.713367e-01	3.864319e-01	1.567660e+00
385	4.174326e-01	6.280816e-01	2.407914e+00
386	4.879061e-01	2.596985e-01	1.787494e+00
387	5.197552e-01	4.498724e-01	1.712262e+00
388	3.502726e-01	3.492051e-01	1.139717e+00
390	4.033598e-01	3.883161e-01	1.407426e+00
391	2.711433e-01	5.068890e-01	1.186615e+00
392	3.600053e-01	4.133023e-01	1.006839e+00
393	7.599807e-01	2.366266e-01	1.235467e+00
394	4.721733e-01	5.040378e-01	2.866146e+00
395	4.197494e-01	3.210444e-01	2.410845e+00
398	3.957488e-01	2.915835e-01	2.904250e+00
400	4.140025e-01	3.554211e-01	2.772350e+00
401	3.187538e-01	3.700480e-01	1.393747e+00
402	3.810237e-01	3.892282e-01	1.322423e+00
403	4.386330e-01	3.123050e-01	2.872985e+00
404	5.217151e-01	3.470484e-01	1.795310e+00
405	4.619175e-01	3.395335e-01	2.446996e+00
408	4.553445e-01	3.302110e-01	2.122618e+00
409	4.091266e-01	3.594559e-01	1.518808e+00
410	4.638495e-01	2.180640e-01	1.922325e+00
412	5.115082e-01	3.888608e-01	2.882755e+00
414	4.645332e-01	4.563298e-01	1.896922e+00
416	4.169266e-01	3.237289e-01	1.280410e+00
417	4.411496e-01	3.071979e-01	2.227162e+00
418	5.013769e-01	3.325872e-01	2.758671e+00
419	3.601773e-01	5.024363e-01	2.065950e+00
420	3.742370e-01	4.027468e-01	2.140205e+00
421	4.568306e-01	3.400122e-01	2.755740e+00
423	4.189632e-01	3.609237e-01	1.138740e+00
424	5.292846e-01	4.149193e-01	1.944797e+00
425	4.440759e-01	3.609157e-01	1.255984e+00
426	3.312708e-01	3.810450e-01	1.587201e+00
427	3.441736e-01	3.505313e-01	1.785540e+00
428	4.805664e-01	3.719833e-01	2.788959e+00
430	3.798145e-01	3.756789e-01	2.813385e+00
431	4.135888e-01	3.659488e-01	2.353200e+00
432	4.699214e-01	5.553392e-01	2.165608e+00
433	4.354803e-01	3.549759e-01	1.696629e+00
434	4.438956e-01	3.290201e-01	2.678554e+00
435	3.034149e-01	4.006718e-01	2.476307e+00
436	4.330998e-01	3.870164e-01	1.274548e+00
437	3.442923e-01	4.347378e-01	1.454323e+00
438	3.127513e-01	4.549662e-01	2.462628e+00
439	4.121897e-01	3.706665e-01	2.689301e+00
440	4.230540e-01	4.191282e-01	2.250611e+00
441	5.707697e-01	1.174570e-01	1.272594e+00
443	2.903232e-01	4.648031e-01	1.306790e+00
444	4.408070e-01	3.368481e-01	1.904739e+00
445	4.641614e-01	3.808235e-01	2.173425e+00
446	3.437243e-01	4.401216e-01	2.075721e+00
447	4.447838e-01	3.508777e-01	1.809966e+00
448	4.847771e-01	4.380011e-01	2.105032e+00
450	4.189591e-01	3.712764e-01	2.270151e+00
451	4.835402e-01	3.525173e-01	2.602345e+00
453	3.893845e-01	3.356217e-01	2.965804e+00
454	3.366739e-01	5.096739e-01	1.648754e+00
456	4.366611e-01	2.694407e-01	2.598437e+00
457	6.031951e-01	4.252933e-01	2.737176e+00
458	3.911659e-01	2.708493e-01	2.069858e+00
459	4.619267e-01	4.359258e-01	1.787494e+00
465	4.753725e-01	3.244956e-01	1.374206e+00
466	3.818307e-01	3.829664e-01	2.722521e+00
469	4.066234e-01	4.078674e-01	1.923302e+00
470	4.493352e-01	3.315376e-01	2.440156e+00
471	4.383138e-01	3.267676e-01	1.579384e+00
472	8.140619e-01	4.375910e-02	1.672203e+00
473	4.071632e-01	3.373761e-01	2.336590e+00
475	4.944307e-01	3.940221e-01	2.716659e+00
477	3.272477e-01	3.628069e-01	1.643869e+00
478	4.331187e-01	2.791990e-01	2.909135e+00
479	4.257229e-01	3.600385e-01	1.161212e+00
481	5.223049e-01	3.511127e-01	2.193942e+00
484	4.135954e-01	4.005039e-01	1.802149e+00
486	4.087868e-01	3.607237e-01	1.545188e+00
487	4.297207e-01	3.625586e-01	2.279922e+00
489	4.190737e-01	3.390758e-01	1.959453e+00
490	5.964847e-01	4.209646e-01	1.738642e+00
491	4.116757e-01	3.982749e-01	2.440156e+00
492	4.617858e-01	2.644374e-01	2.083537e+00
493	3.178289e-01	3.715843e-01	2.392281e+00
496	3.742857e-01	2.272142e-01	1.087934e+00
498	4.285139e-01	3.614193e-01	1.115291e+00
499	3.675022e-01	4.812660e-01	2.144113e+00
501	3.932066e-01	3.852922e-01	2.159746e+00
503	3.961521e-01	3.827203e-01	1.271617e+00
504	4.124489e-01	3.866969e-01	2.054226e+00
507	4.707798e-01	3.504986e-01	1.613581e+00
509	4.157982e-01	2.584095e-01	2.981436e+00
511	6.669991e-01	3.913437e-01	2.231070e+00
513	2.369304e-02	7.357060e-01	1.246214e+00
516	3.825952e-01	3.424230e-01	2.757694e+00
517	4.263106e-01	4.123450e-01	2.084514e+00
520	3.727452e-01	4.009457e-01	1.586224e+00
522	4.242910e-01	3.417171e-01	2.185149e+00
524	7.367231e-01	2.262601e-01	2.084514e+00
525	7.369761e-01	2.263132e-01	1.408403e+00
526	3.563131e-01	3.670721e-01	2.352223e+00
528	4.172134e-01	4.053570e-01	1.533464e+00
529	4.263311e-01	3.728671e-01	2.446019e+00
530	2.856577e-01	3.089950e-01	2.926722e+00
531	7.507605e-01	2.182864e-01	1.084025e+00
533	5.061257e-01	3.031107e-01	2.611138e+00
537	7.733748e-01	3.186277e-01	2.603322e+00
539	4.332971e-01	2.882013e-01	2.463605e+00
543	4.895172e-01	3.521719e-01	1.242306e+00
544	3.979554e-01	4.365909e-01	2.037616e+00
547	3.457291e-01	3.827763e-01	1.646800e+00
553	4.211322e-01	3.438625e-01	1.878359e+00
556	4.069879e-01	3.341277e-01	1.212018e+00
560	3.932803e-01	3.115289e-01	1.053737e+00
562	4.622923e-01	4.332385e-01	1.044944e+00
564	2.740323e-01	2.464100e-01	1.094773e+00
565	4.811038e-01	1.256423e-01	2.268197e+00
566	4.395023e-01	3.595997e-01	1.097704e+00
567	3.641571e-01	3.501440e-01	2.065950e+00
570	5.207065e-01	3.868936e-01	1.285296e+00
573	3.627458e-01	5.831062e-01	1.219834e+00
575	4.355068e-01	5.159779e-01	1.007816e+00
576	6.634697e-01	3.893019e-01	2.849536e+00
577	4.058410e-01	4.327476e-01	1.483635e+00
579	3.926290e-01	3.321352e-01	2.288715e+00
580	4.487460e-01	4.361037e-01	1.581339e+00
582	2.119765e-01	2.126368e-01	1.807035e+00
583	4.550010e-01	4.215337e-01	2.197851e+00
584	3.272507e-01	4.935253e-01	1.321446e+00
586	5.653291e-01	2.032864e-01	1.521739e+00
587	4.396992e-01	5.893150e-01	2.106009e+00
588	3.071947e-01	4.374474e-01	2.735222e+00
589	8.125597e-01	7.537402e-01	1.890083e+00
591	3.773190e-01	4.137063e-01	1.228627e+00
592	4.424029e-01	3.678982e-01	1.098681e+00
594	4.287906e-01	3.420180e-01	1.208109e+00
595	3.331579e-01	4.493467e-01	1.270640e+00
599	4.918851e-01	3.218050e-01	2.349292e+00
600	4.676142e-01	5.186989e-01	2.289692e+00
601	3.898229e-01	3.912246e-01	1.889106e+00
607	4.449670e-01	3.499118e-01	2.792868e+00
608	4.376162e-01	5.445337e-01	1.011724e+00
609	4.705574e-01	5.662117e-01	2.946263e+00
615	3.651187e-01	3.295065e-01	1.040059e+00
616	4.266688e-01	5.124550e-01	1.645823e+00
617	9.826864e-01	5.055898e-01	1.247191e+00
618	3.420493e-01	4.637231e-01	1.924279e+00
619	4.397068e-01	5.161884e-01	2.144113e+00
620	4.788092e-01	3.860762e-01	1.978994e+00
621	4.741556e-01	3.693736e-01	1.876404e+00
624	1.356664e-01	3.731872e-01	2.516365e+00
627	4.191317e-01	4.094706e-01	1.796287e+00
628	3.868161e-01	3.162646e-01	2.237909e+00
630	4.009194e-01	2.383165e-01	2.738153e+00
633	3.704411e-01	3.682088e-01	2.410845e+00
634	4.513869e-01	2.777129e-01	1.236444e+00
636	7.277777e-01	7.936375e-01	1.769907e+00
637	3.948663e-01	4.688435e-01	1.903762e+00
638	4.532054e-01	4.357038e-01	2.901319e+00
639	4.449146e-01	3.658300e-01	2.812408e+00
640	4.460947e-01	3.480332e-01	2.842697e+00
643	5.896866e-01	5.153550e-02	1.957499e+00
644	3.745694e-01	3.464973e-01	2.512457e+00
645	4.820258e-01	1.918789e-01	2.938447e+00
647	4.672528e-01	6.150267e-01	2.632633e+00
649	3.468254e-01	2.984522e-01	1.725940e+00
651	4.148524e-01	2.134786e-01	2.279922e+00
652	4.245790e-01	5.299051e-01	1.312653e+00
654	4.228363e-01	3.122312e-01	2.583781e+00
656	4.024713e-01	3.401429e-01	1.020518e+00
658	4.427678e-01	4.846416e-01	1.672203e+00
659	4.938178e-01	5.661184e-01	2.890572e+00
660	4.623053e-01	2.223063e-01	1.056668e+00
661	5.984436e-01	5.012543e-01	2.433317e+00
663	4.655127e-01	2.252468e-02	1.102589e+00
664	3.870538e-01	3.194560e-01	1.106497e+00
667	4.135998e-01	2.202835e-01	1.068393e+00
668	5.424745e-01	3.401014e-01	2.941378e+00
670	4.152458e-01	3.907731e-01	2.181241e+00
671	6.145201e-01	3.661104e-01	1.950660e+00
672	3.828796e-01	5.278174e-01	2.817294e+00
673	4.098615e-01	5.860782e-01	2.537860e+00
674	4.854796e-01	6.229667e-01	2.760625e+00
675	3.444882e-01	3.258679e-01	1.672203e+00
676	6.554834e-01	6.182988e-01	2.255496e+00
678	7.364325e-01	3.569488e-01	2.169516e+00
679	4.844489e-01	2.855668e-01	1.255984e+00
680	3.225808e-01	3.880816e-01	1.235467e+00
681	6.217304e-01	3.761897e-01	1.978994e+00
683	4.293324e-01	5.597416e-01	1.367367e+00
684	4.919792e-01	5.115186e-01	2.766488e+00
685	3.991060e-01	4.841470e-01	2.958964e+00
687	1.540759e-01	5.355820e-01	1.147533e+00
691	4.255641e-01	4.223993e-01	2.362970e+00
693	5.727142e-01	4.578979e-01	1.209086e+00
695	4.047416e-01	4.974350e-01	1.394724e+00
696	5.479974e-01	4.238409e-01	2.200782e+00
697	4.129462e-01	3.611439e-01	1.453346e+00
698	5.361165e-01	4.640784e-01	1.420127e+00
703	4.098377e-01	3.623798e-01	2.173425e+00
707	2.486917e-01	2.043149e-01	1.444553e+00
709	4.816296e-01	2.858780e-01	2.259404e+00
711	5.001875e-01	4.119585e-01	1.732780e+00
712	3.266313e-01	4.684103e-01	2.027846e+00
713	4.588186e-01	3.342032e-01	1.011724e+00
714	3.848574e-01	2.881328e-01	1.006839e+00
717	3.455298e-01	3.439397e-01	1.120176e+00
718	3.931766e-01	4.123420e-01	1.045921e+00
719	4.125327e-01	3.962080e-01	2.993161e+00
722	1.733310e-01	1.136759e-01	3.000000e+00
723	4.360388e-01	5.110832e-01	2.970689e+00
724	6.650698e-01	6.140004e-01	1.185638e+00
725	3.755122e-01	4.408279e-01	1.774792e+00
726	3.607281e-01	4.394381e-01	1.883244e+00
727	5.166677e-01	5.539977e-01	2.623840e+00
728	4.930326e-01	5.977703e-01	1.694675e+00
729	6.229847e-01	2.564794e-01	2.360039e+00
732	4.320481e-01	3.480132e-01	2.760625e+00
734	2.653548e-01	2.210497e-01	2.745970e+00
735	5.304383e-01	4.977418e-01	1.817782e+00
736	3.681063e-01	3.644416e-01	2.519297e+00
737	5.050074e-01	6.353332e-01	2.214460e+00
738	4.312375e-01	4.588752e-01	2.439179e+00
739	4.332883e-01	3.817094e-01	2.870054e+00
740	6.275935e-01	2.452345e-01	1.413288e+00
745	4.343146e-01	2.720035e-01	2.548608e+00
746	3.551879e-01	3.849315e-01	2.561309e+00
747	1.566274e-01	1.040503e-01	2.958964e+00
748	5.313198e-01	3.150349e-01	1.332193e+00
750	8.632723e-01	4.895625e-01	1.373229e+00
751	4.879372e-01	6.138345e-01	2.462628e+00
752	1.409167e-01	8.505550e-02	2.852467e+00
753	4.076714e-01	3.955033e-01	2.411822e+00
757	2.451547e-01	2.015517e-01	2.571080e+00
758	8.649313e-01	4.896269e-01	1.398632e+00
759	4.080839e-01	3.451207e-01	1.922325e+00
764	3.383520e-01	3.788788e-01	2.676600e+00
765	3.432643e-01	3.452544e-01	1.760137e+00
766	3.704461e-01	1.828110e-01	2.299463e+00
767	1.961238e-01	6.346509e-01	2.943332e+00
770	4.188004e-01	4.188868e-01	1.634099e+00
771	4.090573e-01	2.205020e-01	2.033708e+00
774	4.725650e-01	4.299825e-01	2.382511e+00
775	4.222525e-01	3.365461e-01	1.186615e+00
779	5.398587e-01	5.439338e-01	2.059111e+00
780	2.768829e-01	2.438101e-01	2.211529e+00
781	4.260975e-01	3.834578e-01	1.969223e+00
783	4.467768e-01	4.416044e-01	2.660967e+00
784	4.127996e-01	4.806898e-01	1.264778e+00
786	3.933716e-01	1.655389e-01	2.458720e+00
787	2.941755e-01	3.285184e-01	2.456766e+00
788	2.471105e-01	6.143162e-01	2.337567e+00
789	4.608197e-01	2.454735e-01	1.259893e+00
790	5.362604e-01	2.661802e-01	2.648266e+00
792	5.046572e-01	4.193203e-01	2.183195e+00
793	1.743451e-01	2.084085e-01	1.050806e+00
796	4.995853e-01	4.534343e-01	1.929165e+00
797	2.766658e-01	4.518124e-01	1.657548e+00
798	3.953885e-01	1.977150e-01	2.224231e+00
799	2.765967e-01	4.535506e-01	2.911089e+00
800	3.823151e-01	3.590426e-01	1.419150e+00
801	1.920086e-01	4.097413e-01	1.386908e+00
802	3.925656e-01	2.791757e-01	1.342941e+00
803	4.633529e-01	3.576861e-01	1.537372e+00
804	3.779103e-01	3.734029e-01	2.935515e+00
805	5.042909e-01	5.712151e-01	1.399609e+00
806	3.961527e-01	3.305402e-01	2.243771e+00
807	4.560209e-01	3.630195e-01	2.256473e+00
809	4.311839e-01	2.548712e-01	1.851979e+00
810	4.628116e-01	3.909798e-01	1.418173e+00
811	4.453145e-01	2.435326e-01	1.005862e+00
812	5.170414e-01	2.938712e-01	1.509038e+00
813	4.624184e-01	3.962681e-01	1.317538e+00
814	3.500519e-01	3.681397e-01	1.980948e+00
815	4.127886e-01	2.756316e-01	2.222277e+00
816	5.065694e-01	2.355409e-01	2.837811e+00
817	3.629995e-01	3.324987e-01	2.277968e+00
818	3.757594e-01	3.705726e-01	2.452858e+00
819	3.960991e-01	2.913245e-01	2.862237e+00
820	6.696554e-01	4.120779e-01	1.611627e+00
821	3.765566e-01	3.218491e-01	1.969223e+00
822	3.981397e-01	3.922153e-01	1.106497e+00
823	3.648857e-01	3.017203e-01	1.281387e+00
824	4.224855e-01	1.397121e-01	2.533952e+00
825	3.505194e-01	3.015195e-01	1.889106e+00
827	4.315481e-01	2.646892e-01	2.298486e+00
828	3.921212e-01	2.823179e-01	2.558378e+00
829	4.710753e-01	2.915216e-01	2.571080e+00
831	5.610850e-01	4.831933e-01	2.940401e+00
832	3.327188e-01	4.656727e-01	1.401563e+00
833	5.113494e-01	3.515551e-01	2.862237e+00
834	4.535460e-01	6.226877e-01	2.032731e+00
835	4.976161e-01	3.259301e-01	2.241817e+00
836	4.649749e-01	1.972189e-01	2.984367e+00
837	5.206409e-01	2.743725e-01	2.499756e+00
838	3.620001e-01	3.521274e-01	1.435760e+00
839	3.901189e-01	3.332579e-01	2.121641e+00
841	3.343355e-01	4.150800e-01	2.920860e+00
842	3.066880e-01	3.352784e-01	1.905716e+00
843	4.164589e-01	3.838190e-01	1.081094e+00
844	4.695029e-01	4.363504e-01	1.834392e+00
845	3.240397e-01	5.033346e-01	2.002443e+00
846	4.504100e-01	4.390851e-01	1.444553e+00
847	4.091761e-01	3.443147e-01	1.358574e+00
848	3.898439e-01	3.804260e-01	1.159257e+00
849	3.204118e-01	3.393606e-01	1.700537e+00
850	4.648210e-01	4.407629e-01	2.943332e+00
851	5.867438e-01	3.095537e-01	1.835369e+00
855	3.438861e-01	3.539375e-01	1.556913e+00
856	3.660437e-01	3.959487e-01	2.148999e+00
857	3.796130e-01	4.005589e-01	2.275037e+00
858	3.908981e-01	2.088175e-01	2.697118e+00
859	4.045326e-01	3.490972e-01	1.516854e+00
863	7.131367e-01	2.809689e-01	1.298974e+00
864	3.563347e-01	3.898622e-01	2.787005e+00
865	4.003882e-01	3.254178e-01	2.812408e+00
866	4.027700e-01	3.415978e-01	1.940889e+00
867	2.967234e-01	3.551138e-01	2.656082e+00
868	5.042183e-01	4.100344e-01	1.982902e+00
869	3.248870e-01	4.989017e-01	2.681485e+00
870	4.711949e-01	4.675239e-01	1.810943e+00
872	1.447931e-01	3.363034e-02	1.715193e+00
877	5.160681e-01	2.061390e-01	2.221299e+00
878	4.231805e-01	3.807616e-01	2.718613e+00
881	5.253800e-01	3.103813e-01	2.234001e+00
883	2.479986e-01	2.928661e-01	1.553981e+00
884	4.372956e-01	3.512807e-01	1.560821e+00
885	2.504924e-01	4.449285e-01	2.672692e+00
886	4.576912e-01	2.864680e-01	1.471910e+00
888	4.906849e-01	3.217819e-01	2.205667e+00
889	3.725603e-01	5.168821e-01	2.599414e+00
890	1.356748e-01	3.451728e-02	2.873962e+00
891	5.071530e-01	1.040782e-01	2.733268e+00
892	1.384764e-01	2.449383e-02	1.692721e+00
893	5.973631e-01	1.766532e-01	1.432829e+00
894	4.879285e-01	2.417252e-01	1.474841e+00
895	9.541146e-01	5.482120e-02	2.914998e+00
896	5.744923e-01	5.474566e-01	1.508061e+00
897	4.169820e-01	4.265655e-01	1.455300e+00
898	3.551607e-01	4.103460e-01	1.036150e+00
899	4.332437e-01	3.571958e-01	1.672203e+00
900	4.715272e-01	1.931667e-01	2.243771e+00
905	5.320933e-01	6.608896e-02	2.315095e+00
906	4.213510e-01	3.855277e-01	2.044455e+00
907	1.683229e-01	3.572343e-01	1.438691e+00
908	2.492460e-01	3.081389e-01	1.001954e+00
909	4.661515e-01	3.691578e-01	1.146556e+00
911	3.362477e-01	5.320465e-01	2.471422e+00
912	5.007868e-01	3.902857e-01	2.209575e+00
914	4.170205e-01	3.552177e-01	1.936004e+00
915	6.246221e-01	4.423556e-01	2.843674e+00
916	5.482367e-01	4.830748e-01	1.057645e+00
917	4.336349e-01	1.477596e-01	2.896434e+00
918	4.872517e-01	4.154421e-01	2.112848e+00
919	4.002000e-01	5.376727e-01	2.553493e+00
921	2.701563e-01	4.235177e-01	1.271617e+00
922	3.439585e-01	4.075165e-01	2.916952e+00
923	5.173241e-01	4.118376e-01	1.081094e+00
924	7.063502e-01	3.088550e-01	2.581827e+00
925	5.968556e-01	2.901372e-01	1.394724e+00
926	3.351914e-01	4.299423e-01	1.289204e+00
927	4.343040e-01	2.920361e-01	1.961407e+00
929	6.128278e-01	2.850938e-01	1.743527e+00
930	4.912623e-01	3.630005e-01	2.718613e+00
931	4.733485e-01	3.908635e-01	1.908647e+00
932	4.856803e-01	3.012514e-01	1.399609e+00
933	3.253903e-01	6.216213e-01	2.980459e+00
934	2.169918e-01	7.602813e-02	2.603322e+00
935	4.257895e-01	3.935017e-01	2.267220e+00
936	4.358139e-01	4.859743e-01	1.400586e+00
937	3.254500e-01	4.281711e-01	2.249634e+00
938	4.921775e-01	4.703041e-01	1.248168e+00
939	4.031168e-01	3.713391e-01	1.234489e+00
940	4.757131e-01	3.848294e-01	2.559355e+00
941	4.562167e-01	3.240859e-01	2.848559e+00
942	4.767153e-01	5.298756e-01	1.495359e+00
943	3.311355e-01	6.222051e-01	2.346361e+00
944	6.159672e-01	5.563823e-01	1.812897e+00
945	3.378888e-01	3.878573e-01	2.016121e+00
946	4.198634e-01	3.588096e-01	1.676111e+00
947	4.476911e-01	3.273543e-01	1.307767e+00
948	3.854306e-01	3.078781e-01	1.727894e+00
949	2.670583e-01	3.955945e-01	1.587201e+00
950	3.878928e-01	3.080246e-01	2.820225e+00
951	5.016331e-01	4.720616e-01	2.234978e+00
952	4.339650e-01	5.343103e-01	2.393258e+00
953	4.796735e-01	4.283920e-01	1.537372e+00
954	4.289873e-01	3.855643e-01	2.814362e+00
955	4.341331e-01	3.927912e-01	2.472399e+00
956	3.961263e-01	4.054544e-01	2.402052e+00
957	3.014773e-01	4.425167e-01	2.220322e+00
958	3.913365e-01	4.656117e-01	1.127992e+00
959	3.704246e-01	3.433084e-01	1.184660e+00
960	4.337483e-01	4.145374e-01	1.655594e+00
961	3.986560e-01	3.977685e-01	2.473376e+00
962	3.190138e-01	4.398772e-01	2.125550e+00
963	9.076523e-01	2.546155e-01	1.407426e+00
964	1.345740e-01	4.122085e-01	1.067416e+00
965	3.377968e-01	3.805808e-01	1.183683e+00
966	4.066552e-01	2.434223e-01	1.849047e+00
967	3.754814e-01	3.888427e-01	1.107474e+00
968	4.396352e-01	5.424418e-01	2.902296e+00
969	4.372130e-01	4.061620e-01	2.884709e+00
970	4.430901e-01	2.495014e-01	2.418661e+00
971	4.959530e-01	3.183246e-01	2.088422e+00
972	3.570030e-01	3.464022e-01	1.675134e+00
973	3.740531e-01	2.164273e-01	1.717147e+00
974	3.501050e-01	3.397912e-01	1.874450e+00
975	3.687747e-01	3.520274e-01	2.744993e+00
976	5.344050e-01	3.808460e-01	1.101612e+00
977	4.715588e-01	2.891674e-01	1.860772e+00
978	4.590546e-01	3.689314e-01	1.997557e+00
979	5.196449e-01	3.860526e-01	2.080606e+00
980	4.177438e-01	4.738810e-01	1.262824e+00
981	4.965929e-01	4.517792e-01	1.952614e+00
982	4.305654e-01	3.082168e-01	1.681974e+00
983	3.968044e-01	3.922988e-01	2.354177e+00
984	6.296719e-01	2.798854e-01	2.705911e+00
985	3.684446e-01	3.609892e-01	1.297997e+00
986	4.682143e-01	3.596209e-01	1.593063e+00
987	3.998211e-01	4.064596e-01	2.944309e+00
988	4.063284e-01	2.560891e-01	2.695164e+00
989	3.902289e-01	4.238936e-01	1.071324e+00
990	4.704235e-01	4.253715e-01	2.562286e+00
991	5.066743e-01	2.269196e-01	1.097704e+00
992	4.508495e-01	3.262736e-01	2.033708e+00
993	3.364541e-01	6.578234e-01	1.891060e+00
994	4.223138e-01	3.769647e-01	1.226673e+00
995	4.200898e-01	3.765957e-01	2.096238e+00
996	6.157675e-01	3.604108e-01	2.234978e+00
997	5.803774e-01	5.189218e-01	2.601368e+00
998	4.857683e-01	1.170897e-01	2.107963e+00
999	3.047855e-01	3.793756e-01	1.499267e+00
1000	4.251837e-01	3.344226e-01	1.192477e+00
1001	4.475482e-01	4.557312e-01	2.937469e+00
1002	3.856548e-01	3.559167e-01	1.183683e+00
1003	5.321522e-01	3.711474e-01	1.053737e+00
1004	5.999835e-01	3.858325e-01	1.540303e+00
1005	4.280556e-01	2.301718e-01	1.446507e+00
1006	3.155742e-01	3.895881e-01	2.942355e+00
1007	3.634309e-01	3.996473e-01	2.766488e+00
1008	4.092073e-01	3.826269e-01	2.502687e+00
1009	4.118096e-01	4.313590e-01	2.005374e+00
1011	4.473061e-01	5.988907e-01	1.217880e+00
1012	5.730316e-01	3.210055e-01	1.148510e+00
1013	4.245159e-01	3.120026e-01	2.778212e+00
1014	3.811252e-01	3.989803e-01	1.774792e+00
1015	4.729592e-01	4.622389e-01	1.070347e+00
1016	4.696860e-01	5.276559e-01	2.073766e+00
1017	6.799888e-01	5.005790e-01	2.753786e+00
1018	3.820289e-01	3.980832e-01	2.888617e+00
1019	3.756844e-01	4.663584e-01	2.135320e+00
1020	6.099995e-01	3.944228e-01	2.933561e+00
1021	3.343247e-01	3.734687e-01	1.530532e+00
1022	4.324250e-01	3.032473e-01	1.125061e+00
1023	3.480650e-01	4.665083e-01	1.849047e+00
1024	4.787386e-01	3.019037e-01	1.952614e+00
1025	2.512400e-01	2.395336e-01	2.357108e+00
1026	4.062032e-01	4.355369e-01	2.956033e+00
1027	4.266174e-01	4.367138e-01	2.441133e+00
1028	3.720222e-01	2.510906e-01	2.395213e+00
1029	4.119660e-01	2.912860e-01	2.361993e+00
1030	3.972058e-01	2.174941e-01	2.494871e+00
1031	3.934605e-01	4.103482e-01	2.136297e+00
1032	3.929098e-01	4.062927e-01	2.439179e+00
1033	3.686079e-01	2.956432e-01	2.826087e+00
1034	3.776252e-01	3.548763e-01	1.697606e+00
1035	4.670269e-01	5.881820e-01	2.755740e+00
1036	4.180493e-01	3.311355e-01	1.542257e+00
1037	6.265337e-01	1.159734e-01	1.505129e+00
1038	4.191130e-01	4.414419e-01	1.581339e+00
1039	4.788707e-01	4.637548e-01	1.295066e+00
1040	5.857114e-01	3.372754e-01	2.208598e+00
1041	4.286700e-01	3.997623e-01	2.112848e+00
1042	4.478395e-01	3.753952e-01	2.228139e+00
1043	4.625156e-01	3.679507e-01	2.269174e+00
1044	4.227369e-01	3.405093e-01	2.771373e+00
1045	4.438840e-01	4.435213e-01	1.791402e+00
1046	4.060477e-01	3.971414e-01	1.061553e+00
1047	6.018252e-01	4.043755e-01	2.832926e+00
1048	3.776504e-01	4.151670e-01	1.816805e+00
1049	4.018116e-01	3.585691e-01	1.827553e+00
1050	4.612434e-01	4.838120e-01	1.618466e+00
1051	4.186645e-01	3.804976e-01	1.144602e+00
1052	4.830829e-01	3.708771e-01	1.867611e+00
1053	3.880429e-01	4.357373e-01	2.828041e+00
1054	3.713031e-01	2.529348e-01	1.002931e+00
1055	3.949459e-01	3.066235e-01	1.981925e+00
1056	4.236867e-01	4.363479e-01	2.776258e+00
1057	2.785886e-01	4.243481e-01	1.376160e+00
1058	4.421372e-01	3.248114e-01	1.646800e+00
1059	4.269135e-01	2.789381e-01	2.625794e+00
1061	4.308056e-01	3.622076e-01	2.682462e+00
1063	5.397250e-01	4.422331e-01	2.836834e+00
1064	4.223873e-01	4.717324e-01	2.172447e+00
1065	3.762933e-01	3.845229e-01	1.674157e+00
1067	3.973849e-01	3.350123e-01	1.950660e+00
1068	6.089214e-01	3.635786e-01	2.468490e+00
1069	3.590825e-01	2.749197e-01	2.561309e+00
1070	4.150762e-01	3.822647e-01	1.900830e+00
1071	4.591294e-01	3.695886e-01	1.683928e+00
1072	3.854982e-01	3.745887e-01	1.636053e+00
1073	3.485507e-01	4.218330e-01	2.679531e+00
1074	4.524672e-01	3.370660e-01	1.704446e+00
1075	3.800030e-01	3.979743e-01	2.700049e+00
1076	3.966320e-01	3.615305e-01	2.720567e+00
1077	3.169761e-01	3.970876e-01	2.315095e+00
1078	2.837937e-01	3.631251e-01	1.895945e+00
1079	5.646859e-01	2.769443e-01	2.224231e+00
1080	4.590708e-01	3.593290e-01	2.815340e+00
1081	2.808279e-01	1.805159e-01	2.858329e+00
1082	3.586245e-01	4.305970e-01	1.717147e+00
1083	4.047904e-01	3.849387e-01	2.173425e+00
1084	5.246002e-01	3.718709e-01	2.585735e+00
1085	4.877645e-01	3.567767e-01	2.657059e+00
1086	4.013155e-01	4.629306e-01	2.276991e+00
1087	4.553557e-01	3.815464e-01	2.162677e+00
1089	4.421705e-01	3.850515e-01	2.195896e+00
1090	4.020125e-01	3.690524e-01	1.145579e+00
1091	4.578557e-01	3.116998e-01	2.082560e+00
1092	2.588514e-01	2.283034e-01	1.276502e+00
1094	3.786042e-01	3.738281e-01	2.548608e+00
1095	3.993521e-01	3.316222e-01	2.239863e+00
1096	4.426213e-01	4.323395e-01	2.051295e+00
1097	4.128797e-01	4.252831e-01	1.422081e+00
1099	4.542999e-01	2.945638e-01	2.954079e+00
1100	4.932247e-01	3.630735e-01	1.329262e+00
1101	3.827815e-01	3.633980e-01	2.976551e+00
1102	3.773604e-01	3.192390e-01	2.951148e+00
1103	3.420576e-01	3.553169e-01	2.518319e+00
1104	4.433249e-01	3.828627e-01	2.981436e+00
1105	4.443992e-01	3.093177e-01	2.454812e+00
1106	4.215700e-01	2.870765e-01	2.609184e+00
1107	4.352375e-01	3.152226e-01	2.993161e+00
1108	4.814947e-01	3.679694e-01	1.934050e+00
1110	4.126145e-01	3.514130e-01	2.075721e+00
1112	4.731740e-01	4.226054e-01	2.393258e+00
1113	4.235512e-01	3.650739e-01	2.895457e+00
1114	4.537454e-01	3.362522e-01	2.862237e+00
1116	2.890736e-01	3.248630e-01	2.458720e+00
1117	2.171403e-01	4.089764e-01	2.796776e+00
1118	4.875711e-01	3.615043e-01	2.902296e+00
1119	4.027430e-01	2.245415e-01	1.758183e+00
1121	3.787480e-01	2.634321e-01	1.007816e+00
1122	4.752279e-01	3.007246e-01	1.749389e+00
1123	6.299631e-01	4.762280e-01	2.521251e+00
1124	4.028853e-01	3.681720e-01	2.923791e+00
1125	1.219162e-01	4.253342e-01	1.164143e+00
1126	4.902418e-01	4.091444e-01	1.873473e+00
1127	4.737711e-01	3.043276e-01	2.126527e+00
1128	3.889868e-01	3.294725e-01	1.273571e+00
1129	3.328239e-01	3.728135e-01	2.563263e+00
1130	3.834720e-01	4.702392e-01	1.869565e+00
1131	3.905700e-01	3.844843e-01	1.325354e+00
1132	4.408426e-01	3.250290e-01	2.111871e+00
1133	4.526811e-01	3.626055e-01	2.736199e+00
1134	4.267070e-01	3.114302e-01	2.436248e+00
1135	3.624775e-01	3.855541e-01	1.894968e+00
1136	5.040091e-01	5.071642e-01	1.706400e+00
1137	3.209029e-01	4.691388e-01	2.099170e+00
1138	4.246066e-01	4.175306e-01	1.904739e+00
1139	4.040055e-01	3.725417e-01	2.138251e+00
1140	3.154439e-01	4.852025e-01	2.196873e+00
1141	3.824323e-01	3.917552e-01	2.827064e+00
1142	3.528970e-01	4.148233e-01	2.310210e+00
1143	3.605755e-01	3.955916e-01	1.335125e+00
1144	4.284685e-01	3.616962e-01	2.974597e+00
1145	4.167324e-01	3.058473e-01	2.719590e+00
1146	2.821388e-01	3.774139e-01	1.246214e+00
1147	4.917961e-01	5.869362e-01	2.170493e+00
1148	4.301541e-01	3.322800e-01	1.166097e+00
1149	3.113169e-01	2.844307e-01	1.371275e+00
1150	4.089083e-01	3.826453e-01	2.399121e+00
1151	2.973157e-01	6.209518e-01	2.064973e+00
1152	3.092013e-01	3.712859e-01	1.170005e+00
1153	4.964227e-01	3.683132e-01	2.560332e+00
1154	4.324895e-01	3.184847e-01	1.782609e+00
1155	5.861434e-01	4.706846e-01	2.902296e+00
1156	4.297012e-01	4.187411e-01	3.000000e+00
1157	5.118143e-01	3.736458e-01	1.047875e+00
1159	6.239290e-01	4.389609e-01	1.893014e+00
1160	3.800485e-01	3.114666e-01	1.280410e+00
1161	1.425777e-02	1.109800e-01	2.497802e+00
1162	3.902371e-01	4.195813e-01	1.655594e+00
1163	3.566093e-01	3.524868e-01	2.885686e+00
1164	3.838190e-01	1.074328e-01	2.573034e+00
1166	4.379130e-01	2.621833e-01	2.524182e+00
1167	4.707143e-01	4.312340e-01	2.076698e+00
1168	3.896240e-01	3.489907e-01	2.651197e+00
1169	4.183828e-01	3.848189e-01	1.767953e+00
1171	3.758867e-01	3.976182e-01	1.411334e+00
1174	3.564291e-01	3.571044e-01	1.842208e+00
1175	2.800881e-01	2.347995e-01	2.734245e+00
1176	2.203678e-01	2.693116e-01	1.146556e+00
1177	4.879883e-01	3.277310e-01	2.650220e+00
1178	4.233680e-01	2.901416e-01	2.899365e+00
1179	3.693159e-01	2.646665e-01	2.624817e+00
1180	4.456114e-01	3.979231e-01	2.791891e+00
1181	2.927785e-01	4.587020e-01	1.443576e+00
1183	5.115947e-01	7.336059e-01	2.008305e+00
1184	4.051811e-01	3.183760e-01	1.156326e+00
1185	3.877163e-01	3.799886e-01	2.619932e+00
1186	4.280030e-01	3.921579e-01	1.445530e+00
1187	4.315983e-01	3.580820e-01	1.825598e+00
1188	4.841056e-01	4.941704e-01	1.490474e+00
1189	4.842581e-01	3.623164e-01	2.922814e+00
1191	4.416274e-01	4.489743e-01	1.455300e+00
1192	5.087439e-01	4.097081e-01	1.888129e+00
1193	4.407348e-01	1.467428e-01	2.954079e+00
1194	4.815114e-01	3.811233e-01	2.640449e+00
1195	2.883235e-01	2.196445e-01	1.257938e+00
1196	4.445184e-01	4.992868e-01	2.626771e+00
1197	4.894762e-01	4.732759e-01	1.746458e+00
1198	4.813307e-01	3.459051e-01	1.221788e+00
1199	5.241995e-01	2.321379e-01	1.347826e+00
1200	3.306587e-01	4.639926e-01	2.531021e+00
1201	4.077550e-01	3.429661e-01	2.870054e+00
1202	3.834743e-01	4.370687e-01	3.000000e+00
1203	1.714467e-01	4.258818e-01	1.818759e+00
1204	2.895651e-01	2.844101e-01	1.163166e+00
1205	2.047771e-01	2.460474e-01	2.823156e+00
1206	3.541922e-01	3.460280e-01	1.397655e+00
1207	3.230651e-01	3.583870e-01	1.317538e+00
1208	3.815124e-01	3.282543e-01	1.383000e+00
1210	3.112337e-01	4.197584e-01	2.850513e+00
1211	5.782350e-01	3.551729e-01	2.454812e+00
1212	4.952347e-01	5.248477e-01	2.031754e+00
1213	4.205077e-01	3.247826e-01	1.637030e+00
1214	4.200120e-01	3.568056e-01	2.955056e+00
1215	4.261034e-01	3.194212e-01	2.632633e+00
1216	4.077426e-01	3.769614e-01	1.953591e+00
1217	4.588588e-01	3.349434e-01	2.460674e+00
1218	1.753200e-01	1.816441e-01	1.196385e+00
1220	6.543724e-01	4.034530e-01	2.021006e+00
1221	7.522993e-01	1.248736e-01	2.527113e+00
1222	5.137054e-01	4.408673e-01	2.543723e+00
1223	5.253141e-01	2.748647e-01	1.703468e+00
1224	4.317854e-01	3.207971e-01	1.115291e+00
1225	4.989714e-01	5.334510e-01	2.950171e+00
1226	3.941681e-01	3.331647e-01	2.105032e+00
1227	4.804061e-01	3.842715e-01	2.441133e+00
1228	4.146495e-01	3.671595e-01	2.604299e+00
1229	3.880747e-01	4.273602e-01	2.390327e+00
1230	4.639857e-01	4.423122e-01	2.063996e+00
1231	3.673231e-01	3.483757e-01	2.043478e+00
1232	4.838591e-01	3.675584e-01	1.523693e+00
1233	4.020445e-01	3.891768e-01	1.969223e+00
1234	6.769032e-01	1.916537e-01	1.782609e+00
1235	4.768920e-01	3.189285e-01	2.079629e+00
1236	2.638130e-01	6.035722e-01	2.675623e+00
1237	4.764644e-01	4.220910e-01	2.221299e+00
1238	5.309822e-01	3.920067e-01	1.449438e+00
1239	2.988017e-01	3.241178e-01	2.145090e+00
1240	3.045334e-01	5.576198e-01	1.699560e+00
1241	4.505333e-01	3.878279e-01	1.530532e+00
1242	5.081000e-01	3.901642e-01	1.497313e+00
1243	3.679240e-01	3.485895e-01	2.941378e+00
1244	4.057370e-01	4.450224e-01	1.049829e+00
1245	3.696321e-01	2.999595e-01	2.659013e+00
1246	4.410929e-01	3.937300e-01	1.352711e+00
1247	2.686350e-01	5.869365e-01	2.130435e+00
1248	3.337749e-01	2.964502e-01	2.205667e+00
1249	4.713604e-01	2.737610e-01	2.596483e+00
1250	4.798498e-01	3.029604e-01	1.509038e+00
1251	6.400052e-01	5.726181e-01	2.791891e+00
1252	4.008523e-01	3.509023e-01	2.280899e+00
1253	3.954521e-01	3.813309e-01	2.403029e+00
1254	4.204859e-01	4.980110e-01	1.936981e+00
1255	3.453857e-01	5.253883e-01	1.296043e+00
1256	2.469900e-01	2.352204e-01	2.641426e+00
1257	3.872850e-01	3.321089e-01	2.440156e+00
1258	4.261904e-01	2.853010e-01	1.798241e+00
1260	4.215126e-01	9.112786e-01	1.712262e+00
1261	4.550989e-01	4.142959e-01	2.961895e+00
1262	4.117216e-01	3.745522e-01	1.598925e+00
1263	4.626310e-01	4.023234e-01	2.942355e+00
1264	4.473642e-01	3.456246e-01	2.190034e+00
1266	4.565296e-01	4.018718e-01	1.212995e+00
1267	4.462843e-01	3.527492e-01	2.884709e+00
1268	4.222275e-01	3.331839e-01	1.595017e+00
1269	4.381776e-01	2.635933e-01	2.224231e+00
1270	4.226260e-01	3.703376e-01	2.834880e+00
1274	2.718829e-01	4.182570e-01	2.989253e+00
1275	4.537984e-01	3.222784e-01	2.994138e+00
1277	4.309508e-01	3.110978e-01	2.765511e+00
1278	4.204023e-01	3.441812e-01	2.046409e+00
1279	4.225643e-01	3.308905e-01	1.152418e+00
1280	1.631017e-01	2.893640e-01	2.244748e+00
1281	4.602877e-01	3.021351e-01	2.935515e+00
1282	3.725088e-01	4.292010e-01	2.528090e+00
1283	5.477153e-01	3.718341e-02	1.950660e+00
1284	6.217299e-01	5.321629e-01	2.106009e+00
1285	4.956740e-01	3.748649e-01	2.655105e+00
1286	4.428484e-01	4.345783e-01	2.695164e+00
1288	4.744945e-01	4.122580e-01	2.430386e+00
1289	1.454805e-01	2.607766e-01	2.187103e+00
1290	3.568223e-01	3.580211e-01	2.880801e+00
1291	3.921524e-01	3.270364e-01	1.118222e+00
1293	5.355210e-01	3.130076e-01	2.978505e+00
1294	5.205228e-01	2.987430e-01	2.590620e+00
1295	5.442340e-01	1.877882e-01	1.416219e+00
1297	5.351021e-01	2.231413e-01	1.291158e+00
1298	3.817642e-01	4.575770e-01	1.170005e+00
1299	4.005440e-01	3.574906e-01	2.727406e+00
1300	4.311623e-01	4.021290e-01	2.416707e+00
1301	4.826657e-01	4.154514e-01	1.214949e+00
1303	4.316072e-01	3.612503e-01	2.152907e+00
1304	3.743612e-01	3.292309e-01	1.657548e+00
1305	4.879330e-01	2.688553e-01	2.051295e+00
1306	4.785295e-01	3.565278e-01	2.519297e+00
1307	3.791149e-01	4.071391e-01	1.166097e+00
1308	4.349346e-01	3.152171e-01	2.053249e+00
1309	1.449455e-01	7.620553e-02	1.833415e+00
1310	4.213090e-01	3.296587e-01	1.275525e+00
1311	4.560371e-01	3.613735e-01	2.477284e+00
1312	2.311489e-01	3.839126e-01	2.601368e+00
1313	4.286629e-01	4.286071e-01	2.955056e+00
1314	3.361779e-01	3.641001e-01	2.009282e+00
1315	3.468386e-01	3.989706e-01	2.046409e+00
1316	4.531441e-01	3.886386e-01	2.063019e+00
1317	3.760259e-01	4.083100e-01	2.537860e+00
1318	4.261343e-01	4.712624e-01	2.890572e+00
1319	4.527867e-01	3.438673e-01	1.899853e+00
1321	4.882445e-01	3.683777e-01	2.084514e+00
1322	4.718698e-01	2.707136e-01	2.120664e+00
1323	4.740793e-01	3.501489e-01	2.201759e+00
1324	1.744721e-01	2.499093e-01	2.396190e+00
1325	4.227013e-01	4.923069e-01	1.815828e+00
1326	3.424137e-01	4.644377e-01	2.284807e+00
1327	4.511598e-01	3.331646e-01	1.021495e+00
1328	3.784165e-01	6.294988e-01	1.059599e+00
1329	4.074515e-01	5.529764e-01	1.655594e+00
1330	4.495662e-01	3.682876e-01	2.658036e+00
1331	4.744738e-01	4.433253e-01	2.494871e+00
1332	3.963765e-01	4.653534e-01	1.962384e+00
1333	4.430376e-01	2.901594e-01	2.987298e+00
1334	4.744206e-01	3.105226e-01	2.722521e+00
1335	3.537633e-01	5.103835e-01	2.400098e+00
1336	3.968150e-01	4.171041e-01	1.836346e+00
1338	4.421846e-01	4.942105e-01	2.736199e+00
1339	3.582374e-01	2.936650e-01	1.128969e+00
1340	3.966886e-01	3.703557e-01	1.536395e+00
1341	3.753189e-01	3.951796e-01	1.802149e+00
1342	4.598628e-01	3.420912e-01	2.236932e+00
1343	3.548555e-01	3.870354e-01	1.706400e+00
1344	3.983402e-01	4.702591e-01	1.800195e+00
1345	3.248695e-01	3.251342e-01	1.365413e+00
1346	4.663308e-01	3.118056e-01	2.063996e+00
1347	5.156606e-01	3.310868e-01	2.178310e+00
1348	2.906785e-02	3.587565e-01	1.892037e+00
1349	4.184974e-01	3.572505e-01	1.878359e+00
1350	5.413169e-01	4.426894e-01	1.049829e+00
1351	3.394522e-01	4.230651e-01	2.364924e+00
1352	4.783715e-01	2.528285e-01	1.763068e+00
1353	5.175311e-01	2.705636e-01	1.843185e+00
1354	4.874515e-01	3.609552e-01	2.164631e+00
1355	4.447184e-01	2.605499e-01	2.629702e+00
1356	1.211306e-01	2.647525e-01	2.917929e+00
1357	4.852959e-01	3.684913e-01	2.522228e+00
1359	3.775841e-01	2.469340e-01	1.450415e+00
1361	4.522309e-01	4.111816e-01	1.512946e+00
1362	3.953271e-01	4.641187e-01	1.676111e+00
1364	4.398427e-01	3.481251e-01	1.855887e+00
1365	4.107452e-01	3.186744e-01	1.180752e+00
1366	5.550263e-01	2.310775e-01	2.835857e+00
1367	4.015374e-01	4.171526e-01	2.792868e+00
1369	3.776399e-01	3.234380e-01	2.096238e+00
1370	5.554931e-01	6.110550e-01	2.609184e+00
1371	2.233785e-01	4.733274e-01	2.073766e+00
1372	4.655545e-01	3.639734e-01	2.155838e+00
1375	5.312995e-01	7.194478e-01	1.465071e+00
1376	3.705581e-01	3.421730e-01	2.947240e+00
1377	3.920285e-01	3.568081e-01	2.064973e+00
1378	3.402600e-01	4.074482e-01	1.668295e+00
1379	4.617065e-01	3.637497e-01	1.189546e+00
1380	4.982793e-01	3.311088e-01	2.301417e+00
1381	4.431300e-01	9.405991e-02	1.429897e+00
1382	4.569406e-01	9.634678e-02	2.915975e+00
1383	3.774381e-01	4.433271e-01	2.735222e+00
1384	3.846134e-01	4.358908e-01	1.857841e+00
1385	4.345291e-01	2.970260e-01	2.497802e+00
1386	3.110727e-01	3.511975e-01	2.556424e+00
1387	3.193566e-01	3.152705e-01	2.993161e+00
1388	2.049445e-01	3.630446e-01	2.166585e+00
1389	4.248478e-01	4.353500e-01	2.121641e+00
1390	4.102172e-01	4.501891e-01	2.803615e+00
1391	4.439704e-01	3.411456e-01	1.400586e+00
1392	4.043998e-01	3.281168e-01	1.563752e+00
1393	4.060333e-01	4.348282e-01	1.372252e+00
1394	1.874367e-01	5.259122e-01	2.209575e+00
1396	5.166419e-01	3.643017e-01	1.933073e+00
1397	2.085066e-01	5.152176e-01	2.647289e+00
1398	4.812594e-01	2.216544e-01	2.408891e+00
1399	3.589957e-01	2.961197e-01	1.973131e+00
1400	4.645272e-01	2.937610e-01	1.211041e+00
1402	4.207270e-01	3.523147e-01	2.040547e+00
1403	3.460616e-01	3.412709e-01	1.478749e+00
1404	4.347912e-01	3.176365e-01	2.397167e+00
1405	2.581456e-01	5.262422e-01	1.195408e+00
1406	2.113399e-01	5.230351e-01	2.187103e+00
1408	4.223699e-01	3.507186e-01	1.061553e+00
1409	3.755556e-01	3.260729e-01	1.982902e+00
1410	4.628088e-01	3.676903e-01	2.885686e+00
1411	4.269084e-01	3.431272e-01	2.782120e+00
1412	4.030455e-01	4.435042e-01	1.925256e+00
1413	2.816319e-01	3.574653e-01	2.667807e+00
1414	4.622189e-01	3.100197e-01	1.808989e+00
1415	5.458388e-01	4.194943e-01	1.599902e+00
1416	4.138105e-01	1.710661e-01	2.109917e+00
1417	4.058488e-01	3.459332e-01	1.787494e+00
1418	5.325541e-01	2.466009e-01	1.056668e+00
1419	3.143315e-01	4.349814e-01	1.356619e+00
1420	3.647027e-01	2.920225e-01	1.866634e+00
1421	4.069464e-01	3.955774e-01	1.653639e+00
1422	5.866144e-01	2.892824e-01	2.148021e+00
1423	4.949163e-01	4.038511e-01	2.803615e+00
1424	2.033728e-01	5.066334e-01	1.927211e+00
1425	4.348962e-01	3.959978e-01	1.481681e+00
1426	6.685421e-01	4.533041e-01	1.525647e+00
1428	3.513659e-01	3.360701e-01	2.692233e+00
1429	3.912173e-01	3.693310e-01	2.785051e+00
1432	8.044123e-01	2.456028e-01	2.716659e+00
1433	4.093321e-01	3.654481e-01	2.196873e+00
1434	3.900882e-01	3.329060e-01	2.574988e+00
1435	3.883970e-01	3.940386e-01	2.226185e+00
1436	3.596283e-01	4.243330e-01	1.104543e+00
1437	4.119127e-01	3.615747e-01	1.493405e+00
1438	5.907400e-01	1.236099e-02	2.484123e+00
1439	3.933108e-01	3.412899e-01	1.462140e+00
1441	4.288506e-01	3.352311e-01	2.223254e+00
1442	3.669344e-01	2.708709e-01	2.207621e+00
1443	5.363599e-01	2.448578e-01	2.059111e+00
1444	3.315757e-01	4.624238e-01	1.150464e+00
1445	4.862996e-01	1.671970e-01	2.399121e+00
1446	3.455946e-01	3.918077e-01	2.227162e+00
1447	4.703679e-01	3.461475e-01	2.134343e+00
1448	4.090045e-01	2.507529e-01	2.229116e+00
1449	4.088505e-01	3.561155e-01	1.715193e+00
1450	1.535992e-01	2.890636e-01	2.883732e+00
1451	4.517180e-01	3.916200e-01	2.244748e+00
1452	4.028679e-01	3.320478e-01	2.822179e+00
1453	4.045338e-01	3.293062e-01	2.239863e+00
1454	4.755512e-01	2.390321e-02	1.034196e+00
1455	4.682295e-01	1.081280e-01	2.716659e+00
1456	2.285119e-01	5.009081e-01	1.645823e+00
1457	4.364728e-01	2.316930e-01	1.725940e+00
1458	4.094486e-01	3.331539e-01	2.791891e+00
1459	4.272343e-01	3.964589e-01	1.751343e+00
1460	4.835948e-01	1.881585e-01	1.628236e+00
1461	4.850728e-01	3.169416e-01	1.029311e+00
1462	4.053509e-01	4.447070e-01	2.070835e+00
1463	2.861090e-01	3.352889e-01	1.798241e+00
1464	4.389320e-01	3.351241e-01	2.493894e+00
1465	4.319885e-01	4.072188e-01	2.102101e+00
1466	4.342087e-01	4.726471e-01	2.455789e+00
1467	4.294138e-01	2.950820e-01	2.363947e+00
1468	5.271829e-01	5.339479e-01	1.084025e+00
1469	4.955896e-01	3.337045e-01	1.581339e+00
1472	4.371148e-01	4.533100e-01	2.235955e+00
1473	5.175240e-01	3.650963e-01	1.804104e+00
1474	1.845504e-01	1.691451e-01	2.747924e+00
1475	4.291678e-01	4.209432e-01	1.969223e+00
1476	4.267674e-01	3.900671e-01	2.706888e+00
1477	4.485462e-01	1.691196e-01	1.231558e+00
1479	4.733811e-01	3.951287e-01	2.075721e+00
1480	4.467307e-01	1.350639e-01	1.543234e+00
1481	4.432767e-01	4.060216e-01	2.030777e+00
1482	4.302014e-01	3.576687e-01	1.523693e+00
1484	3.830896e-01	3.994504e-01	1.997557e+00
1485	4.596401e-01	2.466691e-01	1.725940e+00
1486	5.471921e-01	6.517628e-01	1.153395e+00
1487	4.431198e-01	3.484535e-01	1.253053e+00
1488	3.596109e-01	3.321029e-01	2.925745e+00
1489	3.861709e-01	2.190115e-01	1.417196e+00
1490	4.701183e-01	8.030928e-02	1.613581e+00
1491	4.046392e-01	2.153984e-01	1.047875e+00
1492	3.756221e-01	4.135615e-01	1.384954e+00
1495	3.639588e-01	3.530275e-01	1.201270e+00
1496	4.209110e-01	3.827430e-01	1.347826e+00
1497	4.419478e-01	5.269843e-01	2.852467e+00
1499	2.969262e-01	6.990245e-02	2.479238e+00
1500	4.843999e-01	4.436922e-01	1.982902e+00
1501	4.275450e-01	3.692172e-01	2.925745e+00
1502	4.968704e-01	4.374191e-01	1.167074e+00
1505	1.354189e-01	1.592817e-01	2.765511e+00
1506	4.230852e-01	3.766547e-01	1.329262e+00
1507	4.280812e-01	6.175729e-01	1.169028e+00
1508	1.899454e-01	1.955964e-01	1.092819e+00
1509	4.450342e-01	6.832786e-01	2.261358e+00
1510	3.969941e-01	2.605594e-01	2.436248e+00
1511	4.768713e-01	3.670418e-01	2.255496e+00
1512	4.666234e-01	3.166708e-01	1.693698e+00
1513	3.318718e-01	5.749431e-01	1.655594e+00
1515	4.903543e-01	3.277487e-01	1.942843e+00
1516	4.037628e-01	2.630822e-01	1.339033e+00
1519	1.088484e-01	1.557350e-01	1.598925e+00
1520	3.794208e-01	3.493686e-01	2.823156e+00
1521	4.000235e-01	4.296065e-01	1.132877e+00
1522	2.789129e-01	3.540610e-01	1.176844e+00
1524	4.632800e-01	3.476382e-01	2.567171e+00
1526	5.266562e-01	2.735305e-01	2.589643e+00
1527	4.399639e-01	4.175975e-01	1.785540e+00
1528	4.525139e-01	3.333856e-01	1.034196e+00
1529	4.823805e-01	4.123619e-01	1.602833e+00
1531	4.396835e-01	4.449446e-01	2.484123e+00
1532	3.791230e-01	3.498809e-01	1.414265e+00
1533	4.004308e-01	3.479676e-01	1.421104e+00
1534	3.364557e-01	4.316178e-01	1.716170e+00
1535	4.292485e-01	3.815174e-01	2.744993e+00
1537	3.660034e-01	3.653365e-01	1.691744e+00
1538	3.378507e-01	3.428871e-01	1.178798e+00
1539	3.578430e-01	3.754023e-01	2.830972e+00
1540	3.918660e-01	3.636051e-01	2.686370e+00
1541	3.294702e-01	4.467470e-01	1.747435e+00
1542	4.364792e-01	4.008902e-01	1.429897e+00
1543	4.462017e-01	3.753435e-01	2.558378e+00
1545	4.748029e-01	3.512864e-01	1.731803e+00
1548	3.254900e-01	4.074803e-01	1.051783e+00
1549	5.311294e-01	6.235371e-01	2.582804e+00
1550	2.933496e-01	4.087888e-01	2.906204e+00
1551	5.821042e-01	4.084749e-01	2.308256e+00
1552	1.404699e-01	2.476231e-01	2.203713e+00
1553	4.795993e-01	3.277146e-01	1.851001e+00
1554	4.365660e-01	2.079815e-01	2.557401e+00
1555	6.797805e-01	5.440941e-01	2.127504e+00
1556	4.804752e-01	3.679350e-01	1.183683e+00
1557	3.986500e-01	3.530097e-01	1.517831e+00
1558	3.732829e-01	3.855344e-01	2.406937e+00
1559	3.428152e-01	3.780741e-01	2.077675e+00
1561	4.192446e-01	3.719940e-01	1.929165e+00
1562	3.707542e-01	3.586507e-01	1.023449e+00
1563	4.365281e-01	3.255565e-01	1.064485e+00
1565	4.152429e-01	3.627822e-01	1.845139e+00
1567	4.477851e-01	4.129154e-01	2.472399e+00
1568	4.313947e-01	3.358398e-01	1.151441e+00
1569	4.287886e-01	3.341537e-01	2.558378e+00
1570	2.900241e-01	5.476171e-01	2.004397e+00
1572	7.180635e-01	5.457342e-01	1.558867e+00
1573	3.647035e-01	3.648579e-01	2.801661e+00
1574	3.653983e-01	3.853181e-01	2.544700e+00
1575	4.265138e-01	6.043119e-01	1.345872e+00
1576	4.222264e-01	3.417896e-01	1.686859e+00
1577	3.864724e-01	4.406139e-01	2.725452e+00
1579	4.711300e-01	4.784418e-01	1.786517e+00
1580	3.899891e-01	6.151951e-01	2.437225e+00
1581	4.216012e-01	3.525312e-01	2.128481e+00
1583	4.370057e-01	1.890919e-01	1.586224e+00
1584	3.610996e-01	4.377002e-01	1.923302e+00
1586	3.579105e-01	4.394526e-01	1.829507e+00
1587	4.239798e-01	2.242897e-01	2.114802e+00
1588	3.728794e-01	4.096076e-01	1.063508e+00
1589	3.635703e-01	4.007034e-01	2.355154e+00
1590	4.552194e-01	3.233340e-01	2.793845e+00
1591	2.480221e-01	5.867851e-01	2.389350e+00
1593	2.660330e-01	4.541643e-01	2.190034e+00
1594	2.861282e-01	5.440274e-01	1.904739e+00
1595	4.412967e-01	3.013166e-01	1.589155e+00
1596	4.094734e-01	4.317656e-01	2.608207e+00
1597	4.154588e-01	3.719339e-01	1.751343e+00
1598	3.839668e-01	3.231314e-01	1.317538e+00
1599	3.865942e-01	3.608304e-01	2.326820e+00
1600	4.943334e-01	7.005747e-01	2.483146e+00
1601	4.436962e-01	2.380704e-01	2.167562e+00
1602	3.551342e-01	4.360687e-01	2.565217e+00
1603	3.845197e-01	3.677081e-01	2.701026e+00
1604	4.147878e-01	3.714989e-01	2.196873e+00
1605	4.509227e-01	4.483522e-01	2.236932e+00
1606	4.074789e-01	4.776639e-01	1.756229e+00
1607	4.346224e-01	2.111912e-01	2.469468e+00
1608	2.680282e-01	5.569122e-01	2.740107e+00
1609	3.532508e-01	6.141323e-01	2.376649e+00
1610	2.472236e-01	4.566476e-01	1.635076e+00
1611	4.022139e-01	3.706629e-01	1.985833e+00
1612	4.258979e-01	3.396204e-01	2.683439e+00
1613	4.049755e-01	3.812867e-01	2.635564e+00
1615	3.390615e-01	3.907355e-01	2.240840e+00
1616	5.342818e-01	1.414094e-01	2.932584e+00
1618	4.082704e-01	3.657280e-01	1.688813e+00
1620	4.448114e-01	3.767449e-01	2.625794e+00
1621	4.107700e-01	3.634512e-01	1.874450e+00
1623	4.162329e-01	3.693376e-01	1.112360e+00
1624	4.587292e-01	4.383449e-01	2.001466e+00
1625	6.096241e-01	3.287581e-01	2.370787e+00
1626	3.822794e-01	4.906917e-01	2.454812e+00
1627	4.062882e-01	3.802071e-01	2.880801e+00
1629	3.474137e-01	4.561038e-01	2.137274e+00
1630	4.270982e-01	3.134245e-01	1.475818e+00
1633	4.588170e-01	1.314065e-01	2.905227e+00
1634	4.041173e-01	3.704626e-01	2.163654e+00
1635	3.642155e-01	3.891876e-01	2.358085e+00
1637	3.325504e-01	3.890312e-01	2.169516e+00
1638	4.191037e-01	3.859531e-01	1.574499e+00
1639	2.783159e-01	3.635803e-01	2.104055e+00
1640	3.912565e-01	4.050169e-01	1.770884e+00
1641	2.345197e-01	5.455799e-01	2.212506e+00
1642	3.879933e-01	7.100922e-01	1.830484e+00
1643	3.376336e-01	4.312389e-01	2.361993e+00
1644	3.993929e-01	4.638791e-01	1.606742e+00
1646	4.452008e-01	3.201137e-01	1.875427e+00
1647	4.114360e-01	4.033876e-01	2.490962e+00
1648	3.920301e-01	4.729293e-01	1.409380e+00
1649	4.046195e-01	4.642022e-01	2.132389e+00
1650	9.664827e-02	5.792402e-01	1.424035e+00
1652	4.004881e-01	3.762230e-01	1.721055e+00
1653	4.033331e-01	3.985897e-01	1.192477e+00
1654	4.719812e-01	3.626494e-01	1.812897e+00
1655	4.503850e-01	3.878955e-01	1.871519e+00
1656	3.937580e-01	3.988435e-01	2.771373e+00
1657	4.400534e-01	2.510739e-01	2.809477e+00
1658	4.135718e-01	2.068891e-01	2.176356e+00
1659	5.687155e-01	2.186023e-01	2.525159e+00
1660	6.454309e-01	3.506481e-01	2.669761e+00
1661	3.989424e-01	4.055990e-01	1.865657e+00
1664	5.245581e-01	3.238987e-01	2.751832e+00
1665	4.007025e-01	4.015001e-01	2.413776e+00
1666	4.069141e-01	4.050322e-01	2.827064e+00
1667	3.456228e-01	3.986951e-01	2.991207e+00
1669	4.207473e-01	4.013446e-01	2.843674e+00
1670	4.014792e-01	3.546359e-01	2.480215e+00
1672	3.783090e-01	2.284319e-01	1.798241e+00
1673	4.194437e-01	3.693299e-01	2.852467e+00
1675	4.368078e-01	3.405811e-01	2.756717e+00
1679	3.117795e-01	2.043516e-01	1.263801e+00
1681	2.771902e-01	5.485017e-01	1.905716e+00
1682	4.421192e-01	3.248826e-01	2.451881e+00
1688	5.372221e-01	4.385083e-01	1.087934e+00
1689	2.842091e-01	5.430661e-01	1.141671e+00
1691	4.011080e-01	2.619721e-01	2.122618e+00
1692	4.891079e-01	4.505808e-01	1.519785e+00
1693	3.551329e-01	3.353725e-01	1.455300e+00
1694	4.017237e-01	3.417621e-01	2.119687e+00
1695	3.000028e-01	5.810951e-01	1.228627e+00
1696	4.107805e-01	3.773114e-01	1.396678e+00
1697	3.824390e-01	3.112865e-01	2.823156e+00
1698	6.054616e-01	2.747170e-01	1.030288e+00
1699	4.313761e-01	4.263728e-01	1.604787e+00
1700	3.736326e-01	4.238775e-01	2.290669e+00
1701	4.916619e-01	2.278559e-01	2.669761e+00
1703	4.049406e-01	3.334518e-01	1.828530e+00
1704	3.567682e-01	3.536765e-01	2.141182e+00
1705	4.134268e-01	3.311465e-01	1.916463e+00
1706	3.971863e-01	2.956920e-01	1.868588e+00
1707	4.052652e-01	3.904690e-01	1.210064e+00
1708	3.608700e-01	3.579187e-01	1.056668e+00
1710	4.326550e-01	5.886572e-01	2.385442e+00
1711	2.887206e-01	7.801678e-02	1.733757e+00
1712	4.352428e-01	3.524933e-01	1.249145e+00
1714	4.087518e-01	3.550251e-01	2.191011e+00
1715	4.041991e-01	4.157383e-01	2.391304e+00
1717	3.132477e-01	4.288812e-01	2.142159e+00
1718	4.177683e-01	4.463500e-01	1.539326e+00
1719	4.369016e-01	4.781631e-01	2.917929e+00
1720	3.348297e-01	3.814014e-01	1.940889e+00
1722	7.116840e-01	3.318795e-01	1.871519e+00
1723	4.029512e-01	3.678824e-01	2.197851e+00
1725	4.297754e-01	3.195946e-01	1.103566e+00
1726	4.714877e-01	3.480167e-01	2.199805e+00
1727	4.701220e-01	3.603483e-01	2.901319e+00
1728	5.826838e-01	2.428533e-01	2.394235e+00
1729	5.445883e-01	1.929554e-01	2.729360e+00
1731	2.669881e-01	5.061803e-02	2.066927e+00
1732	3.935996e-01	4.524812e-01	1.179775e+00
1733	4.404898e-01	3.891419e-01	2.250611e+00
1735	3.980555e-01	6.098665e-01	1.398632e+00
1736	2.976611e-01	1.053804e-01	1.000000e+00
1737	4.574318e-01	4.232310e-01	1.929165e+00
1738	3.877812e-01	3.671739e-01	1.326331e+00
1739	4.213450e-01	3.581104e-01	2.799707e+00
1740	3.224230e-01	6.483204e-01	1.210064e+00
1742	6.052862e-01	2.598660e-01	1.741573e+00
1743	3.194245e-01	6.011957e-01	1.858818e+00
1744	3.895219e-01	3.646164e-01	1.612604e+00
1745	5.466749e-01	2.630371e-01	1.720078e+00
1746	4.041088e-01	4.529892e-01	2.707865e+00
1747	4.294538e-01	3.426970e-01	2.856375e+00
1749	4.320771e-01	2.451989e-01	1.605765e+00
1750	4.024613e-01	3.581411e-01	1.273571e+00
1751	3.738027e-01	5.709887e-01	2.294577e+00
1752	3.529137e-01	4.006532e-01	2.261358e+00
1753	4.163636e-01	3.554278e-01	2.146067e+00
1754	3.456265e-01	4.153945e-01	1.349780e+00
1756	4.136129e-01	4.250358e-01	1.849047e+00
1757	4.107959e-01	3.993918e-01	2.970689e+00
1758	4.012914e-01	3.512940e-01	1.912555e+00
1759	3.879999e-01	3.794299e-01	2.725452e+00
1760	2.951607e-01	3.574777e-01	2.416707e+00
1761	4.110046e-01	3.613701e-01	2.902296e+00
1762	3.762758e-01	3.303823e-01	1.231558e+00
1763	4.099989e-01	3.462572e-01	2.010259e+00
1764	3.566472e-01	4.157209e-01	1.864680e+00
1765	3.908236e-01	4.197190e-01	1.401563e+00
1766	3.613046e-01	3.146149e-01	1.619443e+00
1767	2.311185e-01	4.516662e-01	2.412799e+00
1769	4.196348e-01	4.127324e-01	2.468490e+00
1770	4.145113e-01	3.152321e-01	2.504641e+00
1771	4.060765e-01	3.724807e-01	1.830484e+00
1772	4.287969e-01	3.644582e-01	2.949194e+00
1773	3.974003e-01	3.767940e-01	2.943332e+00
1774	3.895788e-01	3.781526e-01	2.629702e+00
1775	4.491071e-01	2.981321e-01	1.385931e+00
1776	4.331216e-01	3.177505e-01	1.112360e+00
1777	4.051677e-01	4.236332e-01	1.168051e+00
1778	3.914807e-01	3.853838e-01	1.044944e+00
1779	3.742956e-01	5.081499e-01	1.571568e+00
1781	4.245788e-01	3.350831e-01	1.047875e+00
1784	4.033599e-01	2.951509e-01	1.018564e+00
1785	4.364307e-01	3.466189e-01	1.857841e+00
1786	4.188031e-01	3.897548e-01	1.878359e+00
1787	4.059819e-01	3.347067e-01	2.875916e+00
1788	3.794033e-01	3.935510e-01	1.488520e+00
1789	4.137161e-01	3.827930e-01	2.688324e+00
1790	3.396135e-01	2.666444e-01	2.486077e+00
1791	3.280474e-01	3.693095e-01	2.162677e+00
1792	5.819324e-01	3.043287e-01	1.360528e+00
1794	4.859286e-01	4.346665e-01	1.508061e+00
1795	3.439087e-01	3.717136e-01	2.316072e+00
1796	4.538332e-01	3.653290e-01	2.488031e+00
1798	4.589638e-01	2.784601e-01	1.824621e+00
1799	3.925638e-01	4.879836e-01	1.745481e+00
1800	3.917632e-01	3.889601e-01	1.765999e+00
1801	3.571359e-01	2.777359e-01	1.366390e+00
1802	4.028471e-01	3.563359e-01	2.291646e+00
1803	4.585895e-01	3.491118e-01	1.470933e+00
1804	4.149599e-01	3.802077e-01	1.059599e+00
1805	4.587418e-01	3.421403e-01	2.897411e+00
1806	3.759269e-01	4.111901e-01	1.231558e+00
1807	4.705584e-01	2.916856e-01	2.143136e+00
1808	4.632282e-01	3.714339e-01	1.388862e+00
1809	3.443526e-01	3.988894e-01	1.999511e+00
1811	4.017221e-01	3.324980e-01	1.197362e+00
1812	5.393295e-01	2.794500e-01	2.679531e+00
1813	3.999615e-01	3.846012e-01	2.245725e+00
1814	3.759656e-01	4.442930e-01	1.915486e+00
1815	4.270414e-01	4.150331e-01	2.346361e+00
1816	2.532978e-01	3.707498e-01	2.593552e+00
1817	5.029433e-01	3.333719e-01	2.326820e+00
1818	4.083147e-01	4.042192e-01	2.955056e+00
1819	4.104787e-01	3.991522e-01	1.663410e+00
1820	4.074499e-01	2.579260e-01	2.957010e+00
1821	3.552723e-01	2.781067e-01	2.559355e+00
1822	4.836547e-01	3.794159e-01	2.618955e+00
1823	4.354473e-01	3.578375e-01	1.780655e+00
1824	4.233697e-01	2.643248e-01	2.787982e+00
1826	1.427190e-01	3.116588e-01	1.094773e+00
1827	4.838142e-01	3.436209e-01	1.476795e+00
1828	4.121130e-01	3.955344e-01	1.010747e+00
1829	3.991955e-01	3.873415e-01	1.276502e+00
1831	4.106862e-01	3.722851e-01	1.608696e+00
1833	4.409892e-01	3.840881e-01	1.189546e+00
1834	3.975064e-01	4.114010e-01	2.732291e+00
1835	4.927874e-01	3.303641e-01	2.303371e+00
1836	3.976673e-01	3.723458e-01	2.413776e+00
1837	3.894607e-01	3.559572e-01	2.876893e+00
1838	4.427009e-01	2.986387e-01	2.563263e+00
1839	3.396870e-01	3.428533e-01	2.039570e+00
1840	3.863135e-01	3.610195e-01	1.436737e+00
1841	4.355397e-01	3.788611e-01	1.738642e+00
1842	4.869771e-01	3.487623e-01	2.044455e+00
1845	4.764515e-01	3.734382e-01	2.982413e+00
1846	4.515577e-01	3.372496e-01	1.203224e+00
1847	3.384862e-01	3.766748e-01	2.955056e+00
1848	4.209462e-01	3.882447e-01	1.524670e+00
1850	3.884527e-01	3.570874e-01	1.996580e+00
1851	3.725979e-01	3.767385e-01	2.945286e+00
1852	3.506255e-01	3.598243e-01	1.991695e+00
1853	4.008307e-01	3.712161e-01	2.442110e+00
1854	4.003274e-01	3.241245e-01	1.477772e+00
1855	4.694813e-01	3.449200e-01	2.906204e+00
1856	3.912588e-01	4.286711e-01	1.423058e+00
1857	3.834873e-01	3.412124e-01	2.446019e+00
1858	4.237800e-01	3.049841e-01	2.860283e+00
1859	4.147410e-01	4.413194e-01	1.522716e+00
1860	4.071482e-01	4.124788e-01	1.331216e+00
1861	4.439882e-01	4.428252e-01	2.446019e+00
1862	3.262328e-01	3.827392e-01	2.095261e+00
1863	4.729277e-01	4.265646e-02	1.073278e+00
1864	4.657842e-01	5.245319e-01	2.543723e+00
1865	4.054699e-01	4.626420e-01	2.876893e+00
1866	2.800114e-01	2.905784e-01	2.031754e+00
1867	3.638858e-01	4.720235e-01	1.949682e+00
1869	3.916177e-01	3.861212e-01	1.577430e+00
1870	4.748032e-01	3.699460e-01	1.871519e+00
1871	3.762638e-01	3.768692e-01	2.033708e+00
1873	3.162628e-01	3.530362e-01	1.762091e+00
1876	4.716458e-01	3.645637e-01	2.788959e+00
1877	3.611330e-01	4.185075e-01	2.095261e+00
1878	3.140339e-01	3.169587e-01	1.627259e+00
1879	2.835632e-01	3.519797e-01	1.503175e+00
1880	3.945267e-01	3.285977e-01	1.068393e+00
1881	3.835720e-01	3.855298e-01	1.710308e+00
1883	4.089951e-01	3.483000e-01	2.123596e+00
1885	4.824733e-01	4.946333e-01	2.962872e+00
1886	3.241477e-01	2.932996e-01	1.183683e+00
1888	3.744273e-01	3.801724e-01	2.475330e+00
1889	3.782938e-01	3.998402e-01	1.297020e+00
1890	4.843696e-01	5.016735e-01	1.260870e+00
1891	4.694475e-01	2.967484e-01	1.263801e+00
1893	3.702168e-01	3.757172e-01	1.933073e+00
1894	4.610568e-01	3.606828e-01	1.526624e+00
1895	2.923384e-01	3.488086e-01	1.105520e+00
1896	4.394643e-01	4.299109e-01	2.816317e+00
1897	4.261001e-01	2.664853e-01	2.696141e+00
1898	3.674824e-01	3.685554e-01	1.474841e+00
1899	4.829823e-01	3.603690e-01	2.859306e+00
1900	4.346016e-01	3.940195e-01	1.519785e+00
1901	4.338489e-01	2.826426e-01	2.446019e+00
1902	4.336024e-01	3.087188e-01	1.817782e+00
1903	4.379096e-01	3.501396e-01	1.013679e+00
1904	4.530332e-01	3.900030e-01	1.638007e+00
1905	4.134283e-01	3.551645e-01	2.997069e+00
1906	4.037398e-01	3.864043e-01	1.389839e+00
1907	3.834284e-01	3.690296e-01	1.948705e+00
1908	4.483950e-01	4.505866e-01	2.619932e+00
1909	5.830197e-01	3.296947e-01	2.633610e+00
1910	4.455483e-01	2.798583e-01	2.318026e+00
1911	3.766808e-01	4.325817e-01	1.742550e+00
1912	4.951010e-01	2.229118e-01	1.553981e+00
1913	3.553977e-01	3.637410e-01	2.149976e+00
1914	5.001597e-01	3.525931e-01	2.257450e+00
1916	4.594513e-01	3.343970e-01	1.829507e+00
1917	4.397737e-01	3.327326e-01	1.479726e+00
1918	3.933479e-01	2.395940e-01	1.658525e+00
1919	3.172690e-01	3.725335e-01	2.940401e+00
1921	4.876224e-01	3.549580e-01	1.195408e+00
1924	4.482633e-01	3.463132e-01	2.025892e+00
1925	4.147054e-01	3.614922e-01	2.963850e+00
1926	3.683422e-01	3.792630e-01	1.262824e+00
1927	3.751573e-01	3.633024e-01	2.477284e+00
1928	4.118205e-01	4.377986e-01	2.143136e+00
1929	4.296271e-01	4.197075e-01	2.845628e+00
1930	4.023448e-01	3.401976e-01	2.635564e+00
1931	4.564906e-01	2.989863e-01	1.175867e+00
1932	4.439103e-01	3.001454e-01	1.395701e+00
1933	4.332553e-01	4.006689e-01	1.111383e+00
1935	3.719230e-01	4.879946e-01	1.350757e+00
1936	3.424426e-01	3.354814e-01	2.987298e+00
1937	1.252323e-01	3.953235e-01	2.147044e+00
1938	6.118934e-01	3.914366e-01	2.690278e+00
1939	3.785775e-01	5.359578e-01	1.000000e+00
1940	2.448219e-01	4.678270e-01	1.562775e+00
1942	3.702349e-01	3.869154e-01	1.668295e+00
1943	3.997211e-01	2.645223e-01	2.642404e+00
1944	4.517341e-01	3.445568e-01	2.163654e+00
1945	4.123836e-01	3.313315e-01	1.211041e+00
1946	3.386892e-01	3.975034e-01	1.884221e+00
1947	4.371901e-01	3.996300e-01	2.262335e+00
1948	5.285451e-01	5.114079e-01	2.043478e+00
1949	3.697863e-01	3.257581e-01	1.333170e+00
1950	3.764387e-01	3.454347e-01	2.424524e+00
1951	4.253603e-01	3.822155e-01	1.144602e+00
1952	4.087927e-01	3.977982e-01	2.230093e+00
1953	4.634153e-01	3.421558e-01	2.595506e+00
1954	3.997896e-01	3.733978e-01	2.329751e+00
1955	4.252910e-01	4.736588e-01	2.636541e+00
1956	4.338126e-01	3.388492e-01	2.558378e+00
1957	6.167547e-01	2.310639e-01	1.717147e+00
1958	5.127423e-01	3.060104e-01	2.232047e+00
1959	4.852972e-01	2.730055e-02	1.036150e+00
1960	4.271168e-01	3.465725e-01	2.845628e+00
1961	3.929028e-01	3.385804e-01	2.192965e+00
1962	4.093962e-01	3.579010e-01	1.635076e+00
1963	3.629026e-01	4.624174e-01	1.007816e+00
1964	4.524837e-01	3.375886e-01	2.829018e+00
1965	4.686613e-01	3.485903e-01	2.870054e+00
1966	4.499871e-01	3.202762e-01	2.025892e+00
1967	2.767004e-01	3.264354e-01	1.664387e+00
1968	4.695216e-01	3.617671e-01	2.305325e+00
1969	4.314442e-01	2.344306e-01	2.175379e+00
1970	7.655608e-01	3.622255e-01	2.854421e+00
1971	3.945438e-01	2.954828e-01	1.525647e+00
1972	4.475781e-01	3.689608e-01	2.506595e+00
1973	2.221608e-01	3.355930e-01	2.637518e+00
1974	4.255359e-01	3.835504e-01	2.601368e+00
1975	4.380856e-01	3.476986e-01	2.133366e+00
1976	4.006484e-01	3.549479e-01	2.921837e+00
1977	3.444802e-01	3.777273e-01	1.173913e+00
1978	3.259281e-01	3.938675e-01	1.781632e+00
1979	3.287164e-01	3.290914e-01	1.233512e+00
1980	4.083078e-01	3.720279e-01	1.523693e+00
1981	4.074070e-01	3.624215e-01	2.863214e+00
1983	3.844078e-01	3.733646e-01	2.804592e+00
1984	3.871493e-01	4.205557e-01	1.785540e+00
1986	4.210606e-01	3.950670e-01	2.790914e+00
1987	6.974483e-01	1.588626e-01	1.049829e+00
1988	2.406010e-01	4.919386e-01	2.826087e+00
1989	4.307346e-01	3.572064e-01	1.035173e+00
1990	4.061549e-01	3.818536e-01	2.361016e+00
1991	3.586411e-01	2.861486e-01	1.872496e+00
1992	5.224418e-01	4.260137e-01	2.494871e+00
1993	5.018961e-01	3.421570e-01	2.837811e+00
1994	4.076431e-01	5.120084e-01	2.229116e+00
1995	4.426894e-01	3.033176e-01	1.886175e+00
1996	4.228019e-01	3.552435e-01	1.172936e+00
1997	4.024175e-01	3.658092e-01	2.301417e+00
1998	3.143889e-01	4.127709e-01	2.276014e+00
1999	3.527112e-01	3.355365e-01	2.713727e+00
1999	3.527112e-01	3.355365e-01	2.713727e+00
1999	3.527112e-01	3.355365e-01	2.713727e+00
1999	3.527112e-01	3.355365e-01	2.713727e+00
1999	3.527112e-01	3.355365e-01	2.713727e+00
1999	3.527112e-01	3.355365e-01	2.713727e+00
1999	3.527112e-01	3.355365e-01	2.713727e+00
1999	3.527112e-01	3.355365e-01	2.713727e+00
1999	3.527112e-01	3.355365e-01	2.713727e+00
1999	3.527112e-01	3.355365e-01	2.713727e+00
1999	3.527112e-01	3.355365e-01	2.713727e+00
1999	3.527112e-01	3.355365e-01	2.713727e+00
1999	3.527112e-01	3.355365e-01	2.713727e+00
1999	3.527112e-01	3.355365e-01	2.713727e+00
1999	3.527112e-01	3.355365e-01	2.713727e+00
1999	3.527112e-01	3.355365e-01	2.713727e+00
1999	3.527112e-01	3.355365e-01	2.713727e+00
1999	3.527112e-01	3.355365e-01	2.713727e+00
1999	3.527112e-01	3.355365e-01	2.713727e+00
1999	3.527112e-01	3.355365e-01	2.713727e+00
1999	3.527112e-01	3.355365e-01	2.713727e+00
1999	3.527112e-01	3.355365e-01	2.713727e+00
1999	3.527112e-01	3.355365e-01	2.713727e+00
1999	3.527112e-01	3.355365e-01	2.713727e+00
1999	3.527112e-01	3.355365e-01	2.713727e+00
1999	3.527112e-01	3.355365e-01	2.713727e+00
1999	3.527112e-01	3.355365e-01	2.713727e+00
1999	3.527112e-01	3.355365e-01	2.713727e+00
1999	3.527112e-01	3.355365e-01	2.713727e+00
1999	3.527112e-01	3.355365e-01	2.713727e+00
1999	3.527112e-01	3.355365e-01	2.713727e+00
1999	3.527112e-01	3.355365e-01	2.713727e+00
1999	3.527112e-01	3.355365e-01	2.713727e+00
1999	3.527112e-01	3.355365e-01	2.713727e+00
1999	3.527112e-01	3.355365e-01	2.713727e+00
1999	3.527112e-01	3.355365e-01	2.713727e+00
1999	3.527112e-01	3.355365e-01	2.713727e+00
1999	3.527112e-01	3.355365e-01	2.713727e+00
1999	3.527112e-01	3.355365e-01	2.713727e+00
1999	3.527112e-01	3.355365e-01	2.713727e+00
1999	3.527112e-01	3.355365e-01	2.713727e+00
1999	3.527112e-01	3.355365e-01	2.713727e+00
1999	3.527112e-01	3.355365e-01	2.713727e+00
1999	3.527112e-01	3.355365e-01	2.713727e+00
1999	3.527112e-01	3.355365e-01	2.713727e+00
1999	3.527112e-01	3.355365e-01	2.713727e+00
1999	3.527112e-01	3.355365e-01	2.713727e+00
1999	3.527112e-01	3.355365e-01	2.713727e+00
1999	3.527112e-01	3.355365e-01	2.713727e+00
1999	3.527112e-01	3.355365e-01	2.713727e+00
1999	3.527112e-01	3.355365e-01	2.713727e+00
1999	3.527112e-01	3.355365e-01	2.713727e+00
1999	3.527112e-01	3.355365e-01	2.713727e+00
1999	3.527112e-01	3.355365e-01	2.713727e+00
1999	3.527112e-01	3.355365e-01	2.713727e+00
1999	3.527112e-01	3.355365e-01	2.713727e+00
1999	3.527112e-01	3.355365e-01	2.713727e+00
1999	3.527112e-01	3.355365e-01	2.713727e+00
1999	3.527112e-01	3.355365e-01	2.713727e+00
1999	3.527112e-01	3.355365e-01	2.713727e+00
1999	3.527112e-01	3.355365e-01	2.713727e+00
1999	3.527112e-01	3.355365e-01	2.713727e+00
1999	3.527112e-01	3.355365e-01	2.713727e+00
1999	3.527112e-01	3.355365e-01	2.713727e+00
1999	3.527112e-01	3.355365e-01	2.713727e+00
1999	3.527112e-01	3.355365e-01	2.713727e+00
1999	3.527112e-01	3.355365e-01	2.713727e+00
1999	3.527112e-01	3.355365e-01	2.713727e+00
1999	3.527112e-01	3.355365e-01	2.713727e+00
1999	3.527112e-01	3.355365e-01	2.713727e+00
1999	3.527112e-01	3.355365e-01	2.713727e+00
1999	3.527112e-01	3.355365e-01	2.713727e+00
1999	3.527112e-01	3.355365e-01	2.713727e+00
1999	3.527112e-01	3.355365e-01	2.713727e+00
1999	3.527112e-01	3.355365e-01	2.713727e+00
1999	3.527112e-01	3.355365e-01	2.713727e+00
1999	3.527112e-01	3.355365e-01	2.713727e+00
1999	3.527112e-01	3.355365e-01	2.713727e+00
1999	3.527112e-01	3.355365e-01	2.713727e+00
1999	3.527112e-01	3.355365e-01	2.713727e+00
1999	3.527112e-01	3.355365e-01	2.713727e+00
1999	3.527112e-01	3.355365e-01	2.713727e+00
1999	3.527112e-01	3.355365e-01	2.713727e+00
1999	3.527112e-01	3.355365e-01	2.713727e+00
1999	3.527112e-01	3.355365e-01	2.713727e+00
1999	3.527112e-01	3.355365e-01	2.713727e+00
1999	3.527112e-01	3.355365e-01	2.713727e+00
1999	3.527112e-01	3.355365e-01	2.713727e+00
1999	3.527112e-01	3.355365e-01	2.713727e+00
1999	3.527112e-01	3.355365e-01	2.713727e+00
1999	3.527112e-01	3.355365e-01	2.713727e+00
1999	3.527112e-01	3.355365e-01	2.713727e+00
1999	3.527112e-01	3.355365e-01	2.713727e+00
1999	3.527112e-01	3.355365e-01	2.713727e+00
1999	3.527112e-01	3.355365e-01	2.713727e+00
1999	3.527112e-01	3.355365e-01	2.713727e+00
1999	3.527112e-01	3.355365e-01	2.713727e+00
1999	3.527112e-01	3.355365e-01	2.713727e+00
1999	3.527112e-01	3.355365e-01	2.713727e+00
1999	3.527112e-01	3.355365e-01	2.713727e+00
1999	3.527112e-01	3.355365e-01	2.713727e+00
1999	3.527112e-01	3.355365e-01	2.713727e+00
1999	3.527112e-01	3.355365e-01	2.713727e+00
1999	3.527112e-01	3.355365e-01	2.713727e+00
1999	3.527112e-01	3.355365e-01	2.713727e+00
1999	3.527112e-01	3.355365e-01	2.713727e+00
1999	3.527112e-01	3.355365e-01	2.713727e+00
1999	3.527112e-01	3.355365e-01	2.713727e+00
1999	3.527112e-01	3.355365e-01	2.713727e+00
1999	3.527112e-01	3.355365e-01	2.713727e+00
1999	3.527112e-01	3.355365e-01	2.713727e+00
1999	3.527112e-01	3.355365e-01	2.713727e+00
1999	3.527112e-01	3.355365e-01	2.713727e+00
1999	3.527112e-01	3.355365e-01	2.713727e+00
1999	3.527112e-01	3.355365e-01	2.713727e+00
1999	3.527112e-01	3.355365e-01	2.713727e+00
1999	3.527112e-01	3.355365e-01	2.713727e+00
1999	3.527112e-01	3.355365e-01	2.713727e+00
1999	3.527112e-01	3.355365e-01	2.713727e+00
1999	3.527112e-01	3.355365e-01	2.713727e+00
1999	3.527112e-01	3.355365e-01	2.713727e+00
1999	3.527112e-01	3.355365e-01	2.713727e+00
1999	3.527112e-01	3.355365e-01	2.713727e+00
1999	3.527112e-01	3.355365e-01	2.713727e+00
1999	3.527112e-01	3.355365e-01	2.713727e+00
1999	3.527112e-01	3.355365e-01	2.713727e+00
1999	3.527112e-01	3.355365e-01	2.713727e+00
1999	3.527112e-01	3.355365e-01	2.713727e+00
1999	3.527112e-01	3.355365e-01	2.713727e+00
1999	3.527112e-01	3.355365e-01	2.713727e+00
1999	3.527112e-01	3.355365e-01	2.713727e+00
1999	3.527112e-01	3.355365e-01	2.713727e+00
1999	3.527112e-01	3.355365e-01	2.713727e+00
1999	3.527112e-01	3.355365e-01	2.713727e+00
1999	3.527112e-01	3.355365e-01	2.713727e+00
1999	3.527112e-01	3.355365e-01	2.713727e+00
1999	3.527112e-01	3.355365e-01	2.713727e+00
1999	3.527112e-01	3.355365e-01	2.713727e+00
1999	3.527112e-01	3.355365e-01	2.713727e+00
1999	3.527112e-01	3.355365e-01	2.713727e+00
1999	3.527112e-01	3.355365e-01	2.713727e+00
1999	3.527112e-01	3.355365e-01	2.713727e+00
1999	3.527112e-01	3.355365e-01	2.713727e+00
1999	3.527112e-01	3.355365e-01	2.713727e+00
1999	3.527112e-01	3.355365e-01	2.713727e+00
1999	3.527112e-01	3.355365e-01	2.713727e+00
1999	3.527112e-01	3.355365e-01	2.713727e+00
1999	3.527112e-01	3.355365e-01	2.713727e+00
1999	3.527112e-01	3.355365e-01	2.713727e+00
1999	3.527112e-01	3.355365e-01	2.713727e+00
1999	3.527112e-01	3.355365e-01	2.713727e+00
1999	3.527112e-01	3.355365e-01	2.713727e+00
1999	3.527112e-01	3.355365e-01	2.713727e+00
1999	3.527112e-01	3.355365e-01	2.713727e+00
1999	3.527112e-01	3.355365e-01	2.713727e+00
1999	3.527112e-01	3.355365e-01	2.713727e+00
1999	3.527112e-01	3.355365e-01	2.713727e+00
1999	3.527112e-01	3.355365e-01	2.713727e+00
1999	3.527112e-01	3.355365e-01	2.713727e+00
1999	3.527112e-01	3.355365e-01	2.713727e+00
1999	3.527112e-01	3.355365e-01	2.713727e+00
1999	3.527112e-01	3.355365e-01	2.713727e+00
1999	3.527112e-01	3.355365e-01	2.713727e+00
1999	3.527112e-01	3.355365e-01	2.713727e+00
1999	3.527112e-01	3.355365e-01	2.713727e+00
1999	3.527112e-01	3.355365e-01	2.713727e+00
1999	3.527112e-01	3.355365e-01	2.713727e+00
1999	3.527112e-01	3.355365e-01	2.713727e+00
1999	3.527112e-01	3.355365e-01	2.713727e+00
1999	3.527112e-01	3.355365e-01	2.713727e+00
1999	3.527112e-01	3.355365e-01	2.713727e+00
1999	3.527112e-01	3.355365e-01	2.713727e+00
1999	3.527112e-01	3.355365e-01	2.713727e+00
1999	3.527112e-01	3.355365e-01	2.713727e+00
1999	3.527112e-01	3.355365e-01	2.713727e+00
1999	3.527112e-01	3.355365e-01	2.713727e+00
1999	3.527112e-01	3.355365e-01	2.713727e+00
1999	3.527112e-01	3.355365e-01	2.713727e+00
1999	3.527112e-01	3.355365e-01	2.713727e+00
1999	3.527112e-01	3.355365e-01	2.713727e+00
1999	3.527112e-01	3.355365e-01	2.713727e+00
1999	3.527112e-01	3.355365e-01	2.713727e+00
1999	3.527112e-01	3.355365e-01	2.713727e+00
1999	3.527112e-01	3.355365e-01	2.713727e+00
1999	3.527112e-01	3.355365e-01	2.713727e+00
1999	3.527112e-01	3.355365e-01	2.713727e+00
1999	3.527112e-01	3.355365e-01	2.713727e+00
1999	3.527112e-01	3.355365e-01	2.713727e+00
1999	3.527112e-01	3.355365e-01	2.713727e+00
1999	3.527112e-01	3.355365e-01	2.713727e+00
1999	3.527112e-01	3.355365e-01	2.713727e+00
1999	3.527112e-01	3.355365e-01	2.713727e+00
1999	3.527112e-01	3.355365e-01	2.713727e+00
1999	3.527112e-01	3.355365e-01	2.713727e+00
1999	3.527112e-01	3.355365e-01	2.713727e+00
1999	3.527112e-01	3.355365e-01	2.713727e+00
1999	3.527112e-01	3.355365e-01	2.713727e+00
1999	3.527112e-01	3.355365e-01	2.713727e+00
1999	3.527112e-01	3.355365e-01	2.713727e+00
1999	3.527112e-01	3.355365e-01	2.713727e+00
1999	3.527112e-01	3.355365e-01	2.713727e+00
1999	3.527112e-01	3.355365e-01	2.713727e+00
1999	3.527112e-01	3.355365e-01	2.713727e+00
1999	3.527112e-01	3.355365e-01	2.713727e+00
1999	3.527112e-01	3.355365e-01	2.713727e+00
1999	3.527112e-01	3.355365e-01	2.713727e+00
1999	3.527112e-01	3.355365e-01	2.713727e+00
1999	3.527112e-01	3.355365e-01	2.713727e+00
1999	3.527112e-01	3.355365e-01	2.713727e+00
1999	3.527112e-01	3.355365e-01	2.713727e+00
1999	3.527112e-01	3.355365e-01	2.713727e+00
1999	3.527112e-01	3.355365e-01	2.713727e+00
1999	3.527112e-01	3.355365e-01	2.713727e+00
1999	3.527112e-01	3.355365e-01	2.713727e+00
1999	3.527112e-01	3.355365e-01	2.713727e+00
1999	3.527112e-01	3.355365e-01	2.713727e+00
1999	3.527112e-01	3.355365e-01	2.713727e+00
1999	3.527112e-01	3.355365e-01	2.713727e+00
1999	3.527112e-01	3.355365e-01	2.713727e+00
1999	3.527112e-01	3.355365e-01	2.713727e+00
1999	3.527112e-01	3.355365e-01	2.713727e+00
1999	3.527112e-01	3.355365e-01	2.713727e+00
1999	3.527112e-01	3.355365e-01	2.713727e+00
1999	3.527112e-01	3.355365e-01	2.713727e+00
1999	3.527112e-01	3.355365e-01	2.713727e+00
1999	3.527112e-01	3.355365e-01	2.713727e+00
1999	3.527112e-01	3.355365e-01	2.713727e+00
1999	3.527112e-01	3.355365e-01	2.713727e+00
1999	3.527112e-01	3.355365e-01	2.713727e+00
1999	3.527112e-01	3.355365e-01	2.713727e+00
1999	3.527112e-01	3.355365e-01	2.713727e+00
1999	3.527112e-01	3.355365e-01	2.713727e+00
1999	3.527112e-01	3.355365e-01	2.713727e+00
1999	3.527112e-01	3.355365e-01	2.713727e+00
1999	3.527112e-01	3.355365e-01	2.713727e+00
1999	3.527112e-01	3.355365e-01	2.713727e+00
1999	3.527112e-01	3.355365e-01	2.713727e+00
1999	3.527112e-01	3.355365e-01	2.713727e+00
1999	3.527112e-01	3.355365e-01	2.713727e+00
1999	3.527112e-01	3.355365e-01	2.713727e+00
1999	3.527112e-01	3.355365e-01	2.713727e+00
1999	3.527112e-01	3.355365e-01	2.713727e+00
1999	3.527112e-01	3.355365e-01	2.713727e+00
1999	3.527112e-01	3.355365e-01	2.713727e+00
1999	3.527112e-01	3.355365e-01	2.713727e+00
1999	3.527112e-01	3.355365e-01	2.713727e+00
1999	3.527112e-01	3.355365e-01	2.713727e+00
1999	3.527112e-01	3.355365e-01	2.713727e+00
1999	3.527112e-01	3.355365e-01	2.713727e+00
1999	3.527112e-01	3.355365e-01	2.713727e+00
1999	3.527112e-01	3.355365e-01	2.713727e+00
1999	3.527112e-01	3.355365e-01	2.713727e+00
1999	3.527112e-01	3.355365e-01	2.713727e+00
1999	3.527112e-01	3.355365e-01	2.713727e+00
1999	3.527112e-01	3.355365e-01	2.713727e+00
1999	3.527112e-01	3.355365e-01	2.713727e+00
1999	3.527112e-01	3.355365e-01	2.713727e+00
1999	3.527112e-01	3.355365e-01	2.713727e+00
1999	3.527112e-01	3.355365e-01	2.713727e+00
1999	3.527112e-01	3.355365e-01	2.713727e+00
1999	3.527112e-01	3.355365e-01	2.713727e+00
1999	3.527112e-01	3.355365e-01	2.713727e+00
1999	3.527112e-01	3.355365e-01	2.713727e+00
1999	3.527112e-01	3.355365e-01	2.713727e+00
1999	3.527112e-01	3.355365e-01	2.713727e+00
1999	3.527112e-01	3.355365e-01	2.713727e+00
1999	3.527112e-01	3.355365e-01	2.713727e+00
1999	3.527112e-01	3.355365e-01	2.713727e+00
1999	3.527112e-01	3.355365e-01	2.713727e+00
1999	3.527112e-01	3.355365e-01	2.713727e+00
1999	3.527112e-01	3.355365e-01	2.713727e+00
1999	3.527112e-01	3.355365e-01	2.713727e+00
1999	3.527112e-01	3.355365e-01	2.713727e+00
1999	3.527112e-01	3.355365e-01	2.713727e+00
1999	3.527112e-01	3.355365e-01	2.713727e+00
1999	3.527112e-01	3.355365e-01	2.713727e+00
1999	3.527112e-01	3.355365e-01	2.713727e+00
1999	3.527112e-01	3.355365e-01	2.713727e+00
1999	3.527112e-01	3.355365e-01	2.713727e+00
1999	3.527112e-01	3.355365e-01	2.713727e+00
1999	3.527112e-01	3.355365e-01	2.713727e+00
1999	3.527112e-01	3.355365e-01	2.713727e+00
1999	3.527112e-01	3.355365e-01	2.713727e+00
1999	3.527112e-01	3.355365e-01	2.713727e+00
1999	3.527112e-01	3.355365e-01	2.713727e+00
1999	3.527112e-01	3.355365e-01	2.713727e+00
1999	3.527112e-01	3.355365e-01	2.713727e+00
1999	3.527112e-01	3.355365e-01	2.713727e+00
1999	3.527112e-01	3.355365e-01	2.713727e+00
1999	3.527112e-01	3.355365e-01	2.713727e+00
1999	3.527112e-01	3.355365e-01	2.713727e+00
1999	3.527112e-01	3.355365e-01	2.713727e+00
1999	3.527112e-01	3.355365e-01	2.713727e+00
1999	3.527112e-01	3.355365e-01	2.713727e+00
1999	3.527112e-01	3.355365e-01	2.713727e+00
1999	3.527112e-01	3.355365e-01	2.713727e+00
1999	3.527112e-01	3.355365e-01	2.713727e+00
1999	3.527112e-01	3.355365e-01	2.713727e+00
1999	3.527112e-01	3.355365e-01	2.713727e+00
1999	3.527112e-01	3.355365e-01	2.713727e+00
1999	3.527112e-01	3.355365e-01	2.713727e+00
1999	3.527112e-01	3.355365e-01	2.713727e+00
1999	3.527112e-01	3.355365e-01	2.713727e+00
1999	3.527112e-01	3.355365e-01	2.713727e+00
1999	3.527112e-01	3.355365e-01	2.713727e+00
1999	3.527112e-01	3.355365e-01	2.713727e+00
1999	3.527112e-01	3.355365e-01	2.713727e+00
1999	3.527112e-01	3.355365e-01	2.713727e+00
1999	3.527112e-01	3.355365e-01	2.713727e+00
1999	3.527112e-01	3.355365e-01	2.713727e+00
1999	3.527112e-01	3.355365e-01	2.713727e+00
1999	3.527112e-01	3.355365e-01	2.713727e+00
1999	3.527112e-01	3.355365e-01	2.713727e+00
1999	3.527112e-01	3.355365e-01	2.713727e+00
1999	3.527112e-01	3.355365e-01	2.713727e+00
1999	3.527112e-01	3.355365e-01	2.713727e+00
1999	3.527112e-01	3.355365e-01	2.713727e+00
1999	3.527112e-01	3.355365e-01	2.713727e+00
1999	3.527112e-01	3.355365e-01	2.713727e+00
1999	3.527112e-01	3.355365e-01	2.713727e+00
1999	3.527112e-01	3.355365e-01	2.713727e+00
1999	3.527112e-01	3.355365e-01	2.713727e+00
1999	3.527112e-01	3.355365e-01	2.713727e+00
1999	3.527112e-01	3.355365e-01	2.713727e+00
1999	3.527112e-01	3.355365e-01	2.713727e+00
1999	3.527112e-01	3.355365e-01	2.713727e+00
1999	3.527112e-01	3.355365e-01	2.713727e+00
1999	3.527112e-01	3.355365e-01	2.713727e+00
1999	3.527112e-01	3.355365e-01	2.713727e+00
1999	3.527112e-01	3.355365e-01	2.713727e+00
1999	3.527112e-01	3.355365e-01	2.713727e+00
1999	3.527112e-01	3.355365e-01	2.713727e+00
1999	3.527112e-01	3.355365e-01	2.713727e+00
1999	3.527112e-01	3.355365e-01	2.713727e+00
1999	3.527112e-01	3.355365e-01	2.713727e+00
1999	3.527112e-01	3.355365e-01	2.713727e+00
1999	3.527112e-01	3.355365e-01	2.713727e+00
1999	3.527112e-01	3.355365e-01	2.713727e+00
1999	3.527112e-01	3.355365e-01	2.713727e+00
1999	3.527112e-01	3.355365e-01	2.713727e+00
1999	3.527112e-01	3.355365e-01	2.713727e+00
1999	3.527112e-01	3.355365e-01	2.713727e+00
1999	3.527112e-01	3.355365e-01	2.713727e+00
1999	3.527112e-01	3.355365e-01	2.713727e+00
1999	3.527112e-01	3.355365e-01	2.713727e+00
1999	3.527112e-01	3.355365e-01	2.713727e+00
1999	3.527112e-01	3.355365e-01	2.713727e+00
1999	3.527112e-01	3.355365e-01	2.713727e+00
1999	3.527112e-01	3.355365e-01	2.713727e+00
1999	3.527112e-01	3.355365e-01	2.713727e+00
1999	3.527112e-01	3.355365e-01	2.713727e+00
1999	3.527112e-01	3.355365e-01	2.713727e+00
1999	3.527112e-01	3.355365e-01	2.713727e+00
1999	3.527112e-01	3.355365e-01	2.713727e+00
1999	3.527112e-01	3.355365e-01	2.713727e+00
1999	3.527112e-01	3.355365e-01	2.713727e+00
1999	3.527112e-01	3.355365e-01	2.713727e+00
1999	3.527112e-01	3.355365e-01	2.713727e+00
1999	3.527112e-01	3.355365e-01	2.713727e+00
1999	3.527112e-01	3.355365e-01	2.713727e+00
1999	3.527112e-01	3.355365e-01	2.713727e+00
1999	3.527112e-01	3.355365e-01	2.713727e+00
1999	3.527112e-01	3.355365e-01	2.713727e+00
1999	3.527112e-01	3.355365e-01	2.713727e+00
1999	3.527112e-01	3.355365e-01	2.713727e+00
1999	3.527112e-01	3.355365e-01	2.713727e+00
1999	3.527112e-01	3.355365e-01	2.713727e+00
1999	3.527112e-01	3.355365e-01	2.713727e+00
1999	3.527112e-01	3.355365e-01	2.713727e+00
1999	3.527112e-01	3.355365e-01	2.713727e+00
1999	3.527112e-01	3.355365e-01	2.713727e+00
1999	3.527112e-01	3.355365e-01	2.713727e+00
1999	3.527112e-01	3.355365e-01	2.713727e+00
1999	3.527112e-01	3.355365e-01	2.713727e+00
1999	3.527112e-01	3.355365e-01	2.713727e+00
1999	3.527112e-01	3.355365e-01	2.713727e+00
1999	3.527112e-01	3.355365e-01	2.713727e+00
1999	3.527112e-01	3.355365e-01	2.713727e+00
1999	3.527112e-01	3.355365e-01	2.713727e+00
1999	3.527112e-01	3.355365e-01	2.713727e+00
1999	3.527112e-01	3.355365e-01	2.713727e+00
1999	3.527112e-01	3.355365e-01	2.713727e+00
1999	3.527112e-01	3.355365e-01	2.713727e+00
1999	3.527112e-01	3.355365e-01	2.713727e+00
1999	3.527112e-01	3.355365e-01	2.713727e+00
1999	3.527112e-01	3.355365e-01	2.713727e+00
1999	3.527112e-01	3.355365e-01	2.713727e+00
1999	3.527112e-01	3.355365e-01	2.713727e+00
1999	3.527112e-01	3.355365e-01	2.713727e+00
1999	3.527112e-01	3.355365e-01	2.713727e+00
1999	3.527112e-01	3.355365e-01	2.713727e+00
1999	3.527112e-01	3.355365e-01	2.713727e+00
1999	3.527112e-01	3.355365e-01	2.713727e+00
1999	3.527112e-01	3.355365e-01	2.713727e+00
1999	3.527112e-01	3.355365e-01	2.713727e+00
1999	3.527112e-01	3.355365e-01	2.713727e+00
1999	3.527112e-01	3.355365e-01	2.713727e+00
1999	3.527112e-01	3.355365e-01	2.713727e+00
1999	3.527112e-01	3.355365e-01	2.713727e+00
1999	3.527112e-01	3.355365e-01	2.713727e+00
1999	3.527112e-01	3.355365e-01	2.713727e+00
1999	3.527112e-01	3.355365e-01	2.713727e+00
