1529
0	3.300129e-01	3.407124e-01	2.659990e+00
1	3.544597e-01	2.817986e-01	1.927211e+00
3	4.383191e-01	2.404322e-01	1.306790e+00
4	4.343590e-01	2.656933e-01	2.219345e+00
6	5.903744e-01	8.105288e-02	2.766488e+00
9	3.432249e-01	2.207043e-01	1.231558e+00
10	3.758498e-01	2.992571e-01	1.283341e+00
14	4.251090e-01	2.882911e-01	2.148021e+00
16	3.341493e-01	3.617442e-01	2.881778e+00
17	3.719199e-01	2.985526e-01	1.311676e+00
19	3.781616e-01	3.497138e-01	2.081583e+00
20	2.696114e-01	2.324008e-01	2.944309e+00
21	3.555055e-01	2.382576e-01	2.364924e+00
22	2.007974e-01	3.654401e-01	2.446996e+00
24	3.351346e-01	1.672480e-01	2.993161e+00
26	3.386199e-01	2.071691e-01	1.180752e+00
29	3.786996e-01	2.512699e-01	1.761114e+00
30	3.067428e-01	2.862011e-01	2.705911e+00
31	4.140134e-01	2.389356e-01	2.189057e+00
32	4.714330e-01	1.470027e-01	2.337567e+00
36	3.559748e-01	1.883386e-01	1.131900e+00
39	3.783570e-01	3.178712e-01	2.950171e+00
41	6.345665e-01	1.697341e-01	1.319492e+00
43	3.139144e-01	2.307482e-01	2.796776e+00
45	3.877043e-01	2.651019e-01	2.812408e+00
47	3.164947e-01	3.141119e-01	2.619932e+00
48	3.940148e-01	2.736764e-01	1.500244e+00
49	3.255330e-01	3.097988e-01	1.309722e+00
50	3.364379e-01	2.936172e-01	1.122130e+00
52	3.106423e-01	2.966080e-01	1.758183e+00
53	3.540949e-01	2.300816e-01	2.832926e+00
54	3.715250e-01	2.803454e-01	2.136297e+00
55	3.862086e-01	2.929307e-01	1.853933e+00
56	4.167303e-01	2.644428e-01	1.607719e+00
58	4.017638e-01	2.106063e-01	2.045432e+00
59	3.439417e-01	2.777637e-01	1.234489e+00
62	3.816720e-01	2.193271e-01	2.046409e+00
65	3.971448e-01	2.584261e-01	1.164143e+00
69	3.989044e-01	2.385725e-01	1.689790e+00
70	3.693771e-01	1.977902e-01	2.347338e+00
73	3.545048e-01	2.378342e-01	1.758183e+00
74	3.402491e-01	2.147518e-01	2.161700e+00
76	3.852360e-01	2.238975e-01	2.038593e+00
77	3.806531e-01	1.233617e-01	1.977040e+00
78	3.542433e-01	3.496202e-01	2.565217e+00
80	3.144535e-01	2.824571e-01	2.205667e+00
81	3.686362e-01	2.198630e-01	1.398632e+00
82	3.449389e-01	2.358793e-01	1.638007e+00
83	3.832777e-01	3.009639e-01	1.205178e+00
85	3.627152e-01	3.472882e-01	1.362482e+00
87	2.879590e-01	3.647883e-01	1.996580e+00
88	4.569587e-01	3.610126e-02	1.143625e+00
89	4.084259e-01	2.809126e-01	1.917440e+00
91	3.631383e-01	2.764744e-01	2.804592e+00
92	3.621535e-01	3.257059e-01	1.592086e+00
93	3.522674e-01	2.955933e-01	2.871031e+00
94	2.974726e-01	9.967603e-02	1.717147e+00
96	2.772048e-01	3.106127e-01	2.295554e+00
97	9.458316e-02	3.897294e-01	1.248168e+00
98	3.020176e-01	3.805311e-01	2.607230e+00
99	4.166094e-01	2.164215e-01	2.866146e+00
101	3.471568e-01	2.623250e-01	1.344895e+00
104	4.253125e-01	3.469169e-01	2.097215e+00
105	3.689961e-01	2.850773e-01	2.440156e+00
107	3.515676e-01	5.467201e-01	2.630679e+00
108	2.155956e-01	2.925763e-01	1.023449e+00
110	3.022535e-01	3.583284e-01	2.002443e+00
112	3.538005e-01	2.941656e-01	2.215437e+00
113	3.512364e-01	2.796894e-01	1.230581e+00
114	3.940360e-01	3.513115e-01	2.364924e+00
116	2.637359e-01	2.943888e-01	1.324377e+00
117	3.664928e-01	3.304683e-01	1.500244e+00
118	3.656913e-01	3.811600e-01	2.812408e+00
119	4.011073e-01	2.583367e-01	1.448461e+00
120	3.588632e-01	2.757643e-01	2.302394e+00
122	1.839243e-01	7.384744e-02	2.131412e+00
123	3.611442e-01	3.466388e-01	2.719590e+00
124	2.192365e-01	2.709719e-01	2.884709e+00
125	4.683913e-01	3.713830e-01	2.896434e+00
126	3.616920e-01	2.725355e-01	1.119199e+00
127	3.531876e-01	2.741643e-01	2.184172e+00
128	4.477333e-01	1.480267e-01	2.469468e+00
129	5.063970e-01	1.044126e-01	1.157303e+00
130	3.919832e-01	1.471186e-01	2.511480e+00
131	5.037693e-01	3.600336e-01	2.546654e+00
134	3.208944e-01	3.224308e-01	2.489008e+00
135	2.617733e-01	3.189378e-01	2.473376e+00
136	3.927969e-01	2.456658e-01	1.486566e+00
137	4.880329e-01	3.607463e-01	1.004885e+00
140	4.857017e-01	3.165489e-01	1.103566e+00
141	3.198721e-01	2.985305e-01	2.380557e+00
142	1.102500e-01	3.142220e-01	2.226185e+00
143	3.732683e-01	3.297412e-01	2.559355e+00
144	3.363267e-01	2.406474e-01	2.978505e+00
148	3.979171e-01	3.295493e-01	2.119687e+00
150	3.064764e-01	1.882463e-01	1.074255e+00
151	3.180759e-01	2.304704e-01	2.398144e+00
152	4.124326e-01	2.215196e-01	2.014167e+00
154	2.453288e-01	2.914760e-01	2.126527e+00
155	3.531921e-01	2.814598e-01	1.117245e+00
156	4.115041e-01	5.006026e-01	2.617978e+00
157	5.499085e-01	1.802820e-01	2.454812e+00
158	3.885843e-01	2.852156e-01	1.060576e+00
160	2.450110e-01	3.135357e-01	1.728872e+00
162	3.095292e-01	2.304980e-01	1.137763e+00
163	3.359583e-01	2.542705e-01	2.477284e+00
164	6.369355e-01	1.647136e-01	1.328285e+00
165	3.766706e-01	2.594496e-01	2.865169e+00
167	3.692968e-01	9.664050e-02	1.963361e+00
168	4.447117e-01	2.430163e-01	1.665364e+00
169	5.913576e-01	2.354065e-01	1.217880e+00
171	3.495994e-01	2.837459e-01	2.021983e+00
175	3.138278e-01	3.180452e-01	2.931607e+00
177	4.112901e-01	2.014498e-01	1.943820e+00
178	3.317619e-01	5.331377e-01	1.311676e+00
179	3.588015e-01	1.881150e-01	1.547142e+00
180	3.141667e-01	2.660741e-01	2.213483e+00
181	3.674061e-01	2.526948e-01	2.043478e+00
182	3.506702e-01	3.021091e-01	2.673669e+00
186	1.864302e-01	2.694399e-01	2.940401e+00
188	2.924001e-01	2.085211e-01	2.628725e+00
189	3.160836e-01	1.783052e-01	2.664875e+00
191	3.992112e-01	1.986933e-01	2.334636e+00
192	2.265726e-01	2.296486e-01	2.055203e+00
193	3.021767e-01	3.114093e-01	1.027357e+00
194	2.208176e-01	2.736728e-02	1.698583e+00
195	3.080213e-01	3.263907e-01	1.006839e+00
198	2.915257e-01	3.757819e-01	2.058134e+00
199	3.644638e-01	2.564084e-01	1.997557e+00
200	3.378600e-01	2.693954e-01	2.697118e+00
201	4.588955e-01	1.332380e-01	2.445042e+00
202	3.596446e-01	2.241939e-01	1.279433e+00
203	3.320999e-01	3.057917e-01	2.408891e+00
205	5.443869e-01	2.311573e-01	2.023937e+00
207	5.014164e-01	3.121696e-01	1.212018e+00
209	2.791916e-01	3.970398e-01	2.090376e+00
211	1.725375e-01	2.395319e-01	2.246702e+00
212	2.060626e-01	1.904202e-01	1.148510e+00
213	2.745889e-01	3.191438e-01	1.459209e+00
214	1.898105e-01	3.835702e-01	1.042013e+00
216	3.586602e-01	2.800720e-01	1.584270e+00
217	2.286513e-01	2.775272e-01	2.376649e+00
218	3.970958e-01	3.495509e-01	2.247680e+00
219	3.350963e-01	3.151557e-01	1.770884e+00
220	6.047488e-01	9.893282e-02	2.858329e+00
221	1.471700e-01	2.387609e-01	1.609673e+00
222	3.671918e-01	1.846687e-01	1.152418e+00
223	3.495363e-01	2.968078e-01	1.250122e+00
224	3.748950e-01	2.804223e-01	2.062042e+00
225	3.548975e-01	2.045178e-01	1.123107e+00
226	1.102678e-02	3.469372e-02	1.438691e+00
227	3.366518e-01	2.650263e-01	2.676600e+00
228	2.911214e-01	2.520792e-01	2.319980e+00
229	3.852178e-01	1.889606e-01	2.793845e+00
230	5.052688e-01	2.263918e-01	2.593552e+00
231	4.998048e-01	1.548419e-03	2.102101e+00
232	3.302763e-01	2.092912e-01	1.060576e+00
233	4.715192e-01	2.028310e-01	2.041524e+00
234	3.766553e-01	1.837320e-01	2.262335e+00
235	3.214386e-01	1.565508e-01	1.443576e+00
237	2.130304e-01	3.794715e-01	2.647289e+00
238	9.362074e-01	6.003875e-01	2.875916e+00
239	5.950013e-01	2.805496e-02	1.548119e+00
240	3.849289e-01	2.204112e-01	2.238886e+00
241	3.451712e-01	2.755598e-01	1.812897e+00
242	2.085289e-01	5.620888e-01	1.040059e+00
243	3.554880e-01	2.583992e-01	1.263801e+00
244	3.720875e-01	3.321694e-01	1.624328e+00
245	3.271955e-01	3.053739e-01	1.723009e+00
246	3.266703e-01	2.534471e-01	2.261358e+00
247	3.552582e-02	1.134788e-02	1.394724e+00
248	3.606747e-01	2.240556e-01	1.301905e+00
249	3.607479e-01	2.901264e-01	1.629213e+00
250	3.611936e-01	3.791812e-01	2.247680e+00
251	1.604975e-01	3.783481e-01	1.683928e+00
252	3.417387e-01	3.037445e-01	1.126038e+00
253	1.801876e-01	3.566615e-01	1.614558e+00
256	3.323942e-01	2.953585e-01	2.834880e+00
258	5.371282e-01	1.126820e-01	1.238398e+00
260	3.279984e-01	3.613702e-01	2.464582e+00
262	3.637876e-01	2.680588e-01	2.782120e+00
264	3.505838e-01	2.981128e-01	1.910601e+00
265	3.263109e-01	2.715844e-01	2.648266e+00
266	3.625665e-01	2.567949e-01	2.749878e+00
267	3.060675e-01	2.649661e-01	2.013190e+00
268	4.853651e-01	3.712980e-01	1.662433e+00
270	3.481626e-01	2.718502e-01	1.789448e+00
271	3.820399e-01	2.403166e-01	1.357596e+00
272	3.541416e-01	3.112774e-01	1.563752e+00
273	3.823852e-01	2.083871e-01	1.498290e+00
274	3.307262e-01	3.048501e-01	1.908647e+00
275	2.535952e-01	3.202826e-01	2.665852e+00
276	4.201529e-01	1.204259e-01	2.691255e+00
277	3.712320e-01	2.368113e-01	2.098192e+00
278	3.487705e-01	2.458487e-01	1.220811e+00
280	4.757762e-01	3.292423e-01	2.821202e+00
281	4.278034e-01	2.888454e-01	2.290669e+00
282	4.489464e-01	3.341464e-01	2.534929e+00
283	4.138549e-01	2.419540e-01	2.445042e+00
284	3.524996e-01	2.657981e-01	2.930630e+00
286	2.934725e-01	3.117460e-01	1.133854e+00
287	3.334383e-01	2.608264e-01	2.343429e+00
288	4.757038e-01	2.493414e-01	1.947728e+00
289	6.500009e-01	1.966866e-01	2.500733e+00
290	2.387560e-01	3.859716e-01	2.574011e+00
292	5.732760e-01	1.930194e-01	2.912066e+00
293	1.881107e-01	2.788908e-01	1.736688e+00
294	4.532563e-01	2.508332e-01	1.470933e+00
295	3.534449e-01	2.892253e-01	2.265266e+00
296	3.537126e-01	2.887825e-01	2.495848e+00
297	3.615554e-01	2.447309e-01	2.862237e+00
298	3.642931e-01	3.199706e-01	1.857841e+00
299	5.897130e-01	1.836045e-01	2.227162e+00
300	3.602041e-01	2.836873e-01	1.627259e+00
301	4.861343e-01	2.035598e-01	2.506595e+00
302	3.412609e-01	2.871586e-01	2.762579e+00
303	3.986856e-01	2.481380e-01	2.459697e+00
304	3.592532e-01	2.437997e-01	1.689790e+00
305	3.718458e-01	2.824404e-01	1.565706e+00
306	3.692175e-01	2.838266e-01	1.125061e+00
307	3.469894e-01	2.901655e-01	2.528090e+00
308	3.538467e-01	2.314756e-01	1.121153e+00
309	3.588593e-01	2.245369e-01	1.169028e+00
310	3.878578e-01	2.870905e-01	1.555936e+00
311	2.746245e-01	2.135403e-01	1.885198e+00
312	4.133443e-01	2.791260e-01	2.989253e+00
313	3.550271e-01	2.855910e-01	2.081583e+00
314	4.112042e-01	2.265837e-01	1.052760e+00
315	2.949538e-01	3.777639e-01	2.633610e+00
316	3.610821e-01	1.170876e-01	1.623351e+00
317	3.516412e-01	4.715835e-01	2.443087e+00
318	3.503902e-01	1.945049e-01	2.989253e+00
319	4.056591e-01	2.194593e-01	2.095261e+00
320	2.827118e-01	2.746293e-01	2.862237e+00
321	7.589197e-01	7.926964e-02	1.942843e+00
322	1.888088e-01	5.652817e-01	1.455300e+00
323	1.768796e-01	3.744225e-01	1.022472e+00
324	3.377066e-01	2.702446e-01	1.734734e+00
325	3.544209e-01	2.284581e-01	2.170493e+00
326	4.675327e-01	2.171232e-01	2.626771e+00
329	3.171011e-01	3.202326e-01	1.461163e+00
330	3.634317e-01	2.732861e-01	1.730826e+00
331	3.078268e-01	2.611623e-01	2.535906e+00
332	2.323357e-01	3.002461e-01	2.234978e+00
333	3.958892e-01	2.631544e-01	2.740107e+00
335	3.711265e-01	2.252418e-01	2.902296e+00
336	3.922711e-01	4.036058e-01	1.495359e+00
337	3.680607e-01	2.451262e-01	2.727406e+00
338	4.768898e-01	2.244890e-01	2.315095e+00
339	3.657006e-01	1.057219e-01	2.528090e+00
340	3.635029e-01	2.636748e-01	2.943332e+00
341	3.415319e-01	2.419529e-01	2.339521e+00
342	5.631135e-02	3.911799e-01	1.752320e+00
343	4.341662e-01	3.271314e-01	2.184172e+00
346	3.544472e-01	2.174167e-01	2.741085e+00
347	2.151882e-01	3.393539e-01	2.190034e+00
348	4.646079e-01	1.417497e-01	1.921348e+00
349	3.402413e-01	2.869101e-01	1.197362e+00
350	3.474623e-01	2.973668e-01	2.764533e+00
351	4.037830e-01	2.522724e-01	1.541280e+00
352	3.137076e-01	3.260959e-01	1.943820e+00
353	3.590601e-01	3.111494e-01	2.209575e+00
354	2.425830e-01	3.808065e-01	1.017587e+00
355	3.089461e-01	2.291951e-01	1.306790e+00
356	4.823795e-01	4.034746e-01	2.435271e+00
358	3.509933e-01	2.064813e-01	1.327308e+00
359	3.968564e-01	3.481337e-01	2.742062e+00
361	3.703922e-01	3.063534e-01	2.267220e+00
363	4.309333e-01	5.115418e-01	2.073766e+00
364	3.507752e-01	2.423488e-01	2.385442e+00
365	2.701274e-01	4.549422e-01	2.814362e+00
366	6.863326e-01	1.429172e-01	2.371764e+00
367	3.539703e-01	2.601830e-01	2.407914e+00
368	3.181856e-01	2.821604e-01	1.623351e+00
369	3.602277e-01	2.769774e-01	1.573522e+00
370	3.314234e-01	2.820907e-01	2.355154e+00
371	3.485977e-01	3.167781e-01	1.601856e+00
372	3.498648e-01	2.326962e-01	1.526624e+00
373	3.154371e-01	2.505580e-01	1.977040e+00
374	3.228272e-01	2.888196e-01	1.844162e+00
375	3.750277e-01	2.278780e-01	1.286273e+00
378	3.806132e-01	2.920835e-01	1.008793e+00
379	3.471908e-01	2.720268e-01	2.974597e+00
380	3.593278e-01	3.190625e-01	2.648266e+00
381	4.479327e-01	2.802686e-01	1.543234e+00
382	3.605303e-01	3.498458e-01	1.142648e+00
383	7.635331e-01	5.336123e-01	2.333659e+00
384	3.144742e-01	3.008070e-01	1.567660e+00
385	4.644748e-01	6.059396e-02	2.407914e+00
386	3.479937e-01	4.532630e-01	1.787494e+00
387	2.269868e-01	1.444738e-01	1.712262e+00
388	3.980739e-01	3.187023e-01	1.139717e+00
390	3.465629e-01	2.897534e-01	1.407426e+00
391	3.596103e-01	1.329957e-01	1.186615e+00
392	3.319810e-01	2.675803e-01	1.006839e+00
394	2.042815e-01	2.375057e-01	2.866146e+00
395	4.004252e-01	2.526952e-01	2.410845e+00
398	4.879784e-01	3.178234e-01	2.904250e+00
400	4.420323e-01	2.877858e-01	2.772350e+00
401	3.207153e-01	2.626528e-01	1.393747e+00
402	3.916271e-01	2.648113e-01	1.322423e+00
403	4.344584e-01	1.472083e-01	2.872985e+00
404	4.070558e-01	2.277538e-01	1.795310e+00
405	3.657432e-01	2.876620e-01	2.446996e+00
408	3.829188e-01	2.669009e-01	2.122618e+00
409	3.402406e-01	2.765341e-01	1.518808e+00
410	1.969076e-01	4.020918e-01	1.922325e+00
412	4.303794e-01	2.862694e-01	2.882755e+00
414	1.995261e-01	2.037383e-01	1.896922e+00
416	4.152148e-01	1.857263e-01	1.280410e+00
417	3.438954e-01	3.270174e-01	2.227162e+00
418	3.053103e-01	2.834036e-01	2.758671e+00
419	5.241997e-01	3.051387e-01	2.065950e+00
420	4.050802e-01	1.878338e-01	2.140205e+00
421	3.325854e-01	2.827783e-01	2.755740e+00
423	3.192524e-01	2.374666e-01	1.138740e+00
424	4.671154e-01	6.058148e-01	1.944797e+00
425	3.865584e-01	2.160705e-01	1.255984e+00
426	3.574343e-01	3.259910e-01	1.587201e+00
427	4.448197e-01	2.876268e-01	1.785540e+00
428	3.740268e-01	2.756843e-01	2.788959e+00
430	3.671541e-01	2.465839e-01	2.813385e+00
431	3.622425e-01	2.657841e-01	2.353200e+00
432	2.281646e-01	4.093687e-01	2.165608e+00
433	3.358299e-01	3.060663e-01	1.696629e+00
434	3.870651e-01	2.878251e-01	2.678554e+00
435	2.791482e-01	3.126439e-01	2.476307e+00
436	3.528100e-01	3.443547e-01	1.274548e+00
437	2.702256e-01	3.478977e-01	1.454323e+00
438	4.372123e-01	1.857820e-01	2.462628e+00
439	3.504178e-01	3.391214e-01	2.689301e+00
440	2.886626e-01	2.037349e-01	2.250611e+00
441	2.102971e-01	4.674003e-01	1.272594e+00
443	1.923614e-01	3.904611e-01	1.306790e+00
444	3.899666e-01	2.511105e-01	1.904739e+00
445	3.838790e-01	3.171539e-01	2.173425e+00
446	3.819223e-01	3.153334e-01	2.075721e+00
447	3.537129e-01	2.857566e-01	1.809966e+00
448	2.783363e-01	2.290408e-01	2.105032e+00
450	3.640709e-01	2.547930e-01	2.270151e+00
451	3.906006e-01	4.006589e-01	2.602345e+00
453	4.275998e-01	2.594307e-01	2.965804e+00
454	3.667519e-01	1.871462e-01	1.648754e+00
456	4.490434e-01	3.096444e-01	2.598437e+00
457	3.631766e-01	3.093668e-01	2.737176e+00
458	3.575406e-01	3.531064e-01	2.069858e+00
459	4.041222e-01	3.220573e-01	1.787494e+00
465	2.335603e-01	3.553885e-01	1.374206e+00
466	3.350269e-01	2.585586e-01	2.722521e+00
469	3.996614e-01	2.869280e-01	1.923302e+00
470	4.088313e-01	2.017276e-01	2.440156e+00
471	4.549992e-01	1.939753e-01	1.579384e+00
472	1.281455e-01	2.330989e-01	1.672203e+00
473	3.951238e-01	2.708537e-01	2.336590e+00
475	4.504654e-01	2.892975e-01	2.716659e+00
477	4.560326e-01	2.104439e-01	1.643869e+00
478	3.937762e-01	3.578620e-01	2.909135e+00
479	3.443342e-01	2.954313e-01	1.161212e+00
481	3.511468e-01	3.025241e-01	2.193942e+00
484	3.518337e-01	2.289867e-01	1.802149e+00
486	3.755843e-01	2.772211e-01	1.545188e+00
487	4.082987e-01	2.300670e-01	2.279922e+00
489	3.481244e-01	2.553388e-01	1.959453e+00
490	5.742890e-01	3.340447e-01	1.738642e+00
491	3.581147e-01	3.037900e-01	2.440156e+00
492	3.596836e-01	3.263693e-01	2.083537e+00
493	3.803683e-01	2.573372e-01	2.392281e+00
496	3.964986e-01	2.886709e-01	1.087934e+00
498	3.700768e-01	2.666607e-01	1.115291e+00
499	3.465037e-01	1.462108e-01	2.144113e+00
501	4.329215e-01	2.787113e-01	2.159746e+00
503	3.343875e-01	3.096512e-01	1.271617e+00
504	2.660256e-01	2.859394e-01	2.054226e+00
507	3.893487e-01	2.654976e-01	1.613581e+00
509	3.448642e-01	3.663512e-01	2.981436e+00
513	9.264006e-01	6.114883e-01	1.246214e+00
516	3.365526e-01	2.663235e-01	2.757694e+00
517	5.119651e-01	1.652399e-01	2.084514e+00
520	3.732129e-01	2.729562e-01	1.586224e+00
522	3.230302e-01	3.026983e-01	2.185149e+00
526	3.879959e-01	2.583696e-01	2.352223e+00
528	3.533805e-01	4.501368e-01	1.533464e+00
529	3.678382e-01	2.849927e-01	2.446019e+00
530	3.701875e-01	2.382230e-01	2.926722e+00
533	4.920088e-01	1.598462e-01	2.611138e+00
539	3.164533e-01	2.076709e-01	2.463605e+00
543	2.926718e-01	2.685039e-01	1.242306e+00
544	4.068222e-01	1.956914e-01	2.037616e+00
547	3.359290e-01	2.726938e-01	1.646800e+00
553	4.192230e-01	2.463935e-01	1.878359e+00
556	4.017556e-01	3.068275e-01	1.212018e+00
560	3.741553e-01	3.332999e-01	1.053737e+00
562	3.961680e-01	2.437000e-01	1.044944e+00
564	4.064462e-01	3.857315e-01	1.094773e+00
565	5.556114e-01	5.394714e-01	2.268197e+00
566	3.183732e-01	2.744990e-01	1.097704e+00
567	4.017859e-01	2.288538e-01	2.065950e+00
570	2.704010e-01	2.770430e-01	1.285296e+00
573	2.623681e-01	3.949124e-01	1.219834e+00
575	2.130102e-01	2.688981e-01	1.007816e+00
576	2.878133e-01	4.207667e-01	2.849536e+00
577	4.024004e-01	2.567447e-01	1.483635e+00
579	3.333546e-01	2.455171e-01	2.288715e+00
580	5.713309e-01	2.010828e-01	1.581339e+00
582	2.523286e-01	4.845865e-01	1.807035e+00
583	3.159095e-01	2.688691e-01	2.197851e+00
584	3.471506e-01	2.735462e-01	1.321446e+00
586	4.043707e-01	4.696590e-01	1.521739e+00
587	4.909117e-01	2.701896e-01	2.106009e+00
588	2.690747e-01	2.332653e-01	2.735222e+00
591	2.644246e-01	4.098167e-01	1.228627e+00
592	3.897725e-01	2.585040e-01	1.098681e+00
594	3.342974e-01	2.369759e-01	1.208109e+00
595	3.729585e-01	2.399035e-01	1.270640e+00
599	3.097848e-01	3.369064e-01	2.349292e+00
600	2.244408e-01	3.122290e-01	2.289692e+00
601	3.331107e-01	3.124566e-01	1.889106e+00
607	3.611582e-01	2.781920e-01	2.792868e+00
608	3.067415e-01	3.461336e-01	1.011724e+00
609	4.629694e-01	2.633606e-01	2.946263e+00
615	4.189003e-01	3.006672e-01	1.040059e+00
616	2.946075e-01	3.122765e-01	1.645823e+00
618	3.742549e-01	1.949373e-01	1.924279e+00
619	2.620504e-01	3.421695e-01	2.144113e+00
620	3.466661e-01	1.868812e-01	1.978994e+00
621	3.730480e-01	3.227232e-01	1.876404e+00
624	4.023616e-01	2.350773e-01	2.516365e+00
627	3.360198e-01	2.938890e-01	1.796287e+00
628	2.478355e-01	3.020052e-01	2.237909e+00
630	4.404017e-01	3.239711e-01	2.738153e+00
633	4.887103e-01	2.343405e-01	2.410845e+00
634	3.977454e-01	2.590888e-01	1.236444e+00
637	4.713904e-01	1.571820e-01	1.903762e+00
638	5.549294e-01	2.488839e-01	2.901319e+00
639	3.797671e-01	2.680235e-01	2.812408e+00
640	3.726569e-01	2.803798e-01	2.842697e+00
644	3.957367e-01	2.243144e-01	2.512457e+00
645	4.657895e-01	2.152979e-01	2.938447e+00
647	5.238206e-01	2.451276e-01	2.632633e+00
649	4.088859e-01	3.006885e-01	1.725940e+00
651	2.791602e-01	1.656183e-01	2.279922e+00
652	4.030354e-01	2.927095e-01	1.312653e+00
654	4.041963e-01	2.891876e-01	2.583781e+00
656	4.150504e-01	2.908107e-01	1.020518e+00
658	3.582059e-01	2.591204e-01	1.672203e+00
659	3.805417e-01	2.738541e-01	2.890572e+00
660	5.195265e-01	2.308346e-01	1.056668e+00
661	5.252217e-01	2.530416e-01	2.433317e+00
664	3.200373e-01	4.867704e-01	1.106497e+00
667	4.201721e-01	4.989021e-01	1.068393e+00
668	2.569890e-01	3.951239e-01	2.941378e+00
670	3.762871e-01	2.423651e-01	2.181241e+00
671	4.235214e-01	1.276261e-01	1.950660e+00
672	3.263503e-01	4.137939e-01	2.817294e+00
673	5.424926e-01	2.682995e-01	2.537860e+00
674	3.605129e-01	2.312883e-01	2.760625e+00
675	2.831569e-01	2.756797e-01	1.672203e+00
676	1.529655e-01	2.683609e-01	2.255496e+00
678	7.326166e-01	5.404463e-01	2.169516e+00
679	4.147720e-01	3.471264e-01	1.255984e+00
680	4.993055e-01	2.783758e-01	1.235467e+00
681	3.801866e-01	1.157169e-01	1.978994e+00
683	2.540079e-01	2.016266e-01	1.367367e+00
684	3.776067e-01	2.062445e-01	2.766488e+00
685	3.402030e-01	3.241953e-01	2.958964e+00
687	7.662689e-02	3.425367e-01	1.147533e+00
691	6.120683e-01	3.148490e-01	2.362970e+00
693	1.437605e-01	2.019536e-01	1.209086e+00
695	2.590528e-01	3.083311e-01	1.394724e+00
696	4.257787e-01	9.972115e-02	2.200782e+00
697	4.043333e-01	2.413652e-01	1.453346e+00
698	3.106228e-01	2.198351e-01	1.420127e+00
703	3.224122e-01	3.050153e-01	2.173425e+00
707	1.343914e-01	2.413530e-01	1.444553e+00
709	2.808081e-01	3.080254e-01	2.259404e+00
711	4.951901e-01	4.552774e-01	1.732780e+00
712	3.116595e-01	2.161419e-01	2.027846e+00
713	3.587703e-01	3.335046e-01	1.011724e+00
714	3.438266e-01	2.164921e-01	1.006839e+00
717	3.450896e-01	2.587868e-01	1.120176e+00
718	3.992251e-01	2.176324e-01	1.045921e+00
719	3.339132e-01	3.391252e-01	2.993161e+00
723	3.040687e-01	3.331386e-01	2.970689e+00
725	2.652079e-01	3.055156e-01	1.774792e+00
726	2.850840e-01	3.083212e-01	1.883244e+00
727	1.786975e-01	1.431146e-01	2.623840e+00
728	5.662471e-01	2.977389e-01	1.694675e+00
729	3.783973e-01	1.604838e-01	2.360039e+00
732	3.433074e-01	2.713101e-01	2.760625e+00
734	4.172840e-01	2.681781e-01	2.745970e+00
735	2.009618e-01	2.230021e-01	1.817782e+00
736	2.328547e-01	2.166216e-01	2.519297e+00
738	3.581558e-01	3.446541e-01	2.439179e+00
739	3.110812e-01	3.307006e-01	2.870054e+00
740	3.160350e-01	4.014092e-01	1.413288e+00
745	2.871413e-01	2.386192e-01	2.548608e+00
746	3.614194e-01	2.806680e-01	2.561309e+00
747	1.138360e-01	3.681341e-01	2.958964e+00
748	4.505481e-01	2.000413e-01	1.332193e+00
750	2.343901e-01	8.549270e-01	1.373229e+00
753	3.756347e-01	2.571001e-01	2.411822e+00
757	2.341206e-01	3.087098e-01	2.571080e+00
758	2.271373e-01	8.458745e-01	1.398632e+00
759	3.615686e-01	1.911549e-01	1.922325e+00
764	3.427288e-01	2.597718e-01	2.676600e+00
765	2.755643e-01	1.717549e-01	1.760137e+00
766	2.150886e-01	3.739024e-01	2.299463e+00
767	1.814365e-01	6.709101e-01	2.943332e+00
770	4.421350e-01	2.784206e-01	1.634099e+00
771	3.683410e-01	2.411934e-01	2.033708e+00
774	5.424154e-01	3.958323e-01	2.382511e+00
775	3.227752e-01	2.183948e-01	1.186615e+00
779	6.061561e-01	1.430481e-01	2.059111e+00
780	3.371772e-01	8.355968e-02	2.211529e+00
781	3.999561e-01	2.368875e-01	1.969223e+00
783	4.244548e-01	2.124893e-01	2.660967e+00
784	3.107570e-01	1.989917e-01	1.264778e+00
786	1.735995e-01	2.658638e-01	2.458720e+00
787	4.369461e-01	1.845152e-01	2.456766e+00
789	2.986587e-01	3.443630e-01	1.259893e+00
790	3.459706e-01	9.890965e-02	2.648266e+00
792	2.897011e-01	3.112521e-01	2.183195e+00
796	3.643764e-01	2.253715e-01	1.929165e+00
798	2.973075e-01	2.841457e-01	2.224231e+00
800	3.785724e-01	1.407433e-01	1.419150e+00
801	3.677554e-01	3.041822e-01	1.386908e+00
803	3.707871e-01	2.406080e-01	1.537372e+00
804	4.591355e-01	2.019176e-01	2.935515e+00
805	5.876614e-01	2.730675e-01	1.399609e+00
806	3.108938e-01	2.846684e-01	2.243771e+00
807	3.022167e-01	2.132836e-01	2.256473e+00
809	4.577952e-01	4.219600e-01	1.851979e+00
810	3.626065e-01	2.023535e-01	1.418173e+00
811	2.385094e-01	3.441238e-01	1.005862e+00
812	2.911780e-01	4.678794e-01	1.509038e+00
813	3.654403e-01	2.798266e-01	1.317538e+00
814	3.909710e-01	2.883575e-01	1.980948e+00
815	4.196578e-01	1.454062e-01	2.222277e+00
816	2.194163e-01	4.274328e-01	2.837811e+00
817	3.812865e-01	2.336587e-01	2.277968e+00
818	3.870445e-01	3.018730e-01	2.452858e+00
820	3.665129e-01	3.776081e-01	1.611627e+00
821	4.397309e-01	3.459496e-01	1.969223e+00
822	3.537996e-01	2.094557e-01	1.106497e+00
823	5.521541e-01	2.722085e-01	1.281387e+00
824	2.594424e-01	3.145189e-01	2.533952e+00
825	4.221021e-01	2.283605e-01	1.889106e+00
827	3.925465e-01	3.672665e-01	2.298486e+00
829	5.058001e-01	2.048676e-01	2.571080e+00
831	2.572800e-01	1.798057e-01	2.940401e+00
832	2.882639e-01	3.118377e-01	1.401563e+00
833	2.961548e-01	2.181447e-01	2.862237e+00
835	3.279894e-01	3.667644e-01	2.241817e+00
836	4.647634e-01	3.971907e-01	2.984367e+00
837	3.025778e-01	3.238935e-01	2.499756e+00
838	3.190980e-01	2.676321e-01	1.435760e+00
839	1.745380e-01	3.886564e-01	2.121641e+00
841	3.570957e-01	2.784979e-01	2.920860e+00
842	4.747193e-01	2.543952e-01	1.905716e+00
843	3.518422e-01	2.421536e-01	1.081094e+00
844	4.083841e-01	3.406583e-01	1.834392e+00
845	2.878413e-01	3.353393e-01	2.002443e+00
846	3.071027e-01	2.750918e-01	1.444553e+00
847	2.420460e-01	2.828709e-01	1.358574e+00
848	3.887520e-01	3.071968e-01	1.159257e+00
849	2.773741e-01	2.651613e-01	1.700537e+00
850	4.099538e-01	2.124542e-01	2.943332e+00
851	5.954235e-01	5.161649e-01	1.835369e+00
855	2.960866e-01	3.265007e-01	1.556913e+00
856	3.475532e-01	2.750277e-01	2.148999e+00
857	3.704824e-01	2.543842e-01	2.275037e+00
858	4.502100e-01	1.191622e-01	2.697118e+00
859	2.948611e-01	3.021887e-01	1.516854e+00
864	3.233365e-01	3.136565e-01	2.787005e+00
865	3.737919e-01	3.022927e-01	2.812408e+00
866	2.643357e-01	4.482938e-01	1.940889e+00
867	4.406882e-01	3.170890e-01	2.656082e+00
868	3.130913e-01	2.266823e-01	1.982902e+00
869	1.830699e-01	2.439068e-01	2.681485e+00
870	3.302759e-01	1.555294e-01	1.810943e+00
872	9.329550e-01	1.170160e-01	1.715193e+00
877	5.756102e-01	2.258474e-01	2.221299e+00
881	2.390821e-01	2.748477e-01	2.234001e+00
883	3.509912e-01	1.210772e-01	1.553981e+00
884	5.969312e-01	2.198479e-01	1.560821e+00
885	4.728912e-01	3.141828e-01	2.672692e+00
886	3.419488e-01	3.127588e-01	1.471910e+00
888	2.217283e-01	2.804153e-01	2.205667e+00
889	3.919949e-01	2.372435e-01	2.599414e+00
890	9.389705e-01	1.015592e-01	2.873962e+00
891	2.053141e-01	2.874213e-01	2.733268e+00
893	1.587871e-01	3.112168e-01	1.432829e+00
894	3.164304e-01	3.939065e-01	1.474841e+00
897	4.793338e-01	3.971316e-01	1.455300e+00
898	2.025910e-01	3.824559e-01	1.036150e+00
899	3.968302e-01	2.947858e-01	1.672203e+00
900	3.927473e-01	2.265384e-01	2.243771e+00
905	5.769883e-01	5.652251e-02	2.315095e+00
907	6.791916e-01	4.943577e-01	1.438691e+00
908	5.738178e-01	2.836058e-01	1.001954e+00
909	2.590722e-01	3.336778e-01	1.146556e+00
911	5.763757e-01	5.416642e-02	2.471422e+00
912	1.858084e-01	1.585530e-01	2.209575e+00
914	3.858641e-01	2.596202e-01	1.936004e+00
915	6.132689e-01	3.458792e-01	2.843674e+00
916	3.591699e-01	2.259138e-01	1.057645e+00
917	2.694812e-01	4.224369e-01	2.896434e+00
918	3.339752e-01	1.902669e-01	2.112848e+00
919	4.011037e-01	2.175928e-01	2.553493e+00
921	4.072637e-01	3.231929e-01	1.271617e+00
922	3.135054e-01	3.275123e-01	2.916952e+00
923	4.438420e-01	3.671599e-01	1.081094e+00
924	5.042270e-01	5.235202e-01	2.581827e+00
925	4.598909e-01	4.101414e-01	1.394724e+00
926	3.232350e-01	1.450798e-01	1.289204e+00
927	3.965999e-01	2.734123e-01	1.961407e+00
929	5.736538e-01	2.196087e-01	1.743527e+00
930	4.483558e-01	2.216633e-01	2.718613e+00
931	3.528075e-01	2.365655e-01	1.908647e+00
932	4.170629e-01	1.835715e-01	1.399609e+00
933	4.452108e-01	3.138310e-01	2.980459e+00
934	2.698680e-01	5.162565e-01	2.603322e+00
935	3.700899e-01	4.285935e-01	2.267220e+00
936	2.752089e-01	1.726102e-01	1.400586e+00
937	3.441101e-01	3.097168e-01	2.249634e+00
938	3.416154e-01	1.722526e-01	1.248168e+00
939	3.301847e-01	2.985596e-01	1.234489e+00
940	3.489146e-01	2.818442e-01	2.559355e+00
941	3.003285e-01	2.981386e-01	2.848559e+00
942	4.010733e-01	2.385494e-01	1.495359e+00
943	5.149029e-01	2.734323e-01	2.346361e+00
944	2.245231e-01	2.234768e-01	1.812897e+00
945	4.181390e-01	3.577577e-01	2.016121e+00
946	3.489733e-01	2.402021e-01	1.676111e+00
947	2.584562e-01	3.485934e-01	1.307767e+00
948	3.903583e-01	3.029859e-01	1.727894e+00
949	2.527750e-01	1.377395e-01	1.587201e+00
950	4.507184e-01	4.248079e-01	2.820225e+00
951	1.348311e-01	8.061795e-02	2.234978e+00
952	1.219737e-01	1.737090e-01	2.393258e+00
953	3.194532e-01	2.499705e-01	1.537372e+00
954	3.848937e-01	2.980343e-01	2.814362e+00
955	3.371690e-01	2.335509e-01	2.472399e+00
956	3.867791e-01	2.643184e-01	2.402052e+00
957	4.919205e-01	2.004234e-01	2.220322e+00
958	3.877658e-01	2.759138e-01	1.127992e+00
959	3.777882e-01	3.231513e-01	1.184660e+00
960	3.130400e-01	2.048264e-01	1.655594e+00
961	3.633432e-01	2.741062e-01	2.473376e+00
962	4.088441e-01	1.549796e-01	2.125550e+00
964	6.224601e-01	1.799260e-01	1.067416e+00
965	3.599270e-01	2.017767e-01	1.183683e+00
966	4.103128e-01	2.830281e-01	1.849047e+00
967	3.572081e-01	2.950496e-01	1.107474e+00
968	5.752886e-01	1.246569e-01	2.902296e+00
969	3.497783e-01	2.715643e-01	2.884709e+00
970	3.240323e-01	4.025725e-01	2.418661e+00
971	3.813062e-01	2.678802e-01	2.088422e+00
972	4.588378e-01	3.722807e-01	1.675134e+00
973	5.677212e-01	2.443457e-01	1.717147e+00
974	4.892211e-01	4.483832e-01	1.874450e+00
975	2.719147e-01	4.777229e-01	2.744993e+00
976	6.191581e-01	3.595362e-01	1.101612e+00
977	3.260849e-01	3.350331e-01	1.860772e+00
978	3.638528e-01	2.148271e-01	1.997557e+00
979	2.994626e-01	3.613849e-01	2.080606e+00
980	4.171130e-01	1.828731e-01	1.262824e+00
981	4.132604e-01	1.692258e-01	1.952614e+00
982	3.994702e-01	2.213548e-01	1.681974e+00
983	3.649604e-01	2.806646e-01	2.354177e+00
984	3.526759e-01	4.999780e-01	2.705911e+00
985	4.035857e-01	3.239374e-01	1.297997e+00
986	3.701547e-01	2.898476e-01	1.593063e+00
987	3.448669e-01	2.576649e-01	2.944309e+00
988	3.157993e-01	2.220864e-01	2.695164e+00
989	3.612623e-01	2.413346e-01	1.071324e+00
990	4.094739e-01	3.339331e-01	2.562286e+00
991	3.748905e-01	4.287745e-01	1.097704e+00
992	3.335675e-01	2.635359e-01	2.033708e+00
993	6.025268e-01	7.559180e-02	1.891060e+00
994	3.278275e-01	2.889619e-01	1.226673e+00
995	3.310702e-01	2.900070e-01	2.096238e+00
996	2.973655e-01	2.039329e-01	2.234978e+00
997	5.657508e-01	3.558574e-01	2.601368e+00
998	6.068824e-01	2.262979e-01	2.107963e+00
999	3.921223e-01	1.891935e-01	1.499267e+00
1000	3.138850e-01	2.499818e-01	1.192477e+00
1001	4.507822e-01	3.482349e-01	2.937469e+00
1002	3.187059e-01	2.321718e-01	1.183683e+00
1003	4.798983e-01	2.138123e-01	1.053737e+00
1004	3.218897e-01	3.588642e-01	1.540303e+00
1005	4.060083e-01	3.240525e-01	1.446507e+00
1006	4.313114e-01	3.090255e-01	2.942355e+00
1007	3.320352e-01	3.379817e-01	2.766488e+00
1008	3.216229e-01	2.347293e-01	2.502687e+00
1009	3.014550e-01	2.383307e-01	2.005374e+00
1011	3.262775e-01	1.943723e-01	1.217880e+00
1012	2.734830e-01	1.106750e-01	1.148510e+00
1013	1.466225e-01	3.091486e-01	2.778212e+00
1014	3.237110e-01	2.854052e-01	1.774792e+00
1015	4.060363e-01	3.123270e-01	1.070347e+00
1016	2.276282e-01	3.268456e-01	2.073766e+00
1017	3.822776e-02	3.652883e-01	2.753786e+00
1018	3.224158e-01	2.925318e-01	2.888617e+00
1019	2.494207e-01	3.113591e-01	2.135320e+00
1020	3.885041e-01	3.842303e-01	2.933561e+00
1021	4.170502e-01	2.609918e-01	1.530532e+00
1022	5.681401e-01	1.989501e-01	1.125061e+00
1023	4.715395e-01	2.128243e-01	1.849047e+00
1024	4.561291e-01	2.254721e-01	1.952614e+00
1025	1.669006e-01	2.422311e-01	2.357108e+00
1026	4.181556e-01	3.412972e-01	2.956033e+00
1027	3.452706e-01	2.159459e-01	2.441133e+00
1028	3.367560e-01	2.127010e-01	2.395213e+00
1029	4.446144e-01	2.985157e-01	2.361993e+00
1030	3.120657e-01	1.586070e-01	2.494871e+00
1031	3.030360e-01	3.278175e-01	2.136297e+00
1032	3.748981e-01	2.496183e-01	2.439179e+00
1033	3.472804e-01	1.843742e-01	2.826087e+00
1034	4.377126e-01	2.805926e-01	1.697606e+00
1036	3.424628e-01	2.467143e-01	1.542257e+00
1037	8.130248e-01	5.991447e-01	1.505129e+00
1038	2.742371e-01	2.001907e-01	1.581339e+00
1039	3.852382e-01	2.888443e-01	1.295066e+00
1040	3.030857e-01	1.267304e-01	2.208598e+00
1041	3.681177e-01	2.992475e-01	2.112848e+00
1042	3.170792e-01	3.330364e-01	2.228139e+00
1043	3.800189e-01	2.270302e-01	2.269174e+00
1044	3.887759e-01	3.271201e-01	2.771373e+00
1045	3.694499e-01	3.018698e-01	1.791402e+00
1046	3.459155e-01	3.130697e-01	1.061553e+00
1047	3.836813e-01	3.815052e-01	2.832926e+00
1048	7.531867e-01	2.601264e-01	1.816805e+00
1049	3.573681e-01	3.476259e-01	1.827553e+00
1051	3.573753e-01	2.541503e-01	1.144602e+00
1052	4.358341e-01	2.359168e-01	1.867611e+00
1053	3.798855e-01	1.780897e-01	2.828041e+00
1055	2.778299e-01	5.725113e-02	1.981925e+00
1056	3.052269e-01	3.572638e-01	2.776258e+00
1057	4.543209e-01	3.451247e-01	1.376160e+00
1058	3.858981e-01	3.153623e-01	1.646800e+00
1059	3.171175e-01	2.758266e-01	2.625794e+00
1061	3.446748e-01	2.972137e-01	2.682462e+00
1063	2.885709e-01	3.815807e-01	2.836834e+00
1064	4.280721e-01	1.901841e-01	2.172447e+00
1065	3.042469e-01	2.937063e-01	1.674157e+00
1067	3.929601e-01	2.297750e-01	1.950660e+00
1068	4.343127e-01	1.251722e-01	2.468490e+00
1069	3.336427e-01	1.701821e-01	2.561309e+00
1070	3.253699e-01	3.679440e-01	1.900830e+00
1071	3.522134e-01	2.144222e-01	1.683928e+00
1072	3.888466e-01	2.685265e-01	1.636053e+00
1073	3.700872e-01	1.994853e-01	2.679531e+00
1074	3.551631e-01	2.861792e-01	1.704446e+00
1075	3.301917e-01	2.913793e-01	2.700049e+00
1076	3.226449e-01	2.372770e-01	2.720567e+00
1077	3.892058e-01	1.990651e-01	2.315095e+00
1078	4.151629e-01	3.279562e-01	1.895945e+00
1079	3.170313e-01	4.654081e-01	2.224231e+00
1080	3.561038e-01	3.466158e-01	2.815340e+00
1081	4.800542e-01	1.775485e-01	2.858329e+00
1082	3.045009e-01	3.310530e-01	1.717147e+00
1083	3.551038e-01	2.535491e-01	2.173425e+00
1084	3.199079e-01	3.084988e-01	2.585735e+00
1085	2.773085e-01	2.595558e-01	2.657059e+00
1086	3.587892e-01	2.033170e-01	2.276991e+00
1087	4.082153e-01	3.073543e-01	2.162677e+00
1089	1.914409e-01	4.129343e-01	2.195896e+00
1090	3.818641e-01	3.106031e-01	1.145579e+00
1091	2.918061e-01	7.268998e-01	2.082560e+00
1092	1.035231e-01	3.558156e-01	1.276502e+00
1094	2.540027e-01	3.071083e-01	2.548608e+00
1095	3.789938e-01	2.893372e-01	2.239863e+00
1096	3.604435e-01	3.402082e-01	2.051295e+00
1097	3.505146e-01	2.899260e-01	1.422081e+00
1099	3.511952e-01	2.741805e-01	2.954079e+00
1100	4.468396e-01	2.838863e-01	1.329262e+00
1101	3.685383e-01	2.926487e-01	2.976551e+00
1102	3.403844e-01	2.992724e-01	2.951148e+00
1103	4.479758e-01	2.372659e-01	2.518319e+00
1104	3.522641e-01	2.063969e-01	2.981436e+00
1105	2.909693e-01	3.385320e-01	2.454812e+00
1106	3.917558e-01	3.484676e-01	2.609184e+00
1107	3.604525e-01	1.810852e-01	2.993161e+00
1108	3.389629e-01	3.253534e-01	1.934050e+00
1110	3.481998e-01	2.585286e-01	2.075721e+00
1112	5.023569e-01	4.111844e-01	2.393258e+00
1113	3.252124e-01	2.906538e-01	2.895457e+00
1114	3.359364e-01	2.754503e-01	2.862237e+00
1116	4.391243e-01	1.432575e-01	2.458720e+00
1117	1.935484e-01	3.419287e-01	2.796776e+00
1118	4.552778e-01	2.196176e-01	2.902296e+00
1119	2.462533e-01	2.912017e-01	1.758183e+00
1121	3.903540e-01	2.954221e-01	1.007816e+00
1122	4.040762e-01	2.104362e-01	1.749389e+00
1123	1.895393e-01	3.536813e-01	2.521251e+00
1124	3.839696e-01	2.855643e-01	2.923791e+00
1125	8.856423e-03	9.521645e-02	1.164143e+00
1126	3.274043e-01	1.942014e-01	1.873473e+00
1127	3.221642e-01	3.724194e-01	2.126527e+00
1128	2.871219e-01	2.536130e-01	1.273571e+00
1129	3.189530e-01	2.657088e-01	2.563263e+00
1130	4.330395e-01	2.105242e-01	1.869565e+00
1131	3.555854e-01	2.774506e-01	1.325354e+00
1132	3.692665e-01	2.639376e-01	2.111871e+00
1133	3.385866e-01	3.210044e-01	2.736199e+00
1134	3.851268e-01	2.113894e-01	2.436248e+00
1135	3.661562e-01	2.866335e-01	1.894968e+00
1136	1.879173e-01	2.036373e-01	1.706400e+00
1137	5.163514e-01	2.890049e-01	2.099170e+00
1138	3.553455e-01	3.764657e-01	1.904739e+00
1139	3.416801e-01	2.732668e-01	2.138251e+00
1140	3.905595e-01	1.825774e-02	2.196873e+00
1141	3.557025e-01	2.669253e-01	2.827064e+00
1142	3.429534e-01	1.222916e-01	2.310210e+00
1143	3.685439e-01	2.322236e-01	1.335125e+00
1144	4.536227e-01	2.262458e-01	2.974597e+00
1145	3.650286e-01	2.825519e-01	2.719590e+00
1146	4.529067e-01	1.695848e-01	1.246214e+00
1147	5.847430e-01	3.413230e-01	2.170493e+00
1148	3.504928e-01	2.559200e-01	1.166097e+00
1149	2.369283e-01	2.185378e-01	1.371275e+00
1150	3.411181e-01	2.832899e-01	2.399121e+00
1152	4.191161e-01	2.877427e-01	1.170005e+00
1153	4.299530e-01	2.058475e-01	2.560332e+00
1154	3.028487e-01	2.552175e-01	1.782609e+00
1155	4.408464e-01	4.897663e-01	2.902296e+00
1156	3.381240e-01	2.569829e-01	3.000000e+00
1157	2.371515e-01	2.477124e-01	1.047875e+00
1159	3.443569e-01	4.461758e-01	1.893014e+00
1160	3.862074e-01	3.165115e-01	1.280410e+00
1162	3.734488e-01	2.941751e-01	1.655594e+00
1163	3.608433e-01	2.862495e-01	2.885686e+00
1164	5.648785e-01	1.577739e-01	2.573034e+00
1166	2.874624e-01	4.080168e-01	2.524182e+00
1167	3.237254e-01	2.825035e-01	2.076698e+00
1168	3.305345e-01	3.058222e-01	2.651197e+00
1169	3.439586e-01	2.528503e-01	1.767953e+00
1171	3.866371e-01	2.494209e-01	1.411334e+00
1174	4.362321e-01	2.096480e-01	1.842208e+00
1175	3.685447e-01	2.505651e-01	2.734245e+00
1176	5.732250e-01	4.099074e-01	1.146556e+00
1177	3.926506e-01	2.208348e-01	2.650220e+00
1178	3.613641e-01	1.743488e-01	2.899365e+00
1179	2.951920e-01	2.503088e-01	2.624817e+00
1180	3.083546e-01	2.350979e-01	2.791891e+00
1181	2.638598e-01	3.058992e-01	1.443576e+00
1184	3.716841e-01	3.090815e-01	1.156326e+00
1185	3.298174e-01	3.090696e-01	2.619932e+00
1186	4.672672e-01	2.454689e-01	1.445530e+00
1187	3.400451e-01	3.757427e-01	1.825598e+00
1188	3.806275e-01	2.688426e-01	1.490474e+00
1189	3.753759e-01	2.117953e-01	2.922814e+00
1191	2.712297e-01	2.507577e-01	1.455300e+00
1192	3.796208e-01	3.486514e-01	1.888129e+00
1193	3.399177e-01	8.746846e-02	2.954079e+00
1194	3.697104e-01	2.964102e-01	2.640449e+00
1195	2.968356e-01	1.548727e-01	1.257938e+00
1196	3.508721e-01	2.113505e-01	2.626771e+00
1197	2.307794e-01	2.383016e-01	1.746458e+00
1198	3.588571e-01	3.094294e-01	1.221788e+00
1199	5.435491e-01	1.296011e-01	1.347826e+00
1200	2.505635e-01	1.145204e-01	2.531021e+00
1201	3.008680e-01	3.064863e-01	2.870054e+00
1202	3.145492e-01	3.021934e-01	3.000000e+00
1203	5.553442e-01	3.128553e-01	1.818759e+00
1204	2.652880e-01	2.248243e-01	1.163166e+00
1205	3.801308e-01	1.284550e-02	2.823156e+00
1206	3.846464e-01	2.655585e-01	1.397655e+00
1207	3.153374e-01	2.954432e-01	1.317538e+00
1208	3.363413e-01	2.313335e-01	1.383000e+00
1210	2.360417e-01	3.418389e-01	2.850513e+00
1211	4.080528e-01	3.880258e-01	2.454812e+00
1212	2.015310e-01	1.974255e-01	2.031754e+00
1213	4.020817e-01	2.797535e-01	1.637030e+00
1214	4.041479e-01	2.332371e-01	2.955056e+00
1215	4.076934e-01	2.800445e-01	2.632633e+00
1216	4.001926e-01	1.813781e-01	1.953591e+00
1217	3.560334e-01	2.804073e-01	2.460674e+00
1218	2.959560e-01	5.429201e-01	1.196385e+00
1220	2.814291e-01	3.049585e-01	2.021006e+00
1221	3.609137e-01	7.632142e-01	2.527113e+00
1222	3.616529e-01	9.648400e-02	2.543723e+00
1223	2.408472e-01	1.161429e-01	1.703468e+00
1224	3.618521e-01	3.583344e-01	1.115291e+00
1226	2.858689e-01	2.086648e-01	2.105032e+00
1227	3.772114e-01	3.322196e-01	2.441133e+00
1228	3.231909e-01	2.916427e-01	2.604299e+00
1229	3.457782e-01	3.663380e-01	2.390327e+00
1230	4.530853e-01	2.068767e-01	2.063996e+00
1231	3.142219e-01	2.909131e-01	2.043478e+00
1232	4.093774e-01	2.221881e-01	1.523693e+00
1233	3.769754e-01	2.362012e-01	1.969223e+00
1234	6.650800e-01	6.189152e-01	1.782609e+00
1235	2.855198e-01	2.556539e-01	2.079629e+00
1236	4.909866e-01	1.505699e-01	2.675623e+00
1237	2.591493e-01	2.699349e-01	2.221299e+00
1238	2.926830e-01	1.270081e-01	1.449438e+00
1239	3.017182e-01	2.894423e-01	2.145090e+00
1240	1.286393e-01	4.528894e-01	1.699560e+00
1241	3.959448e-01	3.344843e-01	1.530532e+00
1242	4.560662e-01	2.189073e-01	1.497313e+00
1243	4.426820e-01	2.252721e-01	2.941378e+00
1244	3.473240e-01	3.551574e-01	1.049829e+00
1245	1.244263e-01	8.383816e-02	2.659013e+00
1246	4.381397e-01	1.967674e-01	1.352711e+00
1247	4.384161e-01	4.109228e-01	2.130435e+00
1248	4.112521e-01	3.129282e-01	2.205667e+00
1249	3.159424e-01	3.559479e-01	2.596483e+00
1250	3.467820e-01	3.772128e-01	1.509038e+00
1251	6.650101e-01	3.510369e-03	2.791891e+00
1252	3.939583e-01	2.695038e-01	2.280899e+00
1253	3.427951e-01	3.020608e-01	2.403029e+00
1254	4.911248e-01	3.262628e-01	1.936981e+00
1255	3.185711e-01	4.481921e-01	1.296043e+00
1256	5.214460e-01	2.576175e-01	2.641426e+00
1257	3.110040e-01	2.046855e-01	2.440156e+00
1258	3.501650e-01	2.366619e-01	1.798241e+00
1261	3.967057e-01	3.000872e-01	2.961895e+00
1262	3.488929e-01	2.468408e-01	1.598925e+00
1263	2.828048e-01	2.940100e-01	2.942355e+00
1264	3.070994e-01	3.121323e-01	2.190034e+00
1266	3.465908e-01	1.735444e-01	1.212995e+00
1267	3.333790e-01	2.821275e-01	2.884709e+00
1268	3.699333e-01	2.973976e-01	1.595017e+00
1269	3.243041e-01	1.463057e-01	2.224231e+00
1270	3.230659e-01	2.915316e-01	2.834880e+00
1274	4.675210e-01	3.761597e-01	2.989253e+00
1275	3.629427e-01	3.275302e-01	2.994138e+00
1277	4.354315e-01	2.384895e-01	2.765511e+00
1278	4.303344e-01	2.485480e-01	2.046409e+00
1279	3.405954e-01	2.467833e-01	1.152418e+00
1280	1.345525e-01	1.923690e-01	2.244748e+00
1281	3.422134e-01	2.718927e-01	2.935515e+00
1282	3.800864e-01	2.363720e-01	2.528090e+00
1283	6.211296e-01	2.023432e-02	1.950660e+00
1284	1.640721e-01	8.822988e-02	2.106009e+00
1285	3.581580e-01	2.973008e-01	2.655105e+00
1286	4.117078e-01	3.473586e-01	2.695164e+00
1288	3.287306e-01	3.025157e-01	2.430386e+00
1289	2.055787e-01	3.962849e-02	2.187103e+00
1290	3.987782e-01	3.293194e-01	2.880801e+00
1291	4.138884e-01	2.274727e-01	1.118222e+00
1293	4.538112e-01	2.057214e-01	2.978505e+00
1294	3.587750e-01	1.574527e-01	2.590620e+00
1295	4.617337e-01	1.487769e-01	1.416219e+00
1297	5.191567e-01	5.820291e-02	1.291158e+00
1298	3.000288e-01	2.034647e-01	1.170005e+00
1299	3.225259e-01	2.335369e-01	2.727406e+00
1300	3.558707e-01	2.598185e-01	2.416707e+00
1301	3.986230e-01	1.729398e-01	1.214949e+00
1303	3.466171e-01	2.980347e-01	2.152907e+00
1304	4.006830e-01	3.366762e-01	1.657548e+00
1305	4.445931e-01	3.832372e-01	2.051295e+00
1306	3.407310e-01	3.123714e-01	2.519297e+00
1307	3.498134e-01	2.601162e-01	1.166097e+00
1308	4.322642e-01	2.654976e-01	2.053249e+00
1309	1.288582e-01	1.062138e-01	1.833415e+00
1310	3.038839e-01	3.123663e-01	1.275525e+00
1311	4.064734e-01	2.372319e-01	2.477284e+00
1312	3.635737e-01	5.822131e-02	2.601368e+00
1313	4.027759e-01	3.237916e-01	2.955056e+00
1314	4.213779e-01	2.584536e-01	2.009282e+00
1315	4.681092e-01	2.558144e-01	2.046409e+00
1316	3.784372e-01	3.170241e-01	2.063019e+00
1317	3.327310e-01	3.201897e-01	2.537860e+00
1318	3.317593e-01	1.901772e-01	2.890572e+00
1319	3.895267e-01	2.101187e-01	1.899853e+00
1321	2.848442e-01	2.315096e-01	2.084514e+00
1322	3.899892e-01	3.961522e-01	2.120664e+00
1323	4.112337e-01	2.279844e-01	2.201759e+00
1324	5.036238e-01	3.691786e-01	2.396190e+00
1325	3.989303e-01	3.663352e-01	1.815828e+00
1326	3.146113e-02	3.858105e-01	2.284807e+00
1327	3.484018e-01	3.151753e-01	1.021495e+00
1328	6.250166e-01	4.385030e-01	1.059599e+00
1329	2.911291e-01	3.619761e-01	1.655594e+00
1330	3.653951e-01	2.222218e-01	2.658036e+00
1331	3.379258e-01	2.142485e-01	2.494871e+00
1332	4.105202e-01	1.510370e-01	1.962384e+00
1333	3.606161e-01	2.857565e-01	2.987298e+00
1334	3.653015e-01	1.843365e-01	2.722521e+00
1335	2.857994e-01	3.900911e-01	2.400098e+00
1336	3.592487e-01	2.805112e-01	1.836346e+00
1338	3.744259e-01	3.196685e-01	2.736199e+00
1339	4.497352e-01	3.037247e-01	1.128969e+00
1340	3.270014e-01	3.462444e-01	1.536395e+00
1341	3.734272e-01	1.734224e-01	1.802149e+00
1342	3.201530e-01	2.099821e-01	2.236932e+00
1343	3.957987e-01	3.457170e-01	1.706400e+00
1344	3.644999e-01	3.401216e-01	1.800195e+00
1345	3.530485e-01	2.078284e-01	1.365413e+00
1346	3.425741e-01	2.681277e-01	2.063996e+00
1347	4.225750e-01	1.425753e-01	2.178310e+00
1349	3.872250e-01	2.586861e-01	1.878359e+00
1350	3.506759e-01	3.594873e-01	1.049829e+00
1351	4.385788e-01	3.621253e-01	2.364924e+00
1352	3.482528e-01	2.482079e-01	1.763068e+00
1353	3.392332e-01	3.959557e-01	1.843185e+00
1354	2.681525e-01	2.208972e-01	2.164631e+00
1355	2.917773e-01	3.234294e-01	2.629702e+00
1356	4.921500e-01	2.099797e-01	2.917929e+00
1357	3.948766e-01	2.410174e-01	2.522228e+00
1359	2.484519e-01	1.935820e-01	1.450415e+00
1361	3.792769e-01	2.393402e-01	1.512946e+00
1362	3.375636e-01	3.432255e-01	1.676111e+00
1364	4.004740e-01	2.517844e-01	1.855887e+00
1365	3.382358e-01	2.566270e-01	1.180752e+00
1366	3.747927e-01	3.086795e-01	2.835857e+00
1367	4.458361e-01	2.306619e-01	2.792868e+00
1369	4.449640e-01	2.738748e-01	2.096238e+00
1370	5.820955e-01	4.020182e-01	2.609184e+00
1371	2.032239e-01	3.299829e-01	2.073766e+00
1372	3.825761e-01	2.771322e-01	2.155838e+00
1375	6.406887e-01	2.801831e-01	1.465071e+00
1376	4.139820e-01	2.689338e-01	2.947240e+00
1377	3.870234e-01	1.714843e-01	2.064973e+00
1378	3.727769e-01	3.148337e-01	1.668295e+00
1379	3.872729e-01	2.219450e-01	1.189546e+00
1380	3.373046e-01	3.261524e-01	2.301417e+00
1383	2.826928e-01	5.332801e-01	2.735222e+00
1384	3.263599e-01	2.628880e-01	1.857841e+00
1385	3.340112e-01	2.822208e-01	2.497802e+00
1386	4.272466e-01	3.106885e-01	2.556424e+00
1387	3.448539e-01	2.020537e-01	2.993161e+00
1388	2.240472e-01	3.426632e-01	2.166585e+00
1389	3.334499e-01	2.787883e-01	2.121641e+00
1390	3.786592e-01	3.366590e-01	2.803615e+00
1391	3.025205e-01	2.382220e-01	1.400586e+00
1392	3.973763e-01	2.434024e-01	1.563752e+00
1393	4.094215e-01	3.327109e-01	1.372252e+00
1396	2.604226e-01	2.627566e-01	1.933073e+00
1397	5.261623e-01	5.102018e-01	2.647289e+00
1398	3.158776e-01	2.949692e-01	2.408891e+00
1399	4.086442e-01	3.164082e-01	1.973131e+00
1400	3.275156e-01	2.877966e-01	1.211041e+00
1402	3.712723e-01	2.715895e-01	2.040547e+00
1403	3.043531e-01	2.095308e-01	1.478749e+00
1404	4.334675e-01	1.204080e-01	2.397167e+00
1405	4.578718e-01	1.619835e-01	1.195408e+00
1406	5.655875e-01	5.558814e-01	2.187103e+00
1408	3.663749e-01	2.794250e-01	1.061553e+00
1409	3.670634e-01	2.394600e-01	1.982902e+00
1410	3.569040e-01	1.270706e-01	2.885686e+00
1411	3.348063e-01	2.852526e-01	2.782120e+00
1412	3.706951e-01	2.951682e-01	1.925256e+00
1413	3.725947e-01	4.333127e-01	2.667807e+00
1414	3.763919e-01	2.726108e-01	1.808989e+00
1415	3.798538e-01	3.972760e-01	1.599902e+00
1416	4.001420e-01	2.966308e-01	2.109917e+00
1417	3.926522e-01	2.045538e-01	1.787494e+00
1418	5.414142e-01	3.384087e-01	1.056668e+00
1419	2.721979e-01	2.745055e-01	1.356619e+00
1420	3.802043e-01	2.820020e-01	1.866634e+00
1421	3.404190e-01	2.164468e-01	1.653639e+00
1422	3.852888e-01	4.384941e-01	2.148021e+00
1423	3.163862e-01	3.373593e-01	2.803615e+00
1425	4.432029e-01	2.829675e-01	1.481681e+00
1426	4.615606e-01	5.310309e-01	1.525647e+00
1428	4.666251e-01	2.213713e-01	2.692233e+00
1429	3.564098e-01	3.271941e-01	2.785051e+00
1432	3.986161e-01	7.329288e-01	2.716659e+00
1433	3.415500e-01	2.422868e-01	2.196873e+00
1434	2.398362e-01	3.438346e-01	2.574988e+00
1435	3.701227e-01	2.743248e-01	2.226185e+00
1436	4.308163e-01	1.990574e-01	1.104543e+00
1437	3.217402e-01	3.039426e-01	1.493405e+00
1439	3.412479e-01	2.417336e-01	1.462140e+00
1441	3.937425e-01	4.322032e-01	2.223254e+00
1442	4.216855e-01	2.718407e-01	2.207621e+00
1443	3.715562e-01	3.832654e-01	2.059111e+00
1444	4.671987e-01	2.221249e-01	1.150464e+00
1445	4.662343e-01	1.506161e-01	2.399121e+00
1446	3.273772e-01	3.590672e-01	2.227162e+00
1447	2.885287e-01	3.753610e-01	2.134343e+00
1448	1.844493e-01	1.100366e-01	2.229116e+00
1449	3.837951e-01	2.236981e-01	1.715193e+00
1450	6.442989e-01	6.099772e-02	2.883732e+00
1451	3.613299e-01	1.846369e-01	2.244748e+00
1452	3.307414e-01	2.435905e-01	2.822179e+00
1453	3.635228e-01	2.417685e-01	2.239863e+00
1454	1.189413e-01	1.044308e-01	1.034196e+00
1455	3.857948e-01	2.636791e-01	2.716659e+00
1456	3.439624e-01	4.089888e-01	1.645823e+00
1457	2.707315e-01	3.777298e-01	1.725940e+00
1458	4.307795e-01	2.480987e-01	2.791891e+00
1459	3.878862e-01	2.248383e-01	1.751343e+00
1460	5.355556e-01	1.700777e-01	1.628236e+00
1461	3.973175e-01	3.205940e-01	1.029311e+00
1462	3.453444e-01	2.486971e-01	2.070835e+00
1463	2.162836e-01	4.953897e-01	1.798241e+00
1464	4.249915e-01	1.567538e-01	2.493894e+00
1465	3.471835e-01	2.352861e-01	2.102101e+00
1466	3.520534e-01	1.632597e-01	2.455789e+00
1467	4.541359e-01	2.589309e-01	2.363947e+00
1468	1.650509e-01	3.107285e-01	1.084025e+00
1469	4.627816e-01	2.544244e-01	1.581339e+00
1472	4.840324e-01	2.125743e-01	2.235955e+00
1473	3.572459e-01	3.334581e-01	1.804104e+00
1474	2.656018e-01	5.885393e-01	2.747924e+00
1475	3.561492e-01	2.746100e-01	1.969223e+00
1476	3.233637e-01	2.838940e-01	2.706888e+00
1477	4.806255e-01	1.172379e-01	1.231558e+00
1479	3.743330e-01	8.503905e-02	2.075721e+00
1480	5.261135e-01	1.818853e-01	1.543234e+00
1481	2.684439e-01	2.033803e-01	2.030777e+00
1482	3.466359e-01	2.901128e-01	1.523693e+00
1484	3.600219e-01	2.872188e-01	1.997557e+00
1485	1.985388e-01	4.345440e-01	1.725940e+00
1486	4.440780e-01	1.664963e-01	1.153395e+00
1487	4.212599e-01	2.119589e-01	1.253053e+00
1488	3.715360e-01	4.156141e-01	2.925745e+00
1489	4.067547e-01	4.355285e-01	1.417196e+00
1490	4.855510e-01	2.173914e-01	1.613581e+00
1491	3.214233e-01	9.864747e-02	1.047875e+00
1492	3.615249e-01	2.659742e-01	1.384954e+00
1495	4.131837e-01	3.451029e-01	1.201270e+00
1496	3.716830e-01	2.453301e-01	1.347826e+00
1497	4.044843e-01	1.355035e-01	2.852467e+00
1499	4.673046e-01	4.495131e-01	2.479238e+00
1500	3.948111e-01	3.696215e-01	1.982902e+00
1501	3.797811e-01	2.606479e-01	2.925745e+00
1502	5.794621e-01	8.734172e-03	1.167074e+00
1505	3.609519e-01	5.804668e-01	2.765511e+00
1506	3.756940e-01	2.627550e-01	1.329262e+00
1507	5.703880e-01	2.263319e-01	1.169028e+00
1508	2.608505e-01	1.735310e-01	1.092819e+00
1509	3.547045e-01	2.978758e-01	2.261358e+00
1510	2.737106e-01	2.070927e-01	2.436248e+00
1511	3.859409e-01	3.144015e-01	2.255496e+00
1512	3.573442e-01	3.151451e-01	1.693698e+00
1513	6.864534e-01	2.348232e-01	1.655594e+00
1515	3.849408e-01	2.584679e-01	1.942843e+00
1516	4.879717e-01	3.027988e-01	1.339033e+00
1519	5.770762e-01	3.612875e-02	1.598925e+00
1520	4.029398e-01	2.416713e-01	2.823156e+00
1521	4.094370e-01	2.230769e-01	1.132877e+00
1522	4.387202e-01	3.253698e-01	1.176844e+00
1524	4.058458e-01	2.089374e-01	2.567171e+00
1526	5.101807e-01	1.695990e-01	2.589643e+00
1527	4.439315e-01	4.214302e-01	1.785540e+00
1528	4.063847e-01	2.161309e-01	1.034196e+00
1529	2.880529e-01	2.647928e-01	1.602833e+00
1531	2.696761e-01	9.664586e-02	2.484123e+00
1532	4.012152e-01	2.831210e-01	1.414265e+00
1533	3.694842e-01	2.828637e-01	1.421104e+00
1534	3.034823e-01	3.249705e-01	1.716170e+00
1535	3.669035e-01	2.503795e-01	2.744993e+00
1537	3.747863e-01	2.243692e-01	1.691744e+00
1538	3.873511e-01	1.568786e-01	1.178798e+00
1539	4.872152e-01	2.760910e-01	2.830972e+00
1540	3.643018e-01	2.526987e-01	2.686370e+00
1541	2.991663e-01	3.002656e-01	1.747435e+00
1542	4.524173e-01	2.947802e-01	1.429897e+00
1543	3.554122e-01	2.143155e-01	2.558378e+00
1545	3.658673e-01	3.080786e-01	1.731803e+00
1548	3.579302e-01	2.882916e-01	1.051783e+00
1549	1.010600e-01	3.085383e-01	2.582804e+00
1550	7.563434e-01	5.608849e-01	2.906204e+00
1551	2.688783e-01	3.531690e-01	2.308256e+00
1552	5.904479e-01	7.373938e-02	2.203713e+00
1553	3.765789e-01	2.676116e-01	1.851001e+00
1554	4.346502e-01	2.537860e-01	2.557401e+00
1555	1.739393e-01	2.173457e-01	2.127504e+00
1556	7.716468e-01	3.042666e-01	1.183683e+00
1557	3.814637e-01	2.865531e-01	1.517831e+00
1558	5.131482e-01	6.257800e-02	2.406937e+00
1559	3.134394e-01	2.796521e-01	2.077675e+00
1561	3.334012e-01	3.366808e-01	1.929165e+00
1562	3.454948e-01	2.679082e-01	1.023449e+00
1563	3.426623e-01	3.215034e-01	1.064485e+00
1565	3.483785e-01	2.863026e-01	1.845139e+00
1567	3.568073e-01	2.486981e-01	2.472399e+00
1568	3.931970e-01	1.852938e-01	1.151441e+00
1569	3.851265e-01	2.812556e-01	2.558378e+00
1570	9.549628e-02	4.402569e-01	2.004397e+00
1572	3.339443e-01	4.780785e-01	1.558867e+00
1573	3.596230e-01	2.734206e-01	2.801661e+00
1574	3.845642e-01	2.798966e-01	2.544700e+00
1575	3.844395e-01	1.681149e-01	1.345872e+00
1576	3.969391e-01	2.751526e-01	1.686859e+00
1577	3.485835e-01	3.172018e-01	2.725452e+00
1579	3.445074e-01	1.780434e-01	1.786517e+00
1580	5.627150e-01	2.597599e-01	2.437225e+00
1581	4.049693e-01	2.097482e-01	2.128481e+00
1584	3.665236e-01	2.526164e-01	1.923302e+00
1586	3.081959e-01	3.022679e-01	1.829507e+00
1587	1.545544e-01	4.506624e-01	2.114802e+00
1588	3.933118e-01	2.676890e-01	1.063508e+00
1589	4.217042e-01	1.695782e-01	2.355154e+00
1590	3.589998e-01	2.808286e-01	2.793845e+00
1591	7.921524e-01	1.688140e-01	2.389350e+00
1593	3.223146e-01	2.881203e-01	2.190034e+00
1594	5.575113e-02	4.609824e-01	1.904739e+00
1595	3.701184e-01	2.061156e-01	1.589155e+00
1596	4.175585e-01	3.232366e-01	2.608207e+00
1597	3.819619e-01	2.598559e-01	1.751343e+00
1598	3.744564e-01	2.730999e-01	1.317538e+00
1599	3.581587e-01	3.305530e-01	2.326820e+00
1600	3.302216e-01	2.508037e-02	2.483146e+00
1601	6.090536e-01	2.557877e-01	2.167562e+00
1602	3.718970e-01	2.447879e-01	2.565217e+00
1603	3.439919e-01	3.093011e-01	2.701026e+00
1604	3.194220e-01	2.979450e-01	2.196873e+00
1605	4.472038e-01	3.435090e-01	2.236932e+00
1606	4.640839e-01	2.367400e-01	1.756229e+00
1607	5.565853e-01	1.964414e-01	2.469468e+00
1608	5.808192e-01	1.768449e-01	2.740107e+00
1609	5.502827e-01	2.074548e-01	2.376649e+00
1610	2.475954e-01	4.958253e-01	1.635076e+00
1611	3.361701e-01	2.816559e-01	1.985833e+00
1612	3.456139e-01	2.757335e-01	2.683439e+00
1613	3.745172e-01	2.674499e-01	2.635564e+00
1615	4.232010e-01	2.861122e-01	2.240840e+00
1616	5.345329e-01	1.358870e-01	2.932584e+00
1618	3.899665e-01	2.567237e-01	1.688813e+00
1620	3.552731e-01	1.964259e-01	2.625794e+00
1621	3.390994e-01	2.601732e-01	1.874450e+00
1623	3.499104e-01	2.533919e-01	1.112360e+00
1624	4.124309e-01	2.080560e-01	2.001466e+00
1625	2.752343e-01	3.327369e-01	2.370787e+00
1626	3.623607e-01	1.689238e-01	2.454812e+00
1627	3.926303e-01	2.584528e-01	2.880801e+00
1629	3.682009e-01	1.869137e-01	2.137274e+00
1630	2.717156e-01	3.627665e-01	1.475818e+00
1633	1.520633e-01	4.234271e-01	2.905227e+00
1634	3.775148e-01	2.556780e-01	2.163654e+00
1635	3.482844e-01	2.859415e-01	2.358085e+00
1637	4.211455e-01	1.345987e-01	2.169516e+00
1638	3.926145e-01	2.418468e-01	1.574499e+00
1639	2.294189e-01	1.456968e-01	2.104055e+00
1640	3.574409e-01	2.936149e-01	1.770884e+00
1641	1.514854e-01	5.459565e-01	2.212506e+00
1642	3.037682e-02	4.627895e-01	1.830484e+00
1643	4.356998e-01	2.424399e-01	2.361993e+00
1644	3.823951e-01	3.361997e-01	1.606742e+00
1646	3.845249e-01	2.802798e-01	1.875427e+00
1647	3.576947e-01	2.728046e-01	2.490962e+00
1648	3.772665e-01	2.552037e-01	1.409380e+00
1649	3.779388e-01	3.070257e-01	2.132389e+00
1652	3.686582e-01	2.532365e-01	1.721055e+00
1653	3.876385e-01	2.622690e-01	1.192477e+00
1654	3.728140e-01	2.896722e-01	1.812897e+00
1655	2.989311e-01	2.380192e-01	1.871519e+00
1656	4.028967e-01	2.575398e-01	2.771373e+00
1657	2.925748e-01	2.266059e-01	2.809477e+00
1658	4.502593e-01	1.359085e-01	2.176356e+00
1659	2.242541e-01	5.062678e-01	2.525159e+00
1660	4.160725e-01	4.432186e-01	2.669761e+00
1661	3.832923e-01	2.029161e-01	1.865657e+00
1664	4.035254e-01	3.293083e-01	2.751832e+00
1665	2.663924e-01	2.474320e-01	2.413776e+00
1666	3.898796e-01	1.412731e-01	2.827064e+00
1667	2.741314e-01	3.288311e-01	2.991207e+00
1669	3.292003e-01	2.479984e-01	2.843674e+00
1670	3.554619e-01	2.834718e-01	2.480215e+00
1672	3.336162e-01	3.498938e-01	1.798241e+00
1673	3.798634e-01	2.452839e-01	2.852467e+00
1675	3.534161e-01	2.578555e-01	2.756717e+00
1679	3.295676e-01	5.273171e-01	1.263801e+00
1681	4.392066e-02	5.246456e-01	1.905716e+00
1682	3.701465e-01	1.615739e-01	2.451881e+00
1688	4.628964e-01	1.963008e-01	1.087934e+00
1689	3.184789e-02	4.465587e-01	1.141671e+00
1691	3.265337e-01	2.711190e-01	2.122618e+00
1692	2.386251e-01	2.785490e-01	1.519785e+00
1693	3.152112e-01	2.055933e-01	1.455300e+00
1694	3.581362e-01	2.996472e-01	2.119687e+00
1695	3.190902e-01	2.776419e-01	1.228627e+00
1696	3.732904e-01	2.680433e-01	1.396678e+00
1697	3.402300e-01	2.702752e-01	2.823156e+00
1698	3.937653e-01	1.277923e-01	1.030288e+00
1699	3.433043e-01	2.390000e-01	1.604787e+00
1700	3.484760e-01	8.264757e-02	2.290669e+00
1701	4.940032e-01	1.977348e-01	2.669761e+00
1703	3.383584e-01	2.792802e-01	1.828530e+00
1704	3.627376e-01	1.982904e-01	2.141182e+00
1705	3.571551e-01	2.895825e-01	1.916463e+00
1706	4.043943e-01	2.085954e-01	1.868588e+00
1707	3.514873e-01	3.160743e-01	1.210064e+00
1708	4.255168e-01	2.795258e-01	1.056668e+00
1710	4.053401e-01	5.147076e-01	2.385442e+00
1711	3.876806e-01	3.314415e-01	1.733757e+00
1712	4.199087e-01	2.842992e-01	1.249145e+00
1714	3.620413e-01	2.962278e-01	2.191011e+00
1715	4.008587e-01	2.744124e-01	2.391304e+00
1717	4.226596e-01	4.146183e-01	2.142159e+00
1718	3.346185e-01	2.659137e-01	1.539326e+00
1719	3.281132e-01	3.622631e-01	2.917929e+00
1722	3.685884e-01	2.897941e-01	1.871519e+00
1723	3.724022e-01	2.374907e-01	2.197851e+00
1725	3.536836e-01	3.224846e-01	1.103566e+00
1726	3.779594e-01	2.842057e-01	2.199805e+00
1727	3.368258e-01	2.534004e-01	2.901319e+00
1728	3.870172e-01	4.253113e-01	2.394235e+00
1729	4.976321e-01	2.473674e-01	2.729360e+00
1731	4.066401e-01	3.603073e-02	2.066927e+00
1732	3.422223e-01	1.806362e-01	1.179775e+00
1733	3.364194e-01	2.220332e-01	2.250611e+00
1735	2.904112e-01	2.393057e-01	1.398632e+00
1736	4.635017e-01	6.348667e-01	1.000000e+00
1737	3.976378e-01	2.823105e-01	1.929165e+00
1738	3.381507e-01	2.895253e-01	1.326331e+00
1739	3.623146e-01	2.497842e-01	2.799707e+00
1740	5.197859e-01	6.688899e-02	1.210064e+00
1742	1.806664e-01	4.115570e-01	1.741573e+00
1743	3.304694e-01	1.877614e-01	1.858818e+00
1744	3.708947e-01	2.321258e-01	1.612604e+00
1745	3.022045e-01	3.470538e-01	1.720078e+00
1746	3.320461e-01	2.727006e-01	2.707865e+00
1747	3.337211e-01	2.550408e-01	2.856375e+00
1749	4.753668e-01	1.761220e-01	1.605765e+00
1750	3.525064e-01	2.235984e-01	1.273571e+00
1751	1.089663e-01	8.137856e-02	2.294577e+00
1752	3.621258e-01	2.501618e-01	2.261358e+00
1753	3.811379e-01	2.506445e-01	2.146067e+00
1754	3.795463e-01	2.660603e-01	1.349780e+00
1756	3.354019e-01	2.167032e-01	1.849047e+00
1757	3.894459e-01	2.203836e-01	2.970689e+00
1758	3.965594e-01	2.854932e-01	1.912555e+00
1759	3.650935e-01	2.681451e-01	2.725452e+00
1760	3.863866e-01	2.070791e-01	2.416707e+00
1761	3.753163e-01	2.696650e-01	2.902296e+00
1762	3.787704e-01	2.207239e-01	1.231558e+00
1763	3.431721e-01	2.949578e-01	2.010259e+00
1764	4.275629e-01	2.620528e-01	1.864680e+00
1765	3.306967e-01	2.760693e-01	1.401563e+00
1766	4.017274e-01	2.381856e-01	1.619443e+00
1767	5.722835e-01	5.000965e-01	2.412799e+00
1769	3.929066e-01	2.973452e-01	2.468490e+00
1770	4.153607e-01	2.926575e-01	2.504641e+00
1771	3.702909e-01	2.472240e-01	1.830484e+00
1772	3.507042e-01	2.717455e-01	2.949194e+00
1773	3.647080e-01	2.573583e-01	2.943332e+00
1774	3.696336e-01	2.783021e-01	2.629702e+00
1775	3.376926e-01	3.168621e-01	1.385931e+00
1776	4.087632e-01	1.908433e-01	1.112360e+00
1777	3.553094e-01	2.960560e-01	1.168051e+00
1778	3.517124e-01	1.883842e-01	1.044944e+00
1779	2.402691e-01	4.096334e-01	1.571568e+00
1781	3.102908e-01	3.051391e-01	1.047875e+00
1784	3.550686e-01	1.869809e-01	1.018564e+00
1785	3.316171e-01	2.984053e-01	1.857841e+00
1786	3.182831e-01	2.961705e-01	1.878359e+00
1787	3.844444e-01	2.658918e-01	2.875916e+00
1788	3.633100e-01	2.513876e-01	1.488520e+00
1789	3.800589e-01	2.614338e-01	2.688324e+00
1790	3.035739e-01	3.340848e-01	2.486077e+00
1791	5.352383e-01	2.697607e-01	2.162677e+00
1792	2.708850e-01	1.363125e-01	1.360528e+00
1794	4.065544e-01	2.941909e-01	1.508061e+00
1795	2.957278e-01	1.713201e-01	2.316072e+00
1796	3.213832e-01	3.001204e-01	2.488031e+00
1798	3.709676e-01	3.057180e-01	1.824621e+00
1799	4.636767e-01	3.564599e-01	1.745481e+00
1800	3.598341e-01	2.743960e-01	1.765999e+00
1801	3.397020e-01	3.709807e-01	1.366390e+00
1802	3.516299e-01	3.115264e-01	2.291646e+00
1803	3.386813e-01	2.531893e-01	1.470933e+00
1804	3.800681e-01	2.599893e-01	1.059599e+00
1805	3.560033e-01	2.237406e-01	2.897411e+00
1806	2.893135e-01	3.078221e-01	1.231558e+00
1807	3.611815e-01	3.514906e-01	2.143136e+00
1808	3.494333e-01	2.086049e-01	1.388862e+00
1809	2.859599e-01	3.310313e-01	1.999511e+00
1811	3.599971e-01	3.393431e-01	1.197362e+00
1812	2.476136e-01	3.192357e-01	2.679531e+00
1813	3.789614e-01	2.282025e-01	2.245725e+00
1814	3.450872e-01	3.836726e-01	1.915486e+00
1815	3.544155e-01	1.883927e-01	2.346361e+00
1818	3.876272e-01	2.683413e-01	2.955056e+00
1819	3.995152e-01	2.403236e-01	1.663410e+00
1820	3.989814e-01	1.525569e-01	2.957010e+00
1821	4.190574e-01	3.099748e-01	2.559355e+00
1822	2.868772e-01	2.860639e-01	2.618955e+00
1823	3.570394e-01	2.510442e-01	1.780655e+00
1824	3.768121e-01	1.607367e-01	2.787982e+00
1827	2.541372e-01	3.292096e-01	1.476795e+00
1828	3.859285e-01	2.552618e-01	1.010747e+00
1829	3.548490e-01	2.836764e-01	1.276502e+00
1831	3.327839e-01	2.923589e-01	1.608696e+00
1833	3.759523e-01	2.155519e-01	1.189546e+00
1834	3.841054e-01	2.475329e-01	2.732291e+00
1835	4.076050e-01	2.487397e-01	2.303371e+00
1836	3.342884e-01	2.958328e-01	2.413776e+00
1837	3.796356e-01	2.360362e-01	2.876893e+00
1838	3.277924e-01	3.828874e-01	2.563263e+00
1839	2.420782e-01	3.115594e-01	2.039570e+00
1840	4.054833e-01	2.599085e-01	1.436737e+00
1841	3.808769e-01	2.291511e-01	1.738642e+00
1842	3.620294e-01	2.949686e-01	2.044455e+00
1845	4.083195e-01	2.585300e-01	2.982413e+00
1846	3.203440e-01	2.567706e-01	1.203224e+00
1847	4.533731e-01	2.499521e-01	2.955056e+00
1848	4.039551e-01	2.495772e-01	1.524670e+00
1850	4.022891e-01	2.948934e-01	1.996580e+00
1851	3.326300e-01	2.386037e-01	2.945286e+00
1852	3.168659e-01	2.047710e-01	1.991695e+00
1853	3.308716e-01	3.191752e-01	2.442110e+00
1854	3.547217e-01	2.523257e-01	1.477772e+00
1855	3.528813e-01	2.577739e-01	2.906204e+00
1856	3.855498e-01	2.940792e-01	1.423058e+00
1857	3.463800e-01	2.645713e-01	2.446019e+00
1858	3.586264e-01	3.022840e-01	2.860283e+00
1859	3.538256e-01	1.895415e-01	1.522716e+00
1860	4.284333e-01	2.116678e-01	1.331216e+00
1861	4.413911e-01	3.311289e-01	2.446019e+00
1862	2.669120e-01	2.340383e-01	2.095261e+00
1863	3.230107e-01	2.244698e-01	1.073278e+00
1864	4.605388e-01	1.342759e-01	2.543723e+00
1865	3.485496e-01	2.628701e-01	2.876893e+00
1866	1.884178e-01	2.254616e-01	2.031754e+00
1867	1.199143e-01	7.918304e-02	1.949682e+00
1869	4.051982e-01	2.508390e-01	1.577430e+00
1870	3.507162e-01	2.374006e-01	1.871519e+00
1871	3.406049e-01	2.611308e-01	2.033708e+00
1873	2.726090e-01	3.275838e-01	1.762091e+00
1876	3.742718e-01	2.920528e-01	2.788959e+00
1877	3.740183e-01	2.178648e-01	2.095261e+00
1878	4.818007e-01	2.664494e-01	1.627259e+00
1879	3.475883e-01	3.274006e-01	1.503175e+00
1880	3.341612e-01	3.105524e-01	1.068393e+00
1881	3.217675e-01	3.322008e-01	1.710308e+00
1883	3.471127e-01	3.140916e-01	2.123596e+00
1885	3.406017e-01	2.514353e-01	2.962872e+00
1886	3.424191e-01	1.864426e-01	1.183683e+00
1888	3.483737e-01	3.018163e-01	2.475330e+00
1889	3.325844e-01	2.869480e-01	1.297020e+00
1890	1.730551e-01	3.020080e-01	1.260870e+00
1891	2.916754e-01	3.585411e-02	1.263801e+00
1893	3.235493e-01	2.782177e-01	1.933073e+00
1894	3.978212e-01	2.668908e-01	1.526624e+00
1895	3.480077e-01	2.798705e-01	1.105520e+00
1896	3.599504e-01	2.156448e-01	2.816317e+00
1897	2.880606e-01	3.718580e-01	2.696141e+00
1898	4.535660e-01	2.416286e-01	1.474841e+00
1899	2.948889e-01	1.769968e-01	2.859306e+00
1900	3.823714e-01	2.322963e-01	1.519785e+00
1901	3.634045e-01	2.754125e-01	2.446019e+00
1902	4.004983e-01	1.263006e-01	1.817782e+00
1903	3.483829e-01	2.464792e-01	1.013679e+00
1904	3.917251e-01	3.240747e-01	1.638007e+00
1905	3.451409e-01	2.894707e-01	2.997069e+00
1906	4.524704e-01	2.115727e-01	1.389839e+00
1907	4.240252e-01	3.699009e-01	1.948705e+00
1908	4.217659e-01	3.118438e-01	2.619932e+00
1909	3.862461e-01	1.522820e-01	2.633610e+00
1910	4.161361e-01	2.077876e-01	2.318026e+00
1911	3.287771e-01	2.525184e-01	1.742550e+00
1912	4.999878e-01	1.549888e-01	1.553981e+00
1913	3.278926e-01	1.425363e-01	2.149976e+00
1914	3.523741e-01	3.550919e-01	2.257450e+00
1916	3.674132e-01	2.719338e-01	1.829507e+00
1917	3.758902e-01	3.020975e-01	1.479726e+00
1918	2.929651e-01	1.503767e-01	1.658525e+00
1919	1.961492e-01	3.494157e-01	2.940401e+00
1921	3.906651e-01	2.271424e-01	1.195408e+00
1924	3.303467e-01	2.837095e-01	2.025892e+00
1925	3.761444e-01	3.129682e-01	2.963850e+00
1926	3.856437e-01	1.824311e-01	1.262824e+00
1927	3.921715e-01	3.292124e-01	2.477284e+00
1928	3.385119e-01	1.999078e-01	2.143136e+00
1929	3.601942e-01	2.739186e-01	2.845628e+00
1930	3.778757e-01	3.160108e-01	2.635564e+00
1931	3.795217e-01	2.884827e-01	1.175867e+00
1932	3.196574e-01	4.103993e-01	1.395701e+00
1933	3.854743e-01	2.648946e-01	1.111383e+00
1935	5.867750e-01	1.820805e-01	1.350757e+00
1936	3.477413e-01	2.472884e-01	2.987298e+00
1937	2.277353e-01	3.561472e-01	2.147044e+00
1938	2.934580e-01	9.581824e-02	2.690278e+00
1939	1.541799e-01	3.152203e-01	1.000000e+00
1940	4.974770e-01	1.019029e-01	1.562775e+00
1942	3.315895e-01	3.089688e-01	1.668295e+00
1943	4.340796e-01	1.493095e-01	2.642404e+00
1944	3.221652e-01	3.081331e-01	2.163654e+00
1945	3.939183e-01	2.582544e-01	1.211041e+00
1946	3.039075e-01	2.929416e-01	1.884221e+00
1947	3.429633e-01	2.415318e-01	2.262335e+00
1948	6.019903e-01	6.056235e-02	2.043478e+00
1949	3.127474e-01	2.531741e-01	1.333170e+00
1950	3.506521e-01	3.082722e-01	2.424524e+00
1951	3.368763e-01	2.292359e-01	1.144602e+00
1952	3.637526e-01	2.610999e-01	2.230093e+00
1953	4.157383e-01	2.117932e-01	2.595506e+00
1954	3.656590e-01	2.385456e-01	2.329751e+00
1955	3.390477e-01	1.578318e-01	2.636541e+00
1956	4.317908e-01	2.347207e-01	2.558378e+00
1957	2.664741e-01	3.505729e-01	1.717147e+00
1958	2.854290e-01	2.122969e-01	2.232047e+00
1959	2.207040e-01	3.592829e-02	1.036150e+00
1960	3.601639e-01	3.873549e-01	2.845628e+00
1961	3.300346e-01	2.459483e-01	2.192965e+00
1962	3.828439e-01	2.617096e-01	1.635076e+00
1963	3.094898e-01	2.913238e-01	1.007816e+00
1964	3.817906e-01	2.830425e-01	2.829018e+00
1965	3.412801e-01	2.508334e-01	2.870054e+00
1966	3.745882e-01	2.019507e-01	2.025892e+00
1967	4.140272e-01	2.782106e-01	1.664387e+00
1968	3.973750e-01	3.036244e-01	2.305325e+00
1969	4.954593e-01	2.443480e-01	2.175379e+00
1970	5.989728e-01	4.874217e-01	2.854421e+00
1971	4.295738e-01	3.475766e-01	1.525647e+00
1972	3.639167e-01	1.589976e-01	2.506595e+00
1973	5.105983e-01	3.335197e-01	2.637518e+00
1974	3.740442e-01	2.376392e-01	2.601368e+00
1975	3.283725e-01	2.982928e-01	2.133366e+00
1976	3.440346e-01	2.961127e-01	2.921837e+00
1977	5.473187e-01	2.155118e-01	1.173913e+00
1978	3.270917e-01	2.929113e-01	1.781632e+00
1979	4.416490e-01	2.714503e-01	1.233512e+00
1980	1.800663e-01	5.521102e-01	1.523693e+00
1981	3.317014e-01	3.097184e-01	2.863214e+00
1983	3.659734e-01	2.374649e-01	2.804592e+00
1984	3.607328e-01	2.111145e-01	1.785540e+00
1986	3.376137e-01	2.980552e-01	2.790914e+00
1987	4.737320e-01	6.835221e-02	1.049829e+00
1988	3.248088e-01	1.396449e-01	2.826087e+00
1989	3.420202e-01	2.952500e-01	1.035173e+00
1990	3.972375e-01	2.584681e-01	2.361016e+00
1991	4.452807e-01	1.959282e-01	1.872496e+00
1992	3.587886e-01	5.708522e-02	2.494871e+00
1993	5.063723e-01	2.367489e-01	2.837811e+00
1994	4.851217e-01	2.381522e-01	2.229116e+00
1995	4.249244e-01	2.529482e-01	1.886175e+00
1996	3.420100e-01	2.684370e-01	1.172936e+00
1997	3.525054e-01	3.111510e-01	2.301417e+00
1998	2.450461e-01	2.723153e-01	2.276014e+00
1999	4.310986e-01	3.731755e-01	2.713727e+00
